2024-08-21 17:15:45.491 parsl:914 3989558 MainThread [INFO]  Python version: 3.11.8 | packaged by conda-forge | (main, Feb 16 2024, 20:53:32) [GCC 12.3.0]
2024-08-21 17:15:45.492 parsl:915 3989558 MainThread [INFO]  Debug logging: False
2024-08-21 17:15:45.492 parsl:916 3989558 MainThread [INFO]  Certificates dir: None
2024-08-21 17:15:45.492 parsl:917 3989558 MainThread [INFO]  Log dir: /home/viralss2/nekRS-ML_MSR/examples/parsl_MSR_smartsim/runinfo/072/HighThroughputExecutor
2024-08-21 17:15:45.492 parsl:918 3989558 MainThread [INFO]  Manager ID: 6fd56465992a
2024-08-21 17:15:45.492 parsl:919 3989558 MainThread [INFO]  Block ID: 0
2024-08-21 17:15:45.492 parsl:920 3989558 MainThread [INFO]  cores_per_worker: 1.0
2024-08-21 17:15:45.493 parsl:921 3989558 MainThread [INFO]  mem_per_worker: None
2024-08-21 17:15:45.493 parsl:922 3989558 MainThread [INFO]  task_port: 54703
2024-08-21 17:15:45.493 parsl:923 3989558 MainThread [INFO]  result_port: 54201
2024-08-21 17:15:45.493 parsl:924 3989558 MainThread [INFO]  addresses: 10.140.56.175
2024-08-21 17:15:45.493 parsl:925 3989558 MainThread [INFO]  max_workers_per_node: inf
2024-08-21 17:15:45.493 parsl:926 3989558 MainThread [INFO]  poll_period: 10
2024-08-21 17:15:45.493 parsl:927 3989558 MainThread [INFO]  address_probe_timeout: 30
2024-08-21 17:15:45.493 parsl:928 3989558 MainThread [INFO]  Prefetch capacity: 0
2024-08-21 17:15:45.493 parsl:929 3989558 MainThread [INFO]  Heartbeat threshold: 120
2024-08-21 17:15:45.493 parsl:930 3989558 MainThread [INFO]  Heartbeat period: 30
2024-08-21 17:15:45.493 parsl:931 3989558 MainThread [INFO]  Drain period: None
2024-08-21 17:15:45.493 parsl:932 3989558 MainThread [INFO]  CPU affinity: block-reverse
2024-08-21 17:15:45.493 parsl:933 3989558 MainThread [INFO]  Accelerators: 0,1,2,3
2024-08-21 17:15:45.493 parsl:934 3989558 MainThread [INFO]  enable_mpi_mode: False
2024-08-21 17:15:45.493 parsl:935 3989558 MainThread [INFO]  mpi_launcher: mpiexec
2024-08-21 17:15:45.493 parsl:151 3989558 MainThread [INFO]  Manager initializing
2024-08-21 17:15:45.504 parsl.executors.high_throughput.probe:49 3989558 MainThread [INFO]  Connected to interchange on 10.140.56.175
2024-08-21 17:15:45.504 parsl:160 3989558 MainThread [INFO]  Connection to Interchange successful on 10.140.56.175
2024-08-21 17:15:45.504 parsl:163 3989558 MainThread [INFO]  Task url : tcp://10.140.56.175:54703
2024-08-21 17:15:45.504 parsl:164 3989558 MainThread [INFO]  Result url : tcp://10.140.56.175:54201
2024-08-21 17:15:45.504 parsl:183 3989558 MainThread [INFO]  Manager connected to interchange
2024-08-21 17:15:46.102 parsl:254 3989558 MainThread [INFO]  Manager will spawn 1 workers
2024-08-21 17:15:46.104 parsl:306 3989558 Task-Puller [INFO]  starting
2024-08-21 17:15:46.105 parsl:536 3989558 MainThread [INFO]  Manager threads started
2024-08-21 17:16:16.110 parsl:418 3989558 Result-Pusher [INFO]  Sending heartbeat via results connection: last_result_beat=1724260546.104821 heartbeat_period=30 seconds
2024-08-21 17:16:46.119 parsl:418 3989558 Result-Pusher [INFO]  Sending heartbeat via results connection: last_result_beat=1724260576.1104264 heartbeat_period=30 seconds
2024-08-21 17:17:16.119 parsl:418 3989558 Result-Pusher [INFO]  Sending heartbeat via results connection: last_result_beat=1724260606.119129 heartbeat_period=30 seconds
2024-08-21 17:17:46.129 parsl:418 3989558 Result-Pusher [INFO]  Sending heartbeat via results connection: last_result_beat=1724260636.1198344 heartbeat_period=30 seconds
2024-08-21 17:18:16.136 parsl:418 3989558 Result-Pusher [INFO]  Sending heartbeat via results connection: last_result_beat=1724260666.1297085 heartbeat_period=30 seconds
2024-08-21 17:18:46.144 parsl:418 3989558 Result-Pusher [INFO]  Sending heartbeat via results connection: last_result_beat=1724260696.1370492 heartbeat_period=30 seconds
2024-08-21 17:19:16.146 parsl:418 3989558 Result-Pusher [INFO]  Sending heartbeat via results connection: last_result_beat=1724260726.1448247 heartbeat_period=30 seconds
2024-08-21 17:19:46.151 parsl:418 3989558 Result-Pusher [INFO]  Sending heartbeat via results connection: last_result_beat=1724260756.1465347 heartbeat_period=30 seconds
2024-08-21 17:20:16.158 parsl:418 3989558 Result-Pusher [INFO]  Sending heartbeat via results connection: last_result_beat=1724260786.1515954 heartbeat_period=30 seconds
2024-08-21 17:20:46.163 parsl:418 3989558 Result-Pusher [INFO]  Sending heartbeat via results connection: last_result_beat=1724260816.1585305 heartbeat_period=30 seconds
2024-08-21 17:21:16.166 parsl:418 3989558 Result-Pusher [INFO]  Sending heartbeat via results connection: last_result_beat=1724260846.1638296 heartbeat_period=30 seconds
2024-08-21 17:21:46.173 parsl:418 3989558 Result-Pusher [INFO]  Sending heartbeat via results connection: last_result_beat=1724260876.166511 heartbeat_period=30 seconds
