1724114612.431255 2024-08-20 00:43:32 MainProcess-2145306 MainThread-22675946877120 parsl.dataflow.dflow:175 _log INFO: Starting DataFlowKernel with config
Config(
    app_cache=True, 
    checkpoint_files=None, 
    checkpoint_mode=None, 
    checkpoint_period=None, 
    dependency_resolver=None, 
    executors=(HighThroughputExecutor(
        address='10.140.56.174', 
        address_probe_timeout=None, 
        available_accelerators=['0,1,2,3'], 
        block_error_handler=<function simple_error_handler at 0x149d9cd2a8e0>, 
        cores_per_worker=1.0, 
        cpu_affinity='block-reverse', 
        drain_period=None, 
        enable_mpi_mode=False, 
        encrypted=False, 
        heartbeat_period=30, 
        heartbeat_threshold=120, 
        interchange_launch_cmd=['interchange.py'], 
        interchange_port_range=(55000, 56000), 
        label='HighThroughputExecutor', 
        launch_cmd='process_worker_pool.py {debug} {max_workers_per_node} -a {addresses} -p {prefetch_capacity} -c {cores_per_worker} -m {mem_per_worker} --poll {poll_period} --task_port={task_port} --result_port={result_port} --cert_dir {cert_dir} --logdir={logdir} --block_id={{block_id}} --hb_period={heartbeat_period} {address_probe_timeout_string} --hb_threshold={heartbeat_threshold} --drain_period={drain_period} --cpu-affinity {cpu_affinity} {enable_mpi_mode} --mpi-launcher={mpi_launcher} --available-accelerators {accelerators}', 
        manager_selector=<parsl.executors.high_throughput.manager_selector.RandomManagerSelector object at 0x149d9cd3a3d0>, 
        max_workers=inf, 
        max_workers_per_node=inf, 
        mem_per_worker=None, 
        mpi_launcher='mpiexec', 
        poll_period=10, 
        prefetch_capacity=0, 
        provider=LocalProvider(
            channel=LocalChannel(
                envs={}, 
                script_dir=None, 
                userhome='/home/viralss2/nekRS-ML_MSR/examples/parsl_MSR_smartsim'
            ), 
            cmd_timeout=30, 
            init_blocks=1, 
            launcher=SingleNodeLauncher(debug=True, fail_on_any=False), 
            max_blocks=1, 
            min_blocks=0, 
            move_files=None, 
            nodes_per_block=1, 
            parallelism=1, 
            worker_init='source /home/viralss2/ALCF_Hands_on_HPC_Workshop/workflows/parsl/launch_eg/set_run_env;\n                            cd /home/viralss2/nekRS-ML_MSR/examples/parsl_MSR_smartsim'
        ), 
        storage_access=None, 
        worker_debug=False, 
        worker_logdir_root=None, 
        worker_port_range=(54000, 55000), 
        worker_ports=None, 
        working_dir=None
    ),), 
    exit_mode='cleanup', 
    garbage_collect=True, 
    initialize_logging=True, 
    internal_tasks_max_threads=10, 
    max_idletime=120.0, 
    monitoring=None, 
    retries=1, 
    retry_handler=None, 
    run_dir='runinfo', 
    std_autopath=None, 
    strategy='simple', 
    strategy_period=5, 
    usage_tracking=0
)
1724114612.432707 2024-08-20 00:43:32 MainProcess-2145306 MainThread-22675946877120 parsl.dataflow.dflow:175 _log INFO: Parsl version: 2024.08.05
1724114612.432793 2024-08-20 00:43:32 MainProcess-2145306 MainThread-22675946877120 parsl.usage_tracking.usage:175 _log DEBUG: Tracking level: 0
1724114612.432870 2024-08-20 00:43:32 MainProcess-2145306 MainThread-22675946877120 parsl.dataflow.dflow:175 _log INFO: Run id is: 48efbbad-f331-4936-8516-8e748a161d2a
1724114612.539087 2024-08-20 00:43:32 MainProcess-2145306 MainThread-22675946877120 parsl.dataflow.dflow:175 _log DEBUG: Considering candidate for workflow name: /home/viralss2/SSML/lib/python3.11/site-packages/parsl/dataflow/dflow.py
1724114612.539155 2024-08-20 00:43:32 MainProcess-2145306 MainThread-22675946877120 parsl.dataflow.dflow:175 _log DEBUG: Considering candidate for workflow name: /soft/applications/conda/2024-04-29/mconda3/lib/python3.11/site-packages/typeguard/__init__.py
1724114612.539205 2024-08-20 00:43:32 MainProcess-2145306 MainThread-22675946877120 parsl.dataflow.dflow:175 _log DEBUG: Considering candidate for workflow name: /home/viralss2/SSML/lib/python3.11/site-packages/parsl/dataflow/dflow.py
1724114612.539270 2024-08-20 00:43:32 MainProcess-2145306 MainThread-22675946877120 parsl.dataflow.dflow:175 _log DEBUG: Considering candidate for workflow name: /soft/applications/conda/2024-04-29/mconda3/lib/python3.11/site-packages/typeguard/__init__.py
1724114612.539325 2024-08-20 00:43:32 MainProcess-2145306 MainThread-22675946877120 parsl.dataflow.dflow:175 _log DEBUG: Considering candidate for workflow name: /home/viralss2/nekRS-ML_MSR/examples/parsl_MSR_smartsim/ssim_driver_polaris.py
1724114612.539366 2024-08-20 00:43:32 MainProcess-2145306 MainThread-22675946877120 parsl.dataflow.dflow:175 _log DEBUG: Using ssim_driver_polaris.py as workflow name
1724114612.539491 2024-08-20 00:43:32 MainProcess-2145306 MainThread-22675946877120 parsl.dataflow.memoization:175 _log INFO: App caching initialized
1724114612.539547 2024-08-20 00:43:32 MainProcess-2145306 MainThread-22675946877120 parsl.jobs.strategy:175 _log DEBUG: Scaling strategy: simple
1724114612.543903 2024-08-20 00:43:32 MainProcess-2145306 MainThread-22675946877120 parsl.executors.high_throughput.executor:175 _log DEBUG: Starting result queue thread
1724114612.544126 2024-08-20 00:43:32 MainProcess-2145306 HTEX-Result-Queue-Thread-22666954135296 parsl.executors.high_throughput.executor:175 _log DEBUG: Result queue worker starting
1724114612.544201 2024-08-20 00:43:32 MainProcess-2145306 MainThread-22675946877120 parsl.executors.high_throughput.executor:175 _log DEBUG: Started result queue thread
1724114612.544244 2024-08-20 00:43:32 MainProcess-2145306 HTEX-Result-Queue-Thread-22666954135296 parsl.executors.high_throughput.zmq_pipes:175 _log DEBUG: Waiting for ResultsIncoming message
1724114612.545107 2024-08-20 00:43:32 MainProcess-2145306 MainThread-22675946877120 parsl.executors.high_throughput.executor:175 _log DEBUG: Popened interchange process. Writing config object
1724114612.545173 2024-08-20 00:43:32 MainProcess-2145306 MainThread-22675946877120 parsl.executors.high_throughput.executor:175 _log DEBUG: Sent config object. Requesting worker ports
1724114612.545216 2024-08-20 00:43:32 MainProcess-2145306 MainThread-22675946877120 parsl.executors.high_throughput.zmq_pipes:175 _log DEBUG: Sending command client command
1724114613.079934 2024-08-20 00:43:33 MainProcess-2145306 MainThread-22675946877120 parsl.executors.high_throughput.zmq_pipes:175 _log DEBUG: Polling for command client response or timeout
1724114613.081523 2024-08-20 00:43:33 MainProcess-2145306 MainThread-22675946877120 parsl.executors.high_throughput.zmq_pipes:175 _log DEBUG: Receiving command client response
1724114613.081578 2024-08-20 00:43:33 MainProcess-2145306 MainThread-22675946877120 parsl.executors.high_throughput.zmq_pipes:175 _log DEBUG: Received command client response
1724114613.081618 2024-08-20 00:43:33 MainProcess-2145306 MainThread-22675946877120 parsl.executors.high_throughput.executor:175 _log DEBUG: Got worker ports
1724114613.081653 2024-08-20 00:43:33 MainProcess-2145306 MainThread-22675946877120 parsl.executors.high_throughput.executor:175 _log DEBUG: Created result queue thread: <Thread(HTEX-Result-Queue-Thread, started daemon 22666954135296)>
1724114613.081866 2024-08-20 00:43:33 MainProcess-2145306 MainThread-22675946877120 parsl.executors.high_throughput.executor:175 _log DEBUG: Launch command: process_worker_pool.py   -a 10.140.56.174 -p 0 -c 1.0 -m None --poll 10 --task_port=54549 --result_port=54569 --cert_dir None --logdir=/home/viralss2/nekRS-ML_MSR/examples/parsl_MSR_smartsim/runinfo/040/HighThroughputExecutor --block_id={block_id} --hb_period=30  --hb_threshold=120 --drain_period=None --cpu-affinity block-reverse  --mpi-launcher=mpiexec --available-accelerators 0,1,2,3
1724114613.081904 2024-08-20 00:43:33 MainProcess-2145306 MainThread-22675946877120 parsl.executors.high_throughput.executor:175 _log DEBUG: Starting HighThroughputExecutor with provider:
LocalProvider(
    channel=LocalChannel(
        envs={}, 
        script_dir='/home/viralss2/nekRS-ML_MSR/examples/parsl_MSR_smartsim/runinfo/040/submit_scripts', 
        userhome='/home/viralss2/nekRS-ML_MSR/examples/parsl_MSR_smartsim'
    ), 
    cmd_timeout=30, 
    init_blocks=1, 
    launcher=SingleNodeLauncher(debug=True, fail_on_any=False), 
    max_blocks=1, 
    min_blocks=0, 
    move_files=None, 
    nodes_per_block=1, 
    parallelism=1, 
    worker_init='source /home/viralss2/ALCF_Hands_on_HPC_Workshop/workflows/parsl/launch_eg/set_run_env;\n                            cd /home/viralss2/nekRS-ML_MSR/examples/parsl_MSR_smartsim'
)
1724114613.082188 2024-08-20 00:43:33 MainProcess-2145306 MainThread-22675946877120 parsl.jobs.job_status_poller:175 _log DEBUG: Adding executor HighThroughputExecutor
1724114617.539893 2024-08-20 00:43:37 MainProcess-2145306 JobStatusPoller-Timer-Thread-22667172334608-22667171964672 parsl.executors.high_throughput.zmq_pipes:175 _log DEBUG: Sending command client command
1724114617.540056 2024-08-20 00:43:37 MainProcess-2145306 JobStatusPoller-Timer-Thread-22667172334608-22667171964672 parsl.executors.high_throughput.zmq_pipes:175 _log DEBUG: Receiving command client response
1724114617.540257 2024-08-20 00:43:37 MainProcess-2145306 JobStatusPoller-Timer-Thread-22667172334608-22667171964672 parsl.executors.high_throughput.zmq_pipes:175 _log DEBUG: Received command client response
1724114617.540324 2024-08-20 00:43:37 MainProcess-2145306 JobStatusPoller-Timer-Thread-22667172334608-22667171964672 parsl.jobs.strategy:175 _log DEBUG: general strategy starting with strategy_type simple for 1 executors
1724114617.540364 2024-08-20 00:43:37 MainProcess-2145306 JobStatusPoller-Timer-Thread-22667172334608-22667171964672 parsl.jobs.strategy:175 _log DEBUG: Strategizing for executor HighThroughputExecutor
1724114617.540400 2024-08-20 00:43:37 MainProcess-2145306 JobStatusPoller-Timer-Thread-22667172334608-22667171964672 parsl.jobs.strategy:175 _log DEBUG: Scaling out 1 initial blocks for HighThroughputExecutor
1724114617.540440 2024-08-20 00:43:37 MainProcess-2145306 JobStatusPoller-Timer-Thread-22667172334608-22667171964672 parsl.executors.status_handling:175 _log INFO: Scaling out by 1 blocks
1724114617.540481 2024-08-20 00:43:37 MainProcess-2145306 JobStatusPoller-Timer-Thread-22667172334608-22667171964672 parsl.executors.status_handling:175 _log INFO: Allocated block ID 0
1724114617.540524 2024-08-20 00:43:37 MainProcess-2145306 JobStatusPoller-Timer-Thread-22667172334608-22667171964672 parsl.executors.status_handling:175 _log DEBUG: Submitting to provider with job_name parsl.HighThroughputExecutor.block-0
1724114617.543190 2024-08-20 00:43:37 MainProcess-2145306 JobStatusPoller-Timer-Thread-22667172334608-22667171964672 parsl.providers.local.local:175 _log DEBUG: Launching
1724114617.543404 2024-08-20 00:43:37 MainProcess-2145306 JobStatusPoller-Timer-Thread-22667172334608-22667171964672 parsl.channels.local.local:175 _log DEBUG: Creating process with command '/bin/bash -c 'echo - >/home/viralss2/nekRS-ML_MSR/examples/parsl_MSR_smartsim/runinfo/040/submit_scripts/parsl.HighThroughputExecutor.block-0.1724114617.5406344.sh.ec && { { bash /home/viralss2/nekRS-ML_MSR/examples/parsl_MSR_smartsim/runinfo/040/submit_scripts/parsl.HighThroughputExecutor.block-0.1724114617.5406344.sh 1>/home/viralss2/nekRS-ML_MSR/examples/parsl_MSR_smartsim/runinfo/040/submit_scripts/parsl.HighThroughputExecutor.block-0.1724114617.5406344.sh.out 2>/home/viralss2/nekRS-ML_MSR/examples/parsl_MSR_smartsim/runinfo/040/submit_scripts/parsl.HighThroughputExecutor.block-0.1724114617.5406344.sh.err ; echo $? > /home/viralss2/nekRS-ML_MSR/examples/parsl_MSR_smartsim/runinfo/040/submit_scripts/parsl.HighThroughputExecutor.block-0.1724114617.5406344.sh.ec ; } >/dev/null 2>&1 & echo "PID:$!" ; }''
1724114617.556190 2024-08-20 00:43:37 MainProcess-2145306 JobStatusPoller-Timer-Thread-22667172334608-22667171964672 parsl.channels.local.local:175 _log DEBUG: Created process with pid 2145591. Performing communicate
1724114617.564796 2024-08-20 00:43:37 MainProcess-2145306 JobStatusPoller-Timer-Thread-22667172334608-22667171964672 parsl.channels.local.local:175 _log DEBUG: Process 2145591 returned 0
1724114617.564899 2024-08-20 00:43:37 MainProcess-2145306 JobStatusPoller-Timer-Thread-22667172334608-22667171964672 parsl.channels.local.local:175 _log DEBUG: Execution of command in process 2145591 completed normally
1724114617.565039 2024-08-20 00:43:37 MainProcess-2145306 JobStatusPoller-Timer-Thread-22667172334608-22667171964672 parsl.executors.status_handling:175 _log DEBUG: Launched block 0 on executor HighThroughputExecutor with job ID 2145592
1724114617.565126 2024-08-20 00:43:37 MainProcess-2145306 JobStatusPoller-Timer-Thread-22667172334608-22667171964672 parsl.executors.high_throughput.zmq_pipes:175 _log DEBUG: Sending command client command
1724114617.565211 2024-08-20 00:43:37 MainProcess-2145306 JobStatusPoller-Timer-Thread-22667172334608-22667171964672 parsl.executors.high_throughput.zmq_pipes:175 _log DEBUG: Receiving command client response
1724114617.565345 2024-08-20 00:43:37 MainProcess-2145306 JobStatusPoller-Timer-Thread-22667172334608-22667171964672 parsl.executors.high_throughput.zmq_pipes:175 _log DEBUG: Received command client response
1724114617.565405 2024-08-20 00:43:37 MainProcess-2145306 JobStatusPoller-Timer-Thread-22667172334608-22667171964672 parsl.jobs.strategy:175 _log DEBUG: Slot ratio calculation: active_slots = 1, active_tasks = 0
1724114617.565446 2024-08-20 00:43:37 MainProcess-2145306 JobStatusPoller-Timer-Thread-22667172334608-22667171964672 parsl.executors.high_throughput.zmq_pipes:175 _log DEBUG: Sending command client command
1724114617.565490 2024-08-20 00:43:37 MainProcess-2145306 JobStatusPoller-Timer-Thread-22667172334608-22667171964672 parsl.executors.high_throughput.zmq_pipes:175 _log DEBUG: Receiving command client response
1724114617.565562 2024-08-20 00:43:37 MainProcess-2145306 JobStatusPoller-Timer-Thread-22667172334608-22667171964672 parsl.executors.high_throughput.zmq_pipes:175 _log DEBUG: Received command client response
1724114617.565604 2024-08-20 00:43:37 MainProcess-2145306 JobStatusPoller-Timer-Thread-22667172334608-22667171964672 parsl.executors.high_throughput.zmq_pipes:175 _log DEBUG: Sending command client command
1724114617.565647 2024-08-20 00:43:37 MainProcess-2145306 JobStatusPoller-Timer-Thread-22667172334608-22667171964672 parsl.executors.high_throughput.zmq_pipes:175 _log DEBUG: Receiving command client response
1724114617.565712 2024-08-20 00:43:37 MainProcess-2145306 JobStatusPoller-Timer-Thread-22667172334608-22667171964672 parsl.executors.high_throughput.zmq_pipes:175 _log DEBUG: Received command client response
1724114617.565753 2024-08-20 00:43:37 MainProcess-2145306 JobStatusPoller-Timer-Thread-22667172334608-22667171964672 parsl.jobs.strategy:175 _log DEBUG: Executor HighThroughputExecutor has 0 active tasks, 0/1 running/pending blocks, and 0 connected workers
1724114617.565788 2024-08-20 00:43:37 MainProcess-2145306 JobStatusPoller-Timer-Thread-22667172334608-22667171964672 parsl.jobs.strategy:175 _log DEBUG: Strategy case 1: Executor has no active tasks
1724114617.565821 2024-08-20 00:43:37 MainProcess-2145306 JobStatusPoller-Timer-Thread-22667172334608-22667171964672 parsl.jobs.strategy:175 _log DEBUG: Strategy case 1b: Executor has no active tasks, and more (1) than minimum blocks (0)
1724114617.565858 2024-08-20 00:43:37 MainProcess-2145306 JobStatusPoller-Timer-Thread-22667172334608-22667171964672 parsl.jobs.strategy:175 _log DEBUG: Starting idle timer for executor. If idle time exceeds 120.0s, blocks will be scaled in
1724114617.565903 2024-08-20 00:43:37 MainProcess-2145306 JobStatusPoller-Timer-Thread-22667172334608-22667171964672 parsl.jobs.strategy:175 _log DEBUG: Idle time 7.152557373046875e-07s is less than max_idletime 120.0s for executor HighThroughputExecutor; not scaling in
1724114617.565951 2024-08-20 00:43:37 MainProcess-2145306 JobStatusPoller-Timer-Thread-22667172334608-22667171964672 parsl.process_loggers:175 _log DEBUG: Normal ending for _general_strategy on thread JobStatusPoller-Timer-Thread-22667172334608
1724114622.566381 2024-08-20 00:43:42 MainProcess-2145306 JobStatusPoller-Timer-Thread-22667172334608-22667171964672 parsl.channels.local.local:175 _log DEBUG: Creating process with command 'ps -p 2145592 > /dev/null 2> /dev/null; echo "STATUS:$?" '
1724114622.575371 2024-08-20 00:43:42 MainProcess-2145306 JobStatusPoller-Timer-Thread-22667172334608-22667171964672 parsl.channels.local.local:175 _log DEBUG: Created process with pid 2145734. Performing communicate
1724114622.638972 2024-08-20 00:43:42 MainProcess-2145306 JobStatusPoller-Timer-Thread-22667172334608-22667171964672 parsl.channels.local.local:175 _log DEBUG: Process 2145734 returned 0
1724114622.639038 2024-08-20 00:43:42 MainProcess-2145306 JobStatusPoller-Timer-Thread-22667172334608-22667171964672 parsl.channels.local.local:175 _log DEBUG: Execution of command in process 2145734 completed normally
1724114622.640051 2024-08-20 00:43:42 MainProcess-2145306 JobStatusPoller-Timer-Thread-22667172334608-22667171964672 parsl.executors.high_throughput.zmq_pipes:175 _log DEBUG: Sending command client command
1724114622.640146 2024-08-20 00:43:42 MainProcess-2145306 JobStatusPoller-Timer-Thread-22667172334608-22667171964672 parsl.executors.high_throughput.zmq_pipes:175 _log DEBUG: Receiving command client response
1724114622.640353 2024-08-20 00:43:42 MainProcess-2145306 JobStatusPoller-Timer-Thread-22667172334608-22667171964672 parsl.executors.high_throughput.zmq_pipes:175 _log DEBUG: Received command client response
1724114622.640463 2024-08-20 00:43:42 MainProcess-2145306 JobStatusPoller-Timer-Thread-22667172334608-22667171964672 parsl.jobs.strategy:175 _log DEBUG: general strategy starting with strategy_type simple for 1 executors
1724114622.640504 2024-08-20 00:43:42 MainProcess-2145306 JobStatusPoller-Timer-Thread-22667172334608-22667171964672 parsl.jobs.strategy:175 _log DEBUG: Strategizing for executor HighThroughputExecutor
1724114622.640543 2024-08-20 00:43:42 MainProcess-2145306 JobStatusPoller-Timer-Thread-22667172334608-22667171964672 parsl.executors.high_throughput.zmq_pipes:175 _log DEBUG: Sending command client command
1724114622.640587 2024-08-20 00:43:42 MainProcess-2145306 JobStatusPoller-Timer-Thread-22667172334608-22667171964672 parsl.executors.high_throughput.zmq_pipes:175 _log DEBUG: Receiving command client response
1724114622.640707 2024-08-20 00:43:42 MainProcess-2145306 JobStatusPoller-Timer-Thread-22667172334608-22667171964672 parsl.executors.high_throughput.zmq_pipes:175 _log DEBUG: Received command client response
1724114622.640753 2024-08-20 00:43:42 MainProcess-2145306 JobStatusPoller-Timer-Thread-22667172334608-22667171964672 parsl.jobs.strategy:175 _log DEBUG: Slot ratio calculation: active_slots = 1, active_tasks = 0
1724114622.640793 2024-08-20 00:43:42 MainProcess-2145306 JobStatusPoller-Timer-Thread-22667172334608-22667171964672 parsl.executors.high_throughput.zmq_pipes:175 _log DEBUG: Sending command client command
1724114622.640838 2024-08-20 00:43:42 MainProcess-2145306 JobStatusPoller-Timer-Thread-22667172334608-22667171964672 parsl.executors.high_throughput.zmq_pipes:175 _log DEBUG: Receiving command client response
1724114622.640914 2024-08-20 00:43:42 MainProcess-2145306 JobStatusPoller-Timer-Thread-22667172334608-22667171964672 parsl.executors.high_throughput.zmq_pipes:175 _log DEBUG: Received command client response
1724114622.640955 2024-08-20 00:43:42 MainProcess-2145306 JobStatusPoller-Timer-Thread-22667172334608-22667171964672 parsl.executors.high_throughput.zmq_pipes:175 _log DEBUG: Sending command client command
1724114622.640997 2024-08-20 00:43:42 MainProcess-2145306 JobStatusPoller-Timer-Thread-22667172334608-22667171964672 parsl.executors.high_throughput.zmq_pipes:175 _log DEBUG: Receiving command client response
1724114622.641063 2024-08-20 00:43:42 MainProcess-2145306 JobStatusPoller-Timer-Thread-22667172334608-22667171964672 parsl.executors.high_throughput.zmq_pipes:175 _log DEBUG: Received command client response
1724114622.641102 2024-08-20 00:43:42 MainProcess-2145306 JobStatusPoller-Timer-Thread-22667172334608-22667171964672 parsl.jobs.strategy:175 _log DEBUG: Executor HighThroughputExecutor has 0 active tasks, 1/0 running/pending blocks, and 1 connected workers
1724114622.641148 2024-08-20 00:43:42 MainProcess-2145306 JobStatusPoller-Timer-Thread-22667172334608-22667171964672 parsl.jobs.strategy:175 _log DEBUG: Strategy case 1: Executor has no active tasks
1724114622.641184 2024-08-20 00:43:42 MainProcess-2145306 JobStatusPoller-Timer-Thread-22667172334608-22667171964672 parsl.jobs.strategy:175 _log DEBUG: Strategy case 1b: Executor has no active tasks, and more (1) than minimum blocks (0)
1724114622.641225 2024-08-20 00:43:42 MainProcess-2145306 JobStatusPoller-Timer-Thread-22667172334608-22667171964672 parsl.jobs.strategy:175 _log DEBUG: Idle time 5.075324058532715s is less than max_idletime 120.0s for executor HighThroughputExecutor; not scaling in
1724114622.641259 2024-08-20 00:43:42 MainProcess-2145306 JobStatusPoller-Timer-Thread-22667172334608-22667171964672 parsl.process_loggers:175 _log DEBUG: Normal ending for _general_strategy on thread JobStatusPoller-Timer-Thread-22667172334608
1724114623.318605 2024-08-20 00:43:43 MainProcess-2145306 MainThread-22675946877120 parsl.dataflow.dflow:175 _log DEBUG: Task 0 will be sent to executor HighThroughputExecutor
1724114623.318762 2024-08-20 00:43:43 MainProcess-2145306 MainThread-22675946877120 parsl.dataflow.dflow:175 _log DEBUG: Adding output dependencies
1724114623.318811 2024-08-20 00:43:43 MainProcess-2145306 MainThread-22675946877120 parsl.dataflow.dflow:175 _log DEBUG: Added output dependencies
1724114623.318853 2024-08-20 00:43:43 MainProcess-2145306 MainThread-22675946877120 parsl.dataflow.dflow:175 _log DEBUG: Gathering dependencies
1724114623.318978 2024-08-20 00:43:43 MainProcess-2145306 MainThread-22675946877120 parsl.dataflow.dflow:175 _log DEBUG: Gathered dependencies
1724114623.319025 2024-08-20 00:43:43 MainProcess-2145306 MainThread-22675946877120 parsl.dataflow.dflow:175 _log INFO: Task 0 submitted for App hello_affinity, not waiting on any dependency
1724114623.319082 2024-08-20 00:43:43 MainProcess-2145306 MainThread-22675946877120 parsl.dataflow.dflow:175 _log DEBUG: Task 0 set to pending state with AppFuture: <AppFuture at 0x149d9d4c7b90 state=pending>
1724114623.319453 2024-08-20 00:43:43 MainProcess-2145306 Dependency-Launch_0-22668261533440 parsl.dataflow.memoization:175 _log DEBUG: Task 0 will not be memoized
1724114623.319632 2024-08-20 00:43:43 MainProcess-2145306 Dependency-Launch_0-22668261533440 parsl.executors.high_throughput.executor:175 _log DEBUG: Pushing function <function hello_affinity at 0x149d9cc35e40> to queue with args ("Namespace(sim_nodes=1, db_nodes=1, simprocs_pn=4, simprocs=4, sim_cpu_bind='numa', sim_arguments='--...", "'pals'", "'10.201.0.169:6780'", "'x3203c0s1b1n0'", '<smartsim.experiment.Experiment object at 0x149da01b1c10>')
1724114623.323473 2024-08-20 00:43:43 MainProcess-2145306 Dependency-Launch_0-22668261533440 parsl.executors.high_throughput.zmq_pipes:175 _log DEBUG: Sending TasksOutgoing message
1724114623.323556 2024-08-20 00:43:43 MainProcess-2145306 Dependency-Launch_0-22668261533440 parsl.executors.high_throughput.zmq_pipes:175 _log DEBUG: Sent TasksOutgoing message
1724114623.323611 2024-08-20 00:43:43 MainProcess-2145306 Dependency-Launch_0-22668261533440 parsl.dataflow.dflow:175 _log INFO: Parsl task 0 try 0 launched on executor HighThroughputExecutor with executor id 1
1724114623.323660 2024-08-20 00:43:43 MainProcess-2145306 Dependency-Launch_0-22668261533440 parsl.dataflow.dflow:175 _log INFO: Standard out for task 0 will not be redirected.
1724114623.323700 2024-08-20 00:43:43 MainProcess-2145306 Dependency-Launch_0-22668261533440 parsl.dataflow.dflow:175 _log INFO: Standard error for task 0 will not be redirected.
1724114623.323743 2024-08-20 00:43:43 MainProcess-2145306 Dependency-Launch_0-22668261533440 parsl.process_loggers:175 _log DEBUG: Normal ending for _launch_if_ready_async on thread Dependency-Launch_0
1724114627.641588 2024-08-20 00:43:47 MainProcess-2145306 JobStatusPoller-Timer-Thread-22667172334608-22667171964672 parsl.channels.local.local:175 _log DEBUG: Creating process with command 'ps -p 2145592 > /dev/null 2> /dev/null; echo "STATUS:$?" '
1724114627.650947 2024-08-20 00:43:47 MainProcess-2145306 JobStatusPoller-Timer-Thread-22667172334608-22667171964672 parsl.channels.local.local:175 _log DEBUG: Created process with pid 2145743. Performing communicate
1724114627.714208 2024-08-20 00:43:47 MainProcess-2145306 JobStatusPoller-Timer-Thread-22667172334608-22667171964672 parsl.channels.local.local:175 _log DEBUG: Process 2145743 returned 0
1724114627.714326 2024-08-20 00:43:47 MainProcess-2145306 JobStatusPoller-Timer-Thread-22667172334608-22667171964672 parsl.channels.local.local:175 _log DEBUG: Execution of command in process 2145743 completed normally
1724114627.715158 2024-08-20 00:43:47 MainProcess-2145306 JobStatusPoller-Timer-Thread-22667172334608-22667171964672 parsl.executors.high_throughput.zmq_pipes:175 _log DEBUG: Sending command client command
1724114627.715260 2024-08-20 00:43:47 MainProcess-2145306 JobStatusPoller-Timer-Thread-22667172334608-22667171964672 parsl.executors.high_throughput.zmq_pipes:175 _log DEBUG: Receiving command client response
1724114627.715445 2024-08-20 00:43:47 MainProcess-2145306 JobStatusPoller-Timer-Thread-22667172334608-22667171964672 parsl.executors.high_throughput.zmq_pipes:175 _log DEBUG: Received command client response
1724114627.715553 2024-08-20 00:43:47 MainProcess-2145306 JobStatusPoller-Timer-Thread-22667172334608-22667171964672 parsl.jobs.strategy:175 _log DEBUG: general strategy starting with strategy_type simple for 1 executors
1724114627.715596 2024-08-20 00:43:47 MainProcess-2145306 JobStatusPoller-Timer-Thread-22667172334608-22667171964672 parsl.jobs.strategy:175 _log DEBUG: Strategizing for executor HighThroughputExecutor
1724114627.715639 2024-08-20 00:43:47 MainProcess-2145306 JobStatusPoller-Timer-Thread-22667172334608-22667171964672 parsl.executors.high_throughput.zmq_pipes:175 _log DEBUG: Sending command client command
1724114627.715685 2024-08-20 00:43:47 MainProcess-2145306 JobStatusPoller-Timer-Thread-22667172334608-22667171964672 parsl.executors.high_throughput.zmq_pipes:175 _log DEBUG: Receiving command client response
1724114627.715780 2024-08-20 00:43:47 MainProcess-2145306 JobStatusPoller-Timer-Thread-22667172334608-22667171964672 parsl.executors.high_throughput.zmq_pipes:175 _log DEBUG: Received command client response
1724114627.715832 2024-08-20 00:43:47 MainProcess-2145306 JobStatusPoller-Timer-Thread-22667172334608-22667171964672 parsl.jobs.strategy:175 _log DEBUG: Slot ratio calculation: active_slots = 1, active_tasks = 0
1724114627.715870 2024-08-20 00:43:47 MainProcess-2145306 JobStatusPoller-Timer-Thread-22667172334608-22667171964672 parsl.executors.high_throughput.zmq_pipes:175 _log DEBUG: Sending command client command
1724114627.715917 2024-08-20 00:43:47 MainProcess-2145306 JobStatusPoller-Timer-Thread-22667172334608-22667171964672 parsl.executors.high_throughput.zmq_pipes:175 _log DEBUG: Receiving command client response
1724114627.715990 2024-08-20 00:43:47 MainProcess-2145306 JobStatusPoller-Timer-Thread-22667172334608-22667171964672 parsl.executors.high_throughput.zmq_pipes:175 _log DEBUG: Received command client response
1724114627.716033 2024-08-20 00:43:47 MainProcess-2145306 JobStatusPoller-Timer-Thread-22667172334608-22667171964672 parsl.executors.high_throughput.zmq_pipes:175 _log DEBUG: Sending command client command
1724114627.716077 2024-08-20 00:43:47 MainProcess-2145306 JobStatusPoller-Timer-Thread-22667172334608-22667171964672 parsl.executors.high_throughput.zmq_pipes:175 _log DEBUG: Receiving command client response
1724114627.716146 2024-08-20 00:43:47 MainProcess-2145306 JobStatusPoller-Timer-Thread-22667172334608-22667171964672 parsl.executors.high_throughput.zmq_pipes:175 _log DEBUG: Received command client response
1724114627.716186 2024-08-20 00:43:47 MainProcess-2145306 JobStatusPoller-Timer-Thread-22667172334608-22667171964672 parsl.jobs.strategy:175 _log DEBUG: Executor HighThroughputExecutor has 0 active tasks, 1/0 running/pending blocks, and 1 connected workers
1724114627.716238 2024-08-20 00:43:47 MainProcess-2145306 JobStatusPoller-Timer-Thread-22667172334608-22667171964672 parsl.jobs.strategy:175 _log DEBUG: Strategy case 1: Executor has no active tasks
1724114627.716277 2024-08-20 00:43:47 MainProcess-2145306 JobStatusPoller-Timer-Thread-22667172334608-22667171964672 parsl.jobs.strategy:175 _log DEBUG: Strategy case 1b: Executor has no active tasks, and more (1) than minimum blocks (0)
1724114627.716322 2024-08-20 00:43:47 MainProcess-2145306 JobStatusPoller-Timer-Thread-22667172334608-22667171964672 parsl.jobs.strategy:175 _log DEBUG: Idle time 10.150420904159546s is less than max_idletime 120.0s for executor HighThroughputExecutor; not scaling in
1724114627.716359 2024-08-20 00:43:47 MainProcess-2145306 JobStatusPoller-Timer-Thread-22667172334608-22667171964672 parsl.process_loggers:175 _log DEBUG: Normal ending for _general_strategy on thread JobStatusPoller-Timer-Thread-22667172334608
1724114632.716733 2024-08-20 00:43:52 MainProcess-2145306 JobStatusPoller-Timer-Thread-22667172334608-22667171964672 parsl.channels.local.local:175 _log DEBUG: Creating process with command 'ps -p 2145592 > /dev/null 2> /dev/null; echo "STATUS:$?" '
1724114632.725804 2024-08-20 00:43:52 MainProcess-2145306 JobStatusPoller-Timer-Thread-22667172334608-22667171964672 parsl.channels.local.local:175 _log DEBUG: Created process with pid 2145745. Performing communicate
1724114632.790001 2024-08-20 00:43:52 MainProcess-2145306 JobStatusPoller-Timer-Thread-22667172334608-22667171964672 parsl.channels.local.local:175 _log DEBUG: Process 2145745 returned 0
1724114632.790119 2024-08-20 00:43:52 MainProcess-2145306 JobStatusPoller-Timer-Thread-22667172334608-22667171964672 parsl.channels.local.local:175 _log DEBUG: Execution of command in process 2145745 completed normally
1724114632.791160 2024-08-20 00:43:52 MainProcess-2145306 JobStatusPoller-Timer-Thread-22667172334608-22667171964672 parsl.executors.high_throughput.zmq_pipes:175 _log DEBUG: Sending command client command
1724114632.791260 2024-08-20 00:43:52 MainProcess-2145306 JobStatusPoller-Timer-Thread-22667172334608-22667171964672 parsl.executors.high_throughput.zmq_pipes:175 _log DEBUG: Receiving command client response
1724114632.791458 2024-08-20 00:43:52 MainProcess-2145306 JobStatusPoller-Timer-Thread-22667172334608-22667171964672 parsl.executors.high_throughput.zmq_pipes:175 _log DEBUG: Received command client response
1724114632.791573 2024-08-20 00:43:52 MainProcess-2145306 JobStatusPoller-Timer-Thread-22667172334608-22667171964672 parsl.jobs.strategy:175 _log DEBUG: general strategy starting with strategy_type simple for 1 executors
1724114632.791616 2024-08-20 00:43:52 MainProcess-2145306 JobStatusPoller-Timer-Thread-22667172334608-22667171964672 parsl.jobs.strategy:175 _log DEBUG: Strategizing for executor HighThroughputExecutor
1724114632.791659 2024-08-20 00:43:52 MainProcess-2145306 JobStatusPoller-Timer-Thread-22667172334608-22667171964672 parsl.executors.high_throughput.zmq_pipes:175 _log DEBUG: Sending command client command
1724114632.791703 2024-08-20 00:43:52 MainProcess-2145306 JobStatusPoller-Timer-Thread-22667172334608-22667171964672 parsl.executors.high_throughput.zmq_pipes:175 _log DEBUG: Receiving command client response
1724114632.791828 2024-08-20 00:43:52 MainProcess-2145306 JobStatusPoller-Timer-Thread-22667172334608-22667171964672 parsl.executors.high_throughput.zmq_pipes:175 _log DEBUG: Received command client response
1724114632.791878 2024-08-20 00:43:52 MainProcess-2145306 JobStatusPoller-Timer-Thread-22667172334608-22667171964672 parsl.jobs.strategy:175 _log DEBUG: Slot ratio calculation: active_slots = 1, active_tasks = 0
1724114632.791916 2024-08-20 00:43:52 MainProcess-2145306 JobStatusPoller-Timer-Thread-22667172334608-22667171964672 parsl.executors.high_throughput.zmq_pipes:175 _log DEBUG: Sending command client command
1724114632.791959 2024-08-20 00:43:52 MainProcess-2145306 JobStatusPoller-Timer-Thread-22667172334608-22667171964672 parsl.executors.high_throughput.zmq_pipes:175 _log DEBUG: Receiving command client response
1724114632.792063 2024-08-20 00:43:52 MainProcess-2145306 JobStatusPoller-Timer-Thread-22667172334608-22667171964672 parsl.executors.high_throughput.zmq_pipes:175 _log DEBUG: Received command client response
1724114632.792110 2024-08-20 00:43:52 MainProcess-2145306 JobStatusPoller-Timer-Thread-22667172334608-22667171964672 parsl.executors.high_throughput.zmq_pipes:175 _log DEBUG: Sending command client command
1724114632.792156 2024-08-20 00:43:52 MainProcess-2145306 JobStatusPoller-Timer-Thread-22667172334608-22667171964672 parsl.executors.high_throughput.zmq_pipes:175 _log DEBUG: Receiving command client response
1724114632.792249 2024-08-20 00:43:52 MainProcess-2145306 JobStatusPoller-Timer-Thread-22667172334608-22667171964672 parsl.executors.high_throughput.zmq_pipes:175 _log DEBUG: Received command client response
1724114632.792289 2024-08-20 00:43:52 MainProcess-2145306 JobStatusPoller-Timer-Thread-22667172334608-22667171964672 parsl.jobs.strategy:175 _log DEBUG: Executor HighThroughputExecutor has 0 active tasks, 1/0 running/pending blocks, and 1 connected workers
1724114632.792325 2024-08-20 00:43:52 MainProcess-2145306 JobStatusPoller-Timer-Thread-22667172334608-22667171964672 parsl.jobs.strategy:175 _log DEBUG: Strategy case 1: Executor has no active tasks
1724114632.792359 2024-08-20 00:43:52 MainProcess-2145306 JobStatusPoller-Timer-Thread-22667172334608-22667171964672 parsl.jobs.strategy:175 _log DEBUG: Strategy case 1b: Executor has no active tasks, and more (1) than minimum blocks (0)
1724114632.792400 2024-08-20 00:43:52 MainProcess-2145306 JobStatusPoller-Timer-Thread-22667172334608-22667171964672 parsl.jobs.strategy:175 _log DEBUG: Idle time 15.226500034332275s is less than max_idletime 120.0s for executor HighThroughputExecutor; not scaling in
1724114632.792442 2024-08-20 00:43:52 MainProcess-2145306 JobStatusPoller-Timer-Thread-22667172334608-22667171964672 parsl.process_loggers:175 _log DEBUG: Normal ending for _general_strategy on thread JobStatusPoller-Timer-Thread-22667172334608
1724114637.792828 2024-08-20 00:43:57 MainProcess-2145306 JobStatusPoller-Timer-Thread-22667172334608-22667171964672 parsl.channels.local.local:175 _log DEBUG: Creating process with command 'ps -p 2145592 > /dev/null 2> /dev/null; echo "STATUS:$?" '
1724114637.801877 2024-08-20 00:43:57 MainProcess-2145306 JobStatusPoller-Timer-Thread-22667172334608-22667171964672 parsl.channels.local.local:175 _log DEBUG: Created process with pid 2145747. Performing communicate
1724114637.865730 2024-08-20 00:43:57 MainProcess-2145306 JobStatusPoller-Timer-Thread-22667172334608-22667171964672 parsl.channels.local.local:175 _log DEBUG: Process 2145747 returned 0
1724114637.865845 2024-08-20 00:43:57 MainProcess-2145306 JobStatusPoller-Timer-Thread-22667172334608-22667171964672 parsl.channels.local.local:175 _log DEBUG: Execution of command in process 2145747 completed normally
1724114637.866472 2024-08-20 00:43:57 MainProcess-2145306 JobStatusPoller-Timer-Thread-22667172334608-22667171964672 parsl.executors.high_throughput.zmq_pipes:175 _log DEBUG: Sending command client command
1724114637.866574 2024-08-20 00:43:57 MainProcess-2145306 JobStatusPoller-Timer-Thread-22667172334608-22667171964672 parsl.executors.high_throughput.zmq_pipes:175 _log DEBUG: Receiving command client response
1724114637.866807 2024-08-20 00:43:57 MainProcess-2145306 JobStatusPoller-Timer-Thread-22667172334608-22667171964672 parsl.executors.high_throughput.zmq_pipes:175 _log DEBUG: Received command client response
1724114637.866934 2024-08-20 00:43:57 MainProcess-2145306 JobStatusPoller-Timer-Thread-22667172334608-22667171964672 parsl.jobs.strategy:175 _log DEBUG: general strategy starting with strategy_type simple for 1 executors
1724114637.866979 2024-08-20 00:43:57 MainProcess-2145306 JobStatusPoller-Timer-Thread-22667172334608-22667171964672 parsl.jobs.strategy:175 _log DEBUG: Strategizing for executor HighThroughputExecutor
1724114637.867022 2024-08-20 00:43:57 MainProcess-2145306 JobStatusPoller-Timer-Thread-22667172334608-22667171964672 parsl.executors.high_throughput.zmq_pipes:175 _log DEBUG: Sending command client command
1724114637.867087 2024-08-20 00:43:57 MainProcess-2145306 JobStatusPoller-Timer-Thread-22667172334608-22667171964672 parsl.executors.high_throughput.zmq_pipes:175 _log DEBUG: Receiving command client response
1724114637.867172 2024-08-20 00:43:57 MainProcess-2145306 JobStatusPoller-Timer-Thread-22667172334608-22667171964672 parsl.executors.high_throughput.zmq_pipes:175 _log DEBUG: Received command client response
1724114637.867223 2024-08-20 00:43:57 MainProcess-2145306 JobStatusPoller-Timer-Thread-22667172334608-22667171964672 parsl.jobs.strategy:175 _log DEBUG: Slot ratio calculation: active_slots = 1, active_tasks = 0
1724114637.867261 2024-08-20 00:43:57 MainProcess-2145306 JobStatusPoller-Timer-Thread-22667172334608-22667171964672 parsl.executors.high_throughput.zmq_pipes:175 _log DEBUG: Sending command client command
1724114637.867304 2024-08-20 00:43:57 MainProcess-2145306 JobStatusPoller-Timer-Thread-22667172334608-22667171964672 parsl.executors.high_throughput.zmq_pipes:175 _log DEBUG: Receiving command client response
1724114637.867374 2024-08-20 00:43:57 MainProcess-2145306 JobStatusPoller-Timer-Thread-22667172334608-22667171964672 parsl.executors.high_throughput.zmq_pipes:175 _log DEBUG: Received command client response
1724114637.867416 2024-08-20 00:43:57 MainProcess-2145306 JobStatusPoller-Timer-Thread-22667172334608-22667171964672 parsl.executors.high_throughput.zmq_pipes:175 _log DEBUG: Sending command client command
1724114637.867461 2024-08-20 00:43:57 MainProcess-2145306 JobStatusPoller-Timer-Thread-22667172334608-22667171964672 parsl.executors.high_throughput.zmq_pipes:175 _log DEBUG: Receiving command client response
1724114637.867547 2024-08-20 00:43:57 MainProcess-2145306 JobStatusPoller-Timer-Thread-22667172334608-22667171964672 parsl.executors.high_throughput.zmq_pipes:175 _log DEBUG: Received command client response
1724114637.867586 2024-08-20 00:43:57 MainProcess-2145306 JobStatusPoller-Timer-Thread-22667172334608-22667171964672 parsl.jobs.strategy:175 _log DEBUG: Executor HighThroughputExecutor has 0 active tasks, 1/0 running/pending blocks, and 1 connected workers
1724114637.867620 2024-08-20 00:43:57 MainProcess-2145306 JobStatusPoller-Timer-Thread-22667172334608-22667171964672 parsl.jobs.strategy:175 _log DEBUG: Strategy case 1: Executor has no active tasks
1724114637.867654 2024-08-20 00:43:57 MainProcess-2145306 JobStatusPoller-Timer-Thread-22667172334608-22667171964672 parsl.jobs.strategy:175 _log DEBUG: Strategy case 1b: Executor has no active tasks, and more (1) than minimum blocks (0)
1724114637.867694 2024-08-20 00:43:57 MainProcess-2145306 JobStatusPoller-Timer-Thread-22667172334608-22667171964672 parsl.jobs.strategy:175 _log DEBUG: Idle time 20.301793813705444s is less than max_idletime 120.0s for executor HighThroughputExecutor; not scaling in
1724114637.867731 2024-08-20 00:43:57 MainProcess-2145306 JobStatusPoller-Timer-Thread-22667172334608-22667171964672 parsl.process_loggers:175 _log DEBUG: Normal ending for _general_strategy on thread JobStatusPoller-Timer-Thread-22667172334608
1724114642.868061 2024-08-20 00:44:02 MainProcess-2145306 JobStatusPoller-Timer-Thread-22667172334608-22667171964672 parsl.channels.local.local:175 _log DEBUG: Creating process with command 'ps -p 2145592 > /dev/null 2> /dev/null; echo "STATUS:$?" '
1724114642.877167 2024-08-20 00:44:02 MainProcess-2145306 JobStatusPoller-Timer-Thread-22667172334608-22667171964672 parsl.channels.local.local:175 _log DEBUG: Created process with pid 2145749. Performing communicate
1724114642.940404 2024-08-20 00:44:02 MainProcess-2145306 JobStatusPoller-Timer-Thread-22667172334608-22667171964672 parsl.channels.local.local:175 _log DEBUG: Process 2145749 returned 0
1724114642.940539 2024-08-20 00:44:02 MainProcess-2145306 JobStatusPoller-Timer-Thread-22667172334608-22667171964672 parsl.channels.local.local:175 _log DEBUG: Execution of command in process 2145749 completed normally
1724114642.940917 2024-08-20 00:44:02 MainProcess-2145306 JobStatusPoller-Timer-Thread-22667172334608-22667171964672 parsl.executors.high_throughput.zmq_pipes:175 _log DEBUG: Sending command client command
1724114642.941073 2024-08-20 00:44:02 MainProcess-2145306 JobStatusPoller-Timer-Thread-22667172334608-22667171964672 parsl.executors.high_throughput.zmq_pipes:175 _log DEBUG: Receiving command client response
1724114642.941287 2024-08-20 00:44:02 MainProcess-2145306 JobStatusPoller-Timer-Thread-22667172334608-22667171964672 parsl.executors.high_throughput.zmq_pipes:175 _log DEBUG: Received command client response
1724114642.941404 2024-08-20 00:44:02 MainProcess-2145306 JobStatusPoller-Timer-Thread-22667172334608-22667171964672 parsl.jobs.strategy:175 _log DEBUG: general strategy starting with strategy_type simple for 1 executors
1724114642.941444 2024-08-20 00:44:02 MainProcess-2145306 JobStatusPoller-Timer-Thread-22667172334608-22667171964672 parsl.jobs.strategy:175 _log DEBUG: Strategizing for executor HighThroughputExecutor
1724114642.941484 2024-08-20 00:44:02 MainProcess-2145306 JobStatusPoller-Timer-Thread-22667172334608-22667171964672 parsl.executors.high_throughput.zmq_pipes:175 _log DEBUG: Sending command client command
1724114642.941530 2024-08-20 00:44:02 MainProcess-2145306 JobStatusPoller-Timer-Thread-22667172334608-22667171964672 parsl.executors.high_throughput.zmq_pipes:175 _log DEBUG: Receiving command client response
1724114642.941645 2024-08-20 00:44:02 MainProcess-2145306 JobStatusPoller-Timer-Thread-22667172334608-22667171964672 parsl.executors.high_throughput.zmq_pipes:175 _log DEBUG: Received command client response
1724114642.941694 2024-08-20 00:44:02 MainProcess-2145306 JobStatusPoller-Timer-Thread-22667172334608-22667171964672 parsl.jobs.strategy:175 _log DEBUG: Slot ratio calculation: active_slots = 1, active_tasks = 0
1724114642.941732 2024-08-20 00:44:02 MainProcess-2145306 JobStatusPoller-Timer-Thread-22667172334608-22667171964672 parsl.executors.high_throughput.zmq_pipes:175 _log DEBUG: Sending command client command
1724114642.941776 2024-08-20 00:44:02 MainProcess-2145306 JobStatusPoller-Timer-Thread-22667172334608-22667171964672 parsl.executors.high_throughput.zmq_pipes:175 _log DEBUG: Receiving command client response
1724114642.941859 2024-08-20 00:44:02 MainProcess-2145306 JobStatusPoller-Timer-Thread-22667172334608-22667171964672 parsl.executors.high_throughput.zmq_pipes:175 _log DEBUG: Received command client response
1724114642.941902 2024-08-20 00:44:02 MainProcess-2145306 JobStatusPoller-Timer-Thread-22667172334608-22667171964672 parsl.executors.high_throughput.zmq_pipes:175 _log DEBUG: Sending command client command
1724114642.941945 2024-08-20 00:44:02 MainProcess-2145306 JobStatusPoller-Timer-Thread-22667172334608-22667171964672 parsl.executors.high_throughput.zmq_pipes:175 _log DEBUG: Receiving command client response
1724114642.942024 2024-08-20 00:44:02 MainProcess-2145306 JobStatusPoller-Timer-Thread-22667172334608-22667171964672 parsl.executors.high_throughput.zmq_pipes:175 _log DEBUG: Received command client response
1724114642.942063 2024-08-20 00:44:02 MainProcess-2145306 JobStatusPoller-Timer-Thread-22667172334608-22667171964672 parsl.jobs.strategy:175 _log DEBUG: Executor HighThroughputExecutor has 0 active tasks, 1/0 running/pending blocks, and 1 connected workers
1724114642.942097 2024-08-20 00:44:02 MainProcess-2145306 JobStatusPoller-Timer-Thread-22667172334608-22667171964672 parsl.jobs.strategy:175 _log DEBUG: Strategy case 1: Executor has no active tasks
1724114642.942131 2024-08-20 00:44:02 MainProcess-2145306 JobStatusPoller-Timer-Thread-22667172334608-22667171964672 parsl.jobs.strategy:175 _log DEBUG: Strategy case 1b: Executor has no active tasks, and more (1) than minimum blocks (0)
1724114642.942179 2024-08-20 00:44:02 MainProcess-2145306 JobStatusPoller-Timer-Thread-22667172334608-22667171964672 parsl.jobs.strategy:175 _log DEBUG: Idle time 25.37627911567688s is less than max_idletime 120.0s for executor HighThroughputExecutor; not scaling in
1724114642.942218 2024-08-20 00:44:02 MainProcess-2145306 JobStatusPoller-Timer-Thread-22667172334608-22667171964672 parsl.process_loggers:175 _log DEBUG: Normal ending for _general_strategy on thread JobStatusPoller-Timer-Thread-22667172334608
1724114647.942596 2024-08-20 00:44:07 MainProcess-2145306 JobStatusPoller-Timer-Thread-22667172334608-22667171964672 parsl.channels.local.local:175 _log DEBUG: Creating process with command 'ps -p 2145592 > /dev/null 2> /dev/null; echo "STATUS:$?" '
1724114647.951522 2024-08-20 00:44:07 MainProcess-2145306 JobStatusPoller-Timer-Thread-22667172334608-22667171964672 parsl.channels.local.local:175 _log DEBUG: Created process with pid 2145821. Performing communicate
1724114648.021572 2024-08-20 00:44:08 MainProcess-2145306 JobStatusPoller-Timer-Thread-22667172334608-22667171964672 parsl.channels.local.local:175 _log DEBUG: Process 2145821 returned 0
1724114648.021704 2024-08-20 00:44:08 MainProcess-2145306 JobStatusPoller-Timer-Thread-22667172334608-22667171964672 parsl.channels.local.local:175 _log DEBUG: Execution of command in process 2145821 completed normally
1724114648.022037 2024-08-20 00:44:08 MainProcess-2145306 JobStatusPoller-Timer-Thread-22667172334608-22667171964672 parsl.executors.high_throughput.zmq_pipes:175 _log DEBUG: Sending command client command
1724114648.022132 2024-08-20 00:44:08 MainProcess-2145306 JobStatusPoller-Timer-Thread-22667172334608-22667171964672 parsl.executors.high_throughput.zmq_pipes:175 _log DEBUG: Receiving command client response
1724114648.022410 2024-08-20 00:44:08 MainProcess-2145306 JobStatusPoller-Timer-Thread-22667172334608-22667171964672 parsl.executors.high_throughput.zmq_pipes:175 _log DEBUG: Received command client response
1724114648.022509 2024-08-20 00:44:08 MainProcess-2145306 JobStatusPoller-Timer-Thread-22667172334608-22667171964672 parsl.jobs.strategy:175 _log DEBUG: general strategy starting with strategy_type simple for 1 executors
1724114648.022548 2024-08-20 00:44:08 MainProcess-2145306 JobStatusPoller-Timer-Thread-22667172334608-22667171964672 parsl.jobs.strategy:175 _log DEBUG: Strategizing for executor HighThroughputExecutor
1724114648.022587 2024-08-20 00:44:08 MainProcess-2145306 JobStatusPoller-Timer-Thread-22667172334608-22667171964672 parsl.executors.high_throughput.zmq_pipes:175 _log DEBUG: Sending command client command
1724114648.022633 2024-08-20 00:44:08 MainProcess-2145306 JobStatusPoller-Timer-Thread-22667172334608-22667171964672 parsl.executors.high_throughput.zmq_pipes:175 _log DEBUG: Receiving command client response
1724114648.022805 2024-08-20 00:44:08 MainProcess-2145306 JobStatusPoller-Timer-Thread-22667172334608-22667171964672 parsl.executors.high_throughput.zmq_pipes:175 _log DEBUG: Received command client response
1724114648.022864 2024-08-20 00:44:08 MainProcess-2145306 JobStatusPoller-Timer-Thread-22667172334608-22667171964672 parsl.jobs.strategy:175 _log DEBUG: Slot ratio calculation: active_slots = 1, active_tasks = 0
1724114648.022904 2024-08-20 00:44:08 MainProcess-2145306 JobStatusPoller-Timer-Thread-22667172334608-22667171964672 parsl.executors.high_throughput.zmq_pipes:175 _log DEBUG: Sending command client command
1724114648.022947 2024-08-20 00:44:08 MainProcess-2145306 JobStatusPoller-Timer-Thread-22667172334608-22667171964672 parsl.executors.high_throughput.zmq_pipes:175 _log DEBUG: Receiving command client response
1724114648.023058 2024-08-20 00:44:08 MainProcess-2145306 JobStatusPoller-Timer-Thread-22667172334608-22667171964672 parsl.executors.high_throughput.zmq_pipes:175 _log DEBUG: Received command client response
1724114648.023100 2024-08-20 00:44:08 MainProcess-2145306 JobStatusPoller-Timer-Thread-22667172334608-22667171964672 parsl.executors.high_throughput.zmq_pipes:175 _log DEBUG: Sending command client command
1724114648.023142 2024-08-20 00:44:08 MainProcess-2145306 JobStatusPoller-Timer-Thread-22667172334608-22667171964672 parsl.executors.high_throughput.zmq_pipes:175 _log DEBUG: Receiving command client response
1724114648.023256 2024-08-20 00:44:08 MainProcess-2145306 JobStatusPoller-Timer-Thread-22667172334608-22667171964672 parsl.executors.high_throughput.zmq_pipes:175 _log DEBUG: Received command client response
1724114648.023311 2024-08-20 00:44:08 MainProcess-2145306 JobStatusPoller-Timer-Thread-22667172334608-22667171964672 parsl.jobs.strategy:175 _log DEBUG: Executor HighThroughputExecutor has 0 active tasks, 1/0 running/pending blocks, and 1 connected workers
1724114648.023347 2024-08-20 00:44:08 MainProcess-2145306 JobStatusPoller-Timer-Thread-22667172334608-22667171964672 parsl.jobs.strategy:175 _log DEBUG: Strategy case 1: Executor has no active tasks
1724114648.023381 2024-08-20 00:44:08 MainProcess-2145306 JobStatusPoller-Timer-Thread-22667172334608-22667171964672 parsl.jobs.strategy:175 _log DEBUG: Strategy case 1b: Executor has no active tasks, and more (1) than minimum blocks (0)
1724114648.023420 2024-08-20 00:44:08 MainProcess-2145306 JobStatusPoller-Timer-Thread-22667172334608-22667171964672 parsl.jobs.strategy:175 _log DEBUG: Idle time 30.457520723342896s is less than max_idletime 120.0s for executor HighThroughputExecutor; not scaling in
1724114648.023455 2024-08-20 00:44:08 MainProcess-2145306 JobStatusPoller-Timer-Thread-22667172334608-22667171964672 parsl.process_loggers:175 _log DEBUG: Normal ending for _general_strategy on thread JobStatusPoller-Timer-Thread-22667172334608
1724114651.294513 2024-08-20 00:44:11 MainProcess-2145306 HTEX-Result-Queue-Thread-22666954135296 parsl.executors.high_throughput.zmq_pipes:175 _log DEBUG: Received ResultsIncoming message
1724114651.294677 2024-08-20 00:44:11 MainProcess-2145306 HTEX-Result-Queue-Thread-22666954135296 parsl.executors.high_throughput.zmq_pipes:175 _log DEBUG: Waiting for ResultsIncoming message
1724114653.023786 2024-08-20 00:44:13 MainProcess-2145306 JobStatusPoller-Timer-Thread-22667172334608-22667171964672 parsl.channels.local.local:175 _log DEBUG: Creating process with command 'ps -p 2145592 > /dev/null 2> /dev/null; echo "STATUS:$?" '
1724114653.032639 2024-08-20 00:44:13 MainProcess-2145306 JobStatusPoller-Timer-Thread-22667172334608-22667171964672 parsl.channels.local.local:175 _log DEBUG: Created process with pid 2145830. Performing communicate
1724114653.096081 2024-08-20 00:44:13 MainProcess-2145306 JobStatusPoller-Timer-Thread-22667172334608-22667171964672 parsl.channels.local.local:175 _log DEBUG: Process 2145830 returned 0
1724114653.096181 2024-08-20 00:44:13 MainProcess-2145306 JobStatusPoller-Timer-Thread-22667172334608-22667171964672 parsl.channels.local.local:175 _log DEBUG: Execution of command in process 2145830 completed normally
1724114653.096454 2024-08-20 00:44:13 MainProcess-2145306 JobStatusPoller-Timer-Thread-22667172334608-22667171964672 parsl.executors.high_throughput.zmq_pipes:175 _log DEBUG: Sending command client command
1724114653.096550 2024-08-20 00:44:13 MainProcess-2145306 JobStatusPoller-Timer-Thread-22667172334608-22667171964672 parsl.executors.high_throughput.zmq_pipes:175 _log DEBUG: Receiving command client response
1724114653.096863 2024-08-20 00:44:13 MainProcess-2145306 JobStatusPoller-Timer-Thread-22667172334608-22667171964672 parsl.executors.high_throughput.zmq_pipes:175 _log DEBUG: Received command client response
1724114653.096966 2024-08-20 00:44:13 MainProcess-2145306 JobStatusPoller-Timer-Thread-22667172334608-22667171964672 parsl.jobs.strategy:175 _log DEBUG: general strategy starting with strategy_type simple for 1 executors
1724114653.097005 2024-08-20 00:44:13 MainProcess-2145306 JobStatusPoller-Timer-Thread-22667172334608-22667171964672 parsl.jobs.strategy:175 _log DEBUG: Strategizing for executor HighThroughputExecutor
1724114653.097047 2024-08-20 00:44:13 MainProcess-2145306 JobStatusPoller-Timer-Thread-22667172334608-22667171964672 parsl.executors.high_throughput.zmq_pipes:175 _log DEBUG: Sending command client command
1724114653.097092 2024-08-20 00:44:13 MainProcess-2145306 JobStatusPoller-Timer-Thread-22667172334608-22667171964672 parsl.executors.high_throughput.zmq_pipes:175 _log DEBUG: Receiving command client response
1724114653.097286 2024-08-20 00:44:13 MainProcess-2145306 JobStatusPoller-Timer-Thread-22667172334608-22667171964672 parsl.executors.high_throughput.zmq_pipes:175 _log DEBUG: Received command client response
1724114653.097347 2024-08-20 00:44:13 MainProcess-2145306 JobStatusPoller-Timer-Thread-22667172334608-22667171964672 parsl.jobs.strategy:175 _log DEBUG: Slot ratio calculation: active_slots = 1, active_tasks = 0
1724114653.097389 2024-08-20 00:44:13 MainProcess-2145306 JobStatusPoller-Timer-Thread-22667172334608-22667171964672 parsl.executors.high_throughput.zmq_pipes:175 _log DEBUG: Sending command client command
1724114653.097433 2024-08-20 00:44:13 MainProcess-2145306 JobStatusPoller-Timer-Thread-22667172334608-22667171964672 parsl.executors.high_throughput.zmq_pipes:175 _log DEBUG: Receiving command client response
1724114653.097548 2024-08-20 00:44:13 MainProcess-2145306 JobStatusPoller-Timer-Thread-22667172334608-22667171964672 parsl.executors.high_throughput.zmq_pipes:175 _log DEBUG: Received command client response
1724114653.097588 2024-08-20 00:44:13 MainProcess-2145306 JobStatusPoller-Timer-Thread-22667172334608-22667171964672 parsl.executors.high_throughput.zmq_pipes:175 _log DEBUG: Sending command client command
1724114653.097632 2024-08-20 00:44:13 MainProcess-2145306 JobStatusPoller-Timer-Thread-22667172334608-22667171964672 parsl.executors.high_throughput.zmq_pipes:175 _log DEBUG: Receiving command client response
1724114653.097745 2024-08-20 00:44:13 MainProcess-2145306 JobStatusPoller-Timer-Thread-22667172334608-22667171964672 parsl.executors.high_throughput.zmq_pipes:175 _log DEBUG: Received command client response
1724114653.097788 2024-08-20 00:44:13 MainProcess-2145306 JobStatusPoller-Timer-Thread-22667172334608-22667171964672 parsl.jobs.strategy:175 _log DEBUG: Executor HighThroughputExecutor has 0 active tasks, 1/0 running/pending blocks, and 1 connected workers
1724114653.097823 2024-08-20 00:44:13 MainProcess-2145306 JobStatusPoller-Timer-Thread-22667172334608-22667171964672 parsl.jobs.strategy:175 _log DEBUG: Strategy case 1: Executor has no active tasks
1724114653.097857 2024-08-20 00:44:13 MainProcess-2145306 JobStatusPoller-Timer-Thread-22667172334608-22667171964672 parsl.jobs.strategy:175 _log DEBUG: Strategy case 1b: Executor has no active tasks, and more (1) than minimum blocks (0)
1724114653.097897 2024-08-20 00:44:13 MainProcess-2145306 JobStatusPoller-Timer-Thread-22667172334608-22667171964672 parsl.jobs.strategy:175 _log DEBUG: Idle time 35.531996965408325s is less than max_idletime 120.0s for executor HighThroughputExecutor; not scaling in
1724114653.097931 2024-08-20 00:44:13 MainProcess-2145306 JobStatusPoller-Timer-Thread-22667172334608-22667171964672 parsl.process_loggers:175 _log DEBUG: Normal ending for _general_strategy on thread JobStatusPoller-Timer-Thread-22667172334608
1724114658.098302 2024-08-20 00:44:18 MainProcess-2145306 JobStatusPoller-Timer-Thread-22667172334608-22667171964672 parsl.channels.local.local:175 _log DEBUG: Creating process with command 'ps -p 2145592 > /dev/null 2> /dev/null; echo "STATUS:$?" '
1724114658.107336 2024-08-20 00:44:18 MainProcess-2145306 JobStatusPoller-Timer-Thread-22667172334608-22667171964672 parsl.channels.local.local:175 _log DEBUG: Created process with pid 2145832. Performing communicate
1724114658.171159 2024-08-20 00:44:18 MainProcess-2145306 JobStatusPoller-Timer-Thread-22667172334608-22667171964672 parsl.channels.local.local:175 _log DEBUG: Process 2145832 returned 0
1724114658.171258 2024-08-20 00:44:18 MainProcess-2145306 JobStatusPoller-Timer-Thread-22667172334608-22667171964672 parsl.channels.local.local:175 _log DEBUG: Execution of command in process 2145832 completed normally
1724114658.171537 2024-08-20 00:44:18 MainProcess-2145306 JobStatusPoller-Timer-Thread-22667172334608-22667171964672 parsl.executors.high_throughput.zmq_pipes:175 _log DEBUG: Sending command client command
1724114658.171633 2024-08-20 00:44:18 MainProcess-2145306 JobStatusPoller-Timer-Thread-22667172334608-22667171964672 parsl.executors.high_throughput.zmq_pipes:175 _log DEBUG: Receiving command client response
1724114658.171919 2024-08-20 00:44:18 MainProcess-2145306 JobStatusPoller-Timer-Thread-22667172334608-22667171964672 parsl.executors.high_throughput.zmq_pipes:175 _log DEBUG: Received command client response
1724114658.172039 2024-08-20 00:44:18 MainProcess-2145306 JobStatusPoller-Timer-Thread-22667172334608-22667171964672 parsl.jobs.strategy:175 _log DEBUG: general strategy starting with strategy_type simple for 1 executors
1724114658.172081 2024-08-20 00:44:18 MainProcess-2145306 JobStatusPoller-Timer-Thread-22667172334608-22667171964672 parsl.jobs.strategy:175 _log DEBUG: Strategizing for executor HighThroughputExecutor
1724114658.172121 2024-08-20 00:44:18 MainProcess-2145306 JobStatusPoller-Timer-Thread-22667172334608-22667171964672 parsl.executors.high_throughput.zmq_pipes:175 _log DEBUG: Sending command client command
1724114658.172166 2024-08-20 00:44:18 MainProcess-2145306 JobStatusPoller-Timer-Thread-22667172334608-22667171964672 parsl.executors.high_throughput.zmq_pipes:175 _log DEBUG: Receiving command client response
1724114658.172324 2024-08-20 00:44:18 MainProcess-2145306 JobStatusPoller-Timer-Thread-22667172334608-22667171964672 parsl.executors.high_throughput.zmq_pipes:175 _log DEBUG: Received command client response
1724114658.172382 2024-08-20 00:44:18 MainProcess-2145306 JobStatusPoller-Timer-Thread-22667172334608-22667171964672 parsl.jobs.strategy:175 _log DEBUG: Slot ratio calculation: active_slots = 1, active_tasks = 0
1724114658.172420 2024-08-20 00:44:18 MainProcess-2145306 JobStatusPoller-Timer-Thread-22667172334608-22667171964672 parsl.executors.high_throughput.zmq_pipes:175 _log DEBUG: Sending command client command
1724114658.172463 2024-08-20 00:44:18 MainProcess-2145306 JobStatusPoller-Timer-Thread-22667172334608-22667171964672 parsl.executors.high_throughput.zmq_pipes:175 _log DEBUG: Receiving command client response
1724114658.172605 2024-08-20 00:44:18 MainProcess-2145306 JobStatusPoller-Timer-Thread-22667172334608-22667171964672 parsl.executors.high_throughput.zmq_pipes:175 _log DEBUG: Received command client response
1724114658.172656 2024-08-20 00:44:18 MainProcess-2145306 JobStatusPoller-Timer-Thread-22667172334608-22667171964672 parsl.executors.high_throughput.zmq_pipes:175 _log DEBUG: Sending command client command
1724114658.172701 2024-08-20 00:44:18 MainProcess-2145306 JobStatusPoller-Timer-Thread-22667172334608-22667171964672 parsl.executors.high_throughput.zmq_pipes:175 _log DEBUG: Receiving command client response
1724114658.172817 2024-08-20 00:44:18 MainProcess-2145306 JobStatusPoller-Timer-Thread-22667172334608-22667171964672 parsl.executors.high_throughput.zmq_pipes:175 _log DEBUG: Received command client response
1724114658.172866 2024-08-20 00:44:18 MainProcess-2145306 JobStatusPoller-Timer-Thread-22667172334608-22667171964672 parsl.jobs.strategy:175 _log DEBUG: Executor HighThroughputExecutor has 0 active tasks, 1/0 running/pending blocks, and 1 connected workers
1724114658.172900 2024-08-20 00:44:18 MainProcess-2145306 JobStatusPoller-Timer-Thread-22667172334608-22667171964672 parsl.jobs.strategy:175 _log DEBUG: Strategy case 1: Executor has no active tasks
1724114658.172934 2024-08-20 00:44:18 MainProcess-2145306 JobStatusPoller-Timer-Thread-22667172334608-22667171964672 parsl.jobs.strategy:175 _log DEBUG: Strategy case 1b: Executor has no active tasks, and more (1) than minimum blocks (0)
1724114658.172972 2024-08-20 00:44:18 MainProcess-2145306 JobStatusPoller-Timer-Thread-22667172334608-22667171964672 parsl.jobs.strategy:175 _log DEBUG: Idle time 40.607073068618774s is less than max_idletime 120.0s for executor HighThroughputExecutor; not scaling in
1724114658.173007 2024-08-20 00:44:18 MainProcess-2145306 JobStatusPoller-Timer-Thread-22667172334608-22667171964672 parsl.process_loggers:175 _log DEBUG: Normal ending for _general_strategy on thread JobStatusPoller-Timer-Thread-22667172334608
1724114663.173382 2024-08-20 00:44:23 MainProcess-2145306 JobStatusPoller-Timer-Thread-22667172334608-22667171964672 parsl.channels.local.local:175 _log DEBUG: Creating process with command 'ps -p 2145592 > /dev/null 2> /dev/null; echo "STATUS:$?" '
1724114663.182760 2024-08-20 00:44:23 MainProcess-2145306 JobStatusPoller-Timer-Thread-22667172334608-22667171964672 parsl.channels.local.local:175 _log DEBUG: Created process with pid 2145834. Performing communicate
1724114663.246205 2024-08-20 00:44:23 MainProcess-2145306 JobStatusPoller-Timer-Thread-22667172334608-22667171964672 parsl.channels.local.local:175 _log DEBUG: Process 2145834 returned 0
1724114663.246330 2024-08-20 00:44:23 MainProcess-2145306 JobStatusPoller-Timer-Thread-22667172334608-22667171964672 parsl.channels.local.local:175 _log DEBUG: Execution of command in process 2145834 completed normally
1724114663.246634 2024-08-20 00:44:23 MainProcess-2145306 JobStatusPoller-Timer-Thread-22667172334608-22667171964672 parsl.executors.high_throughput.zmq_pipes:175 _log DEBUG: Sending command client command
1724114663.246731 2024-08-20 00:44:23 MainProcess-2145306 JobStatusPoller-Timer-Thread-22667172334608-22667171964672 parsl.executors.high_throughput.zmq_pipes:175 _log DEBUG: Receiving command client response
1724114663.247043 2024-08-20 00:44:23 MainProcess-2145306 JobStatusPoller-Timer-Thread-22667172334608-22667171964672 parsl.executors.high_throughput.zmq_pipes:175 _log DEBUG: Received command client response
1724114663.247170 2024-08-20 00:44:23 MainProcess-2145306 JobStatusPoller-Timer-Thread-22667172334608-22667171964672 parsl.jobs.strategy:175 _log DEBUG: general strategy starting with strategy_type simple for 1 executors
1724114663.247215 2024-08-20 00:44:23 MainProcess-2145306 JobStatusPoller-Timer-Thread-22667172334608-22667171964672 parsl.jobs.strategy:175 _log DEBUG: Strategizing for executor HighThroughputExecutor
1724114663.247256 2024-08-20 00:44:23 MainProcess-2145306 JobStatusPoller-Timer-Thread-22667172334608-22667171964672 parsl.executors.high_throughput.zmq_pipes:175 _log DEBUG: Sending command client command
1724114663.247304 2024-08-20 00:44:23 MainProcess-2145306 JobStatusPoller-Timer-Thread-22667172334608-22667171964672 parsl.executors.high_throughput.zmq_pipes:175 _log DEBUG: Receiving command client response
1724114663.247487 2024-08-20 00:44:23 MainProcess-2145306 JobStatusPoller-Timer-Thread-22667172334608-22667171964672 parsl.executors.high_throughput.zmq_pipes:175 _log DEBUG: Received command client response
1724114663.247555 2024-08-20 00:44:23 MainProcess-2145306 JobStatusPoller-Timer-Thread-22667172334608-22667171964672 parsl.jobs.strategy:175 _log DEBUG: Slot ratio calculation: active_slots = 1, active_tasks = 0
1724114663.247599 2024-08-20 00:44:23 MainProcess-2145306 JobStatusPoller-Timer-Thread-22667172334608-22667171964672 parsl.executors.high_throughput.zmq_pipes:175 _log DEBUG: Sending command client command
1724114663.247661 2024-08-20 00:44:23 MainProcess-2145306 JobStatusPoller-Timer-Thread-22667172334608-22667171964672 parsl.executors.high_throughput.zmq_pipes:175 _log DEBUG: Receiving command client response
1724114663.247755 2024-08-20 00:44:23 MainProcess-2145306 JobStatusPoller-Timer-Thread-22667172334608-22667171964672 parsl.executors.high_throughput.zmq_pipes:175 _log DEBUG: Received command client response
1724114663.247801 2024-08-20 00:44:23 MainProcess-2145306 JobStatusPoller-Timer-Thread-22667172334608-22667171964672 parsl.executors.high_throughput.zmq_pipes:175 _log DEBUG: Sending command client command
1724114663.247846 2024-08-20 00:44:23 MainProcess-2145306 JobStatusPoller-Timer-Thread-22667172334608-22667171964672 parsl.executors.high_throughput.zmq_pipes:175 _log DEBUG: Receiving command client response
1724114663.247944 2024-08-20 00:44:23 MainProcess-2145306 JobStatusPoller-Timer-Thread-22667172334608-22667171964672 parsl.executors.high_throughput.zmq_pipes:175 _log DEBUG: Received command client response
1724114663.247983 2024-08-20 00:44:23 MainProcess-2145306 JobStatusPoller-Timer-Thread-22667172334608-22667171964672 parsl.jobs.strategy:175 _log DEBUG: Executor HighThroughputExecutor has 0 active tasks, 1/0 running/pending blocks, and 1 connected workers
1724114663.248016 2024-08-20 00:44:23 MainProcess-2145306 JobStatusPoller-Timer-Thread-22667172334608-22667171964672 parsl.jobs.strategy:175 _log DEBUG: Strategy case 1: Executor has no active tasks
1724114663.248067 2024-08-20 00:44:23 MainProcess-2145306 JobStatusPoller-Timer-Thread-22667172334608-22667171964672 parsl.jobs.strategy:175 _log DEBUG: Strategy case 1b: Executor has no active tasks, and more (1) than minimum blocks (0)
1724114663.248109 2024-08-20 00:44:23 MainProcess-2145306 JobStatusPoller-Timer-Thread-22667172334608-22667171964672 parsl.jobs.strategy:175 _log DEBUG: Idle time 45.68220901489258s is less than max_idletime 120.0s for executor HighThroughputExecutor; not scaling in
1724114663.248145 2024-08-20 00:44:23 MainProcess-2145306 JobStatusPoller-Timer-Thread-22667172334608-22667171964672 parsl.process_loggers:175 _log DEBUG: Normal ending for _general_strategy on thread JobStatusPoller-Timer-Thread-22667172334608
1724114664.817904 2024-08-20 00:44:24 MainProcess-2145306 MainThread-22675946877120 parsl.dataflow.dflow:175 _log WARNING: Python is exiting with a DFK still running. You should call parsl.dfk().cleanup() before exiting to release any resources
