1724260351.113119 2024-08-21 17:12:31 MainProcess-3987444 MainThread-22914154881216 parsl.dataflow.dflow:175 _log INFO: Starting DataFlowKernel with config
Config(
    app_cache=True, 
    checkpoint_files=None, 
    checkpoint_mode=None, 
    checkpoint_period=None, 
    dependency_resolver=None, 
    executors=(HighThroughputExecutor(
        address='10.140.56.175', 
        address_probe_timeout=None, 
        available_accelerators=['0,1,2,3'], 
        block_error_handler=<function simple_error_handler at 0x14d5132268e0>, 
        cores_per_worker=1.0, 
        cpu_affinity='block-reverse', 
        drain_period=None, 
        enable_mpi_mode=False, 
        encrypted=False, 
        heartbeat_period=30, 
        heartbeat_threshold=120, 
        interchange_launch_cmd=['interchange.py'], 
        interchange_port_range=(55000, 56000), 
        label='HighThroughputExecutor', 
        launch_cmd='process_worker_pool.py {debug} {max_workers_per_node} -a {addresses} -p {prefetch_capacity} -c {cores_per_worker} -m {mem_per_worker} --poll {poll_period} --task_port={task_port} --result_port={result_port} --cert_dir {cert_dir} --logdir={logdir} --block_id={{block_id}} --hb_period={heartbeat_period} {address_probe_timeout_string} --hb_threshold={heartbeat_threshold} --drain_period={drain_period} --cpu-affinity {cpu_affinity} {enable_mpi_mode} --mpi-launcher={mpi_launcher} --available-accelerators {accelerators}', 
        manager_selector=<parsl.executors.high_throughput.manager_selector.RandomManagerSelector object at 0x14d5156dcc10>, 
        max_workers=inf, 
        max_workers_per_node=inf, 
        mem_per_worker=None, 
        mpi_launcher='mpiexec', 
        poll_period=10, 
        prefetch_capacity=0, 
        provider=LocalProvider(
            channel=LocalChannel(
                envs={}, 
                script_dir=None, 
                userhome='/home/viralss2/nekRS-ML_MSR/examples/parsl_MSR_smartsim'
            ), 
            cmd_timeout=30, 
            init_blocks=1, 
            launcher=SingleNodeLauncher(debug=True, fail_on_any=False), 
            max_blocks=1, 
            min_blocks=0, 
            move_files=None, 
            nodes_per_block=1, 
            parallelism=1, 
            worker_init='source /home/viralss2/ALCF_Hands_on_HPC_Workshop/workflows/parsl/launch_eg/set_run_env;\n                            cd /home/viralss2/nekRS-ML_MSR/examples/parsl_MSR_smartsim'
        ), 
        storage_access=None, 
        worker_debug=False, 
        worker_logdir_root=None, 
        worker_port_range=(54000, 55000), 
        worker_ports=None, 
        working_dir=None
    ),), 
    exit_mode='cleanup', 
    garbage_collect=True, 
    initialize_logging=True, 
    internal_tasks_max_threads=10, 
    max_idletime=120.0, 
    monitoring=None, 
    retries=1, 
    retry_handler=None, 
    run_dir='runinfo', 
    std_autopath=None, 
    strategy='simple', 
    strategy_period=5, 
    usage_tracking=0
)
1724260351.114699 2024-08-21 17:12:31 MainProcess-3987444 MainThread-22914154881216 parsl.dataflow.dflow:175 _log INFO: Parsl version: 2024.08.05
1724260351.114788 2024-08-21 17:12:31 MainProcess-3987444 MainThread-22914154881216 parsl.usage_tracking.usage:175 _log DEBUG: Tracking level: 0
1724260351.114868 2024-08-21 17:12:31 MainProcess-3987444 MainThread-22914154881216 parsl.dataflow.dflow:175 _log INFO: Run id is: f283b06a-2bea-4111-bef3-a31ea30f6b83
1724260351.273588 2024-08-21 17:12:31 MainProcess-3987444 MainThread-22914154881216 parsl.dataflow.dflow:175 _log DEBUG: Considering candidate for workflow name: /home/viralss2/SSML/lib/python3.11/site-packages/parsl/dataflow/dflow.py
1724260351.273656 2024-08-21 17:12:31 MainProcess-3987444 MainThread-22914154881216 parsl.dataflow.dflow:175 _log DEBUG: Considering candidate for workflow name: /soft/applications/conda/2024-04-29/mconda3/lib/python3.11/site-packages/typeguard/__init__.py
1724260351.273708 2024-08-21 17:12:31 MainProcess-3987444 MainThread-22914154881216 parsl.dataflow.dflow:175 _log DEBUG: Considering candidate for workflow name: /home/viralss2/SSML/lib/python3.11/site-packages/parsl/dataflow/dflow.py
1724260351.273773 2024-08-21 17:12:31 MainProcess-3987444 MainThread-22914154881216 parsl.dataflow.dflow:175 _log DEBUG: Considering candidate for workflow name: /soft/applications/conda/2024-04-29/mconda3/lib/python3.11/site-packages/typeguard/__init__.py
1724260351.273830 2024-08-21 17:12:31 MainProcess-3987444 MainThread-22914154881216 parsl.dataflow.dflow:175 _log DEBUG: Considering candidate for workflow name: /home/viralss2/nekRS-ML_MSR/examples/parsl_MSR_smartsim/ssim_driver_polaris.py
1724260351.273873 2024-08-21 17:12:31 MainProcess-3987444 MainThread-22914154881216 parsl.dataflow.dflow:175 _log DEBUG: Using ssim_driver_polaris.py as workflow name
1724260351.274005 2024-08-21 17:12:31 MainProcess-3987444 MainThread-22914154881216 parsl.dataflow.memoization:175 _log INFO: App caching initialized
1724260351.274061 2024-08-21 17:12:31 MainProcess-3987444 MainThread-22914154881216 parsl.jobs.strategy:175 _log DEBUG: Scaling strategy: simple
1724260351.278877 2024-08-21 17:12:31 MainProcess-3987444 MainThread-22914154881216 parsl.executors.high_throughput.executor:175 _log DEBUG: Starting result queue thread
1724260351.279113 2024-08-21 17:12:31 MainProcess-3987444 HTEX-Result-Queue-Thread-22905365264128 parsl.executors.high_throughput.executor:175 _log DEBUG: Result queue worker starting
1724260351.279202 2024-08-21 17:12:31 MainProcess-3987444 MainThread-22914154881216 parsl.executors.high_throughput.executor:175 _log DEBUG: Started result queue thread
1724260351.279251 2024-08-21 17:12:31 MainProcess-3987444 HTEX-Result-Queue-Thread-22905365264128 parsl.executors.high_throughput.zmq_pipes:175 _log DEBUG: Waiting for ResultsIncoming message
1724260351.280945 2024-08-21 17:12:31 MainProcess-3987444 MainThread-22914154881216 parsl.executors.high_throughput.executor:175 _log DEBUG: Popened interchange process. Writing config object
1724260351.281016 2024-08-21 17:12:31 MainProcess-3987444 MainThread-22914154881216 parsl.executors.high_throughput.executor:175 _log DEBUG: Sent config object. Requesting worker ports
1724260351.281074 2024-08-21 17:12:31 MainProcess-3987444 MainThread-22914154881216 parsl.executors.high_throughput.zmq_pipes:175 _log DEBUG: Sending command client command
1724260351.861250 2024-08-21 17:12:31 MainProcess-3987444 MainThread-22914154881216 parsl.executors.high_throughput.zmq_pipes:175 _log DEBUG: Polling for command client response or timeout
1724260351.862822 2024-08-21 17:12:31 MainProcess-3987444 MainThread-22914154881216 parsl.executors.high_throughput.zmq_pipes:175 _log DEBUG: Receiving command client response
1724260351.862897 2024-08-21 17:12:31 MainProcess-3987444 MainThread-22914154881216 parsl.executors.high_throughput.zmq_pipes:175 _log DEBUG: Received command client response
1724260351.862946 2024-08-21 17:12:31 MainProcess-3987444 MainThread-22914154881216 parsl.executors.high_throughput.executor:175 _log DEBUG: Got worker ports
1724260351.862987 2024-08-21 17:12:31 MainProcess-3987444 MainThread-22914154881216 parsl.executors.high_throughput.executor:175 _log DEBUG: Created result queue thread: <Thread(HTEX-Result-Queue-Thread, started daemon 22905365264128)>
1724260351.863242 2024-08-21 17:12:31 MainProcess-3987444 MainThread-22914154881216 parsl.executors.high_throughput.executor:175 _log DEBUG: Launch command: process_worker_pool.py   -a 10.140.56.175 -p 0 -c 1.0 -m None --poll 10 --task_port=54153 --result_port=54357 --cert_dir None --logdir=/home/viralss2/nekRS-ML_MSR/examples/parsl_MSR_smartsim/runinfo/068/HighThroughputExecutor --block_id={block_id} --hb_period=30  --hb_threshold=120 --drain_period=None --cpu-affinity block-reverse  --mpi-launcher=mpiexec --available-accelerators 0,1,2,3
1724260351.863294 2024-08-21 17:12:31 MainProcess-3987444 MainThread-22914154881216 parsl.executors.high_throughput.executor:175 _log DEBUG: Starting HighThroughputExecutor with provider:
LocalProvider(
    channel=LocalChannel(
        envs={}, 
        script_dir='/home/viralss2/nekRS-ML_MSR/examples/parsl_MSR_smartsim/runinfo/068/submit_scripts', 
        userhome='/home/viralss2/nekRS-ML_MSR/examples/parsl_MSR_smartsim'
    ), 
    cmd_timeout=30, 
    init_blocks=1, 
    launcher=SingleNodeLauncher(debug=True, fail_on_any=False), 
    max_blocks=1, 
    min_blocks=0, 
    move_files=None, 
    nodes_per_block=1, 
    parallelism=1, 
    worker_init='source /home/viralss2/ALCF_Hands_on_HPC_Workshop/workflows/parsl/launch_eg/set_run_env;\n                            cd /home/viralss2/nekRS-ML_MSR/examples/parsl_MSR_smartsim'
)
1724260351.863639 2024-08-21 17:12:31 MainProcess-3987444 MainThread-22914154881216 parsl.jobs.job_status_poller:175 _log DEBUG: Adding executor HighThroughputExecutor
1724260356.274505 2024-08-21 17:12:36 MainProcess-3987444 JobStatusPoller-Timer-Thread-22905380202832-22905379972864 parsl.executors.high_throughput.zmq_pipes:175 _log DEBUG: Sending command client command
1724260366.749460 2024-08-21 17:12:46 MainProcess-3987444 MainThread-22914154881216 parsl.dataflow.dflow:175 _log WARNING: Python is exiting with a DFK still running. You should call parsl.dfk().cleanup() before exiting to release any resources
