1724108000.768275 2024-08-19 22:53:20 MainProcess-3012968 MainThread-23186501685440 parsl.dataflow.dflow:175 _log INFO: Starting DataFlowKernel with config
Config(
    app_cache=True, 
    checkpoint_files=None, 
    checkpoint_mode=None, 
    checkpoint_period=None, 
    dependency_resolver=None, 
    executors=(HighThroughputExecutor(
        address='10.140.57.88', 
        address_probe_timeout=None, 
        available_accelerators=['0,1,2,3'], 
        block_error_handler=<function simple_error_handler at 0x15147c4068e0>, 
        cores_per_worker=1.0, 
        cpu_affinity='block-reverse', 
        drain_period=None, 
        enable_mpi_mode=False, 
        encrypted=False, 
        heartbeat_period=30, 
        heartbeat_threshold=120, 
        interchange_launch_cmd=['interchange.py'], 
        interchange_port_range=(55000, 56000), 
        label='HighThroughputExecutor', 
        launch_cmd='process_worker_pool.py {debug} {max_workers_per_node} -a {addresses} -p {prefetch_capacity} -c {cores_per_worker} -m {mem_per_worker} --poll {poll_period} --task_port={task_port} --result_port={result_port} --cert_dir {cert_dir} --logdir={logdir} --block_id={{block_id}} --hb_period={heartbeat_period} {address_probe_timeout_string} --hb_threshold={heartbeat_threshold} --drain_period={drain_period} --cpu-affinity {cpu_affinity} {enable_mpi_mode} --mpi-launcher={mpi_launcher} --available-accelerators {accelerators}', 
        manager_selector=<parsl.executors.high_throughput.manager_selector.RandomManagerSelector object at 0x15147c4162d0>, 
        max_workers=inf, 
        max_workers_per_node=inf, 
        mem_per_worker=None, 
        mpi_launcher='mpiexec', 
        poll_period=10, 
        prefetch_capacity=0, 
        provider=LocalProvider(
            channel=LocalChannel(
                envs={}, 
                script_dir=None, 
                userhome='/home/viralss2/nekRS-ML_MSR/examples/parsl_MSR_smartsim'
            ), 
            cmd_timeout=30, 
            init_blocks=1, 
            launcher=SingleNodeLauncher(debug=True, fail_on_any=False), 
            max_blocks=1, 
            min_blocks=0, 
            move_files=None, 
            nodes_per_block=1, 
            parallelism=1, 
            worker_init='source /home/viralss2/ALCF_Hands_on_HPC_Workshop/workflows/parsl/launch_eg/set_run_env;\n                            cd /home/viralss2/nekRS-ML_MSR/examples/parsl_MSR_smartsim'
        ), 
        storage_access=None, 
        worker_debug=False, 
        worker_logdir_root=None, 
        worker_port_range=(54000, 55000), 
        worker_ports=None, 
        working_dir=None
    ),), 
    exit_mode='cleanup', 
    garbage_collect=True, 
    initialize_logging=True, 
    internal_tasks_max_threads=10, 
    max_idletime=120.0, 
    monitoring=None, 
    retries=1, 
    retry_handler=None, 
    run_dir='runinfo', 
    std_autopath=None, 
    strategy='simple', 
    strategy_period=5, 
    usage_tracking=0
)
1724108000.769193 2024-08-19 22:53:20 MainProcess-3012968 MainThread-23186501685440 parsl.dataflow.dflow:175 _log INFO: Parsl version: 2024.08.05
1724108000.769276 2024-08-19 22:53:20 MainProcess-3012968 MainThread-23186501685440 parsl.usage_tracking.usage:175 _log DEBUG: Tracking level: 0
1724108000.769350 2024-08-19 22:53:20 MainProcess-3012968 MainThread-23186501685440 parsl.dataflow.dflow:175 _log INFO: Run id is: 414d0968-221b-40f8-bf71-28d2398ee720
1724108000.877244 2024-08-19 22:53:20 MainProcess-3012968 MainThread-23186501685440 parsl.dataflow.dflow:175 _log DEBUG: Considering candidate for workflow name: /home/viralss2/SSML/lib/python3.11/site-packages/parsl/dataflow/dflow.py
1724108000.877307 2024-08-19 22:53:20 MainProcess-3012968 MainThread-23186501685440 parsl.dataflow.dflow:175 _log DEBUG: Considering candidate for workflow name: /soft/applications/conda/2024-04-29/mconda3/lib/python3.11/site-packages/typeguard/__init__.py
1724108000.877354 2024-08-19 22:53:20 MainProcess-3012968 MainThread-23186501685440 parsl.dataflow.dflow:175 _log DEBUG: Considering candidate for workflow name: /home/viralss2/SSML/lib/python3.11/site-packages/parsl/dataflow/dflow.py
1724108000.877419 2024-08-19 22:53:20 MainProcess-3012968 MainThread-23186501685440 parsl.dataflow.dflow:175 _log DEBUG: Considering candidate for workflow name: /soft/applications/conda/2024-04-29/mconda3/lib/python3.11/site-packages/typeguard/__init__.py
1724108000.877472 2024-08-19 22:53:20 MainProcess-3012968 MainThread-23186501685440 parsl.dataflow.dflow:175 _log DEBUG: Considering candidate for workflow name: /home/viralss2/nekRS-ML_MSR/examples/parsl_MSR_smartsim/ssim_driver_polaris.py
1724108000.877511 2024-08-19 22:53:20 MainProcess-3012968 MainThread-23186501685440 parsl.dataflow.dflow:175 _log DEBUG: Using ssim_driver_polaris.py as workflow name
1724108000.877630 2024-08-19 22:53:20 MainProcess-3012968 MainThread-23186501685440 parsl.dataflow.memoization:175 _log INFO: App caching initialized
1724108000.877682 2024-08-19 22:53:20 MainProcess-3012968 MainThread-23186501685440 parsl.jobs.strategy:175 _log DEBUG: Scaling strategy: simple
1724108000.882294 2024-08-19 22:53:20 MainProcess-3012968 MainThread-23186501685440 parsl.executors.high_throughput.executor:175 _log DEBUG: Starting result queue thread
1724108000.882529 2024-08-19 22:53:20 MainProcess-3012968 HTEX-Result-Queue-Thread-23177644185344 parsl.executors.high_throughput.executor:175 _log DEBUG: Result queue worker starting
1724108000.882612 2024-08-19 22:53:20 MainProcess-3012968 MainThread-23186501685440 parsl.executors.high_throughput.executor:175 _log DEBUG: Started result queue thread
1724108000.882664 2024-08-19 22:53:20 MainProcess-3012968 HTEX-Result-Queue-Thread-23177644185344 parsl.executors.high_throughput.zmq_pipes:175 _log DEBUG: Waiting for ResultsIncoming message
1724108000.883663 2024-08-19 22:53:20 MainProcess-3012968 MainThread-23186501685440 parsl.executors.high_throughput.executor:175 _log DEBUG: Popened interchange process. Writing config object
1724108000.883730 2024-08-19 22:53:20 MainProcess-3012968 MainThread-23186501685440 parsl.executors.high_throughput.executor:175 _log DEBUG: Sent config object. Requesting worker ports
1724108000.883773 2024-08-19 22:53:20 MainProcess-3012968 MainThread-23186501685440 parsl.executors.high_throughput.zmq_pipes:175 _log DEBUG: Sending command client command
1724108001.438785 2024-08-19 22:53:21 MainProcess-3012968 MainThread-23186501685440 parsl.executors.high_throughput.zmq_pipes:175 _log DEBUG: Polling for command client response or timeout
1724108001.440410 2024-08-19 22:53:21 MainProcess-3012968 MainThread-23186501685440 parsl.executors.high_throughput.zmq_pipes:175 _log DEBUG: Receiving command client response
1724108001.440480 2024-08-19 22:53:21 MainProcess-3012968 MainThread-23186501685440 parsl.executors.high_throughput.zmq_pipes:175 _log DEBUG: Received command client response
1724108001.440533 2024-08-19 22:53:21 MainProcess-3012968 MainThread-23186501685440 parsl.executors.high_throughput.executor:175 _log DEBUG: Got worker ports
1724108001.440571 2024-08-19 22:53:21 MainProcess-3012968 MainThread-23186501685440 parsl.executors.high_throughput.executor:175 _log DEBUG: Created result queue thread: <Thread(HTEX-Result-Queue-Thread, started daemon 23177644185344)>
1724108001.440811 2024-08-19 22:53:21 MainProcess-3012968 MainThread-23186501685440 parsl.executors.high_throughput.executor:175 _log DEBUG: Launch command: process_worker_pool.py   -a 10.140.57.88 -p 0 -c 1.0 -m None --poll 10 --task_port=54616 --result_port=54026 --cert_dir None --logdir=/home/viralss2/nekRS-ML_MSR/examples/parsl_MSR_smartsim/runinfo/014/HighThroughputExecutor --block_id={block_id} --hb_period=30  --hb_threshold=120 --drain_period=None --cpu-affinity block-reverse  --mpi-launcher=mpiexec --available-accelerators 0,1,2,3
1724108001.440887 2024-08-19 22:53:21 MainProcess-3012968 MainThread-23186501685440 parsl.executors.high_throughput.executor:175 _log DEBUG: Starting HighThroughputExecutor with provider:
LocalProvider(
    channel=LocalChannel(
        envs={}, 
        script_dir='/home/viralss2/nekRS-ML_MSR/examples/parsl_MSR_smartsim/runinfo/014/submit_scripts', 
        userhome='/home/viralss2/nekRS-ML_MSR/examples/parsl_MSR_smartsim'
    ), 
    cmd_timeout=30, 
    init_blocks=1, 
    launcher=SingleNodeLauncher(debug=True, fail_on_any=False), 
    max_blocks=1, 
    min_blocks=0, 
    move_files=None, 
    nodes_per_block=1, 
    parallelism=1, 
    worker_init='source /home/viralss2/ALCF_Hands_on_HPC_Workshop/workflows/parsl/launch_eg/set_run_env;\n                            cd /home/viralss2/nekRS-ML_MSR/examples/parsl_MSR_smartsim'
)
1724108001.441422 2024-08-19 22:53:21 MainProcess-3012968 MainThread-23186501685440 parsl.jobs.job_status_poller:175 _log DEBUG: Adding executor HighThroughputExecutor
1724108005.878158 2024-08-19 22:53:25 MainProcess-3012968 JobStatusPoller-Timer-Thread-23177726993872-23177726781184 parsl.executors.high_throughput.zmq_pipes:175 _log DEBUG: Sending command client command
1724108005.878425 2024-08-19 22:53:25 MainProcess-3012968 JobStatusPoller-Timer-Thread-23177726993872-23177726781184 parsl.executors.high_throughput.zmq_pipes:175 _log DEBUG: Receiving command client response
1724108005.878716 2024-08-19 22:53:25 MainProcess-3012968 JobStatusPoller-Timer-Thread-23177726993872-23177726781184 parsl.executors.high_throughput.zmq_pipes:175 _log DEBUG: Received command client response
1724108005.878896 2024-08-19 22:53:25 MainProcess-3012968 JobStatusPoller-Timer-Thread-23177726993872-23177726781184 parsl.jobs.strategy:175 _log DEBUG: general strategy starting with strategy_type simple for 1 executors
1724108005.878984 2024-08-19 22:53:25 MainProcess-3012968 JobStatusPoller-Timer-Thread-23177726993872-23177726781184 parsl.jobs.strategy:175 _log DEBUG: Strategizing for executor HighThroughputExecutor
1724108005.879058 2024-08-19 22:53:25 MainProcess-3012968 JobStatusPoller-Timer-Thread-23177726993872-23177726781184 parsl.jobs.strategy:175 _log DEBUG: Scaling out 1 initial blocks for HighThroughputExecutor
1724108005.879135 2024-08-19 22:53:25 MainProcess-3012968 JobStatusPoller-Timer-Thread-23177726993872-23177726781184 parsl.executors.status_handling:175 _log INFO: Scaling out by 1 blocks
1724108005.879211 2024-08-19 22:53:25 MainProcess-3012968 JobStatusPoller-Timer-Thread-23177726993872-23177726781184 parsl.executors.status_handling:175 _log INFO: Allocated block ID 0
1724108005.879259 2024-08-19 22:53:25 MainProcess-3012968 JobStatusPoller-Timer-Thread-23177726993872-23177726781184 parsl.executors.status_handling:175 _log DEBUG: Submitting to provider with job_name parsl.HighThroughputExecutor.block-0
1724108005.881843 2024-08-19 22:53:25 MainProcess-3012968 JobStatusPoller-Timer-Thread-23177726993872-23177726781184 parsl.providers.local.local:175 _log DEBUG: Launching
1724108005.882059 2024-08-19 22:53:25 MainProcess-3012968 JobStatusPoller-Timer-Thread-23177726993872-23177726781184 parsl.channels.local.local:175 _log DEBUG: Creating process with command '/bin/bash -c 'echo - >/home/viralss2/nekRS-ML_MSR/examples/parsl_MSR_smartsim/runinfo/014/submit_scripts/parsl.HighThroughputExecutor.block-0.1724108005.8793657.sh.ec && { { bash /home/viralss2/nekRS-ML_MSR/examples/parsl_MSR_smartsim/runinfo/014/submit_scripts/parsl.HighThroughputExecutor.block-0.1724108005.8793657.sh 1>/home/viralss2/nekRS-ML_MSR/examples/parsl_MSR_smartsim/runinfo/014/submit_scripts/parsl.HighThroughputExecutor.block-0.1724108005.8793657.sh.out 2>/home/viralss2/nekRS-ML_MSR/examples/parsl_MSR_smartsim/runinfo/014/submit_scripts/parsl.HighThroughputExecutor.block-0.1724108005.8793657.sh.err ; echo $? > /home/viralss2/nekRS-ML_MSR/examples/parsl_MSR_smartsim/runinfo/014/submit_scripts/parsl.HighThroughputExecutor.block-0.1724108005.8793657.sh.ec ; } >/dev/null 2>&1 & echo "PID:$!" ; }''
1724108005.895820 2024-08-19 22:53:25 MainProcess-3012968 JobStatusPoller-Timer-Thread-23177726993872-23177726781184 parsl.channels.local.local:175 _log DEBUG: Created process with pid 3013181. Performing communicate
1724108005.904355 2024-08-19 22:53:25 MainProcess-3012968 JobStatusPoller-Timer-Thread-23177726993872-23177726781184 parsl.channels.local.local:175 _log DEBUG: Process 3013181 returned 0
1724108005.904467 2024-08-19 22:53:25 MainProcess-3012968 JobStatusPoller-Timer-Thread-23177726993872-23177726781184 parsl.channels.local.local:175 _log DEBUG: Execution of command in process 3013181 completed normally
1724108005.904604 2024-08-19 22:53:25 MainProcess-3012968 JobStatusPoller-Timer-Thread-23177726993872-23177726781184 parsl.executors.status_handling:175 _log DEBUG: Launched block 0 on executor HighThroughputExecutor with job ID 3013182
1724108005.904693 2024-08-19 22:53:25 MainProcess-3012968 JobStatusPoller-Timer-Thread-23177726993872-23177726781184 parsl.executors.high_throughput.zmq_pipes:175 _log DEBUG: Sending command client command
1724108005.904782 2024-08-19 22:53:25 MainProcess-3012968 JobStatusPoller-Timer-Thread-23177726993872-23177726781184 parsl.executors.high_throughput.zmq_pipes:175 _log DEBUG: Receiving command client response
1724108005.904917 2024-08-19 22:53:25 MainProcess-3012968 JobStatusPoller-Timer-Thread-23177726993872-23177726781184 parsl.executors.high_throughput.zmq_pipes:175 _log DEBUG: Received command client response
1724108005.904978 2024-08-19 22:53:25 MainProcess-3012968 JobStatusPoller-Timer-Thread-23177726993872-23177726781184 parsl.jobs.strategy:175 _log DEBUG: Slot ratio calculation: active_slots = 1, active_tasks = 0
1724108005.905019 2024-08-19 22:53:25 MainProcess-3012968 JobStatusPoller-Timer-Thread-23177726993872-23177726781184 parsl.executors.high_throughput.zmq_pipes:175 _log DEBUG: Sending command client command
1724108005.905064 2024-08-19 22:53:25 MainProcess-3012968 JobStatusPoller-Timer-Thread-23177726993872-23177726781184 parsl.executors.high_throughput.zmq_pipes:175 _log DEBUG: Receiving command client response
1724108005.905143 2024-08-19 22:53:25 MainProcess-3012968 JobStatusPoller-Timer-Thread-23177726993872-23177726781184 parsl.executors.high_throughput.zmq_pipes:175 _log DEBUG: Received command client response
1724108005.905187 2024-08-19 22:53:25 MainProcess-3012968 JobStatusPoller-Timer-Thread-23177726993872-23177726781184 parsl.executors.high_throughput.zmq_pipes:175 _log DEBUG: Sending command client command
1724108005.905230 2024-08-19 22:53:25 MainProcess-3012968 JobStatusPoller-Timer-Thread-23177726993872-23177726781184 parsl.executors.high_throughput.zmq_pipes:175 _log DEBUG: Receiving command client response
1724108005.905316 2024-08-19 22:53:25 MainProcess-3012968 JobStatusPoller-Timer-Thread-23177726993872-23177726781184 parsl.executors.high_throughput.zmq_pipes:175 _log DEBUG: Received command client response
1724108005.905356 2024-08-19 22:53:25 MainProcess-3012968 JobStatusPoller-Timer-Thread-23177726993872-23177726781184 parsl.jobs.strategy:175 _log DEBUG: Executor HighThroughputExecutor has 0 active tasks, 0/1 running/pending blocks, and 0 connected workers
1724108005.905389 2024-08-19 22:53:25 MainProcess-3012968 JobStatusPoller-Timer-Thread-23177726993872-23177726781184 parsl.jobs.strategy:175 _log DEBUG: Strategy case 1: Executor has no active tasks
1724108005.905422 2024-08-19 22:53:25 MainProcess-3012968 JobStatusPoller-Timer-Thread-23177726993872-23177726781184 parsl.jobs.strategy:175 _log DEBUG: Strategy case 1b: Executor has no active tasks, and more (1) than minimum blocks (0)
1724108005.905460 2024-08-19 22:53:25 MainProcess-3012968 JobStatusPoller-Timer-Thread-23177726993872-23177726781184 parsl.jobs.strategy:175 _log DEBUG: Starting idle timer for executor. If idle time exceeds 120.0s, blocks will be scaled in
1724108005.905507 2024-08-19 22:53:25 MainProcess-3012968 JobStatusPoller-Timer-Thread-23177726993872-23177726781184 parsl.jobs.strategy:175 _log DEBUG: Idle time 7.152557373046875e-07s is less than max_idletime 120.0s for executor HighThroughputExecutor; not scaling in
1724108005.905558 2024-08-19 22:53:25 MainProcess-3012968 JobStatusPoller-Timer-Thread-23177726993872-23177726781184 parsl.process_loggers:175 _log DEBUG: Normal ending for _general_strategy on thread JobStatusPoller-Timer-Thread-23177726993872
1724108010.905933 2024-08-19 22:53:30 MainProcess-3012968 JobStatusPoller-Timer-Thread-23177726993872-23177726781184 parsl.channels.local.local:175 _log DEBUG: Creating process with command 'ps -p 3013182 > /dev/null 2> /dev/null; echo "STATUS:$?" '
1724108010.914089 2024-08-19 22:53:30 MainProcess-3012968 JobStatusPoller-Timer-Thread-23177726993872-23177726781184 parsl.channels.local.local:175 _log DEBUG: Created process with pid 3013396. Performing communicate
1724108010.977370 2024-08-19 22:53:30 MainProcess-3012968 JobStatusPoller-Timer-Thread-23177726993872-23177726781184 parsl.channels.local.local:175 _log DEBUG: Process 3013396 returned 0
1724108010.977472 2024-08-19 22:53:30 MainProcess-3012968 JobStatusPoller-Timer-Thread-23177726993872-23177726781184 parsl.channels.local.local:175 _log DEBUG: Execution of command in process 3013396 completed normally
1724108010.978494 2024-08-19 22:53:30 MainProcess-3012968 JobStatusPoller-Timer-Thread-23177726993872-23177726781184 parsl.executors.high_throughput.zmq_pipes:175 _log DEBUG: Sending command client command
1724108010.978619 2024-08-19 22:53:30 MainProcess-3012968 JobStatusPoller-Timer-Thread-23177726993872-23177726781184 parsl.executors.high_throughput.zmq_pipes:175 _log DEBUG: Receiving command client response
1724108010.978801 2024-08-19 22:53:30 MainProcess-3012968 JobStatusPoller-Timer-Thread-23177726993872-23177726781184 parsl.executors.high_throughput.zmq_pipes:175 _log DEBUG: Received command client response
1724108010.978932 2024-08-19 22:53:30 MainProcess-3012968 JobStatusPoller-Timer-Thread-23177726993872-23177726781184 parsl.jobs.strategy:175 _log DEBUG: general strategy starting with strategy_type simple for 1 executors
1724108010.978977 2024-08-19 22:53:30 MainProcess-3012968 JobStatusPoller-Timer-Thread-23177726993872-23177726781184 parsl.jobs.strategy:175 _log DEBUG: Strategizing for executor HighThroughputExecutor
1724108010.979021 2024-08-19 22:53:30 MainProcess-3012968 JobStatusPoller-Timer-Thread-23177726993872-23177726781184 parsl.executors.high_throughput.zmq_pipes:175 _log DEBUG: Sending command client command
1724108010.979068 2024-08-19 22:53:30 MainProcess-3012968 JobStatusPoller-Timer-Thread-23177726993872-23177726781184 parsl.executors.high_throughput.zmq_pipes:175 _log DEBUG: Receiving command client response
1724108010.979175 2024-08-19 22:53:30 MainProcess-3012968 JobStatusPoller-Timer-Thread-23177726993872-23177726781184 parsl.executors.high_throughput.zmq_pipes:175 _log DEBUG: Received command client response
1724108010.979226 2024-08-19 22:53:30 MainProcess-3012968 JobStatusPoller-Timer-Thread-23177726993872-23177726781184 parsl.jobs.strategy:175 _log DEBUG: Slot ratio calculation: active_slots = 1, active_tasks = 0
1724108010.979269 2024-08-19 22:53:30 MainProcess-3012968 JobStatusPoller-Timer-Thread-23177726993872-23177726781184 parsl.executors.high_throughput.zmq_pipes:175 _log DEBUG: Sending command client command
1724108010.979321 2024-08-19 22:53:30 MainProcess-3012968 JobStatusPoller-Timer-Thread-23177726993872-23177726781184 parsl.executors.high_throughput.zmq_pipes:175 _log DEBUG: Receiving command client response
1724108010.979419 2024-08-19 22:53:30 MainProcess-3012968 JobStatusPoller-Timer-Thread-23177726993872-23177726781184 parsl.executors.high_throughput.zmq_pipes:175 _log DEBUG: Received command client response
1724108010.979461 2024-08-19 22:53:30 MainProcess-3012968 JobStatusPoller-Timer-Thread-23177726993872-23177726781184 parsl.executors.high_throughput.zmq_pipes:175 _log DEBUG: Sending command client command
1724108010.979505 2024-08-19 22:53:30 MainProcess-3012968 JobStatusPoller-Timer-Thread-23177726993872-23177726781184 parsl.executors.high_throughput.zmq_pipes:175 _log DEBUG: Receiving command client response
1724108010.979582 2024-08-19 22:53:30 MainProcess-3012968 JobStatusPoller-Timer-Thread-23177726993872-23177726781184 parsl.executors.high_throughput.zmq_pipes:175 _log DEBUG: Received command client response
1724108010.979622 2024-08-19 22:53:30 MainProcess-3012968 JobStatusPoller-Timer-Thread-23177726993872-23177726781184 parsl.jobs.strategy:175 _log DEBUG: Executor HighThroughputExecutor has 0 active tasks, 1/0 running/pending blocks, and 1 connected workers
1724108010.979671 2024-08-19 22:53:30 MainProcess-3012968 JobStatusPoller-Timer-Thread-23177726993872-23177726781184 parsl.jobs.strategy:175 _log DEBUG: Strategy case 1: Executor has no active tasks
1724108010.979707 2024-08-19 22:53:30 MainProcess-3012968 JobStatusPoller-Timer-Thread-23177726993872-23177726781184 parsl.jobs.strategy:175 _log DEBUG: Strategy case 1b: Executor has no active tasks, and more (1) than minimum blocks (0)
1724108010.979752 2024-08-19 22:53:30 MainProcess-3012968 JobStatusPoller-Timer-Thread-23177726993872-23177726781184 parsl.jobs.strategy:175 _log DEBUG: Idle time 5.074244976043701s is less than max_idletime 120.0s for executor HighThroughputExecutor; not scaling in
1724108010.979790 2024-08-19 22:53:30 MainProcess-3012968 JobStatusPoller-Timer-Thread-23177726993872-23177726781184 parsl.process_loggers:175 _log DEBUG: Normal ending for _general_strategy on thread JobStatusPoller-Timer-Thread-23177726993872
1724108011.709858 2024-08-19 22:53:31 MainProcess-3012968 MainThread-23186501685440 parsl.dataflow.dflow:175 _log WARNING: Python is exiting with a DFK still running. You should call parsl.dfk().cleanup() before exiting to release any resources
