1724112816.987945 2024-08-20 00:13:36 MainProcess-2131345 MainThread-22607418032320 parsl.dataflow.dflow:175 _log INFO: Starting DataFlowKernel with config
Config(
    app_cache=True, 
    checkpoint_files=None, 
    checkpoint_mode=None, 
    checkpoint_period=None, 
    dependency_resolver=None, 
    executors=(HighThroughputExecutor(
        address='10.140.56.174', 
        address_probe_timeout=None, 
        available_accelerators=['0,1,2,3'], 
        block_error_handler=<function simple_error_handler at 0x148da82e6980>, 
        cores_per_worker=1.0, 
        cpu_affinity='block-reverse', 
        drain_period=None, 
        enable_mpi_mode=False, 
        encrypted=False, 
        heartbeat_period=30, 
        heartbeat_threshold=120, 
        interchange_launch_cmd=['interchange.py'], 
        interchange_port_range=(55000, 56000), 
        label='HighThroughputExecutor', 
        launch_cmd='process_worker_pool.py {debug} {max_workers_per_node} -a {addresses} -p {prefetch_capacity} -c {cores_per_worker} -m {mem_per_worker} --poll {poll_period} --task_port={task_port} --result_port={result_port} --cert_dir {cert_dir} --logdir={logdir} --block_id={{block_id}} --hb_period={heartbeat_period} {address_probe_timeout_string} --hb_threshold={heartbeat_threshold} --drain_period={drain_period} --cpu-affinity {cpu_affinity} {enable_mpi_mode} --mpi-launcher={mpi_launcher} --available-accelerators {accelerators}', 
        manager_selector=<parsl.executors.high_throughput.manager_selector.RandomManagerSelector object at 0x148daa83b910>, 
        max_workers=inf, 
        max_workers_per_node=inf, 
        mem_per_worker=None, 
        mpi_launcher='mpiexec', 
        poll_period=10, 
        prefetch_capacity=0, 
        provider=LocalProvider(
            channel=LocalChannel(
                envs={}, 
                script_dir=None, 
                userhome='/home/viralss2/nekRS-ML_MSR/examples/parsl_MSR_smartsim'
            ), 
            cmd_timeout=30, 
            init_blocks=1, 
            launcher=SingleNodeLauncher(debug=True, fail_on_any=False), 
            max_blocks=1, 
            min_blocks=0, 
            move_files=None, 
            nodes_per_block=1, 
            parallelism=1, 
            worker_init='source /home/viralss2/ALCF_Hands_on_HPC_Workshop/workflows/parsl/launch_eg/set_run_env;\n                            cd /home/viralss2/nekRS-ML_MSR/examples/parsl_MSR_smartsim'
        ), 
        storage_access=None, 
        worker_debug=False, 
        worker_logdir_root=None, 
        worker_port_range=(54000, 55000), 
        worker_ports=None, 
        working_dir=None
    ),), 
    exit_mode='cleanup', 
    garbage_collect=True, 
    initialize_logging=True, 
    internal_tasks_max_threads=10, 
    max_idletime=120.0, 
    monitoring=None, 
    retries=1, 
    retry_handler=None, 
    run_dir='runinfo', 
    std_autopath=None, 
    strategy='simple', 
    strategy_period=5, 
    usage_tracking=0
)
1724112816.988958 2024-08-20 00:13:36 MainProcess-2131345 MainThread-22607418032320 parsl.dataflow.dflow:175 _log INFO: Parsl version: 2024.08.05
1724112816.989040 2024-08-20 00:13:36 MainProcess-2131345 MainThread-22607418032320 parsl.usage_tracking.usage:175 _log DEBUG: Tracking level: 0
1724112816.989115 2024-08-20 00:13:36 MainProcess-2131345 MainThread-22607418032320 parsl.dataflow.dflow:175 _log INFO: Run id is: 82db4c4c-24f9-49f3-a51e-de389a330810
1724112817.092476 2024-08-20 00:13:37 MainProcess-2131345 MainThread-22607418032320 parsl.dataflow.dflow:175 _log DEBUG: Considering candidate for workflow name: /home/viralss2/SSML/lib/python3.11/site-packages/parsl/dataflow/dflow.py
1724112817.092536 2024-08-20 00:13:37 MainProcess-2131345 MainThread-22607418032320 parsl.dataflow.dflow:175 _log DEBUG: Considering candidate for workflow name: /soft/applications/conda/2024-04-29/mconda3/lib/python3.11/site-packages/typeguard/__init__.py
1724112817.092582 2024-08-20 00:13:37 MainProcess-2131345 MainThread-22607418032320 parsl.dataflow.dflow:175 _log DEBUG: Considering candidate for workflow name: /home/viralss2/SSML/lib/python3.11/site-packages/parsl/dataflow/dflow.py
1724112817.092642 2024-08-20 00:13:37 MainProcess-2131345 MainThread-22607418032320 parsl.dataflow.dflow:175 _log DEBUG: Considering candidate for workflow name: /soft/applications/conda/2024-04-29/mconda3/lib/python3.11/site-packages/typeguard/__init__.py
1724112817.092695 2024-08-20 00:13:37 MainProcess-2131345 MainThread-22607418032320 parsl.dataflow.dflow:175 _log DEBUG: Considering candidate for workflow name: /home/viralss2/nekRS-ML_MSR/examples/parsl_MSR_smartsim/ssim_driver_polaris.py
1724112817.092734 2024-08-20 00:13:37 MainProcess-2131345 MainThread-22607418032320 parsl.dataflow.dflow:175 _log DEBUG: Using ssim_driver_polaris.py as workflow name
1724112817.092848 2024-08-20 00:13:37 MainProcess-2131345 MainThread-22607418032320 parsl.dataflow.memoization:175 _log INFO: App caching initialized
1724112817.092899 2024-08-20 00:13:37 MainProcess-2131345 MainThread-22607418032320 parsl.jobs.strategy:175 _log DEBUG: Scaling strategy: simple
1724112817.097131 2024-08-20 00:13:37 MainProcess-2131345 MainThread-22607418032320 parsl.executors.high_throughput.executor:175 _log DEBUG: Starting result queue thread
1724112817.097351 2024-08-20 00:13:37 MainProcess-2131345 HTEX-Result-Queue-Thread-22598628374272 parsl.executors.high_throughput.executor:175 _log DEBUG: Result queue worker starting
1724112817.097429 2024-08-20 00:13:37 MainProcess-2131345 MainThread-22607418032320 parsl.executors.high_throughput.executor:175 _log DEBUG: Started result queue thread
1724112817.097470 2024-08-20 00:13:37 MainProcess-2131345 HTEX-Result-Queue-Thread-22598628374272 parsl.executors.high_throughput.zmq_pipes:175 _log DEBUG: Waiting for ResultsIncoming message
1724112817.098756 2024-08-20 00:13:37 MainProcess-2131345 MainThread-22607418032320 parsl.executors.high_throughput.executor:175 _log DEBUG: Popened interchange process. Writing config object
1724112817.098821 2024-08-20 00:13:37 MainProcess-2131345 MainThread-22607418032320 parsl.executors.high_throughput.executor:175 _log DEBUG: Sent config object. Requesting worker ports
1724112817.098863 2024-08-20 00:13:37 MainProcess-2131345 MainThread-22607418032320 parsl.executors.high_throughput.zmq_pipes:175 _log DEBUG: Sending command client command
1724112817.764224 2024-08-20 00:13:37 MainProcess-2131345 MainThread-22607418032320 parsl.executors.high_throughput.zmq_pipes:175 _log DEBUG: Polling for command client response or timeout
1724112817.765773 2024-08-20 00:13:37 MainProcess-2131345 MainThread-22607418032320 parsl.executors.high_throughput.zmq_pipes:175 _log DEBUG: Receiving command client response
1724112817.765838 2024-08-20 00:13:37 MainProcess-2131345 MainThread-22607418032320 parsl.executors.high_throughput.zmq_pipes:175 _log DEBUG: Received command client response
1724112817.765881 2024-08-20 00:13:37 MainProcess-2131345 MainThread-22607418032320 parsl.executors.high_throughput.executor:175 _log DEBUG: Got worker ports
1724112817.765917 2024-08-20 00:13:37 MainProcess-2131345 MainThread-22607418032320 parsl.executors.high_throughput.executor:175 _log DEBUG: Created result queue thread: <Thread(HTEX-Result-Queue-Thread, started daemon 22598628374272)>
1724112817.766116 2024-08-20 00:13:37 MainProcess-2131345 MainThread-22607418032320 parsl.executors.high_throughput.executor:175 _log DEBUG: Launch command: process_worker_pool.py   -a 10.140.56.174 -p 0 -c 1.0 -m None --poll 10 --task_port=54172 --result_port=54728 --cert_dir None --logdir=/home/viralss2/nekRS-ML_MSR/examples/parsl_MSR_smartsim/runinfo/017/HighThroughputExecutor --block_id={block_id} --hb_period=30  --hb_threshold=120 --drain_period=None --cpu-affinity block-reverse  --mpi-launcher=mpiexec --available-accelerators 0,1,2,3
1724112817.766187 2024-08-20 00:13:37 MainProcess-2131345 MainThread-22607418032320 parsl.executors.high_throughput.executor:175 _log DEBUG: Starting HighThroughputExecutor with provider:
LocalProvider(
    channel=LocalChannel(
        envs={}, 
        script_dir='/home/viralss2/nekRS-ML_MSR/examples/parsl_MSR_smartsim/runinfo/017/submit_scripts', 
        userhome='/home/viralss2/nekRS-ML_MSR/examples/parsl_MSR_smartsim'
    ), 
    cmd_timeout=30, 
    init_blocks=1, 
    launcher=SingleNodeLauncher(debug=True, fail_on_any=False), 
    max_blocks=1, 
    min_blocks=0, 
    move_files=None, 
    nodes_per_block=1, 
    parallelism=1, 
    worker_init='source /home/viralss2/ALCF_Hands_on_HPC_Workshop/workflows/parsl/launch_eg/set_run_env;\n                            cd /home/viralss2/nekRS-ML_MSR/examples/parsl_MSR_smartsim'
)
1724112817.766482 2024-08-20 00:13:37 MainProcess-2131345 MainThread-22607418032320 parsl.jobs.job_status_poller:175 _log DEBUG: Adding executor HighThroughputExecutor
1724112822.093334 2024-08-20 00:13:42 MainProcess-2131345 JobStatusPoller-Timer-Thread-22598643425296-22598643083008 parsl.executors.high_throughput.zmq_pipes:175 _log DEBUG: Sending command client command
1724112822.093626 2024-08-20 00:13:42 MainProcess-2131345 JobStatusPoller-Timer-Thread-22598643425296-22598643083008 parsl.executors.high_throughput.zmq_pipes:175 _log DEBUG: Receiving command client response
1724112822.094032 2024-08-20 00:13:42 MainProcess-2131345 JobStatusPoller-Timer-Thread-22598643425296-22598643083008 parsl.executors.high_throughput.zmq_pipes:175 _log DEBUG: Received command client response
1724112822.094124 2024-08-20 00:13:42 MainProcess-2131345 JobStatusPoller-Timer-Thread-22598643425296-22598643083008 parsl.jobs.strategy:175 _log DEBUG: general strategy starting with strategy_type simple for 1 executors
1724112822.094185 2024-08-20 00:13:42 MainProcess-2131345 JobStatusPoller-Timer-Thread-22598643425296-22598643083008 parsl.jobs.strategy:175 _log DEBUG: Strategizing for executor HighThroughputExecutor
1724112822.094230 2024-08-20 00:13:42 MainProcess-2131345 JobStatusPoller-Timer-Thread-22598643425296-22598643083008 parsl.jobs.strategy:175 _log DEBUG: Scaling out 1 initial blocks for HighThroughputExecutor
1724112822.094277 2024-08-20 00:13:42 MainProcess-2131345 JobStatusPoller-Timer-Thread-22598643425296-22598643083008 parsl.executors.status_handling:175 _log INFO: Scaling out by 1 blocks
1724112822.094323 2024-08-20 00:13:42 MainProcess-2131345 JobStatusPoller-Timer-Thread-22598643425296-22598643083008 parsl.executors.status_handling:175 _log INFO: Allocated block ID 0
1724112822.094363 2024-08-20 00:13:42 MainProcess-2131345 JobStatusPoller-Timer-Thread-22598643425296-22598643083008 parsl.executors.status_handling:175 _log DEBUG: Submitting to provider with job_name parsl.HighThroughputExecutor.block-0
1724112822.097129 2024-08-20 00:13:42 MainProcess-2131345 JobStatusPoller-Timer-Thread-22598643425296-22598643083008 parsl.providers.local.local:175 _log DEBUG: Launching
1724112822.097337 2024-08-20 00:13:42 MainProcess-2131345 JobStatusPoller-Timer-Thread-22598643425296-22598643083008 parsl.channels.local.local:175 _log DEBUG: Creating process with command '/bin/bash -c 'echo - >/home/viralss2/nekRS-ML_MSR/examples/parsl_MSR_smartsim/runinfo/017/submit_scripts/parsl.HighThroughputExecutor.block-0.1724112822.094466.sh.ec && { { bash /home/viralss2/nekRS-ML_MSR/examples/parsl_MSR_smartsim/runinfo/017/submit_scripts/parsl.HighThroughputExecutor.block-0.1724112822.094466.sh 1>/home/viralss2/nekRS-ML_MSR/examples/parsl_MSR_smartsim/runinfo/017/submit_scripts/parsl.HighThroughputExecutor.block-0.1724112822.094466.sh.out 2>/home/viralss2/nekRS-ML_MSR/examples/parsl_MSR_smartsim/runinfo/017/submit_scripts/parsl.HighThroughputExecutor.block-0.1724112822.094466.sh.err ; echo $? > /home/viralss2/nekRS-ML_MSR/examples/parsl_MSR_smartsim/runinfo/017/submit_scripts/parsl.HighThroughputExecutor.block-0.1724112822.094466.sh.ec ; } >/dev/null 2>&1 & echo "PID:$!" ; }''
1724112822.109142 2024-08-20 00:13:42 MainProcess-2131345 JobStatusPoller-Timer-Thread-22598643425296-22598643083008 parsl.channels.local.local:175 _log DEBUG: Created process with pid 2131626. Performing communicate
1724112822.117613 2024-08-20 00:13:42 MainProcess-2131345 JobStatusPoller-Timer-Thread-22598643425296-22598643083008 parsl.channels.local.local:175 _log DEBUG: Process 2131626 returned 0
1724112822.117746 2024-08-20 00:13:42 MainProcess-2131345 JobStatusPoller-Timer-Thread-22598643425296-22598643083008 parsl.channels.local.local:175 _log DEBUG: Execution of command in process 2131626 completed normally
1724112822.117908 2024-08-20 00:13:42 MainProcess-2131345 JobStatusPoller-Timer-Thread-22598643425296-22598643083008 parsl.executors.status_handling:175 _log DEBUG: Launched block 0 on executor HighThroughputExecutor with job ID 2131627
1724112822.118013 2024-08-20 00:13:42 MainProcess-2131345 JobStatusPoller-Timer-Thread-22598643425296-22598643083008 parsl.executors.high_throughput.zmq_pipes:175 _log DEBUG: Sending command client command
1724112822.118110 2024-08-20 00:13:42 MainProcess-2131345 JobStatusPoller-Timer-Thread-22598643425296-22598643083008 parsl.executors.high_throughput.zmq_pipes:175 _log DEBUG: Receiving command client response
1724112822.118246 2024-08-20 00:13:42 MainProcess-2131345 JobStatusPoller-Timer-Thread-22598643425296-22598643083008 parsl.executors.high_throughput.zmq_pipes:175 _log DEBUG: Received command client response
1724112822.118319 2024-08-20 00:13:42 MainProcess-2131345 JobStatusPoller-Timer-Thread-22598643425296-22598643083008 parsl.jobs.strategy:175 _log DEBUG: Slot ratio calculation: active_slots = 1, active_tasks = 0
1724112822.118369 2024-08-20 00:13:42 MainProcess-2131345 JobStatusPoller-Timer-Thread-22598643425296-22598643083008 parsl.executors.high_throughput.zmq_pipes:175 _log DEBUG: Sending command client command
1724112822.118418 2024-08-20 00:13:42 MainProcess-2131345 JobStatusPoller-Timer-Thread-22598643425296-22598643083008 parsl.executors.high_throughput.zmq_pipes:175 _log DEBUG: Receiving command client response
1724112822.118493 2024-08-20 00:13:42 MainProcess-2131345 JobStatusPoller-Timer-Thread-22598643425296-22598643083008 parsl.executors.high_throughput.zmq_pipes:175 _log DEBUG: Received command client response
1724112822.118535 2024-08-20 00:13:42 MainProcess-2131345 JobStatusPoller-Timer-Thread-22598643425296-22598643083008 parsl.executors.high_throughput.zmq_pipes:175 _log DEBUG: Sending command client command
1724112822.118578 2024-08-20 00:13:42 MainProcess-2131345 JobStatusPoller-Timer-Thread-22598643425296-22598643083008 parsl.executors.high_throughput.zmq_pipes:175 _log DEBUG: Receiving command client response
1724112822.118645 2024-08-20 00:13:42 MainProcess-2131345 JobStatusPoller-Timer-Thread-22598643425296-22598643083008 parsl.executors.high_throughput.zmq_pipes:175 _log DEBUG: Received command client response
1724112822.118683 2024-08-20 00:13:42 MainProcess-2131345 JobStatusPoller-Timer-Thread-22598643425296-22598643083008 parsl.jobs.strategy:175 _log DEBUG: Executor HighThroughputExecutor has 0 active tasks, 0/1 running/pending blocks, and 0 connected workers
1724112822.118716 2024-08-20 00:13:42 MainProcess-2131345 JobStatusPoller-Timer-Thread-22598643425296-22598643083008 parsl.jobs.strategy:175 _log DEBUG: Strategy case 1: Executor has no active tasks
1724112822.118750 2024-08-20 00:13:42 MainProcess-2131345 JobStatusPoller-Timer-Thread-22598643425296-22598643083008 parsl.jobs.strategy:175 _log DEBUG: Strategy case 1b: Executor has no active tasks, and more (1) than minimum blocks (0)
1724112822.118789 2024-08-20 00:13:42 MainProcess-2131345 JobStatusPoller-Timer-Thread-22598643425296-22598643083008 parsl.jobs.strategy:175 _log DEBUG: Starting idle timer for executor. If idle time exceeds 120.0s, blocks will be scaled in
1724112822.118835 2024-08-20 00:13:42 MainProcess-2131345 JobStatusPoller-Timer-Thread-22598643425296-22598643083008 parsl.jobs.strategy:175 _log DEBUG: Idle time 7.152557373046875e-07s is less than max_idletime 120.0s for executor HighThroughputExecutor; not scaling in
1724112822.118883 2024-08-20 00:13:42 MainProcess-2131345 JobStatusPoller-Timer-Thread-22598643425296-22598643083008 parsl.process_loggers:175 _log DEBUG: Normal ending for _general_strategy on thread JobStatusPoller-Timer-Thread-22598643425296
1724112827.119492 2024-08-20 00:13:47 MainProcess-2131345 JobStatusPoller-Timer-Thread-22598643425296-22598643083008 parsl.channels.local.local:175 _log DEBUG: Creating process with command 'ps -p 2131627 > /dev/null 2> /dev/null; echo "STATUS:$?" '
1724112827.129265 2024-08-20 00:13:47 MainProcess-2131345 JobStatusPoller-Timer-Thread-22598643425296-22598643083008 parsl.channels.local.local:175 _log DEBUG: Created process with pid 2131769. Performing communicate
1724112827.193963 2024-08-20 00:13:47 MainProcess-2131345 JobStatusPoller-Timer-Thread-22598643425296-22598643083008 parsl.channels.local.local:175 _log DEBUG: Process 2131769 returned 0
1724112827.194061 2024-08-20 00:13:47 MainProcess-2131345 JobStatusPoller-Timer-Thread-22598643425296-22598643083008 parsl.channels.local.local:175 _log DEBUG: Execution of command in process 2131769 completed normally
1724112827.195092 2024-08-20 00:13:47 MainProcess-2131345 JobStatusPoller-Timer-Thread-22598643425296-22598643083008 parsl.executors.high_throughput.zmq_pipes:175 _log DEBUG: Sending command client command
1724112827.195207 2024-08-20 00:13:47 MainProcess-2131345 JobStatusPoller-Timer-Thread-22598643425296-22598643083008 parsl.executors.high_throughput.zmq_pipes:175 _log DEBUG: Receiving command client response
1724112827.195403 2024-08-20 00:13:47 MainProcess-2131345 JobStatusPoller-Timer-Thread-22598643425296-22598643083008 parsl.executors.high_throughput.zmq_pipes:175 _log DEBUG: Received command client response
1724112827.195530 2024-08-20 00:13:47 MainProcess-2131345 JobStatusPoller-Timer-Thread-22598643425296-22598643083008 parsl.jobs.strategy:175 _log DEBUG: general strategy starting with strategy_type simple for 1 executors
1724112827.195575 2024-08-20 00:13:47 MainProcess-2131345 JobStatusPoller-Timer-Thread-22598643425296-22598643083008 parsl.jobs.strategy:175 _log DEBUG: Strategizing for executor HighThroughputExecutor
1724112827.195617 2024-08-20 00:13:47 MainProcess-2131345 JobStatusPoller-Timer-Thread-22598643425296-22598643083008 parsl.executors.high_throughput.zmq_pipes:175 _log DEBUG: Sending command client command
1724112827.195663 2024-08-20 00:13:47 MainProcess-2131345 JobStatusPoller-Timer-Thread-22598643425296-22598643083008 parsl.executors.high_throughput.zmq_pipes:175 _log DEBUG: Receiving command client response
1724112827.195812 2024-08-20 00:13:47 MainProcess-2131345 JobStatusPoller-Timer-Thread-22598643425296-22598643083008 parsl.executors.high_throughput.zmq_pipes:175 _log DEBUG: Received command client response
1724112827.195879 2024-08-20 00:13:47 MainProcess-2131345 JobStatusPoller-Timer-Thread-22598643425296-22598643083008 parsl.jobs.strategy:175 _log DEBUG: Slot ratio calculation: active_slots = 1, active_tasks = 0
1724112827.195926 2024-08-20 00:13:47 MainProcess-2131345 JobStatusPoller-Timer-Thread-22598643425296-22598643083008 parsl.executors.high_throughput.zmq_pipes:175 _log DEBUG: Sending command client command
1724112827.195977 2024-08-20 00:13:47 MainProcess-2131345 JobStatusPoller-Timer-Thread-22598643425296-22598643083008 parsl.executors.high_throughput.zmq_pipes:175 _log DEBUG: Receiving command client response
1724112827.196106 2024-08-20 00:13:47 MainProcess-2131345 JobStatusPoller-Timer-Thread-22598643425296-22598643083008 parsl.executors.high_throughput.zmq_pipes:175 _log DEBUG: Received command client response
1724112827.196167 2024-08-20 00:13:47 MainProcess-2131345 JobStatusPoller-Timer-Thread-22598643425296-22598643083008 parsl.executors.high_throughput.zmq_pipes:175 _log DEBUG: Sending command client command
1724112827.196219 2024-08-20 00:13:47 MainProcess-2131345 JobStatusPoller-Timer-Thread-22598643425296-22598643083008 parsl.executors.high_throughput.zmq_pipes:175 _log DEBUG: Receiving command client response
1724112827.196291 2024-08-20 00:13:47 MainProcess-2131345 JobStatusPoller-Timer-Thread-22598643425296-22598643083008 parsl.executors.high_throughput.zmq_pipes:175 _log DEBUG: Received command client response
1724112827.196330 2024-08-20 00:13:47 MainProcess-2131345 JobStatusPoller-Timer-Thread-22598643425296-22598643083008 parsl.jobs.strategy:175 _log DEBUG: Executor HighThroughputExecutor has 0 active tasks, 1/0 running/pending blocks, and 1 connected workers
1724112827.196382 2024-08-20 00:13:47 MainProcess-2131345 JobStatusPoller-Timer-Thread-22598643425296-22598643083008 parsl.jobs.strategy:175 _log DEBUG: Strategy case 1: Executor has no active tasks
1724112827.196419 2024-08-20 00:13:47 MainProcess-2131345 JobStatusPoller-Timer-Thread-22598643425296-22598643083008 parsl.jobs.strategy:175 _log DEBUG: Strategy case 1b: Executor has no active tasks, and more (1) than minimum blocks (0)
1724112827.196460 2024-08-20 00:13:47 MainProcess-2131345 JobStatusPoller-Timer-Thread-22598643425296-22598643083008 parsl.jobs.strategy:175 _log DEBUG: Idle time 5.077627897262573s is less than max_idletime 120.0s for executor HighThroughputExecutor; not scaling in
1724112827.196495 2024-08-20 00:13:47 MainProcess-2131345 JobStatusPoller-Timer-Thread-22598643425296-22598643083008 parsl.process_loggers:175 _log DEBUG: Normal ending for _general_strategy on thread JobStatusPoller-Timer-Thread-22598643425296
1724112828.069129 2024-08-20 00:13:48 MainProcess-2131345 MainThread-22607418032320 parsl.dataflow.dflow:175 _log WARNING: Python is exiting with a DFK still running. You should call parsl.dfk().cleanup() before exiting to release any resources
