1724114073.226342 2024-08-20 00:34:33 MainProcess-2141368 MainThread-22784922906816 parsl.dataflow.dflow:175 _log INFO: Starting DataFlowKernel with config
Config(
    app_cache=True, 
    checkpoint_files=None, 
    checkpoint_mode=None, 
    checkpoint_period=None, 
    dependency_resolver=None, 
    executors=(HighThroughputExecutor(
        address='10.140.56.174', 
        address_probe_timeout=None, 
        available_accelerators=['0,1,2,3'], 
        block_error_handler=<function simple_error_handler at 0x14b6fc482980>, 
        cores_per_worker=1.0, 
        cpu_affinity='block-reverse', 
        drain_period=None, 
        enable_mpi_mode=False, 
        encrypted=False, 
        heartbeat_period=30, 
        heartbeat_threshold=120, 
        interchange_launch_cmd=['interchange.py'], 
        interchange_port_range=(55000, 56000), 
        label='HighThroughputExecutor', 
        launch_cmd='process_worker_pool.py {debug} {max_workers_per_node} -a {addresses} -p {prefetch_capacity} -c {cores_per_worker} -m {mem_per_worker} --poll {poll_period} --task_port={task_port} --result_port={result_port} --cert_dir {cert_dir} --logdir={logdir} --block_id={{block_id}} --hb_period={heartbeat_period} {address_probe_timeout_string} --hb_threshold={heartbeat_threshold} --drain_period={drain_period} --cpu-affinity {cpu_affinity} {enable_mpi_mode} --mpi-launcher={mpi_launcher} --available-accelerators {accelerators}', 
        manager_selector=<parsl.executors.high_throughput.manager_selector.RandomManagerSelector object at 0x14b6fc492290>, 
        max_workers=inf, 
        max_workers_per_node=inf, 
        mem_per_worker=None, 
        mpi_launcher='mpiexec', 
        poll_period=10, 
        prefetch_capacity=0, 
        provider=LocalProvider(
            channel=LocalChannel(
                envs={}, 
                script_dir=None, 
                userhome='/home/viralss2/nekRS-ML_MSR/examples/parsl_MSR_smartsim'
            ), 
            cmd_timeout=30, 
            init_blocks=1, 
            launcher=SingleNodeLauncher(debug=True, fail_on_any=False), 
            max_blocks=1, 
            min_blocks=0, 
            move_files=None, 
            nodes_per_block=1, 
            parallelism=1, 
            worker_init='source /home/viralss2/ALCF_Hands_on_HPC_Workshop/workflows/parsl/launch_eg/set_run_env;\n                            cd /home/viralss2/nekRS-ML_MSR/examples/parsl_MSR_smartsim'
        ), 
        storage_access=None, 
        worker_debug=False, 
        worker_logdir_root=None, 
        worker_port_range=(54000, 55000), 
        worker_ports=None, 
        working_dir=None
    ),), 
    exit_mode='cleanup', 
    garbage_collect=True, 
    initialize_logging=True, 
    internal_tasks_max_threads=10, 
    max_idletime=120.0, 
    monitoring=None, 
    retries=1, 
    retry_handler=None, 
    run_dir='runinfo', 
    std_autopath=None, 
    strategy='simple', 
    strategy_period=5, 
    usage_tracking=0
)
1724114073.227340 2024-08-20 00:34:33 MainProcess-2141368 MainThread-22784922906816 parsl.dataflow.dflow:175 _log INFO: Parsl version: 2024.08.05
1724114073.227422 2024-08-20 00:34:33 MainProcess-2141368 MainThread-22784922906816 parsl.usage_tracking.usage:175 _log DEBUG: Tracking level: 0
1724114073.227498 2024-08-20 00:34:33 MainProcess-2141368 MainThread-22784922906816 parsl.dataflow.dflow:175 _log INFO: Run id is: 5da090ef-f802-4795-9a98-1693faae325b
1724114073.338367 2024-08-20 00:34:33 MainProcess-2141368 MainThread-22784922906816 parsl.dataflow.dflow:175 _log DEBUG: Considering candidate for workflow name: /home/viralss2/SSML/lib/python3.11/site-packages/parsl/dataflow/dflow.py
1724114073.338432 2024-08-20 00:34:33 MainProcess-2141368 MainThread-22784922906816 parsl.dataflow.dflow:175 _log DEBUG: Considering candidate for workflow name: /soft/applications/conda/2024-04-29/mconda3/lib/python3.11/site-packages/typeguard/__init__.py
1724114073.338483 2024-08-20 00:34:33 MainProcess-2141368 MainThread-22784922906816 parsl.dataflow.dflow:175 _log DEBUG: Considering candidate for workflow name: /home/viralss2/SSML/lib/python3.11/site-packages/parsl/dataflow/dflow.py
1724114073.338548 2024-08-20 00:34:33 MainProcess-2141368 MainThread-22784922906816 parsl.dataflow.dflow:175 _log DEBUG: Considering candidate for workflow name: /soft/applications/conda/2024-04-29/mconda3/lib/python3.11/site-packages/typeguard/__init__.py
1724114073.338604 2024-08-20 00:34:33 MainProcess-2141368 MainThread-22784922906816 parsl.dataflow.dflow:175 _log DEBUG: Considering candidate for workflow name: /home/viralss2/nekRS-ML_MSR/examples/parsl_MSR_smartsim/ssim_driver_polaris.py
1724114073.338645 2024-08-20 00:34:33 MainProcess-2141368 MainThread-22784922906816 parsl.dataflow.dflow:175 _log DEBUG: Using ssim_driver_polaris.py as workflow name
1724114073.338767 2024-08-20 00:34:33 MainProcess-2141368 MainThread-22784922906816 parsl.dataflow.memoization:175 _log INFO: App caching initialized
1724114073.338822 2024-08-20 00:34:33 MainProcess-2141368 MainThread-22784922906816 parsl.jobs.strategy:175 _log DEBUG: Scaling strategy: simple
1724114073.343081 2024-08-20 00:34:33 MainProcess-2141368 MainThread-22784922906816 parsl.executors.high_throughput.executor:175 _log DEBUG: Starting result queue thread
1724114073.343310 2024-08-20 00:34:33 MainProcess-2141368 HTEX-Result-Queue-Thread-22776064743168 parsl.executors.high_throughput.executor:175 _log DEBUG: Result queue worker starting
1724114073.343391 2024-08-20 00:34:33 MainProcess-2141368 MainThread-22784922906816 parsl.executors.high_throughput.executor:175 _log DEBUG: Started result queue thread
1724114073.343441 2024-08-20 00:34:33 MainProcess-2141368 HTEX-Result-Queue-Thread-22776064743168 parsl.executors.high_throughput.zmq_pipes:175 _log DEBUG: Waiting for ResultsIncoming message
1724114073.344357 2024-08-20 00:34:33 MainProcess-2141368 MainThread-22784922906816 parsl.executors.high_throughput.executor:175 _log DEBUG: Popened interchange process. Writing config object
1724114073.344423 2024-08-20 00:34:33 MainProcess-2141368 MainThread-22784922906816 parsl.executors.high_throughput.executor:175 _log DEBUG: Sent config object. Requesting worker ports
1724114073.344467 2024-08-20 00:34:33 MainProcess-2141368 MainThread-22784922906816 parsl.executors.high_throughput.zmq_pipes:175 _log DEBUG: Sending command client command
1724114073.887403 2024-08-20 00:34:33 MainProcess-2141368 MainThread-22784922906816 parsl.executors.high_throughput.zmq_pipes:175 _log DEBUG: Polling for command client response or timeout
1724114073.889237 2024-08-20 00:34:33 MainProcess-2141368 MainThread-22784922906816 parsl.executors.high_throughput.zmq_pipes:175 _log DEBUG: Receiving command client response
1724114073.889362 2024-08-20 00:34:33 MainProcess-2141368 MainThread-22784922906816 parsl.executors.high_throughput.zmq_pipes:175 _log DEBUG: Received command client response
1724114073.889441 2024-08-20 00:34:33 MainProcess-2141368 MainThread-22784922906816 parsl.executors.high_throughput.executor:175 _log DEBUG: Got worker ports
1724114073.889507 2024-08-20 00:34:33 MainProcess-2141368 MainThread-22784922906816 parsl.executors.high_throughput.executor:175 _log DEBUG: Created result queue thread: <Thread(HTEX-Result-Queue-Thread, started daemon 22776064743168)>
1724114073.889837 2024-08-20 00:34:33 MainProcess-2141368 MainThread-22784922906816 parsl.executors.high_throughput.executor:175 _log DEBUG: Launch command: process_worker_pool.py   -a 10.140.56.174 -p 0 -c 1.0 -m None --poll 10 --task_port=54115 --result_port=54812 --cert_dir None --logdir=/home/viralss2/nekRS-ML_MSR/examples/parsl_MSR_smartsim/runinfo/034/HighThroughputExecutor --block_id={block_id} --hb_period=30  --hb_threshold=120 --drain_period=None --cpu-affinity block-reverse  --mpi-launcher=mpiexec --available-accelerators 0,1,2,3
1724114073.889907 2024-08-20 00:34:33 MainProcess-2141368 MainThread-22784922906816 parsl.executors.high_throughput.executor:175 _log DEBUG: Starting HighThroughputExecutor with provider:
LocalProvider(
    channel=LocalChannel(
        envs={}, 
        script_dir='/home/viralss2/nekRS-ML_MSR/examples/parsl_MSR_smartsim/runinfo/034/submit_scripts', 
        userhome='/home/viralss2/nekRS-ML_MSR/examples/parsl_MSR_smartsim'
    ), 
    cmd_timeout=30, 
    init_blocks=1, 
    launcher=SingleNodeLauncher(debug=True, fail_on_any=False), 
    max_blocks=1, 
    min_blocks=0, 
    move_files=None, 
    nodes_per_block=1, 
    parallelism=1, 
    worker_init='source /home/viralss2/ALCF_Hands_on_HPC_Workshop/workflows/parsl/launch_eg/set_run_env;\n                            cd /home/viralss2/nekRS-ML_MSR/examples/parsl_MSR_smartsim'
)
1724114073.890259 2024-08-20 00:34:33 MainProcess-2141368 MainThread-22784922906816 parsl.jobs.job_status_poller:175 _log DEBUG: Adding executor HighThroughputExecutor
1724114078.339264 2024-08-20 00:34:38 MainProcess-2141368 JobStatusPoller-Timer-Thread-22776148058512-22776147990272 parsl.executors.high_throughput.zmq_pipes:175 _log DEBUG: Sending command client command
1724114078.339509 2024-08-20 00:34:38 MainProcess-2141368 JobStatusPoller-Timer-Thread-22776148058512-22776147990272 parsl.executors.high_throughput.zmq_pipes:175 _log DEBUG: Receiving command client response
1724114078.339698 2024-08-20 00:34:38 MainProcess-2141368 JobStatusPoller-Timer-Thread-22776148058512-22776147990272 parsl.executors.high_throughput.zmq_pipes:175 _log DEBUG: Received command client response
1724114078.339815 2024-08-20 00:34:38 MainProcess-2141368 JobStatusPoller-Timer-Thread-22776148058512-22776147990272 parsl.jobs.strategy:175 _log DEBUG: general strategy starting with strategy_type simple for 1 executors
1724114078.339888 2024-08-20 00:34:38 MainProcess-2141368 JobStatusPoller-Timer-Thread-22776148058512-22776147990272 parsl.jobs.strategy:175 _log DEBUG: Strategizing for executor HighThroughputExecutor
1724114078.339955 2024-08-20 00:34:38 MainProcess-2141368 JobStatusPoller-Timer-Thread-22776148058512-22776147990272 parsl.jobs.strategy:175 _log DEBUG: Scaling out 1 initial blocks for HighThroughputExecutor
1724114078.340029 2024-08-20 00:34:38 MainProcess-2141368 JobStatusPoller-Timer-Thread-22776148058512-22776147990272 parsl.executors.status_handling:175 _log INFO: Scaling out by 1 blocks
1724114078.340104 2024-08-20 00:34:38 MainProcess-2141368 JobStatusPoller-Timer-Thread-22776148058512-22776147990272 parsl.executors.status_handling:175 _log INFO: Allocated block ID 0
1724114078.340183 2024-08-20 00:34:38 MainProcess-2141368 JobStatusPoller-Timer-Thread-22776148058512-22776147990272 parsl.executors.status_handling:175 _log DEBUG: Submitting to provider with job_name parsl.HighThroughputExecutor.block-0
1724114078.343081 2024-08-20 00:34:38 MainProcess-2141368 JobStatusPoller-Timer-Thread-22776148058512-22776147990272 parsl.providers.local.local:175 _log DEBUG: Launching
1724114078.343295 2024-08-20 00:34:38 MainProcess-2141368 JobStatusPoller-Timer-Thread-22776148058512-22776147990272 parsl.channels.local.local:175 _log DEBUG: Creating process with command '/bin/bash -c 'echo - >/home/viralss2/nekRS-ML_MSR/examples/parsl_MSR_smartsim/runinfo/034/submit_scripts/parsl.HighThroughputExecutor.block-0.1724114078.3403444.sh.ec && { { bash /home/viralss2/nekRS-ML_MSR/examples/parsl_MSR_smartsim/runinfo/034/submit_scripts/parsl.HighThroughputExecutor.block-0.1724114078.3403444.sh 1>/home/viralss2/nekRS-ML_MSR/examples/parsl_MSR_smartsim/runinfo/034/submit_scripts/parsl.HighThroughputExecutor.block-0.1724114078.3403444.sh.out 2>/home/viralss2/nekRS-ML_MSR/examples/parsl_MSR_smartsim/runinfo/034/submit_scripts/parsl.HighThroughputExecutor.block-0.1724114078.3403444.sh.err ; echo $? > /home/viralss2/nekRS-ML_MSR/examples/parsl_MSR_smartsim/runinfo/034/submit_scripts/parsl.HighThroughputExecutor.block-0.1724114078.3403444.sh.ec ; } >/dev/null 2>&1 & echo "PID:$!" ; }''
1724114078.355043 2024-08-20 00:34:38 MainProcess-2141368 JobStatusPoller-Timer-Thread-22776148058512-22776147990272 parsl.channels.local.local:175 _log DEBUG: Created process with pid 2141838. Performing communicate
1724114078.363511 2024-08-20 00:34:38 MainProcess-2141368 JobStatusPoller-Timer-Thread-22776148058512-22776147990272 parsl.channels.local.local:175 _log DEBUG: Process 2141838 returned 0
1724114078.363615 2024-08-20 00:34:38 MainProcess-2141368 JobStatusPoller-Timer-Thread-22776148058512-22776147990272 parsl.channels.local.local:175 _log DEBUG: Execution of command in process 2141838 completed normally
1724114078.363751 2024-08-20 00:34:38 MainProcess-2141368 JobStatusPoller-Timer-Thread-22776148058512-22776147990272 parsl.executors.status_handling:175 _log DEBUG: Launched block 0 on executor HighThroughputExecutor with job ID 2141839
1724114078.363839 2024-08-20 00:34:38 MainProcess-2141368 JobStatusPoller-Timer-Thread-22776148058512-22776147990272 parsl.executors.high_throughput.zmq_pipes:175 _log DEBUG: Sending command client command
1724114078.363927 2024-08-20 00:34:38 MainProcess-2141368 JobStatusPoller-Timer-Thread-22776148058512-22776147990272 parsl.executors.high_throughput.zmq_pipes:175 _log DEBUG: Receiving command client response
1724114078.364056 2024-08-20 00:34:38 MainProcess-2141368 JobStatusPoller-Timer-Thread-22776148058512-22776147990272 parsl.executors.high_throughput.zmq_pipes:175 _log DEBUG: Received command client response
1724114078.364115 2024-08-20 00:34:38 MainProcess-2141368 JobStatusPoller-Timer-Thread-22776148058512-22776147990272 parsl.jobs.strategy:175 _log DEBUG: Slot ratio calculation: active_slots = 1, active_tasks = 0
1724114078.364155 2024-08-20 00:34:38 MainProcess-2141368 JobStatusPoller-Timer-Thread-22776148058512-22776147990272 parsl.executors.high_throughput.zmq_pipes:175 _log DEBUG: Sending command client command
1724114078.364200 2024-08-20 00:34:38 MainProcess-2141368 JobStatusPoller-Timer-Thread-22776148058512-22776147990272 parsl.executors.high_throughput.zmq_pipes:175 _log DEBUG: Receiving command client response
1724114078.364267 2024-08-20 00:34:38 MainProcess-2141368 JobStatusPoller-Timer-Thread-22776148058512-22776147990272 parsl.executors.high_throughput.zmq_pipes:175 _log DEBUG: Received command client response
1724114078.364310 2024-08-20 00:34:38 MainProcess-2141368 JobStatusPoller-Timer-Thread-22776148058512-22776147990272 parsl.executors.high_throughput.zmq_pipes:175 _log DEBUG: Sending command client command
1724114078.364378 2024-08-20 00:34:38 MainProcess-2141368 JobStatusPoller-Timer-Thread-22776148058512-22776147990272 parsl.executors.high_throughput.zmq_pipes:175 _log DEBUG: Receiving command client response
1724114078.364448 2024-08-20 00:34:38 MainProcess-2141368 JobStatusPoller-Timer-Thread-22776148058512-22776147990272 parsl.executors.high_throughput.zmq_pipes:175 _log DEBUG: Received command client response
1724114078.364491 2024-08-20 00:34:38 MainProcess-2141368 JobStatusPoller-Timer-Thread-22776148058512-22776147990272 parsl.jobs.strategy:175 _log DEBUG: Executor HighThroughputExecutor has 0 active tasks, 0/1 running/pending blocks, and 0 connected workers
1724114078.364525 2024-08-20 00:34:38 MainProcess-2141368 JobStatusPoller-Timer-Thread-22776148058512-22776147990272 parsl.jobs.strategy:175 _log DEBUG: Strategy case 1: Executor has no active tasks
1724114078.364559 2024-08-20 00:34:38 MainProcess-2141368 JobStatusPoller-Timer-Thread-22776148058512-22776147990272 parsl.jobs.strategy:175 _log DEBUG: Strategy case 1b: Executor has no active tasks, and more (1) than minimum blocks (0)
1724114078.364596 2024-08-20 00:34:38 MainProcess-2141368 JobStatusPoller-Timer-Thread-22776148058512-22776147990272 parsl.jobs.strategy:175 _log DEBUG: Starting idle timer for executor. If idle time exceeds 120.0s, blocks will be scaled in
1724114078.364641 2024-08-20 00:34:38 MainProcess-2141368 JobStatusPoller-Timer-Thread-22776148058512-22776147990272 parsl.jobs.strategy:175 _log DEBUG: Idle time 7.152557373046875e-07s is less than max_idletime 120.0s for executor HighThroughputExecutor; not scaling in
1724114078.364688 2024-08-20 00:34:38 MainProcess-2141368 JobStatusPoller-Timer-Thread-22776148058512-22776147990272 parsl.process_loggers:175 _log DEBUG: Normal ending for _general_strategy on thread JobStatusPoller-Timer-Thread-22776148058512
1724114083.365202 2024-08-20 00:34:43 MainProcess-2141368 JobStatusPoller-Timer-Thread-22776148058512-22776147990272 parsl.channels.local.local:175 _log DEBUG: Creating process with command 'ps -p 2141839 > /dev/null 2> /dev/null; echo "STATUS:$?" '
1724114083.374799 2024-08-20 00:34:43 MainProcess-2141368 JobStatusPoller-Timer-Thread-22776148058512-22776147990272 parsl.channels.local.local:175 _log DEBUG: Created process with pid 2141981. Performing communicate
1724114083.437185 2024-08-20 00:34:43 MainProcess-2141368 JobStatusPoller-Timer-Thread-22776148058512-22776147990272 parsl.channels.local.local:175 _log DEBUG: Process 2141981 returned 0
1724114083.437340 2024-08-20 00:34:43 MainProcess-2141368 JobStatusPoller-Timer-Thread-22776148058512-22776147990272 parsl.channels.local.local:175 _log DEBUG: Execution of command in process 2141981 completed normally
1724114083.438616 2024-08-20 00:34:43 MainProcess-2141368 JobStatusPoller-Timer-Thread-22776148058512-22776147990272 parsl.executors.high_throughput.zmq_pipes:175 _log DEBUG: Sending command client command
1724114083.438722 2024-08-20 00:34:43 MainProcess-2141368 JobStatusPoller-Timer-Thread-22776148058512-22776147990272 parsl.executors.high_throughput.zmq_pipes:175 _log DEBUG: Receiving command client response
1724114083.438906 2024-08-20 00:34:43 MainProcess-2141368 JobStatusPoller-Timer-Thread-22776148058512-22776147990272 parsl.executors.high_throughput.zmq_pipes:175 _log DEBUG: Received command client response
1724114083.439033 2024-08-20 00:34:43 MainProcess-2141368 JobStatusPoller-Timer-Thread-22776148058512-22776147990272 parsl.jobs.strategy:175 _log DEBUG: general strategy starting with strategy_type simple for 1 executors
1724114083.439080 2024-08-20 00:34:43 MainProcess-2141368 JobStatusPoller-Timer-Thread-22776148058512-22776147990272 parsl.jobs.strategy:175 _log DEBUG: Strategizing for executor HighThroughputExecutor
1724114083.439124 2024-08-20 00:34:43 MainProcess-2141368 JobStatusPoller-Timer-Thread-22776148058512-22776147990272 parsl.executors.high_throughput.zmq_pipes:175 _log DEBUG: Sending command client command
1724114083.439172 2024-08-20 00:34:43 MainProcess-2141368 JobStatusPoller-Timer-Thread-22776148058512-22776147990272 parsl.executors.high_throughput.zmq_pipes:175 _log DEBUG: Receiving command client response
1724114083.439255 2024-08-20 00:34:43 MainProcess-2141368 JobStatusPoller-Timer-Thread-22776148058512-22776147990272 parsl.executors.high_throughput.zmq_pipes:175 _log DEBUG: Received command client response
1724114083.439305 2024-08-20 00:34:43 MainProcess-2141368 JobStatusPoller-Timer-Thread-22776148058512-22776147990272 parsl.jobs.strategy:175 _log DEBUG: Slot ratio calculation: active_slots = 1, active_tasks = 0
1724114083.439361 2024-08-20 00:34:43 MainProcess-2141368 JobStatusPoller-Timer-Thread-22776148058512-22776147990272 parsl.executors.high_throughput.zmq_pipes:175 _log DEBUG: Sending command client command
1724114083.439408 2024-08-20 00:34:43 MainProcess-2141368 JobStatusPoller-Timer-Thread-22776148058512-22776147990272 parsl.executors.high_throughput.zmq_pipes:175 _log DEBUG: Receiving command client response
1724114083.439476 2024-08-20 00:34:43 MainProcess-2141368 JobStatusPoller-Timer-Thread-22776148058512-22776147990272 parsl.executors.high_throughput.zmq_pipes:175 _log DEBUG: Received command client response
1724114083.439518 2024-08-20 00:34:43 MainProcess-2141368 JobStatusPoller-Timer-Thread-22776148058512-22776147990272 parsl.executors.high_throughput.zmq_pipes:175 _log DEBUG: Sending command client command
1724114083.439560 2024-08-20 00:34:43 MainProcess-2141368 JobStatusPoller-Timer-Thread-22776148058512-22776147990272 parsl.executors.high_throughput.zmq_pipes:175 _log DEBUG: Receiving command client response
1724114083.439621 2024-08-20 00:34:43 MainProcess-2141368 JobStatusPoller-Timer-Thread-22776148058512-22776147990272 parsl.executors.high_throughput.zmq_pipes:175 _log DEBUG: Received command client response
1724114083.439659 2024-08-20 00:34:43 MainProcess-2141368 JobStatusPoller-Timer-Thread-22776148058512-22776147990272 parsl.jobs.strategy:175 _log DEBUG: Executor HighThroughputExecutor has 0 active tasks, 1/0 running/pending blocks, and 1 connected workers
1724114083.439709 2024-08-20 00:34:43 MainProcess-2141368 JobStatusPoller-Timer-Thread-22776148058512-22776147990272 parsl.jobs.strategy:175 _log DEBUG: Strategy case 1: Executor has no active tasks
1724114083.439747 2024-08-20 00:34:43 MainProcess-2141368 JobStatusPoller-Timer-Thread-22776148058512-22776147990272 parsl.jobs.strategy:175 _log DEBUG: Strategy case 1b: Executor has no active tasks, and more (1) than minimum blocks (0)
1724114083.439787 2024-08-20 00:34:43 MainProcess-2141368 JobStatusPoller-Timer-Thread-22776148058512-22776147990272 parsl.jobs.strategy:175 _log DEBUG: Idle time 5.075148820877075s is less than max_idletime 120.0s for executor HighThroughputExecutor; not scaling in
1724114083.439821 2024-08-20 00:34:43 MainProcess-2141368 JobStatusPoller-Timer-Thread-22776148058512-22776147990272 parsl.process_loggers:175 _log DEBUG: Normal ending for _general_strategy on thread JobStatusPoller-Timer-Thread-22776148058512
1724114084.157988 2024-08-20 00:34:44 MainProcess-2141368 MainThread-22784922906816 parsl.dataflow.dflow:175 _log WARNING: Python is exiting with a DFK still running. You should call parsl.dfk().cleanup() before exiting to release any resources
