1724113996.230124 2024-08-20 00:33:16 MainProcess-2140751 MainThread-22661629264064 parsl.dataflow.dflow:175 _log INFO: Starting DataFlowKernel with config
Config(
    app_cache=True, 
    checkpoint_files=None, 
    checkpoint_mode=None, 
    checkpoint_period=None, 
    dependency_resolver=None, 
    executors=(HighThroughputExecutor(
        address='10.140.56.174', 
        address_probe_timeout=None, 
        available_accelerators=['0,1,2,3'], 
        block_error_handler=<function simple_error_handler at 0x149a476c6980>, 
        cores_per_worker=1.0, 
        cpu_affinity='block-reverse', 
        drain_period=None, 
        enable_mpi_mode=False, 
        encrypted=False, 
        heartbeat_period=30, 
        heartbeat_threshold=120, 
        interchange_launch_cmd=['interchange.py'], 
        interchange_port_range=(55000, 56000), 
        label='HighThroughputExecutor', 
        launch_cmd='process_worker_pool.py {debug} {max_workers_per_node} -a {addresses} -p {prefetch_capacity} -c {cores_per_worker} -m {mem_per_worker} --poll {poll_period} --task_port={task_port} --result_port={result_port} --cert_dir {cert_dir} --logdir={logdir} --block_id={{block_id}} --hb_period={heartbeat_period} {address_probe_timeout_string} --hb_threshold={heartbeat_threshold} --drain_period={drain_period} --cpu-affinity {cpu_affinity} {enable_mpi_mode} --mpi-launcher={mpi_launcher} --available-accelerators {accelerators}', 
        manager_selector=<parsl.executors.high_throughput.manager_selector.RandomManagerSelector object at 0x149a49d7a4d0>, 
        max_workers=inf, 
        max_workers_per_node=inf, 
        mem_per_worker=None, 
        mpi_launcher='mpiexec', 
        poll_period=10, 
        prefetch_capacity=0, 
        provider=LocalProvider(
            channel=LocalChannel(
                envs={}, 
                script_dir=None, 
                userhome='/home/viralss2/nekRS-ML_MSR/examples/parsl_MSR_smartsim'
            ), 
            cmd_timeout=30, 
            init_blocks=1, 
            launcher=SingleNodeLauncher(debug=True, fail_on_any=False), 
            max_blocks=1, 
            min_blocks=0, 
            move_files=None, 
            nodes_per_block=1, 
            parallelism=1, 
            worker_init='source /home/viralss2/ALCF_Hands_on_HPC_Workshop/workflows/parsl/launch_eg/set_run_env;\n                            cd /home/viralss2/nekRS-ML_MSR/examples/parsl_MSR_smartsim'
        ), 
        storage_access=None, 
        worker_debug=False, 
        worker_logdir_root=None, 
        worker_port_range=(54000, 55000), 
        worker_ports=None, 
        working_dir=None
    ),), 
    exit_mode='cleanup', 
    garbage_collect=True, 
    initialize_logging=True, 
    internal_tasks_max_threads=10, 
    max_idletime=120.0, 
    monitoring=None, 
    retries=1, 
    retry_handler=None, 
    run_dir='runinfo', 
    std_autopath=None, 
    strategy='simple', 
    strategy_period=5, 
    usage_tracking=0
)
1724113996.231391 2024-08-20 00:33:16 MainProcess-2140751 MainThread-22661629264064 parsl.dataflow.dflow:175 _log INFO: Parsl version: 2024.08.05
1724113996.231475 2024-08-20 00:33:16 MainProcess-2140751 MainThread-22661629264064 parsl.usage_tracking.usage:175 _log DEBUG: Tracking level: 0
1724113996.231551 2024-08-20 00:33:16 MainProcess-2140751 MainThread-22661629264064 parsl.dataflow.dflow:175 _log INFO: Run id is: 7fdf99b9-7ffb-4e21-bb07-d635f7d273cf
1724113996.338318 2024-08-20 00:33:16 MainProcess-2140751 MainThread-22661629264064 parsl.dataflow.dflow:175 _log DEBUG: Considering candidate for workflow name: /home/viralss2/SSML/lib/python3.11/site-packages/parsl/dataflow/dflow.py
1724113996.338384 2024-08-20 00:33:16 MainProcess-2140751 MainThread-22661629264064 parsl.dataflow.dflow:175 _log DEBUG: Considering candidate for workflow name: /soft/applications/conda/2024-04-29/mconda3/lib/python3.11/site-packages/typeguard/__init__.py
1724113996.338433 2024-08-20 00:33:16 MainProcess-2140751 MainThread-22661629264064 parsl.dataflow.dflow:175 _log DEBUG: Considering candidate for workflow name: /home/viralss2/SSML/lib/python3.11/site-packages/parsl/dataflow/dflow.py
1724113996.338499 2024-08-20 00:33:16 MainProcess-2140751 MainThread-22661629264064 parsl.dataflow.dflow:175 _log DEBUG: Considering candidate for workflow name: /soft/applications/conda/2024-04-29/mconda3/lib/python3.11/site-packages/typeguard/__init__.py
1724113996.338554 2024-08-20 00:33:16 MainProcess-2140751 MainThread-22661629264064 parsl.dataflow.dflow:175 _log DEBUG: Considering candidate for workflow name: /home/viralss2/nekRS-ML_MSR/examples/parsl_MSR_smartsim/ssim_driver_polaris.py
1724113996.338593 2024-08-20 00:33:16 MainProcess-2140751 MainThread-22661629264064 parsl.dataflow.dflow:175 _log DEBUG: Using ssim_driver_polaris.py as workflow name
1724113996.338713 2024-08-20 00:33:16 MainProcess-2140751 MainThread-22661629264064 parsl.dataflow.memoization:175 _log INFO: App caching initialized
1724113996.338767 2024-08-20 00:33:16 MainProcess-2140751 MainThread-22661629264064 parsl.jobs.strategy:175 _log DEBUG: Scaling strategy: simple
1724113996.343121 2024-08-20 00:33:16 MainProcess-2140751 MainThread-22661629264064 parsl.executors.high_throughput.executor:175 _log DEBUG: Starting result queue thread
1724113996.343360 2024-08-20 00:33:16 MainProcess-2140751 HTEX-Result-Queue-Thread-22652839655168 parsl.executors.high_throughput.executor:175 _log DEBUG: Result queue worker starting
1724113996.343434 2024-08-20 00:33:16 MainProcess-2140751 MainThread-22661629264064 parsl.executors.high_throughput.executor:175 _log DEBUG: Started result queue thread
1724113996.343474 2024-08-20 00:33:16 MainProcess-2140751 HTEX-Result-Queue-Thread-22652839655168 parsl.executors.high_throughput.zmq_pipes:175 _log DEBUG: Waiting for ResultsIncoming message
1724113996.344407 2024-08-20 00:33:16 MainProcess-2140751 MainThread-22661629264064 parsl.executors.high_throughput.executor:175 _log DEBUG: Popened interchange process. Writing config object
1724113996.344472 2024-08-20 00:33:16 MainProcess-2140751 MainThread-22661629264064 parsl.executors.high_throughput.executor:175 _log DEBUG: Sent config object. Requesting worker ports
1724113996.344515 2024-08-20 00:33:16 MainProcess-2140751 MainThread-22661629264064 parsl.executors.high_throughput.zmq_pipes:175 _log DEBUG: Sending command client command
1724113996.882739 2024-08-20 00:33:16 MainProcess-2140751 MainThread-22661629264064 parsl.executors.high_throughput.zmq_pipes:175 _log DEBUG: Polling for command client response or timeout
1724113996.884366 2024-08-20 00:33:16 MainProcess-2140751 MainThread-22661629264064 parsl.executors.high_throughput.zmq_pipes:175 _log DEBUG: Receiving command client response
1724113996.884436 2024-08-20 00:33:16 MainProcess-2140751 MainThread-22661629264064 parsl.executors.high_throughput.zmq_pipes:175 _log DEBUG: Received command client response
1724113996.884480 2024-08-20 00:33:16 MainProcess-2140751 MainThread-22661629264064 parsl.executors.high_throughput.executor:175 _log DEBUG: Got worker ports
1724113996.884518 2024-08-20 00:33:16 MainProcess-2140751 MainThread-22661629264064 parsl.executors.high_throughput.executor:175 _log DEBUG: Created result queue thread: <Thread(HTEX-Result-Queue-Thread, started daemon 22652839655168)>
1724113996.884718 2024-08-20 00:33:16 MainProcess-2140751 MainThread-22661629264064 parsl.executors.high_throughput.executor:175 _log DEBUG: Launch command: process_worker_pool.py   -a 10.140.56.174 -p 0 -c 1.0 -m None --poll 10 --task_port=54701 --result_port=54040 --cert_dir None --logdir=/home/viralss2/nekRS-ML_MSR/examples/parsl_MSR_smartsim/runinfo/033/HighThroughputExecutor --block_id={block_id} --hb_period=30  --hb_threshold=120 --drain_period=None --cpu-affinity block-reverse  --mpi-launcher=mpiexec --available-accelerators 0,1,2,3
1724113996.884757 2024-08-20 00:33:16 MainProcess-2140751 MainThread-22661629264064 parsl.executors.high_throughput.executor:175 _log DEBUG: Starting HighThroughputExecutor with provider:
LocalProvider(
    channel=LocalChannel(
        envs={}, 
        script_dir='/home/viralss2/nekRS-ML_MSR/examples/parsl_MSR_smartsim/runinfo/033/submit_scripts', 
        userhome='/home/viralss2/nekRS-ML_MSR/examples/parsl_MSR_smartsim'
    ), 
    cmd_timeout=30, 
    init_blocks=1, 
    launcher=SingleNodeLauncher(debug=True, fail_on_any=False), 
    max_blocks=1, 
    min_blocks=0, 
    move_files=None, 
    nodes_per_block=1, 
    parallelism=1, 
    worker_init='source /home/viralss2/ALCF_Hands_on_HPC_Workshop/workflows/parsl/launch_eg/set_run_env;\n                            cd /home/viralss2/nekRS-ML_MSR/examples/parsl_MSR_smartsim'
)
1724113996.885040 2024-08-20 00:33:16 MainProcess-2140751 MainThread-22661629264064 parsl.jobs.job_status_poller:175 _log DEBUG: Adding executor HighThroughputExecutor
1724114001.339126 2024-08-20 00:33:21 MainProcess-2140751 JobStatusPoller-Timer-Thread-22652854668560-22652854363904 parsl.executors.high_throughput.zmq_pipes:175 _log DEBUG: Sending command client command
1724114001.339302 2024-08-20 00:33:21 MainProcess-2140751 JobStatusPoller-Timer-Thread-22652854668560-22652854363904 parsl.executors.high_throughput.zmq_pipes:175 _log DEBUG: Receiving command client response
1724114001.339615 2024-08-20 00:33:21 MainProcess-2140751 JobStatusPoller-Timer-Thread-22652854668560-22652854363904 parsl.executors.high_throughput.zmq_pipes:175 _log DEBUG: Received command client response
1724114001.339684 2024-08-20 00:33:21 MainProcess-2140751 JobStatusPoller-Timer-Thread-22652854668560-22652854363904 parsl.jobs.strategy:175 _log DEBUG: general strategy starting with strategy_type simple for 1 executors
1724114001.339723 2024-08-20 00:33:21 MainProcess-2140751 JobStatusPoller-Timer-Thread-22652854668560-22652854363904 parsl.jobs.strategy:175 _log DEBUG: Strategizing for executor HighThroughputExecutor
1724114001.339760 2024-08-20 00:33:21 MainProcess-2140751 JobStatusPoller-Timer-Thread-22652854668560-22652854363904 parsl.jobs.strategy:175 _log DEBUG: Scaling out 1 initial blocks for HighThroughputExecutor
1724114001.339801 2024-08-20 00:33:21 MainProcess-2140751 JobStatusPoller-Timer-Thread-22652854668560-22652854363904 parsl.executors.status_handling:175 _log INFO: Scaling out by 1 blocks
1724114001.339842 2024-08-20 00:33:21 MainProcess-2140751 JobStatusPoller-Timer-Thread-22652854668560-22652854363904 parsl.executors.status_handling:175 _log INFO: Allocated block ID 0
1724114001.339884 2024-08-20 00:33:21 MainProcess-2140751 JobStatusPoller-Timer-Thread-22652854668560-22652854363904 parsl.executors.status_handling:175 _log DEBUG: Submitting to provider with job_name parsl.HighThroughputExecutor.block-0
1724114001.342189 2024-08-20 00:33:21 MainProcess-2140751 JobStatusPoller-Timer-Thread-22652854668560-22652854363904 parsl.providers.local.local:175 _log DEBUG: Launching
1724114001.342410 2024-08-20 00:33:21 MainProcess-2140751 JobStatusPoller-Timer-Thread-22652854668560-22652854363904 parsl.channels.local.local:175 _log DEBUG: Creating process with command '/bin/bash -c 'echo - >/home/viralss2/nekRS-ML_MSR/examples/parsl_MSR_smartsim/runinfo/033/submit_scripts/parsl.HighThroughputExecutor.block-0.1724114001.3399963.sh.ec && { { bash /home/viralss2/nekRS-ML_MSR/examples/parsl_MSR_smartsim/runinfo/033/submit_scripts/parsl.HighThroughputExecutor.block-0.1724114001.3399963.sh 1>/home/viralss2/nekRS-ML_MSR/examples/parsl_MSR_smartsim/runinfo/033/submit_scripts/parsl.HighThroughputExecutor.block-0.1724114001.3399963.sh.out 2>/home/viralss2/nekRS-ML_MSR/examples/parsl_MSR_smartsim/runinfo/033/submit_scripts/parsl.HighThroughputExecutor.block-0.1724114001.3399963.sh.err ; echo $? > /home/viralss2/nekRS-ML_MSR/examples/parsl_MSR_smartsim/runinfo/033/submit_scripts/parsl.HighThroughputExecutor.block-0.1724114001.3399963.sh.ec ; } >/dev/null 2>&1 & echo "PID:$!" ; }''
1724114001.354826 2024-08-20 00:33:21 MainProcess-2140751 JobStatusPoller-Timer-Thread-22652854668560-22652854363904 parsl.channels.local.local:175 _log DEBUG: Created process with pid 2140964. Performing communicate
1724114001.363652 2024-08-20 00:33:21 MainProcess-2140751 JobStatusPoller-Timer-Thread-22652854668560-22652854363904 parsl.channels.local.local:175 _log DEBUG: Process 2140964 returned 0
1724114001.363765 2024-08-20 00:33:21 MainProcess-2140751 JobStatusPoller-Timer-Thread-22652854668560-22652854363904 parsl.channels.local.local:175 _log DEBUG: Execution of command in process 2140964 completed normally
1724114001.363898 2024-08-20 00:33:21 MainProcess-2140751 JobStatusPoller-Timer-Thread-22652854668560-22652854363904 parsl.executors.status_handling:175 _log DEBUG: Launched block 0 on executor HighThroughputExecutor with job ID 2140965
1724114001.363991 2024-08-20 00:33:21 MainProcess-2140751 JobStatusPoller-Timer-Thread-22652854668560-22652854363904 parsl.executors.high_throughput.zmq_pipes:175 _log DEBUG: Sending command client command
1724114001.364080 2024-08-20 00:33:21 MainProcess-2140751 JobStatusPoller-Timer-Thread-22652854668560-22652854363904 parsl.executors.high_throughput.zmq_pipes:175 _log DEBUG: Receiving command client response
1724114001.364213 2024-08-20 00:33:21 MainProcess-2140751 JobStatusPoller-Timer-Thread-22652854668560-22652854363904 parsl.executors.high_throughput.zmq_pipes:175 _log DEBUG: Received command client response
1724114001.364278 2024-08-20 00:33:21 MainProcess-2140751 JobStatusPoller-Timer-Thread-22652854668560-22652854363904 parsl.jobs.strategy:175 _log DEBUG: Slot ratio calculation: active_slots = 1, active_tasks = 0
1724114001.364320 2024-08-20 00:33:21 MainProcess-2140751 JobStatusPoller-Timer-Thread-22652854668560-22652854363904 parsl.executors.high_throughput.zmq_pipes:175 _log DEBUG: Sending command client command
1724114001.364366 2024-08-20 00:33:21 MainProcess-2140751 JobStatusPoller-Timer-Thread-22652854668560-22652854363904 parsl.executors.high_throughput.zmq_pipes:175 _log DEBUG: Receiving command client response
1724114001.364435 2024-08-20 00:33:21 MainProcess-2140751 JobStatusPoller-Timer-Thread-22652854668560-22652854363904 parsl.executors.high_throughput.zmq_pipes:175 _log DEBUG: Received command client response
1724114001.364478 2024-08-20 00:33:21 MainProcess-2140751 JobStatusPoller-Timer-Thread-22652854668560-22652854363904 parsl.executors.high_throughput.zmq_pipes:175 _log DEBUG: Sending command client command
1724114001.364522 2024-08-20 00:33:21 MainProcess-2140751 JobStatusPoller-Timer-Thread-22652854668560-22652854363904 parsl.executors.high_throughput.zmq_pipes:175 _log DEBUG: Receiving command client response
1724114001.364590 2024-08-20 00:33:21 MainProcess-2140751 JobStatusPoller-Timer-Thread-22652854668560-22652854363904 parsl.executors.high_throughput.zmq_pipes:175 _log DEBUG: Received command client response
1724114001.364634 2024-08-20 00:33:21 MainProcess-2140751 JobStatusPoller-Timer-Thread-22652854668560-22652854363904 parsl.jobs.strategy:175 _log DEBUG: Executor HighThroughputExecutor has 0 active tasks, 0/1 running/pending blocks, and 0 connected workers
1724114001.364669 2024-08-20 00:33:21 MainProcess-2140751 JobStatusPoller-Timer-Thread-22652854668560-22652854363904 parsl.jobs.strategy:175 _log DEBUG: Strategy case 1: Executor has no active tasks
1724114001.364703 2024-08-20 00:33:21 MainProcess-2140751 JobStatusPoller-Timer-Thread-22652854668560-22652854363904 parsl.jobs.strategy:175 _log DEBUG: Strategy case 1b: Executor has no active tasks, and more (1) than minimum blocks (0)
1724114001.364742 2024-08-20 00:33:21 MainProcess-2140751 JobStatusPoller-Timer-Thread-22652854668560-22652854363904 parsl.jobs.strategy:175 _log DEBUG: Starting idle timer for executor. If idle time exceeds 120.0s, blocks will be scaled in
1724114001.364791 2024-08-20 00:33:21 MainProcess-2140751 JobStatusPoller-Timer-Thread-22652854668560-22652854363904 parsl.jobs.strategy:175 _log DEBUG: Idle time 7.152557373046875e-07s is less than max_idletime 120.0s for executor HighThroughputExecutor; not scaling in
1724114001.364842 2024-08-20 00:33:21 MainProcess-2140751 JobStatusPoller-Timer-Thread-22652854668560-22652854363904 parsl.process_loggers:175 _log DEBUG: Normal ending for _general_strategy on thread JobStatusPoller-Timer-Thread-22652854668560
1724114006.365308 2024-08-20 00:33:26 MainProcess-2140751 JobStatusPoller-Timer-Thread-22652854668560-22652854363904 parsl.channels.local.local:175 _log DEBUG: Creating process with command 'ps -p 2140965 > /dev/null 2> /dev/null; echo "STATUS:$?" '
1724114006.375637 2024-08-20 00:33:26 MainProcess-2140751 JobStatusPoller-Timer-Thread-22652854668560-22652854363904 parsl.channels.local.local:175 _log DEBUG: Created process with pid 2141107. Performing communicate
1724114006.437380 2024-08-20 00:33:26 MainProcess-2140751 JobStatusPoller-Timer-Thread-22652854668560-22652854363904 parsl.channels.local.local:175 _log DEBUG: Process 2141107 returned 0
1724114006.437499 2024-08-20 00:33:26 MainProcess-2140751 JobStatusPoller-Timer-Thread-22652854668560-22652854363904 parsl.channels.local.local:175 _log DEBUG: Execution of command in process 2141107 completed normally
1724114006.438484 2024-08-20 00:33:26 MainProcess-2140751 JobStatusPoller-Timer-Thread-22652854668560-22652854363904 parsl.executors.high_throughput.zmq_pipes:175 _log DEBUG: Sending command client command
1724114006.438585 2024-08-20 00:33:26 MainProcess-2140751 JobStatusPoller-Timer-Thread-22652854668560-22652854363904 parsl.executors.high_throughput.zmq_pipes:175 _log DEBUG: Receiving command client response
1724114006.438945 2024-08-20 00:33:26 MainProcess-2140751 JobStatusPoller-Timer-Thread-22652854668560-22652854363904 parsl.executors.high_throughput.zmq_pipes:175 _log DEBUG: Received command client response
1724114006.439061 2024-08-20 00:33:26 MainProcess-2140751 JobStatusPoller-Timer-Thread-22652854668560-22652854363904 parsl.jobs.strategy:175 _log DEBUG: general strategy starting with strategy_type simple for 1 executors
1724114006.439104 2024-08-20 00:33:26 MainProcess-2140751 JobStatusPoller-Timer-Thread-22652854668560-22652854363904 parsl.jobs.strategy:175 _log DEBUG: Strategizing for executor HighThroughputExecutor
1724114006.439145 2024-08-20 00:33:26 MainProcess-2140751 JobStatusPoller-Timer-Thread-22652854668560-22652854363904 parsl.executors.high_throughput.zmq_pipes:175 _log DEBUG: Sending command client command
1724114006.439189 2024-08-20 00:33:26 MainProcess-2140751 JobStatusPoller-Timer-Thread-22652854668560-22652854363904 parsl.executors.high_throughput.zmq_pipes:175 _log DEBUG: Receiving command client response
1724114006.439382 2024-08-20 00:33:26 MainProcess-2140751 JobStatusPoller-Timer-Thread-22652854668560-22652854363904 parsl.executors.high_throughput.zmq_pipes:175 _log DEBUG: Received command client response
1724114006.439430 2024-08-20 00:33:26 MainProcess-2140751 JobStatusPoller-Timer-Thread-22652854668560-22652854363904 parsl.jobs.strategy:175 _log DEBUG: Slot ratio calculation: active_slots = 1, active_tasks = 0
1724114006.439475 2024-08-20 00:33:26 MainProcess-2140751 JobStatusPoller-Timer-Thread-22652854668560-22652854363904 parsl.executors.high_throughput.zmq_pipes:175 _log DEBUG: Sending command client command
1724114006.439524 2024-08-20 00:33:26 MainProcess-2140751 JobStatusPoller-Timer-Thread-22652854668560-22652854363904 parsl.executors.high_throughput.zmq_pipes:175 _log DEBUG: Receiving command client response
1724114006.439681 2024-08-20 00:33:26 MainProcess-2140751 JobStatusPoller-Timer-Thread-22652854668560-22652854363904 parsl.executors.high_throughput.zmq_pipes:175 _log DEBUG: Received command client response
1724114006.439724 2024-08-20 00:33:26 MainProcess-2140751 JobStatusPoller-Timer-Thread-22652854668560-22652854363904 parsl.executors.high_throughput.zmq_pipes:175 _log DEBUG: Sending command client command
1724114006.439769 2024-08-20 00:33:26 MainProcess-2140751 JobStatusPoller-Timer-Thread-22652854668560-22652854363904 parsl.executors.high_throughput.zmq_pipes:175 _log DEBUG: Receiving command client response
1724114006.439924 2024-08-20 00:33:26 MainProcess-2140751 JobStatusPoller-Timer-Thread-22652854668560-22652854363904 parsl.executors.high_throughput.zmq_pipes:175 _log DEBUG: Received command client response
1724114006.439963 2024-08-20 00:33:26 MainProcess-2140751 JobStatusPoller-Timer-Thread-22652854668560-22652854363904 parsl.jobs.strategy:175 _log DEBUG: Executor HighThroughputExecutor has 0 active tasks, 1/0 running/pending blocks, and 1 connected workers
1724114006.440009 2024-08-20 00:33:26 MainProcess-2140751 JobStatusPoller-Timer-Thread-22652854668560-22652854363904 parsl.jobs.strategy:175 _log DEBUG: Strategy case 1: Executor has no active tasks
1724114006.440047 2024-08-20 00:33:26 MainProcess-2140751 JobStatusPoller-Timer-Thread-22652854668560-22652854363904 parsl.jobs.strategy:175 _log DEBUG: Strategy case 1b: Executor has no active tasks, and more (1) than minimum blocks (0)
1724114006.440089 2024-08-20 00:33:26 MainProcess-2140751 JobStatusPoller-Timer-Thread-22652854668560-22652854363904 parsl.jobs.strategy:175 _log DEBUG: Idle time 5.075300931930542s is less than max_idletime 120.0s for executor HighThroughputExecutor; not scaling in
1724114006.440125 2024-08-20 00:33:26 MainProcess-2140751 JobStatusPoller-Timer-Thread-22652854668560-22652854363904 parsl.process_loggers:175 _log DEBUG: Normal ending for _general_strategy on thread JobStatusPoller-Timer-Thread-22652854668560
1724114007.123477 2024-08-20 00:33:27 MainProcess-2140751 MainThread-22661629264064 parsl.dataflow.dflow:175 _log DEBUG: Task 0 will be sent to executor HighThroughputExecutor
1724114007.123634 2024-08-20 00:33:27 MainProcess-2140751 MainThread-22661629264064 parsl.dataflow.dflow:175 _log DEBUG: Adding output dependencies
1724114007.123684 2024-08-20 00:33:27 MainProcess-2140751 MainThread-22661629264064 parsl.dataflow.dflow:175 _log DEBUG: Added output dependencies
1724114007.123726 2024-08-20 00:33:27 MainProcess-2140751 MainThread-22661629264064 parsl.dataflow.dflow:175 _log DEBUG: Gathering dependencies
1724114007.123841 2024-08-20 00:33:27 MainProcess-2140751 MainThread-22661629264064 parsl.dataflow.dflow:175 _log DEBUG: Gathered dependencies
1724114007.123888 2024-08-20 00:33:27 MainProcess-2140751 MainThread-22661629264064 parsl.dataflow.dflow:175 _log INFO: Task 0 submitted for App hello_affinity, not waiting on any dependency
1724114007.123948 2024-08-20 00:33:27 MainProcess-2140751 MainThread-22661629264064 parsl.dataflow.dflow:175 _log DEBUG: Task 0 set to pending state with AppFuture: <AppFuture at 0x149a499870d0 state=pending>
1724114007.124281 2024-08-20 00:33:27 MainProcess-2140751 Dependency-Launch_0-22653943920384 parsl.dataflow.memoization:175 _log DEBUG: Task 0 will not be memoized
1724114007.124443 2024-08-20 00:33:27 MainProcess-2140751 Dependency-Launch_0-22653943920384 parsl.executors.high_throughput.executor:175 _log DEBUG: Pushing function <function hello_affinity at 0x149a475d1ee0> to queue with args ("Namespace(sim_nodes=1, db_nodes=1, simprocs_pn=4, simprocs=4, sim_cpu_bind='numa', sim_arguments='--...", "'pals'")
1724114007.125935 2024-08-20 00:33:27 MainProcess-2140751 Dependency-Launch_0-22653943920384 parsl.executors.high_throughput.zmq_pipes:175 _log DEBUG: Sending TasksOutgoing message
1724114007.126017 2024-08-20 00:33:27 MainProcess-2140751 Dependency-Launch_0-22653943920384 parsl.executors.high_throughput.zmq_pipes:175 _log DEBUG: Sent TasksOutgoing message
1724114007.126073 2024-08-20 00:33:27 MainProcess-2140751 Dependency-Launch_0-22653943920384 parsl.dataflow.dflow:175 _log INFO: Parsl task 0 try 0 launched on executor HighThroughputExecutor with executor id 1
1724114007.126122 2024-08-20 00:33:27 MainProcess-2140751 Dependency-Launch_0-22653943920384 parsl.dataflow.dflow:175 _log INFO: Standard out for task 0 will not be redirected.
1724114007.126171 2024-08-20 00:33:27 MainProcess-2140751 Dependency-Launch_0-22653943920384 parsl.dataflow.dflow:175 _log INFO: Standard error for task 0 will not be redirected.
1724114007.126225 2024-08-20 00:33:27 MainProcess-2140751 Dependency-Launch_0-22653943920384 parsl.process_loggers:175 _log DEBUG: Normal ending for _launch_if_ready_async on thread Dependency-Launch_0
1724114007.749137 2024-08-20 00:33:27 MainProcess-2140751 HTEX-Result-Queue-Thread-22652839655168 parsl.executors.high_throughput.zmq_pipes:175 _log DEBUG: Received ResultsIncoming message
1724114007.749283 2024-08-20 00:33:27 MainProcess-2140751 HTEX-Result-Queue-Thread-22652839655168 parsl.app.errors:175 _log DEBUG: Reraising exception of type <class 'NameError'>
1724114007.749426 2024-08-20 00:33:27 MainProcess-2140751 HTEX-Result-Queue-Thread-22652839655168 parsl.dataflow.dflow:175 _log INFO: Task 0 try 0 failed with exception of type NameError
1724114007.749490 2024-08-20 00:33:27 MainProcess-2140751 HTEX-Result-Queue-Thread-22652839655168 parsl.dataflow.dflow:175 _log INFO: Task 0 marked for retry
1724114007.749531 2024-08-20 00:33:27 MainProcess-2140751 HTEX-Result-Queue-Thread-22652839655168 parsl.dataflow.dflow:175 _log INFO: Standard out for task 0 will not be redirected.
1724114007.749567 2024-08-20 00:33:27 MainProcess-2140751 HTEX-Result-Queue-Thread-22652839655168 parsl.dataflow.dflow:175 _log INFO: Standard error for task 0 will not be redirected.
1724114007.749623 2024-08-20 00:33:27 MainProcess-2140751 HTEX-Result-Queue-Thread-22652839655168 parsl.executors.high_throughput.zmq_pipes:175 _log DEBUG: Waiting for ResultsIncoming message
1724114007.749679 2024-08-20 00:33:27 MainProcess-2140751 Dependency-Launch_0-22653943920384 parsl.dataflow.memoization:175 _log DEBUG: Task 0 will not be memoized
1724114007.749773 2024-08-20 00:33:27 MainProcess-2140751 Dependency-Launch_0-22653943920384 parsl.executors.high_throughput.executor:175 _log DEBUG: Pushing function <function hello_affinity at 0x149a475d1ee0> to queue with args ("Namespace(sim_nodes=1, db_nodes=1, simprocs_pn=4, simprocs=4, sim_cpu_bind='numa', sim_arguments='--...", "'pals'")
1724114007.749852 2024-08-20 00:33:27 MainProcess-2140751 Dependency-Launch_0-22653943920384 parsl.executors.high_throughput.zmq_pipes:175 _log DEBUG: Sending TasksOutgoing message
1724114007.749906 2024-08-20 00:33:27 MainProcess-2140751 Dependency-Launch_0-22653943920384 parsl.executors.high_throughput.zmq_pipes:175 _log DEBUG: Sent TasksOutgoing message
1724114007.749949 2024-08-20 00:33:27 MainProcess-2140751 Dependency-Launch_0-22653943920384 parsl.dataflow.dflow:175 _log INFO: Parsl task 0 try 1 launched on executor HighThroughputExecutor with executor id 2
1724114007.749986 2024-08-20 00:33:27 MainProcess-2140751 Dependency-Launch_0-22653943920384 parsl.dataflow.dflow:175 _log INFO: Standard out for task 0 will not be redirected.
1724114007.750031 2024-08-20 00:33:27 MainProcess-2140751 Dependency-Launch_0-22653943920384 parsl.dataflow.dflow:175 _log INFO: Standard error for task 0 will not be redirected.
1724114007.750067 2024-08-20 00:33:27 MainProcess-2140751 Dependency-Launch_0-22653943920384 parsl.process_loggers:175 _log DEBUG: Normal ending for _launch_if_ready_async on thread Dependency-Launch_0
1724114007.770782 2024-08-20 00:33:27 MainProcess-2140751 HTEX-Result-Queue-Thread-22652839655168 parsl.executors.high_throughput.zmq_pipes:175 _log DEBUG: Received ResultsIncoming message
1724114007.770984 2024-08-20 00:33:27 MainProcess-2140751 HTEX-Result-Queue-Thread-22652839655168 parsl.app.errors:175 _log DEBUG: Reraising exception of type <class 'NameError'>
1724114007.771177 2024-08-20 00:33:27 MainProcess-2140751 HTEX-Result-Queue-Thread-22652839655168 parsl.dataflow.dflow:175 _log INFO: Task 0 try 1 failed with exception of type NameError
1724114007.771297 2024-08-20 00:33:27 MainProcess-2140751 HTEX-Result-Queue-Thread-22652839655168 parsl.dataflow.dflow:175 _log ERROR: Task 0 failed after 1 retry attempts
Traceback (most recent call last):
  File "/home/viralss2/SSML/lib/python3.11/site-packages/parsl/dataflow/dflow.py", line 344, in handle_exec_update
    res = self._unwrap_remote_exception_wrapper(future)
          ^^^^^^^^^^^^^^^^^^^^^^^^^^^^^^^^^^^^^^^^^^^^^
  File "/home/viralss2/SSML/lib/python3.11/site-packages/parsl/dataflow/dflow.py", line 614, in _unwrap_remote_exception_wrapper
    result.reraise()
  File "/home/viralss2/SSML/lib/python3.11/site-packages/parsl/app/errors.py", line 117, in reraise
    raise v
  File "/home/viralss2/SSML/lib/python3.11/site-packages/parsl/app/errors.py", line 141, in wrapper
    return func(*args, **kwargs)
    ^^^^^^^^^^^^^^^^^
  File "/home/viralss2/nekRS-ML_MSR/examples/parsl_MSR_smartsim/ssim_driver_polaris.py", line 39, in hello_affinity
    SSDB = db.get_address()[0]
    ^^^^^^^^^^^^^^^^^
NameError: name 'db' is not defined
1724114007.772386 2024-08-20 00:33:27 MainProcess-2140751 HTEX-Result-Queue-Thread-22652839655168 parsl.dataflow.dflow:175 _log INFO: Standard out for task 0 will not be redirected.
1724114007.772573 2024-08-20 00:33:27 MainProcess-2140751 HTEX-Result-Queue-Thread-22652839655168 parsl.dataflow.dflow:175 _log INFO: Standard error for task 0 will not be redirected.
1724114007.772641 2024-08-20 00:33:27 MainProcess-2140751 HTEX-Result-Queue-Thread-22652839655168 parsl.executors.high_throughput.zmq_pipes:175 _log DEBUG: Waiting for ResultsIncoming message
1724114007.774688 2024-08-20 00:33:27 MainProcess-2140751 MainThread-22661629264064 parsl.dataflow.dflow:175 _log WARNING: Python is exiting with a DFK still running. You should call parsl.dfk().cleanup() before exiting to release any resources
