1724114178.411192 2024-08-20 00:36:18 MainProcess-2142635 MainThread-22617990004928 parsl.dataflow.dflow:175 _log INFO: Starting DataFlowKernel with config
Config(
    app_cache=True, 
    checkpoint_files=None, 
    checkpoint_mode=None, 
    checkpoint_period=None, 
    dependency_resolver=None, 
    executors=(HighThroughputExecutor(
        address='10.140.56.174', 
        address_probe_timeout=None, 
        available_accelerators=['0,1,2,3'], 
        block_error_handler=<function simple_error_handler at 0x14901e526980>, 
        cores_per_worker=1.0, 
        cpu_affinity='block-reverse', 
        drain_period=None, 
        enable_mpi_mode=False, 
        encrypted=False, 
        heartbeat_period=30, 
        heartbeat_threshold=120, 
        interchange_launch_cmd=['interchange.py'], 
        interchange_port_range=(55000, 56000), 
        label='HighThroughputExecutor', 
        launch_cmd='process_worker_pool.py {debug} {max_workers_per_node} -a {addresses} -p {prefetch_capacity} -c {cores_per_worker} -m {mem_per_worker} --poll {poll_period} --task_port={task_port} --result_port={result_port} --cert_dir {cert_dir} --logdir={logdir} --block_id={{block_id}} --hb_period={heartbeat_period} {address_probe_timeout_string} --hb_threshold={heartbeat_threshold} --drain_period={drain_period} --cpu-affinity {cpu_affinity} {enable_mpi_mode} --mpi-launcher={mpi_launcher} --available-accelerators {accelerators}', 
        manager_selector=<parsl.executors.high_throughput.manager_selector.RandomManagerSelector object at 0x14901e536690>, 
        max_workers=inf, 
        max_workers_per_node=inf, 
        mem_per_worker=None, 
        mpi_launcher='mpiexec', 
        poll_period=10, 
        prefetch_capacity=0, 
        provider=LocalProvider(
            channel=LocalChannel(
                envs={}, 
                script_dir=None, 
                userhome='/home/viralss2/nekRS-ML_MSR/examples/parsl_MSR_smartsim'
            ), 
            cmd_timeout=30, 
            init_blocks=1, 
            launcher=SingleNodeLauncher(debug=True, fail_on_any=False), 
            max_blocks=1, 
            min_blocks=0, 
            move_files=None, 
            nodes_per_block=1, 
            parallelism=1, 
            worker_init='source /home/viralss2/ALCF_Hands_on_HPC_Workshop/workflows/parsl/launch_eg/set_run_env;\n                            cd /home/viralss2/nekRS-ML_MSR/examples/parsl_MSR_smartsim'
        ), 
        storage_access=None, 
        worker_debug=False, 
        worker_logdir_root=None, 
        worker_port_range=(54000, 55000), 
        worker_ports=None, 
        working_dir=None
    ),), 
    exit_mode='cleanup', 
    garbage_collect=True, 
    initialize_logging=True, 
    internal_tasks_max_threads=10, 
    max_idletime=120.0, 
    monitoring=None, 
    retries=1, 
    retry_handler=None, 
    run_dir='runinfo', 
    std_autopath=None, 
    strategy='simple', 
    strategy_period=5, 
    usage_tracking=0
)
1724114178.412049 2024-08-20 00:36:18 MainProcess-2142635 MainThread-22617990004928 parsl.dataflow.dflow:175 _log INFO: Parsl version: 2024.08.05
1724114178.412135 2024-08-20 00:36:18 MainProcess-2142635 MainThread-22617990004928 parsl.usage_tracking.usage:175 _log DEBUG: Tracking level: 0
1724114178.412210 2024-08-20 00:36:18 MainProcess-2142635 MainThread-22617990004928 parsl.dataflow.dflow:175 _log INFO: Run id is: 471c73e3-f828-43e6-8e58-3883b3b39c8f
1724114178.520728 2024-08-20 00:36:18 MainProcess-2142635 MainThread-22617990004928 parsl.dataflow.dflow:175 _log DEBUG: Considering candidate for workflow name: /home/viralss2/SSML/lib/python3.11/site-packages/parsl/dataflow/dflow.py
1724114178.520792 2024-08-20 00:36:18 MainProcess-2142635 MainThread-22617990004928 parsl.dataflow.dflow:175 _log DEBUG: Considering candidate for workflow name: /soft/applications/conda/2024-04-29/mconda3/lib/python3.11/site-packages/typeguard/__init__.py
1724114178.520840 2024-08-20 00:36:18 MainProcess-2142635 MainThread-22617990004928 parsl.dataflow.dflow:175 _log DEBUG: Considering candidate for workflow name: /home/viralss2/SSML/lib/python3.11/site-packages/parsl/dataflow/dflow.py
1724114178.520904 2024-08-20 00:36:18 MainProcess-2142635 MainThread-22617990004928 parsl.dataflow.dflow:175 _log DEBUG: Considering candidate for workflow name: /soft/applications/conda/2024-04-29/mconda3/lib/python3.11/site-packages/typeguard/__init__.py
1724114178.520959 2024-08-20 00:36:18 MainProcess-2142635 MainThread-22617990004928 parsl.dataflow.dflow:175 _log DEBUG: Considering candidate for workflow name: /home/viralss2/nekRS-ML_MSR/examples/parsl_MSR_smartsim/ssim_driver_polaris.py
1724114178.520998 2024-08-20 00:36:18 MainProcess-2142635 MainThread-22617990004928 parsl.dataflow.dflow:175 _log DEBUG: Using ssim_driver_polaris.py as workflow name
1724114178.521120 2024-08-20 00:36:18 MainProcess-2142635 MainThread-22617990004928 parsl.dataflow.memoization:175 _log INFO: App caching initialized
1724114178.521174 2024-08-20 00:36:18 MainProcess-2142635 MainThread-22617990004928 parsl.jobs.strategy:175 _log DEBUG: Scaling strategy: simple
1724114178.525359 2024-08-20 00:36:18 MainProcess-2142635 MainThread-22617990004928 parsl.executors.high_throughput.executor:175 _log DEBUG: Starting result queue thread
1724114178.525610 2024-08-20 00:36:18 MainProcess-2142635 HTEX-Result-Queue-Thread-22609200379648 parsl.executors.high_throughput.executor:175 _log DEBUG: Result queue worker starting
1724114178.525692 2024-08-20 00:36:18 MainProcess-2142635 MainThread-22617990004928 parsl.executors.high_throughput.executor:175 _log DEBUG: Started result queue thread
1724114178.525748 2024-08-20 00:36:18 MainProcess-2142635 HTEX-Result-Queue-Thread-22609200379648 parsl.executors.high_throughput.zmq_pipes:175 _log DEBUG: Waiting for ResultsIncoming message
1724114178.526842 2024-08-20 00:36:18 MainProcess-2142635 MainThread-22617990004928 parsl.executors.high_throughput.executor:175 _log DEBUG: Popened interchange process. Writing config object
1724114178.526915 2024-08-20 00:36:18 MainProcess-2142635 MainThread-22617990004928 parsl.executors.high_throughput.executor:175 _log DEBUG: Sent config object. Requesting worker ports
1724114178.526957 2024-08-20 00:36:18 MainProcess-2142635 MainThread-22617990004928 parsl.executors.high_throughput.zmq_pipes:175 _log DEBUG: Sending command client command
1724114179.068533 2024-08-20 00:36:19 MainProcess-2142635 MainThread-22617990004928 parsl.executors.high_throughput.zmq_pipes:175 _log DEBUG: Polling for command client response or timeout
1724114179.070214 2024-08-20 00:36:19 MainProcess-2142635 MainThread-22617990004928 parsl.executors.high_throughput.zmq_pipes:175 _log DEBUG: Receiving command client response
1724114179.070270 2024-08-20 00:36:19 MainProcess-2142635 MainThread-22617990004928 parsl.executors.high_throughput.zmq_pipes:175 _log DEBUG: Received command client response
1724114179.070310 2024-08-20 00:36:19 MainProcess-2142635 MainThread-22617990004928 parsl.executors.high_throughput.executor:175 _log DEBUG: Got worker ports
1724114179.070343 2024-08-20 00:36:19 MainProcess-2142635 MainThread-22617990004928 parsl.executors.high_throughput.executor:175 _log DEBUG: Created result queue thread: <Thread(HTEX-Result-Queue-Thread, started daemon 22609200379648)>
1724114179.070544 2024-08-20 00:36:19 MainProcess-2142635 MainThread-22617990004928 parsl.executors.high_throughput.executor:175 _log DEBUG: Launch command: process_worker_pool.py   -a 10.140.56.174 -p 0 -c 1.0 -m None --poll 10 --task_port=54183 --result_port=54625 --cert_dir None --logdir=/home/viralss2/nekRS-ML_MSR/examples/parsl_MSR_smartsim/runinfo/036/HighThroughputExecutor --block_id={block_id} --hb_period=30  --hb_threshold=120 --drain_period=None --cpu-affinity block-reverse  --mpi-launcher=mpiexec --available-accelerators 0,1,2,3
1724114179.070581 2024-08-20 00:36:19 MainProcess-2142635 MainThread-22617990004928 parsl.executors.high_throughput.executor:175 _log DEBUG: Starting HighThroughputExecutor with provider:
LocalProvider(
    channel=LocalChannel(
        envs={}, 
        script_dir='/home/viralss2/nekRS-ML_MSR/examples/parsl_MSR_smartsim/runinfo/036/submit_scripts', 
        userhome='/home/viralss2/nekRS-ML_MSR/examples/parsl_MSR_smartsim'
    ), 
    cmd_timeout=30, 
    init_blocks=1, 
    launcher=SingleNodeLauncher(debug=True, fail_on_any=False), 
    max_blocks=1, 
    min_blocks=0, 
    move_files=None, 
    nodes_per_block=1, 
    parallelism=1, 
    worker_init='source /home/viralss2/ALCF_Hands_on_HPC_Workshop/workflows/parsl/launch_eg/set_run_env;\n                            cd /home/viralss2/nekRS-ML_MSR/examples/parsl_MSR_smartsim'
)
1724114179.070866 2024-08-20 00:36:19 MainProcess-2142635 MainThread-22617990004928 parsl.jobs.job_status_poller:175 _log DEBUG: Adding executor HighThroughputExecutor
1724114183.521527 2024-08-20 00:36:23 MainProcess-2142635 JobStatusPoller-Timer-Thread-22609215431888-22609215088384 parsl.executors.high_throughput.zmq_pipes:175 _log DEBUG: Sending command client command
1724114183.521689 2024-08-20 00:36:23 MainProcess-2142635 JobStatusPoller-Timer-Thread-22609215431888-22609215088384 parsl.executors.high_throughput.zmq_pipes:175 _log DEBUG: Receiving command client response
1724114183.521843 2024-08-20 00:36:23 MainProcess-2142635 JobStatusPoller-Timer-Thread-22609215431888-22609215088384 parsl.executors.high_throughput.zmq_pipes:175 _log DEBUG: Received command client response
1724114183.521909 2024-08-20 00:36:23 MainProcess-2142635 JobStatusPoller-Timer-Thread-22609215431888-22609215088384 parsl.jobs.strategy:175 _log DEBUG: general strategy starting with strategy_type simple for 1 executors
1724114183.521949 2024-08-20 00:36:23 MainProcess-2142635 JobStatusPoller-Timer-Thread-22609215431888-22609215088384 parsl.jobs.strategy:175 _log DEBUG: Strategizing for executor HighThroughputExecutor
1724114183.521985 2024-08-20 00:36:23 MainProcess-2142635 JobStatusPoller-Timer-Thread-22609215431888-22609215088384 parsl.jobs.strategy:175 _log DEBUG: Scaling out 1 initial blocks for HighThroughputExecutor
1724114183.522026 2024-08-20 00:36:23 MainProcess-2142635 JobStatusPoller-Timer-Thread-22609215431888-22609215088384 parsl.executors.status_handling:175 _log INFO: Scaling out by 1 blocks
1724114183.522067 2024-08-20 00:36:23 MainProcess-2142635 JobStatusPoller-Timer-Thread-22609215431888-22609215088384 parsl.executors.status_handling:175 _log INFO: Allocated block ID 0
1724114183.522110 2024-08-20 00:36:23 MainProcess-2142635 JobStatusPoller-Timer-Thread-22609215431888-22609215088384 parsl.executors.status_handling:175 _log DEBUG: Submitting to provider with job_name parsl.HighThroughputExecutor.block-0
1724114183.524364 2024-08-20 00:36:23 MainProcess-2142635 JobStatusPoller-Timer-Thread-22609215431888-22609215088384 parsl.providers.local.local:175 _log DEBUG: Launching
1724114183.524579 2024-08-20 00:36:23 MainProcess-2142635 JobStatusPoller-Timer-Thread-22609215431888-22609215088384 parsl.channels.local.local:175 _log DEBUG: Creating process with command '/bin/bash -c 'echo - >/home/viralss2/nekRS-ML_MSR/examples/parsl_MSR_smartsim/runinfo/036/submit_scripts/parsl.HighThroughputExecutor.block-0.1724114183.5222366.sh.ec && { { bash /home/viralss2/nekRS-ML_MSR/examples/parsl_MSR_smartsim/runinfo/036/submit_scripts/parsl.HighThroughputExecutor.block-0.1724114183.5222366.sh 1>/home/viralss2/nekRS-ML_MSR/examples/parsl_MSR_smartsim/runinfo/036/submit_scripts/parsl.HighThroughputExecutor.block-0.1724114183.5222366.sh.out 2>/home/viralss2/nekRS-ML_MSR/examples/parsl_MSR_smartsim/runinfo/036/submit_scripts/parsl.HighThroughputExecutor.block-0.1724114183.5222366.sh.err ; echo $? > /home/viralss2/nekRS-ML_MSR/examples/parsl_MSR_smartsim/runinfo/036/submit_scripts/parsl.HighThroughputExecutor.block-0.1724114183.5222366.sh.ec ; } >/dev/null 2>&1 & echo "PID:$!" ; }''
1724114183.537833 2024-08-20 00:36:23 MainProcess-2142635 JobStatusPoller-Timer-Thread-22609215431888-22609215088384 parsl.channels.local.local:175 _log DEBUG: Created process with pid 2142848. Performing communicate
1724114183.546040 2024-08-20 00:36:23 MainProcess-2142635 JobStatusPoller-Timer-Thread-22609215431888-22609215088384 parsl.channels.local.local:175 _log DEBUG: Process 2142848 returned 0
1724114183.546158 2024-08-20 00:36:23 MainProcess-2142635 JobStatusPoller-Timer-Thread-22609215431888-22609215088384 parsl.channels.local.local:175 _log DEBUG: Execution of command in process 2142848 completed normally
1724114183.546296 2024-08-20 00:36:23 MainProcess-2142635 JobStatusPoller-Timer-Thread-22609215431888-22609215088384 parsl.executors.status_handling:175 _log DEBUG: Launched block 0 on executor HighThroughputExecutor with job ID 2142849
1724114183.546386 2024-08-20 00:36:23 MainProcess-2142635 JobStatusPoller-Timer-Thread-22609215431888-22609215088384 parsl.executors.high_throughput.zmq_pipes:175 _log DEBUG: Sending command client command
1724114183.546471 2024-08-20 00:36:23 MainProcess-2142635 JobStatusPoller-Timer-Thread-22609215431888-22609215088384 parsl.executors.high_throughput.zmq_pipes:175 _log DEBUG: Receiving command client response
1724114183.546605 2024-08-20 00:36:23 MainProcess-2142635 JobStatusPoller-Timer-Thread-22609215431888-22609215088384 parsl.executors.high_throughput.zmq_pipes:175 _log DEBUG: Received command client response
1724114183.546666 2024-08-20 00:36:23 MainProcess-2142635 JobStatusPoller-Timer-Thread-22609215431888-22609215088384 parsl.jobs.strategy:175 _log DEBUG: Slot ratio calculation: active_slots = 1, active_tasks = 0
1724114183.546706 2024-08-20 00:36:23 MainProcess-2142635 JobStatusPoller-Timer-Thread-22609215431888-22609215088384 parsl.executors.high_throughput.zmq_pipes:175 _log DEBUG: Sending command client command
1724114183.546749 2024-08-20 00:36:23 MainProcess-2142635 JobStatusPoller-Timer-Thread-22609215431888-22609215088384 parsl.executors.high_throughput.zmq_pipes:175 _log DEBUG: Receiving command client response
1724114183.546820 2024-08-20 00:36:23 MainProcess-2142635 JobStatusPoller-Timer-Thread-22609215431888-22609215088384 parsl.executors.high_throughput.zmq_pipes:175 _log DEBUG: Received command client response
1724114183.546863 2024-08-20 00:36:23 MainProcess-2142635 JobStatusPoller-Timer-Thread-22609215431888-22609215088384 parsl.executors.high_throughput.zmq_pipes:175 _log DEBUG: Sending command client command
1724114183.546906 2024-08-20 00:36:23 MainProcess-2142635 JobStatusPoller-Timer-Thread-22609215431888-22609215088384 parsl.executors.high_throughput.zmq_pipes:175 _log DEBUG: Receiving command client response
1724114183.546969 2024-08-20 00:36:23 MainProcess-2142635 JobStatusPoller-Timer-Thread-22609215431888-22609215088384 parsl.executors.high_throughput.zmq_pipes:175 _log DEBUG: Received command client response
1724114183.547010 2024-08-20 00:36:23 MainProcess-2142635 JobStatusPoller-Timer-Thread-22609215431888-22609215088384 parsl.jobs.strategy:175 _log DEBUG: Executor HighThroughputExecutor has 0 active tasks, 0/1 running/pending blocks, and 0 connected workers
1724114183.547045 2024-08-20 00:36:23 MainProcess-2142635 JobStatusPoller-Timer-Thread-22609215431888-22609215088384 parsl.jobs.strategy:175 _log DEBUG: Strategy case 1: Executor has no active tasks
1724114183.547079 2024-08-20 00:36:23 MainProcess-2142635 JobStatusPoller-Timer-Thread-22609215431888-22609215088384 parsl.jobs.strategy:175 _log DEBUG: Strategy case 1b: Executor has no active tasks, and more (1) than minimum blocks (0)
1724114183.547116 2024-08-20 00:36:23 MainProcess-2142635 JobStatusPoller-Timer-Thread-22609215431888-22609215088384 parsl.jobs.strategy:175 _log DEBUG: Starting idle timer for executor. If idle time exceeds 120.0s, blocks will be scaled in
1724114183.547164 2024-08-20 00:36:23 MainProcess-2142635 JobStatusPoller-Timer-Thread-22609215431888-22609215088384 parsl.jobs.strategy:175 _log DEBUG: Idle time 7.152557373046875e-07s is less than max_idletime 120.0s for executor HighThroughputExecutor; not scaling in
1724114183.547213 2024-08-20 00:36:23 MainProcess-2142635 JobStatusPoller-Timer-Thread-22609215431888-22609215088384 parsl.process_loggers:175 _log DEBUG: Normal ending for _general_strategy on thread JobStatusPoller-Timer-Thread-22609215431888
1724114188.547566 2024-08-20 00:36:28 MainProcess-2142635 JobStatusPoller-Timer-Thread-22609215431888-22609215088384 parsl.channels.local.local:175 _log DEBUG: Creating process with command 'ps -p 2142849 > /dev/null 2> /dev/null; echo "STATUS:$?" '
1724114188.556983 2024-08-20 00:36:28 MainProcess-2142635 JobStatusPoller-Timer-Thread-22609215431888-22609215088384 parsl.channels.local.local:175 _log DEBUG: Created process with pid 2142991. Performing communicate
1724114188.619600 2024-08-20 00:36:28 MainProcess-2142635 JobStatusPoller-Timer-Thread-22609215431888-22609215088384 parsl.channels.local.local:175 _log DEBUG: Process 2142991 returned 0
1724114188.619717 2024-08-20 00:36:28 MainProcess-2142635 JobStatusPoller-Timer-Thread-22609215431888-22609215088384 parsl.channels.local.local:175 _log DEBUG: Execution of command in process 2142991 completed normally
1724114188.620802 2024-08-20 00:36:28 MainProcess-2142635 JobStatusPoller-Timer-Thread-22609215431888-22609215088384 parsl.executors.high_throughput.zmq_pipes:175 _log DEBUG: Sending command client command
1724114188.620914 2024-08-20 00:36:28 MainProcess-2142635 JobStatusPoller-Timer-Thread-22609215431888-22609215088384 parsl.executors.high_throughput.zmq_pipes:175 _log DEBUG: Receiving command client response
1724114188.621143 2024-08-20 00:36:28 MainProcess-2142635 JobStatusPoller-Timer-Thread-22609215431888-22609215088384 parsl.executors.high_throughput.zmq_pipes:175 _log DEBUG: Received command client response
1724114188.621286 2024-08-20 00:36:28 MainProcess-2142635 JobStatusPoller-Timer-Thread-22609215431888-22609215088384 parsl.jobs.strategy:175 _log DEBUG: general strategy starting with strategy_type simple for 1 executors
1724114188.621338 2024-08-20 00:36:28 MainProcess-2142635 JobStatusPoller-Timer-Thread-22609215431888-22609215088384 parsl.jobs.strategy:175 _log DEBUG: Strategizing for executor HighThroughputExecutor
1724114188.621382 2024-08-20 00:36:28 MainProcess-2142635 JobStatusPoller-Timer-Thread-22609215431888-22609215088384 parsl.executors.high_throughput.zmq_pipes:175 _log DEBUG: Sending command client command
1724114188.621431 2024-08-20 00:36:28 MainProcess-2142635 JobStatusPoller-Timer-Thread-22609215431888-22609215088384 parsl.executors.high_throughput.zmq_pipes:175 _log DEBUG: Receiving command client response
1724114188.621567 2024-08-20 00:36:28 MainProcess-2142635 JobStatusPoller-Timer-Thread-22609215431888-22609215088384 parsl.executors.high_throughput.zmq_pipes:175 _log DEBUG: Received command client response
1724114188.621637 2024-08-20 00:36:28 MainProcess-2142635 JobStatusPoller-Timer-Thread-22609215431888-22609215088384 parsl.jobs.strategy:175 _log DEBUG: Slot ratio calculation: active_slots = 1, active_tasks = 0
1724114188.621684 2024-08-20 00:36:28 MainProcess-2142635 JobStatusPoller-Timer-Thread-22609215431888-22609215088384 parsl.executors.high_throughput.zmq_pipes:175 _log DEBUG: Sending command client command
1724114188.621735 2024-08-20 00:36:28 MainProcess-2142635 JobStatusPoller-Timer-Thread-22609215431888-22609215088384 parsl.executors.high_throughput.zmq_pipes:175 _log DEBUG: Receiving command client response
1724114188.621835 2024-08-20 00:36:28 MainProcess-2142635 JobStatusPoller-Timer-Thread-22609215431888-22609215088384 parsl.executors.high_throughput.zmq_pipes:175 _log DEBUG: Received command client response
1724114188.621878 2024-08-20 00:36:28 MainProcess-2142635 JobStatusPoller-Timer-Thread-22609215431888-22609215088384 parsl.executors.high_throughput.zmq_pipes:175 _log DEBUG: Sending command client command
1724114188.621922 2024-08-20 00:36:28 MainProcess-2142635 JobStatusPoller-Timer-Thread-22609215431888-22609215088384 parsl.executors.high_throughput.zmq_pipes:175 _log DEBUG: Receiving command client response
1724114188.621991 2024-08-20 00:36:28 MainProcess-2142635 JobStatusPoller-Timer-Thread-22609215431888-22609215088384 parsl.executors.high_throughput.zmq_pipes:175 _log DEBUG: Received command client response
1724114188.622030 2024-08-20 00:36:28 MainProcess-2142635 JobStatusPoller-Timer-Thread-22609215431888-22609215088384 parsl.jobs.strategy:175 _log DEBUG: Executor HighThroughputExecutor has 0 active tasks, 1/0 running/pending blocks, and 1 connected workers
1724114188.622078 2024-08-20 00:36:28 MainProcess-2142635 JobStatusPoller-Timer-Thread-22609215431888-22609215088384 parsl.jobs.strategy:175 _log DEBUG: Strategy case 1: Executor has no active tasks
1724114188.622114 2024-08-20 00:36:28 MainProcess-2142635 JobStatusPoller-Timer-Thread-22609215431888-22609215088384 parsl.jobs.strategy:175 _log DEBUG: Strategy case 1b: Executor has no active tasks, and more (1) than minimum blocks (0)
1724114188.622165 2024-08-20 00:36:28 MainProcess-2142635 JobStatusPoller-Timer-Thread-22609215431888-22609215088384 parsl.jobs.strategy:175 _log DEBUG: Idle time 5.075002670288086s is less than max_idletime 120.0s for executor HighThroughputExecutor; not scaling in
1724114188.622202 2024-08-20 00:36:28 MainProcess-2142635 JobStatusPoller-Timer-Thread-22609215431888-22609215088384 parsl.process_loggers:175 _log DEBUG: Normal ending for _general_strategy on thread JobStatusPoller-Timer-Thread-22609215431888
1724114189.307447 2024-08-20 00:36:29 MainProcess-2142635 MainThread-22617990004928 parsl.dataflow.dflow:175 _log DEBUG: Task 0 will be sent to executor HighThroughputExecutor
1724114189.307595 2024-08-20 00:36:29 MainProcess-2142635 MainThread-22617990004928 parsl.dataflow.dflow:175 _log DEBUG: Adding output dependencies
1724114189.307645 2024-08-20 00:36:29 MainProcess-2142635 MainThread-22617990004928 parsl.dataflow.dflow:175 _log DEBUG: Added output dependencies
1724114189.307686 2024-08-20 00:36:29 MainProcess-2142635 MainThread-22617990004928 parsl.dataflow.dflow:175 _log DEBUG: Gathering dependencies
1724114189.307805 2024-08-20 00:36:29 MainProcess-2142635 MainThread-22617990004928 parsl.dataflow.dflow:175 _log DEBUG: Gathered dependencies
1724114189.307851 2024-08-20 00:36:29 MainProcess-2142635 MainThread-22617990004928 parsl.dataflow.dflow:175 _log INFO: Task 0 submitted for App hello_affinity, not waiting on any dependency
1724114189.307911 2024-08-20 00:36:29 MainProcess-2142635 MainThread-22617990004928 parsl.dataflow.dflow:175 _log DEBUG: Task 0 set to pending state with AppFuture: <AppFuture at 0x14901e44fa90 state=pending>
1724114189.308238 2024-08-20 00:36:29 MainProcess-2142635 Dependency-Launch_0-22610304661248 parsl.dataflow.memoization:175 _log DEBUG: Task 0 will not be memoized
1724114189.308414 2024-08-20 00:36:29 MainProcess-2142635 Dependency-Launch_0-22610304661248 parsl.executors.high_throughput.executor:175 _log DEBUG: Pushing function <function hello_affinity at 0x14901e431ee0> to queue with args ("Namespace(sim_nodes=1, db_nodes=1, simprocs_pn=4, simprocs=4, sim_cpu_bind='numa', sim_arguments='--...", "'pals'", "'10.201.0.169:6780'", "'x3203c0s1b1n0'")
1724114189.310042 2024-08-20 00:36:29 MainProcess-2142635 Dependency-Launch_0-22610304661248 parsl.executors.high_throughput.zmq_pipes:175 _log DEBUG: Sending TasksOutgoing message
1724114189.310119 2024-08-20 00:36:29 MainProcess-2142635 Dependency-Launch_0-22610304661248 parsl.executors.high_throughput.zmq_pipes:175 _log DEBUG: Sent TasksOutgoing message
1724114189.310185 2024-08-20 00:36:29 MainProcess-2142635 Dependency-Launch_0-22610304661248 parsl.dataflow.dflow:175 _log INFO: Parsl task 0 try 0 launched on executor HighThroughputExecutor with executor id 1
1724114189.310235 2024-08-20 00:36:29 MainProcess-2142635 Dependency-Launch_0-22610304661248 parsl.dataflow.dflow:175 _log INFO: Standard out for task 0 will not be redirected.
1724114189.310275 2024-08-20 00:36:29 MainProcess-2142635 Dependency-Launch_0-22610304661248 parsl.dataflow.dflow:175 _log INFO: Standard error for task 0 will not be redirected.
1724114189.310316 2024-08-20 00:36:29 MainProcess-2142635 Dependency-Launch_0-22610304661248 parsl.process_loggers:175 _log DEBUG: Normal ending for _launch_if_ready_async on thread Dependency-Launch_0
1724114189.921256 2024-08-20 00:36:29 MainProcess-2142635 HTEX-Result-Queue-Thread-22609200379648 parsl.executors.high_throughput.zmq_pipes:175 _log DEBUG: Received ResultsIncoming message
1724114189.921436 2024-08-20 00:36:29 MainProcess-2142635 HTEX-Result-Queue-Thread-22609200379648 parsl.dataflow.dflow:175 _log INFO: Task 0 completed (launched -> exec_done)
1724114189.921560 2024-08-20 00:36:29 MainProcess-2142635 HTEX-Result-Queue-Thread-22609200379648 parsl.dataflow.dflow:175 _log INFO: Standard out for task 0 will not be redirected.
1724114189.922245 2024-08-20 00:36:29 MainProcess-2142635 HTEX-Result-Queue-Thread-22609200379648 parsl.dataflow.dflow:175 _log INFO: Standard error for task 0 will not be redirected.
1724114189.922398 2024-08-20 00:36:29 MainProcess-2142635 HTEX-Result-Queue-Thread-22609200379648 parsl.executors.high_throughput.zmq_pipes:175 _log DEBUG: Waiting for ResultsIncoming message
1724114189.960708 2024-08-20 00:36:29 MainProcess-2142635 MainThread-22617990004928 parsl.dataflow.dflow:175 _log WARNING: Python is exiting with a DFK still running. You should call parsl.dfk().cleanup() before exiting to release any resources
