1724107618.344557 2024-08-19 22:46:58 MainProcess-3009473 MainThread-22382239531200 parsl.dataflow.dflow:175 _log INFO: Starting DataFlowKernel with config
Config(
    app_cache=True, 
    checkpoint_files=None, 
    checkpoint_mode=None, 
    checkpoint_period=None, 
    dependency_resolver=None, 
    executors=(HighThroughputExecutor(
        address='10.140.57.88', 
        address_probe_timeout=None, 
        available_accelerators=['0,1,2,3'], 
        block_error_handler=<function simple_error_handler at 0x14593a7f28e0>, 
        cores_per_worker=1.0, 
        cpu_affinity='block-reverse', 
        drain_period=None, 
        enable_mpi_mode=False, 
        encrypted=False, 
        heartbeat_period=30, 
        heartbeat_threshold=120, 
        interchange_launch_cmd=['interchange.py'], 
        interchange_port_range=(55000, 56000), 
        label='HighThroughputExecutor', 
        launch_cmd='process_worker_pool.py {debug} {max_workers_per_node} -a {addresses} -p {prefetch_capacity} -c {cores_per_worker} -m {mem_per_worker} --poll {poll_period} --task_port={task_port} --result_port={result_port} --cert_dir {cert_dir} --logdir={logdir} --block_id={{block_id}} --hb_period={heartbeat_period} {address_probe_timeout_string} --hb_threshold={heartbeat_threshold} --drain_period={drain_period} --cpu-affinity {cpu_affinity} {enable_mpi_mode} --mpi-launcher={mpi_launcher} --available-accelerators {accelerators}', 
        manager_selector=<parsl.executors.high_throughput.manager_selector.RandomManagerSelector object at 0x14593a7fe790>, 
        max_workers=inf, 
        max_workers_per_node=inf, 
        mem_per_worker=None, 
        mpi_launcher='mpiexec', 
        poll_period=10, 
        prefetch_capacity=0, 
        provider=LocalProvider(
            channel=LocalChannel(
                envs={}, 
                script_dir=None, 
                userhome='/home/viralss2/nekRS-ML_MSR/examples/parsl_MSR_smartsim'
            ), 
            cmd_timeout=30, 
            init_blocks=1, 
            launcher=SingleNodeLauncher(debug=True, fail_on_any=False), 
            max_blocks=1, 
            min_blocks=0, 
            move_files=None, 
            nodes_per_block=1, 
            parallelism=1, 
            worker_init='source /home/viralss2/ALCF_Hands_on_HPC_Workshop/workflows/parsl/launch_eg/set_run_env;\n                            cd /home/viralss2/nekRS-ML_MSR/examples/parsl_MSR_smartsim'
        ), 
        storage_access=None, 
        worker_debug=False, 
        worker_logdir_root=None, 
        worker_port_range=(54000, 55000), 
        worker_ports=None, 
        working_dir=None
    ),), 
    exit_mode='cleanup', 
    garbage_collect=True, 
    initialize_logging=True, 
    internal_tasks_max_threads=10, 
    max_idletime=120.0, 
    monitoring=None, 
    retries=1, 
    retry_handler=None, 
    run_dir='runinfo', 
    std_autopath=None, 
    strategy='simple', 
    strategy_period=5, 
    usage_tracking=0
)
1724107618.345810 2024-08-19 22:46:58 MainProcess-3009473 MainThread-22382239531200 parsl.dataflow.dflow:175 _log INFO: Parsl version: 2024.08.05
1724107618.345891 2024-08-19 22:46:58 MainProcess-3009473 MainThread-22382239531200 parsl.usage_tracking.usage:175 _log DEBUG: Tracking level: 0
1724107618.345964 2024-08-19 22:46:58 MainProcess-3009473 MainThread-22382239531200 parsl.dataflow.dflow:175 _log INFO: Run id is: 3a1e4b8e-74d6-4f57-a485-c44e7b8d53b6
1724107618.449866 2024-08-19 22:46:58 MainProcess-3009473 MainThread-22382239531200 parsl.dataflow.dflow:175 _log DEBUG: Considering candidate for workflow name: /home/viralss2/SSML/lib/python3.11/site-packages/parsl/dataflow/dflow.py
1724107618.449928 2024-08-19 22:46:58 MainProcess-3009473 MainThread-22382239531200 parsl.dataflow.dflow:175 _log DEBUG: Considering candidate for workflow name: /soft/applications/conda/2024-04-29/mconda3/lib/python3.11/site-packages/typeguard/__init__.py
1724107618.449977 2024-08-19 22:46:58 MainProcess-3009473 MainThread-22382239531200 parsl.dataflow.dflow:175 _log DEBUG: Considering candidate for workflow name: /home/viralss2/SSML/lib/python3.11/site-packages/parsl/dataflow/dflow.py
1724107618.450037 2024-08-19 22:46:58 MainProcess-3009473 MainThread-22382239531200 parsl.dataflow.dflow:175 _log DEBUG: Considering candidate for workflow name: /soft/applications/conda/2024-04-29/mconda3/lib/python3.11/site-packages/typeguard/__init__.py
1724107618.450090 2024-08-19 22:46:58 MainProcess-3009473 MainThread-22382239531200 parsl.dataflow.dflow:175 _log DEBUG: Considering candidate for workflow name: /home/viralss2/nekRS-ML_MSR/examples/parsl_MSR_smartsim/ssim_driver_polaris.py
1724107618.450128 2024-08-19 22:46:58 MainProcess-3009473 MainThread-22382239531200 parsl.dataflow.dflow:175 _log DEBUG: Using ssim_driver_polaris.py as workflow name
1724107618.450242 2024-08-19 22:46:58 MainProcess-3009473 MainThread-22382239531200 parsl.dataflow.memoization:175 _log INFO: App caching initialized
1724107618.450292 2024-08-19 22:46:58 MainProcess-3009473 MainThread-22382239531200 parsl.jobs.strategy:175 _log DEBUG: Scaling strategy: simple
1724107618.454571 2024-08-19 22:46:58 MainProcess-3009473 MainThread-22382239531200 parsl.executors.high_throughput.executor:175 _log DEBUG: Starting result queue thread
1724107618.454807 2024-08-19 22:46:58 MainProcess-3009473 HTEX-Result-Queue-Thread-22373449922304 parsl.executors.high_throughput.executor:175 _log DEBUG: Result queue worker starting
1724107618.454900 2024-08-19 22:46:58 MainProcess-3009473 MainThread-22382239531200 parsl.executors.high_throughput.executor:175 _log DEBUG: Started result queue thread
1724107618.454952 2024-08-19 22:46:58 MainProcess-3009473 HTEX-Result-Queue-Thread-22373449922304 parsl.executors.high_throughput.zmq_pipes:175 _log DEBUG: Waiting for ResultsIncoming message
1724107618.455823 2024-08-19 22:46:58 MainProcess-3009473 MainThread-22382239531200 parsl.executors.high_throughput.executor:175 _log DEBUG: Popened interchange process. Writing config object
1724107618.455891 2024-08-19 22:46:58 MainProcess-3009473 MainThread-22382239531200 parsl.executors.high_throughput.executor:175 _log DEBUG: Sent config object. Requesting worker ports
1724107618.455934 2024-08-19 22:46:58 MainProcess-3009473 MainThread-22382239531200 parsl.executors.high_throughput.zmq_pipes:175 _log DEBUG: Sending command client command
1724107618.986526 2024-08-19 22:46:58 MainProcess-3009473 MainThread-22382239531200 parsl.executors.high_throughput.zmq_pipes:175 _log DEBUG: Polling for command client response or timeout
1724107618.988186 2024-08-19 22:46:58 MainProcess-3009473 MainThread-22382239531200 parsl.executors.high_throughput.zmq_pipes:175 _log DEBUG: Receiving command client response
1724107618.988270 2024-08-19 22:46:58 MainProcess-3009473 MainThread-22382239531200 parsl.executors.high_throughput.zmq_pipes:175 _log DEBUG: Received command client response
1724107618.988314 2024-08-19 22:46:58 MainProcess-3009473 MainThread-22382239531200 parsl.executors.high_throughput.executor:175 _log DEBUG: Got worker ports
1724107618.988357 2024-08-19 22:46:58 MainProcess-3009473 MainThread-22382239531200 parsl.executors.high_throughput.executor:175 _log DEBUG: Created result queue thread: <Thread(HTEX-Result-Queue-Thread, started daemon 22373449922304)>
1724107618.988556 2024-08-19 22:46:58 MainProcess-3009473 MainThread-22382239531200 parsl.executors.high_throughput.executor:175 _log DEBUG: Launch command: process_worker_pool.py   -a 10.140.57.88 -p 0 -c 1.0 -m None --poll 10 --task_port=54978 --result_port=54706 --cert_dir None --logdir=/home/viralss2/nekRS-ML_MSR/examples/parsl_MSR_smartsim/runinfo/011/HighThroughputExecutor --block_id={block_id} --hb_period=30  --hb_threshold=120 --drain_period=None --cpu-affinity block-reverse  --mpi-launcher=mpiexec --available-accelerators 0,1,2,3
1724107618.988594 2024-08-19 22:46:58 MainProcess-3009473 MainThread-22382239531200 parsl.executors.high_throughput.executor:175 _log DEBUG: Starting HighThroughputExecutor with provider:
LocalProvider(
    channel=LocalChannel(
        envs={}, 
        script_dir='/home/viralss2/nekRS-ML_MSR/examples/parsl_MSR_smartsim/runinfo/011/submit_scripts', 
        userhome='/home/viralss2/nekRS-ML_MSR/examples/parsl_MSR_smartsim'
    ), 
    cmd_timeout=30, 
    init_blocks=1, 
    launcher=SingleNodeLauncher(debug=True, fail_on_any=False), 
    max_blocks=1, 
    min_blocks=0, 
    move_files=None, 
    nodes_per_block=1, 
    parallelism=1, 
    worker_init='source /home/viralss2/ALCF_Hands_on_HPC_Workshop/workflows/parsl/launch_eg/set_run_env;\n                            cd /home/viralss2/nekRS-ML_MSR/examples/parsl_MSR_smartsim'
)
1724107618.988879 2024-08-19 22:46:58 MainProcess-3009473 MainThread-22382239531200 parsl.jobs.job_status_poller:175 _log DEBUG: Adding executor HighThroughputExecutor
1724107623.450895 2024-08-19 22:47:03 MainProcess-3009473 JobStatusPoller-Timer-Thread-22373464909840-22373464631040 parsl.executors.high_throughput.zmq_pipes:175 _log DEBUG: Sending command client command
1724107623.451172 2024-08-19 22:47:03 MainProcess-3009473 JobStatusPoller-Timer-Thread-22373464909840-22373464631040 parsl.executors.high_throughput.zmq_pipes:175 _log DEBUG: Receiving command client response
1724107623.451557 2024-08-19 22:47:03 MainProcess-3009473 JobStatusPoller-Timer-Thread-22373464909840-22373464631040 parsl.executors.high_throughput.zmq_pipes:175 _log DEBUG: Received command client response
1724107623.451640 2024-08-19 22:47:03 MainProcess-3009473 JobStatusPoller-Timer-Thread-22373464909840-22373464631040 parsl.jobs.strategy:175 _log DEBUG: general strategy starting with strategy_type simple for 1 executors
1724107623.451683 2024-08-19 22:47:03 MainProcess-3009473 JobStatusPoller-Timer-Thread-22373464909840-22373464631040 parsl.jobs.strategy:175 _log DEBUG: Strategizing for executor HighThroughputExecutor
1724107623.451720 2024-08-19 22:47:03 MainProcess-3009473 JobStatusPoller-Timer-Thread-22373464909840-22373464631040 parsl.jobs.strategy:175 _log DEBUG: Scaling out 1 initial blocks for HighThroughputExecutor
1724107623.451761 2024-08-19 22:47:03 MainProcess-3009473 JobStatusPoller-Timer-Thread-22373464909840-22373464631040 parsl.executors.status_handling:175 _log INFO: Scaling out by 1 blocks
1724107623.451801 2024-08-19 22:47:03 MainProcess-3009473 JobStatusPoller-Timer-Thread-22373464909840-22373464631040 parsl.executors.status_handling:175 _log INFO: Allocated block ID 0
1724107623.451842 2024-08-19 22:47:03 MainProcess-3009473 JobStatusPoller-Timer-Thread-22373464909840-22373464631040 parsl.executors.status_handling:175 _log DEBUG: Submitting to provider with job_name parsl.HighThroughputExecutor.block-0
1724107623.454792 2024-08-19 22:47:03 MainProcess-3009473 JobStatusPoller-Timer-Thread-22373464909840-22373464631040 parsl.providers.local.local:175 _log DEBUG: Launching
1724107623.455030 2024-08-19 22:47:03 MainProcess-3009473 JobStatusPoller-Timer-Thread-22373464909840-22373464631040 parsl.channels.local.local:175 _log DEBUG: Creating process with command '/bin/bash -c 'echo - >/home/viralss2/nekRS-ML_MSR/examples/parsl_MSR_smartsim/runinfo/011/submit_scripts/parsl.HighThroughputExecutor.block-0.1724107623.451953.sh.ec && { { bash /home/viralss2/nekRS-ML_MSR/examples/parsl_MSR_smartsim/runinfo/011/submit_scripts/parsl.HighThroughputExecutor.block-0.1724107623.451953.sh 1>/home/viralss2/nekRS-ML_MSR/examples/parsl_MSR_smartsim/runinfo/011/submit_scripts/parsl.HighThroughputExecutor.block-0.1724107623.451953.sh.out 2>/home/viralss2/nekRS-ML_MSR/examples/parsl_MSR_smartsim/runinfo/011/submit_scripts/parsl.HighThroughputExecutor.block-0.1724107623.451953.sh.err ; echo $? > /home/viralss2/nekRS-ML_MSR/examples/parsl_MSR_smartsim/runinfo/011/submit_scripts/parsl.HighThroughputExecutor.block-0.1724107623.451953.sh.ec ; } >/dev/null 2>&1 & echo "PID:$!" ; }''
1724107623.469100 2024-08-19 22:47:03 MainProcess-3009473 JobStatusPoller-Timer-Thread-22373464909840-22373464631040 parsl.channels.local.local:175 _log DEBUG: Created process with pid 3009754. Performing communicate
1724107623.477581 2024-08-19 22:47:03 MainProcess-3009473 JobStatusPoller-Timer-Thread-22373464909840-22373464631040 parsl.channels.local.local:175 _log DEBUG: Process 3009754 returned 0
1724107623.477688 2024-08-19 22:47:03 MainProcess-3009473 JobStatusPoller-Timer-Thread-22373464909840-22373464631040 parsl.channels.local.local:175 _log DEBUG: Execution of command in process 3009754 completed normally
1724107623.477821 2024-08-19 22:47:03 MainProcess-3009473 JobStatusPoller-Timer-Thread-22373464909840-22373464631040 parsl.executors.status_handling:175 _log DEBUG: Launched block 0 on executor HighThroughputExecutor with job ID 3009755
1724107623.477908 2024-08-19 22:47:03 MainProcess-3009473 JobStatusPoller-Timer-Thread-22373464909840-22373464631040 parsl.executors.high_throughput.zmq_pipes:175 _log DEBUG: Sending command client command
1724107623.477990 2024-08-19 22:47:03 MainProcess-3009473 JobStatusPoller-Timer-Thread-22373464909840-22373464631040 parsl.executors.high_throughput.zmq_pipes:175 _log DEBUG: Receiving command client response
1724107623.478123 2024-08-19 22:47:03 MainProcess-3009473 JobStatusPoller-Timer-Thread-22373464909840-22373464631040 parsl.executors.high_throughput.zmq_pipes:175 _log DEBUG: Received command client response
1724107623.478185 2024-08-19 22:47:03 MainProcess-3009473 JobStatusPoller-Timer-Thread-22373464909840-22373464631040 parsl.jobs.strategy:175 _log DEBUG: Slot ratio calculation: active_slots = 1, active_tasks = 0
1724107623.478226 2024-08-19 22:47:03 MainProcess-3009473 JobStatusPoller-Timer-Thread-22373464909840-22373464631040 parsl.executors.high_throughput.zmq_pipes:175 _log DEBUG: Sending command client command
1724107623.478269 2024-08-19 22:47:03 MainProcess-3009473 JobStatusPoller-Timer-Thread-22373464909840-22373464631040 parsl.executors.high_throughput.zmq_pipes:175 _log DEBUG: Receiving command client response
1724107623.478332 2024-08-19 22:47:03 MainProcess-3009473 JobStatusPoller-Timer-Thread-22373464909840-22373464631040 parsl.executors.high_throughput.zmq_pipes:175 _log DEBUG: Received command client response
1724107623.478376 2024-08-19 22:47:03 MainProcess-3009473 JobStatusPoller-Timer-Thread-22373464909840-22373464631040 parsl.executors.high_throughput.zmq_pipes:175 _log DEBUG: Sending command client command
1724107623.478420 2024-08-19 22:47:03 MainProcess-3009473 JobStatusPoller-Timer-Thread-22373464909840-22373464631040 parsl.executors.high_throughput.zmq_pipes:175 _log DEBUG: Receiving command client response
1724107623.478473 2024-08-19 22:47:03 MainProcess-3009473 JobStatusPoller-Timer-Thread-22373464909840-22373464631040 parsl.executors.high_throughput.zmq_pipes:175 _log DEBUG: Received command client response
1724107623.478512 2024-08-19 22:47:03 MainProcess-3009473 JobStatusPoller-Timer-Thread-22373464909840-22373464631040 parsl.jobs.strategy:175 _log DEBUG: Executor HighThroughputExecutor has 0 active tasks, 0/1 running/pending blocks, and 0 connected workers
1724107623.478545 2024-08-19 22:47:03 MainProcess-3009473 JobStatusPoller-Timer-Thread-22373464909840-22373464631040 parsl.jobs.strategy:175 _log DEBUG: Strategy case 1: Executor has no active tasks
1724107623.478578 2024-08-19 22:47:03 MainProcess-3009473 JobStatusPoller-Timer-Thread-22373464909840-22373464631040 parsl.jobs.strategy:175 _log DEBUG: Strategy case 1b: Executor has no active tasks, and more (1) than minimum blocks (0)
1724107623.478616 2024-08-19 22:47:03 MainProcess-3009473 JobStatusPoller-Timer-Thread-22373464909840-22373464631040 parsl.jobs.strategy:175 _log DEBUG: Starting idle timer for executor. If idle time exceeds 120.0s, blocks will be scaled in
1724107623.478661 2024-08-19 22:47:03 MainProcess-3009473 JobStatusPoller-Timer-Thread-22373464909840-22373464631040 parsl.jobs.strategy:175 _log DEBUG: Idle time 4.76837158203125e-07s is less than max_idletime 120.0s for executor HighThroughputExecutor; not scaling in
1724107623.478709 2024-08-19 22:47:03 MainProcess-3009473 JobStatusPoller-Timer-Thread-22373464909840-22373464631040 parsl.process_loggers:175 _log DEBUG: Normal ending for _general_strategy on thread JobStatusPoller-Timer-Thread-22373464909840
1724107628.479390 2024-08-19 22:47:08 MainProcess-3009473 JobStatusPoller-Timer-Thread-22373464909840-22373464631040 parsl.channels.local.local:175 _log DEBUG: Creating process with command 'ps -p 3009755 > /dev/null 2> /dev/null; echo "STATUS:$?" '
1724107628.487005 2024-08-19 22:47:08 MainProcess-3009473 JobStatusPoller-Timer-Thread-22373464909840-22373464631040 parsl.channels.local.local:175 _log DEBUG: Created process with pid 3009899. Performing communicate
1724107628.548494 2024-08-19 22:47:08 MainProcess-3009473 JobStatusPoller-Timer-Thread-22373464909840-22373464631040 parsl.channels.local.local:175 _log DEBUG: Process 3009899 returned 0
1724107628.548644 2024-08-19 22:47:08 MainProcess-3009473 JobStatusPoller-Timer-Thread-22373464909840-22373464631040 parsl.channels.local.local:175 _log DEBUG: Execution of command in process 3009899 completed normally
1724107628.549598 2024-08-19 22:47:08 MainProcess-3009473 JobStatusPoller-Timer-Thread-22373464909840-22373464631040 parsl.executors.high_throughput.zmq_pipes:175 _log DEBUG: Sending command client command
1724107628.549707 2024-08-19 22:47:08 MainProcess-3009473 JobStatusPoller-Timer-Thread-22373464909840-22373464631040 parsl.executors.high_throughput.zmq_pipes:175 _log DEBUG: Receiving command client response
1724107628.549986 2024-08-19 22:47:08 MainProcess-3009473 JobStatusPoller-Timer-Thread-22373464909840-22373464631040 parsl.executors.high_throughput.zmq_pipes:175 _log DEBUG: Received command client response
1724107628.550118 2024-08-19 22:47:08 MainProcess-3009473 JobStatusPoller-Timer-Thread-22373464909840-22373464631040 parsl.jobs.strategy:175 _log DEBUG: general strategy starting with strategy_type simple for 1 executors
1724107628.550165 2024-08-19 22:47:08 MainProcess-3009473 JobStatusPoller-Timer-Thread-22373464909840-22373464631040 parsl.jobs.strategy:175 _log DEBUG: Strategizing for executor HighThroughputExecutor
1724107628.550209 2024-08-19 22:47:08 MainProcess-3009473 JobStatusPoller-Timer-Thread-22373464909840-22373464631040 parsl.executors.high_throughput.zmq_pipes:175 _log DEBUG: Sending command client command
1724107628.550258 2024-08-19 22:47:08 MainProcess-3009473 JobStatusPoller-Timer-Thread-22373464909840-22373464631040 parsl.executors.high_throughput.zmq_pipes:175 _log DEBUG: Receiving command client response
1724107628.550483 2024-08-19 22:47:08 MainProcess-3009473 JobStatusPoller-Timer-Thread-22373464909840-22373464631040 parsl.executors.high_throughput.zmq_pipes:175 _log DEBUG: Received command client response
1724107628.550554 2024-08-19 22:47:08 MainProcess-3009473 JobStatusPoller-Timer-Thread-22373464909840-22373464631040 parsl.jobs.strategy:175 _log DEBUG: Slot ratio calculation: active_slots = 1, active_tasks = 0
1724107628.550606 2024-08-19 22:47:08 MainProcess-3009473 JobStatusPoller-Timer-Thread-22373464909840-22373464631040 parsl.executors.high_throughput.zmq_pipes:175 _log DEBUG: Sending command client command
1724107628.550662 2024-08-19 22:47:08 MainProcess-3009473 JobStatusPoller-Timer-Thread-22373464909840-22373464631040 parsl.executors.high_throughput.zmq_pipes:175 _log DEBUG: Receiving command client response
1724107628.550868 2024-08-19 22:47:08 MainProcess-3009473 JobStatusPoller-Timer-Thread-22373464909840-22373464631040 parsl.executors.high_throughput.zmq_pipes:175 _log DEBUG: Received command client response
1724107628.550913 2024-08-19 22:47:08 MainProcess-3009473 JobStatusPoller-Timer-Thread-22373464909840-22373464631040 parsl.executors.high_throughput.zmq_pipes:175 _log DEBUG: Sending command client command
1724107628.550962 2024-08-19 22:47:08 MainProcess-3009473 JobStatusPoller-Timer-Thread-22373464909840-22373464631040 parsl.executors.high_throughput.zmq_pipes:175 _log DEBUG: Receiving command client response
1724107628.551110 2024-08-19 22:47:08 MainProcess-3009473 JobStatusPoller-Timer-Thread-22373464909840-22373464631040 parsl.executors.high_throughput.zmq_pipes:175 _log DEBUG: Received command client response
1724107628.551171 2024-08-19 22:47:08 MainProcess-3009473 JobStatusPoller-Timer-Thread-22373464909840-22373464631040 parsl.jobs.strategy:175 _log DEBUG: Executor HighThroughputExecutor has 0 active tasks, 1/0 running/pending blocks, and 1 connected workers
1724107628.551229 2024-08-19 22:47:08 MainProcess-3009473 JobStatusPoller-Timer-Thread-22373464909840-22373464631040 parsl.jobs.strategy:175 _log DEBUG: Strategy case 1: Executor has no active tasks
1724107628.551270 2024-08-19 22:47:08 MainProcess-3009473 JobStatusPoller-Timer-Thread-22373464909840-22373464631040 parsl.jobs.strategy:175 _log DEBUG: Strategy case 1b: Executor has no active tasks, and more (1) than minimum blocks (0)
1724107628.551327 2024-08-19 22:47:08 MainProcess-3009473 JobStatusPoller-Timer-Thread-22373464909840-22373464631040 parsl.jobs.strategy:175 _log DEBUG: Idle time 5.072666168212891s is less than max_idletime 120.0s for executor HighThroughputExecutor; not scaling in
1724107628.551364 2024-08-19 22:47:08 MainProcess-3009473 JobStatusPoller-Timer-Thread-22373464909840-22373464631040 parsl.process_loggers:175 _log DEBUG: Normal ending for _general_strategy on thread JobStatusPoller-Timer-Thread-22373464909840
1724107629.225047 2024-08-19 22:47:09 MainProcess-3009473 MainThread-22382239531200 parsl.dataflow.dflow:175 _log DEBUG: Task 0 will be sent to executor HighThroughputExecutor
1724107629.225219 2024-08-19 22:47:09 MainProcess-3009473 MainThread-22382239531200 parsl.dataflow.dflow:175 _log DEBUG: Adding output dependencies
1724107629.225268 2024-08-19 22:47:09 MainProcess-3009473 MainThread-22382239531200 parsl.dataflow.dflow:175 _log DEBUG: Added output dependencies
1724107629.225311 2024-08-19 22:47:09 MainProcess-3009473 MainThread-22382239531200 parsl.dataflow.dflow:175 _log DEBUG: Gathering dependencies
1724107629.225427 2024-08-19 22:47:09 MainProcess-3009473 MainThread-22382239531200 parsl.dataflow.dflow:175 _log DEBUG: Gathered dependencies
1724107629.225474 2024-08-19 22:47:09 MainProcess-3009473 MainThread-22382239531200 parsl.dataflow.dflow:175 _log INFO: Task 0 submitted for App hello_affinity, not waiting on any dependency
1724107629.225538 2024-08-19 22:47:09 MainProcess-3009473 MainThread-22382239531200 parsl.dataflow.dflow:175 _log DEBUG: Task 0 set to pending state with AppFuture: <AppFuture at 0x14593a6dbb10 state=pending>
1724107629.226092 2024-08-19 22:47:09 MainProcess-3009473 Dependency-Launch_0-22374554187520 parsl.dataflow.memoization:175 _log DEBUG: Task 0 will not be memoized
1724107629.226350 2024-08-19 22:47:09 MainProcess-3009473 Dependency-Launch_0-22374554187520 parsl.executors.high_throughput.executor:175 _log DEBUG: Pushing function <function wrap_error.<locals>.wrapper at 0x14593a6fe8e0> to queue with args ("'--setup msr.par --backend CUDA'", "'/home/viralss2/nekRS-ML_MSR/examples/parsl_MSR_smartsim'", '0', "'SSDB'")
1724107629.228396 2024-08-19 22:47:09 MainProcess-3009473 Dependency-Launch_0-22374554187520 parsl.executors.high_throughput.zmq_pipes:175 _log DEBUG: Sending TasksOutgoing message
1724107629.228474 2024-08-19 22:47:09 MainProcess-3009473 Dependency-Launch_0-22374554187520 parsl.executors.high_throughput.zmq_pipes:175 _log DEBUG: Sent TasksOutgoing message
1724107629.228530 2024-08-19 22:47:09 MainProcess-3009473 Dependency-Launch_0-22374554187520 parsl.dataflow.dflow:175 _log INFO: Parsl task 0 try 0 launched on executor HighThroughputExecutor with executor id 1
1724107629.228579 2024-08-19 22:47:09 MainProcess-3009473 Dependency-Launch_0-22374554187520 parsl.dataflow.dflow:175 _log INFO: Standard out for task 0 will be redirected to /home/viralss2/nekRS-ML_MSR/examples/parsl_MSR_smartsim/MSR/nekrs/output0/nekrs.out
1724107629.228618 2024-08-19 22:47:09 MainProcess-3009473 Dependency-Launch_0-22374554187520 parsl.dataflow.dflow:175 _log INFO: Standard error for task 0 will be redirected to /home/viralss2/nekRS-ML_MSR/examples/parsl_MSR_smartsim/MSR/nekrs/output0/nekrs.err
1724107629.228658 2024-08-19 22:47:09 MainProcess-3009473 Dependency-Launch_0-22374554187520 parsl.process_loggers:175 _log DEBUG: Normal ending for _launch_if_ready_async on thread Dependency-Launch_0
1724107629.245090 2024-08-19 22:47:09 MainProcess-3009473 HTEX-Result-Queue-Thread-22373449922304 parsl.executors.high_throughput.zmq_pipes:175 _log DEBUG: Received ResultsIncoming message
1724107629.245365 2024-08-19 22:47:09 MainProcess-3009473 HTEX-Result-Queue-Thread-22373449922304 parsl.app.errors:175 _log DEBUG: Reraising exception of type <class 'NameError'>
1724107629.245555 2024-08-19 22:47:09 MainProcess-3009473 HTEX-Result-Queue-Thread-22373449922304 parsl.dataflow.dflow:175 _log INFO: Task 0 try 0 failed with exception of type NameError
1724107629.245634 2024-08-19 22:47:09 MainProcess-3009473 HTEX-Result-Queue-Thread-22373449922304 parsl.dataflow.dflow:175 _log INFO: Task 0 marked for retry
1724107629.245687 2024-08-19 22:47:09 MainProcess-3009473 HTEX-Result-Queue-Thread-22373449922304 parsl.dataflow.dflow:175 _log INFO: Standard out for task 0 will be redirected to /home/viralss2/nekRS-ML_MSR/examples/parsl_MSR_smartsim/MSR/nekrs/output0/nekrs.out
1724107629.245733 2024-08-19 22:47:09 MainProcess-3009473 HTEX-Result-Queue-Thread-22373449922304 parsl.dataflow.dflow:175 _log INFO: Standard error for task 0 will be redirected to /home/viralss2/nekRS-ML_MSR/examples/parsl_MSR_smartsim/MSR/nekrs/output0/nekrs.err
1724107629.245810 2024-08-19 22:47:09 MainProcess-3009473 HTEX-Result-Queue-Thread-22373449922304 parsl.executors.high_throughput.zmq_pipes:175 _log DEBUG: Waiting for ResultsIncoming message
1724107629.245924 2024-08-19 22:47:09 MainProcess-3009473 Dependency-Launch_0-22374554187520 parsl.dataflow.memoization:175 _log DEBUG: Task 0 will not be memoized
1724107629.246116 2024-08-19 22:47:09 MainProcess-3009473 Dependency-Launch_0-22374554187520 parsl.executors.high_throughput.executor:175 _log DEBUG: Pushing function <function wrap_error.<locals>.wrapper at 0x14593a6fe8e0> to queue with args ("'--setup msr.par --backend CUDA'", "'/home/viralss2/nekRS-ML_MSR/examples/parsl_MSR_smartsim'", '0', "'SSDB'")
1724107629.246263 2024-08-19 22:47:09 MainProcess-3009473 Dependency-Launch_0-22374554187520 parsl.executors.high_throughput.zmq_pipes:175 _log DEBUG: Sending TasksOutgoing message
1724107629.246329 2024-08-19 22:47:09 MainProcess-3009473 Dependency-Launch_0-22374554187520 parsl.executors.high_throughput.zmq_pipes:175 _log DEBUG: Sent TasksOutgoing message
1724107629.246375 2024-08-19 22:47:09 MainProcess-3009473 Dependency-Launch_0-22374554187520 parsl.dataflow.dflow:175 _log INFO: Parsl task 0 try 1 launched on executor HighThroughputExecutor with executor id 2
1724107629.246415 2024-08-19 22:47:09 MainProcess-3009473 Dependency-Launch_0-22374554187520 parsl.dataflow.dflow:175 _log INFO: Standard out for task 0 will be redirected to /home/viralss2/nekRS-ML_MSR/examples/parsl_MSR_smartsim/MSR/nekrs/output0/nekrs.out
1724107629.246450 2024-08-19 22:47:09 MainProcess-3009473 Dependency-Launch_0-22374554187520 parsl.dataflow.dflow:175 _log INFO: Standard error for task 0 will be redirected to /home/viralss2/nekRS-ML_MSR/examples/parsl_MSR_smartsim/MSR/nekrs/output0/nekrs.err
1724107629.246488 2024-08-19 22:47:09 MainProcess-3009473 Dependency-Launch_0-22374554187520 parsl.process_loggers:175 _log DEBUG: Normal ending for _launch_if_ready_async on thread Dependency-Launch_0
1724107629.266650 2024-08-19 22:47:09 MainProcess-3009473 HTEX-Result-Queue-Thread-22373449922304 parsl.executors.high_throughput.zmq_pipes:175 _log DEBUG: Received ResultsIncoming message
1724107629.266904 2024-08-19 22:47:09 MainProcess-3009473 HTEX-Result-Queue-Thread-22373449922304 parsl.app.errors:175 _log DEBUG: Reraising exception of type <class 'NameError'>
1724107629.267133 2024-08-19 22:47:09 MainProcess-3009473 HTEX-Result-Queue-Thread-22373449922304 parsl.dataflow.dflow:175 _log INFO: Task 0 try 1 failed with exception of type NameError
1724107629.267244 2024-08-19 22:47:09 MainProcess-3009473 HTEX-Result-Queue-Thread-22373449922304 parsl.dataflow.dflow:175 _log ERROR: Task 0 failed after 1 retry attempts
Traceback (most recent call last):
  File "/home/viralss2/SSML/lib/python3.11/site-packages/parsl/dataflow/dflow.py", line 344, in handle_exec_update
    res = self._unwrap_remote_exception_wrapper(future)
          ^^^^^^^^^^^^^^^^^^^^^^^^^^^^^^^^^^^^^^^^^^^^^
  File "/home/viralss2/SSML/lib/python3.11/site-packages/parsl/dataflow/dflow.py", line 614, in _unwrap_remote_exception_wrapper
    result.reraise()
  File "/home/viralss2/SSML/lib/python3.11/site-packages/parsl/app/errors.py", line 117, in reraise
    raise v
  File "/home/viralss2/SSML/lib/python3.11/site-packages/parsl/app/errors.py", line 141, in wrapper
    return func(*args, **kwargs)
    ^^^^^^^^^^^^^^^^^
  File "/home/viralss2/SSML/lib/python3.11/site-packages/parsl/app/bash.py", line 48, in remote_side_bash_executor
    raise e
  File "/home/viralss2/SSML/lib/python3.11/site-packages/parsl/app/bash.py", line 34, in remote_side_bash_executor
    executable = func(*args, **kwargs)
    ^^^^^^^^^^^^^^^^^
  File "/home/viralss2/nekRS-ML_MSR/examples/parsl_MSR_smartsim/ssim_driver_polaris.py", line 26, in hello_affinity
    os.environ['SSDB'] = SSDB
      ^^^^^^^^^^^^^^^^^
NameError: name 'os' is not defined
1724107629.268379 2024-08-19 22:47:09 MainProcess-3009473 HTEX-Result-Queue-Thread-22373449922304 parsl.dataflow.dflow:175 _log INFO: Standard out for task 0 will be redirected to /home/viralss2/nekRS-ML_MSR/examples/parsl_MSR_smartsim/MSR/nekrs/output0/nekrs.out
1724107629.268613 2024-08-19 22:47:09 MainProcess-3009473 HTEX-Result-Queue-Thread-22373449922304 parsl.dataflow.dflow:175 _log INFO: Standard error for task 0 will be redirected to /home/viralss2/nekRS-ML_MSR/examples/parsl_MSR_smartsim/MSR/nekrs/output0/nekrs.err
1724107629.268684 2024-08-19 22:47:09 MainProcess-3009473 HTEX-Result-Queue-Thread-22373449922304 parsl.executors.high_throughput.zmq_pipes:175 _log DEBUG: Waiting for ResultsIncoming message
1724107629.271332 2024-08-19 22:47:09 MainProcess-3009473 MainThread-22382239531200 parsl.dataflow.dflow:175 _log WARNING: Python is exiting with a DFK still running. You should call parsl.dfk().cleanup() before exiting to release any resources
