1724168911.107108 2024-08-20 15:48:31 MainProcess-1956578 MainThread-22915010535616 parsl.dataflow.dflow:175 _log INFO: Starting DataFlowKernel with config
Config(
    app_cache=True, 
    checkpoint_files=None, 
    checkpoint_mode=None, 
    checkpoint_period=None, 
    dependency_resolver=None, 
    executors=(HighThroughputExecutor(
        address='10.140.57.105', 
        address_probe_timeout=None, 
        available_accelerators=['0,1,2,3'], 
        block_error_handler=<function simple_error_handler at 0x14d5462368e0>, 
        cores_per_worker=1.0, 
        cpu_affinity='block-reverse', 
        drain_period=None, 
        enable_mpi_mode=False, 
        encrypted=False, 
        heartbeat_period=30, 
        heartbeat_threshold=120, 
        interchange_launch_cmd=['interchange.py'], 
        interchange_port_range=(55000, 56000), 
        label='HighThroughputExecutor', 
        launch_cmd='process_worker_pool.py {debug} {max_workers_per_node} -a {addresses} -p {prefetch_capacity} -c {cores_per_worker} -m {mem_per_worker} --poll {poll_period} --task_port={task_port} --result_port={result_port} --cert_dir {cert_dir} --logdir={logdir} --block_id={{block_id}} --hb_period={heartbeat_period} {address_probe_timeout_string} --hb_threshold={heartbeat_threshold} --drain_period={drain_period} --cpu-affinity {cpu_affinity} {enable_mpi_mode} --mpi-launcher={mpi_launcher} --available-accelerators {accelerators}', 
        manager_selector=<parsl.executors.high_throughput.manager_selector.RandomManagerSelector object at 0x14d5486e3f50>, 
        max_workers=inf, 
        max_workers_per_node=inf, 
        mem_per_worker=None, 
        mpi_launcher='mpiexec', 
        poll_period=10, 
        prefetch_capacity=0, 
        provider=LocalProvider(
            channel=LocalChannel(
                envs={}, 
                script_dir=None, 
                userhome='/home/viralss2/nekRS-ML_MSR/examples/parsl_MSR_smartsim'
            ), 
            cmd_timeout=30, 
            init_blocks=1, 
            launcher=SingleNodeLauncher(debug=True, fail_on_any=False), 
            max_blocks=1, 
            min_blocks=0, 
            move_files=None, 
            nodes_per_block=1, 
            parallelism=1, 
            worker_init='source /home/viralss2/ALCF_Hands_on_HPC_Workshop/workflows/parsl/launch_eg/set_run_env;\n                            cd /home/viralss2/nekRS-ML_MSR/examples/parsl_MSR_smartsim'
        ), 
        storage_access=None, 
        worker_debug=False, 
        worker_logdir_root=None, 
        worker_port_range=(54000, 55000), 
        worker_ports=None, 
        working_dir=None
    ),), 
    exit_mode='cleanup', 
    garbage_collect=True, 
    initialize_logging=True, 
    internal_tasks_max_threads=10, 
    max_idletime=120.0, 
    monitoring=None, 
    retries=1, 
    retry_handler=None, 
    run_dir='runinfo', 
    std_autopath=None, 
    strategy='simple', 
    strategy_period=5, 
    usage_tracking=0
)
1724168911.108814 2024-08-20 15:48:31 MainProcess-1956578 MainThread-22915010535616 parsl.dataflow.dflow:175 _log INFO: Parsl version: 2024.08.05
1724168911.108904 2024-08-20 15:48:31 MainProcess-1956578 MainThread-22915010535616 parsl.usage_tracking.usage:175 _log DEBUG: Tracking level: 0
1724168911.108987 2024-08-20 15:48:31 MainProcess-1956578 MainThread-22915010535616 parsl.dataflow.dflow:175 _log INFO: Run id is: 3859f1c6-572f-4de9-8d6f-1e65295e9c64
1724168911.266799 2024-08-20 15:48:31 MainProcess-1956578 MainThread-22915010535616 parsl.dataflow.dflow:175 _log DEBUG: Considering candidate for workflow name: /home/viralss2/SSML/lib/python3.11/site-packages/parsl/dataflow/dflow.py
1724168911.266868 2024-08-20 15:48:31 MainProcess-1956578 MainThread-22915010535616 parsl.dataflow.dflow:175 _log DEBUG: Considering candidate for workflow name: /soft/applications/conda/2024-04-29/mconda3/lib/python3.11/site-packages/typeguard/__init__.py
1724168911.266920 2024-08-20 15:48:31 MainProcess-1956578 MainThread-22915010535616 parsl.dataflow.dflow:175 _log DEBUG: Considering candidate for workflow name: /home/viralss2/SSML/lib/python3.11/site-packages/parsl/dataflow/dflow.py
1724168911.266987 2024-08-20 15:48:31 MainProcess-1956578 MainThread-22915010535616 parsl.dataflow.dflow:175 _log DEBUG: Considering candidate for workflow name: /soft/applications/conda/2024-04-29/mconda3/lib/python3.11/site-packages/typeguard/__init__.py
1724168911.267045 2024-08-20 15:48:31 MainProcess-1956578 MainThread-22915010535616 parsl.dataflow.dflow:175 _log DEBUG: Considering candidate for workflow name: /home/viralss2/nekRS-ML_MSR/examples/parsl_MSR_smartsim/ssim_driver_polaris.py
1724168911.267088 2024-08-20 15:48:31 MainProcess-1956578 MainThread-22915010535616 parsl.dataflow.dflow:175 _log DEBUG: Using ssim_driver_polaris.py as workflow name
1724168911.267219 2024-08-20 15:48:31 MainProcess-1956578 MainThread-22915010535616 parsl.dataflow.memoization:175 _log INFO: App caching initialized
1724168911.267275 2024-08-20 15:48:31 MainProcess-1956578 MainThread-22915010535616 parsl.jobs.strategy:175 _log DEBUG: Scaling strategy: simple
1724168911.271986 2024-08-20 15:48:31 MainProcess-1956578 MainThread-22915010535616 parsl.executors.high_throughput.executor:175 _log DEBUG: Starting result queue thread
1724168911.272243 2024-08-20 15:48:31 MainProcess-1956578 HTEX-Result-Queue-Thread-22906220926720 parsl.executors.high_throughput.executor:175 _log DEBUG: Result queue worker starting
1724168911.272331 2024-08-20 15:48:31 MainProcess-1956578 MainThread-22915010535616 parsl.executors.high_throughput.executor:175 _log DEBUG: Started result queue thread
1724168911.272382 2024-08-20 15:48:31 MainProcess-1956578 HTEX-Result-Queue-Thread-22906220926720 parsl.executors.high_throughput.zmq_pipes:175 _log DEBUG: Waiting for ResultsIncoming message
1724168911.273285 2024-08-20 15:48:31 MainProcess-1956578 MainThread-22915010535616 parsl.executors.high_throughput.executor:175 _log DEBUG: Popened interchange process. Writing config object
1724168911.273355 2024-08-20 15:48:31 MainProcess-1956578 MainThread-22915010535616 parsl.executors.high_throughput.executor:175 _log DEBUG: Sent config object. Requesting worker ports
1724168911.273404 2024-08-20 15:48:31 MainProcess-1956578 MainThread-22915010535616 parsl.executors.high_throughput.zmq_pipes:175 _log DEBUG: Sending command client command
1724168911.841419 2024-08-20 15:48:31 MainProcess-1956578 MainThread-22915010535616 parsl.executors.high_throughput.zmq_pipes:175 _log DEBUG: Polling for command client response or timeout
1724168911.843081 2024-08-20 15:48:31 MainProcess-1956578 MainThread-22915010535616 parsl.executors.high_throughput.zmq_pipes:175 _log DEBUG: Receiving command client response
1724168911.843153 2024-08-20 15:48:31 MainProcess-1956578 MainThread-22915010535616 parsl.executors.high_throughput.zmq_pipes:175 _log DEBUG: Received command client response
1724168911.843200 2024-08-20 15:48:31 MainProcess-1956578 MainThread-22915010535616 parsl.executors.high_throughput.executor:175 _log DEBUG: Got worker ports
1724168911.843241 2024-08-20 15:48:31 MainProcess-1956578 MainThread-22915010535616 parsl.executors.high_throughput.executor:175 _log DEBUG: Created result queue thread: <Thread(HTEX-Result-Queue-Thread, started daemon 22906220926720)>
1724168911.843459 2024-08-20 15:48:31 MainProcess-1956578 MainThread-22915010535616 parsl.executors.high_throughput.executor:175 _log DEBUG: Launch command: process_worker_pool.py   -a 10.140.57.105 -p 0 -c 1.0 -m None --poll 10 --task_port=54569 --result_port=54851 --cert_dir None --logdir=/home/viralss2/nekRS-ML_MSR/examples/parsl_MSR_smartsim/runinfo/058/HighThroughputExecutor --block_id={block_id} --hb_period=30  --hb_threshold=120 --drain_period=None --cpu-affinity block-reverse  --mpi-launcher=mpiexec --available-accelerators 0,1,2,3
1724168911.843502 2024-08-20 15:48:31 MainProcess-1956578 MainThread-22915010535616 parsl.executors.high_throughput.executor:175 _log DEBUG: Starting HighThroughputExecutor with provider:
LocalProvider(
    channel=LocalChannel(
        envs={}, 
        script_dir='/home/viralss2/nekRS-ML_MSR/examples/parsl_MSR_smartsim/runinfo/058/submit_scripts', 
        userhome='/home/viralss2/nekRS-ML_MSR/examples/parsl_MSR_smartsim'
    ), 
    cmd_timeout=30, 
    init_blocks=1, 
    launcher=SingleNodeLauncher(debug=True, fail_on_any=False), 
    max_blocks=1, 
    min_blocks=0, 
    move_files=None, 
    nodes_per_block=1, 
    parallelism=1, 
    worker_init='source /home/viralss2/ALCF_Hands_on_HPC_Workshop/workflows/parsl/launch_eg/set_run_env;\n                            cd /home/viralss2/nekRS-ML_MSR/examples/parsl_MSR_smartsim'
)
1724168911.843787 2024-08-20 15:48:31 MainProcess-1956578 MainThread-22915010535616 parsl.jobs.job_status_poller:175 _log DEBUG: Adding executor HighThroughputExecutor
1724168916.267735 2024-08-20 15:48:36 MainProcess-1956578 JobStatusPoller-Timer-Thread-22906235907600-22906235635456 parsl.executors.high_throughput.zmq_pipes:175 _log DEBUG: Sending command client command
1724168916.267997 2024-08-20 15:48:36 MainProcess-1956578 JobStatusPoller-Timer-Thread-22906235907600-22906235635456 parsl.executors.high_throughput.zmq_pipes:175 _log DEBUG: Receiving command client response
1724168916.268365 2024-08-20 15:48:36 MainProcess-1956578 JobStatusPoller-Timer-Thread-22906235907600-22906235635456 parsl.executors.high_throughput.zmq_pipes:175 _log DEBUG: Received command client response
1724168916.268449 2024-08-20 15:48:36 MainProcess-1956578 JobStatusPoller-Timer-Thread-22906235907600-22906235635456 parsl.jobs.strategy:175 _log DEBUG: general strategy starting with strategy_type simple for 1 executors
1724168916.268495 2024-08-20 15:48:36 MainProcess-1956578 JobStatusPoller-Timer-Thread-22906235907600-22906235635456 parsl.jobs.strategy:175 _log DEBUG: Strategizing for executor HighThroughputExecutor
1724168916.268535 2024-08-20 15:48:36 MainProcess-1956578 JobStatusPoller-Timer-Thread-22906235907600-22906235635456 parsl.jobs.strategy:175 _log DEBUG: Scaling out 1 initial blocks for HighThroughputExecutor
1724168916.268578 2024-08-20 15:48:36 MainProcess-1956578 JobStatusPoller-Timer-Thread-22906235907600-22906235635456 parsl.executors.status_handling:175 _log INFO: Scaling out by 1 blocks
1724168916.268621 2024-08-20 15:48:36 MainProcess-1956578 JobStatusPoller-Timer-Thread-22906235907600-22906235635456 parsl.executors.status_handling:175 _log INFO: Allocated block ID 0
1724168916.268665 2024-08-20 15:48:36 MainProcess-1956578 JobStatusPoller-Timer-Thread-22906235907600-22906235635456 parsl.executors.status_handling:175 _log DEBUG: Submitting to provider with job_name parsl.HighThroughputExecutor.block-0
1724168916.271738 2024-08-20 15:48:36 MainProcess-1956578 JobStatusPoller-Timer-Thread-22906235907600-22906235635456 parsl.providers.local.local:175 _log DEBUG: Launching
1724168916.271959 2024-08-20 15:48:36 MainProcess-1956578 JobStatusPoller-Timer-Thread-22906235907600-22906235635456 parsl.channels.local.local:175 _log DEBUG: Creating process with command '/bin/bash -c 'echo - >/home/viralss2/nekRS-ML_MSR/examples/parsl_MSR_smartsim/runinfo/058/submit_scripts/parsl.HighThroughputExecutor.block-0.1724168916.2687776.sh.ec && { { bash /home/viralss2/nekRS-ML_MSR/examples/parsl_MSR_smartsim/runinfo/058/submit_scripts/parsl.HighThroughputExecutor.block-0.1724168916.2687776.sh 1>/home/viralss2/nekRS-ML_MSR/examples/parsl_MSR_smartsim/runinfo/058/submit_scripts/parsl.HighThroughputExecutor.block-0.1724168916.2687776.sh.out 2>/home/viralss2/nekRS-ML_MSR/examples/parsl_MSR_smartsim/runinfo/058/submit_scripts/parsl.HighThroughputExecutor.block-0.1724168916.2687776.sh.err ; echo $? > /home/viralss2/nekRS-ML_MSR/examples/parsl_MSR_smartsim/runinfo/058/submit_scripts/parsl.HighThroughputExecutor.block-0.1724168916.2687776.sh.ec ; } >/dev/null 2>&1 & echo "PID:$!" ; }''
1724168916.286197 2024-08-20 15:48:36 MainProcess-1956578 JobStatusPoller-Timer-Thread-22906235907600-22906235635456 parsl.channels.local.local:175 _log DEBUG: Created process with pid 1956882. Performing communicate
1724168916.295634 2024-08-20 15:48:36 MainProcess-1956578 JobStatusPoller-Timer-Thread-22906235907600-22906235635456 parsl.channels.local.local:175 _log DEBUG: Process 1956882 returned 0
1724168916.295744 2024-08-20 15:48:36 MainProcess-1956578 JobStatusPoller-Timer-Thread-22906235907600-22906235635456 parsl.channels.local.local:175 _log DEBUG: Execution of command in process 1956882 completed normally
1724168916.295887 2024-08-20 15:48:36 MainProcess-1956578 JobStatusPoller-Timer-Thread-22906235907600-22906235635456 parsl.executors.status_handling:175 _log DEBUG: Launched block 0 on executor HighThroughputExecutor with job ID 1956883
1724168916.295980 2024-08-20 15:48:36 MainProcess-1956578 JobStatusPoller-Timer-Thread-22906235907600-22906235635456 parsl.executors.high_throughput.zmq_pipes:175 _log DEBUG: Sending command client command
1724168916.296070 2024-08-20 15:48:36 MainProcess-1956578 JobStatusPoller-Timer-Thread-22906235907600-22906235635456 parsl.executors.high_throughput.zmq_pipes:175 _log DEBUG: Receiving command client response
1724168916.296242 2024-08-20 15:48:36 MainProcess-1956578 JobStatusPoller-Timer-Thread-22906235907600-22906235635456 parsl.executors.high_throughput.zmq_pipes:175 _log DEBUG: Received command client response
1724168916.296310 2024-08-20 15:48:36 MainProcess-1956578 JobStatusPoller-Timer-Thread-22906235907600-22906235635456 parsl.jobs.strategy:175 _log DEBUG: Slot ratio calculation: active_slots = 1, active_tasks = 0
1724168916.296356 2024-08-20 15:48:36 MainProcess-1956578 JobStatusPoller-Timer-Thread-22906235907600-22906235635456 parsl.executors.high_throughput.zmq_pipes:175 _log DEBUG: Sending command client command
1724168916.296405 2024-08-20 15:48:36 MainProcess-1956578 JobStatusPoller-Timer-Thread-22906235907600-22906235635456 parsl.executors.high_throughput.zmq_pipes:175 _log DEBUG: Receiving command client response
1724168916.296501 2024-08-20 15:48:36 MainProcess-1956578 JobStatusPoller-Timer-Thread-22906235907600-22906235635456 parsl.executors.high_throughput.zmq_pipes:175 _log DEBUG: Received command client response
1724168916.296549 2024-08-20 15:48:36 MainProcess-1956578 JobStatusPoller-Timer-Thread-22906235907600-22906235635456 parsl.executors.high_throughput.zmq_pipes:175 _log DEBUG: Sending command client command
1724168916.296597 2024-08-20 15:48:36 MainProcess-1956578 JobStatusPoller-Timer-Thread-22906235907600-22906235635456 parsl.executors.high_throughput.zmq_pipes:175 _log DEBUG: Receiving command client response
1724168916.296684 2024-08-20 15:48:36 MainProcess-1956578 JobStatusPoller-Timer-Thread-22906235907600-22906235635456 parsl.executors.high_throughput.zmq_pipes:175 _log DEBUG: Received command client response
1724168916.296730 2024-08-20 15:48:36 MainProcess-1956578 JobStatusPoller-Timer-Thread-22906235907600-22906235635456 parsl.jobs.strategy:175 _log DEBUG: Executor HighThroughputExecutor has 0 active tasks, 0/1 running/pending blocks, and 0 connected workers
1724168916.296769 2024-08-20 15:48:36 MainProcess-1956578 JobStatusPoller-Timer-Thread-22906235907600-22906235635456 parsl.jobs.strategy:175 _log DEBUG: Strategy case 1: Executor has no active tasks
1724168916.296807 2024-08-20 15:48:36 MainProcess-1956578 JobStatusPoller-Timer-Thread-22906235907600-22906235635456 parsl.jobs.strategy:175 _log DEBUG: Strategy case 1b: Executor has no active tasks, and more (1) than minimum blocks (0)
1724168916.296850 2024-08-20 15:48:36 MainProcess-1956578 JobStatusPoller-Timer-Thread-22906235907600-22906235635456 parsl.jobs.strategy:175 _log DEBUG: Starting idle timer for executor. If idle time exceeds 120.0s, blocks will be scaled in
1724168916.296905 2024-08-20 15:48:36 MainProcess-1956578 JobStatusPoller-Timer-Thread-22906235907600-22906235635456 parsl.jobs.strategy:175 _log DEBUG: Idle time 2.1457672119140625e-06s is less than max_idletime 120.0s for executor HighThroughputExecutor; not scaling in
1724168916.296959 2024-08-20 15:48:36 MainProcess-1956578 JobStatusPoller-Timer-Thread-22906235907600-22906235635456 parsl.process_loggers:175 _log DEBUG: Normal ending for _general_strategy on thread JobStatusPoller-Timer-Thread-22906235907600
1724168921.297669 2024-08-20 15:48:41 MainProcess-1956578 JobStatusPoller-Timer-Thread-22906235907600-22906235635456 parsl.channels.local.local:175 _log DEBUG: Creating process with command 'ps -p 1956883 > /dev/null 2> /dev/null; echo "STATUS:$?" '
1724168921.305356 2024-08-20 15:48:41 MainProcess-1956578 JobStatusPoller-Timer-Thread-22906235907600-22906235635456 parsl.channels.local.local:175 _log DEBUG: Created process with pid 1957025. Performing communicate
1724168921.364227 2024-08-20 15:48:41 MainProcess-1956578 JobStatusPoller-Timer-Thread-22906235907600-22906235635456 parsl.channels.local.local:175 _log DEBUG: Process 1957025 returned 0
1724168921.364379 2024-08-20 15:48:41 MainProcess-1956578 JobStatusPoller-Timer-Thread-22906235907600-22906235635456 parsl.channels.local.local:175 _log DEBUG: Execution of command in process 1957025 completed normally
1724168921.365477 2024-08-20 15:48:41 MainProcess-1956578 JobStatusPoller-Timer-Thread-22906235907600-22906235635456 parsl.executors.high_throughput.zmq_pipes:175 _log DEBUG: Sending command client command
1724168921.365588 2024-08-20 15:48:41 MainProcess-1956578 JobStatusPoller-Timer-Thread-22906235907600-22906235635456 parsl.executors.high_throughput.zmq_pipes:175 _log DEBUG: Receiving command client response
1724168921.366009 2024-08-20 15:48:41 MainProcess-1956578 JobStatusPoller-Timer-Thread-22906235907600-22906235635456 parsl.executors.high_throughput.zmq_pipes:175 _log DEBUG: Received command client response
1724168921.366138 2024-08-20 15:48:41 MainProcess-1956578 JobStatusPoller-Timer-Thread-22906235907600-22906235635456 parsl.jobs.strategy:175 _log DEBUG: general strategy starting with strategy_type simple for 1 executors
1724168921.366189 2024-08-20 15:48:41 MainProcess-1956578 JobStatusPoller-Timer-Thread-22906235907600-22906235635456 parsl.jobs.strategy:175 _log DEBUG: Strategizing for executor HighThroughputExecutor
1724168921.366238 2024-08-20 15:48:41 MainProcess-1956578 JobStatusPoller-Timer-Thread-22906235907600-22906235635456 parsl.executors.high_throughput.zmq_pipes:175 _log DEBUG: Sending command client command
1724168921.366291 2024-08-20 15:48:41 MainProcess-1956578 JobStatusPoller-Timer-Thread-22906235907600-22906235635456 parsl.executors.high_throughput.zmq_pipes:175 _log DEBUG: Receiving command client response
1724168921.366517 2024-08-20 15:48:41 MainProcess-1956578 JobStatusPoller-Timer-Thread-22906235907600-22906235635456 parsl.executors.high_throughput.zmq_pipes:175 _log DEBUG: Received command client response
1724168921.366592 2024-08-20 15:48:41 MainProcess-1956578 JobStatusPoller-Timer-Thread-22906235907600-22906235635456 parsl.jobs.strategy:175 _log DEBUG: Slot ratio calculation: active_slots = 1, active_tasks = 0
1724168921.366646 2024-08-20 15:48:41 MainProcess-1956578 JobStatusPoller-Timer-Thread-22906235907600-22906235635456 parsl.executors.high_throughput.zmq_pipes:175 _log DEBUG: Sending command client command
1724168921.366705 2024-08-20 15:48:41 MainProcess-1956578 JobStatusPoller-Timer-Thread-22906235907600-22906235635456 parsl.executors.high_throughput.zmq_pipes:175 _log DEBUG: Receiving command client response
1724168921.366897 2024-08-20 15:48:41 MainProcess-1956578 JobStatusPoller-Timer-Thread-22906235907600-22906235635456 parsl.executors.high_throughput.zmq_pipes:175 _log DEBUG: Received command client response
1724168921.366966 2024-08-20 15:48:41 MainProcess-1956578 JobStatusPoller-Timer-Thread-22906235907600-22906235635456 parsl.executors.high_throughput.zmq_pipes:175 _log DEBUG: Sending command client command
1724168921.367026 2024-08-20 15:48:41 MainProcess-1956578 JobStatusPoller-Timer-Thread-22906235907600-22906235635456 parsl.executors.high_throughput.zmq_pipes:175 _log DEBUG: Receiving command client response
1724168921.367213 2024-08-20 15:48:41 MainProcess-1956578 JobStatusPoller-Timer-Thread-22906235907600-22906235635456 parsl.executors.high_throughput.zmq_pipes:175 _log DEBUG: Received command client response
1724168921.367279 2024-08-20 15:48:41 MainProcess-1956578 JobStatusPoller-Timer-Thread-22906235907600-22906235635456 parsl.jobs.strategy:175 _log DEBUG: Executor HighThroughputExecutor has 0 active tasks, 1/0 running/pending blocks, and 1 connected workers
1724168921.367343 2024-08-20 15:48:41 MainProcess-1956578 JobStatusPoller-Timer-Thread-22906235907600-22906235635456 parsl.jobs.strategy:175 _log DEBUG: Strategy case 1: Executor has no active tasks
1724168921.367389 2024-08-20 15:48:41 MainProcess-1956578 JobStatusPoller-Timer-Thread-22906235907600-22906235635456 parsl.jobs.strategy:175 _log DEBUG: Strategy case 1b: Executor has no active tasks, and more (1) than minimum blocks (0)
1724168921.367440 2024-08-20 15:48:41 MainProcess-1956578 JobStatusPoller-Timer-Thread-22906235907600-22906235635456 parsl.jobs.strategy:175 _log DEBUG: Idle time 5.070537090301514s is less than max_idletime 120.0s for executor HighThroughputExecutor; not scaling in
1724168921.367482 2024-08-20 15:48:41 MainProcess-1956578 JobStatusPoller-Timer-Thread-22906235907600-22906235635456 parsl.process_loggers:175 _log DEBUG: Normal ending for _general_strategy on thread JobStatusPoller-Timer-Thread-22906235907600
1724168922.119418 2024-08-20 15:48:42 MainProcess-1956578 MainThread-22915010535616 parsl.dataflow.dflow:175 _log WARNING: Python is exiting with a DFK still running. You should call parsl.dfk().cleanup() before exiting to release any resources
1724168926.549325 2024-08-20 15:48:46 MainProcess-1956578 JobStatusPoller-Timer-Thread-22906235907600-22906235635456 parsl.channels.local.local:175 _log DEBUG: Creating process with command 'ps -p 1956883 > /dev/null 2> /dev/null; echo "STATUS:$?" '
1724168926.557306 2024-08-20 15:48:46 MainProcess-1956578 JobStatusPoller-Timer-Thread-22906235907600-22906235635456 parsl.channels.local.local:175 _log DEBUG: Created process with pid 1957028. Performing communicate
