2024-08-19 22:46:49.177 parsl:914 3009443 MainThread [INFO]  Python version: 3.11.8 | packaged by conda-forge | (main, Feb 16 2024, 20:53:32) [GCC 12.3.0]
2024-08-19 22:46:49.178 parsl:915 3009443 MainThread [INFO]  Debug logging: False
2024-08-19 22:46:49.178 parsl:916 3009443 MainThread [INFO]  Certificates dir: None
2024-08-19 22:46:49.178 parsl:917 3009443 MainThread [INFO]  Log dir: /home/viralss2/nekRS-ML_MSR/examples/parsl_MSR_smartsim/runinfo/010/HighThroughputExecutor
2024-08-19 22:46:49.178 parsl:918 3009443 MainThread [INFO]  Manager ID: 0169971ed702
2024-08-19 22:46:49.178 parsl:919 3009443 MainThread [INFO]  Block ID: 0
2024-08-19 22:46:49.178 parsl:920 3009443 MainThread [INFO]  cores_per_worker: 1.0
2024-08-19 22:46:49.178 parsl:921 3009443 MainThread [INFO]  mem_per_worker: None
2024-08-19 22:46:49.178 parsl:922 3009443 MainThread [INFO]  task_port: 54294
2024-08-19 22:46:49.178 parsl:923 3009443 MainThread [INFO]  result_port: 54100
2024-08-19 22:46:49.178 parsl:924 3009443 MainThread [INFO]  addresses: 10.140.57.88
2024-08-19 22:46:49.178 parsl:925 3009443 MainThread [INFO]  max_workers_per_node: inf
2024-08-19 22:46:49.178 parsl:926 3009443 MainThread [INFO]  poll_period: 10
2024-08-19 22:46:49.178 parsl:927 3009443 MainThread [INFO]  address_probe_timeout: 30
2024-08-19 22:46:49.178 parsl:928 3009443 MainThread [INFO]  Prefetch capacity: 0
2024-08-19 22:46:49.178 parsl:929 3009443 MainThread [INFO]  Heartbeat threshold: 120
2024-08-19 22:46:49.178 parsl:930 3009443 MainThread [INFO]  Heartbeat period: 30
2024-08-19 22:46:49.178 parsl:931 3009443 MainThread [INFO]  Drain period: None
2024-08-19 22:46:49.179 parsl:932 3009443 MainThread [INFO]  CPU affinity: block-reverse
2024-08-19 22:46:49.179 parsl:933 3009443 MainThread [INFO]  Accelerators: 0,1,2,3
2024-08-19 22:46:49.179 parsl:934 3009443 MainThread [INFO]  enable_mpi_mode: False
2024-08-19 22:46:49.179 parsl:935 3009443 MainThread [INFO]  mpi_launcher: mpiexec
2024-08-19 22:46:49.179 parsl:151 3009443 MainThread [INFO]  Manager initializing
2024-08-19 22:46:49.189 parsl.executors.high_throughput.probe:49 3009443 MainThread [INFO]  Connected to interchange on 10.140.57.88
2024-08-19 22:46:49.190 parsl:160 3009443 MainThread [INFO]  Connection to Interchange successful on 10.140.57.88
2024-08-19 22:46:49.190 parsl:163 3009443 MainThread [INFO]  Task url : tcp://10.140.57.88:54294
2024-08-19 22:46:49.190 parsl:164 3009443 MainThread [INFO]  Result url : tcp://10.140.57.88:54100
2024-08-19 22:46:49.190 parsl:183 3009443 MainThread [INFO]  Manager connected to interchange
2024-08-19 22:46:49.750 parsl:254 3009443 MainThread [INFO]  Manager will spawn 1 workers
2024-08-19 22:46:49.752 parsl:306 3009443 Task-Puller [INFO]  starting
2024-08-19 22:46:49.753 parsl:536 3009443 MainThread [INFO]  Manager threads started
2024-08-19 22:47:19.756 parsl:418 3009443 Result-Pusher [INFO]  Sending heartbeat via results connection: last_result_beat=1724107609.7527487 heartbeat_period=30 seconds
2024-08-19 22:47:49.760 parsl:418 3009443 Result-Pusher [INFO]  Sending heartbeat via results connection: last_result_beat=1724107639.7565877 heartbeat_period=30 seconds
2024-08-19 22:48:19.764 parsl:418 3009443 Result-Pusher [INFO]  Sending heartbeat via results connection: last_result_beat=1724107669.7601085 heartbeat_period=30 seconds
2024-08-19 22:48:49.771 parsl:418 3009443 Result-Pusher [INFO]  Sending heartbeat via results connection: last_result_beat=1724107699.764313 heartbeat_period=30 seconds
2024-08-19 22:49:19.774 parsl:418 3009443 Result-Pusher [INFO]  Sending heartbeat via results connection: last_result_beat=1724107729.7715275 heartbeat_period=30 seconds
2024-08-19 22:49:49.782 parsl:418 3009443 Result-Pusher [INFO]  Sending heartbeat via results connection: last_result_beat=1724107759.7746036 heartbeat_period=30 seconds
2024-08-19 22:50:19.791 parsl:418 3009443 Result-Pusher [INFO]  Sending heartbeat via results connection: last_result_beat=1724107789.7830079 heartbeat_period=30 seconds
2024-08-19 22:50:49.800 parsl:418 3009443 Result-Pusher [INFO]  Sending heartbeat via results connection: last_result_beat=1724107819.7916927 heartbeat_period=30 seconds
2024-08-19 22:51:19.805 parsl:418 3009443 Result-Pusher [INFO]  Sending heartbeat via results connection: last_result_beat=1724107849.8006823 heartbeat_period=30 seconds
2024-08-19 22:51:49.810 parsl:418 3009443 Result-Pusher [INFO]  Sending heartbeat via results connection: last_result_beat=1724107879.8060691 heartbeat_period=30 seconds
2024-08-19 22:52:19.818 parsl:418 3009443 Result-Pusher [INFO]  Sending heartbeat via results connection: last_result_beat=1724107909.8104794 heartbeat_period=30 seconds
2024-08-19 22:52:49.824 parsl:418 3009443 Result-Pusher [INFO]  Sending heartbeat via results connection: last_result_beat=1724107939.8184884 heartbeat_period=30 seconds
2024-08-19 22:53:19.827 parsl:418 3009443 Result-Pusher [INFO]  Sending heartbeat via results connection: last_result_beat=1724107969.82421 heartbeat_period=30 seconds
2024-08-19 22:53:49.837 parsl:418 3009443 Result-Pusher [INFO]  Sending heartbeat via results connection: last_result_beat=1724107999.8280911 heartbeat_period=30 seconds
2024-08-19 22:54:19.841 parsl:418 3009443 Result-Pusher [INFO]  Sending heartbeat via results connection: last_result_beat=1724108029.8374007 heartbeat_period=30 seconds
2024-08-19 22:54:49.848 parsl:418 3009443 Result-Pusher [INFO]  Sending heartbeat via results connection: last_result_beat=1724108059.8414536 heartbeat_period=30 seconds
