1724166783.553362 2024-08-20 15:13:03 MainProcess-1946519 MainThread-22864589234368 parsl.dataflow.dflow:175 _log INFO: Starting DataFlowKernel with config
Config(
    app_cache=True, 
    checkpoint_files=None, 
    checkpoint_mode=None, 
    checkpoint_period=None, 
    dependency_resolver=None, 
    executors=(HighThroughputExecutor(
        address='10.140.57.105', 
        address_probe_timeout=None, 
        available_accelerators=['0,1,2,3'], 
        block_error_handler=<function simple_error_handler at 0x14c988c6a8e0>, 
        cores_per_worker=1.0, 
        cpu_affinity='block-reverse', 
        drain_period=None, 
        enable_mpi_mode=False, 
        encrypted=False, 
        heartbeat_period=30, 
        heartbeat_threshold=120, 
        interchange_launch_cmd=['interchange.py'], 
        interchange_port_range=(55000, 56000), 
        label='HighThroughputExecutor', 
        launch_cmd='process_worker_pool.py {debug} {max_workers_per_node} -a {addresses} -p {prefetch_capacity} -c {cores_per_worker} -m {mem_per_worker} --poll {poll_period} --task_port={task_port} --result_port={result_port} --cert_dir {cert_dir} --logdir={logdir} --block_id={{block_id}} --hb_period={heartbeat_period} {address_probe_timeout_string} --hb_threshold={heartbeat_threshold} --drain_period={drain_period} --cpu-affinity {cpu_affinity} {enable_mpi_mode} --mpi-launcher={mpi_launcher} --available-accelerators {accelerators}', 
        manager_selector=<parsl.executors.high_throughput.manager_selector.RandomManagerSelector object at 0x14c988c76610>, 
        max_workers=inf, 
        max_workers_per_node=inf, 
        mem_per_worker=None, 
        mpi_launcher='mpiexec', 
        poll_period=10, 
        prefetch_capacity=0, 
        provider=PBSProProvider(
            account=None, 
            channel=LocalChannel(
                envs={}, 
                script_dir=None, 
                userhome='/home/viralss2/nekRS-ML_MSR/examples/parsl_MSR_smartsim'
            ), 
            cmd_timeout=120, 
            cpus_per_node=64, 
            init_blocks=1, 
            launcher=SingleNodeLauncher(debug=True, fail_on_any=False), 
            max_blocks=1, 
            min_blocks=0, 
            nodes_per_block=1, 
            parallelism=1, 
            queue=None, 
            scheduler_options='', 
            select_options='', 
            walltime='00:20:00', 
            worker_init='source /home/viralss2/ALCF_Hands_on_HPC_Workshop/workflows/parsl/launch_eg/set_run_env;\n                            cd /home/viralss2/nekRS-ML_MSR/examples/parsl_MSR_smartsim'
        ), 
        storage_access=None, 
        worker_debug=False, 
        worker_logdir_root=None, 
        worker_port_range=(54000, 55000), 
        worker_ports=None, 
        working_dir=None
    ),), 
    exit_mode='cleanup', 
    garbage_collect=True, 
    initialize_logging=True, 
    internal_tasks_max_threads=10, 
    max_idletime=120.0, 
    monitoring=None, 
    retries=1, 
    retry_handler=None, 
    run_dir='runinfo', 
    std_autopath=None, 
    strategy='simple', 
    strategy_period=5, 
    usage_tracking=0
)
1724166783.554291 2024-08-20 15:13:03 MainProcess-1946519 MainThread-22864589234368 parsl.dataflow.dflow:175 _log INFO: Parsl version: 2024.08.05
1724166783.554379 2024-08-20 15:13:03 MainProcess-1946519 MainThread-22864589234368 parsl.usage_tracking.usage:175 _log DEBUG: Tracking level: 0
1724166783.554458 2024-08-20 15:13:03 MainProcess-1946519 MainThread-22864589234368 parsl.dataflow.dflow:175 _log INFO: Run id is: 2660303d-8e49-4e69-8fcc-4cbe2ff9090c
1724166783.709198 2024-08-20 15:13:03 MainProcess-1946519 MainThread-22864589234368 parsl.dataflow.dflow:175 _log DEBUG: Considering candidate for workflow name: /home/viralss2/SSML/lib/python3.11/site-packages/parsl/dataflow/dflow.py
1724166783.709263 2024-08-20 15:13:03 MainProcess-1946519 MainThread-22864589234368 parsl.dataflow.dflow:175 _log DEBUG: Considering candidate for workflow name: /soft/applications/conda/2024-04-29/mconda3/lib/python3.11/site-packages/typeguard/__init__.py
1724166783.709312 2024-08-20 15:13:03 MainProcess-1946519 MainThread-22864589234368 parsl.dataflow.dflow:175 _log DEBUG: Considering candidate for workflow name: /home/viralss2/SSML/lib/python3.11/site-packages/parsl/dataflow/dflow.py
1724166783.709380 2024-08-20 15:13:03 MainProcess-1946519 MainThread-22864589234368 parsl.dataflow.dflow:175 _log DEBUG: Considering candidate for workflow name: /soft/applications/conda/2024-04-29/mconda3/lib/python3.11/site-packages/typeguard/__init__.py
1724166783.709437 2024-08-20 15:13:03 MainProcess-1946519 MainThread-22864589234368 parsl.dataflow.dflow:175 _log DEBUG: Considering candidate for workflow name: /home/viralss2/nekRS-ML_MSR/examples/parsl_MSR_smartsim/ssim_driver_polaris.py
1724166783.709480 2024-08-20 15:13:03 MainProcess-1946519 MainThread-22864589234368 parsl.dataflow.dflow:175 _log DEBUG: Using ssim_driver_polaris.py as workflow name
1724166783.709613 2024-08-20 15:13:03 MainProcess-1946519 MainThread-22864589234368 parsl.dataflow.memoization:175 _log INFO: App caching initialized
1724166783.709669 2024-08-20 15:13:03 MainProcess-1946519 MainThread-22864589234368 parsl.jobs.strategy:175 _log DEBUG: Scaling strategy: simple
1724166783.714415 2024-08-20 15:13:03 MainProcess-1946519 MainThread-22864589234368 parsl.executors.high_throughput.executor:175 _log DEBUG: Starting result queue thread
1724166783.714651 2024-08-20 15:13:03 MainProcess-1946519 HTEX-Result-Queue-Thread-22855597152000 parsl.executors.high_throughput.executor:175 _log DEBUG: Result queue worker starting
1724166783.714742 2024-08-20 15:13:03 MainProcess-1946519 MainThread-22864589234368 parsl.executors.high_throughput.executor:175 _log DEBUG: Started result queue thread
1724166783.714793 2024-08-20 15:13:03 MainProcess-1946519 HTEX-Result-Queue-Thread-22855597152000 parsl.executors.high_throughput.zmq_pipes:175 _log DEBUG: Waiting for ResultsIncoming message
1724166783.716216 2024-08-20 15:13:03 MainProcess-1946519 MainThread-22864589234368 parsl.executors.high_throughput.executor:175 _log DEBUG: Popened interchange process. Writing config object
1724166783.716289 2024-08-20 15:13:03 MainProcess-1946519 MainThread-22864589234368 parsl.executors.high_throughput.executor:175 _log DEBUG: Sent config object. Requesting worker ports
1724166783.716339 2024-08-20 15:13:03 MainProcess-1946519 MainThread-22864589234368 parsl.executors.high_throughput.zmq_pipes:175 _log DEBUG: Sending command client command
1724166784.403871 2024-08-20 15:13:04 MainProcess-1946519 MainThread-22864589234368 parsl.executors.high_throughput.zmq_pipes:175 _log DEBUG: Polling for command client response or timeout
1724166784.405425 2024-08-20 15:13:04 MainProcess-1946519 MainThread-22864589234368 parsl.executors.high_throughput.zmq_pipes:175 _log DEBUG: Receiving command client response
1724166784.405496 2024-08-20 15:13:04 MainProcess-1946519 MainThread-22864589234368 parsl.executors.high_throughput.zmq_pipes:175 _log DEBUG: Received command client response
1724166784.405545 2024-08-20 15:13:04 MainProcess-1946519 MainThread-22864589234368 parsl.executors.high_throughput.executor:175 _log DEBUG: Got worker ports
1724166784.405586 2024-08-20 15:13:04 MainProcess-1946519 MainThread-22864589234368 parsl.executors.high_throughput.executor:175 _log DEBUG: Created result queue thread: <Thread(HTEX-Result-Queue-Thread, started daemon 22855597152000)>
1724166784.405798 2024-08-20 15:13:04 MainProcess-1946519 MainThread-22864589234368 parsl.executors.high_throughput.executor:175 _log DEBUG: Launch command: process_worker_pool.py   -a 10.140.57.105 -p 0 -c 1.0 -m None --poll 10 --task_port=54938 --result_port=54028 --cert_dir None --logdir=/home/viralss2/nekRS-ML_MSR/examples/parsl_MSR_smartsim/runinfo/047/HighThroughputExecutor --block_id={block_id} --hb_period=30  --hb_threshold=120 --drain_period=None --cpu-affinity block-reverse  --mpi-launcher=mpiexec --available-accelerators 0,1,2,3
1724166784.405842 2024-08-20 15:13:04 MainProcess-1946519 MainThread-22864589234368 parsl.executors.high_throughput.executor:175 _log DEBUG: Starting HighThroughputExecutor with provider:
PBSProProvider(
    account=None, 
    channel=LocalChannel(
        envs={}, 
        script_dir='/home/viralss2/nekRS-ML_MSR/examples/parsl_MSR_smartsim/runinfo/047/submit_scripts', 
        userhome='/home/viralss2/nekRS-ML_MSR/examples/parsl_MSR_smartsim'
    ), 
    cmd_timeout=120, 
    cpus_per_node=64, 
    init_blocks=1, 
    launcher=SingleNodeLauncher(debug=True, fail_on_any=False), 
    max_blocks=1, 
    min_blocks=0, 
    nodes_per_block=1, 
    parallelism=1, 
    queue=None, 
    scheduler_options='', 
    select_options='', 
    walltime='00:20:00', 
    worker_init='source /home/viralss2/ALCF_Hands_on_HPC_Workshop/workflows/parsl/launch_eg/set_run_env;\n                            cd /home/viralss2/nekRS-ML_MSR/examples/parsl_MSR_smartsim'
)
1724166784.406150 2024-08-20 15:13:04 MainProcess-1946519 MainThread-22864589234368 parsl.jobs.job_status_poller:175 _log DEBUG: Adding executor HighThroughputExecutor
1724166788.710189 2024-08-20 15:13:08 MainProcess-1946519 JobStatusPoller-Timer-Thread-22855814555728-22855814330112 parsl.executors.high_throughput.zmq_pipes:175 _log DEBUG: Sending command client command
1724166788.710452 2024-08-20 15:13:08 MainProcess-1946519 JobStatusPoller-Timer-Thread-22855814555728-22855814330112 parsl.executors.high_throughput.zmq_pipes:175 _log DEBUG: Receiving command client response
1724166788.710943 2024-08-20 15:13:08 MainProcess-1946519 JobStatusPoller-Timer-Thread-22855814555728-22855814330112 parsl.executors.high_throughput.zmq_pipes:175 _log DEBUG: Received command client response
1724166788.711096 2024-08-20 15:13:08 MainProcess-1946519 JobStatusPoller-Timer-Thread-22855814555728-22855814330112 parsl.jobs.strategy:175 _log DEBUG: general strategy starting with strategy_type simple for 1 executors
1724166788.711185 2024-08-20 15:13:08 MainProcess-1946519 JobStatusPoller-Timer-Thread-22855814555728-22855814330112 parsl.jobs.strategy:175 _log DEBUG: Strategizing for executor HighThroughputExecutor
1724166788.711262 2024-08-20 15:13:08 MainProcess-1946519 JobStatusPoller-Timer-Thread-22855814555728-22855814330112 parsl.jobs.strategy:175 _log DEBUG: Scaling out 1 initial blocks for HighThroughputExecutor
1724166788.711304 2024-08-20 15:13:08 MainProcess-1946519 JobStatusPoller-Timer-Thread-22855814555728-22855814330112 parsl.executors.status_handling:175 _log INFO: Scaling out by 1 blocks
1724166788.711347 2024-08-20 15:13:08 MainProcess-1946519 JobStatusPoller-Timer-Thread-22855814555728-22855814330112 parsl.executors.status_handling:175 _log INFO: Allocated block ID 0
1724166788.711392 2024-08-20 15:13:08 MainProcess-1946519 JobStatusPoller-Timer-Thread-22855814555728-22855814330112 parsl.executors.status_handling:175 _log DEBUG: Submitting to provider with job_name parsl.HighThroughputExecutor.block-0
1724166788.711517 2024-08-20 15:13:08 MainProcess-1946519 JobStatusPoller-Timer-Thread-22855814555728-22855814330112 parsl.providers.pbspro.pbspro:175 _log DEBUG: Requesting 1 nodes_per_block, 1 tasks_per_node
1724166788.711571 2024-08-20 15:13:08 MainProcess-1946519 JobStatusPoller-Timer-Thread-22855814555728-22855814330112 parsl.providers.pbspro.pbspro:175 _log DEBUG: Writing submit script
1724166788.715564 2024-08-20 15:13:08 MainProcess-1946519 JobStatusPoller-Timer-Thread-22855814555728-22855814330112 parsl.channels.local.local:175 _log DEBUG: Creating process with command 'qsub  /home/viralss2/nekRS-ML_MSR/examples/parsl_MSR_smartsim/runinfo/047/submit_scripts/parsl.HighThroughputExecutor.block-0.1724166788.7114975'
1724166788.727167 2024-08-20 15:13:08 MainProcess-1946519 JobStatusPoller-Timer-Thread-22855814555728-22855814330112 parsl.channels.local.local:175 _log DEBUG: Created process with pid 1946829. Performing communicate
1724166788.785140 2024-08-20 15:13:08 MainProcess-1946519 JobStatusPoller-Timer-Thread-22855814555728-22855814330112 parsl.channels.local.local:175 _log DEBUG: Process 1946829 returned 32
1724166788.785301 2024-08-20 15:13:08 MainProcess-1946519 JobStatusPoller-Timer-Thread-22855814555728-22855814330112 parsl.channels.local.local:175 _log DEBUG: Execution of command in process 1946829 completed normally
1724166788.785503 2024-08-20 15:13:08 MainProcess-1946519 JobStatusPoller-Timer-Thread-22855814555728-22855814330112 parsl.providers.pbspro.pbspro:175 _log ERROR: Command 'qsub  /home/viralss2/nekRS-ML_MSR/examples/parsl_MSR_smartsim/runinfo/047/submit_scripts/parsl.HighThroughputExecutor.block-0.1724166788.7114975' failed with return code 32
stderr:qsub: Account_Name is required to be set.
stdout
1724166788.785651 2024-08-20 15:13:08 MainProcess-1946519 JobStatusPoller-Timer-Thread-22855814555728-22855814330112 parsl.executors.high_throughput.zmq_pipes:175 _log DEBUG: Sending command client command
1724166788.785741 2024-08-20 15:13:08 MainProcess-1946519 JobStatusPoller-Timer-Thread-22855814555728-22855814330112 parsl.executors.high_throughput.zmq_pipes:175 _log DEBUG: Receiving command client response
1724166788.785988 2024-08-20 15:13:08 MainProcess-1946519 JobStatusPoller-Timer-Thread-22855814555728-22855814330112 parsl.executors.high_throughput.zmq_pipes:175 _log DEBUG: Received command client response
1724166788.786068 2024-08-20 15:13:08 MainProcess-1946519 JobStatusPoller-Timer-Thread-22855814555728-22855814330112 parsl.jobs.strategy:175 _log DEBUG: Slot ratio calculation: active_slots = 0, active_tasks = 0
1724166788.786116 2024-08-20 15:13:08 MainProcess-1946519 JobStatusPoller-Timer-Thread-22855814555728-22855814330112 parsl.executors.high_throughput.zmq_pipes:175 _log DEBUG: Sending command client command
1724166788.786166 2024-08-20 15:13:08 MainProcess-1946519 JobStatusPoller-Timer-Thread-22855814555728-22855814330112 parsl.executors.high_throughput.zmq_pipes:175 _log DEBUG: Receiving command client response
1724166788.786342 2024-08-20 15:13:08 MainProcess-1946519 JobStatusPoller-Timer-Thread-22855814555728-22855814330112 parsl.executors.high_throughput.zmq_pipes:175 _log DEBUG: Received command client response
1724166788.786402 2024-08-20 15:13:08 MainProcess-1946519 JobStatusPoller-Timer-Thread-22855814555728-22855814330112 parsl.executors.high_throughput.zmq_pipes:175 _log DEBUG: Sending command client command
1724166788.786451 2024-08-20 15:13:08 MainProcess-1946519 JobStatusPoller-Timer-Thread-22855814555728-22855814330112 parsl.executors.high_throughput.zmq_pipes:175 _log DEBUG: Receiving command client response
1724166788.786659 2024-08-20 15:13:08 MainProcess-1946519 JobStatusPoller-Timer-Thread-22855814555728-22855814330112 parsl.executors.high_throughput.zmq_pipes:175 _log DEBUG: Received command client response
1724166788.786715 2024-08-20 15:13:08 MainProcess-1946519 JobStatusPoller-Timer-Thread-22855814555728-22855814330112 parsl.jobs.strategy:175 _log DEBUG: Executor HighThroughputExecutor has 0 active tasks, 0/0 running/pending blocks, and 0 connected workers
1724166788.786754 2024-08-20 15:13:08 MainProcess-1946519 JobStatusPoller-Timer-Thread-22855814555728-22855814330112 parsl.jobs.strategy:175 _log DEBUG: Strategy case 1: Executor has no active tasks
1724166788.786789 2024-08-20 15:13:08 MainProcess-1946519 JobStatusPoller-Timer-Thread-22855814555728-22855814330112 parsl.jobs.strategy:175 _log DEBUG: Strategy case 1a: Executor has no active tasks and minimum blocks. Taking no action.
1724166788.786839 2024-08-20 15:13:08 MainProcess-1946519 JobStatusPoller-Timer-Thread-22855814555728-22855814330112 parsl.process_loggers:175 _log DEBUG: Normal ending for _general_strategy on thread JobStatusPoller-Timer-Thread-22855814555728
1724166793.787165 2024-08-20 15:13:13 MainProcess-1946519 JobStatusPoller-Timer-Thread-22855814555728-22855814330112 parsl.executors.status_handling:175 _log ERROR: Setting bad state due to exception
parsl.jobs.errors.TooManyJobFailuresError: Error 1:
	Failed to start block 0: Executor HighThroughputExecutor failed to scale due to: Attempt to provision nodes did not return a job ID

1724166793.787616 2024-08-20 15:13:13 MainProcess-1946519 JobStatusPoller-Timer-Thread-22855814555728-22855814330112 parsl.jobs.strategy:175 _log DEBUG: general strategy starting with strategy_type simple for 1 executors
1724166793.787738 2024-08-20 15:13:13 MainProcess-1946519 JobStatusPoller-Timer-Thread-22855814555728-22855814330112 parsl.jobs.strategy:175 _log DEBUG: Strategizing for executor HighThroughputExecutor
1724166793.787830 2024-08-20 15:13:13 MainProcess-1946519 JobStatusPoller-Timer-Thread-22855814555728-22855814330112 parsl.executors.high_throughput.zmq_pipes:175 _log DEBUG: Sending command client command
1724166793.787909 2024-08-20 15:13:13 MainProcess-1946519 JobStatusPoller-Timer-Thread-22855814555728-22855814330112 parsl.executors.high_throughput.zmq_pipes:175 _log DEBUG: Receiving command client response
1724166793.788299 2024-08-20 15:13:13 MainProcess-1946519 JobStatusPoller-Timer-Thread-22855814555728-22855814330112 parsl.executors.high_throughput.zmq_pipes:175 _log DEBUG: Received command client response
1724166793.788374 2024-08-20 15:13:13 MainProcess-1946519 JobStatusPoller-Timer-Thread-22855814555728-22855814330112 parsl.jobs.strategy:175 _log DEBUG: Slot ratio calculation: active_slots = 0, active_tasks = 0
1724166793.788424 2024-08-20 15:13:13 MainProcess-1946519 JobStatusPoller-Timer-Thread-22855814555728-22855814330112 parsl.executors.high_throughput.zmq_pipes:175 _log DEBUG: Sending command client command
1724166793.788478 2024-08-20 15:13:13 MainProcess-1946519 JobStatusPoller-Timer-Thread-22855814555728-22855814330112 parsl.executors.high_throughput.zmq_pipes:175 _log DEBUG: Receiving command client response
1724166793.788705 2024-08-20 15:13:13 MainProcess-1946519 JobStatusPoller-Timer-Thread-22855814555728-22855814330112 parsl.executors.high_throughput.zmq_pipes:175 _log DEBUG: Received command client response
1724166793.788768 2024-08-20 15:13:13 MainProcess-1946519 JobStatusPoller-Timer-Thread-22855814555728-22855814330112 parsl.executors.high_throughput.zmq_pipes:175 _log DEBUG: Sending command client command
1724166793.788820 2024-08-20 15:13:13 MainProcess-1946519 JobStatusPoller-Timer-Thread-22855814555728-22855814330112 parsl.executors.high_throughput.zmq_pipes:175 _log DEBUG: Receiving command client response
1724166793.789045 2024-08-20 15:13:13 MainProcess-1946519 JobStatusPoller-Timer-Thread-22855814555728-22855814330112 parsl.executors.high_throughput.zmq_pipes:175 _log DEBUG: Received command client response
1724166793.789100 2024-08-20 15:13:13 MainProcess-1946519 JobStatusPoller-Timer-Thread-22855814555728-22855814330112 parsl.jobs.strategy:175 _log DEBUG: Executor HighThroughputExecutor has 0 active tasks, 0/0 running/pending blocks, and 0 connected workers
1724166793.789138 2024-08-20 15:13:13 MainProcess-1946519 JobStatusPoller-Timer-Thread-22855814555728-22855814330112 parsl.jobs.strategy:175 _log DEBUG: Strategy case 1: Executor has no active tasks
1724166793.789174 2024-08-20 15:13:13 MainProcess-1946519 JobStatusPoller-Timer-Thread-22855814555728-22855814330112 parsl.jobs.strategy:175 _log DEBUG: Strategy case 1a: Executor has no active tasks and minimum blocks. Taking no action.
1724166793.789209 2024-08-20 15:13:13 MainProcess-1946519 JobStatusPoller-Timer-Thread-22855814555728-22855814330112 parsl.process_loggers:175 _log DEBUG: Normal ending for _general_strategy on thread JobStatusPoller-Timer-Thread-22855814555728
1724166794.691908 2024-08-20 15:13:14 MainProcess-1946519 MainThread-22864589234368 parsl.dataflow.dflow:175 _log WARNING: Python is exiting with a DFK still running. You should call parsl.dfk().cleanup() before exiting to release any resources
