2024-08-21 18:22:14.864 parsl:914 4018083 MainThread [INFO]  Python version: 3.11.8 | packaged by conda-forge | (main, Feb 16 2024, 20:53:32) [GCC 12.3.0]
2024-08-21 18:22:14.865 parsl:915 4018083 MainThread [INFO]  Debug logging: False
2024-08-21 18:22:14.865 parsl:916 4018083 MainThread [INFO]  Certificates dir: None
2024-08-21 18:22:14.865 parsl:917 4018083 MainThread [INFO]  Log dir: /home/viralss2/nekRS-ML_MSR/examples/parsl_MSR_smartsim/runinfo/083/HighThroughputExecutor
2024-08-21 18:22:14.865 parsl:918 4018083 MainThread [INFO]  Manager ID: 68ae0a5ba4d4
2024-08-21 18:22:14.865 parsl:919 4018083 MainThread [INFO]  Block ID: 0
2024-08-21 18:22:14.865 parsl:920 4018083 MainThread [INFO]  cores_per_worker: 1.0
2024-08-21 18:22:14.865 parsl:921 4018083 MainThread [INFO]  mem_per_worker: None
2024-08-21 18:22:14.865 parsl:922 4018083 MainThread [INFO]  task_port: 54669
2024-08-21 18:22:14.865 parsl:923 4018083 MainThread [INFO]  result_port: 54407
2024-08-21 18:22:14.865 parsl:924 4018083 MainThread [INFO]  addresses: 10.140.56.175
2024-08-21 18:22:14.865 parsl:925 4018083 MainThread [INFO]  max_workers_per_node: inf
2024-08-21 18:22:14.865 parsl:926 4018083 MainThread [INFO]  poll_period: 10
2024-08-21 18:22:14.865 parsl:927 4018083 MainThread [INFO]  address_probe_timeout: 30
2024-08-21 18:22:14.865 parsl:928 4018083 MainThread [INFO]  Prefetch capacity: 0
2024-08-21 18:22:14.865 parsl:929 4018083 MainThread [INFO]  Heartbeat threshold: 120
2024-08-21 18:22:14.865 parsl:930 4018083 MainThread [INFO]  Heartbeat period: 30
2024-08-21 18:22:14.865 parsl:931 4018083 MainThread [INFO]  Drain period: None
2024-08-21 18:22:14.865 parsl:932 4018083 MainThread [INFO]  CPU affinity: block-reverse
2024-08-21 18:22:14.866 parsl:933 4018083 MainThread [INFO]  Accelerators: 0,1,2,3
2024-08-21 18:22:14.866 parsl:934 4018083 MainThread [INFO]  enable_mpi_mode: False
2024-08-21 18:22:14.866 parsl:935 4018083 MainThread [INFO]  mpi_launcher: mpiexec
2024-08-21 18:22:14.866 parsl:151 4018083 MainThread [INFO]  Manager initializing
2024-08-21 18:22:14.876 parsl.executors.high_throughput.probe:49 4018083 MainThread [INFO]  Connected to interchange on 10.140.56.175
2024-08-21 18:22:14.877 parsl:160 4018083 MainThread [INFO]  Connection to Interchange successful on 10.140.56.175
2024-08-21 18:22:14.877 parsl:163 4018083 MainThread [INFO]  Task url : tcp://10.140.56.175:54669
2024-08-21 18:22:14.877 parsl:164 4018083 MainThread [INFO]  Result url : tcp://10.140.56.175:54407
2024-08-21 18:22:14.877 parsl:183 4018083 MainThread [INFO]  Manager connected to interchange
2024-08-21 18:22:15.471 parsl:254 4018083 MainThread [INFO]  Manager will spawn 1 workers
2024-08-21 18:22:15.474 parsl:306 4018083 Task-Puller [INFO]  starting
2024-08-21 18:22:15.475 parsl:536 4018083 MainThread [INFO]  Manager threads started
2024-08-21 18:22:45.476 parsl:418 4018083 Result-Pusher [INFO]  Sending heartbeat via results connection: last_result_beat=1724264535.4748027 heartbeat_period=30 seconds
2024-08-21 18:23:15.476 parsl:418 4018083 Result-Pusher [INFO]  Sending heartbeat via results connection: last_result_beat=1724264565.4763958 heartbeat_period=30 seconds
2024-08-21 18:23:45.485 parsl:418 4018083 Result-Pusher [INFO]  Sending heartbeat via results connection: last_result_beat=1724264595.4766955 heartbeat_period=30 seconds
2024-08-21 18:24:15.487 parsl:418 4018083 Result-Pusher [INFO]  Sending heartbeat via results connection: last_result_beat=1724264625.485523 heartbeat_period=30 seconds
