1724114592.992988 2024-08-20 00:43:12 MainProcess-2144944 MainThread-22419527504064 parsl.dataflow.dflow:175 _log INFO: Starting DataFlowKernel with config
Config(
    app_cache=True, 
    checkpoint_files=None, 
    checkpoint_mode=None, 
    checkpoint_period=None, 
    dependency_resolver=None, 
    executors=(HighThroughputExecutor(
        address='10.140.56.174', 
        address_probe_timeout=None, 
        available_accelerators=['0,1,2,3'], 
        block_error_handler=<function simple_error_handler at 0x1461e90ae8e0>, 
        cores_per_worker=1.0, 
        cpu_affinity='block-reverse', 
        drain_period=None, 
        enable_mpi_mode=False, 
        encrypted=False, 
        heartbeat_period=30, 
        heartbeat_threshold=120, 
        interchange_launch_cmd=['interchange.py'], 
        interchange_port_range=(55000, 56000), 
        label='HighThroughputExecutor', 
        launch_cmd='process_worker_pool.py {debug} {max_workers_per_node} -a {addresses} -p {prefetch_capacity} -c {cores_per_worker} -m {mem_per_worker} --poll {poll_period} --task_port={task_port} --result_port={result_port} --cert_dir {cert_dir} --logdir={logdir} --block_id={{block_id}} --hb_period={heartbeat_period} {address_probe_timeout_string} --hb_threshold={heartbeat_threshold} --drain_period={drain_period} --cpu-affinity {cpu_affinity} {enable_mpi_mode} --mpi-launcher={mpi_launcher} --available-accelerators {accelerators}', 
        manager_selector=<parsl.executors.high_throughput.manager_selector.RandomManagerSelector object at 0x1461eb389610>, 
        max_workers=inf, 
        max_workers_per_node=inf, 
        mem_per_worker=None, 
        mpi_launcher='mpiexec', 
        poll_period=10, 
        prefetch_capacity=0, 
        provider=LocalProvider(
            channel=LocalChannel(
                envs={}, 
                script_dir=None, 
                userhome='/home/viralss2/nekRS-ML_MSR/examples/parsl_MSR_smartsim'
            ), 
            cmd_timeout=30, 
            init_blocks=1, 
            launcher=SingleNodeLauncher(debug=True, fail_on_any=False), 
            max_blocks=1, 
            min_blocks=0, 
            move_files=None, 
            nodes_per_block=1, 
            parallelism=1, 
            worker_init='source /home/viralss2/ALCF_Hands_on_HPC_Workshop/workflows/parsl/launch_eg/set_run_env;\n                            cd /home/viralss2/nekRS-ML_MSR/examples/parsl_MSR_smartsim'
        ), 
        storage_access=None, 
        worker_debug=False, 
        worker_logdir_root=None, 
        worker_port_range=(54000, 55000), 
        worker_ports=None, 
        working_dir=None
    ),), 
    exit_mode='cleanup', 
    garbage_collect=True, 
    initialize_logging=True, 
    internal_tasks_max_threads=10, 
    max_idletime=120.0, 
    monitoring=None, 
    retries=1, 
    retry_handler=None, 
    run_dir='runinfo', 
    std_autopath=None, 
    strategy='simple', 
    strategy_period=5, 
    usage_tracking=0
)
1724114592.993994 2024-08-20 00:43:12 MainProcess-2144944 MainThread-22419527504064 parsl.dataflow.dflow:175 _log INFO: Parsl version: 2024.08.05
1724114592.994077 2024-08-20 00:43:12 MainProcess-2144944 MainThread-22419527504064 parsl.usage_tracking.usage:175 _log DEBUG: Tracking level: 0
1724114592.994159 2024-08-20 00:43:12 MainProcess-2144944 MainThread-22419527504064 parsl.dataflow.dflow:175 _log INFO: Run id is: de4efff4-fdef-4412-a78d-4101c75df4c1
1724114593.102533 2024-08-20 00:43:13 MainProcess-2144944 MainThread-22419527504064 parsl.dataflow.dflow:175 _log DEBUG: Considering candidate for workflow name: /home/viralss2/SSML/lib/python3.11/site-packages/parsl/dataflow/dflow.py
1724114593.102600 2024-08-20 00:43:13 MainProcess-2144944 MainThread-22419527504064 parsl.dataflow.dflow:175 _log DEBUG: Considering candidate for workflow name: /soft/applications/conda/2024-04-29/mconda3/lib/python3.11/site-packages/typeguard/__init__.py
1724114593.102647 2024-08-20 00:43:13 MainProcess-2144944 MainThread-22419527504064 parsl.dataflow.dflow:175 _log DEBUG: Considering candidate for workflow name: /home/viralss2/SSML/lib/python3.11/site-packages/parsl/dataflow/dflow.py
1724114593.102711 2024-08-20 00:43:13 MainProcess-2144944 MainThread-22419527504064 parsl.dataflow.dflow:175 _log DEBUG: Considering candidate for workflow name: /soft/applications/conda/2024-04-29/mconda3/lib/python3.11/site-packages/typeguard/__init__.py
1724114593.102766 2024-08-20 00:43:13 MainProcess-2144944 MainThread-22419527504064 parsl.dataflow.dflow:175 _log DEBUG: Considering candidate for workflow name: /home/viralss2/nekRS-ML_MSR/examples/parsl_MSR_smartsim/ssim_driver_polaris.py
1724114593.102805 2024-08-20 00:43:13 MainProcess-2144944 MainThread-22419527504064 parsl.dataflow.dflow:175 _log DEBUG: Using ssim_driver_polaris.py as workflow name
1724114593.102925 2024-08-20 00:43:13 MainProcess-2144944 MainThread-22419527504064 parsl.dataflow.memoization:175 _log INFO: App caching initialized
1724114593.102979 2024-08-20 00:43:13 MainProcess-2144944 MainThread-22419527504064 parsl.jobs.strategy:175 _log DEBUG: Scaling strategy: simple
1724114593.107208 2024-08-20 00:43:13 MainProcess-2144944 MainThread-22419527504064 parsl.executors.high_throughput.executor:175 _log DEBUG: Starting result queue thread
1724114593.107533 2024-08-20 00:43:13 MainProcess-2144944 HTEX-Result-Queue-Thread-22410535368448 parsl.executors.high_throughput.executor:175 _log DEBUG: Result queue worker starting
1724114593.107606 2024-08-20 00:43:13 MainProcess-2144944 MainThread-22419527504064 parsl.executors.high_throughput.executor:175 _log DEBUG: Started result queue thread
1724114593.107647 2024-08-20 00:43:13 MainProcess-2144944 HTEX-Result-Queue-Thread-22410535368448 parsl.executors.high_throughput.zmq_pipes:175 _log DEBUG: Waiting for ResultsIncoming message
1724114593.108579 2024-08-20 00:43:13 MainProcess-2144944 MainThread-22419527504064 parsl.executors.high_throughput.executor:175 _log DEBUG: Popened interchange process. Writing config object
1724114593.108646 2024-08-20 00:43:13 MainProcess-2144944 MainThread-22419527504064 parsl.executors.high_throughput.executor:175 _log DEBUG: Sent config object. Requesting worker ports
1724114593.108689 2024-08-20 00:43:13 MainProcess-2144944 MainThread-22419527504064 parsl.executors.high_throughput.zmq_pipes:175 _log DEBUG: Sending command client command
1724114593.638042 2024-08-20 00:43:13 MainProcess-2144944 MainThread-22419527504064 parsl.executors.high_throughput.zmq_pipes:175 _log DEBUG: Polling for command client response or timeout
1724114593.639801 2024-08-20 00:43:13 MainProcess-2144944 MainThread-22419527504064 parsl.executors.high_throughput.zmq_pipes:175 _log DEBUG: Receiving command client response
1724114593.639857 2024-08-20 00:43:13 MainProcess-2144944 MainThread-22419527504064 parsl.executors.high_throughput.zmq_pipes:175 _log DEBUG: Received command client response
1724114593.639899 2024-08-20 00:43:13 MainProcess-2144944 MainThread-22419527504064 parsl.executors.high_throughput.executor:175 _log DEBUG: Got worker ports
1724114593.639935 2024-08-20 00:43:13 MainProcess-2144944 MainThread-22419527504064 parsl.executors.high_throughput.executor:175 _log DEBUG: Created result queue thread: <Thread(HTEX-Result-Queue-Thread, started daemon 22410535368448)>
1724114593.640143 2024-08-20 00:43:13 MainProcess-2144944 MainThread-22419527504064 parsl.executors.high_throughput.executor:175 _log DEBUG: Launch command: process_worker_pool.py   -a 10.140.56.174 -p 0 -c 1.0 -m None --poll 10 --task_port=54513 --result_port=54724 --cert_dir None --logdir=/home/viralss2/nekRS-ML_MSR/examples/parsl_MSR_smartsim/runinfo/039/HighThroughputExecutor --block_id={block_id} --hb_period=30  --hb_threshold=120 --drain_period=None --cpu-affinity block-reverse  --mpi-launcher=mpiexec --available-accelerators 0,1,2,3
1724114593.640182 2024-08-20 00:43:13 MainProcess-2144944 MainThread-22419527504064 parsl.executors.high_throughput.executor:175 _log DEBUG: Starting HighThroughputExecutor with provider:
LocalProvider(
    channel=LocalChannel(
        envs={}, 
        script_dir='/home/viralss2/nekRS-ML_MSR/examples/parsl_MSR_smartsim/runinfo/039/submit_scripts', 
        userhome='/home/viralss2/nekRS-ML_MSR/examples/parsl_MSR_smartsim'
    ), 
    cmd_timeout=30, 
    init_blocks=1, 
    launcher=SingleNodeLauncher(debug=True, fail_on_any=False), 
    max_blocks=1, 
    min_blocks=0, 
    move_files=None, 
    nodes_per_block=1, 
    parallelism=1, 
    worker_init='source /home/viralss2/ALCF_Hands_on_HPC_Workshop/workflows/parsl/launch_eg/set_run_env;\n                            cd /home/viralss2/nekRS-ML_MSR/examples/parsl_MSR_smartsim'
)
1724114593.640478 2024-08-20 00:43:13 MainProcess-2144944 MainThread-22419527504064 parsl.jobs.job_status_poller:175 _log DEBUG: Adding executor HighThroughputExecutor
1724114598.103369 2024-08-20 00:43:18 MainProcess-2144944 JobStatusPoller-Timer-Thread-22410753043280-22410752608000 parsl.executors.high_throughput.zmq_pipes:175 _log DEBUG: Sending command client command
1724114598.103563 2024-08-20 00:43:18 MainProcess-2144944 JobStatusPoller-Timer-Thread-22410753043280-22410752608000 parsl.executors.high_throughput.zmq_pipes:175 _log DEBUG: Receiving command client response
1724114598.103801 2024-08-20 00:43:18 MainProcess-2144944 JobStatusPoller-Timer-Thread-22410753043280-22410752608000 parsl.executors.high_throughput.zmq_pipes:175 _log DEBUG: Received command client response
1724114598.103895 2024-08-20 00:43:18 MainProcess-2144944 JobStatusPoller-Timer-Thread-22410753043280-22410752608000 parsl.jobs.strategy:175 _log DEBUG: general strategy starting with strategy_type simple for 1 executors
1724114598.103937 2024-08-20 00:43:18 MainProcess-2144944 JobStatusPoller-Timer-Thread-22410753043280-22410752608000 parsl.jobs.strategy:175 _log DEBUG: Strategizing for executor HighThroughputExecutor
1724114598.103976 2024-08-20 00:43:18 MainProcess-2144944 JobStatusPoller-Timer-Thread-22410753043280-22410752608000 parsl.jobs.strategy:175 _log DEBUG: Scaling out 1 initial blocks for HighThroughputExecutor
1724114598.104016 2024-08-20 00:43:18 MainProcess-2144944 JobStatusPoller-Timer-Thread-22410753043280-22410752608000 parsl.executors.status_handling:175 _log INFO: Scaling out by 1 blocks
1724114598.104057 2024-08-20 00:43:18 MainProcess-2144944 JobStatusPoller-Timer-Thread-22410753043280-22410752608000 parsl.executors.status_handling:175 _log INFO: Allocated block ID 0
1724114598.104098 2024-08-20 00:43:18 MainProcess-2144944 JobStatusPoller-Timer-Thread-22410753043280-22410752608000 parsl.executors.status_handling:175 _log DEBUG: Submitting to provider with job_name parsl.HighThroughputExecutor.block-0
1724114598.106767 2024-08-20 00:43:18 MainProcess-2144944 JobStatusPoller-Timer-Thread-22410753043280-22410752608000 parsl.providers.local.local:175 _log DEBUG: Launching
1724114598.106980 2024-08-20 00:43:18 MainProcess-2144944 JobStatusPoller-Timer-Thread-22410753043280-22410752608000 parsl.channels.local.local:175 _log DEBUG: Creating process with command '/bin/bash -c 'echo - >/home/viralss2/nekRS-ML_MSR/examples/parsl_MSR_smartsim/runinfo/039/submit_scripts/parsl.HighThroughputExecutor.block-0.1724114598.1042054.sh.ec && { { bash /home/viralss2/nekRS-ML_MSR/examples/parsl_MSR_smartsim/runinfo/039/submit_scripts/parsl.HighThroughputExecutor.block-0.1724114598.1042054.sh 1>/home/viralss2/nekRS-ML_MSR/examples/parsl_MSR_smartsim/runinfo/039/submit_scripts/parsl.HighThroughputExecutor.block-0.1724114598.1042054.sh.out 2>/home/viralss2/nekRS-ML_MSR/examples/parsl_MSR_smartsim/runinfo/039/submit_scripts/parsl.HighThroughputExecutor.block-0.1724114598.1042054.sh.err ; echo $? > /home/viralss2/nekRS-ML_MSR/examples/parsl_MSR_smartsim/runinfo/039/submit_scripts/parsl.HighThroughputExecutor.block-0.1724114598.1042054.sh.ec ; } >/dev/null 2>&1 & echo "PID:$!" ; }''
1724114598.118914 2024-08-20 00:43:18 MainProcess-2144944 JobStatusPoller-Timer-Thread-22410753043280-22410752608000 parsl.channels.local.local:175 _log DEBUG: Created process with pid 2145157. Performing communicate
1724114598.127720 2024-08-20 00:43:18 MainProcess-2144944 JobStatusPoller-Timer-Thread-22410753043280-22410752608000 parsl.channels.local.local:175 _log DEBUG: Process 2145157 returned 0
1724114598.127831 2024-08-20 00:43:18 MainProcess-2144944 JobStatusPoller-Timer-Thread-22410753043280-22410752608000 parsl.channels.local.local:175 _log DEBUG: Execution of command in process 2145157 completed normally
1724114598.127977 2024-08-20 00:43:18 MainProcess-2144944 JobStatusPoller-Timer-Thread-22410753043280-22410752608000 parsl.executors.status_handling:175 _log DEBUG: Launched block 0 on executor HighThroughputExecutor with job ID 2145158
1724114598.128068 2024-08-20 00:43:18 MainProcess-2144944 JobStatusPoller-Timer-Thread-22410753043280-22410752608000 parsl.executors.high_throughput.zmq_pipes:175 _log DEBUG: Sending command client command
1724114598.128160 2024-08-20 00:43:18 MainProcess-2144944 JobStatusPoller-Timer-Thread-22410753043280-22410752608000 parsl.executors.high_throughput.zmq_pipes:175 _log DEBUG: Receiving command client response
1724114598.128299 2024-08-20 00:43:18 MainProcess-2144944 JobStatusPoller-Timer-Thread-22410753043280-22410752608000 parsl.executors.high_throughput.zmq_pipes:175 _log DEBUG: Received command client response
1724114598.128361 2024-08-20 00:43:18 MainProcess-2144944 JobStatusPoller-Timer-Thread-22410753043280-22410752608000 parsl.jobs.strategy:175 _log DEBUG: Slot ratio calculation: active_slots = 1, active_tasks = 0
1724114598.128403 2024-08-20 00:43:18 MainProcess-2144944 JobStatusPoller-Timer-Thread-22410753043280-22410752608000 parsl.executors.high_throughput.zmq_pipes:175 _log DEBUG: Sending command client command
1724114598.128448 2024-08-20 00:43:18 MainProcess-2144944 JobStatusPoller-Timer-Thread-22410753043280-22410752608000 parsl.executors.high_throughput.zmq_pipes:175 _log DEBUG: Receiving command client response
1724114598.128524 2024-08-20 00:43:18 MainProcess-2144944 JobStatusPoller-Timer-Thread-22410753043280-22410752608000 parsl.executors.high_throughput.zmq_pipes:175 _log DEBUG: Received command client response
1724114598.128566 2024-08-20 00:43:18 MainProcess-2144944 JobStatusPoller-Timer-Thread-22410753043280-22410752608000 parsl.executors.high_throughput.zmq_pipes:175 _log DEBUG: Sending command client command
1724114598.128609 2024-08-20 00:43:18 MainProcess-2144944 JobStatusPoller-Timer-Thread-22410753043280-22410752608000 parsl.executors.high_throughput.zmq_pipes:175 _log DEBUG: Receiving command client response
1724114598.128680 2024-08-20 00:43:18 MainProcess-2144944 JobStatusPoller-Timer-Thread-22410753043280-22410752608000 parsl.executors.high_throughput.zmq_pipes:175 _log DEBUG: Received command client response
1724114598.128718 2024-08-20 00:43:18 MainProcess-2144944 JobStatusPoller-Timer-Thread-22410753043280-22410752608000 parsl.jobs.strategy:175 _log DEBUG: Executor HighThroughputExecutor has 0 active tasks, 0/1 running/pending blocks, and 0 connected workers
1724114598.128751 2024-08-20 00:43:18 MainProcess-2144944 JobStatusPoller-Timer-Thread-22410753043280-22410752608000 parsl.jobs.strategy:175 _log DEBUG: Strategy case 1: Executor has no active tasks
1724114598.128784 2024-08-20 00:43:18 MainProcess-2144944 JobStatusPoller-Timer-Thread-22410753043280-22410752608000 parsl.jobs.strategy:175 _log DEBUG: Strategy case 1b: Executor has no active tasks, and more (1) than minimum blocks (0)
1724114598.128819 2024-08-20 00:43:18 MainProcess-2144944 JobStatusPoller-Timer-Thread-22410753043280-22410752608000 parsl.jobs.strategy:175 _log DEBUG: Starting idle timer for executor. If idle time exceeds 120.0s, blocks will be scaled in
1724114598.128865 2024-08-20 00:43:18 MainProcess-2144944 JobStatusPoller-Timer-Thread-22410753043280-22410752608000 parsl.jobs.strategy:175 _log DEBUG: Idle time 7.152557373046875e-07s is less than max_idletime 120.0s for executor HighThroughputExecutor; not scaling in
1724114598.128912 2024-08-20 00:43:18 MainProcess-2144944 JobStatusPoller-Timer-Thread-22410753043280-22410752608000 parsl.process_loggers:175 _log DEBUG: Normal ending for _general_strategy on thread JobStatusPoller-Timer-Thread-22410753043280
1724114603.129406 2024-08-20 00:43:23 MainProcess-2144944 JobStatusPoller-Timer-Thread-22410753043280-22410752608000 parsl.channels.local.local:175 _log DEBUG: Creating process with command 'ps -p 2145158 > /dev/null 2> /dev/null; echo "STATUS:$?" '
1724114603.139622 2024-08-20 00:43:23 MainProcess-2144944 JobStatusPoller-Timer-Thread-22410753043280-22410752608000 parsl.channels.local.local:175 _log DEBUG: Created process with pid 2145300. Performing communicate
1724114603.203084 2024-08-20 00:43:23 MainProcess-2144944 JobStatusPoller-Timer-Thread-22410753043280-22410752608000 parsl.channels.local.local:175 _log DEBUG: Process 2145300 returned 0
1724114603.203215 2024-08-20 00:43:23 MainProcess-2144944 JobStatusPoller-Timer-Thread-22410753043280-22410752608000 parsl.channels.local.local:175 _log DEBUG: Execution of command in process 2145300 completed normally
1724114603.204158 2024-08-20 00:43:23 MainProcess-2144944 JobStatusPoller-Timer-Thread-22410753043280-22410752608000 parsl.executors.high_throughput.zmq_pipes:175 _log DEBUG: Sending command client command
1724114603.204268 2024-08-20 00:43:23 MainProcess-2144944 JobStatusPoller-Timer-Thread-22410753043280-22410752608000 parsl.executors.high_throughput.zmq_pipes:175 _log DEBUG: Receiving command client response
1724114603.204471 2024-08-20 00:43:23 MainProcess-2144944 JobStatusPoller-Timer-Thread-22410753043280-22410752608000 parsl.executors.high_throughput.zmq_pipes:175 _log DEBUG: Received command client response
1724114603.204589 2024-08-20 00:43:23 MainProcess-2144944 JobStatusPoller-Timer-Thread-22410753043280-22410752608000 parsl.jobs.strategy:175 _log DEBUG: general strategy starting with strategy_type simple for 1 executors
1724114603.204634 2024-08-20 00:43:23 MainProcess-2144944 JobStatusPoller-Timer-Thread-22410753043280-22410752608000 parsl.jobs.strategy:175 _log DEBUG: Strategizing for executor HighThroughputExecutor
1724114603.204680 2024-08-20 00:43:23 MainProcess-2144944 JobStatusPoller-Timer-Thread-22410753043280-22410752608000 parsl.executors.high_throughput.zmq_pipes:175 _log DEBUG: Sending command client command
1724114603.204730 2024-08-20 00:43:23 MainProcess-2144944 JobStatusPoller-Timer-Thread-22410753043280-22410752608000 parsl.executors.high_throughput.zmq_pipes:175 _log DEBUG: Receiving command client response
1724114603.204896 2024-08-20 00:43:23 MainProcess-2144944 JobStatusPoller-Timer-Thread-22410753043280-22410752608000 parsl.executors.high_throughput.zmq_pipes:175 _log DEBUG: Received command client response
1724114603.204958 2024-08-20 00:43:23 MainProcess-2144944 JobStatusPoller-Timer-Thread-22410753043280-22410752608000 parsl.jobs.strategy:175 _log DEBUG: Slot ratio calculation: active_slots = 1, active_tasks = 0
1724114603.205003 2024-08-20 00:43:23 MainProcess-2144944 JobStatusPoller-Timer-Thread-22410753043280-22410752608000 parsl.executors.high_throughput.zmq_pipes:175 _log DEBUG: Sending command client command
1724114603.205056 2024-08-20 00:43:23 MainProcess-2144944 JobStatusPoller-Timer-Thread-22410753043280-22410752608000 parsl.executors.high_throughput.zmq_pipes:175 _log DEBUG: Receiving command client response
1724114603.205198 2024-08-20 00:43:23 MainProcess-2144944 JobStatusPoller-Timer-Thread-22410753043280-22410752608000 parsl.executors.high_throughput.zmq_pipes:175 _log DEBUG: Received command client response
1724114603.205242 2024-08-20 00:43:23 MainProcess-2144944 JobStatusPoller-Timer-Thread-22410753043280-22410752608000 parsl.executors.high_throughput.zmq_pipes:175 _log DEBUG: Sending command client command
1724114603.205288 2024-08-20 00:43:23 MainProcess-2144944 JobStatusPoller-Timer-Thread-22410753043280-22410752608000 parsl.executors.high_throughput.zmq_pipes:175 _log DEBUG: Receiving command client response
1724114603.205424 2024-08-20 00:43:23 MainProcess-2144944 JobStatusPoller-Timer-Thread-22410753043280-22410752608000 parsl.executors.high_throughput.zmq_pipes:175 _log DEBUG: Received command client response
1724114603.205465 2024-08-20 00:43:23 MainProcess-2144944 JobStatusPoller-Timer-Thread-22410753043280-22410752608000 parsl.jobs.strategy:175 _log DEBUG: Executor HighThroughputExecutor has 0 active tasks, 1/0 running/pending blocks, and 1 connected workers
1724114603.205519 2024-08-20 00:43:23 MainProcess-2144944 JobStatusPoller-Timer-Thread-22410753043280-22410752608000 parsl.jobs.strategy:175 _log DEBUG: Strategy case 1: Executor has no active tasks
1724114603.205559 2024-08-20 00:43:23 MainProcess-2144944 JobStatusPoller-Timer-Thread-22410753043280-22410752608000 parsl.jobs.strategy:175 _log DEBUG: Strategy case 1b: Executor has no active tasks, and more (1) than minimum blocks (0)
1724114603.205603 2024-08-20 00:43:23 MainProcess-2144944 JobStatusPoller-Timer-Thread-22410753043280-22410752608000 parsl.jobs.strategy:175 _log DEBUG: Idle time 5.076739311218262s is less than max_idletime 120.0s for executor HighThroughputExecutor; not scaling in
1724114603.205640 2024-08-20 00:43:23 MainProcess-2144944 JobStatusPoller-Timer-Thread-22410753043280-22410752608000 parsl.process_loggers:175 _log DEBUG: Normal ending for _general_strategy on thread JobStatusPoller-Timer-Thread-22410753043280
1724114603.909157 2024-08-20 00:43:23 MainProcess-2144944 MainThread-22419527504064 parsl.dataflow.dflow:175 _log WARNING: Python is exiting with a DFK still running. You should call parsl.dfk().cleanup() before exiting to release any resources
