2024-08-21 18:04:34.907 parsl:914 4011275 MainThread [INFO]  Python version: 3.11.8 | packaged by conda-forge | (main, Feb 16 2024, 20:53:32) [GCC 12.3.0]
2024-08-21 18:04:34.908 parsl:915 4011275 MainThread [INFO]  Debug logging: False
2024-08-21 18:04:34.908 parsl:916 4011275 MainThread [INFO]  Certificates dir: None
2024-08-21 18:04:34.908 parsl:917 4011275 MainThread [INFO]  Log dir: /home/viralss2/nekRS-ML_MSR/examples/parsl_MSR_smartsim/runinfo/080/HighThroughputExecutor
2024-08-21 18:04:34.908 parsl:918 4011275 MainThread [INFO]  Manager ID: a0a4e8cd7865
2024-08-21 18:04:34.908 parsl:919 4011275 MainThread [INFO]  Block ID: 0
2024-08-21 18:04:34.908 parsl:920 4011275 MainThread [INFO]  cores_per_worker: 1.0
2024-08-21 18:04:34.908 parsl:921 4011275 MainThread [INFO]  mem_per_worker: None
2024-08-21 18:04:34.908 parsl:922 4011275 MainThread [INFO]  task_port: 54823
2024-08-21 18:04:34.908 parsl:923 4011275 MainThread [INFO]  result_port: 54816
2024-08-21 18:04:34.908 parsl:924 4011275 MainThread [INFO]  addresses: 10.140.56.175
2024-08-21 18:04:34.908 parsl:925 4011275 MainThread [INFO]  max_workers_per_node: inf
2024-08-21 18:04:34.908 parsl:926 4011275 MainThread [INFO]  poll_period: 10
2024-08-21 18:04:34.908 parsl:927 4011275 MainThread [INFO]  address_probe_timeout: 30
2024-08-21 18:04:34.908 parsl:928 4011275 MainThread [INFO]  Prefetch capacity: 0
2024-08-21 18:04:34.908 parsl:929 4011275 MainThread [INFO]  Heartbeat threshold: 120
2024-08-21 18:04:34.908 parsl:930 4011275 MainThread [INFO]  Heartbeat period: 30
2024-08-21 18:04:34.908 parsl:931 4011275 MainThread [INFO]  Drain period: None
2024-08-21 18:04:34.908 parsl:932 4011275 MainThread [INFO]  CPU affinity: block-reverse
2024-08-21 18:04:34.909 parsl:933 4011275 MainThread [INFO]  Accelerators: 0,1,2,3
2024-08-21 18:04:34.909 parsl:934 4011275 MainThread [INFO]  enable_mpi_mode: False
2024-08-21 18:04:34.909 parsl:935 4011275 MainThread [INFO]  mpi_launcher: mpiexec
2024-08-21 18:04:34.909 parsl:151 4011275 MainThread [INFO]  Manager initializing
2024-08-21 18:04:34.919 parsl.executors.high_throughput.probe:49 4011275 MainThread [INFO]  Connected to interchange on 10.140.56.175
2024-08-21 18:04:34.920 parsl:160 4011275 MainThread [INFO]  Connection to Interchange successful on 10.140.56.175
2024-08-21 18:04:34.920 parsl:163 4011275 MainThread [INFO]  Task url : tcp://10.140.56.175:54823
2024-08-21 18:04:34.920 parsl:164 4011275 MainThread [INFO]  Result url : tcp://10.140.56.175:54816
2024-08-21 18:04:34.920 parsl:183 4011275 MainThread [INFO]  Manager connected to interchange
2024-08-21 18:04:35.502 parsl:254 4011275 MainThread [INFO]  Manager will spawn 1 workers
2024-08-21 18:04:35.505 parsl:306 4011275 Task-Puller [INFO]  starting
2024-08-21 18:04:35.507 parsl:536 4011275 MainThread [INFO]  Manager threads started
2024-08-21 18:05:05.506 parsl:418 4011275 Result-Pusher [INFO]  Sending heartbeat via results connection: last_result_beat=1724263475.5065038 heartbeat_period=30 seconds
2024-08-21 18:05:35.516 parsl:418 4011275 Result-Pusher [INFO]  Sending heartbeat via results connection: last_result_beat=1724263505.5071144 heartbeat_period=30 seconds
2024-08-21 18:06:05.518 parsl:418 4011275 Result-Pusher [INFO]  Sending heartbeat via results connection: last_result_beat=1724263535.516724 heartbeat_period=30 seconds
2024-08-21 18:06:35.525 parsl:418 4011275 Result-Pusher [INFO]  Sending heartbeat via results connection: last_result_beat=1724263565.518731 heartbeat_period=30 seconds
2024-08-21 18:07:05.531 parsl:418 4011275 Result-Pusher [INFO]  Sending heartbeat via results connection: last_result_beat=1724263595.5256834 heartbeat_period=30 seconds
2024-08-21 18:07:35.538 parsl:418 4011275 Result-Pusher [INFO]  Sending heartbeat via results connection: last_result_beat=1724263625.532005 heartbeat_period=30 seconds
2024-08-21 18:08:05.545 parsl:418 4011275 Result-Pusher [INFO]  Sending heartbeat via results connection: last_result_beat=1724263655.5391352 heartbeat_period=30 seconds
2024-08-21 18:08:35.546 parsl:418 4011275 Result-Pusher [INFO]  Sending heartbeat via results connection: last_result_beat=1724263685.5452082 heartbeat_period=30 seconds
2024-08-21 18:08:35.657 parsl:381 4011275 Task-Puller [CRITICAL]  Missing contact with interchange beyond heartbeat_threshold
2024-08-21 18:08:35.657 parsl:383 4011275 Task-Puller [CRITICAL]  Exiting
2024-08-21 18:08:35.657 parsl:540 4011275 MainThread [CRITICAL]  Received kill event, terminating worker processes
2024-08-21 18:08:35.657 parsl:471 4011275 worker-watchdog [CRITICAL]  Exiting
2024-08-21 18:08:35.658 parsl:501 4011275 Monitoring-Handler [CRITICAL]  Exiting
2024-08-21 18:08:35.658 parsl:434 4011275 Result-Pusher [CRITICAL]  Exiting
2024-08-21 18:08:35.659 parsl:548 4011275 MainThread [CRITICAL]  Terminating worker <SpawnProcess name='HTEX-Worker-0' pid=4011289 parent=4011275 started>: is_alive()=True
2024-08-21 18:08:35.665 parsl:557 4011275 MainThread [INFO]  process_worker_pool ran for 240.75608491897583 seconds
2024-08-21 18:08:35.665 parsl:965 4011275 MainThread [INFO]  Process worker pool exiting normally
