1724260435.646214 2024-08-21 17:13:55 MainProcess-3988250 MainThread-22986361262272 parsl.dataflow.dflow:175 _log INFO: Starting DataFlowKernel with config
Config(
    app_cache=True, 
    checkpoint_files=None, 
    checkpoint_mode=None, 
    checkpoint_period=None, 
    dependency_resolver=None, 
    executors=(HighThroughputExecutor(
        address='10.140.56.175', 
        address_probe_timeout=None, 
        available_accelerators=['0,1,2,3'], 
        block_error_handler=<function simple_error_handler at 0x14e5e2f7a8e0>, 
        cores_per_worker=1.0, 
        cpu_affinity='block-reverse', 
        drain_period=None, 
        enable_mpi_mode=False, 
        encrypted=False, 
        heartbeat_period=30, 
        heartbeat_threshold=120, 
        interchange_launch_cmd=['interchange.py'], 
        interchange_port_range=(55000, 56000), 
        label='HighThroughputExecutor', 
        launch_cmd='process_worker_pool.py {debug} {max_workers_per_node} -a {addresses} -p {prefetch_capacity} -c {cores_per_worker} -m {mem_per_worker} --poll {poll_period} --task_port={task_port} --result_port={result_port} --cert_dir {cert_dir} --logdir={logdir} --block_id={{block_id}} --hb_period={heartbeat_period} {address_probe_timeout_string} --hb_threshold={heartbeat_threshold} --drain_period={drain_period} --cpu-affinity {cpu_affinity} {enable_mpi_mode} --mpi-launcher={mpi_launcher} --available-accelerators {accelerators}', 
        manager_selector=<parsl.executors.high_throughput.manager_selector.RandomManagerSelector object at 0x14e5e2f8a550>, 
        max_workers=inf, 
        max_workers_per_node=inf, 
        mem_per_worker=None, 
        mpi_launcher='mpiexec', 
        poll_period=10, 
        prefetch_capacity=0, 
        provider=LocalProvider(
            channel=LocalChannel(
                envs={}, 
                script_dir=None, 
                userhome='/home/viralss2/nekRS-ML_MSR/examples/parsl_MSR_smartsim'
            ), 
            cmd_timeout=30, 
            init_blocks=1, 
            launcher=SingleNodeLauncher(debug=True, fail_on_any=False), 
            max_blocks=1, 
            min_blocks=0, 
            move_files=None, 
            nodes_per_block=1, 
            parallelism=1, 
            worker_init='source /home/viralss2/ALCF_Hands_on_HPC_Workshop/workflows/parsl/launch_eg/set_run_env;\n                            cd /home/viralss2/nekRS-ML_MSR/examples/parsl_MSR_smartsim'
        ), 
        storage_access=None, 
        worker_debug=False, 
        worker_logdir_root=None, 
        worker_port_range=(54000, 55000), 
        worker_ports=None, 
        working_dir=None
    ),), 
    exit_mode='cleanup', 
    garbage_collect=True, 
    initialize_logging=True, 
    internal_tasks_max_threads=10, 
    max_idletime=120.0, 
    monitoring=None, 
    retries=1, 
    retry_handler=None, 
    run_dir='runinfo', 
    std_autopath=None, 
    strategy='simple', 
    strategy_period=5, 
    usage_tracking=0
)
1724260435.647693 2024-08-21 17:13:55 MainProcess-3988250 MainThread-22986361262272 parsl.dataflow.dflow:175 _log INFO: Parsl version: 2024.08.05
1724260435.647779 2024-08-21 17:13:55 MainProcess-3988250 MainThread-22986361262272 parsl.usage_tracking.usage:175 _log DEBUG: Tracking level: 0
1724260435.647858 2024-08-21 17:13:55 MainProcess-3988250 MainThread-22986361262272 parsl.dataflow.dflow:175 _log INFO: Run id is: 9eb59b11-3617-406d-8a5c-ab260e970479
1724260435.807333 2024-08-21 17:13:55 MainProcess-3988250 MainThread-22986361262272 parsl.dataflow.dflow:175 _log DEBUG: Considering candidate for workflow name: /home/viralss2/SSML/lib/python3.11/site-packages/parsl/dataflow/dflow.py
1724260435.807403 2024-08-21 17:13:55 MainProcess-3988250 MainThread-22986361262272 parsl.dataflow.dflow:175 _log DEBUG: Considering candidate for workflow name: /soft/applications/conda/2024-04-29/mconda3/lib/python3.11/site-packages/typeguard/__init__.py
1724260435.807456 2024-08-21 17:13:55 MainProcess-3988250 MainThread-22986361262272 parsl.dataflow.dflow:175 _log DEBUG: Considering candidate for workflow name: /home/viralss2/SSML/lib/python3.11/site-packages/parsl/dataflow/dflow.py
1724260435.807524 2024-08-21 17:13:55 MainProcess-3988250 MainThread-22986361262272 parsl.dataflow.dflow:175 _log DEBUG: Considering candidate for workflow name: /soft/applications/conda/2024-04-29/mconda3/lib/python3.11/site-packages/typeguard/__init__.py
1724260435.807584 2024-08-21 17:13:55 MainProcess-3988250 MainThread-22986361262272 parsl.dataflow.dflow:175 _log DEBUG: Considering candidate for workflow name: /home/viralss2/nekRS-ML_MSR/examples/parsl_MSR_smartsim/ssim_driver_polaris.py
1724260435.807628 2024-08-21 17:13:55 MainProcess-3988250 MainThread-22986361262272 parsl.dataflow.dflow:175 _log DEBUG: Using ssim_driver_polaris.py as workflow name
1724260435.807763 2024-08-21 17:13:55 MainProcess-3988250 MainThread-22986361262272 parsl.dataflow.memoization:175 _log INFO: App caching initialized
1724260435.807823 2024-08-21 17:13:55 MainProcess-3988250 MainThread-22986361262272 parsl.jobs.strategy:175 _log DEBUG: Scaling strategy: simple
1724260435.812718 2024-08-21 17:13:55 MainProcess-3988250 MainThread-22986361262272 parsl.executors.high_throughput.executor:175 _log DEBUG: Starting result queue thread
1724260435.812955 2024-08-21 17:13:55 MainProcess-3988250 HTEX-Result-Queue-Thread-22977571649280 parsl.executors.high_throughput.executor:175 _log DEBUG: Result queue worker starting
1724260435.813045 2024-08-21 17:13:55 MainProcess-3988250 MainThread-22986361262272 parsl.executors.high_throughput.executor:175 _log DEBUG: Started result queue thread
1724260435.813100 2024-08-21 17:13:55 MainProcess-3988250 HTEX-Result-Queue-Thread-22977571649280 parsl.executors.high_throughput.zmq_pipes:175 _log DEBUG: Waiting for ResultsIncoming message
1724260435.814000 2024-08-21 17:13:55 MainProcess-3988250 MainThread-22986361262272 parsl.executors.high_throughput.executor:175 _log DEBUG: Popened interchange process. Writing config object
1724260435.814069 2024-08-21 17:13:55 MainProcess-3988250 MainThread-22986361262272 parsl.executors.high_throughput.executor:175 _log DEBUG: Sent config object. Requesting worker ports
1724260435.814118 2024-08-21 17:13:55 MainProcess-3988250 MainThread-22986361262272 parsl.executors.high_throughput.zmq_pipes:175 _log DEBUG: Sending command client command
1724260436.403632 2024-08-21 17:13:56 MainProcess-3988250 MainThread-22986361262272 parsl.executors.high_throughput.zmq_pipes:175 _log DEBUG: Polling for command client response or timeout
1724260436.405019 2024-08-21 17:13:56 MainProcess-3988250 MainThread-22986361262272 parsl.executors.high_throughput.zmq_pipes:175 _log DEBUG: Receiving command client response
1724260436.405082 2024-08-21 17:13:56 MainProcess-3988250 MainThread-22986361262272 parsl.executors.high_throughput.zmq_pipes:175 _log DEBUG: Received command client response
1724260436.405130 2024-08-21 17:13:56 MainProcess-3988250 MainThread-22986361262272 parsl.executors.high_throughput.executor:175 _log DEBUG: Got worker ports
1724260436.405169 2024-08-21 17:13:56 MainProcess-3988250 MainThread-22986361262272 parsl.executors.high_throughput.executor:175 _log DEBUG: Created result queue thread: <Thread(HTEX-Result-Queue-Thread, started daemon 22977571649280)>
1724260436.405382 2024-08-21 17:13:56 MainProcess-3988250 MainThread-22986361262272 parsl.executors.high_throughput.executor:175 _log DEBUG: Launch command: process_worker_pool.py   -a 10.140.56.175 -p 0 -c 1.0 -m None --poll 10 --task_port=54191 --result_port=54939 --cert_dir None --logdir=/home/viralss2/nekRS-ML_MSR/examples/parsl_MSR_smartsim/runinfo/070/HighThroughputExecutor --block_id={block_id} --hb_period=30  --hb_threshold=120 --drain_period=None --cpu-affinity block-reverse  --mpi-launcher=mpiexec --available-accelerators 0,1,2,3
1724260436.405425 2024-08-21 17:13:56 MainProcess-3988250 MainThread-22986361262272 parsl.executors.high_throughput.executor:175 _log DEBUG: Starting HighThroughputExecutor with provider:
LocalProvider(
    channel=LocalChannel(
        envs={}, 
        script_dir='/home/viralss2/nekRS-ML_MSR/examples/parsl_MSR_smartsim/runinfo/070/submit_scripts', 
        userhome='/home/viralss2/nekRS-ML_MSR/examples/parsl_MSR_smartsim'
    ), 
    cmd_timeout=30, 
    init_blocks=1, 
    launcher=SingleNodeLauncher(debug=True, fail_on_any=False), 
    max_blocks=1, 
    min_blocks=0, 
    move_files=None, 
    nodes_per_block=1, 
    parallelism=1, 
    worker_init='source /home/viralss2/ALCF_Hands_on_HPC_Workshop/workflows/parsl/launch_eg/set_run_env;\n                            cd /home/viralss2/nekRS-ML_MSR/examples/parsl_MSR_smartsim'
)
1724260436.405714 2024-08-21 17:13:56 MainProcess-3988250 MainThread-22986361262272 parsl.jobs.job_status_poller:175 _log DEBUG: Adding executor HighThroughputExecutor
1724260440.808254 2024-08-21 17:14:00 MainProcess-3988250 JobStatusPoller-Timer-Thread-22977586816848-22977586358016 parsl.executors.high_throughput.zmq_pipes:175 _log DEBUG: Sending command client command
1724260440.808514 2024-08-21 17:14:00 MainProcess-3988250 JobStatusPoller-Timer-Thread-22977586816848-22977586358016 parsl.executors.high_throughput.zmq_pipes:175 _log DEBUG: Receiving command client response
1724260440.808786 2024-08-21 17:14:00 MainProcess-3988250 JobStatusPoller-Timer-Thread-22977586816848-22977586358016 parsl.executors.high_throughput.zmq_pipes:175 _log DEBUG: Received command client response
1724260440.808868 2024-08-21 17:14:00 MainProcess-3988250 JobStatusPoller-Timer-Thread-22977586816848-22977586358016 parsl.jobs.strategy:175 _log DEBUG: general strategy starting with strategy_type simple for 1 executors
1724260440.808914 2024-08-21 17:14:00 MainProcess-3988250 JobStatusPoller-Timer-Thread-22977586816848-22977586358016 parsl.jobs.strategy:175 _log DEBUG: Strategizing for executor HighThroughputExecutor
1724260440.808955 2024-08-21 17:14:00 MainProcess-3988250 JobStatusPoller-Timer-Thread-22977586816848-22977586358016 parsl.jobs.strategy:175 _log DEBUG: Scaling out 1 initial blocks for HighThroughputExecutor
1724260440.809000 2024-08-21 17:14:00 MainProcess-3988250 JobStatusPoller-Timer-Thread-22977586816848-22977586358016 parsl.executors.status_handling:175 _log INFO: Scaling out by 1 blocks
1724260440.809042 2024-08-21 17:14:00 MainProcess-3988250 JobStatusPoller-Timer-Thread-22977586816848-22977586358016 parsl.executors.status_handling:175 _log INFO: Allocated block ID 0
1724260440.809086 2024-08-21 17:14:00 MainProcess-3988250 JobStatusPoller-Timer-Thread-22977586816848-22977586358016 parsl.executors.status_handling:175 _log DEBUG: Submitting to provider with job_name parsl.HighThroughputExecutor.block-0
1724260440.812146 2024-08-21 17:14:00 MainProcess-3988250 JobStatusPoller-Timer-Thread-22977586816848-22977586358016 parsl.providers.local.local:175 _log DEBUG: Launching
1724260440.812367 2024-08-21 17:14:00 MainProcess-3988250 JobStatusPoller-Timer-Thread-22977586816848-22977586358016 parsl.channels.local.local:175 _log DEBUG: Creating process with command '/bin/bash -c 'echo - >/home/viralss2/nekRS-ML_MSR/examples/parsl_MSR_smartsim/runinfo/070/submit_scripts/parsl.HighThroughputExecutor.block-0.1724260440.8092012.sh.ec && { { bash /home/viralss2/nekRS-ML_MSR/examples/parsl_MSR_smartsim/runinfo/070/submit_scripts/parsl.HighThroughputExecutor.block-0.1724260440.8092012.sh 1>/home/viralss2/nekRS-ML_MSR/examples/parsl_MSR_smartsim/runinfo/070/submit_scripts/parsl.HighThroughputExecutor.block-0.1724260440.8092012.sh.out 2>/home/viralss2/nekRS-ML_MSR/examples/parsl_MSR_smartsim/runinfo/070/submit_scripts/parsl.HighThroughputExecutor.block-0.1724260440.8092012.sh.err ; echo $? > /home/viralss2/nekRS-ML_MSR/examples/parsl_MSR_smartsim/runinfo/070/submit_scripts/parsl.HighThroughputExecutor.block-0.1724260440.8092012.sh.ec ; } >/dev/null 2>&1 & echo "PID:$!" ; }''
1724260440.825155 2024-08-21 17:14:00 MainProcess-3988250 JobStatusPoller-Timer-Thread-22977586816848-22977586358016 parsl.channels.local.local:175 _log DEBUG: Created process with pid 3988463. Performing communicate
1724260440.834157 2024-08-21 17:14:00 MainProcess-3988250 JobStatusPoller-Timer-Thread-22977586816848-22977586358016 parsl.channels.local.local:175 _log DEBUG: Process 3988463 returned 0
1724260440.834268 2024-08-21 17:14:00 MainProcess-3988250 JobStatusPoller-Timer-Thread-22977586816848-22977586358016 parsl.channels.local.local:175 _log DEBUG: Execution of command in process 3988463 completed normally
1724260440.834410 2024-08-21 17:14:00 MainProcess-3988250 JobStatusPoller-Timer-Thread-22977586816848-22977586358016 parsl.executors.status_handling:175 _log DEBUG: Launched block 0 on executor HighThroughputExecutor with job ID 3988464
1724260440.834502 2024-08-21 17:14:00 MainProcess-3988250 JobStatusPoller-Timer-Thread-22977586816848-22977586358016 parsl.executors.high_throughput.zmq_pipes:175 _log DEBUG: Sending command client command
1724260440.834600 2024-08-21 17:14:00 MainProcess-3988250 JobStatusPoller-Timer-Thread-22977586816848-22977586358016 parsl.executors.high_throughput.zmq_pipes:175 _log DEBUG: Receiving command client response
1724260440.834765 2024-08-21 17:14:00 MainProcess-3988250 JobStatusPoller-Timer-Thread-22977586816848-22977586358016 parsl.executors.high_throughput.zmq_pipes:175 _log DEBUG: Received command client response
1724260440.834830 2024-08-21 17:14:00 MainProcess-3988250 JobStatusPoller-Timer-Thread-22977586816848-22977586358016 parsl.jobs.strategy:175 _log DEBUG: Slot ratio calculation: active_slots = 1, active_tasks = 0
1724260440.834877 2024-08-21 17:14:00 MainProcess-3988250 JobStatusPoller-Timer-Thread-22977586816848-22977586358016 parsl.executors.high_throughput.zmq_pipes:175 _log DEBUG: Sending command client command
1724260440.834929 2024-08-21 17:14:00 MainProcess-3988250 JobStatusPoller-Timer-Thread-22977586816848-22977586358016 parsl.executors.high_throughput.zmq_pipes:175 _log DEBUG: Receiving command client response
1724260440.835037 2024-08-21 17:14:00 MainProcess-3988250 JobStatusPoller-Timer-Thread-22977586816848-22977586358016 parsl.executors.high_throughput.zmq_pipes:175 _log DEBUG: Received command client response
1724260440.835110 2024-08-21 17:14:00 MainProcess-3988250 JobStatusPoller-Timer-Thread-22977586816848-22977586358016 parsl.executors.high_throughput.zmq_pipes:175 _log DEBUG: Sending command client command
1724260440.835164 2024-08-21 17:14:00 MainProcess-3988250 JobStatusPoller-Timer-Thread-22977586816848-22977586358016 parsl.executors.high_throughput.zmq_pipes:175 _log DEBUG: Receiving command client response
1724260440.835268 2024-08-21 17:14:00 MainProcess-3988250 JobStatusPoller-Timer-Thread-22977586816848-22977586358016 parsl.executors.high_throughput.zmq_pipes:175 _log DEBUG: Received command client response
1724260440.835315 2024-08-21 17:14:00 MainProcess-3988250 JobStatusPoller-Timer-Thread-22977586816848-22977586358016 parsl.jobs.strategy:175 _log DEBUG: Executor HighThroughputExecutor has 0 active tasks, 0/1 running/pending blocks, and 0 connected workers
1724260440.835353 2024-08-21 17:14:00 MainProcess-3988250 JobStatusPoller-Timer-Thread-22977586816848-22977586358016 parsl.jobs.strategy:175 _log DEBUG: Strategy case 1: Executor has no active tasks
1724260440.835392 2024-08-21 17:14:00 MainProcess-3988250 JobStatusPoller-Timer-Thread-22977586816848-22977586358016 parsl.jobs.strategy:175 _log DEBUG: Strategy case 1b: Executor has no active tasks, and more (1) than minimum blocks (0)
1724260440.835437 2024-08-21 17:14:00 MainProcess-3988250 JobStatusPoller-Timer-Thread-22977586816848-22977586358016 parsl.jobs.strategy:175 _log DEBUG: Starting idle timer for executor. If idle time exceeds 120.0s, blocks will be scaled in
1724260440.835492 2024-08-21 17:14:00 MainProcess-3988250 JobStatusPoller-Timer-Thread-22977586816848-22977586358016 parsl.jobs.strategy:175 _log DEBUG: Idle time 2.1457672119140625e-06s is less than max_idletime 120.0s for executor HighThroughputExecutor; not scaling in
1724260440.835546 2024-08-21 17:14:00 MainProcess-3988250 JobStatusPoller-Timer-Thread-22977586816848-22977586358016 parsl.process_loggers:175 _log DEBUG: Normal ending for _general_strategy on thread JobStatusPoller-Timer-Thread-22977586816848
1724260445.836135 2024-08-21 17:14:05 MainProcess-3988250 JobStatusPoller-Timer-Thread-22977586816848-22977586358016 parsl.channels.local.local:175 _log DEBUG: Creating process with command 'ps -p 3988464 > /dev/null 2> /dev/null; echo "STATUS:$?" '
1724260445.844940 2024-08-21 17:14:05 MainProcess-3988250 JobStatusPoller-Timer-Thread-22977586816848-22977586358016 parsl.channels.local.local:175 _log DEBUG: Created process with pid 3988608. Performing communicate
1724260445.902925 2024-08-21 17:14:05 MainProcess-3988250 JobStatusPoller-Timer-Thread-22977586816848-22977586358016 parsl.channels.local.local:175 _log DEBUG: Process 3988608 returned 0
1724260445.903112 2024-08-21 17:14:05 MainProcess-3988250 JobStatusPoller-Timer-Thread-22977586816848-22977586358016 parsl.channels.local.local:175 _log DEBUG: Execution of command in process 3988608 completed normally
1724260445.904246 2024-08-21 17:14:05 MainProcess-3988250 JobStatusPoller-Timer-Thread-22977586816848-22977586358016 parsl.executors.high_throughput.zmq_pipes:175 _log DEBUG: Sending command client command
1724260445.904359 2024-08-21 17:14:05 MainProcess-3988250 JobStatusPoller-Timer-Thread-22977586816848-22977586358016 parsl.executors.high_throughput.zmq_pipes:175 _log DEBUG: Receiving command client response
1724260445.904740 2024-08-21 17:14:05 MainProcess-3988250 JobStatusPoller-Timer-Thread-22977586816848-22977586358016 parsl.executors.high_throughput.zmq_pipes:175 _log DEBUG: Received command client response
1724260445.904882 2024-08-21 17:14:05 MainProcess-3988250 JobStatusPoller-Timer-Thread-22977586816848-22977586358016 parsl.jobs.strategy:175 _log DEBUG: general strategy starting with strategy_type simple for 1 executors
1724260445.904934 2024-08-21 17:14:05 MainProcess-3988250 JobStatusPoller-Timer-Thread-22977586816848-22977586358016 parsl.jobs.strategy:175 _log DEBUG: Strategizing for executor HighThroughputExecutor
1724260445.904983 2024-08-21 17:14:05 MainProcess-3988250 JobStatusPoller-Timer-Thread-22977586816848-22977586358016 parsl.executors.high_throughput.zmq_pipes:175 _log DEBUG: Sending command client command
1724260445.905036 2024-08-21 17:14:05 MainProcess-3988250 JobStatusPoller-Timer-Thread-22977586816848-22977586358016 parsl.executors.high_throughput.zmq_pipes:175 _log DEBUG: Receiving command client response
1724260445.905362 2024-08-21 17:14:05 MainProcess-3988250 JobStatusPoller-Timer-Thread-22977586816848-22977586358016 parsl.executors.high_throughput.zmq_pipes:175 _log DEBUG: Received command client response
1724260445.905437 2024-08-21 17:14:05 MainProcess-3988250 JobStatusPoller-Timer-Thread-22977586816848-22977586358016 parsl.jobs.strategy:175 _log DEBUG: Slot ratio calculation: active_slots = 1, active_tasks = 0
1724260445.905491 2024-08-21 17:14:05 MainProcess-3988250 JobStatusPoller-Timer-Thread-22977586816848-22977586358016 parsl.executors.high_throughput.zmq_pipes:175 _log DEBUG: Sending command client command
1724260445.905550 2024-08-21 17:14:05 MainProcess-3988250 JobStatusPoller-Timer-Thread-22977586816848-22977586358016 parsl.executors.high_throughput.zmq_pipes:175 _log DEBUG: Receiving command client response
1724260445.905746 2024-08-21 17:14:05 MainProcess-3988250 JobStatusPoller-Timer-Thread-22977586816848-22977586358016 parsl.executors.high_throughput.zmq_pipes:175 _log DEBUG: Received command client response
1724260445.905814 2024-08-21 17:14:05 MainProcess-3988250 JobStatusPoller-Timer-Thread-22977586816848-22977586358016 parsl.executors.high_throughput.zmq_pipes:175 _log DEBUG: Sending command client command
1724260445.905875 2024-08-21 17:14:05 MainProcess-3988250 JobStatusPoller-Timer-Thread-22977586816848-22977586358016 parsl.executors.high_throughput.zmq_pipes:175 _log DEBUG: Receiving command client response
1724260445.906037 2024-08-21 17:14:05 MainProcess-3988250 JobStatusPoller-Timer-Thread-22977586816848-22977586358016 parsl.executors.high_throughput.zmq_pipes:175 _log DEBUG: Received command client response
1724260445.906101 2024-08-21 17:14:05 MainProcess-3988250 JobStatusPoller-Timer-Thread-22977586816848-22977586358016 parsl.jobs.strategy:175 _log DEBUG: Executor HighThroughputExecutor has 0 active tasks, 1/0 running/pending blocks, and 1 connected workers
1724260445.906164 2024-08-21 17:14:05 MainProcess-3988250 JobStatusPoller-Timer-Thread-22977586816848-22977586358016 parsl.jobs.strategy:175 _log DEBUG: Strategy case 1: Executor has no active tasks
1724260445.906208 2024-08-21 17:14:05 MainProcess-3988250 JobStatusPoller-Timer-Thread-22977586816848-22977586358016 parsl.jobs.strategy:175 _log DEBUG: Strategy case 1b: Executor has no active tasks, and more (1) than minimum blocks (0)
1724260445.906256 2024-08-21 17:14:05 MainProcess-3988250 JobStatusPoller-Timer-Thread-22977586816848-22977586358016 parsl.jobs.strategy:175 _log DEBUG: Idle time 5.070767879486084s is less than max_idletime 120.0s for executor HighThroughputExecutor; not scaling in
1724260445.906297 2024-08-21 17:14:05 MainProcess-3988250 JobStatusPoller-Timer-Thread-22977586816848-22977586358016 parsl.process_loggers:175 _log DEBUG: Normal ending for _general_strategy on thread JobStatusPoller-Timer-Thread-22977586816848
1724260446.680235 2024-08-21 17:14:06 MainProcess-3988250 MainThread-22986361262272 parsl.dataflow.dflow:175 _log WARNING: Python is exiting with a DFK still running. You should call parsl.dfk().cleanup() before exiting to release any resources
