1724114090.498768 2024-08-20 00:34:50 MainProcess-2141987 MainThread-23016653238464 parsl.dataflow.dflow:175 _log INFO: Starting DataFlowKernel with config
Config(
    app_cache=True, 
    checkpoint_files=None, 
    checkpoint_mode=None, 
    checkpoint_period=None, 
    dependency_resolver=None, 
    executors=(HighThroughputExecutor(
        address='10.140.56.174', 
        address_probe_timeout=None, 
        available_accelerators=['0,1,2,3'], 
        block_error_handler=<function simple_error_handler at 0x14ecf0816980>, 
        cores_per_worker=1.0, 
        cpu_affinity='block-reverse', 
        drain_period=None, 
        enable_mpi_mode=False, 
        encrypted=False, 
        heartbeat_period=30, 
        heartbeat_threshold=120, 
        interchange_launch_cmd=['interchange.py'], 
        interchange_port_range=(55000, 56000), 
        label='HighThroughputExecutor', 
        launch_cmd='process_worker_pool.py {debug} {max_workers_per_node} -a {addresses} -p {prefetch_capacity} -c {cores_per_worker} -m {mem_per_worker} --poll {poll_period} --task_port={task_port} --result_port={result_port} --cert_dir {cert_dir} --logdir={logdir} --block_id={{block_id}} --hb_period={heartbeat_period} {address_probe_timeout_string} --hb_threshold={heartbeat_threshold} --drain_period={drain_period} --cpu-affinity {cpu_affinity} {enable_mpi_mode} --mpi-launcher={mpi_launcher} --available-accelerators {accelerators}', 
        manager_selector=<parsl.executors.high_throughput.manager_selector.RandomManagerSelector object at 0x14ecf2e53990>, 
        max_workers=inf, 
        max_workers_per_node=inf, 
        mem_per_worker=None, 
        mpi_launcher='mpiexec', 
        poll_period=10, 
        prefetch_capacity=0, 
        provider=LocalProvider(
            channel=LocalChannel(
                envs={}, 
                script_dir=None, 
                userhome='/home/viralss2/nekRS-ML_MSR/examples/parsl_MSR_smartsim'
            ), 
            cmd_timeout=30, 
            init_blocks=1, 
            launcher=SingleNodeLauncher(debug=True, fail_on_any=False), 
            max_blocks=1, 
            min_blocks=0, 
            move_files=None, 
            nodes_per_block=1, 
            parallelism=1, 
            worker_init='source /home/viralss2/ALCF_Hands_on_HPC_Workshop/workflows/parsl/launch_eg/set_run_env;\n                            cd /home/viralss2/nekRS-ML_MSR/examples/parsl_MSR_smartsim'
        ), 
        storage_access=None, 
        worker_debug=False, 
        worker_logdir_root=None, 
        worker_port_range=(54000, 55000), 
        worker_ports=None, 
        working_dir=None
    ),), 
    exit_mode='cleanup', 
    garbage_collect=True, 
    initialize_logging=True, 
    internal_tasks_max_threads=10, 
    max_idletime=120.0, 
    monitoring=None, 
    retries=1, 
    retry_handler=None, 
    run_dir='runinfo', 
    std_autopath=None, 
    strategy='simple', 
    strategy_period=5, 
    usage_tracking=0
)
1724114090.499649 2024-08-20 00:34:50 MainProcess-2141987 MainThread-23016653238464 parsl.dataflow.dflow:175 _log INFO: Parsl version: 2024.08.05
1724114090.499735 2024-08-20 00:34:50 MainProcess-2141987 MainThread-23016653238464 parsl.usage_tracking.usage:175 _log DEBUG: Tracking level: 0
1724114090.499810 2024-08-20 00:34:50 MainProcess-2141987 MainThread-23016653238464 parsl.dataflow.dflow:175 _log INFO: Run id is: 565b628e-f084-4dec-b10a-dcaaa36d819c
1724114090.605496 2024-08-20 00:34:50 MainProcess-2141987 MainThread-23016653238464 parsl.dataflow.dflow:175 _log DEBUG: Considering candidate for workflow name: /home/viralss2/SSML/lib/python3.11/site-packages/parsl/dataflow/dflow.py
1724114090.605562 2024-08-20 00:34:50 MainProcess-2141987 MainThread-23016653238464 parsl.dataflow.dflow:175 _log DEBUG: Considering candidate for workflow name: /soft/applications/conda/2024-04-29/mconda3/lib/python3.11/site-packages/typeguard/__init__.py
1724114090.605611 2024-08-20 00:34:50 MainProcess-2141987 MainThread-23016653238464 parsl.dataflow.dflow:175 _log DEBUG: Considering candidate for workflow name: /home/viralss2/SSML/lib/python3.11/site-packages/parsl/dataflow/dflow.py
1724114090.605676 2024-08-20 00:34:50 MainProcess-2141987 MainThread-23016653238464 parsl.dataflow.dflow:175 _log DEBUG: Considering candidate for workflow name: /soft/applications/conda/2024-04-29/mconda3/lib/python3.11/site-packages/typeguard/__init__.py
1724114090.605733 2024-08-20 00:34:50 MainProcess-2141987 MainThread-23016653238464 parsl.dataflow.dflow:175 _log DEBUG: Considering candidate for workflow name: /home/viralss2/nekRS-ML_MSR/examples/parsl_MSR_smartsim/ssim_driver_polaris.py
1724114090.605774 2024-08-20 00:34:50 MainProcess-2141987 MainThread-23016653238464 parsl.dataflow.dflow:175 _log DEBUG: Using ssim_driver_polaris.py as workflow name
1724114090.605896 2024-08-20 00:34:50 MainProcess-2141987 MainThread-23016653238464 parsl.dataflow.memoization:175 _log INFO: App caching initialized
1724114090.605950 2024-08-20 00:34:50 MainProcess-2141987 MainThread-23016653238464 parsl.jobs.strategy:175 _log DEBUG: Scaling strategy: simple
1724114090.610165 2024-08-20 00:34:50 MainProcess-2141987 MainThread-23016653238464 parsl.executors.high_throughput.executor:175 _log DEBUG: Starting result queue thread
1724114090.610369 2024-08-20 00:34:50 MainProcess-2141987 HTEX-Result-Queue-Thread-23007795853056 parsl.executors.high_throughput.executor:175 _log DEBUG: Result queue worker starting
1724114090.610445 2024-08-20 00:34:50 MainProcess-2141987 MainThread-23016653238464 parsl.executors.high_throughput.executor:175 _log DEBUG: Started result queue thread
1724114090.610491 2024-08-20 00:34:50 MainProcess-2141987 HTEX-Result-Queue-Thread-23007795853056 parsl.executors.high_throughput.zmq_pipes:175 _log DEBUG: Waiting for ResultsIncoming message
1724114090.611364 2024-08-20 00:34:50 MainProcess-2141987 MainThread-23016653238464 parsl.executors.high_throughput.executor:175 _log DEBUG: Popened interchange process. Writing config object
1724114090.611431 2024-08-20 00:34:50 MainProcess-2141987 MainThread-23016653238464 parsl.executors.high_throughput.executor:175 _log DEBUG: Sent config object. Requesting worker ports
1724114090.611476 2024-08-20 00:34:50 MainProcess-2141987 MainThread-23016653238464 parsl.executors.high_throughput.zmq_pipes:175 _log DEBUG: Sending command client command
1724114091.144436 2024-08-20 00:34:51 MainProcess-2141987 MainThread-23016653238464 parsl.executors.high_throughput.zmq_pipes:175 _log DEBUG: Polling for command client response or timeout
1724114091.146011 2024-08-20 00:34:51 MainProcess-2141987 MainThread-23016653238464 parsl.executors.high_throughput.zmq_pipes:175 _log DEBUG: Receiving command client response
1724114091.146091 2024-08-20 00:34:51 MainProcess-2141987 MainThread-23016653238464 parsl.executors.high_throughput.zmq_pipes:175 _log DEBUG: Received command client response
1724114091.146136 2024-08-20 00:34:51 MainProcess-2141987 MainThread-23016653238464 parsl.executors.high_throughput.executor:175 _log DEBUG: Got worker ports
1724114091.146184 2024-08-20 00:34:51 MainProcess-2141987 MainThread-23016653238464 parsl.executors.high_throughput.executor:175 _log DEBUG: Created result queue thread: <Thread(HTEX-Result-Queue-Thread, started daemon 23007795853056)>
1724114091.146397 2024-08-20 00:34:51 MainProcess-2141987 MainThread-23016653238464 parsl.executors.high_throughput.executor:175 _log DEBUG: Launch command: process_worker_pool.py   -a 10.140.56.174 -p 0 -c 1.0 -m None --poll 10 --task_port=54472 --result_port=54091 --cert_dir None --logdir=/home/viralss2/nekRS-ML_MSR/examples/parsl_MSR_smartsim/runinfo/035/HighThroughputExecutor --block_id={block_id} --hb_period=30  --hb_threshold=120 --drain_period=None --cpu-affinity block-reverse  --mpi-launcher=mpiexec --available-accelerators 0,1,2,3
1724114091.146437 2024-08-20 00:34:51 MainProcess-2141987 MainThread-23016653238464 parsl.executors.high_throughput.executor:175 _log DEBUG: Starting HighThroughputExecutor with provider:
LocalProvider(
    channel=LocalChannel(
        envs={}, 
        script_dir='/home/viralss2/nekRS-ML_MSR/examples/parsl_MSR_smartsim/runinfo/035/submit_scripts', 
        userhome='/home/viralss2/nekRS-ML_MSR/examples/parsl_MSR_smartsim'
    ), 
    cmd_timeout=30, 
    init_blocks=1, 
    launcher=SingleNodeLauncher(debug=True, fail_on_any=False), 
    max_blocks=1, 
    min_blocks=0, 
    move_files=None, 
    nodes_per_block=1, 
    parallelism=1, 
    worker_init='source /home/viralss2/ALCF_Hands_on_HPC_Workshop/workflows/parsl/launch_eg/set_run_env;\n                            cd /home/viralss2/nekRS-ML_MSR/examples/parsl_MSR_smartsim'
)
1724114091.146724 2024-08-20 00:34:51 MainProcess-2141987 MainThread-23016653238464 parsl.jobs.job_status_poller:175 _log DEBUG: Adding executor HighThroughputExecutor
1724114095.606360 2024-08-20 00:34:55 MainProcess-2141987 JobStatusPoller-Timer-Thread-23007878719440-23007878334208 parsl.executors.high_throughput.zmq_pipes:175 _log DEBUG: Sending command client command
1724114095.606620 2024-08-20 00:34:55 MainProcess-2141987 JobStatusPoller-Timer-Thread-23007878719440-23007878334208 parsl.executors.high_throughput.zmq_pipes:175 _log DEBUG: Receiving command client response
1724114095.607034 2024-08-20 00:34:55 MainProcess-2141987 JobStatusPoller-Timer-Thread-23007878719440-23007878334208 parsl.executors.high_throughput.zmq_pipes:175 _log DEBUG: Received command client response
1724114095.607123 2024-08-20 00:34:55 MainProcess-2141987 JobStatusPoller-Timer-Thread-23007878719440-23007878334208 parsl.jobs.strategy:175 _log DEBUG: general strategy starting with strategy_type simple for 1 executors
1724114095.607167 2024-08-20 00:34:55 MainProcess-2141987 JobStatusPoller-Timer-Thread-23007878719440-23007878334208 parsl.jobs.strategy:175 _log DEBUG: Strategizing for executor HighThroughputExecutor
1724114095.607205 2024-08-20 00:34:55 MainProcess-2141987 JobStatusPoller-Timer-Thread-23007878719440-23007878334208 parsl.jobs.strategy:175 _log DEBUG: Scaling out 1 initial blocks for HighThroughputExecutor
1724114095.607245 2024-08-20 00:34:55 MainProcess-2141987 JobStatusPoller-Timer-Thread-23007878719440-23007878334208 parsl.executors.status_handling:175 _log INFO: Scaling out by 1 blocks
1724114095.607285 2024-08-20 00:34:55 MainProcess-2141987 JobStatusPoller-Timer-Thread-23007878719440-23007878334208 parsl.executors.status_handling:175 _log INFO: Allocated block ID 0
1724114095.607326 2024-08-20 00:34:55 MainProcess-2141987 JobStatusPoller-Timer-Thread-23007878719440-23007878334208 parsl.executors.status_handling:175 _log DEBUG: Submitting to provider with job_name parsl.HighThroughputExecutor.block-0
1724114095.609689 2024-08-20 00:34:55 MainProcess-2141987 JobStatusPoller-Timer-Thread-23007878719440-23007878334208 parsl.providers.local.local:175 _log DEBUG: Launching
1724114095.609897 2024-08-20 00:34:55 MainProcess-2141987 JobStatusPoller-Timer-Thread-23007878719440-23007878334208 parsl.channels.local.local:175 _log DEBUG: Creating process with command '/bin/bash -c 'echo - >/home/viralss2/nekRS-ML_MSR/examples/parsl_MSR_smartsim/runinfo/035/submit_scripts/parsl.HighThroughputExecutor.block-0.1724114095.6074286.sh.ec && { { bash /home/viralss2/nekRS-ML_MSR/examples/parsl_MSR_smartsim/runinfo/035/submit_scripts/parsl.HighThroughputExecutor.block-0.1724114095.6074286.sh 1>/home/viralss2/nekRS-ML_MSR/examples/parsl_MSR_smartsim/runinfo/035/submit_scripts/parsl.HighThroughputExecutor.block-0.1724114095.6074286.sh.out 2>/home/viralss2/nekRS-ML_MSR/examples/parsl_MSR_smartsim/runinfo/035/submit_scripts/parsl.HighThroughputExecutor.block-0.1724114095.6074286.sh.err ; echo $? > /home/viralss2/nekRS-ML_MSR/examples/parsl_MSR_smartsim/runinfo/035/submit_scripts/parsl.HighThroughputExecutor.block-0.1724114095.6074286.sh.ec ; } >/dev/null 2>&1 & echo "PID:$!" ; }''
1724114095.623914 2024-08-20 00:34:55 MainProcess-2141987 JobStatusPoller-Timer-Thread-23007878719440-23007878334208 parsl.channels.local.local:175 _log DEBUG: Created process with pid 2142200. Performing communicate
1724114095.632738 2024-08-20 00:34:55 MainProcess-2141987 JobStatusPoller-Timer-Thread-23007878719440-23007878334208 parsl.channels.local.local:175 _log DEBUG: Process 2142200 returned 0
1724114095.632806 2024-08-20 00:34:55 MainProcess-2141987 JobStatusPoller-Timer-Thread-23007878719440-23007878334208 parsl.channels.local.local:175 _log DEBUG: Execution of command in process 2142200 completed normally
1724114095.632931 2024-08-20 00:34:55 MainProcess-2141987 JobStatusPoller-Timer-Thread-23007878719440-23007878334208 parsl.executors.status_handling:175 _log DEBUG: Launched block 0 on executor HighThroughputExecutor with job ID 2142201
1724114095.633013 2024-08-20 00:34:55 MainProcess-2141987 JobStatusPoller-Timer-Thread-23007878719440-23007878334208 parsl.executors.high_throughput.zmq_pipes:175 _log DEBUG: Sending command client command
1724114095.633084 2024-08-20 00:34:55 MainProcess-2141987 JobStatusPoller-Timer-Thread-23007878719440-23007878334208 parsl.executors.high_throughput.zmq_pipes:175 _log DEBUG: Receiving command client response
1724114095.633238 2024-08-20 00:34:55 MainProcess-2141987 JobStatusPoller-Timer-Thread-23007878719440-23007878334208 parsl.executors.high_throughput.zmq_pipes:175 _log DEBUG: Received command client response
1724114095.633298 2024-08-20 00:34:55 MainProcess-2141987 JobStatusPoller-Timer-Thread-23007878719440-23007878334208 parsl.jobs.strategy:175 _log DEBUG: Slot ratio calculation: active_slots = 1, active_tasks = 0
1724114095.633339 2024-08-20 00:34:55 MainProcess-2141987 JobStatusPoller-Timer-Thread-23007878719440-23007878334208 parsl.executors.high_throughput.zmq_pipes:175 _log DEBUG: Sending command client command
1724114095.633384 2024-08-20 00:34:55 MainProcess-2141987 JobStatusPoller-Timer-Thread-23007878719440-23007878334208 parsl.executors.high_throughput.zmq_pipes:175 _log DEBUG: Receiving command client response
1724114095.633463 2024-08-20 00:34:55 MainProcess-2141987 JobStatusPoller-Timer-Thread-23007878719440-23007878334208 parsl.executors.high_throughput.zmq_pipes:175 _log DEBUG: Received command client response
1724114095.633505 2024-08-20 00:34:55 MainProcess-2141987 JobStatusPoller-Timer-Thread-23007878719440-23007878334208 parsl.executors.high_throughput.zmq_pipes:175 _log DEBUG: Sending command client command
1724114095.633548 2024-08-20 00:34:55 MainProcess-2141987 JobStatusPoller-Timer-Thread-23007878719440-23007878334208 parsl.executors.high_throughput.zmq_pipes:175 _log DEBUG: Receiving command client response
1724114095.633615 2024-08-20 00:34:55 MainProcess-2141987 JobStatusPoller-Timer-Thread-23007878719440-23007878334208 parsl.executors.high_throughput.zmq_pipes:175 _log DEBUG: Received command client response
1724114095.633659 2024-08-20 00:34:55 MainProcess-2141987 JobStatusPoller-Timer-Thread-23007878719440-23007878334208 parsl.jobs.strategy:175 _log DEBUG: Executor HighThroughputExecutor has 0 active tasks, 0/1 running/pending blocks, and 0 connected workers
1724114095.633693 2024-08-20 00:34:55 MainProcess-2141987 JobStatusPoller-Timer-Thread-23007878719440-23007878334208 parsl.jobs.strategy:175 _log DEBUG: Strategy case 1: Executor has no active tasks
1724114095.633727 2024-08-20 00:34:55 MainProcess-2141987 JobStatusPoller-Timer-Thread-23007878719440-23007878334208 parsl.jobs.strategy:175 _log DEBUG: Strategy case 1b: Executor has no active tasks, and more (1) than minimum blocks (0)
1724114095.633762 2024-08-20 00:34:55 MainProcess-2141987 JobStatusPoller-Timer-Thread-23007878719440-23007878334208 parsl.jobs.strategy:175 _log DEBUG: Starting idle timer for executor. If idle time exceeds 120.0s, blocks will be scaled in
1724114095.633806 2024-08-20 00:34:55 MainProcess-2141987 JobStatusPoller-Timer-Thread-23007878719440-23007878334208 parsl.jobs.strategy:175 _log DEBUG: Idle time 7.152557373046875e-07s is less than max_idletime 120.0s for executor HighThroughputExecutor; not scaling in
1724114095.633853 2024-08-20 00:34:55 MainProcess-2141987 JobStatusPoller-Timer-Thread-23007878719440-23007878334208 parsl.process_loggers:175 _log DEBUG: Normal ending for _general_strategy on thread JobStatusPoller-Timer-Thread-23007878719440
1724114100.634278 2024-08-20 00:35:00 MainProcess-2141987 JobStatusPoller-Timer-Thread-23007878719440-23007878334208 parsl.channels.local.local:175 _log DEBUG: Creating process with command 'ps -p 2142201 > /dev/null 2> /dev/null; echo "STATUS:$?" '
1724114100.642529 2024-08-20 00:35:00 MainProcess-2141987 JobStatusPoller-Timer-Thread-23007878719440-23007878334208 parsl.channels.local.local:175 _log DEBUG: Created process with pid 2142343. Performing communicate
1724114100.705150 2024-08-20 00:35:00 MainProcess-2141987 JobStatusPoller-Timer-Thread-23007878719440-23007878334208 parsl.channels.local.local:175 _log DEBUG: Process 2142343 returned 0
1724114100.705313 2024-08-20 00:35:00 MainProcess-2141987 JobStatusPoller-Timer-Thread-23007878719440-23007878334208 parsl.channels.local.local:175 _log DEBUG: Execution of command in process 2142343 completed normally
1724114100.706515 2024-08-20 00:35:00 MainProcess-2141987 JobStatusPoller-Timer-Thread-23007878719440-23007878334208 parsl.executors.high_throughput.zmq_pipes:175 _log DEBUG: Sending command client command
1724114100.706631 2024-08-20 00:35:00 MainProcess-2141987 JobStatusPoller-Timer-Thread-23007878719440-23007878334208 parsl.executors.high_throughput.zmq_pipes:175 _log DEBUG: Receiving command client response
1724114100.706990 2024-08-20 00:35:00 MainProcess-2141987 JobStatusPoller-Timer-Thread-23007878719440-23007878334208 parsl.executors.high_throughput.zmq_pipes:175 _log DEBUG: Received command client response
1724114100.707127 2024-08-20 00:35:00 MainProcess-2141987 JobStatusPoller-Timer-Thread-23007878719440-23007878334208 parsl.jobs.strategy:175 _log DEBUG: general strategy starting with strategy_type simple for 1 executors
1724114100.707174 2024-08-20 00:35:00 MainProcess-2141987 JobStatusPoller-Timer-Thread-23007878719440-23007878334208 parsl.jobs.strategy:175 _log DEBUG: Strategizing for executor HighThroughputExecutor
1724114100.707218 2024-08-20 00:35:00 MainProcess-2141987 JobStatusPoller-Timer-Thread-23007878719440-23007878334208 parsl.executors.high_throughput.zmq_pipes:175 _log DEBUG: Sending command client command
1724114100.707267 2024-08-20 00:35:00 MainProcess-2141987 JobStatusPoller-Timer-Thread-23007878719440-23007878334208 parsl.executors.high_throughput.zmq_pipes:175 _log DEBUG: Receiving command client response
1724114100.707515 2024-08-20 00:35:00 MainProcess-2141987 JobStatusPoller-Timer-Thread-23007878719440-23007878334208 parsl.executors.high_throughput.zmq_pipes:175 _log DEBUG: Received command client response
1724114100.707589 2024-08-20 00:35:00 MainProcess-2141987 JobStatusPoller-Timer-Thread-23007878719440-23007878334208 parsl.jobs.strategy:175 _log DEBUG: Slot ratio calculation: active_slots = 1, active_tasks = 0
1724114100.707639 2024-08-20 00:35:00 MainProcess-2141987 JobStatusPoller-Timer-Thread-23007878719440-23007878334208 parsl.executors.high_throughput.zmq_pipes:175 _log DEBUG: Sending command client command
1724114100.707698 2024-08-20 00:35:00 MainProcess-2141987 JobStatusPoller-Timer-Thread-23007878719440-23007878334208 parsl.executors.high_throughput.zmq_pipes:175 _log DEBUG: Receiving command client response
1724114100.707838 2024-08-20 00:35:00 MainProcess-2141987 JobStatusPoller-Timer-Thread-23007878719440-23007878334208 parsl.executors.high_throughput.zmq_pipes:175 _log DEBUG: Received command client response
1724114100.707903 2024-08-20 00:35:00 MainProcess-2141987 JobStatusPoller-Timer-Thread-23007878719440-23007878334208 parsl.executors.high_throughput.zmq_pipes:175 _log DEBUG: Sending command client command
1724114100.707958 2024-08-20 00:35:00 MainProcess-2141987 JobStatusPoller-Timer-Thread-23007878719440-23007878334208 parsl.executors.high_throughput.zmq_pipes:175 _log DEBUG: Receiving command client response
1724114100.708094 2024-08-20 00:35:00 MainProcess-2141987 JobStatusPoller-Timer-Thread-23007878719440-23007878334208 parsl.executors.high_throughput.zmq_pipes:175 _log DEBUG: Received command client response
1724114100.708156 2024-08-20 00:35:00 MainProcess-2141987 JobStatusPoller-Timer-Thread-23007878719440-23007878334208 parsl.jobs.strategy:175 _log DEBUG: Executor HighThroughputExecutor has 0 active tasks, 1/0 running/pending blocks, and 1 connected workers
1724114100.708219 2024-08-20 00:35:00 MainProcess-2141987 JobStatusPoller-Timer-Thread-23007878719440-23007878334208 parsl.jobs.strategy:175 _log DEBUG: Strategy case 1: Executor has no active tasks
1724114100.708261 2024-08-20 00:35:00 MainProcess-2141987 JobStatusPoller-Timer-Thread-23007878719440-23007878334208 parsl.jobs.strategy:175 _log DEBUG: Strategy case 1b: Executor has no active tasks, and more (1) than minimum blocks (0)
1724114100.708304 2024-08-20 00:35:00 MainProcess-2141987 JobStatusPoller-Timer-Thread-23007878719440-23007878334208 parsl.jobs.strategy:175 _log DEBUG: Idle time 5.07450008392334s is less than max_idletime 120.0s for executor HighThroughputExecutor; not scaling in
1724114100.708342 2024-08-20 00:35:00 MainProcess-2141987 JobStatusPoller-Timer-Thread-23007878719440-23007878334208 parsl.process_loggers:175 _log DEBUG: Normal ending for _general_strategy on thread JobStatusPoller-Timer-Thread-23007878719440
1724114101.382544 2024-08-20 00:35:01 MainProcess-2141987 MainThread-23016653238464 parsl.dataflow.dflow:175 _log DEBUG: Task 0 will be sent to executor HighThroughputExecutor
1724114101.382690 2024-08-20 00:35:01 MainProcess-2141987 MainThread-23016653238464 parsl.dataflow.dflow:175 _log DEBUG: Adding output dependencies
1724114101.382740 2024-08-20 00:35:01 MainProcess-2141987 MainThread-23016653238464 parsl.dataflow.dflow:175 _log DEBUG: Added output dependencies
1724114101.382781 2024-08-20 00:35:01 MainProcess-2141987 MainThread-23016653238464 parsl.dataflow.dflow:175 _log DEBUG: Gathering dependencies
1724114101.382897 2024-08-20 00:35:01 MainProcess-2141987 MainThread-23016653238464 parsl.dataflow.dflow:175 _log DEBUG: Gathered dependencies
1724114101.382944 2024-08-20 00:35:01 MainProcess-2141987 MainThread-23016653238464 parsl.dataflow.dflow:175 _log INFO: Task 0 submitted for App hello_affinity, not waiting on any dependency
1724114101.383008 2024-08-20 00:35:01 MainProcess-2141987 MainThread-23016653238464 parsl.dataflow.dflow:175 _log DEBUG: Task 0 set to pending state with AppFuture: <AppFuture at 0x14ecf2ae6010 state=pending>
1724114101.383369 2024-08-20 00:35:01 MainProcess-2141987 Dependency-Launch_0-23008967894784 parsl.dataflow.memoization:175 _log DEBUG: Task 0 will not be memoized
1724114101.383566 2024-08-20 00:35:01 MainProcess-2141987 Dependency-Launch_0-23008967894784 parsl.executors.high_throughput.executor:175 _log DEBUG: Pushing function <function hello_affinity at 0x14ecf0721ee0> to queue with args ("Namespace(sim_nodes=1, db_nodes=1, simprocs_pn=4, simprocs=4, sim_cpu_bind='numa', sim_arguments='--...", "'pals'", "'10.201.0.169:6780'")
1724114101.385175 2024-08-20 00:35:01 MainProcess-2141987 Dependency-Launch_0-23008967894784 parsl.executors.high_throughput.zmq_pipes:175 _log DEBUG: Sending TasksOutgoing message
1724114101.385261 2024-08-20 00:35:01 MainProcess-2141987 Dependency-Launch_0-23008967894784 parsl.executors.high_throughput.zmq_pipes:175 _log DEBUG: Sent TasksOutgoing message
1724114101.385321 2024-08-20 00:35:01 MainProcess-2141987 Dependency-Launch_0-23008967894784 parsl.dataflow.dflow:175 _log INFO: Parsl task 0 try 0 launched on executor HighThroughputExecutor with executor id 1
1724114101.385373 2024-08-20 00:35:01 MainProcess-2141987 Dependency-Launch_0-23008967894784 parsl.dataflow.dflow:175 _log INFO: Standard out for task 0 will not be redirected.
1724114101.385412 2024-08-20 00:35:01 MainProcess-2141987 Dependency-Launch_0-23008967894784 parsl.dataflow.dflow:175 _log INFO: Standard error for task 0 will not be redirected.
1724114101.385456 2024-08-20 00:35:01 MainProcess-2141987 Dependency-Launch_0-23008967894784 parsl.process_loggers:175 _log DEBUG: Normal ending for _launch_if_ready_async on thread Dependency-Launch_0
1724114102.016234 2024-08-20 00:35:02 MainProcess-2141987 HTEX-Result-Queue-Thread-23007795853056 parsl.executors.high_throughput.zmq_pipes:175 _log DEBUG: Received ResultsIncoming message
1724114102.016441 2024-08-20 00:35:02 MainProcess-2141987 HTEX-Result-Queue-Thread-23007795853056 parsl.dataflow.dflow:175 _log INFO: Task 0 completed (launched -> exec_done)
1724114102.016587 2024-08-20 00:35:02 MainProcess-2141987 HTEX-Result-Queue-Thread-23007795853056 parsl.dataflow.dflow:175 _log INFO: Standard out for task 0 will not be redirected.
1724114102.017354 2024-08-20 00:35:02 MainProcess-2141987 HTEX-Result-Queue-Thread-23007795853056 parsl.dataflow.dflow:175 _log INFO: Standard error for task 0 will not be redirected.
1724114102.017519 2024-08-20 00:35:02 MainProcess-2141987 HTEX-Result-Queue-Thread-23007795853056 parsl.executors.high_throughput.zmq_pipes:175 _log DEBUG: Waiting for ResultsIncoming message
1724114102.056606 2024-08-20 00:35:02 MainProcess-2141987 MainThread-23016653238464 parsl.dataflow.dflow:175 _log WARNING: Python is exiting with a DFK still running. You should call parsl.dfk().cleanup() before exiting to release any resources
