1724113117.301076 2024-08-20 00:18:37 MainProcess-2133201 MainThread-22361695830208 parsl.dataflow.dflow:175 _log INFO: Starting DataFlowKernel with config
Config(
    app_cache=True, 
    checkpoint_files=None, 
    checkpoint_mode=None, 
    checkpoint_period=None, 
    dependency_resolver=None, 
    executors=(HighThroughputExecutor(
        address='10.140.56.174', 
        address_probe_timeout=None, 
        available_accelerators=['0,1,2,3'], 
        block_error_handler=<function simple_error_handler at 0x145471ff2a20>, 
        cores_per_worker=1.0, 
        cpu_affinity='block-reverse', 
        drain_period=None, 
        enable_mpi_mode=False, 
        encrypted=False, 
        heartbeat_period=30, 
        heartbeat_threshold=120, 
        interchange_launch_cmd=['interchange.py'], 
        interchange_port_range=(55000, 56000), 
        label='HighThroughputExecutor', 
        launch_cmd='process_worker_pool.py {debug} {max_workers_per_node} -a {addresses} -p {prefetch_capacity} -c {cores_per_worker} -m {mem_per_worker} --poll {poll_period} --task_port={task_port} --result_port={result_port} --cert_dir {cert_dir} --logdir={logdir} --block_id={{block_id}} --hb_period={heartbeat_period} {address_probe_timeout_string} --hb_threshold={heartbeat_threshold} --drain_period={drain_period} --cpu-affinity {cpu_affinity} {enable_mpi_mode} --mpi-launcher={mpi_launcher} --available-accelerators {accelerators}', 
        manager_selector=<parsl.executors.high_throughput.manager_selector.RandomManagerSelector object at 0x145471ffe6d0>, 
        max_workers=inf, 
        max_workers_per_node=inf, 
        mem_per_worker=None, 
        mpi_launcher='mpiexec', 
        poll_period=10, 
        prefetch_capacity=0, 
        provider=LocalProvider(
            channel=LocalChannel(
                envs={}, 
                script_dir=None, 
                userhome='/home/viralss2/nekRS-ML_MSR/examples/parsl_MSR_smartsim'
            ), 
            cmd_timeout=30, 
            init_blocks=1, 
            launcher=SingleNodeLauncher(debug=True, fail_on_any=False), 
            max_blocks=1, 
            min_blocks=0, 
            move_files=None, 
            nodes_per_block=1, 
            parallelism=1, 
            worker_init='source /home/viralss2/ALCF_Hands_on_HPC_Workshop/workflows/parsl/launch_eg/set_run_env;\n                            cd /home/viralss2/nekRS-ML_MSR/examples/parsl_MSR_smartsim'
        ), 
        storage_access=None, 
        worker_debug=False, 
        worker_logdir_root=None, 
        worker_port_range=(54000, 55000), 
        worker_ports=None, 
        working_dir=None
    ),), 
    exit_mode='cleanup', 
    garbage_collect=True, 
    initialize_logging=True, 
    internal_tasks_max_threads=10, 
    max_idletime=120.0, 
    monitoring=None, 
    retries=1, 
    retry_handler=None, 
    run_dir='runinfo', 
    std_autopath=None, 
    strategy='simple', 
    strategy_period=5, 
    usage_tracking=0
)
1724113117.302320 2024-08-20 00:18:37 MainProcess-2133201 MainThread-22361695830208 parsl.dataflow.dflow:175 _log INFO: Parsl version: 2024.08.05
1724113117.302427 2024-08-20 00:18:37 MainProcess-2133201 MainThread-22361695830208 parsl.usage_tracking.usage:175 _log DEBUG: Tracking level: 0
1724113117.302517 2024-08-20 00:18:37 MainProcess-2133201 MainThread-22361695830208 parsl.dataflow.dflow:175 _log INFO: Run id is: 15bcb362-3bf3-45d1-ae1c-38168d4d3b0d
1724113117.407153 2024-08-20 00:18:37 MainProcess-2133201 MainThread-22361695830208 parsl.dataflow.dflow:175 _log DEBUG: Considering candidate for workflow name: /home/viralss2/SSML/lib/python3.11/site-packages/parsl/dataflow/dflow.py
1724113117.407216 2024-08-20 00:18:37 MainProcess-2133201 MainThread-22361695830208 parsl.dataflow.dflow:175 _log DEBUG: Considering candidate for workflow name: /soft/applications/conda/2024-04-29/mconda3/lib/python3.11/site-packages/typeguard/__init__.py
1724113117.407264 2024-08-20 00:18:37 MainProcess-2133201 MainThread-22361695830208 parsl.dataflow.dflow:175 _log DEBUG: Considering candidate for workflow name: /home/viralss2/SSML/lib/python3.11/site-packages/parsl/dataflow/dflow.py
1724113117.407327 2024-08-20 00:18:37 MainProcess-2133201 MainThread-22361695830208 parsl.dataflow.dflow:175 _log DEBUG: Considering candidate for workflow name: /soft/applications/conda/2024-04-29/mconda3/lib/python3.11/site-packages/typeguard/__init__.py
1724113117.407384 2024-08-20 00:18:37 MainProcess-2133201 MainThread-22361695830208 parsl.dataflow.dflow:175 _log DEBUG: Considering candidate for workflow name: /home/viralss2/nekRS-ML_MSR/examples/parsl_MSR_smartsim/ssim_driver_polaris.py
1724113117.407423 2024-08-20 00:18:37 MainProcess-2133201 MainThread-22361695830208 parsl.dataflow.dflow:175 _log DEBUG: Using ssim_driver_polaris.py as workflow name
1724113117.407541 2024-08-20 00:18:37 MainProcess-2133201 MainThread-22361695830208 parsl.dataflow.memoization:175 _log INFO: App caching initialized
1724113117.407594 2024-08-20 00:18:37 MainProcess-2133201 MainThread-22361695830208 parsl.jobs.strategy:175 _log DEBUG: Scaling strategy: simple
1724113117.411674 2024-08-20 00:18:37 MainProcess-2133201 MainThread-22361695830208 parsl.executors.high_throughput.executor:175 _log DEBUG: Starting result queue thread
1724113117.411914 2024-08-20 00:18:37 MainProcess-2133201 HTEX-Result-Queue-Thread-22352906221312 parsl.executors.high_throughput.executor:175 _log DEBUG: Result queue worker starting
1724113117.411999 2024-08-20 00:18:37 MainProcess-2133201 MainThread-22361695830208 parsl.executors.high_throughput.executor:175 _log DEBUG: Started result queue thread
1724113117.412049 2024-08-20 00:18:37 MainProcess-2133201 HTEX-Result-Queue-Thread-22352906221312 parsl.executors.high_throughput.zmq_pipes:175 _log DEBUG: Waiting for ResultsIncoming message
1724113117.413221 2024-08-20 00:18:37 MainProcess-2133201 MainThread-22361695830208 parsl.executors.high_throughput.executor:175 _log DEBUG: Popened interchange process. Writing config object
1724113117.413285 2024-08-20 00:18:37 MainProcess-2133201 MainThread-22361695830208 parsl.executors.high_throughput.executor:175 _log DEBUG: Sent config object. Requesting worker ports
1724113117.413327 2024-08-20 00:18:37 MainProcess-2133201 MainThread-22361695830208 parsl.executors.high_throughput.zmq_pipes:175 _log DEBUG: Sending command client command
1724113117.926752 2024-08-20 00:18:37 MainProcess-2133201 MainThread-22361695830208 parsl.executors.high_throughput.zmq_pipes:175 _log DEBUG: Polling for command client response or timeout
1724113117.928308 2024-08-20 00:18:37 MainProcess-2133201 MainThread-22361695830208 parsl.executors.high_throughput.zmq_pipes:175 _log DEBUG: Receiving command client response
1724113117.928378 2024-08-20 00:18:37 MainProcess-2133201 MainThread-22361695830208 parsl.executors.high_throughput.zmq_pipes:175 _log DEBUG: Received command client response
1724113117.928437 2024-08-20 00:18:37 MainProcess-2133201 MainThread-22361695830208 parsl.executors.high_throughput.executor:175 _log DEBUG: Got worker ports
1724113117.928509 2024-08-20 00:18:37 MainProcess-2133201 MainThread-22361695830208 parsl.executors.high_throughput.executor:175 _log DEBUG: Created result queue thread: <Thread(HTEX-Result-Queue-Thread, started daemon 22352906221312)>
1724113117.928874 2024-08-20 00:18:37 MainProcess-2133201 MainThread-22361695830208 parsl.executors.high_throughput.executor:175 _log DEBUG: Launch command: process_worker_pool.py   -a 10.140.56.174 -p 0 -c 1.0 -m None --poll 10 --task_port=54414 --result_port=54633 --cert_dir None --logdir=/home/viralss2/nekRS-ML_MSR/examples/parsl_MSR_smartsim/runinfo/020/HighThroughputExecutor --block_id={block_id} --hb_period=30  --hb_threshold=120 --drain_period=None --cpu-affinity block-reverse  --mpi-launcher=mpiexec --available-accelerators 0,1,2,3
1724113117.928951 2024-08-20 00:18:37 MainProcess-2133201 MainThread-22361695830208 parsl.executors.high_throughput.executor:175 _log DEBUG: Starting HighThroughputExecutor with provider:
LocalProvider(
    channel=LocalChannel(
        envs={}, 
        script_dir='/home/viralss2/nekRS-ML_MSR/examples/parsl_MSR_smartsim/runinfo/020/submit_scripts', 
        userhome='/home/viralss2/nekRS-ML_MSR/examples/parsl_MSR_smartsim'
    ), 
    cmd_timeout=30, 
    init_blocks=1, 
    launcher=SingleNodeLauncher(debug=True, fail_on_any=False), 
    max_blocks=1, 
    min_blocks=0, 
    move_files=None, 
    nodes_per_block=1, 
    parallelism=1, 
    worker_init='source /home/viralss2/ALCF_Hands_on_HPC_Workshop/workflows/parsl/launch_eg/set_run_env;\n                            cd /home/viralss2/nekRS-ML_MSR/examples/parsl_MSR_smartsim'
)
1724113117.929467 2024-08-20 00:18:37 MainProcess-2133201 MainThread-22361695830208 parsl.jobs.job_status_poller:175 _log DEBUG: Adding executor HighThroughputExecutor
1724113122.407993 2024-08-20 00:18:42 MainProcess-2133201 JobStatusPoller-Timer-Thread-22352921209680-22352920930048 parsl.executors.high_throughput.zmq_pipes:175 _log DEBUG: Sending command client command
1724113122.408271 2024-08-20 00:18:42 MainProcess-2133201 JobStatusPoller-Timer-Thread-22352921209680-22352920930048 parsl.executors.high_throughput.zmq_pipes:175 _log DEBUG: Receiving command client response
1724113122.408690 2024-08-20 00:18:42 MainProcess-2133201 JobStatusPoller-Timer-Thread-22352921209680-22352920930048 parsl.executors.high_throughput.zmq_pipes:175 _log DEBUG: Received command client response
1724113122.408868 2024-08-20 00:18:42 MainProcess-2133201 JobStatusPoller-Timer-Thread-22352921209680-22352920930048 parsl.jobs.strategy:175 _log DEBUG: general strategy starting with strategy_type simple for 1 executors
1724113122.408939 2024-08-20 00:18:42 MainProcess-2133201 JobStatusPoller-Timer-Thread-22352921209680-22352920930048 parsl.jobs.strategy:175 _log DEBUG: Strategizing for executor HighThroughputExecutor
1724113122.408986 2024-08-20 00:18:42 MainProcess-2133201 JobStatusPoller-Timer-Thread-22352921209680-22352920930048 parsl.jobs.strategy:175 _log DEBUG: Scaling out 1 initial blocks for HighThroughputExecutor
1724113122.409025 2024-08-20 00:18:42 MainProcess-2133201 JobStatusPoller-Timer-Thread-22352921209680-22352920930048 parsl.executors.status_handling:175 _log INFO: Scaling out by 1 blocks
1724113122.409065 2024-08-20 00:18:42 MainProcess-2133201 JobStatusPoller-Timer-Thread-22352921209680-22352920930048 parsl.executors.status_handling:175 _log INFO: Allocated block ID 0
1724113122.409105 2024-08-20 00:18:42 MainProcess-2133201 JobStatusPoller-Timer-Thread-22352921209680-22352920930048 parsl.executors.status_handling:175 _log DEBUG: Submitting to provider with job_name parsl.HighThroughputExecutor.block-0
1724113122.412041 2024-08-20 00:18:42 MainProcess-2133201 JobStatusPoller-Timer-Thread-22352921209680-22352920930048 parsl.providers.local.local:175 _log DEBUG: Launching
1724113122.412254 2024-08-20 00:18:42 MainProcess-2133201 JobStatusPoller-Timer-Thread-22352921209680-22352920930048 parsl.channels.local.local:175 _log DEBUG: Creating process with command '/bin/bash -c 'echo - >/home/viralss2/nekRS-ML_MSR/examples/parsl_MSR_smartsim/runinfo/020/submit_scripts/parsl.HighThroughputExecutor.block-0.1724113122.4092143.sh.ec && { { bash /home/viralss2/nekRS-ML_MSR/examples/parsl_MSR_smartsim/runinfo/020/submit_scripts/parsl.HighThroughputExecutor.block-0.1724113122.4092143.sh 1>/home/viralss2/nekRS-ML_MSR/examples/parsl_MSR_smartsim/runinfo/020/submit_scripts/parsl.HighThroughputExecutor.block-0.1724113122.4092143.sh.out 2>/home/viralss2/nekRS-ML_MSR/examples/parsl_MSR_smartsim/runinfo/020/submit_scripts/parsl.HighThroughputExecutor.block-0.1724113122.4092143.sh.err ; echo $? > /home/viralss2/nekRS-ML_MSR/examples/parsl_MSR_smartsim/runinfo/020/submit_scripts/parsl.HighThroughputExecutor.block-0.1724113122.4092143.sh.ec ; } >/dev/null 2>&1 & echo "PID:$!" ; }''
1724113122.425688 2024-08-20 00:18:42 MainProcess-2133201 JobStatusPoller-Timer-Thread-22352921209680-22352920930048 parsl.channels.local.local:175 _log DEBUG: Created process with pid 2133482. Performing communicate
1724113122.433891 2024-08-20 00:18:42 MainProcess-2133201 JobStatusPoller-Timer-Thread-22352921209680-22352920930048 parsl.channels.local.local:175 _log DEBUG: Process 2133482 returned 0
1724113122.434005 2024-08-20 00:18:42 MainProcess-2133201 JobStatusPoller-Timer-Thread-22352921209680-22352920930048 parsl.channels.local.local:175 _log DEBUG: Execution of command in process 2133482 completed normally
1724113122.434135 2024-08-20 00:18:42 MainProcess-2133201 JobStatusPoller-Timer-Thread-22352921209680-22352920930048 parsl.executors.status_handling:175 _log DEBUG: Launched block 0 on executor HighThroughputExecutor with job ID 2133483
1724113122.434245 2024-08-20 00:18:42 MainProcess-2133201 JobStatusPoller-Timer-Thread-22352921209680-22352920930048 parsl.executors.high_throughput.zmq_pipes:175 _log DEBUG: Sending command client command
1724113122.434333 2024-08-20 00:18:42 MainProcess-2133201 JobStatusPoller-Timer-Thread-22352921209680-22352920930048 parsl.executors.high_throughput.zmq_pipes:175 _log DEBUG: Receiving command client response
1724113122.434470 2024-08-20 00:18:42 MainProcess-2133201 JobStatusPoller-Timer-Thread-22352921209680-22352920930048 parsl.executors.high_throughput.zmq_pipes:175 _log DEBUG: Received command client response
1724113122.434534 2024-08-20 00:18:42 MainProcess-2133201 JobStatusPoller-Timer-Thread-22352921209680-22352920930048 parsl.jobs.strategy:175 _log DEBUG: Slot ratio calculation: active_slots = 1, active_tasks = 0
1724113122.434575 2024-08-20 00:18:42 MainProcess-2133201 JobStatusPoller-Timer-Thread-22352921209680-22352920930048 parsl.executors.high_throughput.zmq_pipes:175 _log DEBUG: Sending command client command
1724113122.434621 2024-08-20 00:18:42 MainProcess-2133201 JobStatusPoller-Timer-Thread-22352921209680-22352920930048 parsl.executors.high_throughput.zmq_pipes:175 _log DEBUG: Receiving command client response
1724113122.434705 2024-08-20 00:18:42 MainProcess-2133201 JobStatusPoller-Timer-Thread-22352921209680-22352920930048 parsl.executors.high_throughput.zmq_pipes:175 _log DEBUG: Received command client response
1724113122.434752 2024-08-20 00:18:42 MainProcess-2133201 JobStatusPoller-Timer-Thread-22352921209680-22352920930048 parsl.executors.high_throughput.zmq_pipes:175 _log DEBUG: Sending command client command
1724113122.434798 2024-08-20 00:18:42 MainProcess-2133201 JobStatusPoller-Timer-Thread-22352921209680-22352920930048 parsl.executors.high_throughput.zmq_pipes:175 _log DEBUG: Receiving command client response
1724113122.434877 2024-08-20 00:18:42 MainProcess-2133201 JobStatusPoller-Timer-Thread-22352921209680-22352920930048 parsl.executors.high_throughput.zmq_pipes:175 _log DEBUG: Received command client response
1724113122.434922 2024-08-20 00:18:42 MainProcess-2133201 JobStatusPoller-Timer-Thread-22352921209680-22352920930048 parsl.jobs.strategy:175 _log DEBUG: Executor HighThroughputExecutor has 0 active tasks, 0/1 running/pending blocks, and 0 connected workers
1724113122.434957 2024-08-20 00:18:42 MainProcess-2133201 JobStatusPoller-Timer-Thread-22352921209680-22352920930048 parsl.jobs.strategy:175 _log DEBUG: Strategy case 1: Executor has no active tasks
1724113122.434992 2024-08-20 00:18:42 MainProcess-2133201 JobStatusPoller-Timer-Thread-22352921209680-22352920930048 parsl.jobs.strategy:175 _log DEBUG: Strategy case 1b: Executor has no active tasks, and more (1) than minimum blocks (0)
1724113122.435030 2024-08-20 00:18:42 MainProcess-2133201 JobStatusPoller-Timer-Thread-22352921209680-22352920930048 parsl.jobs.strategy:175 _log DEBUG: Starting idle timer for executor. If idle time exceeds 120.0s, blocks will be scaled in
1724113122.435078 2024-08-20 00:18:42 MainProcess-2133201 JobStatusPoller-Timer-Thread-22352921209680-22352920930048 parsl.jobs.strategy:175 _log DEBUG: Idle time 7.152557373046875e-07s is less than max_idletime 120.0s for executor HighThroughputExecutor; not scaling in
1724113122.435127 2024-08-20 00:18:42 MainProcess-2133201 JobStatusPoller-Timer-Thread-22352921209680-22352920930048 parsl.process_loggers:175 _log DEBUG: Normal ending for _general_strategy on thread JobStatusPoller-Timer-Thread-22352921209680
1724113127.435517 2024-08-20 00:18:47 MainProcess-2133201 JobStatusPoller-Timer-Thread-22352921209680-22352920930048 parsl.channels.local.local:175 _log DEBUG: Creating process with command 'ps -p 2133483 > /dev/null 2> /dev/null; echo "STATUS:$?" '
1724113127.443680 2024-08-20 00:18:47 MainProcess-2133201 JobStatusPoller-Timer-Thread-22352921209680-22352920930048 parsl.channels.local.local:175 _log DEBUG: Created process with pid 2133625. Performing communicate
1724113127.500372 2024-08-20 00:18:47 MainProcess-2133201 JobStatusPoller-Timer-Thread-22352921209680-22352920930048 parsl.channels.local.local:175 _log DEBUG: Process 2133625 returned 0
1724113127.500471 2024-08-20 00:18:47 MainProcess-2133201 JobStatusPoller-Timer-Thread-22352921209680-22352920930048 parsl.channels.local.local:175 _log DEBUG: Execution of command in process 2133625 completed normally
1724113127.501343 2024-08-20 00:18:47 MainProcess-2133201 JobStatusPoller-Timer-Thread-22352921209680-22352920930048 parsl.executors.high_throughput.zmq_pipes:175 _log DEBUG: Sending command client command
1724113127.501469 2024-08-20 00:18:47 MainProcess-2133201 JobStatusPoller-Timer-Thread-22352921209680-22352920930048 parsl.executors.high_throughput.zmq_pipes:175 _log DEBUG: Receiving command client response
1724113127.501723 2024-08-20 00:18:47 MainProcess-2133201 JobStatusPoller-Timer-Thread-22352921209680-22352920930048 parsl.executors.high_throughput.zmq_pipes:175 _log DEBUG: Received command client response
1724113127.501857 2024-08-20 00:18:47 MainProcess-2133201 JobStatusPoller-Timer-Thread-22352921209680-22352920930048 parsl.jobs.strategy:175 _log DEBUG: general strategy starting with strategy_type simple for 1 executors
1724113127.501904 2024-08-20 00:18:47 MainProcess-2133201 JobStatusPoller-Timer-Thread-22352921209680-22352920930048 parsl.jobs.strategy:175 _log DEBUG: Strategizing for executor HighThroughputExecutor
1724113127.501946 2024-08-20 00:18:47 MainProcess-2133201 JobStatusPoller-Timer-Thread-22352921209680-22352920930048 parsl.executors.high_throughput.zmq_pipes:175 _log DEBUG: Sending command client command
1724113127.501993 2024-08-20 00:18:47 MainProcess-2133201 JobStatusPoller-Timer-Thread-22352921209680-22352920930048 parsl.executors.high_throughput.zmq_pipes:175 _log DEBUG: Receiving command client response
1724113127.502176 2024-08-20 00:18:47 MainProcess-2133201 JobStatusPoller-Timer-Thread-22352921209680-22352920930048 parsl.executors.high_throughput.zmq_pipes:175 _log DEBUG: Received command client response
1724113127.502249 2024-08-20 00:18:47 MainProcess-2133201 JobStatusPoller-Timer-Thread-22352921209680-22352920930048 parsl.jobs.strategy:175 _log DEBUG: Slot ratio calculation: active_slots = 1, active_tasks = 0
1724113127.502295 2024-08-20 00:18:47 MainProcess-2133201 JobStatusPoller-Timer-Thread-22352921209680-22352920930048 parsl.executors.high_throughput.zmq_pipes:175 _log DEBUG: Sending command client command
1724113127.502350 2024-08-20 00:18:47 MainProcess-2133201 JobStatusPoller-Timer-Thread-22352921209680-22352920930048 parsl.executors.high_throughput.zmq_pipes:175 _log DEBUG: Receiving command client response
1724113127.502512 2024-08-20 00:18:47 MainProcess-2133201 JobStatusPoller-Timer-Thread-22352921209680-22352920930048 parsl.executors.high_throughput.zmq_pipes:175 _log DEBUG: Received command client response
1724113127.502575 2024-08-20 00:18:47 MainProcess-2133201 JobStatusPoller-Timer-Thread-22352921209680-22352920930048 parsl.executors.high_throughput.zmq_pipes:175 _log DEBUG: Sending command client command
1724113127.502629 2024-08-20 00:18:47 MainProcess-2133201 JobStatusPoller-Timer-Thread-22352921209680-22352920930048 parsl.executors.high_throughput.zmq_pipes:175 _log DEBUG: Receiving command client response
1724113127.502768 2024-08-20 00:18:47 MainProcess-2133201 JobStatusPoller-Timer-Thread-22352921209680-22352920930048 parsl.executors.high_throughput.zmq_pipes:175 _log DEBUG: Received command client response
1724113127.502827 2024-08-20 00:18:47 MainProcess-2133201 JobStatusPoller-Timer-Thread-22352921209680-22352920930048 parsl.jobs.strategy:175 _log DEBUG: Executor HighThroughputExecutor has 0 active tasks, 1/0 running/pending blocks, and 1 connected workers
1724113127.502884 2024-08-20 00:18:47 MainProcess-2133201 JobStatusPoller-Timer-Thread-22352921209680-22352920930048 parsl.jobs.strategy:175 _log DEBUG: Strategy case 1: Executor has no active tasks
1724113127.502925 2024-08-20 00:18:47 MainProcess-2133201 JobStatusPoller-Timer-Thread-22352921209680-22352920930048 parsl.jobs.strategy:175 _log DEBUG: Strategy case 1b: Executor has no active tasks, and more (1) than minimum blocks (0)
1724113127.502969 2024-08-20 00:18:47 MainProcess-2133201 JobStatusPoller-Timer-Thread-22352921209680-22352920930048 parsl.jobs.strategy:175 _log DEBUG: Idle time 5.067893028259277s is less than max_idletime 120.0s for executor HighThroughputExecutor; not scaling in
1724113127.503006 2024-08-20 00:18:47 MainProcess-2133201 JobStatusPoller-Timer-Thread-22352921209680-22352920930048 parsl.process_loggers:175 _log DEBUG: Normal ending for _general_strategy on thread JobStatusPoller-Timer-Thread-22352921209680
1724113128.168034 2024-08-20 00:18:48 MainProcess-2133201 MainThread-22361695830208 parsl.dataflow.dflow:175 _log DEBUG: Task 0 will be sent to executor HighThroughputExecutor
1724113128.168157 2024-08-20 00:18:48 MainProcess-2133201 MainThread-22361695830208 parsl.dataflow.dflow:175 _log DEBUG: Adding output dependencies
1724113128.168203 2024-08-20 00:18:48 MainProcess-2133201 MainThread-22361695830208 parsl.dataflow.dflow:175 _log DEBUG: Added output dependencies
1724113128.168243 2024-08-20 00:18:48 MainProcess-2133201 MainThread-22361695830208 parsl.dataflow.dflow:175 _log DEBUG: Gathering dependencies
1724113128.168278 2024-08-20 00:18:48 MainProcess-2133201 MainThread-22361695830208 parsl.dataflow.dflow:175 _log DEBUG: Gathered dependencies
1724113128.168314 2024-08-20 00:18:48 MainProcess-2133201 MainThread-22361695830208 parsl.dataflow.dflow:175 _log INFO: Task 0 submitted for App hello, not waiting on any dependency
1724113128.168372 2024-08-20 00:18:48 MainProcess-2133201 MainThread-22361695830208 parsl.dataflow.dflow:175 _log DEBUG: Task 0 set to pending state with AppFuture: <AppFuture at 0x145471f2f5d0 state=pending>
1724113128.168652 2024-08-20 00:18:48 MainProcess-2133201 Dependency-Launch_0-22354010486528 parsl.dataflow.memoization:175 _log DEBUG: Task 0 will not be memoized
1724113128.168768 2024-08-20 00:18:48 MainProcess-2133201 Dependency-Launch_0-22354010486528 parsl.executors.high_throughput.executor:175 _log DEBUG: Pushing function <function hello at 0x145471efdf80> to queue with args ()
1724113128.170083 2024-08-20 00:18:48 MainProcess-2133201 Dependency-Launch_0-22354010486528 parsl.executors.high_throughput.zmq_pipes:175 _log DEBUG: Sending TasksOutgoing message
1724113128.170160 2024-08-20 00:18:48 MainProcess-2133201 Dependency-Launch_0-22354010486528 parsl.executors.high_throughput.zmq_pipes:175 _log DEBUG: Sent TasksOutgoing message
1724113128.170218 2024-08-20 00:18:48 MainProcess-2133201 Dependency-Launch_0-22354010486528 parsl.dataflow.dflow:175 _log INFO: Parsl task 0 try 0 launched on executor HighThroughputExecutor with executor id 1
1724113128.170266 2024-08-20 00:18:48 MainProcess-2133201 Dependency-Launch_0-22354010486528 parsl.dataflow.dflow:175 _log INFO: Standard out for task 0 will not be redirected.
1724113128.170304 2024-08-20 00:18:48 MainProcess-2133201 Dependency-Launch_0-22354010486528 parsl.dataflow.dflow:175 _log INFO: Standard error for task 0 will not be redirected.
1724113128.170343 2024-08-20 00:18:48 MainProcess-2133201 Dependency-Launch_0-22354010486528 parsl.process_loggers:175 _log DEBUG: Normal ending for _launch_if_ready_async on thread Dependency-Launch_0
1724113128.185016 2024-08-20 00:18:48 MainProcess-2133201 HTEX-Result-Queue-Thread-22352906221312 parsl.executors.high_throughput.zmq_pipes:175 _log DEBUG: Received ResultsIncoming message
1724113128.185247 2024-08-20 00:18:48 MainProcess-2133201 HTEX-Result-Queue-Thread-22352906221312 parsl.dataflow.dflow:175 _log INFO: Task 0 completed (launched -> exec_done)
1724113128.185379 2024-08-20 00:18:48 MainProcess-2133201 HTEX-Result-Queue-Thread-22352906221312 parsl.dataflow.dflow:175 _log INFO: Standard out for task 0 will not be redirected.
1724113128.186187 2024-08-20 00:18:48 MainProcess-2133201 HTEX-Result-Queue-Thread-22352906221312 parsl.dataflow.dflow:175 _log INFO: Standard error for task 0 will not be redirected.
1724113128.186354 2024-08-20 00:18:48 MainProcess-2133201 HTEX-Result-Queue-Thread-22352906221312 parsl.executors.high_throughput.zmq_pipes:175 _log DEBUG: Waiting for ResultsIncoming message
1724113128.225556 2024-08-20 00:18:48 MainProcess-2133201 MainThread-22361695830208 parsl.dataflow.dflow:175 _log WARNING: Python is exiting with a DFK still running. You should call parsl.dfk().cleanup() before exiting to release any resources
