2024-08-21 19:58:06.680 parsl:914 2758059 MainThread [INFO]  Python version: 3.11.8 | packaged by conda-forge | (main, Feb 16 2024, 20:53:32) [GCC 12.3.0]
2024-08-21 19:58:06.681 parsl:915 2758059 MainThread [INFO]  Debug logging: False
2024-08-21 19:58:06.681 parsl:916 2758059 MainThread [INFO]  Certificates dir: None
2024-08-21 19:58:06.681 parsl:917 2758059 MainThread [INFO]  Log dir: /home/viralss2/nekRS-ML_MSR/examples/parsl_eg/runinfo/000/PM_HTEX_headless
2024-08-21 19:58:06.681 parsl:918 2758059 MainThread [INFO]  Manager ID: 9eb5ac1648d9
2024-08-21 19:58:06.681 parsl:919 2758059 MainThread [INFO]  Block ID: 0
2024-08-21 19:58:06.681 parsl:920 2758059 MainThread [INFO]  cores_per_worker: 32.0
2024-08-21 19:58:06.681 parsl:921 2758059 MainThread [INFO]  mem_per_worker: None
2024-08-21 19:58:06.681 parsl:922 2758059 MainThread [INFO]  task_port: 54158
2024-08-21 19:58:06.681 parsl:923 2758059 MainThread [INFO]  result_port: 54215
2024-08-21 19:58:06.681 parsl:924 2758059 MainThread [INFO]  addresses: 10.201.1.241,10.140.57.88,140.221.69.42,10.201.1.233,127.0.0.1
2024-08-21 19:58:06.681 parsl:925 2758059 MainThread [INFO]  max_workers_per_node: 1
2024-08-21 19:58:06.681 parsl:926 2758059 MainThread [INFO]  poll_period: 10
2024-08-21 19:58:06.681 parsl:927 2758059 MainThread [INFO]  address_probe_timeout: 30
2024-08-21 19:58:06.681 parsl:928 2758059 MainThread [INFO]  Prefetch capacity: 0
2024-08-21 19:58:06.681 parsl:929 2758059 MainThread [INFO]  Heartbeat threshold: 120
2024-08-21 19:58:06.681 parsl:930 2758059 MainThread [INFO]  Heartbeat period: 30
2024-08-21 19:58:06.681 parsl:931 2758059 MainThread [INFO]  Drain period: None
2024-08-21 19:58:06.681 parsl:932 2758059 MainThread [INFO]  CPU affinity: none
2024-08-21 19:58:06.681 parsl:933 2758059 MainThread [INFO]  Accelerators: 
2024-08-21 19:58:06.681 parsl:934 2758059 MainThread [INFO]  enable_mpi_mode: False
2024-08-21 19:58:06.681 parsl:935 2758059 MainThread [INFO]  mpi_launcher: mpiexec
2024-08-21 19:58:06.681 parsl:151 2758059 MainThread [INFO]  Manager initializing
2024-08-21 19:58:06.682 parsl.executors.high_throughput.probe:49 2758059 MainThread [INFO]  Connected to interchange on 10.201.1.241
2024-08-21 19:58:06.683 parsl:160 2758059 MainThread [INFO]  Connection to Interchange successful on 10.201.1.241
2024-08-21 19:58:06.683 parsl:163 2758059 MainThread [INFO]  Task url : tcp://10.201.1.241:54158
2024-08-21 19:58:06.683 parsl:164 2758059 MainThread [INFO]  Result url : tcp://10.201.1.241:54215
2024-08-21 19:58:06.683 parsl:183 2758059 MainThread [INFO]  Manager connected to interchange
2024-08-21 19:58:07.243 parsl:254 2758059 MainThread [INFO]  Manager will spawn 1 workers
2024-08-21 19:58:07.245 parsl:306 2758059 Task-Puller [INFO]  starting
2024-08-21 19:58:07.246 parsl:536 2758059 MainThread [INFO]  Manager threads started
2024-08-21 19:58:37.249 parsl:418 2758059 Result-Pusher [INFO]  Sending heartbeat via results connection: last_result_beat=1724270287.2458282 heartbeat_period=30 seconds
2024-08-21 19:59:07.252 parsl:418 2758059 Result-Pusher [INFO]  Sending heartbeat via results connection: last_result_beat=1724270317.2498434 heartbeat_period=30 seconds
2024-08-21 19:59:37.252 parsl:418 2758059 Result-Pusher [INFO]  Sending heartbeat via results connection: last_result_beat=1724270347.2523577 heartbeat_period=30 seconds
2024-08-21 20:00:07.257 parsl:418 2758059 Result-Pusher [INFO]  Sending heartbeat via results connection: last_result_beat=1724270377.25283 heartbeat_period=30 seconds
2024-08-21 20:00:37.268 parsl:418 2758059 Result-Pusher [INFO]  Sending heartbeat via results connection: last_result_beat=1724270407.2580593 heartbeat_period=30 seconds
2024-08-21 20:01:07.269 parsl:418 2758059 Result-Pusher [INFO]  Sending heartbeat via results connection: last_result_beat=1724270437.2683346 heartbeat_period=30 seconds
2024-08-21 20:01:37.277 parsl:418 2758059 Result-Pusher [INFO]  Sending heartbeat via results connection: last_result_beat=1724270467.2696445 heartbeat_period=30 seconds
2024-08-21 20:02:07.284 parsl:418 2758059 Result-Pusher [INFO]  Sending heartbeat via results connection: last_result_beat=1724270497.278044 heartbeat_period=30 seconds
2024-08-21 20:02:37.286 parsl:418 2758059 Result-Pusher [INFO]  Sending heartbeat via results connection: last_result_beat=1724270527.28419 heartbeat_period=30 seconds
2024-08-21 20:03:07.291 parsl:418 2758059 Result-Pusher [INFO]  Sending heartbeat via results connection: last_result_beat=1724270557.28634 heartbeat_period=30 seconds
2024-08-21 20:03:37.295 parsl:418 2758059 Result-Pusher [INFO]  Sending heartbeat via results connection: last_result_beat=1724270587.2919815 heartbeat_period=30 seconds
2024-08-21 20:04:07.301 parsl:418 2758059 Result-Pusher [INFO]  Sending heartbeat via results connection: last_result_beat=1724270617.295389 heartbeat_period=30 seconds
2024-08-21 20:04:37.307 parsl:418 2758059 Result-Pusher [INFO]  Sending heartbeat via results connection: last_result_beat=1724270647.3016171 heartbeat_period=30 seconds
2024-08-21 20:05:07.316 parsl:418 2758059 Result-Pusher [INFO]  Sending heartbeat via results connection: last_result_beat=1724270677.3074465 heartbeat_period=30 seconds
2024-08-21 20:05:37.326 parsl:418 2758059 Result-Pusher [INFO]  Sending heartbeat via results connection: last_result_beat=1724270707.3168395 heartbeat_period=30 seconds
2024-08-21 20:06:07.332 parsl:418 2758059 Result-Pusher [INFO]  Sending heartbeat via results connection: last_result_beat=1724270737.3270407 heartbeat_period=30 seconds
2024-08-21 20:06:37.338 parsl:418 2758059 Result-Pusher [INFO]  Sending heartbeat via results connection: last_result_beat=1724270767.3328707 heartbeat_period=30 seconds
2024-08-21 20:07:07.342 parsl:418 2758059 Result-Pusher [INFO]  Sending heartbeat via results connection: last_result_beat=1724270797.3389754 heartbeat_period=30 seconds
2024-08-21 20:07:37.348 parsl:418 2758059 Result-Pusher [INFO]  Sending heartbeat via results connection: last_result_beat=1724270827.3423805 heartbeat_period=30 seconds
2024-08-21 20:08:07.350 parsl:418 2758059 Result-Pusher [INFO]  Sending heartbeat via results connection: last_result_beat=1724270857.348194 heartbeat_period=30 seconds
