1724260536.635019 2024-08-21 17:15:36 MainProcess-3989225 MainThread-22728373260480 parsl.dataflow.dflow:175 _log INFO: Starting DataFlowKernel with config
Config(
    app_cache=True, 
    checkpoint_files=None, 
    checkpoint_mode=None, 
    checkpoint_period=None, 
    dependency_resolver=None, 
    executors=(HighThroughputExecutor(
        address='10.140.56.175', 
        address_probe_timeout=None, 
        available_accelerators=['0,1,2,3'], 
        block_error_handler=<function simple_error_handler at 0x14a9d1abe8e0>, 
        cores_per_worker=1.0, 
        cpu_affinity='block-reverse', 
        drain_period=None, 
        enable_mpi_mode=False, 
        encrypted=False, 
        heartbeat_period=30, 
        heartbeat_threshold=120, 
        interchange_launch_cmd=['interchange.py'], 
        interchange_port_range=(55000, 56000), 
        label='HighThroughputExecutor', 
        launch_cmd='process_worker_pool.py {debug} {max_workers_per_node} -a {addresses} -p {prefetch_capacity} -c {cores_per_worker} -m {mem_per_worker} --poll {poll_period} --task_port={task_port} --result_port={result_port} --cert_dir {cert_dir} --logdir={logdir} --block_id={{block_id}} --hb_period={heartbeat_period} {address_probe_timeout_string} --hb_threshold={heartbeat_threshold} --drain_period={drain_period} --cpu-affinity {cpu_affinity} {enable_mpi_mode} --mpi-launcher={mpi_launcher} --available-accelerators {accelerators}', 
        manager_selector=<parsl.executors.high_throughput.manager_selector.RandomManagerSelector object at 0x14a9d8cb7bd0>, 
        max_workers=inf, 
        max_workers_per_node=inf, 
        mem_per_worker=None, 
        mpi_launcher='mpiexec', 
        poll_period=10, 
        prefetch_capacity=0, 
        provider=LocalProvider(
            channel=LocalChannel(
                envs={}, 
                script_dir=None, 
                userhome='/home/viralss2/nekRS-ML_MSR/examples/parsl_MSR_smartsim'
            ), 
            cmd_timeout=30, 
            init_blocks=1, 
            launcher=SingleNodeLauncher(debug=True, fail_on_any=False), 
            max_blocks=1, 
            min_blocks=0, 
            move_files=None, 
            nodes_per_block=1, 
            parallelism=1, 
            worker_init='source /home/viralss2/ALCF_Hands_on_HPC_Workshop/workflows/parsl/launch_eg/set_run_env;\n                            cd /home/viralss2/nekRS-ML_MSR/examples/parsl_MSR_smartsim'
        ), 
        storage_access=None, 
        worker_debug=False, 
        worker_logdir_root=None, 
        worker_port_range=(54000, 55000), 
        worker_ports=None, 
        working_dir=None
    ),), 
    exit_mode='cleanup', 
    garbage_collect=True, 
    initialize_logging=True, 
    internal_tasks_max_threads=10, 
    max_idletime=120.0, 
    monitoring=None, 
    retries=1, 
    retry_handler=None, 
    run_dir='runinfo', 
    std_autopath=None, 
    strategy='simple', 
    strategy_period=5, 
    usage_tracking=0
)
1724260536.636385 2024-08-21 17:15:36 MainProcess-3989225 MainThread-22728373260480 parsl.dataflow.dflow:175 _log INFO: Parsl version: 2024.08.05
1724260536.636472 2024-08-21 17:15:36 MainProcess-3989225 MainThread-22728373260480 parsl.usage_tracking.usage:175 _log DEBUG: Tracking level: 0
1724260536.636554 2024-08-21 17:15:36 MainProcess-3989225 MainThread-22728373260480 parsl.dataflow.dflow:175 _log INFO: Run id is: 7c48abdb-7553-4f52-855b-b2eb7caf28d1
1724260536.796638 2024-08-21 17:15:36 MainProcess-3989225 MainThread-22728373260480 parsl.dataflow.dflow:175 _log DEBUG: Considering candidate for workflow name: /home/viralss2/SSML/lib/python3.11/site-packages/parsl/dataflow/dflow.py
1724260536.796712 2024-08-21 17:15:36 MainProcess-3989225 MainThread-22728373260480 parsl.dataflow.dflow:175 _log DEBUG: Considering candidate for workflow name: /soft/applications/conda/2024-04-29/mconda3/lib/python3.11/site-packages/typeguard/__init__.py
1724260536.796765 2024-08-21 17:15:36 MainProcess-3989225 MainThread-22728373260480 parsl.dataflow.dflow:175 _log DEBUG: Considering candidate for workflow name: /home/viralss2/SSML/lib/python3.11/site-packages/parsl/dataflow/dflow.py
1724260536.796830 2024-08-21 17:15:36 MainProcess-3989225 MainThread-22728373260480 parsl.dataflow.dflow:175 _log DEBUG: Considering candidate for workflow name: /soft/applications/conda/2024-04-29/mconda3/lib/python3.11/site-packages/typeguard/__init__.py
1724260536.796888 2024-08-21 17:15:36 MainProcess-3989225 MainThread-22728373260480 parsl.dataflow.dflow:175 _log DEBUG: Considering candidate for workflow name: /home/viralss2/nekRS-ML_MSR/examples/parsl_MSR_smartsim/ssim_driver_polaris.py
1724260536.796932 2024-08-21 17:15:36 MainProcess-3989225 MainThread-22728373260480 parsl.dataflow.dflow:175 _log DEBUG: Using ssim_driver_polaris.py as workflow name
1724260536.797061 2024-08-21 17:15:36 MainProcess-3989225 MainThread-22728373260480 parsl.dataflow.memoization:175 _log INFO: App caching initialized
1724260536.797118 2024-08-21 17:15:36 MainProcess-3989225 MainThread-22728373260480 parsl.jobs.strategy:175 _log DEBUG: Scaling strategy: simple
1724260536.801828 2024-08-21 17:15:36 MainProcess-3989225 MainThread-22728373260480 parsl.executors.high_throughput.executor:175 _log DEBUG: Starting result queue thread
1724260536.802058 2024-08-21 17:15:36 MainProcess-3989225 HTEX-Result-Queue-Thread-22719583631104 parsl.executors.high_throughput.executor:175 _log DEBUG: Result queue worker starting
1724260536.802144 2024-08-21 17:15:36 MainProcess-3989225 MainThread-22728373260480 parsl.executors.high_throughput.executor:175 _log DEBUG: Started result queue thread
1724260536.802191 2024-08-21 17:15:36 MainProcess-3989225 HTEX-Result-Queue-Thread-22719583631104 parsl.executors.high_throughput.zmq_pipes:175 _log DEBUG: Waiting for ResultsIncoming message
1724260536.803176 2024-08-21 17:15:36 MainProcess-3989225 MainThread-22728373260480 parsl.executors.high_throughput.executor:175 _log DEBUG: Popened interchange process. Writing config object
1724260536.803245 2024-08-21 17:15:36 MainProcess-3989225 MainThread-22728373260480 parsl.executors.high_throughput.executor:175 _log DEBUG: Sent config object. Requesting worker ports
1724260536.803293 2024-08-21 17:15:36 MainProcess-3989225 MainThread-22728373260480 parsl.executors.high_throughput.zmq_pipes:175 _log DEBUG: Sending command client command
1724260537.395755 2024-08-21 17:15:37 MainProcess-3989225 MainThread-22728373260480 parsl.executors.high_throughput.zmq_pipes:175 _log DEBUG: Polling for command client response or timeout
1724260537.397071 2024-08-21 17:15:37 MainProcess-3989225 MainThread-22728373260480 parsl.executors.high_throughput.zmq_pipes:175 _log DEBUG: Receiving command client response
1724260537.397133 2024-08-21 17:15:37 MainProcess-3989225 MainThread-22728373260480 parsl.executors.high_throughput.zmq_pipes:175 _log DEBUG: Received command client response
1724260537.397179 2024-08-21 17:15:37 MainProcess-3989225 MainThread-22728373260480 parsl.executors.high_throughput.executor:175 _log DEBUG: Got worker ports
1724260537.397219 2024-08-21 17:15:37 MainProcess-3989225 MainThread-22728373260480 parsl.executors.high_throughput.executor:175 _log DEBUG: Created result queue thread: <Thread(HTEX-Result-Queue-Thread, started daemon 22719583631104)>
1724260537.397429 2024-08-21 17:15:37 MainProcess-3989225 MainThread-22728373260480 parsl.executors.high_throughput.executor:175 _log DEBUG: Launch command: process_worker_pool.py   -a 10.140.56.175 -p 0 -c 1.0 -m None --poll 10 --task_port=54703 --result_port=54201 --cert_dir None --logdir=/home/viralss2/nekRS-ML_MSR/examples/parsl_MSR_smartsim/runinfo/072/HighThroughputExecutor --block_id={block_id} --hb_period=30  --hb_threshold=120 --drain_period=None --cpu-affinity block-reverse  --mpi-launcher=mpiexec --available-accelerators 0,1,2,3
1724260537.397471 2024-08-21 17:15:37 MainProcess-3989225 MainThread-22728373260480 parsl.executors.high_throughput.executor:175 _log DEBUG: Starting HighThroughputExecutor with provider:
LocalProvider(
    channel=LocalChannel(
        envs={}, 
        script_dir='/home/viralss2/nekRS-ML_MSR/examples/parsl_MSR_smartsim/runinfo/072/submit_scripts', 
        userhome='/home/viralss2/nekRS-ML_MSR/examples/parsl_MSR_smartsim'
    ), 
    cmd_timeout=30, 
    init_blocks=1, 
    launcher=SingleNodeLauncher(debug=True, fail_on_any=False), 
    max_blocks=1, 
    min_blocks=0, 
    move_files=None, 
    nodes_per_block=1, 
    parallelism=1, 
    worker_init='source /home/viralss2/ALCF_Hands_on_HPC_Workshop/workflows/parsl/launch_eg/set_run_env;\n                            cd /home/viralss2/nekRS-ML_MSR/examples/parsl_MSR_smartsim'
)
1724260537.397754 2024-08-21 17:15:37 MainProcess-3989225 MainThread-22728373260480 parsl.jobs.job_status_poller:175 _log DEBUG: Adding executor HighThroughputExecutor
1724260541.797530 2024-08-21 17:15:41 MainProcess-3989225 JobStatusPoller-Timer-Thread-22719600422096-22719598339840 parsl.executors.high_throughput.zmq_pipes:175 _log DEBUG: Sending command client command
1724260541.797790 2024-08-21 17:15:41 MainProcess-3989225 JobStatusPoller-Timer-Thread-22719600422096-22719598339840 parsl.executors.high_throughput.zmq_pipes:175 _log DEBUG: Receiving command client response
1724260541.798105 2024-08-21 17:15:41 MainProcess-3989225 JobStatusPoller-Timer-Thread-22719600422096-22719598339840 parsl.executors.high_throughput.zmq_pipes:175 _log DEBUG: Received command client response
1724260541.798191 2024-08-21 17:15:41 MainProcess-3989225 JobStatusPoller-Timer-Thread-22719600422096-22719598339840 parsl.jobs.strategy:175 _log DEBUG: general strategy starting with strategy_type simple for 1 executors
1724260541.798237 2024-08-21 17:15:41 MainProcess-3989225 JobStatusPoller-Timer-Thread-22719600422096-22719598339840 parsl.jobs.strategy:175 _log DEBUG: Strategizing for executor HighThroughputExecutor
1724260541.798278 2024-08-21 17:15:41 MainProcess-3989225 JobStatusPoller-Timer-Thread-22719600422096-22719598339840 parsl.jobs.strategy:175 _log DEBUG: Scaling out 1 initial blocks for HighThroughputExecutor
1724260541.798321 2024-08-21 17:15:41 MainProcess-3989225 JobStatusPoller-Timer-Thread-22719600422096-22719598339840 parsl.executors.status_handling:175 _log INFO: Scaling out by 1 blocks
1724260541.798365 2024-08-21 17:15:41 MainProcess-3989225 JobStatusPoller-Timer-Thread-22719600422096-22719598339840 parsl.executors.status_handling:175 _log INFO: Allocated block ID 0
1724260541.798410 2024-08-21 17:15:41 MainProcess-3989225 JobStatusPoller-Timer-Thread-22719600422096-22719598339840 parsl.executors.status_handling:175 _log DEBUG: Submitting to provider with job_name parsl.HighThroughputExecutor.block-0
1724260541.801797 2024-08-21 17:15:41 MainProcess-3989225 JobStatusPoller-Timer-Thread-22719600422096-22719598339840 parsl.providers.local.local:175 _log DEBUG: Launching
1724260541.802016 2024-08-21 17:15:41 MainProcess-3989225 JobStatusPoller-Timer-Thread-22719600422096-22719598339840 parsl.channels.local.local:175 _log DEBUG: Creating process with command '/bin/bash -c 'echo - >/home/viralss2/nekRS-ML_MSR/examples/parsl_MSR_smartsim/runinfo/072/submit_scripts/parsl.HighThroughputExecutor.block-0.1724260541.7985234.sh.ec && { { bash /home/viralss2/nekRS-ML_MSR/examples/parsl_MSR_smartsim/runinfo/072/submit_scripts/parsl.HighThroughputExecutor.block-0.1724260541.7985234.sh 1>/home/viralss2/nekRS-ML_MSR/examples/parsl_MSR_smartsim/runinfo/072/submit_scripts/parsl.HighThroughputExecutor.block-0.1724260541.7985234.sh.out 2>/home/viralss2/nekRS-ML_MSR/examples/parsl_MSR_smartsim/runinfo/072/submit_scripts/parsl.HighThroughputExecutor.block-0.1724260541.7985234.sh.err ; echo $? > /home/viralss2/nekRS-ML_MSR/examples/parsl_MSR_smartsim/runinfo/072/submit_scripts/parsl.HighThroughputExecutor.block-0.1724260541.7985234.sh.ec ; } >/dev/null 2>&1 & echo "PID:$!" ; }''
1724260541.813897 2024-08-21 17:15:41 MainProcess-3989225 JobStatusPoller-Timer-Thread-22719600422096-22719598339840 parsl.channels.local.local:175 _log DEBUG: Created process with pid 3989438. Performing communicate
1724260541.823322 2024-08-21 17:15:41 MainProcess-3989225 JobStatusPoller-Timer-Thread-22719600422096-22719598339840 parsl.channels.local.local:175 _log DEBUG: Process 3989438 returned 0
1724260541.823426 2024-08-21 17:15:41 MainProcess-3989225 JobStatusPoller-Timer-Thread-22719600422096-22719598339840 parsl.channels.local.local:175 _log DEBUG: Execution of command in process 3989438 completed normally
1724260541.823561 2024-08-21 17:15:41 MainProcess-3989225 JobStatusPoller-Timer-Thread-22719600422096-22719598339840 parsl.executors.status_handling:175 _log DEBUG: Launched block 0 on executor HighThroughputExecutor with job ID 3989439
1724260541.823658 2024-08-21 17:15:41 MainProcess-3989225 JobStatusPoller-Timer-Thread-22719600422096-22719598339840 parsl.executors.high_throughput.zmq_pipes:175 _log DEBUG: Sending command client command
1724260541.823748 2024-08-21 17:15:41 MainProcess-3989225 JobStatusPoller-Timer-Thread-22719600422096-22719598339840 parsl.executors.high_throughput.zmq_pipes:175 _log DEBUG: Receiving command client response
1724260541.823933 2024-08-21 17:15:41 MainProcess-3989225 JobStatusPoller-Timer-Thread-22719600422096-22719598339840 parsl.executors.high_throughput.zmq_pipes:175 _log DEBUG: Received command client response
1724260541.823995 2024-08-21 17:15:41 MainProcess-3989225 JobStatusPoller-Timer-Thread-22719600422096-22719598339840 parsl.jobs.strategy:175 _log DEBUG: Slot ratio calculation: active_slots = 1, active_tasks = 0
1724260541.824041 2024-08-21 17:15:41 MainProcess-3989225 JobStatusPoller-Timer-Thread-22719600422096-22719598339840 parsl.executors.high_throughput.zmq_pipes:175 _log DEBUG: Sending command client command
1724260541.824091 2024-08-21 17:15:41 MainProcess-3989225 JobStatusPoller-Timer-Thread-22719600422096-22719598339840 parsl.executors.high_throughput.zmq_pipes:175 _log DEBUG: Receiving command client response
1724260541.824192 2024-08-21 17:15:41 MainProcess-3989225 JobStatusPoller-Timer-Thread-22719600422096-22719598339840 parsl.executors.high_throughput.zmq_pipes:175 _log DEBUG: Received command client response
1724260541.824240 2024-08-21 17:15:41 MainProcess-3989225 JobStatusPoller-Timer-Thread-22719600422096-22719598339840 parsl.executors.high_throughput.zmq_pipes:175 _log DEBUG: Sending command client command
1724260541.824287 2024-08-21 17:15:41 MainProcess-3989225 JobStatusPoller-Timer-Thread-22719600422096-22719598339840 parsl.executors.high_throughput.zmq_pipes:175 _log DEBUG: Receiving command client response
1724260541.824382 2024-08-21 17:15:41 MainProcess-3989225 JobStatusPoller-Timer-Thread-22719600422096-22719598339840 parsl.executors.high_throughput.zmq_pipes:175 _log DEBUG: Received command client response
1724260541.824426 2024-08-21 17:15:41 MainProcess-3989225 JobStatusPoller-Timer-Thread-22719600422096-22719598339840 parsl.jobs.strategy:175 _log DEBUG: Executor HighThroughputExecutor has 0 active tasks, 0/1 running/pending blocks, and 0 connected workers
1724260541.824464 2024-08-21 17:15:41 MainProcess-3989225 JobStatusPoller-Timer-Thread-22719600422096-22719598339840 parsl.jobs.strategy:175 _log DEBUG: Strategy case 1: Executor has no active tasks
1724260541.824502 2024-08-21 17:15:41 MainProcess-3989225 JobStatusPoller-Timer-Thread-22719600422096-22719598339840 parsl.jobs.strategy:175 _log DEBUG: Strategy case 1b: Executor has no active tasks, and more (1) than minimum blocks (0)
1724260541.824545 2024-08-21 17:15:41 MainProcess-3989225 JobStatusPoller-Timer-Thread-22719600422096-22719598339840 parsl.jobs.strategy:175 _log DEBUG: Starting idle timer for executor. If idle time exceeds 120.0s, blocks will be scaled in
1724260541.824595 2024-08-21 17:15:41 MainProcess-3989225 JobStatusPoller-Timer-Thread-22719600422096-22719598339840 parsl.jobs.strategy:175 _log DEBUG: Idle time 1.6689300537109375e-06s is less than max_idletime 120.0s for executor HighThroughputExecutor; not scaling in
1724260541.824646 2024-08-21 17:15:41 MainProcess-3989225 JobStatusPoller-Timer-Thread-22719600422096-22719598339840 parsl.process_loggers:175 _log DEBUG: Normal ending for _general_strategy on thread JobStatusPoller-Timer-Thread-22719600422096
1724260546.825090 2024-08-21 17:15:46 MainProcess-3989225 JobStatusPoller-Timer-Thread-22719600422096-22719598339840 parsl.channels.local.local:175 _log DEBUG: Creating process with command 'ps -p 3989439 > /dev/null 2> /dev/null; echo "STATUS:$?" '
1724260546.834419 2024-08-21 17:15:46 MainProcess-3989225 JobStatusPoller-Timer-Thread-22719600422096-22719598339840 parsl.channels.local.local:175 _log DEBUG: Created process with pid 3989654. Performing communicate
1724260546.894679 2024-08-21 17:15:46 MainProcess-3989225 JobStatusPoller-Timer-Thread-22719600422096-22719598339840 parsl.channels.local.local:175 _log DEBUG: Process 3989654 returned 0
1724260546.894789 2024-08-21 17:15:46 MainProcess-3989225 JobStatusPoller-Timer-Thread-22719600422096-22719598339840 parsl.channels.local.local:175 _log DEBUG: Execution of command in process 3989654 completed normally
1724260546.895773 2024-08-21 17:15:46 MainProcess-3989225 JobStatusPoller-Timer-Thread-22719600422096-22719598339840 parsl.executors.high_throughput.zmq_pipes:175 _log DEBUG: Sending command client command
1724260546.895889 2024-08-21 17:15:46 MainProcess-3989225 JobStatusPoller-Timer-Thread-22719600422096-22719598339840 parsl.executors.high_throughput.zmq_pipes:175 _log DEBUG: Receiving command client response
1724260546.896137 2024-08-21 17:15:46 MainProcess-3989225 JobStatusPoller-Timer-Thread-22719600422096-22719598339840 parsl.executors.high_throughput.zmq_pipes:175 _log DEBUG: Received command client response
1724260546.896278 2024-08-21 17:15:46 MainProcess-3989225 JobStatusPoller-Timer-Thread-22719600422096-22719598339840 parsl.jobs.strategy:175 _log DEBUG: general strategy starting with strategy_type simple for 1 executors
1724260546.896331 2024-08-21 17:15:46 MainProcess-3989225 JobStatusPoller-Timer-Thread-22719600422096-22719598339840 parsl.jobs.strategy:175 _log DEBUG: Strategizing for executor HighThroughputExecutor
1724260546.896381 2024-08-21 17:15:46 MainProcess-3989225 JobStatusPoller-Timer-Thread-22719600422096-22719598339840 parsl.executors.high_throughput.zmq_pipes:175 _log DEBUG: Sending command client command
1724260546.896435 2024-08-21 17:15:46 MainProcess-3989225 JobStatusPoller-Timer-Thread-22719600422096-22719598339840 parsl.executors.high_throughput.zmq_pipes:175 _log DEBUG: Receiving command client response
1724260546.896602 2024-08-21 17:15:46 MainProcess-3989225 JobStatusPoller-Timer-Thread-22719600422096-22719598339840 parsl.executors.high_throughput.zmq_pipes:175 _log DEBUG: Received command client response
1724260546.896676 2024-08-21 17:15:46 MainProcess-3989225 JobStatusPoller-Timer-Thread-22719600422096-22719598339840 parsl.jobs.strategy:175 _log DEBUG: Slot ratio calculation: active_slots = 1, active_tasks = 0
1724260546.896731 2024-08-21 17:15:46 MainProcess-3989225 JobStatusPoller-Timer-Thread-22719600422096-22719598339840 parsl.executors.high_throughput.zmq_pipes:175 _log DEBUG: Sending command client command
1724260546.896791 2024-08-21 17:15:46 MainProcess-3989225 JobStatusPoller-Timer-Thread-22719600422096-22719598339840 parsl.executors.high_throughput.zmq_pipes:175 _log DEBUG: Receiving command client response
1724260546.896892 2024-08-21 17:15:46 MainProcess-3989225 JobStatusPoller-Timer-Thread-22719600422096-22719598339840 parsl.executors.high_throughput.zmq_pipes:175 _log DEBUG: Received command client response
1724260546.896943 2024-08-21 17:15:46 MainProcess-3989225 JobStatusPoller-Timer-Thread-22719600422096-22719598339840 parsl.executors.high_throughput.zmq_pipes:175 _log DEBUG: Sending command client command
1724260546.896994 2024-08-21 17:15:46 MainProcess-3989225 JobStatusPoller-Timer-Thread-22719600422096-22719598339840 parsl.executors.high_throughput.zmq_pipes:175 _log DEBUG: Receiving command client response
1724260546.897081 2024-08-21 17:15:46 MainProcess-3989225 JobStatusPoller-Timer-Thread-22719600422096-22719598339840 parsl.executors.high_throughput.zmq_pipes:175 _log DEBUG: Received command client response
1724260546.897126 2024-08-21 17:15:46 MainProcess-3989225 JobStatusPoller-Timer-Thread-22719600422096-22719598339840 parsl.jobs.strategy:175 _log DEBUG: Executor HighThroughputExecutor has 0 active tasks, 1/0 running/pending blocks, and 1 connected workers
1724260546.897183 2024-08-21 17:15:46 MainProcess-3989225 JobStatusPoller-Timer-Thread-22719600422096-22719598339840 parsl.jobs.strategy:175 _log DEBUG: Strategy case 1: Executor has no active tasks
1724260546.897225 2024-08-21 17:15:46 MainProcess-3989225 JobStatusPoller-Timer-Thread-22719600422096-22719598339840 parsl.jobs.strategy:175 _log DEBUG: Strategy case 1b: Executor has no active tasks, and more (1) than minimum blocks (0)
1724260546.897271 2024-08-21 17:15:46 MainProcess-3989225 JobStatusPoller-Timer-Thread-22719600422096-22719598339840 parsl.jobs.strategy:175 _log DEBUG: Idle time 5.072680234909058s is less than max_idletime 120.0s for executor HighThroughputExecutor; not scaling in
1724260546.897312 2024-08-21 17:15:46 MainProcess-3989225 JobStatusPoller-Timer-Thread-22719600422096-22719598339840 parsl.process_loggers:175 _log DEBUG: Normal ending for _general_strategy on thread JobStatusPoller-Timer-Thread-22719600422096
1724260547.671117 2024-08-21 17:15:47 MainProcess-3989225 MainThread-22728373260480 parsl.dataflow.dflow:175 _log WARNING: Python is exiting with a DFK still running. You should call parsl.dfk().cleanup() before exiting to release any resources
