1724107692.696825 2024-08-19 22:48:12 MainProcess-3010059 MainThread-22581615993024 parsl.dataflow.dflow:175 _log INFO: Starting DataFlowKernel with config
Config(
    app_cache=True, 
    checkpoint_files=None, 
    checkpoint_mode=None, 
    checkpoint_period=None, 
    dependency_resolver=None, 
    executors=(HighThroughputExecutor(
        address='10.140.57.88', 
        address_probe_timeout=None, 
        available_accelerators=['0,1,2,3'], 
        block_error_handler=<function simple_error_handler at 0x1487a642a8e0>, 
        cores_per_worker=1.0, 
        cpu_affinity='block-reverse', 
        drain_period=None, 
        enable_mpi_mode=False, 
        encrypted=False, 
        heartbeat_period=30, 
        heartbeat_threshold=120, 
        interchange_launch_cmd=['interchange.py'], 
        interchange_port_range=(55000, 56000), 
        label='HighThroughputExecutor', 
        launch_cmd='process_worker_pool.py {debug} {max_workers_per_node} -a {addresses} -p {prefetch_capacity} -c {cores_per_worker} -m {mem_per_worker} --poll {poll_period} --task_port={task_port} --result_port={result_port} --cert_dir {cert_dir} --logdir={logdir} --block_id={{block_id}} --hb_period={heartbeat_period} {address_probe_timeout_string} --hb_threshold={heartbeat_threshold} --drain_period={drain_period} --cpu-affinity {cpu_affinity} {enable_mpi_mode} --mpi-launcher={mpi_launcher} --available-accelerators {accelerators}', 
        manager_selector=<parsl.executors.high_throughput.manager_selector.RandomManagerSelector object at 0x1487a705dcd0>, 
        max_workers=inf, 
        max_workers_per_node=inf, 
        mem_per_worker=None, 
        mpi_launcher='mpiexec', 
        poll_period=10, 
        prefetch_capacity=0, 
        provider=LocalProvider(
            channel=LocalChannel(
                envs={}, 
                script_dir=None, 
                userhome='/home/viralss2/nekRS-ML_MSR/examples/parsl_MSR_smartsim'
            ), 
            cmd_timeout=30, 
            init_blocks=1, 
            launcher=SingleNodeLauncher(debug=True, fail_on_any=False), 
            max_blocks=1, 
            min_blocks=0, 
            move_files=None, 
            nodes_per_block=1, 
            parallelism=1, 
            worker_init='source /home/viralss2/ALCF_Hands_on_HPC_Workshop/workflows/parsl/launch_eg/set_run_env;\n                            cd /home/viralss2/nekRS-ML_MSR/examples/parsl_MSR_smartsim'
        ), 
        storage_access=None, 
        worker_debug=False, 
        worker_logdir_root=None, 
        worker_port_range=(54000, 55000), 
        worker_ports=None, 
        working_dir=None
    ),), 
    exit_mode='cleanup', 
    garbage_collect=True, 
    initialize_logging=True, 
    internal_tasks_max_threads=10, 
    max_idletime=120.0, 
    monitoring=None, 
    retries=1, 
    retry_handler=None, 
    run_dir='runinfo', 
    std_autopath=None, 
    strategy='simple', 
    strategy_period=5, 
    usage_tracking=0
)
1724107692.698067 2024-08-19 22:48:12 MainProcess-3010059 MainThread-22581615993024 parsl.dataflow.dflow:175 _log INFO: Parsl version: 2024.08.05
1724107692.698150 2024-08-19 22:48:12 MainProcess-3010059 MainThread-22581615993024 parsl.usage_tracking.usage:175 _log DEBUG: Tracking level: 0
1724107692.698226 2024-08-19 22:48:12 MainProcess-3010059 MainThread-22581615993024 parsl.dataflow.dflow:175 _log INFO: Run id is: d75ca46a-890c-4a0e-895c-48f873a01502
1724107692.807452 2024-08-19 22:48:12 MainProcess-3010059 MainThread-22581615993024 parsl.dataflow.dflow:175 _log DEBUG: Considering candidate for workflow name: /home/viralss2/SSML/lib/python3.11/site-packages/parsl/dataflow/dflow.py
1724107692.807515 2024-08-19 22:48:12 MainProcess-3010059 MainThread-22581615993024 parsl.dataflow.dflow:175 _log DEBUG: Considering candidate for workflow name: /soft/applications/conda/2024-04-29/mconda3/lib/python3.11/site-packages/typeguard/__init__.py
1724107692.807564 2024-08-19 22:48:12 MainProcess-3010059 MainThread-22581615993024 parsl.dataflow.dflow:175 _log DEBUG: Considering candidate for workflow name: /home/viralss2/SSML/lib/python3.11/site-packages/parsl/dataflow/dflow.py
1724107692.807627 2024-08-19 22:48:12 MainProcess-3010059 MainThread-22581615993024 parsl.dataflow.dflow:175 _log DEBUG: Considering candidate for workflow name: /soft/applications/conda/2024-04-29/mconda3/lib/python3.11/site-packages/typeguard/__init__.py
1724107692.807682 2024-08-19 22:48:12 MainProcess-3010059 MainThread-22581615993024 parsl.dataflow.dflow:175 _log DEBUG: Considering candidate for workflow name: /home/viralss2/nekRS-ML_MSR/examples/parsl_MSR_smartsim/ssim_driver_polaris.py
1724107692.807722 2024-08-19 22:48:12 MainProcess-3010059 MainThread-22581615993024 parsl.dataflow.dflow:175 _log DEBUG: Using ssim_driver_polaris.py as workflow name
1724107692.807844 2024-08-19 22:48:12 MainProcess-3010059 MainThread-22581615993024 parsl.dataflow.memoization:175 _log INFO: App caching initialized
1724107692.807899 2024-08-19 22:48:12 MainProcess-3010059 MainThread-22581615993024 parsl.jobs.strategy:175 _log DEBUG: Scaling strategy: simple
1724107692.812064 2024-08-19 22:48:12 MainProcess-3010059 MainThread-22581615993024 parsl.executors.high_throughput.executor:175 _log DEBUG: Starting result queue thread
1724107692.812281 2024-08-19 22:48:12 MainProcess-3010059 HTEX-Result-Queue-Thread-22572826367744 parsl.executors.high_throughput.executor:175 _log DEBUG: Result queue worker starting
1724107692.812359 2024-08-19 22:48:12 MainProcess-3010059 MainThread-22581615993024 parsl.executors.high_throughput.executor:175 _log DEBUG: Started result queue thread
1724107692.812415 2024-08-19 22:48:12 MainProcess-3010059 HTEX-Result-Queue-Thread-22572826367744 parsl.executors.high_throughput.zmq_pipes:175 _log DEBUG: Waiting for ResultsIncoming message
1724107692.813372 2024-08-19 22:48:12 MainProcess-3010059 MainThread-22581615993024 parsl.executors.high_throughput.executor:175 _log DEBUG: Popened interchange process. Writing config object
1724107692.813438 2024-08-19 22:48:12 MainProcess-3010059 MainThread-22581615993024 parsl.executors.high_throughput.executor:175 _log DEBUG: Sent config object. Requesting worker ports
1724107692.813482 2024-08-19 22:48:12 MainProcess-3010059 MainThread-22581615993024 parsl.executors.high_throughput.zmq_pipes:175 _log DEBUG: Sending command client command
1724107693.365042 2024-08-19 22:48:13 MainProcess-3010059 MainThread-22581615993024 parsl.executors.high_throughput.zmq_pipes:175 _log DEBUG: Polling for command client response or timeout
1724107693.366616 2024-08-19 22:48:13 MainProcess-3010059 MainThread-22581615993024 parsl.executors.high_throughput.zmq_pipes:175 _log DEBUG: Receiving command client response
1724107693.366688 2024-08-19 22:48:13 MainProcess-3010059 MainThread-22581615993024 parsl.executors.high_throughput.zmq_pipes:175 _log DEBUG: Received command client response
1724107693.366733 2024-08-19 22:48:13 MainProcess-3010059 MainThread-22581615993024 parsl.executors.high_throughput.executor:175 _log DEBUG: Got worker ports
1724107693.366769 2024-08-19 22:48:13 MainProcess-3010059 MainThread-22581615993024 parsl.executors.high_throughput.executor:175 _log DEBUG: Created result queue thread: <Thread(HTEX-Result-Queue-Thread, started daemon 22572826367744)>
1724107693.366987 2024-08-19 22:48:13 MainProcess-3010059 MainThread-22581615993024 parsl.executors.high_throughput.executor:175 _log DEBUG: Launch command: process_worker_pool.py   -a 10.140.57.88 -p 0 -c 1.0 -m None --poll 10 --task_port=54384 --result_port=54031 --cert_dir None --logdir=/home/viralss2/nekRS-ML_MSR/examples/parsl_MSR_smartsim/runinfo/012/HighThroughputExecutor --block_id={block_id} --hb_period=30  --hb_threshold=120 --drain_period=None --cpu-affinity block-reverse  --mpi-launcher=mpiexec --available-accelerators 0,1,2,3
1724107693.367026 2024-08-19 22:48:13 MainProcess-3010059 MainThread-22581615993024 parsl.executors.high_throughput.executor:175 _log DEBUG: Starting HighThroughputExecutor with provider:
LocalProvider(
    channel=LocalChannel(
        envs={}, 
        script_dir='/home/viralss2/nekRS-ML_MSR/examples/parsl_MSR_smartsim/runinfo/012/submit_scripts', 
        userhome='/home/viralss2/nekRS-ML_MSR/examples/parsl_MSR_smartsim'
    ), 
    cmd_timeout=30, 
    init_blocks=1, 
    launcher=SingleNodeLauncher(debug=True, fail_on_any=False), 
    max_blocks=1, 
    min_blocks=0, 
    move_files=None, 
    nodes_per_block=1, 
    parallelism=1, 
    worker_init='source /home/viralss2/ALCF_Hands_on_HPC_Workshop/workflows/parsl/launch_eg/set_run_env;\n                            cd /home/viralss2/nekRS-ML_MSR/examples/parsl_MSR_smartsim'
)
1724107693.367314 2024-08-19 22:48:13 MainProcess-3010059 MainThread-22581615993024 parsl.jobs.job_status_poller:175 _log DEBUG: Adding executor HighThroughputExecutor
1724107697.808358 2024-08-19 22:48:17 MainProcess-3010059 JobStatusPoller-Timer-Thread-22572855322192-22572841076480 parsl.executors.high_throughput.zmq_pipes:175 _log DEBUG: Sending command client command
1724107697.808604 2024-08-19 22:48:17 MainProcess-3010059 JobStatusPoller-Timer-Thread-22572855322192-22572841076480 parsl.executors.high_throughput.zmq_pipes:175 _log DEBUG: Receiving command client response
1724107697.809000 2024-08-19 22:48:17 MainProcess-3010059 JobStatusPoller-Timer-Thread-22572855322192-22572841076480 parsl.executors.high_throughput.zmq_pipes:175 _log DEBUG: Received command client response
1724107697.809077 2024-08-19 22:48:17 MainProcess-3010059 JobStatusPoller-Timer-Thread-22572855322192-22572841076480 parsl.jobs.strategy:175 _log DEBUG: general strategy starting with strategy_type simple for 1 executors
1724107697.809119 2024-08-19 22:48:17 MainProcess-3010059 JobStatusPoller-Timer-Thread-22572855322192-22572841076480 parsl.jobs.strategy:175 _log DEBUG: Strategizing for executor HighThroughputExecutor
1724107697.809155 2024-08-19 22:48:17 MainProcess-3010059 JobStatusPoller-Timer-Thread-22572855322192-22572841076480 parsl.jobs.strategy:175 _log DEBUG: Scaling out 1 initial blocks for HighThroughputExecutor
1724107697.809195 2024-08-19 22:48:17 MainProcess-3010059 JobStatusPoller-Timer-Thread-22572855322192-22572841076480 parsl.executors.status_handling:175 _log INFO: Scaling out by 1 blocks
1724107697.809236 2024-08-19 22:48:17 MainProcess-3010059 JobStatusPoller-Timer-Thread-22572855322192-22572841076480 parsl.executors.status_handling:175 _log INFO: Allocated block ID 0
1724107697.809278 2024-08-19 22:48:17 MainProcess-3010059 JobStatusPoller-Timer-Thread-22572855322192-22572841076480 parsl.executors.status_handling:175 _log DEBUG: Submitting to provider with job_name parsl.HighThroughputExecutor.block-0
1724107697.811873 2024-08-19 22:48:17 MainProcess-3010059 JobStatusPoller-Timer-Thread-22572855322192-22572841076480 parsl.providers.local.local:175 _log DEBUG: Launching
1724107697.812087 2024-08-19 22:48:17 MainProcess-3010059 JobStatusPoller-Timer-Thread-22572855322192-22572841076480 parsl.channels.local.local:175 _log DEBUG: Creating process with command '/bin/bash -c 'echo - >/home/viralss2/nekRS-ML_MSR/examples/parsl_MSR_smartsim/runinfo/012/submit_scripts/parsl.HighThroughputExecutor.block-0.1724107697.8093877.sh.ec && { { bash /home/viralss2/nekRS-ML_MSR/examples/parsl_MSR_smartsim/runinfo/012/submit_scripts/parsl.HighThroughputExecutor.block-0.1724107697.8093877.sh 1>/home/viralss2/nekRS-ML_MSR/examples/parsl_MSR_smartsim/runinfo/012/submit_scripts/parsl.HighThroughputExecutor.block-0.1724107697.8093877.sh.out 2>/home/viralss2/nekRS-ML_MSR/examples/parsl_MSR_smartsim/runinfo/012/submit_scripts/parsl.HighThroughputExecutor.block-0.1724107697.8093877.sh.err ; echo $? > /home/viralss2/nekRS-ML_MSR/examples/parsl_MSR_smartsim/runinfo/012/submit_scripts/parsl.HighThroughputExecutor.block-0.1724107697.8093877.sh.ec ; } >/dev/null 2>&1 & echo "PID:$!" ; }''
1724107697.825911 2024-08-19 22:48:17 MainProcess-3010059 JobStatusPoller-Timer-Thread-22572855322192-22572841076480 parsl.channels.local.local:175 _log DEBUG: Created process with pid 3010272. Performing communicate
1724107697.834398 2024-08-19 22:48:17 MainProcess-3010059 JobStatusPoller-Timer-Thread-22572855322192-22572841076480 parsl.channels.local.local:175 _log DEBUG: Process 3010272 returned 0
1724107697.834508 2024-08-19 22:48:17 MainProcess-3010059 JobStatusPoller-Timer-Thread-22572855322192-22572841076480 parsl.channels.local.local:175 _log DEBUG: Execution of command in process 3010272 completed normally
1724107697.834654 2024-08-19 22:48:17 MainProcess-3010059 JobStatusPoller-Timer-Thread-22572855322192-22572841076480 parsl.executors.status_handling:175 _log DEBUG: Launched block 0 on executor HighThroughputExecutor with job ID 3010273
1724107697.834743 2024-08-19 22:48:17 MainProcess-3010059 JobStatusPoller-Timer-Thread-22572855322192-22572841076480 parsl.executors.high_throughput.zmq_pipes:175 _log DEBUG: Sending command client command
1724107697.834846 2024-08-19 22:48:17 MainProcess-3010059 JobStatusPoller-Timer-Thread-22572855322192-22572841076480 parsl.executors.high_throughput.zmq_pipes:175 _log DEBUG: Receiving command client response
1724107697.834979 2024-08-19 22:48:17 MainProcess-3010059 JobStatusPoller-Timer-Thread-22572855322192-22572841076480 parsl.executors.high_throughput.zmq_pipes:175 _log DEBUG: Received command client response
1724107697.835037 2024-08-19 22:48:17 MainProcess-3010059 JobStatusPoller-Timer-Thread-22572855322192-22572841076480 parsl.jobs.strategy:175 _log DEBUG: Slot ratio calculation: active_slots = 1, active_tasks = 0
1724107697.835077 2024-08-19 22:48:17 MainProcess-3010059 JobStatusPoller-Timer-Thread-22572855322192-22572841076480 parsl.executors.high_throughput.zmq_pipes:175 _log DEBUG: Sending command client command
1724107697.835121 2024-08-19 22:48:17 MainProcess-3010059 JobStatusPoller-Timer-Thread-22572855322192-22572841076480 parsl.executors.high_throughput.zmq_pipes:175 _log DEBUG: Receiving command client response
1724107697.835194 2024-08-19 22:48:17 MainProcess-3010059 JobStatusPoller-Timer-Thread-22572855322192-22572841076480 parsl.executors.high_throughput.zmq_pipes:175 _log DEBUG: Received command client response
1724107697.835235 2024-08-19 22:48:17 MainProcess-3010059 JobStatusPoller-Timer-Thread-22572855322192-22572841076480 parsl.executors.high_throughput.zmq_pipes:175 _log DEBUG: Sending command client command
1724107697.835278 2024-08-19 22:48:17 MainProcess-3010059 JobStatusPoller-Timer-Thread-22572855322192-22572841076480 parsl.executors.high_throughput.zmq_pipes:175 _log DEBUG: Receiving command client response
1724107697.835344 2024-08-19 22:48:17 MainProcess-3010059 JobStatusPoller-Timer-Thread-22572855322192-22572841076480 parsl.executors.high_throughput.zmq_pipes:175 _log DEBUG: Received command client response
1724107697.835384 2024-08-19 22:48:17 MainProcess-3010059 JobStatusPoller-Timer-Thread-22572855322192-22572841076480 parsl.jobs.strategy:175 _log DEBUG: Executor HighThroughputExecutor has 0 active tasks, 0/1 running/pending blocks, and 0 connected workers
1724107697.835417 2024-08-19 22:48:17 MainProcess-3010059 JobStatusPoller-Timer-Thread-22572855322192-22572841076480 parsl.jobs.strategy:175 _log DEBUG: Strategy case 1: Executor has no active tasks
1724107697.835450 2024-08-19 22:48:17 MainProcess-3010059 JobStatusPoller-Timer-Thread-22572855322192-22572841076480 parsl.jobs.strategy:175 _log DEBUG: Strategy case 1b: Executor has no active tasks, and more (1) than minimum blocks (0)
1724107697.835487 2024-08-19 22:48:17 MainProcess-3010059 JobStatusPoller-Timer-Thread-22572855322192-22572841076480 parsl.jobs.strategy:175 _log DEBUG: Starting idle timer for executor. If idle time exceeds 120.0s, blocks will be scaled in
1724107697.835533 2024-08-19 22:48:17 MainProcess-3010059 JobStatusPoller-Timer-Thread-22572855322192-22572841076480 parsl.jobs.strategy:175 _log DEBUG: Idle time 7.152557373046875e-07s is less than max_idletime 120.0s for executor HighThroughputExecutor; not scaling in
1724107697.835583 2024-08-19 22:48:17 MainProcess-3010059 JobStatusPoller-Timer-Thread-22572855322192-22572841076480 parsl.process_loggers:175 _log DEBUG: Normal ending for _general_strategy on thread JobStatusPoller-Timer-Thread-22572855322192
1724107702.836122 2024-08-19 22:48:22 MainProcess-3010059 JobStatusPoller-Timer-Thread-22572855322192-22572841076480 parsl.channels.local.local:175 _log DEBUG: Creating process with command 'ps -p 3010273 > /dev/null 2> /dev/null; echo "STATUS:$?" '
1724107702.845281 2024-08-19 22:48:22 MainProcess-3010059 JobStatusPoller-Timer-Thread-22572855322192-22572841076480 parsl.channels.local.local:175 _log DEBUG: Created process with pid 3010415. Performing communicate
1724107702.907434 2024-08-19 22:48:22 MainProcess-3010059 JobStatusPoller-Timer-Thread-22572855322192-22572841076480 parsl.channels.local.local:175 _log DEBUG: Process 3010415 returned 0
1724107702.907565 2024-08-19 22:48:22 MainProcess-3010059 JobStatusPoller-Timer-Thread-22572855322192-22572841076480 parsl.channels.local.local:175 _log DEBUG: Execution of command in process 3010415 completed normally
1724107702.908753 2024-08-19 22:48:22 MainProcess-3010059 JobStatusPoller-Timer-Thread-22572855322192-22572841076480 parsl.executors.high_throughput.zmq_pipes:175 _log DEBUG: Sending command client command
1724107702.908860 2024-08-19 22:48:22 MainProcess-3010059 JobStatusPoller-Timer-Thread-22572855322192-22572841076480 parsl.executors.high_throughput.zmq_pipes:175 _log DEBUG: Receiving command client response
1724107702.909131 2024-08-19 22:48:22 MainProcess-3010059 JobStatusPoller-Timer-Thread-22572855322192-22572841076480 parsl.executors.high_throughput.zmq_pipes:175 _log DEBUG: Received command client response
1724107702.909256 2024-08-19 22:48:22 MainProcess-3010059 JobStatusPoller-Timer-Thread-22572855322192-22572841076480 parsl.jobs.strategy:175 _log DEBUG: general strategy starting with strategy_type simple for 1 executors
1724107702.909299 2024-08-19 22:48:22 MainProcess-3010059 JobStatusPoller-Timer-Thread-22572855322192-22572841076480 parsl.jobs.strategy:175 _log DEBUG: Strategizing for executor HighThroughputExecutor
1724107702.909341 2024-08-19 22:48:22 MainProcess-3010059 JobStatusPoller-Timer-Thread-22572855322192-22572841076480 parsl.executors.high_throughput.zmq_pipes:175 _log DEBUG: Sending command client command
1724107702.909386 2024-08-19 22:48:22 MainProcess-3010059 JobStatusPoller-Timer-Thread-22572855322192-22572841076480 parsl.executors.high_throughput.zmq_pipes:175 _log DEBUG: Receiving command client response
1724107702.909511 2024-08-19 22:48:22 MainProcess-3010059 JobStatusPoller-Timer-Thread-22572855322192-22572841076480 parsl.executors.high_throughput.zmq_pipes:175 _log DEBUG: Received command client response
1724107702.909559 2024-08-19 22:48:22 MainProcess-3010059 JobStatusPoller-Timer-Thread-22572855322192-22572841076480 parsl.jobs.strategy:175 _log DEBUG: Slot ratio calculation: active_slots = 1, active_tasks = 0
1724107702.909601 2024-08-19 22:48:22 MainProcess-3010059 JobStatusPoller-Timer-Thread-22572855322192-22572841076480 parsl.executors.high_throughput.zmq_pipes:175 _log DEBUG: Sending command client command
1724107702.909650 2024-08-19 22:48:22 MainProcess-3010059 JobStatusPoller-Timer-Thread-22572855322192-22572841076480 parsl.executors.high_throughput.zmq_pipes:175 _log DEBUG: Receiving command client response
1724107702.909779 2024-08-19 22:48:22 MainProcess-3010059 JobStatusPoller-Timer-Thread-22572855322192-22572841076480 parsl.executors.high_throughput.zmq_pipes:175 _log DEBUG: Received command client response
1724107702.909832 2024-08-19 22:48:22 MainProcess-3010059 JobStatusPoller-Timer-Thread-22572855322192-22572841076480 parsl.executors.high_throughput.zmq_pipes:175 _log DEBUG: Sending command client command
1724107702.909880 2024-08-19 22:48:22 MainProcess-3010059 JobStatusPoller-Timer-Thread-22572855322192-22572841076480 parsl.executors.high_throughput.zmq_pipes:175 _log DEBUG: Receiving command client response
1724107702.909951 2024-08-19 22:48:22 MainProcess-3010059 JobStatusPoller-Timer-Thread-22572855322192-22572841076480 parsl.executors.high_throughput.zmq_pipes:175 _log DEBUG: Received command client response
1724107702.909990 2024-08-19 22:48:22 MainProcess-3010059 JobStatusPoller-Timer-Thread-22572855322192-22572841076480 parsl.jobs.strategy:175 _log DEBUG: Executor HighThroughputExecutor has 0 active tasks, 1/0 running/pending blocks, and 1 connected workers
1724107702.910042 2024-08-19 22:48:22 MainProcess-3010059 JobStatusPoller-Timer-Thread-22572855322192-22572841076480 parsl.jobs.strategy:175 _log DEBUG: Strategy case 1: Executor has no active tasks
1724107702.910080 2024-08-19 22:48:22 MainProcess-3010059 JobStatusPoller-Timer-Thread-22572855322192-22572841076480 parsl.jobs.strategy:175 _log DEBUG: Strategy case 1b: Executor has no active tasks, and more (1) than minimum blocks (0)
1724107702.910124 2024-08-19 22:48:22 MainProcess-3010059 JobStatusPoller-Timer-Thread-22572855322192-22572841076480 parsl.jobs.strategy:175 _log DEBUG: Idle time 5.074592590332031s is less than max_idletime 120.0s for executor HighThroughputExecutor; not scaling in
1724107702.910160 2024-08-19 22:48:22 MainProcess-3010059 JobStatusPoller-Timer-Thread-22572855322192-22572841076480 parsl.process_loggers:175 _log DEBUG: Normal ending for _general_strategy on thread JobStatusPoller-Timer-Thread-22572855322192
1724107703.636868 2024-08-19 22:48:23 MainProcess-3010059 MainThread-22581615993024 parsl.dataflow.dflow:175 _log WARNING: Python is exiting with a DFK still running. You should call parsl.dfk().cleanup() before exiting to release any resources
