1724259715.878459 2024-08-21 17:01:55 MainProcess-3984852 MainThread-23022479614144 parsl.dataflow.dflow:175 _log INFO: Starting DataFlowKernel with config
Config(
    app_cache=True, 
    checkpoint_files=None, 
    checkpoint_mode=None, 
    checkpoint_period=None, 
    dependency_resolver=None, 
    executors=(HighThroughputExecutor(
        address='10.140.56.175', 
        address_probe_timeout=None, 
        available_accelerators=['0,1,2,3'], 
        block_error_handler=<function simple_error_handler at 0x14ee4bc6e8e0>, 
        cores_per_worker=1.0, 
        cpu_affinity='block-reverse', 
        drain_period=None, 
        enable_mpi_mode=False, 
        encrypted=False, 
        heartbeat_period=30, 
        heartbeat_threshold=120, 
        interchange_launch_cmd=['interchange.py'], 
        interchange_port_range=(55000, 56000), 
        label='HighThroughputExecutor', 
        launch_cmd='process_worker_pool.py {debug} {max_workers_per_node} -a {addresses} -p {prefetch_capacity} -c {cores_per_worker} -m {mem_per_worker} --poll {poll_period} --task_port={task_port} --result_port={result_port} --cert_dir {cert_dir} --logdir={logdir} --block_id={{block_id}} --hb_period={heartbeat_period} {address_probe_timeout_string} --hb_threshold={heartbeat_threshold} --drain_period={drain_period} --cpu-affinity {cpu_affinity} {enable_mpi_mode} --mpi-launcher={mpi_launcher} --available-accelerators {accelerators}', 
        manager_selector=<parsl.executors.high_throughput.manager_selector.RandomManagerSelector object at 0x14ee4bc7a910>, 
        max_workers=inf, 
        max_workers_per_node=inf, 
        mem_per_worker=None, 
        mpi_launcher='mpiexec', 
        poll_period=10, 
        prefetch_capacity=0, 
        provider=LocalProvider(
            channel=LocalChannel(
                envs={}, 
                script_dir=None, 
                userhome='/home/viralss2/nekRS-ML_MSR/examples/parsl_MSR_smartsim'
            ), 
            cmd_timeout=30, 
            init_blocks=1, 
            launcher=SingleNodeLauncher(debug=True, fail_on_any=False), 
            max_blocks=1, 
            min_blocks=0, 
            move_files=None, 
            nodes_per_block=1, 
            parallelism=1, 
            worker_init='source /home/viralss2/ALCF_Hands_on_HPC_Workshop/workflows/parsl/launch_eg/set_run_env;\n                            cd /home/viralss2/nekRS-ML_MSR/examples/parsl_MSR_smartsim'
        ), 
        storage_access=None, 
        worker_debug=False, 
        worker_logdir_root=None, 
        worker_port_range=(54000, 55000), 
        worker_ports=None, 
        working_dir=None
    ),), 
    exit_mode='cleanup', 
    garbage_collect=True, 
    initialize_logging=True, 
    internal_tasks_max_threads=10, 
    max_idletime=120.0, 
    monitoring=None, 
    retries=1, 
    retry_handler=None, 
    run_dir='runinfo', 
    std_autopath=None, 
    strategy='simple', 
    strategy_period=5, 
    usage_tracking=0
)
1724259715.879810 2024-08-21 17:01:55 MainProcess-3984852 MainThread-23022479614144 parsl.dataflow.dflow:175 _log INFO: Parsl version: 2024.08.05
1724259715.879896 2024-08-21 17:01:55 MainProcess-3984852 MainThread-23022479614144 parsl.usage_tracking.usage:175 _log DEBUG: Tracking level: 0
1724259715.879975 2024-08-21 17:01:55 MainProcess-3984852 MainThread-23022479614144 parsl.dataflow.dflow:175 _log INFO: Run id is: 6b1f783c-cfd0-4f02-8e0d-468854185277
1724259716.037855 2024-08-21 17:01:56 MainProcess-3984852 MainThread-23022479614144 parsl.dataflow.dflow:175 _log DEBUG: Considering candidate for workflow name: /home/viralss2/SSML/lib/python3.11/site-packages/parsl/dataflow/dflow.py
1724259716.037924 2024-08-21 17:01:56 MainProcess-3984852 MainThread-23022479614144 parsl.dataflow.dflow:175 _log DEBUG: Considering candidate for workflow name: /soft/applications/conda/2024-04-29/mconda3/lib/python3.11/site-packages/typeguard/__init__.py
1724259716.037977 2024-08-21 17:01:56 MainProcess-3984852 MainThread-23022479614144 parsl.dataflow.dflow:175 _log DEBUG: Considering candidate for workflow name: /home/viralss2/SSML/lib/python3.11/site-packages/parsl/dataflow/dflow.py
1724259716.038042 2024-08-21 17:01:56 MainProcess-3984852 MainThread-23022479614144 parsl.dataflow.dflow:175 _log DEBUG: Considering candidate for workflow name: /soft/applications/conda/2024-04-29/mconda3/lib/python3.11/site-packages/typeguard/__init__.py
1724259716.038101 2024-08-21 17:01:56 MainProcess-3984852 MainThread-23022479614144 parsl.dataflow.dflow:175 _log DEBUG: Considering candidate for workflow name: /home/viralss2/nekRS-ML_MSR/examples/parsl_MSR_smartsim/ssim_driver_polaris.py
1724259716.038143 2024-08-21 17:01:56 MainProcess-3984852 MainThread-23022479614144 parsl.dataflow.dflow:175 _log DEBUG: Using ssim_driver_polaris.py as workflow name
1724259716.038272 2024-08-21 17:01:56 MainProcess-3984852 MainThread-23022479614144 parsl.dataflow.memoization:175 _log INFO: App caching initialized
1724259716.038329 2024-08-21 17:01:56 MainProcess-3984852 MainThread-23022479614144 parsl.jobs.strategy:175 _log DEBUG: Scaling strategy: simple
1724259716.043015 2024-08-21 17:01:56 MainProcess-3984852 MainThread-23022479614144 parsl.executors.high_throughput.executor:175 _log DEBUG: Starting result queue thread
1724259716.043340 2024-08-21 17:01:56 MainProcess-3984852 HTEX-Result-Queue-Thread-23013690001152 parsl.executors.high_throughput.executor:175 _log DEBUG: Result queue worker starting
1724259716.043431 2024-08-21 17:01:56 MainProcess-3984852 MainThread-23022479614144 parsl.executors.high_throughput.executor:175 _log DEBUG: Started result queue thread
1724259716.043492 2024-08-21 17:01:56 MainProcess-3984852 HTEX-Result-Queue-Thread-23013690001152 parsl.executors.high_throughput.zmq_pipes:175 _log DEBUG: Waiting for ResultsIncoming message
1724259716.044768 2024-08-21 17:01:56 MainProcess-3984852 MainThread-23022479614144 parsl.executors.high_throughput.executor:175 _log DEBUG: Popened interchange process. Writing config object
1724259716.044846 2024-08-21 17:01:56 MainProcess-3984852 MainThread-23022479614144 parsl.executors.high_throughput.executor:175 _log DEBUG: Sent config object. Requesting worker ports
1724259716.044900 2024-08-21 17:01:56 MainProcess-3984852 MainThread-23022479614144 parsl.executors.high_throughput.zmq_pipes:175 _log DEBUG: Sending command client command
1724259716.617159 2024-08-21 17:01:56 MainProcess-3984852 MainThread-23022479614144 parsl.executors.high_throughput.zmq_pipes:175 _log DEBUG: Polling for command client response or timeout
1724259716.618659 2024-08-21 17:01:56 MainProcess-3984852 MainThread-23022479614144 parsl.executors.high_throughput.zmq_pipes:175 _log DEBUG: Receiving command client response
1724259716.618732 2024-08-21 17:01:56 MainProcess-3984852 MainThread-23022479614144 parsl.executors.high_throughput.zmq_pipes:175 _log DEBUG: Received command client response
1724259716.618781 2024-08-21 17:01:56 MainProcess-3984852 MainThread-23022479614144 parsl.executors.high_throughput.executor:175 _log DEBUG: Got worker ports
1724259716.618823 2024-08-21 17:01:56 MainProcess-3984852 MainThread-23022479614144 parsl.executors.high_throughput.executor:175 _log DEBUG: Created result queue thread: <Thread(HTEX-Result-Queue-Thread, started daemon 23013690001152)>
1724259716.619028 2024-08-21 17:01:56 MainProcess-3984852 MainThread-23022479614144 parsl.executors.high_throughput.executor:175 _log DEBUG: Launch command: process_worker_pool.py   -a 10.140.56.175 -p 0 -c 1.0 -m None --poll 10 --task_port=54993 --result_port=54715 --cert_dir None --logdir=/home/viralss2/nekRS-ML_MSR/examples/parsl_MSR_smartsim/runinfo/067/HighThroughputExecutor --block_id={block_id} --hb_period=30  --hb_threshold=120 --drain_period=None --cpu-affinity block-reverse  --mpi-launcher=mpiexec --available-accelerators 0,1,2,3
1724259716.619084 2024-08-21 17:01:56 MainProcess-3984852 MainThread-23022479614144 parsl.executors.high_throughput.executor:175 _log DEBUG: Starting HighThroughputExecutor with provider:
LocalProvider(
    channel=LocalChannel(
        envs={}, 
        script_dir='/home/viralss2/nekRS-ML_MSR/examples/parsl_MSR_smartsim/runinfo/067/submit_scripts', 
        userhome='/home/viralss2/nekRS-ML_MSR/examples/parsl_MSR_smartsim'
    ), 
    cmd_timeout=30, 
    init_blocks=1, 
    launcher=SingleNodeLauncher(debug=True, fail_on_any=False), 
    max_blocks=1, 
    min_blocks=0, 
    move_files=None, 
    nodes_per_block=1, 
    parallelism=1, 
    worker_init='source /home/viralss2/ALCF_Hands_on_HPC_Workshop/workflows/parsl/launch_eg/set_run_env;\n                            cd /home/viralss2/nekRS-ML_MSR/examples/parsl_MSR_smartsim'
)
1724259716.619376 2024-08-21 17:01:56 MainProcess-3984852 MainThread-23022479614144 parsl.jobs.job_status_poller:175 _log DEBUG: Adding executor HighThroughputExecutor
1724259721.038768 2024-08-21 17:02:01 MainProcess-3984852 JobStatusPoller-Timer-Thread-23013706771792-23013704709888 parsl.executors.high_throughput.zmq_pipes:175 _log DEBUG: Sending command client command
1724259721.039030 2024-08-21 17:02:01 MainProcess-3984852 JobStatusPoller-Timer-Thread-23013706771792-23013704709888 parsl.executors.high_throughput.zmq_pipes:175 _log DEBUG: Receiving command client response
1724259721.039454 2024-08-21 17:02:01 MainProcess-3984852 JobStatusPoller-Timer-Thread-23013706771792-23013704709888 parsl.executors.high_throughput.zmq_pipes:175 _log DEBUG: Received command client response
1724259721.039558 2024-08-21 17:02:01 MainProcess-3984852 JobStatusPoller-Timer-Thread-23013706771792-23013704709888 parsl.jobs.strategy:175 _log DEBUG: general strategy starting with strategy_type simple for 1 executors
1724259721.039603 2024-08-21 17:02:01 MainProcess-3984852 JobStatusPoller-Timer-Thread-23013706771792-23013704709888 parsl.jobs.strategy:175 _log DEBUG: Strategizing for executor HighThroughputExecutor
1724259721.039644 2024-08-21 17:02:01 MainProcess-3984852 JobStatusPoller-Timer-Thread-23013706771792-23013704709888 parsl.jobs.strategy:175 _log DEBUG: Scaling out 1 initial blocks for HighThroughputExecutor
1724259721.039688 2024-08-21 17:02:01 MainProcess-3984852 JobStatusPoller-Timer-Thread-23013706771792-23013704709888 parsl.executors.status_handling:175 _log INFO: Scaling out by 1 blocks
1724259721.039732 2024-08-21 17:02:01 MainProcess-3984852 JobStatusPoller-Timer-Thread-23013706771792-23013704709888 parsl.executors.status_handling:175 _log INFO: Allocated block ID 0
1724259721.039777 2024-08-21 17:02:01 MainProcess-3984852 JobStatusPoller-Timer-Thread-23013706771792-23013704709888 parsl.executors.status_handling:175 _log DEBUG: Submitting to provider with job_name parsl.HighThroughputExecutor.block-0
1724259721.043130 2024-08-21 17:02:01 MainProcess-3984852 JobStatusPoller-Timer-Thread-23013706771792-23013704709888 parsl.providers.local.local:175 _log DEBUG: Launching
1724259721.043342 2024-08-21 17:02:01 MainProcess-3984852 JobStatusPoller-Timer-Thread-23013706771792-23013704709888 parsl.channels.local.local:175 _log DEBUG: Creating process with command '/bin/bash -c 'echo - >/home/viralss2/nekRS-ML_MSR/examples/parsl_MSR_smartsim/runinfo/067/submit_scripts/parsl.HighThroughputExecutor.block-0.1724259721.039898.sh.ec && { { bash /home/viralss2/nekRS-ML_MSR/examples/parsl_MSR_smartsim/runinfo/067/submit_scripts/parsl.HighThroughputExecutor.block-0.1724259721.039898.sh 1>/home/viralss2/nekRS-ML_MSR/examples/parsl_MSR_smartsim/runinfo/067/submit_scripts/parsl.HighThroughputExecutor.block-0.1724259721.039898.sh.out 2>/home/viralss2/nekRS-ML_MSR/examples/parsl_MSR_smartsim/runinfo/067/submit_scripts/parsl.HighThroughputExecutor.block-0.1724259721.039898.sh.err ; echo $? > /home/viralss2/nekRS-ML_MSR/examples/parsl_MSR_smartsim/runinfo/067/submit_scripts/parsl.HighThroughputExecutor.block-0.1724259721.039898.sh.ec ; } >/dev/null 2>&1 & echo "PID:$!" ; }''
1724259721.054586 2024-08-21 17:02:01 MainProcess-3984852 JobStatusPoller-Timer-Thread-23013706771792-23013704709888 parsl.channels.local.local:175 _log DEBUG: Created process with pid 3985065. Performing communicate
1724259721.064067 2024-08-21 17:02:01 MainProcess-3984852 JobStatusPoller-Timer-Thread-23013706771792-23013704709888 parsl.channels.local.local:175 _log DEBUG: Process 3985065 returned 0
1724259721.064195 2024-08-21 17:02:01 MainProcess-3984852 JobStatusPoller-Timer-Thread-23013706771792-23013704709888 parsl.channels.local.local:175 _log DEBUG: Execution of command in process 3985065 completed normally
1724259721.064360 2024-08-21 17:02:01 MainProcess-3984852 JobStatusPoller-Timer-Thread-23013706771792-23013704709888 parsl.executors.status_handling:175 _log DEBUG: Launched block 0 on executor HighThroughputExecutor with job ID 3985066
1724259721.064470 2024-08-21 17:02:01 MainProcess-3984852 JobStatusPoller-Timer-Thread-23013706771792-23013704709888 parsl.executors.high_throughput.zmq_pipes:175 _log DEBUG: Sending command client command
1724259721.064567 2024-08-21 17:02:01 MainProcess-3984852 JobStatusPoller-Timer-Thread-23013706771792-23013704709888 parsl.executors.high_throughput.zmq_pipes:175 _log DEBUG: Receiving command client response
1724259721.064728 2024-08-21 17:02:01 MainProcess-3984852 JobStatusPoller-Timer-Thread-23013706771792-23013704709888 parsl.executors.high_throughput.zmq_pipes:175 _log DEBUG: Received command client response
1724259721.064794 2024-08-21 17:02:01 MainProcess-3984852 JobStatusPoller-Timer-Thread-23013706771792-23013704709888 parsl.jobs.strategy:175 _log DEBUG: Slot ratio calculation: active_slots = 1, active_tasks = 0
1724259721.064840 2024-08-21 17:02:01 MainProcess-3984852 JobStatusPoller-Timer-Thread-23013706771792-23013704709888 parsl.executors.high_throughput.zmq_pipes:175 _log DEBUG: Sending command client command
1724259721.064889 2024-08-21 17:02:01 MainProcess-3984852 JobStatusPoller-Timer-Thread-23013706771792-23013704709888 parsl.executors.high_throughput.zmq_pipes:175 _log DEBUG: Receiving command client response
1724259721.064986 2024-08-21 17:02:01 MainProcess-3984852 JobStatusPoller-Timer-Thread-23013706771792-23013704709888 parsl.executors.high_throughput.zmq_pipes:175 _log DEBUG: Received command client response
1724259721.065034 2024-08-21 17:02:01 MainProcess-3984852 JobStatusPoller-Timer-Thread-23013706771792-23013704709888 parsl.executors.high_throughput.zmq_pipes:175 _log DEBUG: Sending command client command
1724259721.065082 2024-08-21 17:02:01 MainProcess-3984852 JobStatusPoller-Timer-Thread-23013706771792-23013704709888 parsl.executors.high_throughput.zmq_pipes:175 _log DEBUG: Receiving command client response
1724259721.065172 2024-08-21 17:02:01 MainProcess-3984852 JobStatusPoller-Timer-Thread-23013706771792-23013704709888 parsl.executors.high_throughput.zmq_pipes:175 _log DEBUG: Received command client response
1724259721.065215 2024-08-21 17:02:01 MainProcess-3984852 JobStatusPoller-Timer-Thread-23013706771792-23013704709888 parsl.jobs.strategy:175 _log DEBUG: Executor HighThroughputExecutor has 0 active tasks, 0/1 running/pending blocks, and 0 connected workers
1724259721.065253 2024-08-21 17:02:01 MainProcess-3984852 JobStatusPoller-Timer-Thread-23013706771792-23013704709888 parsl.jobs.strategy:175 _log DEBUG: Strategy case 1: Executor has no active tasks
1724259721.065291 2024-08-21 17:02:01 MainProcess-3984852 JobStatusPoller-Timer-Thread-23013706771792-23013704709888 parsl.jobs.strategy:175 _log DEBUG: Strategy case 1b: Executor has no active tasks, and more (1) than minimum blocks (0)
1724259721.065332 2024-08-21 17:02:01 MainProcess-3984852 JobStatusPoller-Timer-Thread-23013706771792-23013704709888 parsl.jobs.strategy:175 _log DEBUG: Starting idle timer for executor. If idle time exceeds 120.0s, blocks will be scaled in
1724259721.065387 2024-08-21 17:02:01 MainProcess-3984852 JobStatusPoller-Timer-Thread-23013706771792-23013704709888 parsl.jobs.strategy:175 _log DEBUG: Idle time 1.430511474609375e-06s is less than max_idletime 120.0s for executor HighThroughputExecutor; not scaling in
1724259721.065442 2024-08-21 17:02:01 MainProcess-3984852 JobStatusPoller-Timer-Thread-23013706771792-23013704709888 parsl.process_loggers:175 _log DEBUG: Normal ending for _general_strategy on thread JobStatusPoller-Timer-Thread-23013706771792
1724259726.065997 2024-08-21 17:02:06 MainProcess-3984852 JobStatusPoller-Timer-Thread-23013706771792-23013704709888 parsl.channels.local.local:175 _log DEBUG: Creating process with command 'ps -p 3985066 > /dev/null 2> /dev/null; echo "STATUS:$?" '
1724259726.076520 2024-08-21 17:02:06 MainProcess-3984852 JobStatusPoller-Timer-Thread-23013706771792-23013704709888 parsl.channels.local.local:175 _log DEBUG: Created process with pid 3985210. Performing communicate
1724259726.133351 2024-08-21 17:02:06 MainProcess-3984852 JobStatusPoller-Timer-Thread-23013706771792-23013704709888 parsl.channels.local.local:175 _log DEBUG: Process 3985210 returned 0
1724259726.133465 2024-08-21 17:02:06 MainProcess-3984852 JobStatusPoller-Timer-Thread-23013706771792-23013704709888 parsl.channels.local.local:175 _log DEBUG: Execution of command in process 3985210 completed normally
1724259726.134748 2024-08-21 17:02:06 MainProcess-3984852 JobStatusPoller-Timer-Thread-23013706771792-23013704709888 parsl.executors.high_throughput.zmq_pipes:175 _log DEBUG: Sending command client command
1724259726.134873 2024-08-21 17:02:06 MainProcess-3984852 JobStatusPoller-Timer-Thread-23013706771792-23013704709888 parsl.executors.high_throughput.zmq_pipes:175 _log DEBUG: Receiving command client response
1724259726.135246 2024-08-21 17:02:06 MainProcess-3984852 JobStatusPoller-Timer-Thread-23013706771792-23013704709888 parsl.executors.high_throughput.zmq_pipes:175 _log DEBUG: Received command client response
1724259726.135399 2024-08-21 17:02:06 MainProcess-3984852 JobStatusPoller-Timer-Thread-23013706771792-23013704709888 parsl.jobs.strategy:175 _log DEBUG: general strategy starting with strategy_type simple for 1 executors
1724259726.135451 2024-08-21 17:02:06 MainProcess-3984852 JobStatusPoller-Timer-Thread-23013706771792-23013704709888 parsl.jobs.strategy:175 _log DEBUG: Strategizing for executor HighThroughputExecutor
1724259726.135503 2024-08-21 17:02:06 MainProcess-3984852 JobStatusPoller-Timer-Thread-23013706771792-23013704709888 parsl.executors.high_throughput.zmq_pipes:175 _log DEBUG: Sending command client command
1724259726.135557 2024-08-21 17:02:06 MainProcess-3984852 JobStatusPoller-Timer-Thread-23013706771792-23013704709888 parsl.executors.high_throughput.zmq_pipes:175 _log DEBUG: Receiving command client response
1724259726.135765 2024-08-21 17:02:06 MainProcess-3984852 JobStatusPoller-Timer-Thread-23013706771792-23013704709888 parsl.executors.high_throughput.zmq_pipes:175 _log DEBUG: Received command client response
1724259726.135850 2024-08-21 17:02:06 MainProcess-3984852 JobStatusPoller-Timer-Thread-23013706771792-23013704709888 parsl.jobs.strategy:175 _log DEBUG: Slot ratio calculation: active_slots = 1, active_tasks = 0
1724259726.135906 2024-08-21 17:02:06 MainProcess-3984852 JobStatusPoller-Timer-Thread-23013706771792-23013704709888 parsl.executors.high_throughput.zmq_pipes:175 _log DEBUG: Sending command client command
1724259726.135967 2024-08-21 17:02:06 MainProcess-3984852 JobStatusPoller-Timer-Thread-23013706771792-23013704709888 parsl.executors.high_throughput.zmq_pipes:175 _log DEBUG: Receiving command client response
1724259726.136142 2024-08-21 17:02:06 MainProcess-3984852 JobStatusPoller-Timer-Thread-23013706771792-23013704709888 parsl.executors.high_throughput.zmq_pipes:175 _log DEBUG: Received command client response
1724259726.136221 2024-08-21 17:02:06 MainProcess-3984852 JobStatusPoller-Timer-Thread-23013706771792-23013704709888 parsl.executors.high_throughput.zmq_pipes:175 _log DEBUG: Sending command client command
1724259726.136281 2024-08-21 17:02:06 MainProcess-3984852 JobStatusPoller-Timer-Thread-23013706771792-23013704709888 parsl.executors.high_throughput.zmq_pipes:175 _log DEBUG: Receiving command client response
1724259726.136426 2024-08-21 17:02:06 MainProcess-3984852 JobStatusPoller-Timer-Thread-23013706771792-23013704709888 parsl.executors.high_throughput.zmq_pipes:175 _log DEBUG: Received command client response
1724259726.136474 2024-08-21 17:02:06 MainProcess-3984852 JobStatusPoller-Timer-Thread-23013706771792-23013704709888 parsl.jobs.strategy:175 _log DEBUG: Executor HighThroughputExecutor has 0 active tasks, 1/0 running/pending blocks, and 1 connected workers
1724259726.136541 2024-08-21 17:02:06 MainProcess-3984852 JobStatusPoller-Timer-Thread-23013706771792-23013704709888 parsl.jobs.strategy:175 _log DEBUG: Strategy case 1: Executor has no active tasks
1724259726.136586 2024-08-21 17:02:06 MainProcess-3984852 JobStatusPoller-Timer-Thread-23013706771792-23013704709888 parsl.jobs.strategy:175 _log DEBUG: Strategy case 1b: Executor has no active tasks, and more (1) than minimum blocks (0)
1724259726.136636 2024-08-21 17:02:06 MainProcess-3984852 JobStatusPoller-Timer-Thread-23013706771792-23013704709888 parsl.jobs.strategy:175 _log DEBUG: Idle time 5.071251153945923s is less than max_idletime 120.0s for executor HighThroughputExecutor; not scaling in
1724259726.136677 2024-08-21 17:02:06 MainProcess-3984852 JobStatusPoller-Timer-Thread-23013706771792-23013704709888 parsl.process_loggers:175 _log DEBUG: Normal ending for _general_strategy on thread JobStatusPoller-Timer-Thread-23013706771792
1724259726.863630 2024-08-21 17:02:06 MainProcess-3984852 MainThread-23022479614144 parsl.dataflow.dflow:175 _log DEBUG: Task 0 will be sent to executor HighThroughputExecutor
1724259726.863788 2024-08-21 17:02:06 MainProcess-3984852 MainThread-23022479614144 parsl.dataflow.dflow:175 _log DEBUG: Adding output dependencies
1724259726.863842 2024-08-21 17:02:06 MainProcess-3984852 MainThread-23022479614144 parsl.dataflow.dflow:175 _log DEBUG: Added output dependencies
1724259726.863889 2024-08-21 17:02:06 MainProcess-3984852 MainThread-23022479614144 parsl.dataflow.dflow:175 _log DEBUG: Gathering dependencies
1724259726.864007 2024-08-21 17:02:06 MainProcess-3984852 MainThread-23022479614144 parsl.dataflow.dflow:175 _log DEBUG: Gathered dependencies
1724259726.864057 2024-08-21 17:02:06 MainProcess-3984852 MainThread-23022479614144 parsl.dataflow.dflow:175 _log INFO: Task 0 submitted for App hello_affinity, not waiting on any dependency
1724259726.864121 2024-08-21 17:02:06 MainProcess-3984852 MainThread-23022479614144 parsl.dataflow.dflow:175 _log DEBUG: Task 0 set to pending state with AppFuture: <AppFuture at 0x14ee4bd04ed0 state=pending>
1724259726.864454 2024-08-21 17:02:06 MainProcess-3984852 Dependency-Launch_0-23014794270464 parsl.dataflow.memoization:175 _log DEBUG: Task 0 will not be memoized
1724259726.864594 2024-08-21 17:02:06 MainProcess-3984852 Dependency-Launch_0-23014794270464 parsl.executors.high_throughput.executor:175 _log DEBUG: Pushing function <function wrap_error.<locals>.wrapper at 0x14ee4bb728e0> to queue with args ("'--setup msr.par --backend CUDA'", "'/home/viralss2/nekRS-ML_MSR/examples/parsl_MSR_smartsim'", '0', "'SSDB'")
1724259726.866654 2024-08-21 17:02:06 MainProcess-3984852 Dependency-Launch_0-23014794270464 parsl.executors.high_throughput.zmq_pipes:175 _log DEBUG: Sending TasksOutgoing message
1724259726.866737 2024-08-21 17:02:06 MainProcess-3984852 Dependency-Launch_0-23014794270464 parsl.executors.high_throughput.zmq_pipes:175 _log DEBUG: Sent TasksOutgoing message
1724259726.866802 2024-08-21 17:02:06 MainProcess-3984852 Dependency-Launch_0-23014794270464 parsl.dataflow.dflow:175 _log INFO: Parsl task 0 try 0 launched on executor HighThroughputExecutor with executor id 1
1724259726.866858 2024-08-21 17:02:06 MainProcess-3984852 Dependency-Launch_0-23014794270464 parsl.dataflow.dflow:175 _log INFO: Standard out for task 0 will be redirected to /home/viralss2/nekRS-ML_MSR/examples/parsl_MSR_smartsim/MSR/nekrs/output0/nekrs.out
1724259726.866903 2024-08-21 17:02:06 MainProcess-3984852 Dependency-Launch_0-23014794270464 parsl.dataflow.dflow:175 _log INFO: Standard error for task 0 will be redirected to /home/viralss2/nekRS-ML_MSR/examples/parsl_MSR_smartsim/MSR/nekrs/output0/nekrs.err
1724259726.866950 2024-08-21 17:02:06 MainProcess-3984852 Dependency-Launch_0-23014794270464 parsl.process_loggers:175 _log DEBUG: Normal ending for _launch_if_ready_async on thread Dependency-Launch_0
1724259731.137220 2024-08-21 17:02:11 MainProcess-3984852 JobStatusPoller-Timer-Thread-23013706771792-23013704709888 parsl.channels.local.local:175 _log DEBUG: Creating process with command 'ps -p 3985066 > /dev/null 2> /dev/null; echo "STATUS:$?" '
1724259731.147683 2024-08-21 17:02:11 MainProcess-3984852 JobStatusPoller-Timer-Thread-23013706771792-23013704709888 parsl.channels.local.local:175 _log DEBUG: Created process with pid 3985333. Performing communicate
1724259731.206722 2024-08-21 17:02:11 MainProcess-3984852 JobStatusPoller-Timer-Thread-23013706771792-23013704709888 parsl.channels.local.local:175 _log DEBUG: Process 3985333 returned 0
1724259731.206840 2024-08-21 17:02:11 MainProcess-3984852 JobStatusPoller-Timer-Thread-23013706771792-23013704709888 parsl.channels.local.local:175 _log DEBUG: Execution of command in process 3985333 completed normally
1724259731.207950 2024-08-21 17:02:11 MainProcess-3984852 JobStatusPoller-Timer-Thread-23013706771792-23013704709888 parsl.executors.high_throughput.zmq_pipes:175 _log DEBUG: Sending command client command
1724259731.208066 2024-08-21 17:02:11 MainProcess-3984852 JobStatusPoller-Timer-Thread-23013706771792-23013704709888 parsl.executors.high_throughput.zmq_pipes:175 _log DEBUG: Receiving command client response
1724259731.208369 2024-08-21 17:02:11 MainProcess-3984852 JobStatusPoller-Timer-Thread-23013706771792-23013704709888 parsl.executors.high_throughput.zmq_pipes:175 _log DEBUG: Received command client response
1724259731.208507 2024-08-21 17:02:11 MainProcess-3984852 JobStatusPoller-Timer-Thread-23013706771792-23013704709888 parsl.jobs.strategy:175 _log DEBUG: general strategy starting with strategy_type simple for 1 executors
1724259731.208559 2024-08-21 17:02:11 MainProcess-3984852 JobStatusPoller-Timer-Thread-23013706771792-23013704709888 parsl.jobs.strategy:175 _log DEBUG: Strategizing for executor HighThroughputExecutor
1724259731.208619 2024-08-21 17:02:11 MainProcess-3984852 JobStatusPoller-Timer-Thread-23013706771792-23013704709888 parsl.executors.high_throughput.zmq_pipes:175 _log DEBUG: Sending command client command
1724259731.208670 2024-08-21 17:02:11 MainProcess-3984852 JobStatusPoller-Timer-Thread-23013706771792-23013704709888 parsl.executors.high_throughput.zmq_pipes:175 _log DEBUG: Receiving command client response
1724259731.208924 2024-08-21 17:02:11 MainProcess-3984852 JobStatusPoller-Timer-Thread-23013706771792-23013704709888 parsl.executors.high_throughput.zmq_pipes:175 _log DEBUG: Received command client response
1724259731.209001 2024-08-21 17:02:11 MainProcess-3984852 JobStatusPoller-Timer-Thread-23013706771792-23013704709888 parsl.jobs.strategy:175 _log DEBUG: Slot ratio calculation: active_slots = 1, active_tasks = 1
1724259731.209052 2024-08-21 17:02:11 MainProcess-3984852 JobStatusPoller-Timer-Thread-23013706771792-23013704709888 parsl.executors.high_throughput.zmq_pipes:175 _log DEBUG: Sending command client command
1724259731.209109 2024-08-21 17:02:11 MainProcess-3984852 JobStatusPoller-Timer-Thread-23013706771792-23013704709888 parsl.executors.high_throughput.zmq_pipes:175 _log DEBUG: Receiving command client response
1724259731.209357 2024-08-21 17:02:11 MainProcess-3984852 JobStatusPoller-Timer-Thread-23013706771792-23013704709888 parsl.executors.high_throughput.zmq_pipes:175 _log DEBUG: Received command client response
1724259731.209427 2024-08-21 17:02:11 MainProcess-3984852 JobStatusPoller-Timer-Thread-23013706771792-23013704709888 parsl.executors.high_throughput.zmq_pipes:175 _log DEBUG: Sending command client command
1724259731.209488 2024-08-21 17:02:11 MainProcess-3984852 JobStatusPoller-Timer-Thread-23013706771792-23013704709888 parsl.executors.high_throughput.zmq_pipes:175 _log DEBUG: Receiving command client response
1724259731.209704 2024-08-21 17:02:11 MainProcess-3984852 JobStatusPoller-Timer-Thread-23013706771792-23013704709888 parsl.executors.high_throughput.zmq_pipes:175 _log DEBUG: Received command client response
1724259731.209768 2024-08-21 17:02:11 MainProcess-3984852 JobStatusPoller-Timer-Thread-23013706771792-23013704709888 parsl.jobs.strategy:175 _log DEBUG: Executor HighThroughputExecutor has 1 active tasks, 1/0 running/pending blocks, and 1 connected workers
1724259731.209836 2024-08-21 17:02:11 MainProcess-3984852 JobStatusPoller-Timer-Thread-23013706771792-23013704709888 parsl.jobs.strategy:175 _log DEBUG: Strategy case 3: no changes necessary to current block load
1724259731.209883 2024-08-21 17:02:11 MainProcess-3984852 JobStatusPoller-Timer-Thread-23013706771792-23013704709888 parsl.process_loggers:175 _log DEBUG: Normal ending for _general_strategy on thread JobStatusPoller-Timer-Thread-23013706771792
1724259736.210439 2024-08-21 17:02:16 MainProcess-3984852 JobStatusPoller-Timer-Thread-23013706771792-23013704709888 parsl.channels.local.local:175 _log DEBUG: Creating process with command 'ps -p 3985066 > /dev/null 2> /dev/null; echo "STATUS:$?" '
1724259736.220764 2024-08-21 17:02:16 MainProcess-3984852 JobStatusPoller-Timer-Thread-23013706771792-23013704709888 parsl.channels.local.local:175 _log DEBUG: Created process with pid 3985460. Performing communicate
1724259736.279388 2024-08-21 17:02:16 MainProcess-3984852 JobStatusPoller-Timer-Thread-23013706771792-23013704709888 parsl.channels.local.local:175 _log DEBUG: Process 3985460 returned 0
1724259736.279497 2024-08-21 17:02:16 MainProcess-3984852 JobStatusPoller-Timer-Thread-23013706771792-23013704709888 parsl.channels.local.local:175 _log DEBUG: Execution of command in process 3985460 completed normally
1724259736.280465 2024-08-21 17:02:16 MainProcess-3984852 JobStatusPoller-Timer-Thread-23013706771792-23013704709888 parsl.executors.high_throughput.zmq_pipes:175 _log DEBUG: Sending command client command
1724259736.280575 2024-08-21 17:02:16 MainProcess-3984852 JobStatusPoller-Timer-Thread-23013706771792-23013704709888 parsl.executors.high_throughput.zmq_pipes:175 _log DEBUG: Receiving command client response
1724259736.280839 2024-08-21 17:02:16 MainProcess-3984852 JobStatusPoller-Timer-Thread-23013706771792-23013704709888 parsl.executors.high_throughput.zmq_pipes:175 _log DEBUG: Received command client response
1724259736.280954 2024-08-21 17:02:16 MainProcess-3984852 JobStatusPoller-Timer-Thread-23013706771792-23013704709888 parsl.jobs.strategy:175 _log DEBUG: general strategy starting with strategy_type simple for 1 executors
1724259736.281000 2024-08-21 17:02:16 MainProcess-3984852 JobStatusPoller-Timer-Thread-23013706771792-23013704709888 parsl.jobs.strategy:175 _log DEBUG: Strategizing for executor HighThroughputExecutor
1724259736.281050 2024-08-21 17:02:16 MainProcess-3984852 JobStatusPoller-Timer-Thread-23013706771792-23013704709888 parsl.executors.high_throughput.zmq_pipes:175 _log DEBUG: Sending command client command
1724259736.281101 2024-08-21 17:02:16 MainProcess-3984852 JobStatusPoller-Timer-Thread-23013706771792-23013704709888 parsl.executors.high_throughput.zmq_pipes:175 _log DEBUG: Receiving command client response
1724259736.281271 2024-08-21 17:02:16 MainProcess-3984852 JobStatusPoller-Timer-Thread-23013706771792-23013704709888 parsl.executors.high_throughput.zmq_pipes:175 _log DEBUG: Received command client response
1724259736.281325 2024-08-21 17:02:16 MainProcess-3984852 JobStatusPoller-Timer-Thread-23013706771792-23013704709888 parsl.jobs.strategy:175 _log DEBUG: Slot ratio calculation: active_slots = 1, active_tasks = 1
1724259736.281367 2024-08-21 17:02:16 MainProcess-3984852 JobStatusPoller-Timer-Thread-23013706771792-23013704709888 parsl.executors.high_throughput.zmq_pipes:175 _log DEBUG: Sending command client command
1724259736.281413 2024-08-21 17:02:16 MainProcess-3984852 JobStatusPoller-Timer-Thread-23013706771792-23013704709888 parsl.executors.high_throughput.zmq_pipes:175 _log DEBUG: Receiving command client response
1724259736.281570 2024-08-21 17:02:16 MainProcess-3984852 JobStatusPoller-Timer-Thread-23013706771792-23013704709888 parsl.executors.high_throughput.zmq_pipes:175 _log DEBUG: Received command client response
1724259736.281617 2024-08-21 17:02:16 MainProcess-3984852 JobStatusPoller-Timer-Thread-23013706771792-23013704709888 parsl.executors.high_throughput.zmq_pipes:175 _log DEBUG: Sending command client command
1724259736.281682 2024-08-21 17:02:16 MainProcess-3984852 JobStatusPoller-Timer-Thread-23013706771792-23013704709888 parsl.executors.high_throughput.zmq_pipes:175 _log DEBUG: Receiving command client response
1724259736.281839 2024-08-21 17:02:16 MainProcess-3984852 JobStatusPoller-Timer-Thread-23013706771792-23013704709888 parsl.executors.high_throughput.zmq_pipes:175 _log DEBUG: Received command client response
1724259736.281882 2024-08-21 17:02:16 MainProcess-3984852 JobStatusPoller-Timer-Thread-23013706771792-23013704709888 parsl.jobs.strategy:175 _log DEBUG: Executor HighThroughputExecutor has 1 active tasks, 1/0 running/pending blocks, and 1 connected workers
1724259736.281925 2024-08-21 17:02:16 MainProcess-3984852 JobStatusPoller-Timer-Thread-23013706771792-23013704709888 parsl.jobs.strategy:175 _log DEBUG: Strategy case 3: no changes necessary to current block load
1724259736.281968 2024-08-21 17:02:16 MainProcess-3984852 JobStatusPoller-Timer-Thread-23013706771792-23013704709888 parsl.process_loggers:175 _log DEBUG: Normal ending for _general_strategy on thread JobStatusPoller-Timer-Thread-23013706771792
1724259741.282380 2024-08-21 17:02:21 MainProcess-3984852 JobStatusPoller-Timer-Thread-23013706771792-23013704709888 parsl.channels.local.local:175 _log DEBUG: Creating process with command 'ps -p 3985066 > /dev/null 2> /dev/null; echo "STATUS:$?" '
1724259741.292556 2024-08-21 17:02:21 MainProcess-3984852 JobStatusPoller-Timer-Thread-23013706771792-23013704709888 parsl.channels.local.local:175 _log DEBUG: Created process with pid 3985523. Performing communicate
1724259741.352053 2024-08-21 17:02:21 MainProcess-3984852 JobStatusPoller-Timer-Thread-23013706771792-23013704709888 parsl.channels.local.local:175 _log DEBUG: Process 3985523 returned 0
1724259741.352172 2024-08-21 17:02:21 MainProcess-3984852 JobStatusPoller-Timer-Thread-23013706771792-23013704709888 parsl.channels.local.local:175 _log DEBUG: Execution of command in process 3985523 completed normally
1724259741.352860 2024-08-21 17:02:21 MainProcess-3984852 JobStatusPoller-Timer-Thread-23013706771792-23013704709888 parsl.executors.high_throughput.zmq_pipes:175 _log DEBUG: Sending command client command
1724259741.352968 2024-08-21 17:02:21 MainProcess-3984852 JobStatusPoller-Timer-Thread-23013706771792-23013704709888 parsl.executors.high_throughput.zmq_pipes:175 _log DEBUG: Receiving command client response
1724259741.353336 2024-08-21 17:02:21 MainProcess-3984852 JobStatusPoller-Timer-Thread-23013706771792-23013704709888 parsl.executors.high_throughput.zmq_pipes:175 _log DEBUG: Received command client response
1724259741.353463 2024-08-21 17:02:21 MainProcess-3984852 JobStatusPoller-Timer-Thread-23013706771792-23013704709888 parsl.jobs.strategy:175 _log DEBUG: general strategy starting with strategy_type simple for 1 executors
1724259741.353511 2024-08-21 17:02:21 MainProcess-3984852 JobStatusPoller-Timer-Thread-23013706771792-23013704709888 parsl.jobs.strategy:175 _log DEBUG: Strategizing for executor HighThroughputExecutor
1724259741.353559 2024-08-21 17:02:21 MainProcess-3984852 JobStatusPoller-Timer-Thread-23013706771792-23013704709888 parsl.executors.high_throughput.zmq_pipes:175 _log DEBUG: Sending command client command
1724259741.353611 2024-08-21 17:02:21 MainProcess-3984852 JobStatusPoller-Timer-Thread-23013706771792-23013704709888 parsl.executors.high_throughput.zmq_pipes:175 _log DEBUG: Receiving command client response
1724259741.353922 2024-08-21 17:02:21 MainProcess-3984852 JobStatusPoller-Timer-Thread-23013706771792-23013704709888 parsl.executors.high_throughput.zmq_pipes:175 _log DEBUG: Received command client response
1724259741.353995 2024-08-21 17:02:21 MainProcess-3984852 JobStatusPoller-Timer-Thread-23013706771792-23013704709888 parsl.jobs.strategy:175 _log DEBUG: Slot ratio calculation: active_slots = 1, active_tasks = 1
1724259741.354044 2024-08-21 17:02:21 MainProcess-3984852 JobStatusPoller-Timer-Thread-23013706771792-23013704709888 parsl.executors.high_throughput.zmq_pipes:175 _log DEBUG: Sending command client command
1724259741.354116 2024-08-21 17:02:21 MainProcess-3984852 JobStatusPoller-Timer-Thread-23013706771792-23013704709888 parsl.executors.high_throughput.zmq_pipes:175 _log DEBUG: Receiving command client response
1724259741.354324 2024-08-21 17:02:21 MainProcess-3984852 JobStatusPoller-Timer-Thread-23013706771792-23013704709888 parsl.executors.high_throughput.zmq_pipes:175 _log DEBUG: Received command client response
1724259741.354390 2024-08-21 17:02:21 MainProcess-3984852 JobStatusPoller-Timer-Thread-23013706771792-23013704709888 parsl.executors.high_throughput.zmq_pipes:175 _log DEBUG: Sending command client command
1724259741.354447 2024-08-21 17:02:21 MainProcess-3984852 JobStatusPoller-Timer-Thread-23013706771792-23013704709888 parsl.executors.high_throughput.zmq_pipes:175 _log DEBUG: Receiving command client response
1724259741.354630 2024-08-21 17:02:21 MainProcess-3984852 JobStatusPoller-Timer-Thread-23013706771792-23013704709888 parsl.executors.high_throughput.zmq_pipes:175 _log DEBUG: Received command client response
1724259741.354673 2024-08-21 17:02:21 MainProcess-3984852 JobStatusPoller-Timer-Thread-23013706771792-23013704709888 parsl.jobs.strategy:175 _log DEBUG: Executor HighThroughputExecutor has 1 active tasks, 1/0 running/pending blocks, and 1 connected workers
1724259741.354719 2024-08-21 17:02:21 MainProcess-3984852 JobStatusPoller-Timer-Thread-23013706771792-23013704709888 parsl.jobs.strategy:175 _log DEBUG: Strategy case 3: no changes necessary to current block load
1724259741.354761 2024-08-21 17:02:21 MainProcess-3984852 JobStatusPoller-Timer-Thread-23013706771792-23013704709888 parsl.process_loggers:175 _log DEBUG: Normal ending for _general_strategy on thread JobStatusPoller-Timer-Thread-23013706771792
1724259746.355335 2024-08-21 17:02:26 MainProcess-3984852 JobStatusPoller-Timer-Thread-23013706771792-23013704709888 parsl.channels.local.local:175 _log DEBUG: Creating process with command 'ps -p 3985066 > /dev/null 2> /dev/null; echo "STATUS:$?" '
1724259746.366257 2024-08-21 17:02:26 MainProcess-3984852 JobStatusPoller-Timer-Thread-23013706771792-23013704709888 parsl.channels.local.local:175 _log DEBUG: Created process with pid 3985578. Performing communicate
1724259746.424399 2024-08-21 17:02:26 MainProcess-3984852 JobStatusPoller-Timer-Thread-23013706771792-23013704709888 parsl.channels.local.local:175 _log DEBUG: Process 3985578 returned 0
1724259746.424529 2024-08-21 17:02:26 MainProcess-3984852 JobStatusPoller-Timer-Thread-23013706771792-23013704709888 parsl.channels.local.local:175 _log DEBUG: Execution of command in process 3985578 completed normally
1724259746.424913 2024-08-21 17:02:26 MainProcess-3984852 JobStatusPoller-Timer-Thread-23013706771792-23013704709888 parsl.executors.high_throughput.zmq_pipes:175 _log DEBUG: Sending command client command
1724259746.425029 2024-08-21 17:02:26 MainProcess-3984852 JobStatusPoller-Timer-Thread-23013706771792-23013704709888 parsl.executors.high_throughput.zmq_pipes:175 _log DEBUG: Receiving command client response
1724259746.425458 2024-08-21 17:02:26 MainProcess-3984852 JobStatusPoller-Timer-Thread-23013706771792-23013704709888 parsl.executors.high_throughput.zmq_pipes:175 _log DEBUG: Received command client response
1724259746.425581 2024-08-21 17:02:26 MainProcess-3984852 JobStatusPoller-Timer-Thread-23013706771792-23013704709888 parsl.jobs.strategy:175 _log DEBUG: general strategy starting with strategy_type simple for 1 executors
1724259746.425628 2024-08-21 17:02:26 MainProcess-3984852 JobStatusPoller-Timer-Thread-23013706771792-23013704709888 parsl.jobs.strategy:175 _log DEBUG: Strategizing for executor HighThroughputExecutor
1724259746.425677 2024-08-21 17:02:26 MainProcess-3984852 JobStatusPoller-Timer-Thread-23013706771792-23013704709888 parsl.executors.high_throughput.zmq_pipes:175 _log DEBUG: Sending command client command
1724259746.425728 2024-08-21 17:02:26 MainProcess-3984852 JobStatusPoller-Timer-Thread-23013706771792-23013704709888 parsl.executors.high_throughput.zmq_pipes:175 _log DEBUG: Receiving command client response
1724259746.426011 2024-08-21 17:02:26 MainProcess-3984852 JobStatusPoller-Timer-Thread-23013706771792-23013704709888 parsl.executors.high_throughput.zmq_pipes:175 _log DEBUG: Received command client response
1724259746.426085 2024-08-21 17:02:26 MainProcess-3984852 JobStatusPoller-Timer-Thread-23013706771792-23013704709888 parsl.jobs.strategy:175 _log DEBUG: Slot ratio calculation: active_slots = 1, active_tasks = 1
1724259746.426136 2024-08-21 17:02:26 MainProcess-3984852 JobStatusPoller-Timer-Thread-23013706771792-23013704709888 parsl.executors.high_throughput.zmq_pipes:175 _log DEBUG: Sending command client command
1724259746.426191 2024-08-21 17:02:26 MainProcess-3984852 JobStatusPoller-Timer-Thread-23013706771792-23013704709888 parsl.executors.high_throughput.zmq_pipes:175 _log DEBUG: Receiving command client response
1724259746.426415 2024-08-21 17:02:26 MainProcess-3984852 JobStatusPoller-Timer-Thread-23013706771792-23013704709888 parsl.executors.high_throughput.zmq_pipes:175 _log DEBUG: Received command client response
1724259746.426485 2024-08-21 17:02:26 MainProcess-3984852 JobStatusPoller-Timer-Thread-23013706771792-23013704709888 parsl.executors.high_throughput.zmq_pipes:175 _log DEBUG: Sending command client command
1724259746.426545 2024-08-21 17:02:26 MainProcess-3984852 JobStatusPoller-Timer-Thread-23013706771792-23013704709888 parsl.executors.high_throughput.zmq_pipes:175 _log DEBUG: Receiving command client response
1724259746.426723 2024-08-21 17:02:26 MainProcess-3984852 JobStatusPoller-Timer-Thread-23013706771792-23013704709888 parsl.executors.high_throughput.zmq_pipes:175 _log DEBUG: Received command client response
1724259746.426790 2024-08-21 17:02:26 MainProcess-3984852 JobStatusPoller-Timer-Thread-23013706771792-23013704709888 parsl.jobs.strategy:175 _log DEBUG: Executor HighThroughputExecutor has 1 active tasks, 1/0 running/pending blocks, and 1 connected workers
1724259746.426844 2024-08-21 17:02:26 MainProcess-3984852 JobStatusPoller-Timer-Thread-23013706771792-23013704709888 parsl.jobs.strategy:175 _log DEBUG: Strategy case 3: no changes necessary to current block load
1724259746.426891 2024-08-21 17:02:26 MainProcess-3984852 JobStatusPoller-Timer-Thread-23013706771792-23013704709888 parsl.process_loggers:175 _log DEBUG: Normal ending for _general_strategy on thread JobStatusPoller-Timer-Thread-23013706771792
1724259751.427478 2024-08-21 17:02:31 MainProcess-3984852 JobStatusPoller-Timer-Thread-23013706771792-23013704709888 parsl.channels.local.local:175 _log DEBUG: Creating process with command 'ps -p 3985066 > /dev/null 2> /dev/null; echo "STATUS:$?" '
1724259751.437728 2024-08-21 17:02:31 MainProcess-3984852 JobStatusPoller-Timer-Thread-23013706771792-23013704709888 parsl.channels.local.local:175 _log DEBUG: Created process with pid 3985603. Performing communicate
1724259751.496365 2024-08-21 17:02:31 MainProcess-3984852 JobStatusPoller-Timer-Thread-23013706771792-23013704709888 parsl.channels.local.local:175 _log DEBUG: Process 3985603 returned 0
1724259751.496496 2024-08-21 17:02:31 MainProcess-3984852 JobStatusPoller-Timer-Thread-23013706771792-23013704709888 parsl.channels.local.local:175 _log DEBUG: Execution of command in process 3985603 completed normally
1724259751.496865 2024-08-21 17:02:31 MainProcess-3984852 JobStatusPoller-Timer-Thread-23013706771792-23013704709888 parsl.executors.high_throughput.zmq_pipes:175 _log DEBUG: Sending command client command
1724259751.496971 2024-08-21 17:02:31 MainProcess-3984852 JobStatusPoller-Timer-Thread-23013706771792-23013704709888 parsl.executors.high_throughput.zmq_pipes:175 _log DEBUG: Receiving command client response
1724259751.497298 2024-08-21 17:02:31 MainProcess-3984852 JobStatusPoller-Timer-Thread-23013706771792-23013704709888 parsl.executors.high_throughput.zmq_pipes:175 _log DEBUG: Received command client response
1724259751.497420 2024-08-21 17:02:31 MainProcess-3984852 JobStatusPoller-Timer-Thread-23013706771792-23013704709888 parsl.jobs.strategy:175 _log DEBUG: general strategy starting with strategy_type simple for 1 executors
1724259751.497484 2024-08-21 17:02:31 MainProcess-3984852 JobStatusPoller-Timer-Thread-23013706771792-23013704709888 parsl.jobs.strategy:175 _log DEBUG: Strategizing for executor HighThroughputExecutor
1724259751.497535 2024-08-21 17:02:31 MainProcess-3984852 JobStatusPoller-Timer-Thread-23013706771792-23013704709888 parsl.executors.high_throughput.zmq_pipes:175 _log DEBUG: Sending command client command
1724259751.497585 2024-08-21 17:02:31 MainProcess-3984852 JobStatusPoller-Timer-Thread-23013706771792-23013704709888 parsl.executors.high_throughput.zmq_pipes:175 _log DEBUG: Receiving command client response
1724259751.497833 2024-08-21 17:02:31 MainProcess-3984852 JobStatusPoller-Timer-Thread-23013706771792-23013704709888 parsl.executors.high_throughput.zmq_pipes:175 _log DEBUG: Received command client response
1724259751.497905 2024-08-21 17:02:31 MainProcess-3984852 JobStatusPoller-Timer-Thread-23013706771792-23013704709888 parsl.jobs.strategy:175 _log DEBUG: Slot ratio calculation: active_slots = 1, active_tasks = 1
1724259751.497955 2024-08-21 17:02:31 MainProcess-3984852 JobStatusPoller-Timer-Thread-23013706771792-23013704709888 parsl.executors.high_throughput.zmq_pipes:175 _log DEBUG: Sending command client command
1724259751.498007 2024-08-21 17:02:31 MainProcess-3984852 JobStatusPoller-Timer-Thread-23013706771792-23013704709888 parsl.executors.high_throughput.zmq_pipes:175 _log DEBUG: Receiving command client response
1724259751.498248 2024-08-21 17:02:31 MainProcess-3984852 JobStatusPoller-Timer-Thread-23013706771792-23013704709888 parsl.executors.high_throughput.zmq_pipes:175 _log DEBUG: Received command client response
1724259751.498316 2024-08-21 17:02:31 MainProcess-3984852 JobStatusPoller-Timer-Thread-23013706771792-23013704709888 parsl.executors.high_throughput.zmq_pipes:175 _log DEBUG: Sending command client command
1724259751.498375 2024-08-21 17:02:31 MainProcess-3984852 JobStatusPoller-Timer-Thread-23013706771792-23013704709888 parsl.executors.high_throughput.zmq_pipes:175 _log DEBUG: Receiving command client response
1724259751.498573 2024-08-21 17:02:31 MainProcess-3984852 JobStatusPoller-Timer-Thread-23013706771792-23013704709888 parsl.executors.high_throughput.zmq_pipes:175 _log DEBUG: Received command client response
1724259751.498638 2024-08-21 17:02:31 MainProcess-3984852 JobStatusPoller-Timer-Thread-23013706771792-23013704709888 parsl.jobs.strategy:175 _log DEBUG: Executor HighThroughputExecutor has 1 active tasks, 1/0 running/pending blocks, and 1 connected workers
1724259751.498691 2024-08-21 17:02:31 MainProcess-3984852 JobStatusPoller-Timer-Thread-23013706771792-23013704709888 parsl.jobs.strategy:175 _log DEBUG: Strategy case 3: no changes necessary to current block load
1724259751.498736 2024-08-21 17:02:31 MainProcess-3984852 JobStatusPoller-Timer-Thread-23013706771792-23013704709888 parsl.process_loggers:175 _log DEBUG: Normal ending for _general_strategy on thread JobStatusPoller-Timer-Thread-23013706771792
1724259755.260522 2024-08-21 17:02:35 MainProcess-3984852 HTEX-Result-Queue-Thread-23013690001152 parsl.executors.high_throughput.zmq_pipes:175 _log DEBUG: Received ResultsIncoming message
1724259755.260728 2024-08-21 17:02:35 MainProcess-3984852 HTEX-Result-Queue-Thread-23013690001152 parsl.executors.high_throughput.zmq_pipes:175 _log DEBUG: Waiting for ResultsIncoming message
1724259756.499298 2024-08-21 17:02:36 MainProcess-3984852 JobStatusPoller-Timer-Thread-23013706771792-23013704709888 parsl.channels.local.local:175 _log DEBUG: Creating process with command 'ps -p 3985066 > /dev/null 2> /dev/null; echo "STATUS:$?" '
1724259756.509417 2024-08-21 17:02:36 MainProcess-3984852 JobStatusPoller-Timer-Thread-23013706771792-23013704709888 parsl.channels.local.local:175 _log DEBUG: Created process with pid 3985652. Performing communicate
1724259756.567159 2024-08-21 17:02:36 MainProcess-3984852 JobStatusPoller-Timer-Thread-23013706771792-23013704709888 parsl.channels.local.local:175 _log DEBUG: Process 3985652 returned 0
1724259756.567290 2024-08-21 17:02:36 MainProcess-3984852 JobStatusPoller-Timer-Thread-23013706771792-23013704709888 parsl.channels.local.local:175 _log DEBUG: Execution of command in process 3985652 completed normally
1724259756.567648 2024-08-21 17:02:36 MainProcess-3984852 JobStatusPoller-Timer-Thread-23013706771792-23013704709888 parsl.executors.high_throughput.zmq_pipes:175 _log DEBUG: Sending command client command
1724259756.567751 2024-08-21 17:02:36 MainProcess-3984852 JobStatusPoller-Timer-Thread-23013706771792-23013704709888 parsl.executors.high_throughput.zmq_pipes:175 _log DEBUG: Receiving command client response
1724259756.568084 2024-08-21 17:02:36 MainProcess-3984852 JobStatusPoller-Timer-Thread-23013706771792-23013704709888 parsl.executors.high_throughput.zmq_pipes:175 _log DEBUG: Received command client response
1724259756.568212 2024-08-21 17:02:36 MainProcess-3984852 JobStatusPoller-Timer-Thread-23013706771792-23013704709888 parsl.jobs.strategy:175 _log DEBUG: general strategy starting with strategy_type simple for 1 executors
1724259756.568261 2024-08-21 17:02:36 MainProcess-3984852 JobStatusPoller-Timer-Thread-23013706771792-23013704709888 parsl.jobs.strategy:175 _log DEBUG: Strategizing for executor HighThroughputExecutor
1724259756.568311 2024-08-21 17:02:36 MainProcess-3984852 JobStatusPoller-Timer-Thread-23013706771792-23013704709888 parsl.executors.high_throughput.zmq_pipes:175 _log DEBUG: Sending command client command
1724259756.568365 2024-08-21 17:02:36 MainProcess-3984852 JobStatusPoller-Timer-Thread-23013706771792-23013704709888 parsl.executors.high_throughput.zmq_pipes:175 _log DEBUG: Receiving command client response
1724259756.568598 2024-08-21 17:02:36 MainProcess-3984852 JobStatusPoller-Timer-Thread-23013706771792-23013704709888 parsl.executors.high_throughput.zmq_pipes:175 _log DEBUG: Received command client response
1724259756.568669 2024-08-21 17:02:36 MainProcess-3984852 JobStatusPoller-Timer-Thread-23013706771792-23013704709888 parsl.jobs.strategy:175 _log DEBUG: Slot ratio calculation: active_slots = 1, active_tasks = 1
1724259756.568718 2024-08-21 17:02:36 MainProcess-3984852 JobStatusPoller-Timer-Thread-23013706771792-23013704709888 parsl.executors.high_throughput.zmq_pipes:175 _log DEBUG: Sending command client command
1724259756.568770 2024-08-21 17:02:36 MainProcess-3984852 JobStatusPoller-Timer-Thread-23013706771792-23013704709888 parsl.executors.high_throughput.zmq_pipes:175 _log DEBUG: Receiving command client response
1724259756.568960 2024-08-21 17:02:36 MainProcess-3984852 JobStatusPoller-Timer-Thread-23013706771792-23013704709888 parsl.executors.high_throughput.zmq_pipes:175 _log DEBUG: Received command client response
1724259756.569030 2024-08-21 17:02:36 MainProcess-3984852 JobStatusPoller-Timer-Thread-23013706771792-23013704709888 parsl.executors.high_throughput.zmq_pipes:175 _log DEBUG: Sending command client command
1724259756.569090 2024-08-21 17:02:36 MainProcess-3984852 JobStatusPoller-Timer-Thread-23013706771792-23013704709888 parsl.executors.high_throughput.zmq_pipes:175 _log DEBUG: Receiving command client response
1724259756.569267 2024-08-21 17:02:36 MainProcess-3984852 JobStatusPoller-Timer-Thread-23013706771792-23013704709888 parsl.executors.high_throughput.zmq_pipes:175 _log DEBUG: Received command client response
1724259756.569332 2024-08-21 17:02:36 MainProcess-3984852 JobStatusPoller-Timer-Thread-23013706771792-23013704709888 parsl.jobs.strategy:175 _log DEBUG: Executor HighThroughputExecutor has 1 active tasks, 1/0 running/pending blocks, and 1 connected workers
1724259756.569385 2024-08-21 17:02:36 MainProcess-3984852 JobStatusPoller-Timer-Thread-23013706771792-23013704709888 parsl.jobs.strategy:175 _log DEBUG: Strategy case 3: no changes necessary to current block load
1724259756.569431 2024-08-21 17:02:36 MainProcess-3984852 JobStatusPoller-Timer-Thread-23013706771792-23013704709888 parsl.process_loggers:175 _log DEBUG: Normal ending for _general_strategy on thread JobStatusPoller-Timer-Thread-23013706771792
1724259761.569974 2024-08-21 17:02:41 MainProcess-3984852 JobStatusPoller-Timer-Thread-23013706771792-23013704709888 parsl.channels.local.local:175 _log DEBUG: Creating process with command 'ps -p 3985066 > /dev/null 2> /dev/null; echo "STATUS:$?" '
1724259761.580199 2024-08-21 17:02:41 MainProcess-3984852 JobStatusPoller-Timer-Thread-23013706771792-23013704709888 parsl.channels.local.local:175 _log DEBUG: Created process with pid 3985752. Performing communicate
1724259761.638897 2024-08-21 17:02:41 MainProcess-3984852 JobStatusPoller-Timer-Thread-23013706771792-23013704709888 parsl.channels.local.local:175 _log DEBUG: Process 3985752 returned 0
1724259761.639056 2024-08-21 17:02:41 MainProcess-3984852 JobStatusPoller-Timer-Thread-23013706771792-23013704709888 parsl.channels.local.local:175 _log DEBUG: Execution of command in process 3985752 completed normally
1724259761.639398 2024-08-21 17:02:41 MainProcess-3984852 JobStatusPoller-Timer-Thread-23013706771792-23013704709888 parsl.executors.high_throughput.zmq_pipes:175 _log DEBUG: Sending command client command
1724259761.639499 2024-08-21 17:02:41 MainProcess-3984852 JobStatusPoller-Timer-Thread-23013706771792-23013704709888 parsl.executors.high_throughput.zmq_pipes:175 _log DEBUG: Receiving command client response
1724259761.639912 2024-08-21 17:02:41 MainProcess-3984852 JobStatusPoller-Timer-Thread-23013706771792-23013704709888 parsl.executors.high_throughput.zmq_pipes:175 _log DEBUG: Received command client response
1724259761.640034 2024-08-21 17:02:41 MainProcess-3984852 JobStatusPoller-Timer-Thread-23013706771792-23013704709888 parsl.jobs.strategy:175 _log DEBUG: general strategy starting with strategy_type simple for 1 executors
1724259761.640082 2024-08-21 17:02:41 MainProcess-3984852 JobStatusPoller-Timer-Thread-23013706771792-23013704709888 parsl.jobs.strategy:175 _log DEBUG: Strategizing for executor HighThroughputExecutor
1724259761.640131 2024-08-21 17:02:41 MainProcess-3984852 JobStatusPoller-Timer-Thread-23013706771792-23013704709888 parsl.executors.high_throughput.zmq_pipes:175 _log DEBUG: Sending command client command
1724259761.640184 2024-08-21 17:02:41 MainProcess-3984852 JobStatusPoller-Timer-Thread-23013706771792-23013704709888 parsl.executors.high_throughput.zmq_pipes:175 _log DEBUG: Receiving command client response
1724259761.640419 2024-08-21 17:02:41 MainProcess-3984852 JobStatusPoller-Timer-Thread-23013706771792-23013704709888 parsl.executors.high_throughput.zmq_pipes:175 _log DEBUG: Received command client response
1724259761.640493 2024-08-21 17:02:41 MainProcess-3984852 JobStatusPoller-Timer-Thread-23013706771792-23013704709888 parsl.jobs.strategy:175 _log DEBUG: Slot ratio calculation: active_slots = 1, active_tasks = 1
1724259761.640543 2024-08-21 17:02:41 MainProcess-3984852 JobStatusPoller-Timer-Thread-23013706771792-23013704709888 parsl.executors.high_throughput.zmq_pipes:175 _log DEBUG: Sending command client command
1724259761.640598 2024-08-21 17:02:41 MainProcess-3984852 JobStatusPoller-Timer-Thread-23013706771792-23013704709888 parsl.executors.high_throughput.zmq_pipes:175 _log DEBUG: Receiving command client response
1724259761.640804 2024-08-21 17:02:41 MainProcess-3984852 JobStatusPoller-Timer-Thread-23013706771792-23013704709888 parsl.executors.high_throughput.zmq_pipes:175 _log DEBUG: Received command client response
1724259761.640874 2024-08-21 17:02:41 MainProcess-3984852 JobStatusPoller-Timer-Thread-23013706771792-23013704709888 parsl.executors.high_throughput.zmq_pipes:175 _log DEBUG: Sending command client command
1724259761.640933 2024-08-21 17:02:41 MainProcess-3984852 JobStatusPoller-Timer-Thread-23013706771792-23013704709888 parsl.executors.high_throughput.zmq_pipes:175 _log DEBUG: Receiving command client response
1724259761.641130 2024-08-21 17:02:41 MainProcess-3984852 JobStatusPoller-Timer-Thread-23013706771792-23013704709888 parsl.executors.high_throughput.zmq_pipes:175 _log DEBUG: Received command client response
1724259761.641196 2024-08-21 17:02:41 MainProcess-3984852 JobStatusPoller-Timer-Thread-23013706771792-23013704709888 parsl.jobs.strategy:175 _log DEBUG: Executor HighThroughputExecutor has 1 active tasks, 1/0 running/pending blocks, and 1 connected workers
1724259761.641267 2024-08-21 17:02:41 MainProcess-3984852 JobStatusPoller-Timer-Thread-23013706771792-23013704709888 parsl.jobs.strategy:175 _log DEBUG: Strategy case 3: no changes necessary to current block load
1724259761.641315 2024-08-21 17:02:41 MainProcess-3984852 JobStatusPoller-Timer-Thread-23013706771792-23013704709888 parsl.process_loggers:175 _log DEBUG: Normal ending for _general_strategy on thread JobStatusPoller-Timer-Thread-23013706771792
1724259766.641747 2024-08-21 17:02:46 MainProcess-3984852 JobStatusPoller-Timer-Thread-23013706771792-23013704709888 parsl.channels.local.local:175 _log DEBUG: Creating process with command 'ps -p 3985066 > /dev/null 2> /dev/null; echo "STATUS:$?" '
1724259766.651848 2024-08-21 17:02:46 MainProcess-3984852 JobStatusPoller-Timer-Thread-23013706771792-23013704709888 parsl.channels.local.local:175 _log DEBUG: Created process with pid 3985909. Performing communicate
1724259766.710315 2024-08-21 17:02:46 MainProcess-3984852 JobStatusPoller-Timer-Thread-23013706771792-23013704709888 parsl.channels.local.local:175 _log DEBUG: Process 3985909 returned 0
1724259766.710493 2024-08-21 17:02:46 MainProcess-3984852 JobStatusPoller-Timer-Thread-23013706771792-23013704709888 parsl.channels.local.local:175 _log DEBUG: Execution of command in process 3985909 completed normally
1724259766.710852 2024-08-21 17:02:46 MainProcess-3984852 JobStatusPoller-Timer-Thread-23013706771792-23013704709888 parsl.executors.high_throughput.zmq_pipes:175 _log DEBUG: Sending command client command
1724259766.710949 2024-08-21 17:02:46 MainProcess-3984852 JobStatusPoller-Timer-Thread-23013706771792-23013704709888 parsl.executors.high_throughput.zmq_pipes:175 _log DEBUG: Receiving command client response
1724259766.711285 2024-08-21 17:02:46 MainProcess-3984852 JobStatusPoller-Timer-Thread-23013706771792-23013704709888 parsl.executors.high_throughput.zmq_pipes:175 _log DEBUG: Received command client response
1724259766.711406 2024-08-21 17:02:46 MainProcess-3984852 JobStatusPoller-Timer-Thread-23013706771792-23013704709888 parsl.jobs.strategy:175 _log DEBUG: general strategy starting with strategy_type simple for 1 executors
1724259766.711454 2024-08-21 17:02:46 MainProcess-3984852 JobStatusPoller-Timer-Thread-23013706771792-23013704709888 parsl.jobs.strategy:175 _log DEBUG: Strategizing for executor HighThroughputExecutor
1724259766.711505 2024-08-21 17:02:46 MainProcess-3984852 JobStatusPoller-Timer-Thread-23013706771792-23013704709888 parsl.executors.high_throughput.zmq_pipes:175 _log DEBUG: Sending command client command
1724259766.711558 2024-08-21 17:02:46 MainProcess-3984852 JobStatusPoller-Timer-Thread-23013706771792-23013704709888 parsl.executors.high_throughput.zmq_pipes:175 _log DEBUG: Receiving command client response
1724259766.711780 2024-08-21 17:02:46 MainProcess-3984852 JobStatusPoller-Timer-Thread-23013706771792-23013704709888 parsl.executors.high_throughput.zmq_pipes:175 _log DEBUG: Received command client response
1724259766.711854 2024-08-21 17:02:46 MainProcess-3984852 JobStatusPoller-Timer-Thread-23013706771792-23013704709888 parsl.jobs.strategy:175 _log DEBUG: Slot ratio calculation: active_slots = 1, active_tasks = 1
1724259766.711905 2024-08-21 17:02:46 MainProcess-3984852 JobStatusPoller-Timer-Thread-23013706771792-23013704709888 parsl.executors.high_throughput.zmq_pipes:175 _log DEBUG: Sending command client command
1724259766.711958 2024-08-21 17:02:46 MainProcess-3984852 JobStatusPoller-Timer-Thread-23013706771792-23013704709888 parsl.executors.high_throughput.zmq_pipes:175 _log DEBUG: Receiving command client response
1724259766.712122 2024-08-21 17:02:46 MainProcess-3984852 JobStatusPoller-Timer-Thread-23013706771792-23013704709888 parsl.executors.high_throughput.zmq_pipes:175 _log DEBUG: Received command client response
1724259766.712191 2024-08-21 17:02:46 MainProcess-3984852 JobStatusPoller-Timer-Thread-23013706771792-23013704709888 parsl.executors.high_throughput.zmq_pipes:175 _log DEBUG: Sending command client command
1724259766.712269 2024-08-21 17:02:46 MainProcess-3984852 JobStatusPoller-Timer-Thread-23013706771792-23013704709888 parsl.executors.high_throughput.zmq_pipes:175 _log DEBUG: Receiving command client response
1724259766.712433 2024-08-21 17:02:46 MainProcess-3984852 JobStatusPoller-Timer-Thread-23013706771792-23013704709888 parsl.executors.high_throughput.zmq_pipes:175 _log DEBUG: Received command client response
1724259766.712498 2024-08-21 17:02:46 MainProcess-3984852 JobStatusPoller-Timer-Thread-23013706771792-23013704709888 parsl.jobs.strategy:175 _log DEBUG: Executor HighThroughputExecutor has 1 active tasks, 1/0 running/pending blocks, and 1 connected workers
1724259766.712551 2024-08-21 17:02:46 MainProcess-3984852 JobStatusPoller-Timer-Thread-23013706771792-23013704709888 parsl.jobs.strategy:175 _log DEBUG: Strategy case 3: no changes necessary to current block load
1724259766.712594 2024-08-21 17:02:46 MainProcess-3984852 JobStatusPoller-Timer-Thread-23013706771792-23013704709888 parsl.process_loggers:175 _log DEBUG: Normal ending for _general_strategy on thread JobStatusPoller-Timer-Thread-23013706771792
1724259771.713113 2024-08-21 17:02:51 MainProcess-3984852 JobStatusPoller-Timer-Thread-23013706771792-23013704709888 parsl.channels.local.local:175 _log DEBUG: Creating process with command 'ps -p 3985066 > /dev/null 2> /dev/null; echo "STATUS:$?" '
1724259771.723516 2024-08-21 17:02:51 MainProcess-3984852 JobStatusPoller-Timer-Thread-23013706771792-23013704709888 parsl.channels.local.local:175 _log DEBUG: Created process with pid 3985982. Performing communicate
1724259771.781657 2024-08-21 17:02:51 MainProcess-3984852 JobStatusPoller-Timer-Thread-23013706771792-23013704709888 parsl.channels.local.local:175 _log DEBUG: Process 3985982 returned 0
1724259771.781835 2024-08-21 17:02:51 MainProcess-3984852 JobStatusPoller-Timer-Thread-23013706771792-23013704709888 parsl.channels.local.local:175 _log DEBUG: Execution of command in process 3985982 completed normally
1724259771.782314 2024-08-21 17:02:51 MainProcess-3984852 JobStatusPoller-Timer-Thread-23013706771792-23013704709888 parsl.executors.high_throughput.zmq_pipes:175 _log DEBUG: Sending command client command
1724259771.782413 2024-08-21 17:02:51 MainProcess-3984852 JobStatusPoller-Timer-Thread-23013706771792-23013704709888 parsl.executors.high_throughput.zmq_pipes:175 _log DEBUG: Receiving command client response
1724259771.782746 2024-08-21 17:02:51 MainProcess-3984852 JobStatusPoller-Timer-Thread-23013706771792-23013704709888 parsl.executors.high_throughput.zmq_pipes:175 _log DEBUG: Received command client response
1724259771.782863 2024-08-21 17:02:51 MainProcess-3984852 JobStatusPoller-Timer-Thread-23013706771792-23013704709888 parsl.jobs.strategy:175 _log DEBUG: general strategy starting with strategy_type simple for 1 executors
1724259771.782909 2024-08-21 17:02:51 MainProcess-3984852 JobStatusPoller-Timer-Thread-23013706771792-23013704709888 parsl.jobs.strategy:175 _log DEBUG: Strategizing for executor HighThroughputExecutor
1724259771.782956 2024-08-21 17:02:51 MainProcess-3984852 JobStatusPoller-Timer-Thread-23013706771792-23013704709888 parsl.executors.high_throughput.zmq_pipes:175 _log DEBUG: Sending command client command
1724259771.783007 2024-08-21 17:02:51 MainProcess-3984852 JobStatusPoller-Timer-Thread-23013706771792-23013704709888 parsl.executors.high_throughput.zmq_pipes:175 _log DEBUG: Receiving command client response
1724259771.783630 2024-08-21 17:02:51 MainProcess-3984852 JobStatusPoller-Timer-Thread-23013706771792-23013704709888 parsl.executors.high_throughput.zmq_pipes:175 _log DEBUG: Received command client response
1724259771.783703 2024-08-21 17:02:51 MainProcess-3984852 JobStatusPoller-Timer-Thread-23013706771792-23013704709888 parsl.jobs.strategy:175 _log DEBUG: Slot ratio calculation: active_slots = 1, active_tasks = 1
1724259771.783759 2024-08-21 17:02:51 MainProcess-3984852 JobStatusPoller-Timer-Thread-23013706771792-23013704709888 parsl.executors.high_throughput.zmq_pipes:175 _log DEBUG: Sending command client command
1724259771.783837 2024-08-21 17:02:51 MainProcess-3984852 JobStatusPoller-Timer-Thread-23013706771792-23013704709888 parsl.executors.high_throughput.zmq_pipes:175 _log DEBUG: Receiving command client response
1724259771.784003 2024-08-21 17:02:51 MainProcess-3984852 JobStatusPoller-Timer-Thread-23013706771792-23013704709888 parsl.executors.high_throughput.zmq_pipes:175 _log DEBUG: Received command client response
1724259771.784073 2024-08-21 17:02:51 MainProcess-3984852 JobStatusPoller-Timer-Thread-23013706771792-23013704709888 parsl.executors.high_throughput.zmq_pipes:175 _log DEBUG: Sending command client command
1724259771.784132 2024-08-21 17:02:51 MainProcess-3984852 JobStatusPoller-Timer-Thread-23013706771792-23013704709888 parsl.executors.high_throughput.zmq_pipes:175 _log DEBUG: Receiving command client response
1724259771.784295 2024-08-21 17:02:51 MainProcess-3984852 JobStatusPoller-Timer-Thread-23013706771792-23013704709888 parsl.executors.high_throughput.zmq_pipes:175 _log DEBUG: Received command client response
1724259771.784360 2024-08-21 17:02:51 MainProcess-3984852 JobStatusPoller-Timer-Thread-23013706771792-23013704709888 parsl.jobs.strategy:175 _log DEBUG: Executor HighThroughputExecutor has 1 active tasks, 1/0 running/pending blocks, and 1 connected workers
1724259771.784413 2024-08-21 17:02:51 MainProcess-3984852 JobStatusPoller-Timer-Thread-23013706771792-23013704709888 parsl.jobs.strategy:175 _log DEBUG: Strategy case 3: no changes necessary to current block load
1724259771.784458 2024-08-21 17:02:51 MainProcess-3984852 JobStatusPoller-Timer-Thread-23013706771792-23013704709888 parsl.process_loggers:175 _log DEBUG: Normal ending for _general_strategy on thread JobStatusPoller-Timer-Thread-23013706771792
1724259776.784869 2024-08-21 17:02:56 MainProcess-3984852 JobStatusPoller-Timer-Thread-23013706771792-23013704709888 parsl.channels.local.local:175 _log DEBUG: Creating process with command 'ps -p 3985066 > /dev/null 2> /dev/null; echo "STATUS:$?" '
1724259776.795144 2024-08-21 17:02:56 MainProcess-3984852 JobStatusPoller-Timer-Thread-23013706771792-23013704709888 parsl.channels.local.local:175 _log DEBUG: Created process with pid 3985989. Performing communicate
1724259776.854057 2024-08-21 17:02:56 MainProcess-3984852 JobStatusPoller-Timer-Thread-23013706771792-23013704709888 parsl.channels.local.local:175 _log DEBUG: Process 3985989 returned 0
1724259776.854218 2024-08-21 17:02:56 MainProcess-3984852 JobStatusPoller-Timer-Thread-23013706771792-23013704709888 parsl.channels.local.local:175 _log DEBUG: Execution of command in process 3985989 completed normally
1724259776.854701 2024-08-21 17:02:56 MainProcess-3984852 JobStatusPoller-Timer-Thread-23013706771792-23013704709888 parsl.executors.high_throughput.zmq_pipes:175 _log DEBUG: Sending command client command
1724259776.854802 2024-08-21 17:02:56 MainProcess-3984852 JobStatusPoller-Timer-Thread-23013706771792-23013704709888 parsl.executors.high_throughput.zmq_pipes:175 _log DEBUG: Receiving command client response
1724259776.855088 2024-08-21 17:02:56 MainProcess-3984852 JobStatusPoller-Timer-Thread-23013706771792-23013704709888 parsl.executors.high_throughput.zmq_pipes:175 _log DEBUG: Received command client response
1724259776.855212 2024-08-21 17:02:56 MainProcess-3984852 JobStatusPoller-Timer-Thread-23013706771792-23013704709888 parsl.jobs.strategy:175 _log DEBUG: general strategy starting with strategy_type simple for 1 executors
1724259776.855261 2024-08-21 17:02:56 MainProcess-3984852 JobStatusPoller-Timer-Thread-23013706771792-23013704709888 parsl.jobs.strategy:175 _log DEBUG: Strategizing for executor HighThroughputExecutor
1724259776.855310 2024-08-21 17:02:56 MainProcess-3984852 JobStatusPoller-Timer-Thread-23013706771792-23013704709888 parsl.executors.high_throughput.zmq_pipes:175 _log DEBUG: Sending command client command
1724259776.855363 2024-08-21 17:02:56 MainProcess-3984852 JobStatusPoller-Timer-Thread-23013706771792-23013704709888 parsl.executors.high_throughput.zmq_pipes:175 _log DEBUG: Receiving command client response
1724259776.855514 2024-08-21 17:02:56 MainProcess-3984852 JobStatusPoller-Timer-Thread-23013706771792-23013704709888 parsl.executors.high_throughput.zmq_pipes:175 _log DEBUG: Received command client response
1724259776.855570 2024-08-21 17:02:56 MainProcess-3984852 JobStatusPoller-Timer-Thread-23013706771792-23013704709888 parsl.jobs.strategy:175 _log DEBUG: Slot ratio calculation: active_slots = 1, active_tasks = 1
1724259776.855614 2024-08-21 17:02:56 MainProcess-3984852 JobStatusPoller-Timer-Thread-23013706771792-23013704709888 parsl.executors.high_throughput.zmq_pipes:175 _log DEBUG: Sending command client command
1724259776.855662 2024-08-21 17:02:56 MainProcess-3984852 JobStatusPoller-Timer-Thread-23013706771792-23013704709888 parsl.executors.high_throughput.zmq_pipes:175 _log DEBUG: Receiving command client response
1724259776.855835 2024-08-21 17:02:56 MainProcess-3984852 JobStatusPoller-Timer-Thread-23013706771792-23013704709888 parsl.executors.high_throughput.zmq_pipes:175 _log DEBUG: Received command client response
1724259776.855903 2024-08-21 17:02:56 MainProcess-3984852 JobStatusPoller-Timer-Thread-23013706771792-23013704709888 parsl.executors.high_throughput.zmq_pipes:175 _log DEBUG: Sending command client command
1724259776.855963 2024-08-21 17:02:56 MainProcess-3984852 JobStatusPoller-Timer-Thread-23013706771792-23013704709888 parsl.executors.high_throughput.zmq_pipes:175 _log DEBUG: Receiving command client response
1724259776.856128 2024-08-21 17:02:56 MainProcess-3984852 JobStatusPoller-Timer-Thread-23013706771792-23013704709888 parsl.executors.high_throughput.zmq_pipes:175 _log DEBUG: Received command client response
1724259776.856193 2024-08-21 17:02:56 MainProcess-3984852 JobStatusPoller-Timer-Thread-23013706771792-23013704709888 parsl.jobs.strategy:175 _log DEBUG: Executor HighThroughputExecutor has 1 active tasks, 1/0 running/pending blocks, and 1 connected workers
1724259776.856246 2024-08-21 17:02:56 MainProcess-3984852 JobStatusPoller-Timer-Thread-23013706771792-23013704709888 parsl.jobs.strategy:175 _log DEBUG: Strategy case 3: no changes necessary to current block load
1724259776.856292 2024-08-21 17:02:56 MainProcess-3984852 JobStatusPoller-Timer-Thread-23013706771792-23013704709888 parsl.process_loggers:175 _log DEBUG: Normal ending for _general_strategy on thread JobStatusPoller-Timer-Thread-23013706771792
1724259781.856646 2024-08-21 17:03:01 MainProcess-3984852 JobStatusPoller-Timer-Thread-23013706771792-23013704709888 parsl.channels.local.local:175 _log DEBUG: Creating process with command 'ps -p 3985066 > /dev/null 2> /dev/null; echo "STATUS:$?" '
1724259781.866636 2024-08-21 17:03:01 MainProcess-3984852 JobStatusPoller-Timer-Thread-23013706771792-23013704709888 parsl.channels.local.local:175 _log DEBUG: Created process with pid 3986045. Performing communicate
1724259781.924101 2024-08-21 17:03:01 MainProcess-3984852 JobStatusPoller-Timer-Thread-23013706771792-23013704709888 parsl.channels.local.local:175 _log DEBUG: Process 3986045 returned 0
1724259781.924230 2024-08-21 17:03:01 MainProcess-3984852 JobStatusPoller-Timer-Thread-23013706771792-23013704709888 parsl.channels.local.local:175 _log DEBUG: Execution of command in process 3986045 completed normally
1724259781.924558 2024-08-21 17:03:01 MainProcess-3984852 JobStatusPoller-Timer-Thread-23013706771792-23013704709888 parsl.executors.high_throughput.zmq_pipes:175 _log DEBUG: Sending command client command
1724259781.924656 2024-08-21 17:03:01 MainProcess-3984852 JobStatusPoller-Timer-Thread-23013706771792-23013704709888 parsl.executors.high_throughput.zmq_pipes:175 _log DEBUG: Receiving command client response
1724259781.924904 2024-08-21 17:03:01 MainProcess-3984852 JobStatusPoller-Timer-Thread-23013706771792-23013704709888 parsl.executors.high_throughput.zmq_pipes:175 _log DEBUG: Received command client response
1724259781.925007 2024-08-21 17:03:01 MainProcess-3984852 JobStatusPoller-Timer-Thread-23013706771792-23013704709888 parsl.jobs.strategy:175 _log DEBUG: general strategy starting with strategy_type simple for 1 executors
1724259781.925069 2024-08-21 17:03:01 MainProcess-3984852 JobStatusPoller-Timer-Thread-23013706771792-23013704709888 parsl.jobs.strategy:175 _log DEBUG: Strategizing for executor HighThroughputExecutor
1724259781.925116 2024-08-21 17:03:01 MainProcess-3984852 JobStatusPoller-Timer-Thread-23013706771792-23013704709888 parsl.executors.high_throughput.zmq_pipes:175 _log DEBUG: Sending command client command
1724259781.925166 2024-08-21 17:03:01 MainProcess-3984852 JobStatusPoller-Timer-Thread-23013706771792-23013704709888 parsl.executors.high_throughput.zmq_pipes:175 _log DEBUG: Receiving command client response
1724259781.925324 2024-08-21 17:03:01 MainProcess-3984852 JobStatusPoller-Timer-Thread-23013706771792-23013704709888 parsl.executors.high_throughput.zmq_pipes:175 _log DEBUG: Received command client response
1724259781.925375 2024-08-21 17:03:01 MainProcess-3984852 JobStatusPoller-Timer-Thread-23013706771792-23013704709888 parsl.jobs.strategy:175 _log DEBUG: Slot ratio calculation: active_slots = 1, active_tasks = 1
1724259781.925418 2024-08-21 17:03:01 MainProcess-3984852 JobStatusPoller-Timer-Thread-23013706771792-23013704709888 parsl.executors.high_throughput.zmq_pipes:175 _log DEBUG: Sending command client command
1724259781.925465 2024-08-21 17:03:01 MainProcess-3984852 JobStatusPoller-Timer-Thread-23013706771792-23013704709888 parsl.executors.high_throughput.zmq_pipes:175 _log DEBUG: Receiving command client response
1724259781.925608 2024-08-21 17:03:01 MainProcess-3984852 JobStatusPoller-Timer-Thread-23013706771792-23013704709888 parsl.executors.high_throughput.zmq_pipes:175 _log DEBUG: Received command client response
1724259781.925655 2024-08-21 17:03:01 MainProcess-3984852 JobStatusPoller-Timer-Thread-23013706771792-23013704709888 parsl.executors.high_throughput.zmq_pipes:175 _log DEBUG: Sending command client command
1724259781.925702 2024-08-21 17:03:01 MainProcess-3984852 JobStatusPoller-Timer-Thread-23013706771792-23013704709888 parsl.executors.high_throughput.zmq_pipes:175 _log DEBUG: Receiving command client response
1724259781.925844 2024-08-21 17:03:01 MainProcess-3984852 JobStatusPoller-Timer-Thread-23013706771792-23013704709888 parsl.executors.high_throughput.zmq_pipes:175 _log DEBUG: Received command client response
1724259781.925887 2024-08-21 17:03:01 MainProcess-3984852 JobStatusPoller-Timer-Thread-23013706771792-23013704709888 parsl.jobs.strategy:175 _log DEBUG: Executor HighThroughputExecutor has 1 active tasks, 1/0 running/pending blocks, and 1 connected workers
1724259781.925929 2024-08-21 17:03:01 MainProcess-3984852 JobStatusPoller-Timer-Thread-23013706771792-23013704709888 parsl.jobs.strategy:175 _log DEBUG: Strategy case 3: no changes necessary to current block load
1724259781.925968 2024-08-21 17:03:01 MainProcess-3984852 JobStatusPoller-Timer-Thread-23013706771792-23013704709888 parsl.process_loggers:175 _log DEBUG: Normal ending for _general_strategy on thread JobStatusPoller-Timer-Thread-23013706771792
1724259785.265468 2024-08-21 17:03:05 MainProcess-3984852 HTEX-Result-Queue-Thread-23013690001152 parsl.executors.high_throughput.zmq_pipes:175 _log DEBUG: Received ResultsIncoming message
1724259785.265682 2024-08-21 17:03:05 MainProcess-3984852 HTEX-Result-Queue-Thread-23013690001152 parsl.executors.high_throughput.zmq_pipes:175 _log DEBUG: Waiting for ResultsIncoming message
1724259786.926368 2024-08-21 17:03:06 MainProcess-3984852 JobStatusPoller-Timer-Thread-23013706771792-23013704709888 parsl.channels.local.local:175 _log DEBUG: Creating process with command 'ps -p 3985066 > /dev/null 2> /dev/null; echo "STATUS:$?" '
1724259786.936173 2024-08-21 17:03:06 MainProcess-3984852 JobStatusPoller-Timer-Thread-23013706771792-23013704709888 parsl.channels.local.local:175 _log DEBUG: Created process with pid 3986054. Performing communicate
1724259786.995726 2024-08-21 17:03:06 MainProcess-3984852 JobStatusPoller-Timer-Thread-23013706771792-23013704709888 parsl.channels.local.local:175 _log DEBUG: Process 3986054 returned 0
1724259786.995854 2024-08-21 17:03:06 MainProcess-3984852 JobStatusPoller-Timer-Thread-23013706771792-23013704709888 parsl.channels.local.local:175 _log DEBUG: Execution of command in process 3986054 completed normally
1724259786.996211 2024-08-21 17:03:06 MainProcess-3984852 JobStatusPoller-Timer-Thread-23013706771792-23013704709888 parsl.executors.high_throughput.zmq_pipes:175 _log DEBUG: Sending command client command
1724259786.996313 2024-08-21 17:03:06 MainProcess-3984852 JobStatusPoller-Timer-Thread-23013706771792-23013704709888 parsl.executors.high_throughput.zmq_pipes:175 _log DEBUG: Receiving command client response
1724259786.996553 2024-08-21 17:03:06 MainProcess-3984852 JobStatusPoller-Timer-Thread-23013706771792-23013704709888 parsl.executors.high_throughput.zmq_pipes:175 _log DEBUG: Received command client response
1724259786.996669 2024-08-21 17:03:06 MainProcess-3984852 JobStatusPoller-Timer-Thread-23013706771792-23013704709888 parsl.jobs.strategy:175 _log DEBUG: general strategy starting with strategy_type simple for 1 executors
1724259786.996714 2024-08-21 17:03:06 MainProcess-3984852 JobStatusPoller-Timer-Thread-23013706771792-23013704709888 parsl.jobs.strategy:175 _log DEBUG: Strategizing for executor HighThroughputExecutor
1724259786.996762 2024-08-21 17:03:06 MainProcess-3984852 JobStatusPoller-Timer-Thread-23013706771792-23013704709888 parsl.executors.high_throughput.zmq_pipes:175 _log DEBUG: Sending command client command
1724259786.996812 2024-08-21 17:03:06 MainProcess-3984852 JobStatusPoller-Timer-Thread-23013706771792-23013704709888 parsl.executors.high_throughput.zmq_pipes:175 _log DEBUG: Receiving command client response
1724259786.996966 2024-08-21 17:03:06 MainProcess-3984852 JobStatusPoller-Timer-Thread-23013706771792-23013704709888 parsl.executors.high_throughput.zmq_pipes:175 _log DEBUG: Received command client response
1724259786.997027 2024-08-21 17:03:06 MainProcess-3984852 JobStatusPoller-Timer-Thread-23013706771792-23013704709888 parsl.jobs.strategy:175 _log DEBUG: Slot ratio calculation: active_slots = 1, active_tasks = 1
1724259786.997072 2024-08-21 17:03:06 MainProcess-3984852 JobStatusPoller-Timer-Thread-23013706771792-23013704709888 parsl.executors.high_throughput.zmq_pipes:175 _log DEBUG: Sending command client command
1724259786.997121 2024-08-21 17:03:06 MainProcess-3984852 JobStatusPoller-Timer-Thread-23013706771792-23013704709888 parsl.executors.high_throughput.zmq_pipes:175 _log DEBUG: Receiving command client response
1724259786.997275 2024-08-21 17:03:06 MainProcess-3984852 JobStatusPoller-Timer-Thread-23013706771792-23013704709888 parsl.executors.high_throughput.zmq_pipes:175 _log DEBUG: Received command client response
1724259786.997324 2024-08-21 17:03:06 MainProcess-3984852 JobStatusPoller-Timer-Thread-23013706771792-23013704709888 parsl.executors.high_throughput.zmq_pipes:175 _log DEBUG: Sending command client command
1724259786.997373 2024-08-21 17:03:06 MainProcess-3984852 JobStatusPoller-Timer-Thread-23013706771792-23013704709888 parsl.executors.high_throughput.zmq_pipes:175 _log DEBUG: Receiving command client response
1724259786.997518 2024-08-21 17:03:06 MainProcess-3984852 JobStatusPoller-Timer-Thread-23013706771792-23013704709888 parsl.executors.high_throughput.zmq_pipes:175 _log DEBUG: Received command client response
1724259786.997571 2024-08-21 17:03:06 MainProcess-3984852 JobStatusPoller-Timer-Thread-23013706771792-23013704709888 parsl.jobs.strategy:175 _log DEBUG: Executor HighThroughputExecutor has 1 active tasks, 1/0 running/pending blocks, and 1 connected workers
1724259786.997617 2024-08-21 17:03:06 MainProcess-3984852 JobStatusPoller-Timer-Thread-23013706771792-23013704709888 parsl.jobs.strategy:175 _log DEBUG: Strategy case 3: no changes necessary to current block load
1724259786.997657 2024-08-21 17:03:06 MainProcess-3984852 JobStatusPoller-Timer-Thread-23013706771792-23013704709888 parsl.process_loggers:175 _log DEBUG: Normal ending for _general_strategy on thread JobStatusPoller-Timer-Thread-23013706771792
1724259791.998195 2024-08-21 17:03:11 MainProcess-3984852 JobStatusPoller-Timer-Thread-23013706771792-23013704709888 parsl.channels.local.local:175 _log DEBUG: Creating process with command 'ps -p 3985066 > /dev/null 2> /dev/null; echo "STATUS:$?" '
1724259792.007843 2024-08-21 17:03:12 MainProcess-3984852 JobStatusPoller-Timer-Thread-23013706771792-23013704709888 parsl.channels.local.local:175 _log DEBUG: Created process with pid 3986056. Performing communicate
1724259792.065052 2024-08-21 17:03:12 MainProcess-3984852 JobStatusPoller-Timer-Thread-23013706771792-23013704709888 parsl.channels.local.local:175 _log DEBUG: Process 3986056 returned 0
1724259792.065190 2024-08-21 17:03:12 MainProcess-3984852 JobStatusPoller-Timer-Thread-23013706771792-23013704709888 parsl.channels.local.local:175 _log DEBUG: Execution of command in process 3986056 completed normally
1724259792.065537 2024-08-21 17:03:12 MainProcess-3984852 JobStatusPoller-Timer-Thread-23013706771792-23013704709888 parsl.executors.high_throughput.zmq_pipes:175 _log DEBUG: Sending command client command
1724259792.065631 2024-08-21 17:03:12 MainProcess-3984852 JobStatusPoller-Timer-Thread-23013706771792-23013704709888 parsl.executors.high_throughput.zmq_pipes:175 _log DEBUG: Receiving command client response
1724259792.065927 2024-08-21 17:03:12 MainProcess-3984852 JobStatusPoller-Timer-Thread-23013706771792-23013704709888 parsl.executors.high_throughput.zmq_pipes:175 _log DEBUG: Received command client response
1724259792.066024 2024-08-21 17:03:12 MainProcess-3984852 JobStatusPoller-Timer-Thread-23013706771792-23013704709888 parsl.jobs.strategy:175 _log DEBUG: general strategy starting with strategy_type simple for 1 executors
1724259792.066067 2024-08-21 17:03:12 MainProcess-3984852 JobStatusPoller-Timer-Thread-23013706771792-23013704709888 parsl.jobs.strategy:175 _log DEBUG: Strategizing for executor HighThroughputExecutor
1724259792.066110 2024-08-21 17:03:12 MainProcess-3984852 JobStatusPoller-Timer-Thread-23013706771792-23013704709888 parsl.executors.high_throughput.zmq_pipes:175 _log DEBUG: Sending command client command
1724259792.066158 2024-08-21 17:03:12 MainProcess-3984852 JobStatusPoller-Timer-Thread-23013706771792-23013704709888 parsl.executors.high_throughput.zmq_pipes:175 _log DEBUG: Receiving command client response
1724259792.066364 2024-08-21 17:03:12 MainProcess-3984852 JobStatusPoller-Timer-Thread-23013706771792-23013704709888 parsl.executors.high_throughput.zmq_pipes:175 _log DEBUG: Received command client response
1724259792.066414 2024-08-21 17:03:12 MainProcess-3984852 JobStatusPoller-Timer-Thread-23013706771792-23013704709888 parsl.jobs.strategy:175 _log DEBUG: Slot ratio calculation: active_slots = 1, active_tasks = 1
1724259792.066455 2024-08-21 17:03:12 MainProcess-3984852 JobStatusPoller-Timer-Thread-23013706771792-23013704709888 parsl.executors.high_throughput.zmq_pipes:175 _log DEBUG: Sending command client command
1724259792.066501 2024-08-21 17:03:12 MainProcess-3984852 JobStatusPoller-Timer-Thread-23013706771792-23013704709888 parsl.executors.high_throughput.zmq_pipes:175 _log DEBUG: Receiving command client response
1724259792.066643 2024-08-21 17:03:12 MainProcess-3984852 JobStatusPoller-Timer-Thread-23013706771792-23013704709888 parsl.executors.high_throughput.zmq_pipes:175 _log DEBUG: Received command client response
1724259792.066690 2024-08-21 17:03:12 MainProcess-3984852 JobStatusPoller-Timer-Thread-23013706771792-23013704709888 parsl.executors.high_throughput.zmq_pipes:175 _log DEBUG: Sending command client command
1724259792.066738 2024-08-21 17:03:12 MainProcess-3984852 JobStatusPoller-Timer-Thread-23013706771792-23013704709888 parsl.executors.high_throughput.zmq_pipes:175 _log DEBUG: Receiving command client response
1724259792.066879 2024-08-21 17:03:12 MainProcess-3984852 JobStatusPoller-Timer-Thread-23013706771792-23013704709888 parsl.executors.high_throughput.zmq_pipes:175 _log DEBUG: Received command client response
1724259792.066921 2024-08-21 17:03:12 MainProcess-3984852 JobStatusPoller-Timer-Thread-23013706771792-23013704709888 parsl.jobs.strategy:175 _log DEBUG: Executor HighThroughputExecutor has 1 active tasks, 1/0 running/pending blocks, and 1 connected workers
1724259792.066982 2024-08-21 17:03:12 MainProcess-3984852 JobStatusPoller-Timer-Thread-23013706771792-23013704709888 parsl.jobs.strategy:175 _log DEBUG: Strategy case 3: no changes necessary to current block load
1724259792.067024 2024-08-21 17:03:12 MainProcess-3984852 JobStatusPoller-Timer-Thread-23013706771792-23013704709888 parsl.process_loggers:175 _log DEBUG: Normal ending for _general_strategy on thread JobStatusPoller-Timer-Thread-23013706771792
1724259797.067446 2024-08-21 17:03:17 MainProcess-3984852 JobStatusPoller-Timer-Thread-23013706771792-23013704709888 parsl.channels.local.local:175 _log DEBUG: Creating process with command 'ps -p 3985066 > /dev/null 2> /dev/null; echo "STATUS:$?" '
1724259797.077354 2024-08-21 17:03:17 MainProcess-3984852 JobStatusPoller-Timer-Thread-23013706771792-23013704709888 parsl.channels.local.local:175 _log DEBUG: Created process with pid 3986126. Performing communicate
1724259797.135731 2024-08-21 17:03:17 MainProcess-3984852 JobStatusPoller-Timer-Thread-23013706771792-23013704709888 parsl.channels.local.local:175 _log DEBUG: Process 3986126 returned 0
1724259797.135899 2024-08-21 17:03:17 MainProcess-3984852 JobStatusPoller-Timer-Thread-23013706771792-23013704709888 parsl.channels.local.local:175 _log DEBUG: Execution of command in process 3986126 completed normally
1724259797.136214 2024-08-21 17:03:17 MainProcess-3984852 JobStatusPoller-Timer-Thread-23013706771792-23013704709888 parsl.executors.high_throughput.zmq_pipes:175 _log DEBUG: Sending command client command
1724259797.136315 2024-08-21 17:03:17 MainProcess-3984852 JobStatusPoller-Timer-Thread-23013706771792-23013704709888 parsl.executors.high_throughput.zmq_pipes:175 _log DEBUG: Receiving command client response
1724259797.136595 2024-08-21 17:03:17 MainProcess-3984852 JobStatusPoller-Timer-Thread-23013706771792-23013704709888 parsl.executors.high_throughput.zmq_pipes:175 _log DEBUG: Received command client response
1724259797.136716 2024-08-21 17:03:17 MainProcess-3984852 JobStatusPoller-Timer-Thread-23013706771792-23013704709888 parsl.jobs.strategy:175 _log DEBUG: general strategy starting with strategy_type simple for 1 executors
1724259797.136764 2024-08-21 17:03:17 MainProcess-3984852 JobStatusPoller-Timer-Thread-23013706771792-23013704709888 parsl.jobs.strategy:175 _log DEBUG: Strategizing for executor HighThroughputExecutor
1724259797.136812 2024-08-21 17:03:17 MainProcess-3984852 JobStatusPoller-Timer-Thread-23013706771792-23013704709888 parsl.executors.high_throughput.zmq_pipes:175 _log DEBUG: Sending command client command
1724259797.136864 2024-08-21 17:03:17 MainProcess-3984852 JobStatusPoller-Timer-Thread-23013706771792-23013704709888 parsl.executors.high_throughput.zmq_pipes:175 _log DEBUG: Receiving command client response
1724259797.137048 2024-08-21 17:03:17 MainProcess-3984852 JobStatusPoller-Timer-Thread-23013706771792-23013704709888 parsl.executors.high_throughput.zmq_pipes:175 _log DEBUG: Received command client response
1724259797.137130 2024-08-21 17:03:17 MainProcess-3984852 JobStatusPoller-Timer-Thread-23013706771792-23013704709888 parsl.jobs.strategy:175 _log DEBUG: Slot ratio calculation: active_slots = 1, active_tasks = 1
1724259797.137182 2024-08-21 17:03:17 MainProcess-3984852 JobStatusPoller-Timer-Thread-23013706771792-23013704709888 parsl.executors.high_throughput.zmq_pipes:175 _log DEBUG: Sending command client command
1724259797.137234 2024-08-21 17:03:17 MainProcess-3984852 JobStatusPoller-Timer-Thread-23013706771792-23013704709888 parsl.executors.high_throughput.zmq_pipes:175 _log DEBUG: Receiving command client response
1724259797.137414 2024-08-21 17:03:17 MainProcess-3984852 JobStatusPoller-Timer-Thread-23013706771792-23013704709888 parsl.executors.high_throughput.zmq_pipes:175 _log DEBUG: Received command client response
1724259797.137484 2024-08-21 17:03:17 MainProcess-3984852 JobStatusPoller-Timer-Thread-23013706771792-23013704709888 parsl.executors.high_throughput.zmq_pipes:175 _log DEBUG: Sending command client command
1724259797.137561 2024-08-21 17:03:17 MainProcess-3984852 JobStatusPoller-Timer-Thread-23013706771792-23013704709888 parsl.executors.high_throughput.zmq_pipes:175 _log DEBUG: Receiving command client response
1724259797.137735 2024-08-21 17:03:17 MainProcess-3984852 JobStatusPoller-Timer-Thread-23013706771792-23013704709888 parsl.executors.high_throughput.zmq_pipes:175 _log DEBUG: Received command client response
1724259797.137808 2024-08-21 17:03:17 MainProcess-3984852 JobStatusPoller-Timer-Thread-23013706771792-23013704709888 parsl.jobs.strategy:175 _log DEBUG: Executor HighThroughputExecutor has 1 active tasks, 1/0 running/pending blocks, and 1 connected workers
1724259797.137860 2024-08-21 17:03:17 MainProcess-3984852 JobStatusPoller-Timer-Thread-23013706771792-23013704709888 parsl.jobs.strategy:175 _log DEBUG: Strategy case 3: no changes necessary to current block load
1724259797.137905 2024-08-21 17:03:17 MainProcess-3984852 JobStatusPoller-Timer-Thread-23013706771792-23013704709888 parsl.process_loggers:175 _log DEBUG: Normal ending for _general_strategy on thread JobStatusPoller-Timer-Thread-23013706771792
1724259799.034832 2024-08-21 17:03:19 MainProcess-3984852 HTEX-Result-Queue-Thread-23013690001152 parsl.executors.high_throughput.zmq_pipes:175 _log DEBUG: Received ResultsIncoming message
1724259799.035206 2024-08-21 17:03:19 MainProcess-3984852 HTEX-Result-Queue-Thread-23013690001152 parsl.dataflow.dflow:175 _log INFO: Task 0 completed (launched -> exec_done)
1724259799.035370 2024-08-21 17:03:19 MainProcess-3984852 HTEX-Result-Queue-Thread-23013690001152 parsl.dataflow.dflow:175 _log INFO: Standard out for task 0 will be redirected to /home/viralss2/nekRS-ML_MSR/examples/parsl_MSR_smartsim/MSR/nekrs/output0/nekrs.out
1724259799.036484 2024-08-21 17:03:19 MainProcess-3984852 HTEX-Result-Queue-Thread-23013690001152 parsl.dataflow.dflow:175 _log INFO: Standard error for task 0 will be redirected to /home/viralss2/nekRS-ML_MSR/examples/parsl_MSR_smartsim/MSR/nekrs/output0/nekrs.err
1724259799.036719 2024-08-21 17:03:19 MainProcess-3984852 HTEX-Result-Queue-Thread-23013690001152 parsl.executors.high_throughput.zmq_pipes:175 _log DEBUG: Waiting for ResultsIncoming message
1724259799.076620 2024-08-21 17:03:19 MainProcess-3984852 MainThread-23022479614144 parsl.dataflow.dflow:175 _log WARNING: Python is exiting with a DFK still running. You should call parsl.dfk().cleanup() before exiting to release any resources
