1724259401.287993 2024-08-21 16:56:41 MainProcess-3983141 MainThread-23049448112320 parsl.dataflow.dflow:175 _log INFO: Starting DataFlowKernel with config
Config(
    app_cache=True, 
    checkpoint_files=None, 
    checkpoint_mode=None, 
    checkpoint_period=None, 
    dependency_resolver=None, 
    executors=(HighThroughputExecutor(
        address='10.140.56.175', 
        address_probe_timeout=None, 
        available_accelerators=['0,1,2,3'], 
        block_error_handler=<function simple_error_handler at 0x14f4933ba8e0>, 
        cores_per_worker=1.0, 
        cpu_affinity='block-reverse', 
        drain_period=None, 
        enable_mpi_mode=False, 
        encrypted=False, 
        heartbeat_period=30, 
        heartbeat_threshold=120, 
        interchange_launch_cmd=['interchange.py'], 
        interchange_port_range=(55000, 56000), 
        label='HighThroughputExecutor', 
        launch_cmd='process_worker_pool.py {debug} {max_workers_per_node} -a {addresses} -p {prefetch_capacity} -c {cores_per_worker} -m {mem_per_worker} --poll {poll_period} --task_port={task_port} --result_port={result_port} --cert_dir {cert_dir} --logdir={logdir} --block_id={{block_id}} --hb_period={heartbeat_period} {address_probe_timeout_string} --hb_threshold={heartbeat_threshold} --drain_period={drain_period} --cpu-affinity {cpu_affinity} {enable_mpi_mode} --mpi-launcher={mpi_launcher} --available-accelerators {accelerators}', 
        manager_selector=<parsl.executors.high_throughput.manager_selector.RandomManagerSelector object at 0x14f4933c2b10>, 
        max_workers=inf, 
        max_workers_per_node=inf, 
        mem_per_worker=None, 
        mpi_launcher='mpiexec', 
        poll_period=10, 
        prefetch_capacity=0, 
        provider=LocalProvider(
            channel=LocalChannel(
                envs={}, 
                script_dir=None, 
                userhome='/home/viralss2/nekRS-ML_MSR/examples/parsl_MSR_smartsim'
            ), 
            cmd_timeout=30, 
            init_blocks=1, 
            launcher=SingleNodeLauncher(debug=True, fail_on_any=False), 
            max_blocks=1, 
            min_blocks=0, 
            move_files=None, 
            nodes_per_block=1, 
            parallelism=1, 
            worker_init='source /home/viralss2/ALCF_Hands_on_HPC_Workshop/workflows/parsl/launch_eg/set_run_env;\n                            cd /home/viralss2/nekRS-ML_MSR/examples/parsl_MSR_smartsim'
        ), 
        storage_access=None, 
        worker_debug=False, 
        worker_logdir_root=None, 
        worker_port_range=(54000, 55000), 
        worker_ports=None, 
        working_dir=None
    ),), 
    exit_mode='cleanup', 
    garbage_collect=True, 
    initialize_logging=True, 
    internal_tasks_max_threads=10, 
    max_idletime=120.0, 
    monitoring=None, 
    retries=1, 
    retry_handler=None, 
    run_dir='runinfo', 
    std_autopath=None, 
    strategy='simple', 
    strategy_period=5, 
    usage_tracking=0
)
1724259401.289507 2024-08-21 16:56:41 MainProcess-3983141 MainThread-23049448112320 parsl.dataflow.dflow:175 _log INFO: Parsl version: 2024.08.05
1724259401.289593 2024-08-21 16:56:41 MainProcess-3983141 MainThread-23049448112320 parsl.usage_tracking.usage:175 _log DEBUG: Tracking level: 0
1724259401.289674 2024-08-21 16:56:41 MainProcess-3983141 MainThread-23049448112320 parsl.dataflow.dflow:175 _log INFO: Run id is: 30284b82-dfd7-4fe3-b00d-4249190d2a60
1724259401.445462 2024-08-21 16:56:41 MainProcess-3983141 MainThread-23049448112320 parsl.dataflow.dflow:175 _log DEBUG: Considering candidate for workflow name: /home/viralss2/SSML/lib/python3.11/site-packages/parsl/dataflow/dflow.py
1724259401.445529 2024-08-21 16:56:41 MainProcess-3983141 MainThread-23049448112320 parsl.dataflow.dflow:175 _log DEBUG: Considering candidate for workflow name: /soft/applications/conda/2024-04-29/mconda3/lib/python3.11/site-packages/typeguard/__init__.py
1724259401.445579 2024-08-21 16:56:41 MainProcess-3983141 MainThread-23049448112320 parsl.dataflow.dflow:175 _log DEBUG: Considering candidate for workflow name: /home/viralss2/SSML/lib/python3.11/site-packages/parsl/dataflow/dflow.py
1724259401.445643 2024-08-21 16:56:41 MainProcess-3983141 MainThread-23049448112320 parsl.dataflow.dflow:175 _log DEBUG: Considering candidate for workflow name: /soft/applications/conda/2024-04-29/mconda3/lib/python3.11/site-packages/typeguard/__init__.py
1724259401.445698 2024-08-21 16:56:41 MainProcess-3983141 MainThread-23049448112320 parsl.dataflow.dflow:175 _log DEBUG: Considering candidate for workflow name: /home/viralss2/nekRS-ML_MSR/examples/parsl_MSR_smartsim/ssim_driver_polaris.py
1724259401.445741 2024-08-21 16:56:41 MainProcess-3983141 MainThread-23049448112320 parsl.dataflow.dflow:175 _log DEBUG: Using ssim_driver_polaris.py as workflow name
1724259401.445869 2024-08-21 16:56:41 MainProcess-3983141 MainThread-23049448112320 parsl.dataflow.memoization:175 _log INFO: App caching initialized
1724259401.445928 2024-08-21 16:56:41 MainProcess-3983141 MainThread-23049448112320 parsl.jobs.strategy:175 _log DEBUG: Scaling strategy: simple
1724259401.450709 2024-08-21 16:56:41 MainProcess-3983141 MainThread-23049448112320 parsl.executors.high_throughput.executor:175 _log DEBUG: Starting result queue thread
1724259401.450932 2024-08-21 16:56:41 MainProcess-3983141 HTEX-Result-Queue-Thread-23040658511616 parsl.executors.high_throughput.executor:175 _log DEBUG: Result queue worker starting
1724259401.451018 2024-08-21 16:56:41 MainProcess-3983141 MainThread-23049448112320 parsl.executors.high_throughput.executor:175 _log DEBUG: Started result queue thread
1724259401.451082 2024-08-21 16:56:41 MainProcess-3983141 HTEX-Result-Queue-Thread-23040658511616 parsl.executors.high_throughput.zmq_pipes:175 _log DEBUG: Waiting for ResultsIncoming message
1724259401.452640 2024-08-21 16:56:41 MainProcess-3983141 MainThread-23049448112320 parsl.executors.high_throughput.executor:175 _log DEBUG: Popened interchange process. Writing config object
1724259401.452709 2024-08-21 16:56:41 MainProcess-3983141 MainThread-23049448112320 parsl.executors.high_throughput.executor:175 _log DEBUG: Sent config object. Requesting worker ports
1724259401.452757 2024-08-21 16:56:41 MainProcess-3983141 MainThread-23049448112320 parsl.executors.high_throughput.zmq_pipes:175 _log DEBUG: Sending command client command
1724259402.032219 2024-08-21 16:56:42 MainProcess-3983141 MainThread-23049448112320 parsl.executors.high_throughput.zmq_pipes:175 _log DEBUG: Polling for command client response or timeout
1724259402.033826 2024-08-21 16:56:42 MainProcess-3983141 MainThread-23049448112320 parsl.executors.high_throughput.zmq_pipes:175 _log DEBUG: Receiving command client response
1724259402.033901 2024-08-21 16:56:42 MainProcess-3983141 MainThread-23049448112320 parsl.executors.high_throughput.zmq_pipes:175 _log DEBUG: Received command client response
1724259402.033951 2024-08-21 16:56:42 MainProcess-3983141 MainThread-23049448112320 parsl.executors.high_throughput.executor:175 _log DEBUG: Got worker ports
1724259402.033994 2024-08-21 16:56:42 MainProcess-3983141 MainThread-23049448112320 parsl.executors.high_throughput.executor:175 _log DEBUG: Created result queue thread: <Thread(HTEX-Result-Queue-Thread, started daemon 23040658511616)>
1724259402.034201 2024-08-21 16:56:42 MainProcess-3983141 MainThread-23049448112320 parsl.executors.high_throughput.executor:175 _log DEBUG: Launch command: process_worker_pool.py   -a 10.140.56.175 -p 0 -c 1.0 -m None --poll 10 --task_port=54785 --result_port=54095 --cert_dir None --logdir=/home/viralss2/nekRS-ML_MSR/examples/parsl_MSR_smartsim/runinfo/065/HighThroughputExecutor --block_id={block_id} --hb_period=30  --hb_threshold=120 --drain_period=None --cpu-affinity block-reverse  --mpi-launcher=mpiexec --available-accelerators 0,1,2,3
1724259402.034245 2024-08-21 16:56:42 MainProcess-3983141 MainThread-23049448112320 parsl.executors.high_throughput.executor:175 _log DEBUG: Starting HighThroughputExecutor with provider:
LocalProvider(
    channel=LocalChannel(
        envs={}, 
        script_dir='/home/viralss2/nekRS-ML_MSR/examples/parsl_MSR_smartsim/runinfo/065/submit_scripts', 
        userhome='/home/viralss2/nekRS-ML_MSR/examples/parsl_MSR_smartsim'
    ), 
    cmd_timeout=30, 
    init_blocks=1, 
    launcher=SingleNodeLauncher(debug=True, fail_on_any=False), 
    max_blocks=1, 
    min_blocks=0, 
    move_files=None, 
    nodes_per_block=1, 
    parallelism=1, 
    worker_init='source /home/viralss2/ALCF_Hands_on_HPC_Workshop/workflows/parsl/launch_eg/set_run_env;\n                            cd /home/viralss2/nekRS-ML_MSR/examples/parsl_MSR_smartsim'
)
1724259402.034529 2024-08-21 16:56:42 MainProcess-3983141 MainThread-23049448112320 parsl.jobs.job_status_poller:175 _log DEBUG: Adding executor HighThroughputExecutor
1724259406.446354 2024-08-21 16:56:46 MainProcess-3983141 JobStatusPoller-Timer-Thread-23040673328720-23040673220352 parsl.executors.high_throughput.zmq_pipes:175 _log DEBUG: Sending command client command
1724259406.446634 2024-08-21 16:56:46 MainProcess-3983141 JobStatusPoller-Timer-Thread-23040673328720-23040673220352 parsl.executors.high_throughput.zmq_pipes:175 _log DEBUG: Receiving command client response
1724259406.447192 2024-08-21 16:56:46 MainProcess-3983141 JobStatusPoller-Timer-Thread-23040673328720-23040673220352 parsl.executors.high_throughput.zmq_pipes:175 _log DEBUG: Received command client response
1724259406.447287 2024-08-21 16:56:46 MainProcess-3983141 JobStatusPoller-Timer-Thread-23040673328720-23040673220352 parsl.jobs.strategy:175 _log DEBUG: general strategy starting with strategy_type simple for 1 executors
1724259406.447333 2024-08-21 16:56:46 MainProcess-3983141 JobStatusPoller-Timer-Thread-23040673328720-23040673220352 parsl.jobs.strategy:175 _log DEBUG: Strategizing for executor HighThroughputExecutor
1724259406.447374 2024-08-21 16:56:46 MainProcess-3983141 JobStatusPoller-Timer-Thread-23040673328720-23040673220352 parsl.jobs.strategy:175 _log DEBUG: Scaling out 1 initial blocks for HighThroughputExecutor
1724259406.447417 2024-08-21 16:56:46 MainProcess-3983141 JobStatusPoller-Timer-Thread-23040673328720-23040673220352 parsl.executors.status_handling:175 _log INFO: Scaling out by 1 blocks
1724259406.447460 2024-08-21 16:56:46 MainProcess-3983141 JobStatusPoller-Timer-Thread-23040673328720-23040673220352 parsl.executors.status_handling:175 _log INFO: Allocated block ID 0
1724259406.447504 2024-08-21 16:56:46 MainProcess-3983141 JobStatusPoller-Timer-Thread-23040673328720-23040673220352 parsl.executors.status_handling:175 _log DEBUG: Submitting to provider with job_name parsl.HighThroughputExecutor.block-0
1724259406.450586 2024-08-21 16:56:46 MainProcess-3983141 JobStatusPoller-Timer-Thread-23040673328720-23040673220352 parsl.providers.local.local:175 _log DEBUG: Launching
1724259406.450795 2024-08-21 16:56:46 MainProcess-3983141 JobStatusPoller-Timer-Thread-23040673328720-23040673220352 parsl.channels.local.local:175 _log DEBUG: Creating process with command '/bin/bash -c 'echo - >/home/viralss2/nekRS-ML_MSR/examples/parsl_MSR_smartsim/runinfo/065/submit_scripts/parsl.HighThroughputExecutor.block-0.1724259406.4476125.sh.ec && { { bash /home/viralss2/nekRS-ML_MSR/examples/parsl_MSR_smartsim/runinfo/065/submit_scripts/parsl.HighThroughputExecutor.block-0.1724259406.4476125.sh 1>/home/viralss2/nekRS-ML_MSR/examples/parsl_MSR_smartsim/runinfo/065/submit_scripts/parsl.HighThroughputExecutor.block-0.1724259406.4476125.sh.out 2>/home/viralss2/nekRS-ML_MSR/examples/parsl_MSR_smartsim/runinfo/065/submit_scripts/parsl.HighThroughputExecutor.block-0.1724259406.4476125.sh.err ; echo $? > /home/viralss2/nekRS-ML_MSR/examples/parsl_MSR_smartsim/runinfo/065/submit_scripts/parsl.HighThroughputExecutor.block-0.1724259406.4476125.sh.ec ; } >/dev/null 2>&1 & echo "PID:$!" ; }''
1724259406.463818 2024-08-21 16:56:46 MainProcess-3983141 JobStatusPoller-Timer-Thread-23040673328720-23040673220352 parsl.channels.local.local:175 _log DEBUG: Created process with pid 3983426. Performing communicate
1724259406.473041 2024-08-21 16:56:46 MainProcess-3983141 JobStatusPoller-Timer-Thread-23040673328720-23040673220352 parsl.channels.local.local:175 _log DEBUG: Process 3983426 returned 0
1724259406.473152 2024-08-21 16:56:46 MainProcess-3983141 JobStatusPoller-Timer-Thread-23040673328720-23040673220352 parsl.channels.local.local:175 _log DEBUG: Execution of command in process 3983426 completed normally
1724259406.473288 2024-08-21 16:56:46 MainProcess-3983141 JobStatusPoller-Timer-Thread-23040673328720-23040673220352 parsl.executors.status_handling:175 _log DEBUG: Launched block 0 on executor HighThroughputExecutor with job ID 3983427
1724259406.473380 2024-08-21 16:56:46 MainProcess-3983141 JobStatusPoller-Timer-Thread-23040673328720-23040673220352 parsl.executors.high_throughput.zmq_pipes:175 _log DEBUG: Sending command client command
1724259406.473473 2024-08-21 16:56:46 MainProcess-3983141 JobStatusPoller-Timer-Thread-23040673328720-23040673220352 parsl.executors.high_throughput.zmq_pipes:175 _log DEBUG: Receiving command client response
1724259406.473640 2024-08-21 16:56:46 MainProcess-3983141 JobStatusPoller-Timer-Thread-23040673328720-23040673220352 parsl.executors.high_throughput.zmq_pipes:175 _log DEBUG: Received command client response
1724259406.473706 2024-08-21 16:56:46 MainProcess-3983141 JobStatusPoller-Timer-Thread-23040673328720-23040673220352 parsl.jobs.strategy:175 _log DEBUG: Slot ratio calculation: active_slots = 1, active_tasks = 0
1724259406.473751 2024-08-21 16:56:46 MainProcess-3983141 JobStatusPoller-Timer-Thread-23040673328720-23040673220352 parsl.executors.high_throughput.zmq_pipes:175 _log DEBUG: Sending command client command
1724259406.473799 2024-08-21 16:56:46 MainProcess-3983141 JobStatusPoller-Timer-Thread-23040673328720-23040673220352 parsl.executors.high_throughput.zmq_pipes:175 _log DEBUG: Receiving command client response
1724259406.473900 2024-08-21 16:56:46 MainProcess-3983141 JobStatusPoller-Timer-Thread-23040673328720-23040673220352 parsl.executors.high_throughput.zmq_pipes:175 _log DEBUG: Received command client response
1724259406.473947 2024-08-21 16:56:46 MainProcess-3983141 JobStatusPoller-Timer-Thread-23040673328720-23040673220352 parsl.executors.high_throughput.zmq_pipes:175 _log DEBUG: Sending command client command
1724259406.473995 2024-08-21 16:56:46 MainProcess-3983141 JobStatusPoller-Timer-Thread-23040673328720-23040673220352 parsl.executors.high_throughput.zmq_pipes:175 _log DEBUG: Receiving command client response
1724259406.474087 2024-08-21 16:56:46 MainProcess-3983141 JobStatusPoller-Timer-Thread-23040673328720-23040673220352 parsl.executors.high_throughput.zmq_pipes:175 _log DEBUG: Received command client response
1724259406.474131 2024-08-21 16:56:46 MainProcess-3983141 JobStatusPoller-Timer-Thread-23040673328720-23040673220352 parsl.jobs.strategy:175 _log DEBUG: Executor HighThroughputExecutor has 0 active tasks, 0/1 running/pending blocks, and 0 connected workers
1724259406.474169 2024-08-21 16:56:46 MainProcess-3983141 JobStatusPoller-Timer-Thread-23040673328720-23040673220352 parsl.jobs.strategy:175 _log DEBUG: Strategy case 1: Executor has no active tasks
1724259406.474206 2024-08-21 16:56:46 MainProcess-3983141 JobStatusPoller-Timer-Thread-23040673328720-23040673220352 parsl.jobs.strategy:175 _log DEBUG: Strategy case 1b: Executor has no active tasks, and more (1) than minimum blocks (0)
1724259406.474248 2024-08-21 16:56:46 MainProcess-3983141 JobStatusPoller-Timer-Thread-23040673328720-23040673220352 parsl.jobs.strategy:175 _log DEBUG: Starting idle timer for executor. If idle time exceeds 120.0s, blocks will be scaled in
1724259406.474298 2024-08-21 16:56:46 MainProcess-3983141 JobStatusPoller-Timer-Thread-23040673328720-23040673220352 parsl.jobs.strategy:175 _log DEBUG: Idle time 1.6689300537109375e-06s is less than max_idletime 120.0s for executor HighThroughputExecutor; not scaling in
1724259406.474353 2024-08-21 16:56:46 MainProcess-3983141 JobStatusPoller-Timer-Thread-23040673328720-23040673220352 parsl.process_loggers:175 _log DEBUG: Normal ending for _general_strategy on thread JobStatusPoller-Timer-Thread-23040673328720
1724259411.474960 2024-08-21 16:56:51 MainProcess-3983141 JobStatusPoller-Timer-Thread-23040673328720-23040673220352 parsl.channels.local.local:175 _log DEBUG: Creating process with command 'ps -p 3983427 > /dev/null 2> /dev/null; echo "STATUS:$?" '
1724259411.483356 2024-08-21 16:56:51 MainProcess-3983141 JobStatusPoller-Timer-Thread-23040673328720-23040673220352 parsl.channels.local.local:175 _log DEBUG: Created process with pid 3983569. Performing communicate
1724259411.539183 2024-08-21 16:56:51 MainProcess-3983141 JobStatusPoller-Timer-Thread-23040673328720-23040673220352 parsl.channels.local.local:175 _log DEBUG: Process 3983569 returned 0
1724259411.539336 2024-08-21 16:56:51 MainProcess-3983141 JobStatusPoller-Timer-Thread-23040673328720-23040673220352 parsl.channels.local.local:175 _log DEBUG: Execution of command in process 3983569 completed normally
1724259411.540571 2024-08-21 16:56:51 MainProcess-3983141 JobStatusPoller-Timer-Thread-23040673328720-23040673220352 parsl.executors.high_throughput.zmq_pipes:175 _log DEBUG: Sending command client command
1724259411.540679 2024-08-21 16:56:51 MainProcess-3983141 JobStatusPoller-Timer-Thread-23040673328720-23040673220352 parsl.executors.high_throughput.zmq_pipes:175 _log DEBUG: Receiving command client response
1724259411.540996 2024-08-21 16:56:51 MainProcess-3983141 JobStatusPoller-Timer-Thread-23040673328720-23040673220352 parsl.executors.high_throughput.zmq_pipes:175 _log DEBUG: Received command client response
1724259411.541137 2024-08-21 16:56:51 MainProcess-3983141 JobStatusPoller-Timer-Thread-23040673328720-23040673220352 parsl.jobs.strategy:175 _log DEBUG: general strategy starting with strategy_type simple for 1 executors
1724259411.541187 2024-08-21 16:56:51 MainProcess-3983141 JobStatusPoller-Timer-Thread-23040673328720-23040673220352 parsl.jobs.strategy:175 _log DEBUG: Strategizing for executor HighThroughputExecutor
1724259411.541237 2024-08-21 16:56:51 MainProcess-3983141 JobStatusPoller-Timer-Thread-23040673328720-23040673220352 parsl.executors.high_throughput.zmq_pipes:175 _log DEBUG: Sending command client command
1724259411.541286 2024-08-21 16:56:51 MainProcess-3983141 JobStatusPoller-Timer-Thread-23040673328720-23040673220352 parsl.executors.high_throughput.zmq_pipes:175 _log DEBUG: Receiving command client response
1724259411.541519 2024-08-21 16:56:51 MainProcess-3983141 JobStatusPoller-Timer-Thread-23040673328720-23040673220352 parsl.executors.high_throughput.zmq_pipes:175 _log DEBUG: Received command client response
1724259411.541590 2024-08-21 16:56:51 MainProcess-3983141 JobStatusPoller-Timer-Thread-23040673328720-23040673220352 parsl.jobs.strategy:175 _log DEBUG: Slot ratio calculation: active_slots = 1, active_tasks = 0
1724259411.541644 2024-08-21 16:56:51 MainProcess-3983141 JobStatusPoller-Timer-Thread-23040673328720-23040673220352 parsl.executors.high_throughput.zmq_pipes:175 _log DEBUG: Sending command client command
1724259411.541701 2024-08-21 16:56:51 MainProcess-3983141 JobStatusPoller-Timer-Thread-23040673328720-23040673220352 parsl.executors.high_throughput.zmq_pipes:175 _log DEBUG: Receiving command client response
1724259411.541912 2024-08-21 16:56:51 MainProcess-3983141 JobStatusPoller-Timer-Thread-23040673328720-23040673220352 parsl.executors.high_throughput.zmq_pipes:175 _log DEBUG: Received command client response
1724259411.541981 2024-08-21 16:56:51 MainProcess-3983141 JobStatusPoller-Timer-Thread-23040673328720-23040673220352 parsl.executors.high_throughput.zmq_pipes:175 _log DEBUG: Sending command client command
1724259411.542041 2024-08-21 16:56:51 MainProcess-3983141 JobStatusPoller-Timer-Thread-23040673328720-23040673220352 parsl.executors.high_throughput.zmq_pipes:175 _log DEBUG: Receiving command client response
1724259411.542264 2024-08-21 16:56:51 MainProcess-3983141 JobStatusPoller-Timer-Thread-23040673328720-23040673220352 parsl.executors.high_throughput.zmq_pipes:175 _log DEBUG: Received command client response
1724259411.542330 2024-08-21 16:56:51 MainProcess-3983141 JobStatusPoller-Timer-Thread-23040673328720-23040673220352 parsl.jobs.strategy:175 _log DEBUG: Executor HighThroughputExecutor has 0 active tasks, 1/0 running/pending blocks, and 1 connected workers
1724259411.542393 2024-08-21 16:56:51 MainProcess-3983141 JobStatusPoller-Timer-Thread-23040673328720-23040673220352 parsl.jobs.strategy:175 _log DEBUG: Strategy case 1: Executor has no active tasks
1724259411.542437 2024-08-21 16:56:51 MainProcess-3983141 JobStatusPoller-Timer-Thread-23040673328720-23040673220352 parsl.jobs.strategy:175 _log DEBUG: Strategy case 1b: Executor has no active tasks, and more (1) than minimum blocks (0)
1724259411.542485 2024-08-21 16:56:51 MainProcess-3983141 JobStatusPoller-Timer-Thread-23040673328720-23040673220352 parsl.jobs.strategy:175 _log DEBUG: Idle time 5.068188667297363s is less than max_idletime 120.0s for executor HighThroughputExecutor; not scaling in
1724259411.542527 2024-08-21 16:56:51 MainProcess-3983141 JobStatusPoller-Timer-Thread-23040673328720-23040673220352 parsl.process_loggers:175 _log DEBUG: Normal ending for _general_strategy on thread JobStatusPoller-Timer-Thread-23040673328720
1724259412.282817 2024-08-21 16:56:52 MainProcess-3983141 MainThread-23049448112320 parsl.dataflow.dflow:175 _log DEBUG: Task 0 will be sent to executor HighThroughputExecutor
1724259412.282962 2024-08-21 16:56:52 MainProcess-3983141 MainThread-23049448112320 parsl.dataflow.dflow:175 _log DEBUG: Adding output dependencies
1724259412.283012 2024-08-21 16:56:52 MainProcess-3983141 MainThread-23049448112320 parsl.dataflow.dflow:175 _log DEBUG: Added output dependencies
1724259412.283056 2024-08-21 16:56:52 MainProcess-3983141 MainThread-23049448112320 parsl.dataflow.dflow:175 _log DEBUG: Gathering dependencies
1724259412.283194 2024-08-21 16:56:52 MainProcess-3983141 MainThread-23049448112320 parsl.dataflow.dflow:175 _log DEBUG: Gathered dependencies
1724259412.283243 2024-08-21 16:56:52 MainProcess-3983141 MainThread-23049448112320 parsl.dataflow.dflow:175 _log INFO: Task 0 submitted for App hello_affinity, not waiting on any dependency
1724259412.283305 2024-08-21 16:56:52 MainProcess-3983141 MainThread-23049448112320 parsl.dataflow.dflow:175 _log DEBUG: Task 0 set to pending state with AppFuture: <AppFuture at 0x14f49586f790 state=pending>
1724259412.283703 2024-08-21 16:56:52 MainProcess-3983141 Dependency-Launch_0-23041762768640 parsl.dataflow.memoization:175 _log DEBUG: Task 0 will not be memoized
1724259412.283901 2024-08-21 16:56:52 MainProcess-3983141 Dependency-Launch_0-23041762768640 parsl.executors.high_throughput.executor:175 _log DEBUG: Pushing function <function hello_affinity at 0x14f4932c1e40> to queue with args ("Namespace(sim_nodes=1, db_nodes=1, simprocs_pn=4, simprocs=4, sim_cpu_bind='numa', sim_arguments='--...", "'pals'", "'10.201.0.161:6780'", "'x3203c0s7b0n0'", '<smartsim.experiment.Experiment object at 0x14f4932dfa90>')
1724259412.287424 2024-08-21 16:56:52 MainProcess-3983141 Dependency-Launch_0-23041762768640 parsl.executors.high_throughput.zmq_pipes:175 _log DEBUG: Sending TasksOutgoing message
1724259412.287505 2024-08-21 16:56:52 MainProcess-3983141 Dependency-Launch_0-23041762768640 parsl.executors.high_throughput.zmq_pipes:175 _log DEBUG: Sent TasksOutgoing message
1724259412.287564 2024-08-21 16:56:52 MainProcess-3983141 Dependency-Launch_0-23041762768640 parsl.dataflow.dflow:175 _log INFO: Parsl task 0 try 0 launched on executor HighThroughputExecutor with executor id 1
1724259412.287616 2024-08-21 16:56:52 MainProcess-3983141 Dependency-Launch_0-23041762768640 parsl.dataflow.dflow:175 _log INFO: Standard out for task 0 will not be redirected.
1724259412.287661 2024-08-21 16:56:52 MainProcess-3983141 Dependency-Launch_0-23041762768640 parsl.dataflow.dflow:175 _log INFO: Standard error for task 0 will not be redirected.
1724259412.287707 2024-08-21 16:56:52 MainProcess-3983141 Dependency-Launch_0-23041762768640 parsl.process_loggers:175 _log DEBUG: Normal ending for _launch_if_ready_async on thread Dependency-Launch_0
1724259416.543117 2024-08-21 16:56:56 MainProcess-3983141 JobStatusPoller-Timer-Thread-23040673328720-23040673220352 parsl.channels.local.local:175 _log DEBUG: Creating process with command 'ps -p 3983427 > /dev/null 2> /dev/null; echo "STATUS:$?" '
1724259416.551462 2024-08-21 16:56:56 MainProcess-3983141 JobStatusPoller-Timer-Thread-23040673328720-23040673220352 parsl.channels.local.local:175 _log DEBUG: Created process with pid 3983642. Performing communicate
1724259416.616858 2024-08-21 16:56:56 MainProcess-3983141 JobStatusPoller-Timer-Thread-23040673328720-23040673220352 parsl.channels.local.local:175 _log DEBUG: Process 3983642 returned 0
1724259416.616962 2024-08-21 16:56:56 MainProcess-3983141 JobStatusPoller-Timer-Thread-23040673328720-23040673220352 parsl.channels.local.local:175 _log DEBUG: Execution of command in process 3983642 completed normally
1724259416.618003 2024-08-21 16:56:56 MainProcess-3983141 JobStatusPoller-Timer-Thread-23040673328720-23040673220352 parsl.executors.high_throughput.zmq_pipes:175 _log DEBUG: Sending command client command
1724259416.618109 2024-08-21 16:56:56 MainProcess-3983141 JobStatusPoller-Timer-Thread-23040673328720-23040673220352 parsl.executors.high_throughput.zmq_pipes:175 _log DEBUG: Receiving command client response
1724259416.618420 2024-08-21 16:56:56 MainProcess-3983141 JobStatusPoller-Timer-Thread-23040673328720-23040673220352 parsl.executors.high_throughput.zmq_pipes:175 _log DEBUG: Received command client response
1724259416.618551 2024-08-21 16:56:56 MainProcess-3983141 JobStatusPoller-Timer-Thread-23040673328720-23040673220352 parsl.jobs.strategy:175 _log DEBUG: general strategy starting with strategy_type simple for 1 executors
1724259416.618602 2024-08-21 16:56:56 MainProcess-3983141 JobStatusPoller-Timer-Thread-23040673328720-23040673220352 parsl.jobs.strategy:175 _log DEBUG: Strategizing for executor HighThroughputExecutor
1724259416.618648 2024-08-21 16:56:56 MainProcess-3983141 JobStatusPoller-Timer-Thread-23040673328720-23040673220352 parsl.executors.high_throughput.zmq_pipes:175 _log DEBUG: Sending command client command
1724259416.618698 2024-08-21 16:56:56 MainProcess-3983141 JobStatusPoller-Timer-Thread-23040673328720-23040673220352 parsl.executors.high_throughput.zmq_pipes:175 _log DEBUG: Receiving command client response
1724259416.618930 2024-08-21 16:56:56 MainProcess-3983141 JobStatusPoller-Timer-Thread-23040673328720-23040673220352 parsl.executors.high_throughput.zmq_pipes:175 _log DEBUG: Received command client response
1724259416.619002 2024-08-21 16:56:56 MainProcess-3983141 JobStatusPoller-Timer-Thread-23040673328720-23040673220352 parsl.jobs.strategy:175 _log DEBUG: Slot ratio calculation: active_slots = 1, active_tasks = 1
1724259416.619053 2024-08-21 16:56:56 MainProcess-3983141 JobStatusPoller-Timer-Thread-23040673328720-23040673220352 parsl.executors.high_throughput.zmq_pipes:175 _log DEBUG: Sending command client command
1724259416.619123 2024-08-21 16:56:56 MainProcess-3983141 JobStatusPoller-Timer-Thread-23040673328720-23040673220352 parsl.executors.high_throughput.zmq_pipes:175 _log DEBUG: Receiving command client response
1724259416.619329 2024-08-21 16:56:56 MainProcess-3983141 JobStatusPoller-Timer-Thread-23040673328720-23040673220352 parsl.executors.high_throughput.zmq_pipes:175 _log DEBUG: Received command client response
1724259416.619396 2024-08-21 16:56:56 MainProcess-3983141 JobStatusPoller-Timer-Thread-23040673328720-23040673220352 parsl.executors.high_throughput.zmq_pipes:175 _log DEBUG: Sending command client command
1724259416.619454 2024-08-21 16:56:56 MainProcess-3983141 JobStatusPoller-Timer-Thread-23040673328720-23040673220352 parsl.executors.high_throughput.zmq_pipes:175 _log DEBUG: Receiving command client response
1724259416.619636 2024-08-21 16:56:56 MainProcess-3983141 JobStatusPoller-Timer-Thread-23040673328720-23040673220352 parsl.executors.high_throughput.zmq_pipes:175 _log DEBUG: Received command client response
1724259416.619699 2024-08-21 16:56:56 MainProcess-3983141 JobStatusPoller-Timer-Thread-23040673328720-23040673220352 parsl.jobs.strategy:175 _log DEBUG: Executor HighThroughputExecutor has 1 active tasks, 1/0 running/pending blocks, and 1 connected workers
1724259416.619765 2024-08-21 16:56:56 MainProcess-3983141 JobStatusPoller-Timer-Thread-23040673328720-23040673220352 parsl.jobs.strategy:175 _log DEBUG: Strategy case 3: no changes necessary to current block load
1724259416.619810 2024-08-21 16:56:56 MainProcess-3983141 JobStatusPoller-Timer-Thread-23040673328720-23040673220352 parsl.process_loggers:175 _log DEBUG: Normal ending for _general_strategy on thread JobStatusPoller-Timer-Thread-23040673328720
1724259421.620392 2024-08-21 16:57:01 MainProcess-3983141 JobStatusPoller-Timer-Thread-23040673328720-23040673220352 parsl.channels.local.local:175 _log DEBUG: Creating process with command 'ps -p 3983427 > /dev/null 2> /dev/null; echo "STATUS:$?" '
1724259421.628438 2024-08-21 16:57:01 MainProcess-3983141 JobStatusPoller-Timer-Thread-23040673328720-23040673220352 parsl.channels.local.local:175 _log DEBUG: Created process with pid 3983644. Performing communicate
1724259421.684175 2024-08-21 16:57:01 MainProcess-3983141 JobStatusPoller-Timer-Thread-23040673328720-23040673220352 parsl.channels.local.local:175 _log DEBUG: Process 3983644 returned 0
1724259421.684343 2024-08-21 16:57:01 MainProcess-3983141 JobStatusPoller-Timer-Thread-23040673328720-23040673220352 parsl.channels.local.local:175 _log DEBUG: Execution of command in process 3983644 completed normally
1724259421.685434 2024-08-21 16:57:01 MainProcess-3983141 JobStatusPoller-Timer-Thread-23040673328720-23040673220352 parsl.executors.high_throughput.zmq_pipes:175 _log DEBUG: Sending command client command
1724259421.685539 2024-08-21 16:57:01 MainProcess-3983141 JobStatusPoller-Timer-Thread-23040673328720-23040673220352 parsl.executors.high_throughput.zmq_pipes:175 _log DEBUG: Receiving command client response
1724259421.685833 2024-08-21 16:57:01 MainProcess-3983141 JobStatusPoller-Timer-Thread-23040673328720-23040673220352 parsl.executors.high_throughput.zmq_pipes:175 _log DEBUG: Received command client response
1724259421.685954 2024-08-21 16:57:01 MainProcess-3983141 JobStatusPoller-Timer-Thread-23040673328720-23040673220352 parsl.jobs.strategy:175 _log DEBUG: general strategy starting with strategy_type simple for 1 executors
1724259421.686004 2024-08-21 16:57:01 MainProcess-3983141 JobStatusPoller-Timer-Thread-23040673328720-23040673220352 parsl.jobs.strategy:175 _log DEBUG: Strategizing for executor HighThroughputExecutor
1724259421.686052 2024-08-21 16:57:01 MainProcess-3983141 JobStatusPoller-Timer-Thread-23040673328720-23040673220352 parsl.executors.high_throughput.zmq_pipes:175 _log DEBUG: Sending command client command
1724259421.686102 2024-08-21 16:57:01 MainProcess-3983141 JobStatusPoller-Timer-Thread-23040673328720-23040673220352 parsl.executors.high_throughput.zmq_pipes:175 _log DEBUG: Receiving command client response
1724259421.686320 2024-08-21 16:57:01 MainProcess-3983141 JobStatusPoller-Timer-Thread-23040673328720-23040673220352 parsl.executors.high_throughput.zmq_pipes:175 _log DEBUG: Received command client response
1724259421.686391 2024-08-21 16:57:01 MainProcess-3983141 JobStatusPoller-Timer-Thread-23040673328720-23040673220352 parsl.jobs.strategy:175 _log DEBUG: Slot ratio calculation: active_slots = 1, active_tasks = 1
1724259421.686440 2024-08-21 16:57:01 MainProcess-3983141 JobStatusPoller-Timer-Thread-23040673328720-23040673220352 parsl.executors.high_throughput.zmq_pipes:175 _log DEBUG: Sending command client command
1724259421.686492 2024-08-21 16:57:01 MainProcess-3983141 JobStatusPoller-Timer-Thread-23040673328720-23040673220352 parsl.executors.high_throughput.zmq_pipes:175 _log DEBUG: Receiving command client response
1724259421.686674 2024-08-21 16:57:01 MainProcess-3983141 JobStatusPoller-Timer-Thread-23040673328720-23040673220352 parsl.executors.high_throughput.zmq_pipes:175 _log DEBUG: Received command client response
1724259421.686743 2024-08-21 16:57:01 MainProcess-3983141 JobStatusPoller-Timer-Thread-23040673328720-23040673220352 parsl.executors.high_throughput.zmq_pipes:175 _log DEBUG: Sending command client command
1724259421.686800 2024-08-21 16:57:01 MainProcess-3983141 JobStatusPoller-Timer-Thread-23040673328720-23040673220352 parsl.executors.high_throughput.zmq_pipes:175 _log DEBUG: Receiving command client response
1724259421.686996 2024-08-21 16:57:01 MainProcess-3983141 JobStatusPoller-Timer-Thread-23040673328720-23040673220352 parsl.executors.high_throughput.zmq_pipes:175 _log DEBUG: Received command client response
1724259421.687061 2024-08-21 16:57:01 MainProcess-3983141 JobStatusPoller-Timer-Thread-23040673328720-23040673220352 parsl.jobs.strategy:175 _log DEBUG: Executor HighThroughputExecutor has 1 active tasks, 1/0 running/pending blocks, and 1 connected workers
1724259421.687136 2024-08-21 16:57:01 MainProcess-3983141 JobStatusPoller-Timer-Thread-23040673328720-23040673220352 parsl.jobs.strategy:175 _log DEBUG: Strategy case 3: no changes necessary to current block load
1724259421.687186 2024-08-21 16:57:01 MainProcess-3983141 JobStatusPoller-Timer-Thread-23040673328720-23040673220352 parsl.process_loggers:175 _log DEBUG: Normal ending for _general_strategy on thread JobStatusPoller-Timer-Thread-23040673328720
1724259426.687754 2024-08-21 16:57:06 MainProcess-3983141 JobStatusPoller-Timer-Thread-23040673328720-23040673220352 parsl.channels.local.local:175 _log DEBUG: Creating process with command 'ps -p 3983427 > /dev/null 2> /dev/null; echo "STATUS:$?" '
1724259426.696255 2024-08-21 16:57:06 MainProcess-3983141 JobStatusPoller-Timer-Thread-23040673328720-23040673220352 parsl.channels.local.local:175 _log DEBUG: Created process with pid 3983648. Performing communicate
1724259426.752155 2024-08-21 16:57:06 MainProcess-3983141 JobStatusPoller-Timer-Thread-23040673328720-23040673220352 parsl.channels.local.local:175 _log DEBUG: Process 3983648 returned 0
1724259426.752263 2024-08-21 16:57:06 MainProcess-3983141 JobStatusPoller-Timer-Thread-23040673328720-23040673220352 parsl.channels.local.local:175 _log DEBUG: Execution of command in process 3983648 completed normally
1724259426.753018 2024-08-21 16:57:06 MainProcess-3983141 JobStatusPoller-Timer-Thread-23040673328720-23040673220352 parsl.executors.high_throughput.zmq_pipes:175 _log DEBUG: Sending command client command
1724259426.753134 2024-08-21 16:57:06 MainProcess-3983141 JobStatusPoller-Timer-Thread-23040673328720-23040673220352 parsl.executors.high_throughput.zmq_pipes:175 _log DEBUG: Receiving command client response
1724259426.753603 2024-08-21 16:57:06 MainProcess-3983141 JobStatusPoller-Timer-Thread-23040673328720-23040673220352 parsl.executors.high_throughput.zmq_pipes:175 _log DEBUG: Received command client response
1724259426.753747 2024-08-21 16:57:06 MainProcess-3983141 JobStatusPoller-Timer-Thread-23040673328720-23040673220352 parsl.jobs.strategy:175 _log DEBUG: general strategy starting with strategy_type simple for 1 executors
1724259426.753803 2024-08-21 16:57:06 MainProcess-3983141 JobStatusPoller-Timer-Thread-23040673328720-23040673220352 parsl.jobs.strategy:175 _log DEBUG: Strategizing for executor HighThroughputExecutor
1724259426.753861 2024-08-21 16:57:06 MainProcess-3983141 JobStatusPoller-Timer-Thread-23040673328720-23040673220352 parsl.executors.high_throughput.zmq_pipes:175 _log DEBUG: Sending command client command
1724259426.753922 2024-08-21 16:57:06 MainProcess-3983141 JobStatusPoller-Timer-Thread-23040673328720-23040673220352 parsl.executors.high_throughput.zmq_pipes:175 _log DEBUG: Receiving command client response
1724259426.754199 2024-08-21 16:57:06 MainProcess-3983141 JobStatusPoller-Timer-Thread-23040673328720-23040673220352 parsl.executors.high_throughput.zmq_pipes:175 _log DEBUG: Received command client response
1724259426.754271 2024-08-21 16:57:06 MainProcess-3983141 JobStatusPoller-Timer-Thread-23040673328720-23040673220352 parsl.jobs.strategy:175 _log DEBUG: Slot ratio calculation: active_slots = 1, active_tasks = 1
1724259426.754321 2024-08-21 16:57:06 MainProcess-3983141 JobStatusPoller-Timer-Thread-23040673328720-23040673220352 parsl.executors.high_throughput.zmq_pipes:175 _log DEBUG: Sending command client command
1724259426.754373 2024-08-21 16:57:06 MainProcess-3983141 JobStatusPoller-Timer-Thread-23040673328720-23040673220352 parsl.executors.high_throughput.zmq_pipes:175 _log DEBUG: Receiving command client response
1724259426.754577 2024-08-21 16:57:06 MainProcess-3983141 JobStatusPoller-Timer-Thread-23040673328720-23040673220352 parsl.executors.high_throughput.zmq_pipes:175 _log DEBUG: Received command client response
1724259426.754645 2024-08-21 16:57:06 MainProcess-3983141 JobStatusPoller-Timer-Thread-23040673328720-23040673220352 parsl.executors.high_throughput.zmq_pipes:175 _log DEBUG: Sending command client command
1724259426.754701 2024-08-21 16:57:06 MainProcess-3983141 JobStatusPoller-Timer-Thread-23040673328720-23040673220352 parsl.executors.high_throughput.zmq_pipes:175 _log DEBUG: Receiving command client response
1724259426.754902 2024-08-21 16:57:06 MainProcess-3983141 JobStatusPoller-Timer-Thread-23040673328720-23040673220352 parsl.executors.high_throughput.zmq_pipes:175 _log DEBUG: Received command client response
1724259426.754966 2024-08-21 16:57:06 MainProcess-3983141 JobStatusPoller-Timer-Thread-23040673328720-23040673220352 parsl.jobs.strategy:175 _log DEBUG: Executor HighThroughputExecutor has 1 active tasks, 1/0 running/pending blocks, and 1 connected workers
1724259426.755016 2024-08-21 16:57:06 MainProcess-3983141 JobStatusPoller-Timer-Thread-23040673328720-23040673220352 parsl.jobs.strategy:175 _log DEBUG: Strategy case 3: no changes necessary to current block load
1724259426.755060 2024-08-21 16:57:06 MainProcess-3983141 JobStatusPoller-Timer-Thread-23040673328720-23040673220352 parsl.process_loggers:175 _log DEBUG: Normal ending for _general_strategy on thread JobStatusPoller-Timer-Thread-23040673328720
1724259431.755553 2024-08-21 16:57:11 MainProcess-3983141 JobStatusPoller-Timer-Thread-23040673328720-23040673220352 parsl.channels.local.local:175 _log DEBUG: Creating process with command 'ps -p 3983427 > /dev/null 2> /dev/null; echo "STATUS:$?" '
1724259431.763759 2024-08-21 16:57:11 MainProcess-3983141 JobStatusPoller-Timer-Thread-23040673328720-23040673220352 parsl.channels.local.local:175 _log DEBUG: Created process with pid 3983650. Performing communicate
1724259431.820601 2024-08-21 16:57:11 MainProcess-3983141 JobStatusPoller-Timer-Thread-23040673328720-23040673220352 parsl.channels.local.local:175 _log DEBUG: Process 3983650 returned 0
1724259431.820721 2024-08-21 16:57:11 MainProcess-3983141 JobStatusPoller-Timer-Thread-23040673328720-23040673220352 parsl.channels.local.local:175 _log DEBUG: Execution of command in process 3983650 completed normally
1724259431.821071 2024-08-21 16:57:11 MainProcess-3983141 JobStatusPoller-Timer-Thread-23040673328720-23040673220352 parsl.executors.high_throughput.zmq_pipes:175 _log DEBUG: Sending command client command
1724259431.821179 2024-08-21 16:57:11 MainProcess-3983141 JobStatusPoller-Timer-Thread-23040673328720-23040673220352 parsl.executors.high_throughput.zmq_pipes:175 _log DEBUG: Receiving command client response
1724259431.821467 2024-08-21 16:57:11 MainProcess-3983141 JobStatusPoller-Timer-Thread-23040673328720-23040673220352 parsl.executors.high_throughput.zmq_pipes:175 _log DEBUG: Received command client response
1724259431.821595 2024-08-21 16:57:11 MainProcess-3983141 JobStatusPoller-Timer-Thread-23040673328720-23040673220352 parsl.jobs.strategy:175 _log DEBUG: general strategy starting with strategy_type simple for 1 executors
1724259431.821641 2024-08-21 16:57:11 MainProcess-3983141 JobStatusPoller-Timer-Thread-23040673328720-23040673220352 parsl.jobs.strategy:175 _log DEBUG: Strategizing for executor HighThroughputExecutor
1724259431.821688 2024-08-21 16:57:11 MainProcess-3983141 JobStatusPoller-Timer-Thread-23040673328720-23040673220352 parsl.executors.high_throughput.zmq_pipes:175 _log DEBUG: Sending command client command
1724259431.821738 2024-08-21 16:57:11 MainProcess-3983141 JobStatusPoller-Timer-Thread-23040673328720-23040673220352 parsl.executors.high_throughput.zmq_pipes:175 _log DEBUG: Receiving command client response
1724259431.822100 2024-08-21 16:57:11 MainProcess-3983141 JobStatusPoller-Timer-Thread-23040673328720-23040673220352 parsl.executors.high_throughput.zmq_pipes:175 _log DEBUG: Received command client response
1724259431.822189 2024-08-21 16:57:11 MainProcess-3983141 JobStatusPoller-Timer-Thread-23040673328720-23040673220352 parsl.jobs.strategy:175 _log DEBUG: Slot ratio calculation: active_slots = 1, active_tasks = 1
1724259431.822239 2024-08-21 16:57:11 MainProcess-3983141 JobStatusPoller-Timer-Thread-23040673328720-23040673220352 parsl.executors.high_throughput.zmq_pipes:175 _log DEBUG: Sending command client command
1724259431.822292 2024-08-21 16:57:11 MainProcess-3983141 JobStatusPoller-Timer-Thread-23040673328720-23040673220352 parsl.executors.high_throughput.zmq_pipes:175 _log DEBUG: Receiving command client response
1724259431.822641 2024-08-21 16:57:11 MainProcess-3983141 JobStatusPoller-Timer-Thread-23040673328720-23040673220352 parsl.executors.high_throughput.zmq_pipes:175 _log DEBUG: Received command client response
1724259431.822709 2024-08-21 16:57:11 MainProcess-3983141 JobStatusPoller-Timer-Thread-23040673328720-23040673220352 parsl.executors.high_throughput.zmq_pipes:175 _log DEBUG: Sending command client command
1724259431.822765 2024-08-21 16:57:11 MainProcess-3983141 JobStatusPoller-Timer-Thread-23040673328720-23040673220352 parsl.executors.high_throughput.zmq_pipes:175 _log DEBUG: Receiving command client response
1724259431.822962 2024-08-21 16:57:11 MainProcess-3983141 JobStatusPoller-Timer-Thread-23040673328720-23040673220352 parsl.executors.high_throughput.zmq_pipes:175 _log DEBUG: Received command client response
1724259431.823024 2024-08-21 16:57:11 MainProcess-3983141 JobStatusPoller-Timer-Thread-23040673328720-23040673220352 parsl.jobs.strategy:175 _log DEBUG: Executor HighThroughputExecutor has 1 active tasks, 1/0 running/pending blocks, and 1 connected workers
1724259431.823095 2024-08-21 16:57:11 MainProcess-3983141 JobStatusPoller-Timer-Thread-23040673328720-23040673220352 parsl.jobs.strategy:175 _log DEBUG: Strategy case 3: no changes necessary to current block load
1724259431.823143 2024-08-21 16:57:11 MainProcess-3983141 JobStatusPoller-Timer-Thread-23040673328720-23040673220352 parsl.process_loggers:175 _log DEBUG: Normal ending for _general_strategy on thread JobStatusPoller-Timer-Thread-23040673328720
1724259436.823691 2024-08-21 16:57:16 MainProcess-3983141 JobStatusPoller-Timer-Thread-23040673328720-23040673220352 parsl.channels.local.local:175 _log DEBUG: Creating process with command 'ps -p 3983427 > /dev/null 2> /dev/null; echo "STATUS:$?" '
1724259436.831748 2024-08-21 16:57:16 MainProcess-3983141 JobStatusPoller-Timer-Thread-23040673328720-23040673220352 parsl.channels.local.local:175 _log DEBUG: Created process with pid 3983720. Performing communicate
1724259436.886818 2024-08-21 16:57:16 MainProcess-3983141 JobStatusPoller-Timer-Thread-23040673328720-23040673220352 parsl.channels.local.local:175 _log DEBUG: Process 3983720 returned 0
1724259436.886944 2024-08-21 16:57:16 MainProcess-3983141 JobStatusPoller-Timer-Thread-23040673328720-23040673220352 parsl.channels.local.local:175 _log DEBUG: Execution of command in process 3983720 completed normally
1724259436.887288 2024-08-21 16:57:16 MainProcess-3983141 JobStatusPoller-Timer-Thread-23040673328720-23040673220352 parsl.executors.high_throughput.zmq_pipes:175 _log DEBUG: Sending command client command
1724259436.887387 2024-08-21 16:57:16 MainProcess-3983141 JobStatusPoller-Timer-Thread-23040673328720-23040673220352 parsl.executors.high_throughput.zmq_pipes:175 _log DEBUG: Receiving command client response
1724259436.887856 2024-08-21 16:57:16 MainProcess-3983141 JobStatusPoller-Timer-Thread-23040673328720-23040673220352 parsl.executors.high_throughput.zmq_pipes:175 _log DEBUG: Received command client response
1724259436.887975 2024-08-21 16:57:16 MainProcess-3983141 JobStatusPoller-Timer-Thread-23040673328720-23040673220352 parsl.jobs.strategy:175 _log DEBUG: general strategy starting with strategy_type simple for 1 executors
1724259436.888021 2024-08-21 16:57:16 MainProcess-3983141 JobStatusPoller-Timer-Thread-23040673328720-23040673220352 parsl.jobs.strategy:175 _log DEBUG: Strategizing for executor HighThroughputExecutor
1724259436.888086 2024-08-21 16:57:16 MainProcess-3983141 JobStatusPoller-Timer-Thread-23040673328720-23040673220352 parsl.executors.high_throughput.zmq_pipes:175 _log DEBUG: Sending command client command
1724259436.888139 2024-08-21 16:57:16 MainProcess-3983141 JobStatusPoller-Timer-Thread-23040673328720-23040673220352 parsl.executors.high_throughput.zmq_pipes:175 _log DEBUG: Receiving command client response
1724259436.888346 2024-08-21 16:57:16 MainProcess-3983141 JobStatusPoller-Timer-Thread-23040673328720-23040673220352 parsl.executors.high_throughput.zmq_pipes:175 _log DEBUG: Received command client response
1724259436.888418 2024-08-21 16:57:16 MainProcess-3983141 JobStatusPoller-Timer-Thread-23040673328720-23040673220352 parsl.jobs.strategy:175 _log DEBUG: Slot ratio calculation: active_slots = 1, active_tasks = 1
1724259436.888466 2024-08-21 16:57:16 MainProcess-3983141 JobStatusPoller-Timer-Thread-23040673328720-23040673220352 parsl.executors.high_throughput.zmq_pipes:175 _log DEBUG: Sending command client command
1724259436.888519 2024-08-21 16:57:16 MainProcess-3983141 JobStatusPoller-Timer-Thread-23040673328720-23040673220352 parsl.executors.high_throughput.zmq_pipes:175 _log DEBUG: Receiving command client response
1724259436.888699 2024-08-21 16:57:16 MainProcess-3983141 JobStatusPoller-Timer-Thread-23040673328720-23040673220352 parsl.executors.high_throughput.zmq_pipes:175 _log DEBUG: Received command client response
1724259436.888767 2024-08-21 16:57:16 MainProcess-3983141 JobStatusPoller-Timer-Thread-23040673328720-23040673220352 parsl.executors.high_throughput.zmq_pipes:175 _log DEBUG: Sending command client command
1724259436.888823 2024-08-21 16:57:16 MainProcess-3983141 JobStatusPoller-Timer-Thread-23040673328720-23040673220352 parsl.executors.high_throughput.zmq_pipes:175 _log DEBUG: Receiving command client response
1724259436.889026 2024-08-21 16:57:16 MainProcess-3983141 JobStatusPoller-Timer-Thread-23040673328720-23040673220352 parsl.executors.high_throughput.zmq_pipes:175 _log DEBUG: Received command client response
1724259436.889089 2024-08-21 16:57:16 MainProcess-3983141 JobStatusPoller-Timer-Thread-23040673328720-23040673220352 parsl.jobs.strategy:175 _log DEBUG: Executor HighThroughputExecutor has 1 active tasks, 1/0 running/pending blocks, and 1 connected workers
1724259436.889138 2024-08-21 16:57:16 MainProcess-3983141 JobStatusPoller-Timer-Thread-23040673328720-23040673220352 parsl.jobs.strategy:175 _log DEBUG: Strategy case 3: no changes necessary to current block load
1724259436.889182 2024-08-21 16:57:16 MainProcess-3983141 JobStatusPoller-Timer-Thread-23040673328720-23040673220352 parsl.process_loggers:175 _log DEBUG: Normal ending for _general_strategy on thread JobStatusPoller-Timer-Thread-23040673328720
1724259440.506516 2024-08-21 16:57:20 MainProcess-3983141 HTEX-Result-Queue-Thread-23040658511616 parsl.executors.high_throughput.zmq_pipes:175 _log DEBUG: Received ResultsIncoming message
1724259440.506756 2024-08-21 16:57:20 MainProcess-3983141 HTEX-Result-Queue-Thread-23040658511616 parsl.app.errors:175 _log DEBUG: Reraising exception of type <class 'parsl.executors.high_throughput.errors.WorkerLost'>
1724259440.506944 2024-08-21 16:57:20 MainProcess-3983141 HTEX-Result-Queue-Thread-23040658511616 parsl.dataflow.dflow:175 _log INFO: Task 0 try 0 failed with exception of type WorkerLost
1724259440.507023 2024-08-21 16:57:20 MainProcess-3983141 HTEX-Result-Queue-Thread-23040658511616 parsl.dataflow.dflow:175 _log INFO: Task 0 marked for retry
1724259440.507087 2024-08-21 16:57:20 MainProcess-3983141 HTEX-Result-Queue-Thread-23040658511616 parsl.dataflow.dflow:175 _log INFO: Standard out for task 0 will not be redirected.
1724259440.507128 2024-08-21 16:57:20 MainProcess-3983141 HTEX-Result-Queue-Thread-23040658511616 parsl.dataflow.dflow:175 _log INFO: Standard error for task 0 will not be redirected.
1724259440.507220 2024-08-21 16:57:20 MainProcess-3983141 HTEX-Result-Queue-Thread-23040658511616 parsl.executors.high_throughput.zmq_pipes:175 _log DEBUG: Waiting for ResultsIncoming message
1724259440.507334 2024-08-21 16:57:20 MainProcess-3983141 Dependency-Launch_0-23041762768640 parsl.dataflow.memoization:175 _log DEBUG: Task 0 will not be memoized
1724259440.507529 2024-08-21 16:57:20 MainProcess-3983141 Dependency-Launch_0-23041762768640 parsl.executors.high_throughput.executor:175 _log DEBUG: Pushing function <function hello_affinity at 0x14f4932c1e40> to queue with args ("Namespace(sim_nodes=1, db_nodes=1, simprocs_pn=4, simprocs=4, sim_cpu_bind='numa', sim_arguments='--...", "'pals'", "'10.201.0.161:6780'", "'x3203c0s7b0n0'", '<smartsim.experiment.Experiment object at 0x14f4932dfa90>')
1724259440.509992 2024-08-21 16:57:20 MainProcess-3983141 Dependency-Launch_0-23041762768640 parsl.executors.high_throughput.zmq_pipes:175 _log DEBUG: Sending TasksOutgoing message
1724259440.510071 2024-08-21 16:57:20 MainProcess-3983141 Dependency-Launch_0-23041762768640 parsl.executors.high_throughput.zmq_pipes:175 _log DEBUG: Sent TasksOutgoing message
1724259440.510126 2024-08-21 16:57:20 MainProcess-3983141 Dependency-Launch_0-23041762768640 parsl.dataflow.dflow:175 _log INFO: Parsl task 0 try 1 launched on executor HighThroughputExecutor with executor id 2
1724259440.510170 2024-08-21 16:57:20 MainProcess-3983141 Dependency-Launch_0-23041762768640 parsl.dataflow.dflow:175 _log INFO: Standard out for task 0 will not be redirected.
1724259440.510210 2024-08-21 16:57:20 MainProcess-3983141 Dependency-Launch_0-23041762768640 parsl.dataflow.dflow:175 _log INFO: Standard error for task 0 will not be redirected.
1724259440.510254 2024-08-21 16:57:20 MainProcess-3983141 Dependency-Launch_0-23041762768640 parsl.process_loggers:175 _log DEBUG: Normal ending for _launch_if_ready_async on thread Dependency-Launch_0
1724259441.889725 2024-08-21 16:57:21 MainProcess-3983141 JobStatusPoller-Timer-Thread-23040673328720-23040673220352 parsl.channels.local.local:175 _log DEBUG: Creating process with command 'ps -p 3983427 > /dev/null 2> /dev/null; echo "STATUS:$?" '
1724259441.897952 2024-08-21 16:57:21 MainProcess-3983141 JobStatusPoller-Timer-Thread-23040673328720-23040673220352 parsl.channels.local.local:175 _log DEBUG: Created process with pid 3983793. Performing communicate
1724259441.955153 2024-08-21 16:57:21 MainProcess-3983141 JobStatusPoller-Timer-Thread-23040673328720-23040673220352 parsl.channels.local.local:175 _log DEBUG: Process 3983793 returned 0
1724259441.955257 2024-08-21 16:57:21 MainProcess-3983141 JobStatusPoller-Timer-Thread-23040673328720-23040673220352 parsl.channels.local.local:175 _log DEBUG: Execution of command in process 3983793 completed normally
1724259441.955619 2024-08-21 16:57:21 MainProcess-3983141 JobStatusPoller-Timer-Thread-23040673328720-23040673220352 parsl.executors.high_throughput.zmq_pipes:175 _log DEBUG: Sending command client command
1724259441.955725 2024-08-21 16:57:21 MainProcess-3983141 JobStatusPoller-Timer-Thread-23040673328720-23040673220352 parsl.executors.high_throughput.zmq_pipes:175 _log DEBUG: Receiving command client response
1724259441.956046 2024-08-21 16:57:21 MainProcess-3983141 JobStatusPoller-Timer-Thread-23040673328720-23040673220352 parsl.executors.high_throughput.zmq_pipes:175 _log DEBUG: Received command client response
1724259441.956167 2024-08-21 16:57:21 MainProcess-3983141 JobStatusPoller-Timer-Thread-23040673328720-23040673220352 parsl.jobs.strategy:175 _log DEBUG: general strategy starting with strategy_type simple for 1 executors
1724259441.956213 2024-08-21 16:57:21 MainProcess-3983141 JobStatusPoller-Timer-Thread-23040673328720-23040673220352 parsl.jobs.strategy:175 _log DEBUG: Strategizing for executor HighThroughputExecutor
1724259441.956259 2024-08-21 16:57:21 MainProcess-3983141 JobStatusPoller-Timer-Thread-23040673328720-23040673220352 parsl.executors.high_throughput.zmq_pipes:175 _log DEBUG: Sending command client command
1724259441.956308 2024-08-21 16:57:21 MainProcess-3983141 JobStatusPoller-Timer-Thread-23040673328720-23040673220352 parsl.executors.high_throughput.zmq_pipes:175 _log DEBUG: Receiving command client response
1724259441.956533 2024-08-21 16:57:21 MainProcess-3983141 JobStatusPoller-Timer-Thread-23040673328720-23040673220352 parsl.executors.high_throughput.zmq_pipes:175 _log DEBUG: Received command client response
1724259441.956605 2024-08-21 16:57:21 MainProcess-3983141 JobStatusPoller-Timer-Thread-23040673328720-23040673220352 parsl.jobs.strategy:175 _log DEBUG: Slot ratio calculation: active_slots = 1, active_tasks = 1
1724259441.956654 2024-08-21 16:57:21 MainProcess-3983141 JobStatusPoller-Timer-Thread-23040673328720-23040673220352 parsl.executors.high_throughput.zmq_pipes:175 _log DEBUG: Sending command client command
1724259441.956706 2024-08-21 16:57:21 MainProcess-3983141 JobStatusPoller-Timer-Thread-23040673328720-23040673220352 parsl.executors.high_throughput.zmq_pipes:175 _log DEBUG: Receiving command client response
1724259441.956884 2024-08-21 16:57:21 MainProcess-3983141 JobStatusPoller-Timer-Thread-23040673328720-23040673220352 parsl.executors.high_throughput.zmq_pipes:175 _log DEBUG: Received command client response
1724259441.956952 2024-08-21 16:57:21 MainProcess-3983141 JobStatusPoller-Timer-Thread-23040673328720-23040673220352 parsl.executors.high_throughput.zmq_pipes:175 _log DEBUG: Sending command client command
1724259441.957009 2024-08-21 16:57:21 MainProcess-3983141 JobStatusPoller-Timer-Thread-23040673328720-23040673220352 parsl.executors.high_throughput.zmq_pipes:175 _log DEBUG: Receiving command client response
1724259441.957166 2024-08-21 16:57:21 MainProcess-3983141 JobStatusPoller-Timer-Thread-23040673328720-23040673220352 parsl.executors.high_throughput.zmq_pipes:175 _log DEBUG: Received command client response
1724259441.957230 2024-08-21 16:57:21 MainProcess-3983141 JobStatusPoller-Timer-Thread-23040673328720-23040673220352 parsl.jobs.strategy:175 _log DEBUG: Executor HighThroughputExecutor has 1 active tasks, 1/0 running/pending blocks, and 1 connected workers
1724259441.957279 2024-08-21 16:57:21 MainProcess-3983141 JobStatusPoller-Timer-Thread-23040673328720-23040673220352 parsl.jobs.strategy:175 _log DEBUG: Strategy case 3: no changes necessary to current block load
1724259441.957323 2024-08-21 16:57:21 MainProcess-3983141 JobStatusPoller-Timer-Thread-23040673328720-23040673220352 parsl.process_loggers:175 _log DEBUG: Normal ending for _general_strategy on thread JobStatusPoller-Timer-Thread-23040673328720
1724259446.957861 2024-08-21 16:57:26 MainProcess-3983141 JobStatusPoller-Timer-Thread-23040673328720-23040673220352 parsl.channels.local.local:175 _log DEBUG: Creating process with command 'ps -p 3983427 > /dev/null 2> /dev/null; echo "STATUS:$?" '
1724259446.965724 2024-08-21 16:57:26 MainProcess-3983141 JobStatusPoller-Timer-Thread-23040673328720-23040673220352 parsl.channels.local.local:175 _log DEBUG: Created process with pid 3983795. Performing communicate
1724259447.021292 2024-08-21 16:57:27 MainProcess-3983141 JobStatusPoller-Timer-Thread-23040673328720-23040673220352 parsl.channels.local.local:175 _log DEBUG: Process 3983795 returned 0
1724259447.021405 2024-08-21 16:57:27 MainProcess-3983141 JobStatusPoller-Timer-Thread-23040673328720-23040673220352 parsl.channels.local.local:175 _log DEBUG: Execution of command in process 3983795 completed normally
1724259447.021707 2024-08-21 16:57:27 MainProcess-3983141 JobStatusPoller-Timer-Thread-23040673328720-23040673220352 parsl.executors.high_throughput.zmq_pipes:175 _log DEBUG: Sending command client command
1724259447.021801 2024-08-21 16:57:27 MainProcess-3983141 JobStatusPoller-Timer-Thread-23040673328720-23040673220352 parsl.executors.high_throughput.zmq_pipes:175 _log DEBUG: Receiving command client response
1724259447.022269 2024-08-21 16:57:27 MainProcess-3983141 JobStatusPoller-Timer-Thread-23040673328720-23040673220352 parsl.executors.high_throughput.zmq_pipes:175 _log DEBUG: Received command client response
1724259447.022384 2024-08-21 16:57:27 MainProcess-3983141 JobStatusPoller-Timer-Thread-23040673328720-23040673220352 parsl.jobs.strategy:175 _log DEBUG: general strategy starting with strategy_type simple for 1 executors
1724259447.022448 2024-08-21 16:57:27 MainProcess-3983141 JobStatusPoller-Timer-Thread-23040673328720-23040673220352 parsl.jobs.strategy:175 _log DEBUG: Strategizing for executor HighThroughputExecutor
1724259447.022507 2024-08-21 16:57:27 MainProcess-3983141 JobStatusPoller-Timer-Thread-23040673328720-23040673220352 parsl.executors.high_throughput.zmq_pipes:175 _log DEBUG: Sending command client command
1724259447.022557 2024-08-21 16:57:27 MainProcess-3983141 JobStatusPoller-Timer-Thread-23040673328720-23040673220352 parsl.executors.high_throughput.zmq_pipes:175 _log DEBUG: Receiving command client response
1724259447.022919 2024-08-21 16:57:27 MainProcess-3983141 JobStatusPoller-Timer-Thread-23040673328720-23040673220352 parsl.executors.high_throughput.zmq_pipes:175 _log DEBUG: Received command client response
1724259447.022990 2024-08-21 16:57:27 MainProcess-3983141 JobStatusPoller-Timer-Thread-23040673328720-23040673220352 parsl.jobs.strategy:175 _log DEBUG: Slot ratio calculation: active_slots = 1, active_tasks = 1
1724259447.023038 2024-08-21 16:57:27 MainProcess-3983141 JobStatusPoller-Timer-Thread-23040673328720-23040673220352 parsl.executors.high_throughput.zmq_pipes:175 _log DEBUG: Sending command client command
1724259447.023103 2024-08-21 16:57:27 MainProcess-3983141 JobStatusPoller-Timer-Thread-23040673328720-23040673220352 parsl.executors.high_throughput.zmq_pipes:175 _log DEBUG: Receiving command client response
1724259447.023347 2024-08-21 16:57:27 MainProcess-3983141 JobStatusPoller-Timer-Thread-23040673328720-23040673220352 parsl.executors.high_throughput.zmq_pipes:175 _log DEBUG: Received command client response
1724259447.023414 2024-08-21 16:57:27 MainProcess-3983141 JobStatusPoller-Timer-Thread-23040673328720-23040673220352 parsl.executors.high_throughput.zmq_pipes:175 _log DEBUG: Sending command client command
1724259447.023470 2024-08-21 16:57:27 MainProcess-3983141 JobStatusPoller-Timer-Thread-23040673328720-23040673220352 parsl.executors.high_throughput.zmq_pipes:175 _log DEBUG: Receiving command client response
1724259447.023631 2024-08-21 16:57:27 MainProcess-3983141 JobStatusPoller-Timer-Thread-23040673328720-23040673220352 parsl.executors.high_throughput.zmq_pipes:175 _log DEBUG: Received command client response
1724259447.023693 2024-08-21 16:57:27 MainProcess-3983141 JobStatusPoller-Timer-Thread-23040673328720-23040673220352 parsl.jobs.strategy:175 _log DEBUG: Executor HighThroughputExecutor has 1 active tasks, 1/0 running/pending blocks, and 1 connected workers
1724259447.023742 2024-08-21 16:57:27 MainProcess-3983141 JobStatusPoller-Timer-Thread-23040673328720-23040673220352 parsl.jobs.strategy:175 _log DEBUG: Strategy case 3: no changes necessary to current block load
1724259447.023784 2024-08-21 16:57:27 MainProcess-3983141 JobStatusPoller-Timer-Thread-23040673328720-23040673220352 parsl.process_loggers:175 _log DEBUG: Normal ending for _general_strategy on thread JobStatusPoller-Timer-Thread-23040673328720
1724259452.024135 2024-08-21 16:57:32 MainProcess-3983141 JobStatusPoller-Timer-Thread-23040673328720-23040673220352 parsl.channels.local.local:175 _log DEBUG: Creating process with command 'ps -p 3983427 > /dev/null 2> /dev/null; echo "STATUS:$?" '
1724259452.032169 2024-08-21 16:57:32 MainProcess-3983141 JobStatusPoller-Timer-Thread-23040673328720-23040673220352 parsl.channels.local.local:175 _log DEBUG: Created process with pid 3983797. Performing communicate
1724259452.087518 2024-08-21 16:57:32 MainProcess-3983141 JobStatusPoller-Timer-Thread-23040673328720-23040673220352 parsl.channels.local.local:175 _log DEBUG: Process 3983797 returned 0
1724259452.087636 2024-08-21 16:57:32 MainProcess-3983141 JobStatusPoller-Timer-Thread-23040673328720-23040673220352 parsl.channels.local.local:175 _log DEBUG: Execution of command in process 3983797 completed normally
1724259452.087934 2024-08-21 16:57:32 MainProcess-3983141 JobStatusPoller-Timer-Thread-23040673328720-23040673220352 parsl.executors.high_throughput.zmq_pipes:175 _log DEBUG: Sending command client command
1724259452.088047 2024-08-21 16:57:32 MainProcess-3983141 JobStatusPoller-Timer-Thread-23040673328720-23040673220352 parsl.executors.high_throughput.zmq_pipes:175 _log DEBUG: Receiving command client response
1724259452.088509 2024-08-21 16:57:32 MainProcess-3983141 JobStatusPoller-Timer-Thread-23040673328720-23040673220352 parsl.executors.high_throughput.zmq_pipes:175 _log DEBUG: Received command client response
1724259452.088625 2024-08-21 16:57:32 MainProcess-3983141 JobStatusPoller-Timer-Thread-23040673328720-23040673220352 parsl.jobs.strategy:175 _log DEBUG: general strategy starting with strategy_type simple for 1 executors
1724259452.088670 2024-08-21 16:57:32 MainProcess-3983141 JobStatusPoller-Timer-Thread-23040673328720-23040673220352 parsl.jobs.strategy:175 _log DEBUG: Strategizing for executor HighThroughputExecutor
1724259452.088718 2024-08-21 16:57:32 MainProcess-3983141 JobStatusPoller-Timer-Thread-23040673328720-23040673220352 parsl.executors.high_throughput.zmq_pipes:175 _log DEBUG: Sending command client command
1724259452.088768 2024-08-21 16:57:32 MainProcess-3983141 JobStatusPoller-Timer-Thread-23040673328720-23040673220352 parsl.executors.high_throughput.zmq_pipes:175 _log DEBUG: Receiving command client response
1724259452.088967 2024-08-21 16:57:32 MainProcess-3983141 JobStatusPoller-Timer-Thread-23040673328720-23040673220352 parsl.executors.high_throughput.zmq_pipes:175 _log DEBUG: Received command client response
1724259452.089038 2024-08-21 16:57:32 MainProcess-3983141 JobStatusPoller-Timer-Thread-23040673328720-23040673220352 parsl.jobs.strategy:175 _log DEBUG: Slot ratio calculation: active_slots = 1, active_tasks = 1
1724259452.089086 2024-08-21 16:57:32 MainProcess-3983141 JobStatusPoller-Timer-Thread-23040673328720-23040673220352 parsl.executors.high_throughput.zmq_pipes:175 _log DEBUG: Sending command client command
1724259452.089139 2024-08-21 16:57:32 MainProcess-3983141 JobStatusPoller-Timer-Thread-23040673328720-23040673220352 parsl.executors.high_throughput.zmq_pipes:175 _log DEBUG: Receiving command client response
1724259452.089347 2024-08-21 16:57:32 MainProcess-3983141 JobStatusPoller-Timer-Thread-23040673328720-23040673220352 parsl.executors.high_throughput.zmq_pipes:175 _log DEBUG: Received command client response
1724259452.089415 2024-08-21 16:57:32 MainProcess-3983141 JobStatusPoller-Timer-Thread-23040673328720-23040673220352 parsl.executors.high_throughput.zmq_pipes:175 _log DEBUG: Sending command client command
1724259452.089470 2024-08-21 16:57:32 MainProcess-3983141 JobStatusPoller-Timer-Thread-23040673328720-23040673220352 parsl.executors.high_throughput.zmq_pipes:175 _log DEBUG: Receiving command client response
1724259452.089668 2024-08-21 16:57:32 MainProcess-3983141 JobStatusPoller-Timer-Thread-23040673328720-23040673220352 parsl.executors.high_throughput.zmq_pipes:175 _log DEBUG: Received command client response
1724259452.089731 2024-08-21 16:57:32 MainProcess-3983141 JobStatusPoller-Timer-Thread-23040673328720-23040673220352 parsl.jobs.strategy:175 _log DEBUG: Executor HighThroughputExecutor has 1 active tasks, 1/0 running/pending blocks, and 1 connected workers
1724259452.089779 2024-08-21 16:57:32 MainProcess-3983141 JobStatusPoller-Timer-Thread-23040673328720-23040673220352 parsl.jobs.strategy:175 _log DEBUG: Strategy case 3: no changes necessary to current block load
1724259452.089822 2024-08-21 16:57:32 MainProcess-3983141 JobStatusPoller-Timer-Thread-23040673328720-23040673220352 parsl.process_loggers:175 _log DEBUG: Normal ending for _general_strategy on thread JobStatusPoller-Timer-Thread-23040673328720
1724259457.090409 2024-08-21 16:57:37 MainProcess-3983141 JobStatusPoller-Timer-Thread-23040673328720-23040673220352 parsl.channels.local.local:175 _log DEBUG: Creating process with command 'ps -p 3983427 > /dev/null 2> /dev/null; echo "STATUS:$?" '
1724259457.098442 2024-08-21 16:57:37 MainProcess-3983141 JobStatusPoller-Timer-Thread-23040673328720-23040673220352 parsl.channels.local.local:175 _log DEBUG: Created process with pid 3983799. Performing communicate
1724259457.154348 2024-08-21 16:57:37 MainProcess-3983141 JobStatusPoller-Timer-Thread-23040673328720-23040673220352 parsl.channels.local.local:175 _log DEBUG: Process 3983799 returned 0
1724259457.154467 2024-08-21 16:57:37 MainProcess-3983141 JobStatusPoller-Timer-Thread-23040673328720-23040673220352 parsl.channels.local.local:175 _log DEBUG: Execution of command in process 3983799 completed normally
1724259457.154810 2024-08-21 16:57:37 MainProcess-3983141 JobStatusPoller-Timer-Thread-23040673328720-23040673220352 parsl.executors.high_throughput.zmq_pipes:175 _log DEBUG: Sending command client command
1724259457.154921 2024-08-21 16:57:37 MainProcess-3983141 JobStatusPoller-Timer-Thread-23040673328720-23040673220352 parsl.executors.high_throughput.zmq_pipes:175 _log DEBUG: Receiving command client response
1724259457.155216 2024-08-21 16:57:37 MainProcess-3983141 JobStatusPoller-Timer-Thread-23040673328720-23040673220352 parsl.executors.high_throughput.zmq_pipes:175 _log DEBUG: Received command client response
1724259457.155342 2024-08-21 16:57:37 MainProcess-3983141 JobStatusPoller-Timer-Thread-23040673328720-23040673220352 parsl.jobs.strategy:175 _log DEBUG: general strategy starting with strategy_type simple for 1 executors
1724259457.155388 2024-08-21 16:57:37 MainProcess-3983141 JobStatusPoller-Timer-Thread-23040673328720-23040673220352 parsl.jobs.strategy:175 _log DEBUG: Strategizing for executor HighThroughputExecutor
1724259457.155435 2024-08-21 16:57:37 MainProcess-3983141 JobStatusPoller-Timer-Thread-23040673328720-23040673220352 parsl.executors.high_throughput.zmq_pipes:175 _log DEBUG: Sending command client command
1724259457.155485 2024-08-21 16:57:37 MainProcess-3983141 JobStatusPoller-Timer-Thread-23040673328720-23040673220352 parsl.executors.high_throughput.zmq_pipes:175 _log DEBUG: Receiving command client response
1724259457.155873 2024-08-21 16:57:37 MainProcess-3983141 JobStatusPoller-Timer-Thread-23040673328720-23040673220352 parsl.executors.high_throughput.zmq_pipes:175 _log DEBUG: Received command client response
1724259457.155943 2024-08-21 16:57:37 MainProcess-3983141 JobStatusPoller-Timer-Thread-23040673328720-23040673220352 parsl.jobs.strategy:175 _log DEBUG: Slot ratio calculation: active_slots = 1, active_tasks = 1
1724259457.155993 2024-08-21 16:57:37 MainProcess-3983141 JobStatusPoller-Timer-Thread-23040673328720-23040673220352 parsl.executors.high_throughput.zmq_pipes:175 _log DEBUG: Sending command client command
1724259457.156050 2024-08-21 16:57:37 MainProcess-3983141 JobStatusPoller-Timer-Thread-23040673328720-23040673220352 parsl.executors.high_throughput.zmq_pipes:175 _log DEBUG: Receiving command client response
1724259457.156362 2024-08-21 16:57:37 MainProcess-3983141 JobStatusPoller-Timer-Thread-23040673328720-23040673220352 parsl.executors.high_throughput.zmq_pipes:175 _log DEBUG: Received command client response
1724259457.156430 2024-08-21 16:57:37 MainProcess-3983141 JobStatusPoller-Timer-Thread-23040673328720-23040673220352 parsl.executors.high_throughput.zmq_pipes:175 _log DEBUG: Sending command client command
1724259457.156487 2024-08-21 16:57:37 MainProcess-3983141 JobStatusPoller-Timer-Thread-23040673328720-23040673220352 parsl.executors.high_throughput.zmq_pipes:175 _log DEBUG: Receiving command client response
1724259457.156652 2024-08-21 16:57:37 MainProcess-3983141 JobStatusPoller-Timer-Thread-23040673328720-23040673220352 parsl.executors.high_throughput.zmq_pipes:175 _log DEBUG: Received command client response
1724259457.156716 2024-08-21 16:57:37 MainProcess-3983141 JobStatusPoller-Timer-Thread-23040673328720-23040673220352 parsl.jobs.strategy:175 _log DEBUG: Executor HighThroughputExecutor has 1 active tasks, 1/0 running/pending blocks, and 1 connected workers
1724259457.156765 2024-08-21 16:57:37 MainProcess-3983141 JobStatusPoller-Timer-Thread-23040673328720-23040673220352 parsl.jobs.strategy:175 _log DEBUG: Strategy case 3: no changes necessary to current block load
1724259457.156827 2024-08-21 16:57:37 MainProcess-3983141 JobStatusPoller-Timer-Thread-23040673328720-23040673220352 parsl.process_loggers:175 _log DEBUG: Normal ending for _general_strategy on thread JobStatusPoller-Timer-Thread-23040673328720
1724259462.157371 2024-08-21 16:57:42 MainProcess-3983141 JobStatusPoller-Timer-Thread-23040673328720-23040673220352 parsl.channels.local.local:175 _log DEBUG: Creating process with command 'ps -p 3983427 > /dev/null 2> /dev/null; echo "STATUS:$?" '
1724259462.165535 2024-08-21 16:57:42 MainProcess-3983141 JobStatusPoller-Timer-Thread-23040673328720-23040673220352 parsl.channels.local.local:175 _log DEBUG: Created process with pid 3983801. Performing communicate
1724259462.220422 2024-08-21 16:57:42 MainProcess-3983141 JobStatusPoller-Timer-Thread-23040673328720-23040673220352 parsl.channels.local.local:175 _log DEBUG: Process 3983801 returned 0
1724259462.220530 2024-08-21 16:57:42 MainProcess-3983141 JobStatusPoller-Timer-Thread-23040673328720-23040673220352 parsl.channels.local.local:175 _log DEBUG: Execution of command in process 3983801 completed normally
1724259462.220828 2024-08-21 16:57:42 MainProcess-3983141 JobStatusPoller-Timer-Thread-23040673328720-23040673220352 parsl.executors.high_throughput.zmq_pipes:175 _log DEBUG: Sending command client command
1724259462.220919 2024-08-21 16:57:42 MainProcess-3983141 JobStatusPoller-Timer-Thread-23040673328720-23040673220352 parsl.executors.high_throughput.zmq_pipes:175 _log DEBUG: Receiving command client response
1724259462.221375 2024-08-21 16:57:42 MainProcess-3983141 JobStatusPoller-Timer-Thread-23040673328720-23040673220352 parsl.executors.high_throughput.zmq_pipes:175 _log DEBUG: Received command client response
1724259462.221493 2024-08-21 16:57:42 MainProcess-3983141 JobStatusPoller-Timer-Thread-23040673328720-23040673220352 parsl.jobs.strategy:175 _log DEBUG: general strategy starting with strategy_type simple for 1 executors
1724259462.221539 2024-08-21 16:57:42 MainProcess-3983141 JobStatusPoller-Timer-Thread-23040673328720-23040673220352 parsl.jobs.strategy:175 _log DEBUG: Strategizing for executor HighThroughputExecutor
1724259462.221586 2024-08-21 16:57:42 MainProcess-3983141 JobStatusPoller-Timer-Thread-23040673328720-23040673220352 parsl.executors.high_throughput.zmq_pipes:175 _log DEBUG: Sending command client command
1724259462.221637 2024-08-21 16:57:42 MainProcess-3983141 JobStatusPoller-Timer-Thread-23040673328720-23040673220352 parsl.executors.high_throughput.zmq_pipes:175 _log DEBUG: Receiving command client response
1724259462.221938 2024-08-21 16:57:42 MainProcess-3983141 JobStatusPoller-Timer-Thread-23040673328720-23040673220352 parsl.executors.high_throughput.zmq_pipes:175 _log DEBUG: Received command client response
1724259462.222008 2024-08-21 16:57:42 MainProcess-3983141 JobStatusPoller-Timer-Thread-23040673328720-23040673220352 parsl.jobs.strategy:175 _log DEBUG: Slot ratio calculation: active_slots = 1, active_tasks = 1
1724259462.222056 2024-08-21 16:57:42 MainProcess-3983141 JobStatusPoller-Timer-Thread-23040673328720-23040673220352 parsl.executors.high_throughput.zmq_pipes:175 _log DEBUG: Sending command client command
1724259462.222108 2024-08-21 16:57:42 MainProcess-3983141 JobStatusPoller-Timer-Thread-23040673328720-23040673220352 parsl.executors.high_throughput.zmq_pipes:175 _log DEBUG: Receiving command client response
1724259462.222303 2024-08-21 16:57:42 MainProcess-3983141 JobStatusPoller-Timer-Thread-23040673328720-23040673220352 parsl.executors.high_throughput.zmq_pipes:175 _log DEBUG: Received command client response
1724259462.222370 2024-08-21 16:57:42 MainProcess-3983141 JobStatusPoller-Timer-Thread-23040673328720-23040673220352 parsl.executors.high_throughput.zmq_pipes:175 _log DEBUG: Sending command client command
1724259462.222426 2024-08-21 16:57:42 MainProcess-3983141 JobStatusPoller-Timer-Thread-23040673328720-23040673220352 parsl.executors.high_throughput.zmq_pipes:175 _log DEBUG: Receiving command client response
1724259462.222611 2024-08-21 16:57:42 MainProcess-3983141 JobStatusPoller-Timer-Thread-23040673328720-23040673220352 parsl.executors.high_throughput.zmq_pipes:175 _log DEBUG: Received command client response
1724259462.222692 2024-08-21 16:57:42 MainProcess-3983141 JobStatusPoller-Timer-Thread-23040673328720-23040673220352 parsl.jobs.strategy:175 _log DEBUG: Executor HighThroughputExecutor has 1 active tasks, 1/0 running/pending blocks, and 1 connected workers
1724259462.222743 2024-08-21 16:57:42 MainProcess-3983141 JobStatusPoller-Timer-Thread-23040673328720-23040673220352 parsl.jobs.strategy:175 _log DEBUG: Strategy case 3: no changes necessary to current block load
1724259462.222785 2024-08-21 16:57:42 MainProcess-3983141 JobStatusPoller-Timer-Thread-23040673328720-23040673220352 parsl.process_loggers:175 _log DEBUG: Normal ending for _general_strategy on thread JobStatusPoller-Timer-Thread-23040673328720
1724259467.223405 2024-08-21 16:57:47 MainProcess-3983141 JobStatusPoller-Timer-Thread-23040673328720-23040673220352 parsl.channels.local.local:175 _log DEBUG: Creating process with command 'ps -p 3983427 > /dev/null 2> /dev/null; echo "STATUS:$?" '
1724259467.231725 2024-08-21 16:57:47 MainProcess-3983141 JobStatusPoller-Timer-Thread-23040673328720-23040673220352 parsl.channels.local.local:175 _log DEBUG: Created process with pid 3983883. Performing communicate
1724259467.286915 2024-08-21 16:57:47 MainProcess-3983141 JobStatusPoller-Timer-Thread-23040673328720-23040673220352 parsl.channels.local.local:175 _log DEBUG: Process 3983883 returned 0
1724259467.287045 2024-08-21 16:57:47 MainProcess-3983141 JobStatusPoller-Timer-Thread-23040673328720-23040673220352 parsl.channels.local.local:175 _log DEBUG: Execution of command in process 3983883 completed normally
1724259467.287405 2024-08-21 16:57:47 MainProcess-3983141 JobStatusPoller-Timer-Thread-23040673328720-23040673220352 parsl.executors.high_throughput.zmq_pipes:175 _log DEBUG: Sending command client command
1724259467.287502 2024-08-21 16:57:47 MainProcess-3983141 JobStatusPoller-Timer-Thread-23040673328720-23040673220352 parsl.executors.high_throughput.zmq_pipes:175 _log DEBUG: Receiving command client response
1724259467.287760 2024-08-21 16:57:47 MainProcess-3983141 JobStatusPoller-Timer-Thread-23040673328720-23040673220352 parsl.executors.high_throughput.zmq_pipes:175 _log DEBUG: Received command client response
1724259467.287874 2024-08-21 16:57:47 MainProcess-3983141 JobStatusPoller-Timer-Thread-23040673328720-23040673220352 parsl.jobs.strategy:175 _log DEBUG: general strategy starting with strategy_type simple for 1 executors
1724259467.287920 2024-08-21 16:57:47 MainProcess-3983141 JobStatusPoller-Timer-Thread-23040673328720-23040673220352 parsl.jobs.strategy:175 _log DEBUG: Strategizing for executor HighThroughputExecutor
1724259467.287968 2024-08-21 16:57:47 MainProcess-3983141 JobStatusPoller-Timer-Thread-23040673328720-23040673220352 parsl.executors.high_throughput.zmq_pipes:175 _log DEBUG: Sending command client command
1724259467.288018 2024-08-21 16:57:47 MainProcess-3983141 JobStatusPoller-Timer-Thread-23040673328720-23040673220352 parsl.executors.high_throughput.zmq_pipes:175 _log DEBUG: Receiving command client response
1724259467.288206 2024-08-21 16:57:47 MainProcess-3983141 JobStatusPoller-Timer-Thread-23040673328720-23040673220352 parsl.executors.high_throughput.zmq_pipes:175 _log DEBUG: Received command client response
1724259467.288276 2024-08-21 16:57:47 MainProcess-3983141 JobStatusPoller-Timer-Thread-23040673328720-23040673220352 parsl.jobs.strategy:175 _log DEBUG: Slot ratio calculation: active_slots = 1, active_tasks = 1
1724259467.288324 2024-08-21 16:57:47 MainProcess-3983141 JobStatusPoller-Timer-Thread-23040673328720-23040673220352 parsl.executors.high_throughput.zmq_pipes:175 _log DEBUG: Sending command client command
1724259467.288376 2024-08-21 16:57:47 MainProcess-3983141 JobStatusPoller-Timer-Thread-23040673328720-23040673220352 parsl.executors.high_throughput.zmq_pipes:175 _log DEBUG: Receiving command client response
1724259467.288546 2024-08-21 16:57:47 MainProcess-3983141 JobStatusPoller-Timer-Thread-23040673328720-23040673220352 parsl.executors.high_throughput.zmq_pipes:175 _log DEBUG: Received command client response
1724259467.288630 2024-08-21 16:57:47 MainProcess-3983141 JobStatusPoller-Timer-Thread-23040673328720-23040673220352 parsl.executors.high_throughput.zmq_pipes:175 _log DEBUG: Sending command client command
1724259467.288689 2024-08-21 16:57:47 MainProcess-3983141 JobStatusPoller-Timer-Thread-23040673328720-23040673220352 parsl.executors.high_throughput.zmq_pipes:175 _log DEBUG: Receiving command client response
1724259467.288859 2024-08-21 16:57:47 MainProcess-3983141 JobStatusPoller-Timer-Thread-23040673328720-23040673220352 parsl.executors.high_throughput.zmq_pipes:175 _log DEBUG: Received command client response
1724259467.288921 2024-08-21 16:57:47 MainProcess-3983141 JobStatusPoller-Timer-Thread-23040673328720-23040673220352 parsl.jobs.strategy:175 _log DEBUG: Executor HighThroughputExecutor has 1 active tasks, 1/0 running/pending blocks, and 1 connected workers
1724259467.288970 2024-08-21 16:57:47 MainProcess-3983141 JobStatusPoller-Timer-Thread-23040673328720-23040673220352 parsl.jobs.strategy:175 _log DEBUG: Strategy case 3: no changes necessary to current block load
1724259467.289012 2024-08-21 16:57:47 MainProcess-3983141 JobStatusPoller-Timer-Thread-23040673328720-23040673220352 parsl.process_loggers:175 _log DEBUG: Normal ending for _general_strategy on thread JobStatusPoller-Timer-Thread-23040673328720
1724259470.509246 2024-08-21 16:57:50 MainProcess-3983141 HTEX-Result-Queue-Thread-23040658511616 parsl.executors.high_throughput.zmq_pipes:175 _log DEBUG: Received ResultsIncoming message
1724259470.509508 2024-08-21 16:57:50 MainProcess-3983141 HTEX-Result-Queue-Thread-23040658511616 parsl.app.errors:175 _log DEBUG: Reraising exception of type <class 'parsl.executors.high_throughput.errors.WorkerLost'>
1724259470.509711 2024-08-21 16:57:50 MainProcess-3983141 HTEX-Result-Queue-Thread-23040658511616 parsl.dataflow.dflow:175 _log INFO: Task 0 try 1 failed with exception of type WorkerLost
1724259470.509813 2024-08-21 16:57:50 MainProcess-3983141 HTEX-Result-Queue-Thread-23040658511616 parsl.dataflow.dflow:175 _log ERROR: Task 0 failed after 1 retry attempts
Traceback (most recent call last):
  File "/home/viralss2/SSML/lib/python3.11/site-packages/parsl/dataflow/dflow.py", line 344, in handle_exec_update
    res = self._unwrap_remote_exception_wrapper(future)
          ^^^^^^^^^^^^^^^^^^^^^^^^^^^^^^^^^^^^^^^^^^^^^
  File "/home/viralss2/SSML/lib/python3.11/site-packages/parsl/dataflow/dflow.py", line 612, in _unwrap_remote_exception_wrapper
    result = future.result()
             ^^^^^^^^^^^^^^^
  File "/soft/applications/conda/2024-04-29/mconda3/lib/python3.11/concurrent/futures/_base.py", line 449, in result
    return self.__get_result()
           ^^^^^^^^^^^^^^^^^^^
  File "/soft/applications/conda/2024-04-29/mconda3/lib/python3.11/concurrent/futures/_base.py", line 401, in __get_result
    raise self._exception
  File "/home/viralss2/SSML/lib/python3.11/site-packages/parsl/executors/high_throughput/executor.py", line 514, in _result_queue_worker
    s.reraise()
  File "/home/viralss2/SSML/lib/python3.11/site-packages/parsl/app/errors.py", line 117, in reraise
    raise v
  File "/home/viralss2/SSML/bin/process_worker_pool.py", line 456, in worker_watchdog
    raise WorkerLost(worker_id, platform.node())
    ^^^^^^^^^^^^^^^^^
parsl.executors.high_throughput.errors.WorkerLost: Task failure due to loss of worker 0 on host x3203c0s7b0n0
1724259470.511924 2024-08-21 16:57:50 MainProcess-3983141 HTEX-Result-Queue-Thread-23040658511616 parsl.dataflow.dflow:175 _log INFO: Standard out for task 0 will not be redirected.
1724259470.512182 2024-08-21 16:57:50 MainProcess-3983141 HTEX-Result-Queue-Thread-23040658511616 parsl.dataflow.dflow:175 _log INFO: Standard error for task 0 will not be redirected.
1724259470.512295 2024-08-21 16:57:50 MainProcess-3983141 HTEX-Result-Queue-Thread-23040658511616 parsl.executors.high_throughput.zmq_pipes:175 _log DEBUG: Waiting for ResultsIncoming message
1724259470.515168 2024-08-21 16:57:50 MainProcess-3983141 MainThread-23049448112320 parsl.dataflow.dflow:175 _log WARNING: Python is exiting with a DFK still running. You should call parsl.dfk().cleanup() before exiting to release any resources
