1724106950.987218 2024-08-19 22:35:50 MainProcess-3001917 MainThread-23097175187648 parsl.dataflow.dflow:175 _log INFO: Starting DataFlowKernel with config
Config(
    app_cache=True, 
    checkpoint_files=None, 
    checkpoint_mode=None, 
    checkpoint_period=None, 
    dependency_resolver=None, 
    executors=(HighThroughputExecutor(
        address='10.140.57.88', 
        address_probe_timeout=None, 
        available_accelerators=['0,1,2,3'], 
        block_error_handler=<function simple_error_handler at 0x14ffaffc68e0>, 
        cores_per_worker=1.0, 
        cpu_affinity='block-reverse', 
        drain_period=None, 
        enable_mpi_mode=False, 
        encrypted=False, 
        heartbeat_period=30, 
        heartbeat_threshold=120, 
        interchange_launch_cmd=['interchange.py'], 
        interchange_port_range=(55000, 56000), 
        label='HighThroughputExecutor', 
        launch_cmd='process_worker_pool.py {debug} {max_workers_per_node} -a {addresses} -p {prefetch_capacity} -c {cores_per_worker} -m {mem_per_worker} --poll {poll_period} --task_port={task_port} --result_port={result_port} --cert_dir {cert_dir} --logdir={logdir} --block_id={{block_id}} --hb_period={heartbeat_period} {address_probe_timeout_string} --hb_threshold={heartbeat_threshold} --drain_period={drain_period} --cpu-affinity {cpu_affinity} {enable_mpi_mode} --mpi-launcher={mpi_launcher} --available-accelerators {accelerators}', 
        manager_selector=<parsl.executors.high_throughput.manager_selector.RandomManagerSelector object at 0x14ffb2297090>, 
        max_workers=inf, 
        max_workers_per_node=inf, 
        mem_per_worker=None, 
        mpi_launcher='mpiexec', 
        poll_period=10, 
        prefetch_capacity=0, 
        provider=LocalProvider(
            channel=LocalChannel(
                envs={}, 
                script_dir=None, 
                userhome='/home/viralss2/nekRS-ML_MSR/examples/parsl_MSR_smartsim'
            ), 
            cmd_timeout=30, 
            init_blocks=1, 
            launcher=SingleNodeLauncher(debug=True, fail_on_any=False), 
            max_blocks=1, 
            min_blocks=0, 
            move_files=None, 
            nodes_per_block=1, 
            parallelism=1, 
            worker_init='source /home/viralss2/ALCF_Hands_on_HPC_Workshop/workflows/parsl/launch_eg/set_run_env;\n                            cd /home/viralss2/nekRS-ML_MSR/examples/parsl_MSR_smartsim'
        ), 
        storage_access=None, 
        worker_debug=False, 
        worker_logdir_root=None, 
        worker_port_range=(54000, 55000), 
        worker_ports=None, 
        working_dir=None
    ),), 
    exit_mode='cleanup', 
    garbage_collect=True, 
    initialize_logging=True, 
    internal_tasks_max_threads=10, 
    max_idletime=120.0, 
    monitoring=None, 
    retries=1, 
    retry_handler=None, 
    run_dir='runinfo', 
    std_autopath=None, 
    strategy='simple', 
    strategy_period=5, 
    usage_tracking=0
)
1724106950.988292 2024-08-19 22:35:50 MainProcess-3001917 MainThread-23097175187648 parsl.dataflow.dflow:175 _log INFO: Parsl version: 2024.08.05
1724106950.988373 2024-08-19 22:35:50 MainProcess-3001917 MainThread-23097175187648 parsl.usage_tracking.usage:175 _log DEBUG: Tracking level: 0
1724106950.988451 2024-08-19 22:35:50 MainProcess-3001917 MainThread-23097175187648 parsl.dataflow.dflow:175 _log INFO: Run id is: 4ac425be-14d4-40d5-93b8-99facb4d21a0
1724106951.094072 2024-08-19 22:35:51 MainProcess-3001917 MainThread-23097175187648 parsl.dataflow.dflow:175 _log DEBUG: Considering candidate for workflow name: /home/viralss2/SSML/lib/python3.11/site-packages/parsl/dataflow/dflow.py
1724106951.094134 2024-08-19 22:35:51 MainProcess-3001917 MainThread-23097175187648 parsl.dataflow.dflow:175 _log DEBUG: Considering candidate for workflow name: /soft/applications/conda/2024-04-29/mconda3/lib/python3.11/site-packages/typeguard/__init__.py
1724106951.094180 2024-08-19 22:35:51 MainProcess-3001917 MainThread-23097175187648 parsl.dataflow.dflow:175 _log DEBUG: Considering candidate for workflow name: /home/viralss2/SSML/lib/python3.11/site-packages/parsl/dataflow/dflow.py
1724106951.094242 2024-08-19 22:35:51 MainProcess-3001917 MainThread-23097175187648 parsl.dataflow.dflow:175 _log DEBUG: Considering candidate for workflow name: /soft/applications/conda/2024-04-29/mconda3/lib/python3.11/site-packages/typeguard/__init__.py
1724106951.094292 2024-08-19 22:35:51 MainProcess-3001917 MainThread-23097175187648 parsl.dataflow.dflow:175 _log DEBUG: Considering candidate for workflow name: /home/viralss2/nekRS-ML_MSR/examples/parsl_MSR_smartsim/ssim_driver_polaris.py
1724106951.094330 2024-08-19 22:35:51 MainProcess-3001917 MainThread-23097175187648 parsl.dataflow.dflow:175 _log DEBUG: Using ssim_driver_polaris.py as workflow name
1724106951.094445 2024-08-19 22:35:51 MainProcess-3001917 MainThread-23097175187648 parsl.dataflow.memoization:175 _log INFO: App caching initialized
1724106951.094496 2024-08-19 22:35:51 MainProcess-3001917 MainThread-23097175187648 parsl.jobs.strategy:175 _log DEBUG: Scaling strategy: simple
1724106951.099292 2024-08-19 22:35:51 MainProcess-3001917 MainThread-23097175187648 parsl.executors.high_throughput.executor:175 _log DEBUG: Starting result queue thread
1724106951.099496 2024-08-19 22:35:51 MainProcess-3001917 HTEX-Result-Queue-Thread-23088385562368 parsl.executors.high_throughput.executor:175 _log DEBUG: Result queue worker starting
1724106951.099572 2024-08-19 22:35:51 MainProcess-3001917 MainThread-23097175187648 parsl.executors.high_throughput.executor:175 _log DEBUG: Started result queue thread
1724106951.099616 2024-08-19 22:35:51 MainProcess-3001917 HTEX-Result-Queue-Thread-23088385562368 parsl.executors.high_throughput.zmq_pipes:175 _log DEBUG: Waiting for ResultsIncoming message
1724106951.101426 2024-08-19 22:35:51 MainProcess-3001917 MainThread-23097175187648 parsl.executors.high_throughput.executor:175 _log DEBUG: Popened interchange process. Writing config object
1724106951.101492 2024-08-19 22:35:51 MainProcess-3001917 MainThread-23097175187648 parsl.executors.high_throughput.executor:175 _log DEBUG: Sent config object. Requesting worker ports
1724106951.101535 2024-08-19 22:35:51 MainProcess-3001917 MainThread-23097175187648 parsl.executors.high_throughput.zmq_pipes:175 _log DEBUG: Sending command client command
1724106951.649969 2024-08-19 22:35:51 MainProcess-3001917 MainThread-23097175187648 parsl.executors.high_throughput.zmq_pipes:175 _log DEBUG: Polling for command client response or timeout
1724106951.651515 2024-08-19 22:35:51 MainProcess-3001917 MainThread-23097175187648 parsl.executors.high_throughput.zmq_pipes:175 _log DEBUG: Receiving command client response
1724106951.651590 2024-08-19 22:35:51 MainProcess-3001917 MainThread-23097175187648 parsl.executors.high_throughput.zmq_pipes:175 _log DEBUG: Received command client response
1724106951.651634 2024-08-19 22:35:51 MainProcess-3001917 MainThread-23097175187648 parsl.executors.high_throughput.executor:175 _log DEBUG: Got worker ports
1724106951.651671 2024-08-19 22:35:51 MainProcess-3001917 MainThread-23097175187648 parsl.executors.high_throughput.executor:175 _log DEBUG: Created result queue thread: <Thread(HTEX-Result-Queue-Thread, started daemon 23088385562368)>
1724106951.651782 2024-08-19 22:35:51 MainProcess-3001917 MainThread-23097175187648 parsl.executors.high_throughput.executor:175 _log DEBUG: Launch command: process_worker_pool.py   -a 10.140.57.88 -p 0 -c 1.0 -m None --poll 10 --task_port=54891 --result_port=54276 --cert_dir None --logdir=/home/viralss2/nekRS-ML_MSR/examples/parsl_MSR_smartsim/runinfo/005/HighThroughputExecutor --block_id={block_id} --hb_period=30  --hb_threshold=120 --drain_period=None --cpu-affinity block-reverse  --mpi-launcher=mpiexec --available-accelerators 0,1,2,3
1724106951.651820 2024-08-19 22:35:51 MainProcess-3001917 MainThread-23097175187648 parsl.executors.high_throughput.executor:175 _log DEBUG: Starting HighThroughputExecutor with provider:
LocalProvider(
    channel=LocalChannel(
        envs={}, 
        script_dir='/home/viralss2/nekRS-ML_MSR/examples/parsl_MSR_smartsim/runinfo/005/submit_scripts', 
        userhome='/home/viralss2/nekRS-ML_MSR/examples/parsl_MSR_smartsim'
    ), 
    cmd_timeout=30, 
    init_blocks=1, 
    launcher=SingleNodeLauncher(debug=True, fail_on_any=False), 
    max_blocks=1, 
    min_blocks=0, 
    move_files=None, 
    nodes_per_block=1, 
    parallelism=1, 
    worker_init='source /home/viralss2/ALCF_Hands_on_HPC_Workshop/workflows/parsl/launch_eg/set_run_env;\n                            cd /home/viralss2/nekRS-ML_MSR/examples/parsl_MSR_smartsim'
)
1724106951.652099 2024-08-19 22:35:51 MainProcess-3001917 MainThread-23097175187648 parsl.jobs.job_status_poller:175 _log DEBUG: Adding executor HighThroughputExecutor
1724106956.094972 2024-08-19 22:35:56 MainProcess-3001917 JobStatusPoller-Timer-Thread-23088414565328-23088400271104 parsl.executors.high_throughput.zmq_pipes:175 _log DEBUG: Sending command client command
1724106956.095239 2024-08-19 22:35:56 MainProcess-3001917 JobStatusPoller-Timer-Thread-23088414565328-23088400271104 parsl.executors.high_throughput.zmq_pipes:175 _log DEBUG: Receiving command client response
1724106956.095611 2024-08-19 22:35:56 MainProcess-3001917 JobStatusPoller-Timer-Thread-23088414565328-23088400271104 parsl.executors.high_throughput.zmq_pipes:175 _log DEBUG: Received command client response
1724106956.095772 2024-08-19 22:35:56 MainProcess-3001917 JobStatusPoller-Timer-Thread-23088414565328-23088400271104 parsl.jobs.strategy:175 _log DEBUG: general strategy starting with strategy_type simple for 1 executors
1724106956.095814 2024-08-19 22:35:56 MainProcess-3001917 JobStatusPoller-Timer-Thread-23088414565328-23088400271104 parsl.jobs.strategy:175 _log DEBUG: Strategizing for executor HighThroughputExecutor
1724106956.095849 2024-08-19 22:35:56 MainProcess-3001917 JobStatusPoller-Timer-Thread-23088414565328-23088400271104 parsl.jobs.strategy:175 _log DEBUG: Scaling out 1 initial blocks for HighThroughputExecutor
1724106956.095888 2024-08-19 22:35:56 MainProcess-3001917 JobStatusPoller-Timer-Thread-23088414565328-23088400271104 parsl.executors.status_handling:175 _log INFO: Scaling out by 1 blocks
1724106956.095927 2024-08-19 22:35:56 MainProcess-3001917 JobStatusPoller-Timer-Thread-23088414565328-23088400271104 parsl.executors.status_handling:175 _log INFO: Allocated block ID 0
1724106956.095967 2024-08-19 22:35:56 MainProcess-3001917 JobStatusPoller-Timer-Thread-23088414565328-23088400271104 parsl.executors.status_handling:175 _log DEBUG: Submitting to provider with job_name parsl.HighThroughputExecutor.block-0
1724106956.098971 2024-08-19 22:35:56 MainProcess-3001917 JobStatusPoller-Timer-Thread-23088414565328-23088400271104 parsl.providers.local.local:175 _log DEBUG: Launching
1724106956.099177 2024-08-19 22:35:56 MainProcess-3001917 JobStatusPoller-Timer-Thread-23088414565328-23088400271104 parsl.channels.local.local:175 _log DEBUG: Creating process with command '/bin/bash -c 'echo - >/home/viralss2/nekRS-ML_MSR/examples/parsl_MSR_smartsim/runinfo/005/submit_scripts/parsl.HighThroughputExecutor.block-0.1724106956.096069.sh.ec && { { bash /home/viralss2/nekRS-ML_MSR/examples/parsl_MSR_smartsim/runinfo/005/submit_scripts/parsl.HighThroughputExecutor.block-0.1724106956.096069.sh 1>/home/viralss2/nekRS-ML_MSR/examples/parsl_MSR_smartsim/runinfo/005/submit_scripts/parsl.HighThroughputExecutor.block-0.1724106956.096069.sh.out 2>/home/viralss2/nekRS-ML_MSR/examples/parsl_MSR_smartsim/runinfo/005/submit_scripts/parsl.HighThroughputExecutor.block-0.1724106956.096069.sh.err ; echo $? > /home/viralss2/nekRS-ML_MSR/examples/parsl_MSR_smartsim/runinfo/005/submit_scripts/parsl.HighThroughputExecutor.block-0.1724106956.096069.sh.ec ; } >/dev/null 2>&1 & echo "PID:$!" ; }''
1724106956.111850 2024-08-19 22:35:56 MainProcess-3001917 JobStatusPoller-Timer-Thread-23088414565328-23088400271104 parsl.channels.local.local:175 _log DEBUG: Created process with pid 3002130. Performing communicate
1724106956.120335 2024-08-19 22:35:56 MainProcess-3001917 JobStatusPoller-Timer-Thread-23088414565328-23088400271104 parsl.channels.local.local:175 _log DEBUG: Process 3002130 returned 0
1724106956.120442 2024-08-19 22:35:56 MainProcess-3001917 JobStatusPoller-Timer-Thread-23088414565328-23088400271104 parsl.channels.local.local:175 _log DEBUG: Execution of command in process 3002130 completed normally
1724106956.120582 2024-08-19 22:35:56 MainProcess-3001917 JobStatusPoller-Timer-Thread-23088414565328-23088400271104 parsl.executors.status_handling:175 _log DEBUG: Launched block 0 on executor HighThroughputExecutor with job ID 3002131
1724106956.120668 2024-08-19 22:35:56 MainProcess-3001917 JobStatusPoller-Timer-Thread-23088414565328-23088400271104 parsl.executors.high_throughput.zmq_pipes:175 _log DEBUG: Sending command client command
1724106956.120756 2024-08-19 22:35:56 MainProcess-3001917 JobStatusPoller-Timer-Thread-23088414565328-23088400271104 parsl.executors.high_throughput.zmq_pipes:175 _log DEBUG: Receiving command client response
1724106956.120885 2024-08-19 22:35:56 MainProcess-3001917 JobStatusPoller-Timer-Thread-23088414565328-23088400271104 parsl.executors.high_throughput.zmq_pipes:175 _log DEBUG: Received command client response
1724106956.120946 2024-08-19 22:35:56 MainProcess-3001917 JobStatusPoller-Timer-Thread-23088414565328-23088400271104 parsl.jobs.strategy:175 _log DEBUG: Slot ratio calculation: active_slots = 1, active_tasks = 0
1724106956.120987 2024-08-19 22:35:56 MainProcess-3001917 JobStatusPoller-Timer-Thread-23088414565328-23088400271104 parsl.executors.high_throughput.zmq_pipes:175 _log DEBUG: Sending command client command
1724106956.121032 2024-08-19 22:35:56 MainProcess-3001917 JobStatusPoller-Timer-Thread-23088414565328-23088400271104 parsl.executors.high_throughput.zmq_pipes:175 _log DEBUG: Receiving command client response
1724106956.121099 2024-08-19 22:35:56 MainProcess-3001917 JobStatusPoller-Timer-Thread-23088414565328-23088400271104 parsl.executors.high_throughput.zmq_pipes:175 _log DEBUG: Received command client response
1724106956.121141 2024-08-19 22:35:56 MainProcess-3001917 JobStatusPoller-Timer-Thread-23088414565328-23088400271104 parsl.executors.high_throughput.zmq_pipes:175 _log DEBUG: Sending command client command
1724106956.121182 2024-08-19 22:35:56 MainProcess-3001917 JobStatusPoller-Timer-Thread-23088414565328-23088400271104 parsl.executors.high_throughput.zmq_pipes:175 _log DEBUG: Receiving command client response
1724106956.121243 2024-08-19 22:35:56 MainProcess-3001917 JobStatusPoller-Timer-Thread-23088414565328-23088400271104 parsl.executors.high_throughput.zmq_pipes:175 _log DEBUG: Received command client response
1724106956.121283 2024-08-19 22:35:56 MainProcess-3001917 JobStatusPoller-Timer-Thread-23088414565328-23088400271104 parsl.jobs.strategy:175 _log DEBUG: Executor HighThroughputExecutor has 0 active tasks, 0/1 running/pending blocks, and 0 connected workers
1724106956.121315 2024-08-19 22:35:56 MainProcess-3001917 JobStatusPoller-Timer-Thread-23088414565328-23088400271104 parsl.jobs.strategy:175 _log DEBUG: Strategy case 1: Executor has no active tasks
1724106956.121349 2024-08-19 22:35:56 MainProcess-3001917 JobStatusPoller-Timer-Thread-23088414565328-23088400271104 parsl.jobs.strategy:175 _log DEBUG: Strategy case 1b: Executor has no active tasks, and more (1) than minimum blocks (0)
1724106956.121386 2024-08-19 22:35:56 MainProcess-3001917 JobStatusPoller-Timer-Thread-23088414565328-23088400271104 parsl.jobs.strategy:175 _log DEBUG: Starting idle timer for executor. If idle time exceeds 120.0s, blocks will be scaled in
1724106956.121430 2024-08-19 22:35:56 MainProcess-3001917 JobStatusPoller-Timer-Thread-23088414565328-23088400271104 parsl.jobs.strategy:175 _log DEBUG: Idle time 4.76837158203125e-07s is less than max_idletime 120.0s for executor HighThroughputExecutor; not scaling in
1724106956.121480 2024-08-19 22:35:56 MainProcess-3001917 JobStatusPoller-Timer-Thread-23088414565328-23088400271104 parsl.process_loggers:175 _log DEBUG: Normal ending for _general_strategy on thread JobStatusPoller-Timer-Thread-23088414565328
1724106961.122064 2024-08-19 22:36:01 MainProcess-3001917 JobStatusPoller-Timer-Thread-23088414565328-23088400271104 parsl.channels.local.local:175 _log DEBUG: Creating process with command 'ps -p 3002131 > /dev/null 2> /dev/null; echo "STATUS:$?" '
1724106961.130302 2024-08-19 22:36:01 MainProcess-3001917 JobStatusPoller-Timer-Thread-23088414565328-23088400271104 parsl.channels.local.local:175 _log DEBUG: Created process with pid 3002341. Performing communicate
1724106961.189443 2024-08-19 22:36:01 MainProcess-3001917 JobStatusPoller-Timer-Thread-23088414565328-23088400271104 parsl.channels.local.local:175 _log DEBUG: Process 3002341 returned 0
1724106961.189563 2024-08-19 22:36:01 MainProcess-3001917 JobStatusPoller-Timer-Thread-23088414565328-23088400271104 parsl.channels.local.local:175 _log DEBUG: Execution of command in process 3002341 completed normally
1724106961.190796 2024-08-19 22:36:01 MainProcess-3001917 JobStatusPoller-Timer-Thread-23088414565328-23088400271104 parsl.executors.high_throughput.zmq_pipes:175 _log DEBUG: Sending command client command
1724106961.190919 2024-08-19 22:36:01 MainProcess-3001917 JobStatusPoller-Timer-Thread-23088414565328-23088400271104 parsl.executors.high_throughput.zmq_pipes:175 _log DEBUG: Receiving command client response
1724106961.191235 2024-08-19 22:36:01 MainProcess-3001917 JobStatusPoller-Timer-Thread-23088414565328-23088400271104 parsl.executors.high_throughput.zmq_pipes:175 _log DEBUG: Received command client response
1724106961.191375 2024-08-19 22:36:01 MainProcess-3001917 JobStatusPoller-Timer-Thread-23088414565328-23088400271104 parsl.jobs.strategy:175 _log DEBUG: general strategy starting with strategy_type simple for 1 executors
1724106961.191423 2024-08-19 22:36:01 MainProcess-3001917 JobStatusPoller-Timer-Thread-23088414565328-23088400271104 parsl.jobs.strategy:175 _log DEBUG: Strategizing for executor HighThroughputExecutor
1724106961.191467 2024-08-19 22:36:01 MainProcess-3001917 JobStatusPoller-Timer-Thread-23088414565328-23088400271104 parsl.executors.high_throughput.zmq_pipes:175 _log DEBUG: Sending command client command
1724106961.191517 2024-08-19 22:36:01 MainProcess-3001917 JobStatusPoller-Timer-Thread-23088414565328-23088400271104 parsl.executors.high_throughput.zmq_pipes:175 _log DEBUG: Receiving command client response
1724106961.191670 2024-08-19 22:36:01 MainProcess-3001917 JobStatusPoller-Timer-Thread-23088414565328-23088400271104 parsl.executors.high_throughput.zmq_pipes:175 _log DEBUG: Received command client response
1724106961.191741 2024-08-19 22:36:01 MainProcess-3001917 JobStatusPoller-Timer-Thread-23088414565328-23088400271104 parsl.jobs.strategy:175 _log DEBUG: Slot ratio calculation: active_slots = 1, active_tasks = 0
1724106961.191789 2024-08-19 22:36:01 MainProcess-3001917 JobStatusPoller-Timer-Thread-23088414565328-23088400271104 parsl.executors.high_throughput.zmq_pipes:175 _log DEBUG: Sending command client command
1724106961.191845 2024-08-19 22:36:01 MainProcess-3001917 JobStatusPoller-Timer-Thread-23088414565328-23088400271104 parsl.executors.high_throughput.zmq_pipes:175 _log DEBUG: Receiving command client response
1724106961.191977 2024-08-19 22:36:01 MainProcess-3001917 JobStatusPoller-Timer-Thread-23088414565328-23088400271104 parsl.executors.high_throughput.zmq_pipes:175 _log DEBUG: Received command client response
1724106961.192042 2024-08-19 22:36:01 MainProcess-3001917 JobStatusPoller-Timer-Thread-23088414565328-23088400271104 parsl.executors.high_throughput.zmq_pipes:175 _log DEBUG: Sending command client command
1724106961.192098 2024-08-19 22:36:01 MainProcess-3001917 JobStatusPoller-Timer-Thread-23088414565328-23088400271104 parsl.executors.high_throughput.zmq_pipes:175 _log DEBUG: Receiving command client response
1724106961.192194 2024-08-19 22:36:01 MainProcess-3001917 JobStatusPoller-Timer-Thread-23088414565328-23088400271104 parsl.executors.high_throughput.zmq_pipes:175 _log DEBUG: Received command client response
1724106961.192237 2024-08-19 22:36:01 MainProcess-3001917 JobStatusPoller-Timer-Thread-23088414565328-23088400271104 parsl.jobs.strategy:175 _log DEBUG: Executor HighThroughputExecutor has 0 active tasks, 1/0 running/pending blocks, and 1 connected workers
1724106961.192291 2024-08-19 22:36:01 MainProcess-3001917 JobStatusPoller-Timer-Thread-23088414565328-23088400271104 parsl.jobs.strategy:175 _log DEBUG: Strategy case 1: Executor has no active tasks
1724106961.192331 2024-08-19 22:36:01 MainProcess-3001917 JobStatusPoller-Timer-Thread-23088414565328-23088400271104 parsl.jobs.strategy:175 _log DEBUG: Strategy case 1b: Executor has no active tasks, and more (1) than minimum blocks (0)
1724106961.192376 2024-08-19 22:36:01 MainProcess-3001917 JobStatusPoller-Timer-Thread-23088414565328-23088400271104 parsl.jobs.strategy:175 _log DEBUG: Idle time 5.070946216583252s is less than max_idletime 120.0s for executor HighThroughputExecutor; not scaling in
1724106961.192412 2024-08-19 22:36:01 MainProcess-3001917 JobStatusPoller-Timer-Thread-23088414565328-23088400271104 parsl.process_loggers:175 _log DEBUG: Normal ending for _general_strategy on thread JobStatusPoller-Timer-Thread-23088414565328
1724106961.920717 2024-08-19 22:36:01 MainProcess-3001917 MainThread-23097175187648 parsl.dataflow.dflow:175 _log WARNING: Python is exiting with a DFK still running. You should call parsl.dfk().cleanup() before exiting to release any resources
