1724112973.840901 2024-08-20 00:16:13 MainProcess-2132539 MainThread-23245868957888 parsl.dataflow.dflow:175 _log INFO: Starting DataFlowKernel with config
Config(
    app_cache=True, 
    checkpoint_files=None, 
    checkpoint_mode=None, 
    checkpoint_period=None, 
    dependency_resolver=None, 
    executors=(HighThroughputExecutor(
        address='10.140.56.174', 
        address_probe_timeout=None, 
        available_accelerators=['0,1,2,3'], 
        block_error_handler=<function simple_error_handler at 0x15224ed16980>, 
        cores_per_worker=1.0, 
        cpu_affinity='block-reverse', 
        drain_period=None, 
        enable_mpi_mode=False, 
        encrypted=False, 
        heartbeat_period=30, 
        heartbeat_threshold=120, 
        interchange_launch_cmd=['interchange.py'], 
        interchange_port_range=(55000, 56000), 
        label='HighThroughputExecutor', 
        launch_cmd='process_worker_pool.py {debug} {max_workers_per_node} -a {addresses} -p {prefetch_capacity} -c {cores_per_worker} -m {mem_per_worker} --poll {poll_period} --task_port={task_port} --result_port={result_port} --cert_dir {cert_dir} --logdir={logdir} --block_id={{block_id}} --hb_period={heartbeat_period} {address_probe_timeout_string} --hb_threshold={heartbeat_threshold} --drain_period={drain_period} --cpu-affinity {cpu_affinity} {enable_mpi_mode} --mpi-launcher={mpi_launcher} --available-accelerators {accelerators}', 
        manager_selector=<parsl.executors.high_throughput.manager_selector.RandomManagerSelector object at 0x15225101f090>, 
        max_workers=inf, 
        max_workers_per_node=inf, 
        mem_per_worker=None, 
        mpi_launcher='mpiexec', 
        poll_period=10, 
        prefetch_capacity=0, 
        provider=LocalProvider(
            channel=LocalChannel(
                envs={}, 
                script_dir=None, 
                userhome='/home/viralss2/nekRS-ML_MSR/examples/parsl_MSR_smartsim'
            ), 
            cmd_timeout=30, 
            init_blocks=1, 
            launcher=SingleNodeLauncher(debug=True, fail_on_any=False), 
            max_blocks=1, 
            min_blocks=0, 
            move_files=None, 
            nodes_per_block=1, 
            parallelism=1, 
            worker_init='source /home/viralss2/ALCF_Hands_on_HPC_Workshop/workflows/parsl/launch_eg/set_run_env;\n                            cd /home/viralss2/nekRS-ML_MSR/examples/parsl_MSR_smartsim'
        ), 
        storage_access=None, 
        worker_debug=False, 
        worker_logdir_root=None, 
        worker_port_range=(54000, 55000), 
        worker_ports=None, 
        working_dir=None
    ),), 
    exit_mode='cleanup', 
    garbage_collect=True, 
    initialize_logging=True, 
    internal_tasks_max_threads=10, 
    max_idletime=120.0, 
    monitoring=None, 
    retries=1, 
    retry_handler=None, 
    run_dir='runinfo', 
    std_autopath=None, 
    strategy='simple', 
    strategy_period=5, 
    usage_tracking=0
)
1724112973.841944 2024-08-20 00:16:13 MainProcess-2132539 MainThread-23245868957888 parsl.dataflow.dflow:175 _log INFO: Parsl version: 2024.08.05
1724112973.842026 2024-08-20 00:16:13 MainProcess-2132539 MainThread-23245868957888 parsl.usage_tracking.usage:175 _log DEBUG: Tracking level: 0
1724112973.842102 2024-08-20 00:16:13 MainProcess-2132539 MainThread-23245868957888 parsl.dataflow.dflow:175 _log INFO: Run id is: 8dea6eea-0872-4257-b356-e40dbdb943fa
1724112973.946429 2024-08-20 00:16:13 MainProcess-2132539 MainThread-23245868957888 parsl.dataflow.dflow:175 _log DEBUG: Considering candidate for workflow name: /home/viralss2/SSML/lib/python3.11/site-packages/parsl/dataflow/dflow.py
1724112973.946492 2024-08-20 00:16:13 MainProcess-2132539 MainThread-23245868957888 parsl.dataflow.dflow:175 _log DEBUG: Considering candidate for workflow name: /soft/applications/conda/2024-04-29/mconda3/lib/python3.11/site-packages/typeguard/__init__.py
1724112973.946539 2024-08-20 00:16:13 MainProcess-2132539 MainThread-23245868957888 parsl.dataflow.dflow:175 _log DEBUG: Considering candidate for workflow name: /home/viralss2/SSML/lib/python3.11/site-packages/parsl/dataflow/dflow.py
1724112973.946602 2024-08-20 00:16:13 MainProcess-2132539 MainThread-23245868957888 parsl.dataflow.dflow:175 _log DEBUG: Considering candidate for workflow name: /soft/applications/conda/2024-04-29/mconda3/lib/python3.11/site-packages/typeguard/__init__.py
1724112973.946656 2024-08-20 00:16:13 MainProcess-2132539 MainThread-23245868957888 parsl.dataflow.dflow:175 _log DEBUG: Considering candidate for workflow name: /home/viralss2/nekRS-ML_MSR/examples/parsl_MSR_smartsim/ssim_driver_polaris.py
1724112973.946695 2024-08-20 00:16:13 MainProcess-2132539 MainThread-23245868957888 parsl.dataflow.dflow:175 _log DEBUG: Using ssim_driver_polaris.py as workflow name
1724112973.946813 2024-08-20 00:16:13 MainProcess-2132539 MainThread-23245868957888 parsl.dataflow.memoization:175 _log INFO: App caching initialized
1724112973.946866 2024-08-20 00:16:13 MainProcess-2132539 MainThread-23245868957888 parsl.jobs.strategy:175 _log DEBUG: Scaling strategy: simple
1724112973.951079 2024-08-20 00:16:13 MainProcess-2132539 MainThread-23245868957888 parsl.executors.high_throughput.executor:175 _log DEBUG: Starting result queue thread
1724112973.951278 2024-08-20 00:16:13 MainProcess-2132539 HTEX-Result-Queue-Thread-23237079320320 parsl.executors.high_throughput.executor:175 _log DEBUG: Result queue worker starting
1724112973.951357 2024-08-20 00:16:13 MainProcess-2132539 MainThread-23245868957888 parsl.executors.high_throughput.executor:175 _log DEBUG: Started result queue thread
1724112973.951397 2024-08-20 00:16:13 MainProcess-2132539 HTEX-Result-Queue-Thread-23237079320320 parsl.executors.high_throughput.zmq_pipes:175 _log DEBUG: Waiting for ResultsIncoming message
1724112973.952331 2024-08-20 00:16:13 MainProcess-2132539 MainThread-23245868957888 parsl.executors.high_throughput.executor:175 _log DEBUG: Popened interchange process. Writing config object
1724112973.952394 2024-08-20 00:16:13 MainProcess-2132539 MainThread-23245868957888 parsl.executors.high_throughput.executor:175 _log DEBUG: Sent config object. Requesting worker ports
1724112973.952435 2024-08-20 00:16:13 MainProcess-2132539 MainThread-23245868957888 parsl.executors.high_throughput.zmq_pipes:175 _log DEBUG: Sending command client command
1724112974.462678 2024-08-20 00:16:14 MainProcess-2132539 MainThread-23245868957888 parsl.executors.high_throughput.zmq_pipes:175 _log DEBUG: Polling for command client response or timeout
1724112974.464267 2024-08-20 00:16:14 MainProcess-2132539 MainThread-23245868957888 parsl.executors.high_throughput.zmq_pipes:175 _log DEBUG: Receiving command client response
1724112974.464321 2024-08-20 00:16:14 MainProcess-2132539 MainThread-23245868957888 parsl.executors.high_throughput.zmq_pipes:175 _log DEBUG: Received command client response
1724112974.464360 2024-08-20 00:16:14 MainProcess-2132539 MainThread-23245868957888 parsl.executors.high_throughput.executor:175 _log DEBUG: Got worker ports
1724112974.464395 2024-08-20 00:16:14 MainProcess-2132539 MainThread-23245868957888 parsl.executors.high_throughput.executor:175 _log DEBUG: Created result queue thread: <Thread(HTEX-Result-Queue-Thread, started daemon 23237079320320)>
1724112974.464602 2024-08-20 00:16:14 MainProcess-2132539 MainThread-23245868957888 parsl.executors.high_throughput.executor:175 _log DEBUG: Launch command: process_worker_pool.py   -a 10.140.56.174 -p 0 -c 1.0 -m None --poll 10 --task_port=54585 --result_port=54449 --cert_dir None --logdir=/home/viralss2/nekRS-ML_MSR/examples/parsl_MSR_smartsim/runinfo/019/HighThroughputExecutor --block_id={block_id} --hb_period=30  --hb_threshold=120 --drain_period=None --cpu-affinity block-reverse  --mpi-launcher=mpiexec --available-accelerators 0,1,2,3
1724112974.464640 2024-08-20 00:16:14 MainProcess-2132539 MainThread-23245868957888 parsl.executors.high_throughput.executor:175 _log DEBUG: Starting HighThroughputExecutor with provider:
LocalProvider(
    channel=LocalChannel(
        envs={}, 
        script_dir='/home/viralss2/nekRS-ML_MSR/examples/parsl_MSR_smartsim/runinfo/019/submit_scripts', 
        userhome='/home/viralss2/nekRS-ML_MSR/examples/parsl_MSR_smartsim'
    ), 
    cmd_timeout=30, 
    init_blocks=1, 
    launcher=SingleNodeLauncher(debug=True, fail_on_any=False), 
    max_blocks=1, 
    min_blocks=0, 
    move_files=None, 
    nodes_per_block=1, 
    parallelism=1, 
    worker_init='source /home/viralss2/ALCF_Hands_on_HPC_Workshop/workflows/parsl/launch_eg/set_run_env;\n                            cd /home/viralss2/nekRS-ML_MSR/examples/parsl_MSR_smartsim'
)
1724112974.464910 2024-08-20 00:16:14 MainProcess-2132539 MainThread-23245868957888 parsl.jobs.job_status_poller:175 _log DEBUG: Adding executor HighThroughputExecutor
1724112978.947205 2024-08-20 00:16:18 MainProcess-2132539 JobStatusPoller-Timer-Thread-23237094237904-23237094029056 parsl.executors.high_throughput.zmq_pipes:175 _log DEBUG: Sending command client command
1724112978.947357 2024-08-20 00:16:18 MainProcess-2132539 JobStatusPoller-Timer-Thread-23237094237904-23237094029056 parsl.executors.high_throughput.zmq_pipes:175 _log DEBUG: Receiving command client response
1724112978.947717 2024-08-20 00:16:18 MainProcess-2132539 JobStatusPoller-Timer-Thread-23237094237904-23237094029056 parsl.executors.high_throughput.zmq_pipes:175 _log DEBUG: Received command client response
1724112978.947801 2024-08-20 00:16:18 MainProcess-2132539 JobStatusPoller-Timer-Thread-23237094237904-23237094029056 parsl.jobs.strategy:175 _log DEBUG: general strategy starting with strategy_type simple for 1 executors
1724112978.947843 2024-08-20 00:16:18 MainProcess-2132539 JobStatusPoller-Timer-Thread-23237094237904-23237094029056 parsl.jobs.strategy:175 _log DEBUG: Strategizing for executor HighThroughputExecutor
1724112978.947880 2024-08-20 00:16:18 MainProcess-2132539 JobStatusPoller-Timer-Thread-23237094237904-23237094029056 parsl.jobs.strategy:175 _log DEBUG: Scaling out 1 initial blocks for HighThroughputExecutor
1724112978.947920 2024-08-20 00:16:18 MainProcess-2132539 JobStatusPoller-Timer-Thread-23237094237904-23237094029056 parsl.executors.status_handling:175 _log INFO: Scaling out by 1 blocks
1724112978.947961 2024-08-20 00:16:18 MainProcess-2132539 JobStatusPoller-Timer-Thread-23237094237904-23237094029056 parsl.executors.status_handling:175 _log INFO: Allocated block ID 0
1724112978.948002 2024-08-20 00:16:18 MainProcess-2132539 JobStatusPoller-Timer-Thread-23237094237904-23237094029056 parsl.executors.status_handling:175 _log DEBUG: Submitting to provider with job_name parsl.HighThroughputExecutor.block-0
1724112978.950940 2024-08-20 00:16:18 MainProcess-2132539 JobStatusPoller-Timer-Thread-23237094237904-23237094029056 parsl.providers.local.local:175 _log DEBUG: Launching
1724112978.951148 2024-08-20 00:16:18 MainProcess-2132539 JobStatusPoller-Timer-Thread-23237094237904-23237094029056 parsl.channels.local.local:175 _log DEBUG: Creating process with command '/bin/bash -c 'echo - >/home/viralss2/nekRS-ML_MSR/examples/parsl_MSR_smartsim/runinfo/019/submit_scripts/parsl.HighThroughputExecutor.block-0.1724112978.9481165.sh.ec && { { bash /home/viralss2/nekRS-ML_MSR/examples/parsl_MSR_smartsim/runinfo/019/submit_scripts/parsl.HighThroughputExecutor.block-0.1724112978.9481165.sh 1>/home/viralss2/nekRS-ML_MSR/examples/parsl_MSR_smartsim/runinfo/019/submit_scripts/parsl.HighThroughputExecutor.block-0.1724112978.9481165.sh.out 2>/home/viralss2/nekRS-ML_MSR/examples/parsl_MSR_smartsim/runinfo/019/submit_scripts/parsl.HighThroughputExecutor.block-0.1724112978.9481165.sh.err ; echo $? > /home/viralss2/nekRS-ML_MSR/examples/parsl_MSR_smartsim/runinfo/019/submit_scripts/parsl.HighThroughputExecutor.block-0.1724112978.9481165.sh.ec ; } >/dev/null 2>&1 & echo "PID:$!" ; }''
1724112978.964148 2024-08-20 00:16:18 MainProcess-2132539 JobStatusPoller-Timer-Thread-23237094237904-23237094029056 parsl.channels.local.local:175 _log DEBUG: Created process with pid 2132752. Performing communicate
1724112978.972524 2024-08-20 00:16:18 MainProcess-2132539 JobStatusPoller-Timer-Thread-23237094237904-23237094029056 parsl.channels.local.local:175 _log DEBUG: Process 2132752 returned 0
1724112978.972638 2024-08-20 00:16:18 MainProcess-2132539 JobStatusPoller-Timer-Thread-23237094237904-23237094029056 parsl.channels.local.local:175 _log DEBUG: Execution of command in process 2132752 completed normally
1724112978.972785 2024-08-20 00:16:18 MainProcess-2132539 JobStatusPoller-Timer-Thread-23237094237904-23237094029056 parsl.executors.status_handling:175 _log DEBUG: Launched block 0 on executor HighThroughputExecutor with job ID 2132753
1724112978.972874 2024-08-20 00:16:18 MainProcess-2132539 JobStatusPoller-Timer-Thread-23237094237904-23237094029056 parsl.executors.high_throughput.zmq_pipes:175 _log DEBUG: Sending command client command
1724112978.972967 2024-08-20 00:16:18 MainProcess-2132539 JobStatusPoller-Timer-Thread-23237094237904-23237094029056 parsl.executors.high_throughput.zmq_pipes:175 _log DEBUG: Receiving command client response
1724112978.973120 2024-08-20 00:16:18 MainProcess-2132539 JobStatusPoller-Timer-Thread-23237094237904-23237094029056 parsl.executors.high_throughput.zmq_pipes:175 _log DEBUG: Received command client response
1724112978.973181 2024-08-20 00:16:18 MainProcess-2132539 JobStatusPoller-Timer-Thread-23237094237904-23237094029056 parsl.jobs.strategy:175 _log DEBUG: Slot ratio calculation: active_slots = 1, active_tasks = 0
1724112978.973222 2024-08-20 00:16:18 MainProcess-2132539 JobStatusPoller-Timer-Thread-23237094237904-23237094029056 parsl.executors.high_throughput.zmq_pipes:175 _log DEBUG: Sending command client command
1724112978.973266 2024-08-20 00:16:18 MainProcess-2132539 JobStatusPoller-Timer-Thread-23237094237904-23237094029056 parsl.executors.high_throughput.zmq_pipes:175 _log DEBUG: Receiving command client response
1724112978.973352 2024-08-20 00:16:18 MainProcess-2132539 JobStatusPoller-Timer-Thread-23237094237904-23237094029056 parsl.executors.high_throughput.zmq_pipes:175 _log DEBUG: Received command client response
1724112978.973393 2024-08-20 00:16:18 MainProcess-2132539 JobStatusPoller-Timer-Thread-23237094237904-23237094029056 parsl.executors.high_throughput.zmq_pipes:175 _log DEBUG: Sending command client command
1724112978.973435 2024-08-20 00:16:18 MainProcess-2132539 JobStatusPoller-Timer-Thread-23237094237904-23237094029056 parsl.executors.high_throughput.zmq_pipes:175 _log DEBUG: Receiving command client response
1724112978.973510 2024-08-20 00:16:18 MainProcess-2132539 JobStatusPoller-Timer-Thread-23237094237904-23237094029056 parsl.executors.high_throughput.zmq_pipes:175 _log DEBUG: Received command client response
1724112978.973548 2024-08-20 00:16:18 MainProcess-2132539 JobStatusPoller-Timer-Thread-23237094237904-23237094029056 parsl.jobs.strategy:175 _log DEBUG: Executor HighThroughputExecutor has 0 active tasks, 0/1 running/pending blocks, and 0 connected workers
1724112978.973582 2024-08-20 00:16:18 MainProcess-2132539 JobStatusPoller-Timer-Thread-23237094237904-23237094029056 parsl.jobs.strategy:175 _log DEBUG: Strategy case 1: Executor has no active tasks
1724112978.973615 2024-08-20 00:16:18 MainProcess-2132539 JobStatusPoller-Timer-Thread-23237094237904-23237094029056 parsl.jobs.strategy:175 _log DEBUG: Strategy case 1b: Executor has no active tasks, and more (1) than minimum blocks (0)
1724112978.973651 2024-08-20 00:16:18 MainProcess-2132539 JobStatusPoller-Timer-Thread-23237094237904-23237094029056 parsl.jobs.strategy:175 _log DEBUG: Starting idle timer for executor. If idle time exceeds 120.0s, blocks will be scaled in
1724112978.973696 2024-08-20 00:16:18 MainProcess-2132539 JobStatusPoller-Timer-Thread-23237094237904-23237094029056 parsl.jobs.strategy:175 _log DEBUG: Idle time 7.152557373046875e-07s is less than max_idletime 120.0s for executor HighThroughputExecutor; not scaling in
1724112978.973745 2024-08-20 00:16:18 MainProcess-2132539 JobStatusPoller-Timer-Thread-23237094237904-23237094029056 parsl.process_loggers:175 _log DEBUG: Normal ending for _general_strategy on thread JobStatusPoller-Timer-Thread-23237094237904
1724112983.974283 2024-08-20 00:16:23 MainProcess-2132539 JobStatusPoller-Timer-Thread-23237094237904-23237094029056 parsl.channels.local.local:175 _log DEBUG: Creating process with command 'ps -p 2132753 > /dev/null 2> /dev/null; echo "STATUS:$?" '
1724112983.982403 2024-08-20 00:16:23 MainProcess-2132539 JobStatusPoller-Timer-Thread-23237094237904-23237094029056 parsl.channels.local.local:175 _log DEBUG: Created process with pid 2132895. Performing communicate
1724112984.037519 2024-08-20 00:16:24 MainProcess-2132539 JobStatusPoller-Timer-Thread-23237094237904-23237094029056 parsl.channels.local.local:175 _log DEBUG: Process 2132895 returned 0
1724112984.037576 2024-08-20 00:16:24 MainProcess-2132539 JobStatusPoller-Timer-Thread-23237094237904-23237094029056 parsl.channels.local.local:175 _log DEBUG: Execution of command in process 2132895 completed normally
1724112984.038569 2024-08-20 00:16:24 MainProcess-2132539 JobStatusPoller-Timer-Thread-23237094237904-23237094029056 parsl.executors.high_throughput.zmq_pipes:175 _log DEBUG: Sending command client command
1724112984.038670 2024-08-20 00:16:24 MainProcess-2132539 JobStatusPoller-Timer-Thread-23237094237904-23237094029056 parsl.executors.high_throughput.zmq_pipes:175 _log DEBUG: Receiving command client response
1724112984.039022 2024-08-20 00:16:24 MainProcess-2132539 JobStatusPoller-Timer-Thread-23237094237904-23237094029056 parsl.executors.high_throughput.zmq_pipes:175 _log DEBUG: Received command client response
1724112984.039143 2024-08-20 00:16:24 MainProcess-2132539 JobStatusPoller-Timer-Thread-23237094237904-23237094029056 parsl.jobs.strategy:175 _log DEBUG: general strategy starting with strategy_type simple for 1 executors
1724112984.039189 2024-08-20 00:16:24 MainProcess-2132539 JobStatusPoller-Timer-Thread-23237094237904-23237094029056 parsl.jobs.strategy:175 _log DEBUG: Strategizing for executor HighThroughputExecutor
1724112984.039232 2024-08-20 00:16:24 MainProcess-2132539 JobStatusPoller-Timer-Thread-23237094237904-23237094029056 parsl.executors.high_throughput.zmq_pipes:175 _log DEBUG: Sending command client command
1724112984.039279 2024-08-20 00:16:24 MainProcess-2132539 JobStatusPoller-Timer-Thread-23237094237904-23237094029056 parsl.executors.high_throughput.zmq_pipes:175 _log DEBUG: Receiving command client response
1724112984.039479 2024-08-20 00:16:24 MainProcess-2132539 JobStatusPoller-Timer-Thread-23237094237904-23237094029056 parsl.executors.high_throughput.zmq_pipes:175 _log DEBUG: Received command client response
1724112984.039547 2024-08-20 00:16:24 MainProcess-2132539 JobStatusPoller-Timer-Thread-23237094237904-23237094029056 parsl.jobs.strategy:175 _log DEBUG: Slot ratio calculation: active_slots = 1, active_tasks = 0
1724112984.039594 2024-08-20 00:16:24 MainProcess-2132539 JobStatusPoller-Timer-Thread-23237094237904-23237094029056 parsl.executors.high_throughput.zmq_pipes:175 _log DEBUG: Sending command client command
1724112984.039648 2024-08-20 00:16:24 MainProcess-2132539 JobStatusPoller-Timer-Thread-23237094237904-23237094029056 parsl.executors.high_throughput.zmq_pipes:175 _log DEBUG: Receiving command client response
1724112984.039834 2024-08-20 00:16:24 MainProcess-2132539 JobStatusPoller-Timer-Thread-23237094237904-23237094029056 parsl.executors.high_throughput.zmq_pipes:175 _log DEBUG: Received command client response
1724112984.039896 2024-08-20 00:16:24 MainProcess-2132539 JobStatusPoller-Timer-Thread-23237094237904-23237094029056 parsl.executors.high_throughput.zmq_pipes:175 _log DEBUG: Sending command client command
1724112984.039950 2024-08-20 00:16:24 MainProcess-2132539 JobStatusPoller-Timer-Thread-23237094237904-23237094029056 parsl.executors.high_throughput.zmq_pipes:175 _log DEBUG: Receiving command client response
1724112984.040132 2024-08-20 00:16:24 MainProcess-2132539 JobStatusPoller-Timer-Thread-23237094237904-23237094029056 parsl.executors.high_throughput.zmq_pipes:175 _log DEBUG: Received command client response
1724112984.040192 2024-08-20 00:16:24 MainProcess-2132539 JobStatusPoller-Timer-Thread-23237094237904-23237094029056 parsl.jobs.strategy:175 _log DEBUG: Executor HighThroughputExecutor has 0 active tasks, 1/0 running/pending blocks, and 1 connected workers
1724112984.040243 2024-08-20 00:16:24 MainProcess-2132539 JobStatusPoller-Timer-Thread-23237094237904-23237094029056 parsl.jobs.strategy:175 _log DEBUG: Strategy case 1: Executor has no active tasks
1724112984.040282 2024-08-20 00:16:24 MainProcess-2132539 JobStatusPoller-Timer-Thread-23237094237904-23237094029056 parsl.jobs.strategy:175 _log DEBUG: Strategy case 1b: Executor has no active tasks, and more (1) than minimum blocks (0)
1724112984.040325 2024-08-20 00:16:24 MainProcess-2132539 JobStatusPoller-Timer-Thread-23237094237904-23237094029056 parsl.jobs.strategy:175 _log DEBUG: Idle time 5.066631317138672s is less than max_idletime 120.0s for executor HighThroughputExecutor; not scaling in
1724112984.040361 2024-08-20 00:16:24 MainProcess-2132539 JobStatusPoller-Timer-Thread-23237094237904-23237094029056 parsl.process_loggers:175 _log DEBUG: Normal ending for _general_strategy on thread JobStatusPoller-Timer-Thread-23237094237904
1724112984.741444 2024-08-20 00:16:24 MainProcess-2132539 MainThread-23245868957888 parsl.dataflow.dflow:175 _log WARNING: Python is exiting with a DFK still running. You should call parsl.dfk().cleanup() before exiting to release any resources
