1724259372.890114 2024-08-21 16:56:12 MainProcess-3982711 MainThread-23421645496512 parsl.dataflow.dflow:175 _log INFO: Starting DataFlowKernel with config
Config(
    app_cache=True, 
    checkpoint_files=None, 
    checkpoint_mode=None, 
    checkpoint_period=None, 
    dependency_resolver=None, 
    executors=(HighThroughputExecutor(
        address='10.140.56.175', 
        address_probe_timeout=None, 
        available_accelerators=['0,1,2,3'], 
        block_error_handler=<function simple_error_handler at 0x154b3bec68e0>, 
        cores_per_worker=1.0, 
        cpu_affinity='block-reverse', 
        drain_period=None, 
        enable_mpi_mode=False, 
        encrypted=False, 
        heartbeat_period=30, 
        heartbeat_threshold=120, 
        interchange_launch_cmd=['interchange.py'], 
        interchange_port_range=(55000, 56000), 
        label='HighThroughputExecutor', 
        launch_cmd='process_worker_pool.py {debug} {max_workers_per_node} -a {addresses} -p {prefetch_capacity} -c {cores_per_worker} -m {mem_per_worker} --poll {poll_period} --task_port={task_port} --result_port={result_port} --cert_dir {cert_dir} --logdir={logdir} --block_id={{block_id}} --hb_period={heartbeat_period} {address_probe_timeout_string} --hb_threshold={heartbeat_threshold} --drain_period={drain_period} --cpu-affinity {cpu_affinity} {enable_mpi_mode} --mpi-launcher={mpi_launcher} --available-accelerators {accelerators}', 
        manager_selector=<parsl.executors.high_throughput.manager_selector.RandomManagerSelector object at 0x154b3bece9d0>, 
        max_workers=inf, 
        max_workers_per_node=inf, 
        mem_per_worker=None, 
        mpi_launcher='mpiexec', 
        poll_period=10, 
        prefetch_capacity=0, 
        provider=LocalProvider(
            channel=LocalChannel(
                envs={}, 
                script_dir=None, 
                userhome='/home/viralss2/nekRS-ML_MSR/examples/parsl_MSR_smartsim'
            ), 
            cmd_timeout=30, 
            init_blocks=1, 
            launcher=SingleNodeLauncher(debug=True, fail_on_any=False), 
            max_blocks=1, 
            min_blocks=0, 
            move_files=None, 
            nodes_per_block=1, 
            parallelism=1, 
            worker_init='source /home/viralss2/ALCF_Hands_on_HPC_Workshop/workflows/parsl/launch_eg/set_run_env;\n                            cd /home/viralss2/nekRS-ML_MSR/examples/parsl_MSR_smartsim'
        ), 
        storage_access=None, 
        worker_debug=False, 
        worker_logdir_root=None, 
        worker_port_range=(54000, 55000), 
        worker_ports=None, 
        working_dir=None
    ),), 
    exit_mode='cleanup', 
    garbage_collect=True, 
    initialize_logging=True, 
    internal_tasks_max_threads=10, 
    max_idletime=120.0, 
    monitoring=None, 
    retries=1, 
    retry_handler=None, 
    run_dir='runinfo', 
    std_autopath=None, 
    strategy='simple', 
    strategy_period=5, 
    usage_tracking=0
)
1724259372.891854 2024-08-21 16:56:12 MainProcess-3982711 MainThread-23421645496512 parsl.dataflow.dflow:175 _log INFO: Parsl version: 2024.08.05
1724259372.891938 2024-08-21 16:56:12 MainProcess-3982711 MainThread-23421645496512 parsl.usage_tracking.usage:175 _log DEBUG: Tracking level: 0
1724259372.892019 2024-08-21 16:56:12 MainProcess-3982711 MainThread-23421645496512 parsl.dataflow.dflow:175 _log INFO: Run id is: 8251a53f-8f2b-4002-94ff-48319af4983e
1724259373.049324 2024-08-21 16:56:13 MainProcess-3982711 MainThread-23421645496512 parsl.dataflow.dflow:175 _log DEBUG: Considering candidate for workflow name: /home/viralss2/SSML/lib/python3.11/site-packages/parsl/dataflow/dflow.py
1724259373.049390 2024-08-21 16:56:13 MainProcess-3982711 MainThread-23421645496512 parsl.dataflow.dflow:175 _log DEBUG: Considering candidate for workflow name: /soft/applications/conda/2024-04-29/mconda3/lib/python3.11/site-packages/typeguard/__init__.py
1724259373.049441 2024-08-21 16:56:13 MainProcess-3982711 MainThread-23421645496512 parsl.dataflow.dflow:175 _log DEBUG: Considering candidate for workflow name: /home/viralss2/SSML/lib/python3.11/site-packages/parsl/dataflow/dflow.py
1724259373.049506 2024-08-21 16:56:13 MainProcess-3982711 MainThread-23421645496512 parsl.dataflow.dflow:175 _log DEBUG: Considering candidate for workflow name: /soft/applications/conda/2024-04-29/mconda3/lib/python3.11/site-packages/typeguard/__init__.py
1724259373.049563 2024-08-21 16:56:13 MainProcess-3982711 MainThread-23421645496512 parsl.dataflow.dflow:175 _log DEBUG: Considering candidate for workflow name: /home/viralss2/nekRS-ML_MSR/examples/parsl_MSR_smartsim/ssim_driver_polaris.py
1724259373.049605 2024-08-21 16:56:13 MainProcess-3982711 MainThread-23421645496512 parsl.dataflow.dflow:175 _log DEBUG: Using ssim_driver_polaris.py as workflow name
1724259373.049736 2024-08-21 16:56:13 MainProcess-3982711 MainThread-23421645496512 parsl.dataflow.memoization:175 _log INFO: App caching initialized
1724259373.049793 2024-08-21 16:56:13 MainProcess-3982711 MainThread-23421645496512 parsl.jobs.strategy:175 _log DEBUG: Scaling strategy: simple
1724259373.054436 2024-08-21 16:56:13 MainProcess-3982711 MainThread-23421645496512 parsl.executors.high_throughput.executor:175 _log DEBUG: Starting result queue thread
1724259373.054670 2024-08-21 16:56:13 MainProcess-3982711 HTEX-Result-Queue-Thread-23412855891712 parsl.executors.high_throughput.executor:175 _log DEBUG: Result queue worker starting
1724259373.054763 2024-08-21 16:56:13 MainProcess-3982711 MainThread-23421645496512 parsl.executors.high_throughput.executor:175 _log DEBUG: Started result queue thread
1724259373.054816 2024-08-21 16:56:13 MainProcess-3982711 HTEX-Result-Queue-Thread-23412855891712 parsl.executors.high_throughput.zmq_pipes:175 _log DEBUG: Waiting for ResultsIncoming message
1724259373.056435 2024-08-21 16:56:13 MainProcess-3982711 MainThread-23421645496512 parsl.executors.high_throughput.executor:175 _log DEBUG: Popened interchange process. Writing config object
1724259373.056509 2024-08-21 16:56:13 MainProcess-3982711 MainThread-23421645496512 parsl.executors.high_throughput.executor:175 _log DEBUG: Sent config object. Requesting worker ports
1724259373.056560 2024-08-21 16:56:13 MainProcess-3982711 MainThread-23421645496512 parsl.executors.high_throughput.zmq_pipes:175 _log DEBUG: Sending command client command
1724259373.628077 2024-08-21 16:56:13 MainProcess-3982711 MainThread-23421645496512 parsl.executors.high_throughput.zmq_pipes:175 _log DEBUG: Polling for command client response or timeout
1724259373.629747 2024-08-21 16:56:13 MainProcess-3982711 MainThread-23421645496512 parsl.executors.high_throughput.zmq_pipes:175 _log DEBUG: Receiving command client response
1724259373.629820 2024-08-21 16:56:13 MainProcess-3982711 MainThread-23421645496512 parsl.executors.high_throughput.zmq_pipes:175 _log DEBUG: Received command client response
1724259373.629868 2024-08-21 16:56:13 MainProcess-3982711 MainThread-23421645496512 parsl.executors.high_throughput.executor:175 _log DEBUG: Got worker ports
1724259373.629909 2024-08-21 16:56:13 MainProcess-3982711 MainThread-23421645496512 parsl.executors.high_throughput.executor:175 _log DEBUG: Created result queue thread: <Thread(HTEX-Result-Queue-Thread, started daemon 23412855891712)>
1724259373.630215 2024-08-21 16:56:13 MainProcess-3982711 MainThread-23421645496512 parsl.executors.high_throughput.executor:175 _log DEBUG: Launch command: process_worker_pool.py   -a 10.140.56.175 -p 0 -c 1.0 -m None --poll 10 --task_port=54192 --result_port=54039 --cert_dir None --logdir=/home/viralss2/nekRS-ML_MSR/examples/parsl_MSR_smartsim/runinfo/064/HighThroughputExecutor --block_id={block_id} --hb_period=30  --hb_threshold=120 --drain_period=None --cpu-affinity block-reverse  --mpi-launcher=mpiexec --available-accelerators 0,1,2,3
1724259373.630289 2024-08-21 16:56:13 MainProcess-3982711 MainThread-23421645496512 parsl.executors.high_throughput.executor:175 _log DEBUG: Starting HighThroughputExecutor with provider:
LocalProvider(
    channel=LocalChannel(
        envs={}, 
        script_dir='/home/viralss2/nekRS-ML_MSR/examples/parsl_MSR_smartsim/runinfo/064/submit_scripts', 
        userhome='/home/viralss2/nekRS-ML_MSR/examples/parsl_MSR_smartsim'
    ), 
    cmd_timeout=30, 
    init_blocks=1, 
    launcher=SingleNodeLauncher(debug=True, fail_on_any=False), 
    max_blocks=1, 
    min_blocks=0, 
    move_files=None, 
    nodes_per_block=1, 
    parallelism=1, 
    worker_init='source /home/viralss2/ALCF_Hands_on_HPC_Workshop/workflows/parsl/launch_eg/set_run_env;\n                            cd /home/viralss2/nekRS-ML_MSR/examples/parsl_MSR_smartsim'
)
1724259373.630789 2024-08-21 16:56:13 MainProcess-3982711 MainThread-23421645496512 parsl.jobs.job_status_poller:175 _log DEBUG: Adding executor HighThroughputExecutor
1724259378.050246 2024-08-21 16:56:18 MainProcess-3982711 JobStatusPoller-Timer-Thread-23412870884496-23412870600448 parsl.executors.high_throughput.zmq_pipes:175 _log DEBUG: Sending command client command
1724259378.050534 2024-08-21 16:56:18 MainProcess-3982711 JobStatusPoller-Timer-Thread-23412870884496-23412870600448 parsl.executors.high_throughput.zmq_pipes:175 _log DEBUG: Receiving command client response
1724259378.051038 2024-08-21 16:56:18 MainProcess-3982711 JobStatusPoller-Timer-Thread-23412870884496-23412870600448 parsl.executors.high_throughput.zmq_pipes:175 _log DEBUG: Received command client response
1724259378.051221 2024-08-21 16:56:18 MainProcess-3982711 JobStatusPoller-Timer-Thread-23412870884496-23412870600448 parsl.jobs.strategy:175 _log DEBUG: general strategy starting with strategy_type simple for 1 executors
1724259378.051328 2024-08-21 16:56:18 MainProcess-3982711 JobStatusPoller-Timer-Thread-23412870884496-23412870600448 parsl.jobs.strategy:175 _log DEBUG: Strategizing for executor HighThroughputExecutor
1724259378.051422 2024-08-21 16:56:18 MainProcess-3982711 JobStatusPoller-Timer-Thread-23412870884496-23412870600448 parsl.jobs.strategy:175 _log DEBUG: Scaling out 1 initial blocks for HighThroughputExecutor
1724259378.051523 2024-08-21 16:56:18 MainProcess-3982711 JobStatusPoller-Timer-Thread-23412870884496-23412870600448 parsl.executors.status_handling:175 _log INFO: Scaling out by 1 blocks
1724259378.051622 2024-08-21 16:56:18 MainProcess-3982711 JobStatusPoller-Timer-Thread-23412870884496-23412870600448 parsl.executors.status_handling:175 _log INFO: Allocated block ID 0
1724259378.051712 2024-08-21 16:56:18 MainProcess-3982711 JobStatusPoller-Timer-Thread-23412870884496-23412870600448 parsl.executors.status_handling:175 _log DEBUG: Submitting to provider with job_name parsl.HighThroughputExecutor.block-0
1724259378.055181 2024-08-21 16:56:18 MainProcess-3982711 JobStatusPoller-Timer-Thread-23412870884496-23412870600448 parsl.providers.local.local:175 _log DEBUG: Launching
1724259378.055398 2024-08-21 16:56:18 MainProcess-3982711 JobStatusPoller-Timer-Thread-23412870884496-23412870600448 parsl.channels.local.local:175 _log DEBUG: Creating process with command '/bin/bash -c 'echo - >/home/viralss2/nekRS-ML_MSR/examples/parsl_MSR_smartsim/runinfo/064/submit_scripts/parsl.HighThroughputExecutor.block-0.1724259378.0518296.sh.ec && { { bash /home/viralss2/nekRS-ML_MSR/examples/parsl_MSR_smartsim/runinfo/064/submit_scripts/parsl.HighThroughputExecutor.block-0.1724259378.0518296.sh 1>/home/viralss2/nekRS-ML_MSR/examples/parsl_MSR_smartsim/runinfo/064/submit_scripts/parsl.HighThroughputExecutor.block-0.1724259378.0518296.sh.out 2>/home/viralss2/nekRS-ML_MSR/examples/parsl_MSR_smartsim/runinfo/064/submit_scripts/parsl.HighThroughputExecutor.block-0.1724259378.0518296.sh.err ; echo $? > /home/viralss2/nekRS-ML_MSR/examples/parsl_MSR_smartsim/runinfo/064/submit_scripts/parsl.HighThroughputExecutor.block-0.1724259378.0518296.sh.ec ; } >/dev/null 2>&1 & echo "PID:$!" ; }''
1724259378.066047 2024-08-21 16:56:18 MainProcess-3982711 JobStatusPoller-Timer-Thread-23412870884496-23412870600448 parsl.channels.local.local:175 _log DEBUG: Created process with pid 3982992. Performing communicate
1724259378.074989 2024-08-21 16:56:18 MainProcess-3982711 JobStatusPoller-Timer-Thread-23412870884496-23412870600448 parsl.channels.local.local:175 _log DEBUG: Process 3982992 returned 0
1724259378.075115 2024-08-21 16:56:18 MainProcess-3982711 JobStatusPoller-Timer-Thread-23412870884496-23412870600448 parsl.channels.local.local:175 _log DEBUG: Execution of command in process 3982992 completed normally
1724259378.075258 2024-08-21 16:56:18 MainProcess-3982711 JobStatusPoller-Timer-Thread-23412870884496-23412870600448 parsl.executors.status_handling:175 _log DEBUG: Launched block 0 on executor HighThroughputExecutor with job ID 3982993
1724259378.075350 2024-08-21 16:56:18 MainProcess-3982711 JobStatusPoller-Timer-Thread-23412870884496-23412870600448 parsl.executors.high_throughput.zmq_pipes:175 _log DEBUG: Sending command client command
1724259378.075445 2024-08-21 16:56:18 MainProcess-3982711 JobStatusPoller-Timer-Thread-23412870884496-23412870600448 parsl.executors.high_throughput.zmq_pipes:175 _log DEBUG: Receiving command client response
1724259378.075672 2024-08-21 16:56:18 MainProcess-3982711 JobStatusPoller-Timer-Thread-23412870884496-23412870600448 parsl.executors.high_throughput.zmq_pipes:175 _log DEBUG: Received command client response
1724259378.075735 2024-08-21 16:56:18 MainProcess-3982711 JobStatusPoller-Timer-Thread-23412870884496-23412870600448 parsl.jobs.strategy:175 _log DEBUG: Slot ratio calculation: active_slots = 1, active_tasks = 0
1724259378.075781 2024-08-21 16:56:18 MainProcess-3982711 JobStatusPoller-Timer-Thread-23412870884496-23412870600448 parsl.executors.high_throughput.zmq_pipes:175 _log DEBUG: Sending command client command
1724259378.075830 2024-08-21 16:56:18 MainProcess-3982711 JobStatusPoller-Timer-Thread-23412870884496-23412870600448 parsl.executors.high_throughput.zmq_pipes:175 _log DEBUG: Receiving command client response
1724259378.075954 2024-08-21 16:56:18 MainProcess-3982711 JobStatusPoller-Timer-Thread-23412870884496-23412870600448 parsl.executors.high_throughput.zmq_pipes:175 _log DEBUG: Received command client response
1724259378.076001 2024-08-21 16:56:18 MainProcess-3982711 JobStatusPoller-Timer-Thread-23412870884496-23412870600448 parsl.executors.high_throughput.zmq_pipes:175 _log DEBUG: Sending command client command
1724259378.076049 2024-08-21 16:56:18 MainProcess-3982711 JobStatusPoller-Timer-Thread-23412870884496-23412870600448 parsl.executors.high_throughput.zmq_pipes:175 _log DEBUG: Receiving command client response
1724259378.076159 2024-08-21 16:56:18 MainProcess-3982711 JobStatusPoller-Timer-Thread-23412870884496-23412870600448 parsl.executors.high_throughput.zmq_pipes:175 _log DEBUG: Received command client response
1724259378.076206 2024-08-21 16:56:18 MainProcess-3982711 JobStatusPoller-Timer-Thread-23412870884496-23412870600448 parsl.jobs.strategy:175 _log DEBUG: Executor HighThroughputExecutor has 0 active tasks, 0/1 running/pending blocks, and 0 connected workers
1724259378.076245 2024-08-21 16:56:18 MainProcess-3982711 JobStatusPoller-Timer-Thread-23412870884496-23412870600448 parsl.jobs.strategy:175 _log DEBUG: Strategy case 1: Executor has no active tasks
1724259378.076282 2024-08-21 16:56:18 MainProcess-3982711 JobStatusPoller-Timer-Thread-23412870884496-23412870600448 parsl.jobs.strategy:175 _log DEBUG: Strategy case 1b: Executor has no active tasks, and more (1) than minimum blocks (0)
1724259378.076323 2024-08-21 16:56:18 MainProcess-3982711 JobStatusPoller-Timer-Thread-23412870884496-23412870600448 parsl.jobs.strategy:175 _log DEBUG: Starting idle timer for executor. If idle time exceeds 120.0s, blocks will be scaled in
1724259378.076375 2024-08-21 16:56:18 MainProcess-3982711 JobStatusPoller-Timer-Thread-23412870884496-23412870600448 parsl.jobs.strategy:175 _log DEBUG: Idle time 1.6689300537109375e-06s is less than max_idletime 120.0s for executor HighThroughputExecutor; not scaling in
1724259378.076428 2024-08-21 16:56:18 MainProcess-3982711 JobStatusPoller-Timer-Thread-23412870884496-23412870600448 parsl.process_loggers:175 _log DEBUG: Normal ending for _general_strategy on thread JobStatusPoller-Timer-Thread-23412870884496
1724259383.076919 2024-08-21 16:56:23 MainProcess-3982711 JobStatusPoller-Timer-Thread-23412870884496-23412870600448 parsl.channels.local.local:175 _log DEBUG: Creating process with command 'ps -p 3982993 > /dev/null 2> /dev/null; echo "STATUS:$?" '
1724259383.085623 2024-08-21 16:56:23 MainProcess-3982711 JobStatusPoller-Timer-Thread-23412870884496-23412870600448 parsl.channels.local.local:175 _log DEBUG: Created process with pid 3983135. Performing communicate
1724259383.141308 2024-08-21 16:56:23 MainProcess-3982711 JobStatusPoller-Timer-Thread-23412870884496-23412870600448 parsl.channels.local.local:175 _log DEBUG: Process 3983135 returned 0
1724259383.141428 2024-08-21 16:56:23 MainProcess-3982711 JobStatusPoller-Timer-Thread-23412870884496-23412870600448 parsl.channels.local.local:175 _log DEBUG: Execution of command in process 3983135 completed normally
1724259383.142673 2024-08-21 16:56:23 MainProcess-3982711 JobStatusPoller-Timer-Thread-23412870884496-23412870600448 parsl.executors.high_throughput.zmq_pipes:175 _log DEBUG: Sending command client command
1724259383.142779 2024-08-21 16:56:23 MainProcess-3982711 JobStatusPoller-Timer-Thread-23412870884496-23412870600448 parsl.executors.high_throughput.zmq_pipes:175 _log DEBUG: Receiving command client response
1724259383.143272 2024-08-21 16:56:23 MainProcess-3982711 JobStatusPoller-Timer-Thread-23412870884496-23412870600448 parsl.executors.high_throughput.zmq_pipes:175 _log DEBUG: Received command client response
1724259383.143407 2024-08-21 16:56:23 MainProcess-3982711 JobStatusPoller-Timer-Thread-23412870884496-23412870600448 parsl.jobs.strategy:175 _log DEBUG: general strategy starting with strategy_type simple for 1 executors
1724259383.143460 2024-08-21 16:56:23 MainProcess-3982711 JobStatusPoller-Timer-Thread-23412870884496-23412870600448 parsl.jobs.strategy:175 _log DEBUG: Strategizing for executor HighThroughputExecutor
1724259383.143511 2024-08-21 16:56:23 MainProcess-3982711 JobStatusPoller-Timer-Thread-23412870884496-23412870600448 parsl.executors.high_throughput.zmq_pipes:175 _log DEBUG: Sending command client command
1724259383.143566 2024-08-21 16:56:23 MainProcess-3982711 JobStatusPoller-Timer-Thread-23412870884496-23412870600448 parsl.executors.high_throughput.zmq_pipes:175 _log DEBUG: Receiving command client response
1724259383.143925 2024-08-21 16:56:23 MainProcess-3982711 JobStatusPoller-Timer-Thread-23412870884496-23412870600448 parsl.executors.high_throughput.zmq_pipes:175 _log DEBUG: Received command client response
1724259383.143999 2024-08-21 16:56:23 MainProcess-3982711 JobStatusPoller-Timer-Thread-23412870884496-23412870600448 parsl.jobs.strategy:175 _log DEBUG: Slot ratio calculation: active_slots = 1, active_tasks = 0
1724259383.144053 2024-08-21 16:56:23 MainProcess-3982711 JobStatusPoller-Timer-Thread-23412870884496-23412870600448 parsl.executors.high_throughput.zmq_pipes:175 _log DEBUG: Sending command client command
1724259383.144114 2024-08-21 16:56:23 MainProcess-3982711 JobStatusPoller-Timer-Thread-23412870884496-23412870600448 parsl.executors.high_throughput.zmq_pipes:175 _log DEBUG: Receiving command client response
1724259383.144326 2024-08-21 16:56:23 MainProcess-3982711 JobStatusPoller-Timer-Thread-23412870884496-23412870600448 parsl.executors.high_throughput.zmq_pipes:175 _log DEBUG: Received command client response
1724259383.144397 2024-08-21 16:56:23 MainProcess-3982711 JobStatusPoller-Timer-Thread-23412870884496-23412870600448 parsl.executors.high_throughput.zmq_pipes:175 _log DEBUG: Sending command client command
1724259383.144457 2024-08-21 16:56:23 MainProcess-3982711 JobStatusPoller-Timer-Thread-23412870884496-23412870600448 parsl.executors.high_throughput.zmq_pipes:175 _log DEBUG: Receiving command client response
1724259383.144664 2024-08-21 16:56:23 MainProcess-3982711 JobStatusPoller-Timer-Thread-23412870884496-23412870600448 parsl.executors.high_throughput.zmq_pipes:175 _log DEBUG: Received command client response
1724259383.144730 2024-08-21 16:56:23 MainProcess-3982711 JobStatusPoller-Timer-Thread-23412870884496-23412870600448 parsl.jobs.strategy:175 _log DEBUG: Executor HighThroughputExecutor has 0 active tasks, 1/0 running/pending blocks, and 1 connected workers
1724259383.144789 2024-08-21 16:56:23 MainProcess-3982711 JobStatusPoller-Timer-Thread-23412870884496-23412870600448 parsl.jobs.strategy:175 _log DEBUG: Strategy case 1: Executor has no active tasks
1724259383.144835 2024-08-21 16:56:23 MainProcess-3982711 JobStatusPoller-Timer-Thread-23412870884496-23412870600448 parsl.jobs.strategy:175 _log DEBUG: Strategy case 1b: Executor has no active tasks, and more (1) than minimum blocks (0)
1724259383.144886 2024-08-21 16:56:23 MainProcess-3982711 JobStatusPoller-Timer-Thread-23412870884496-23412870600448 parsl.jobs.strategy:175 _log DEBUG: Idle time 5.068514823913574s is less than max_idletime 120.0s for executor HighThroughputExecutor; not scaling in
1724259383.144928 2024-08-21 16:56:23 MainProcess-3982711 JobStatusPoller-Timer-Thread-23412870884496-23412870600448 parsl.process_loggers:175 _log DEBUG: Normal ending for _general_strategy on thread JobStatusPoller-Timer-Thread-23412870884496
1724259383.917506 2024-08-21 16:56:23 MainProcess-3982711 MainThread-23421645496512 parsl.dataflow.dflow:175 _log WARNING: Python is exiting with a DFK still running. You should call parsl.dfk().cleanup() before exiting to release any resources
