1724115291.918552 2024-08-20 00:54:51 MainProcess-2149339 MainThread-23046070231232 parsl.dataflow.dflow:175 _log INFO: Starting DataFlowKernel with config
Config(
    app_cache=True, 
    checkpoint_files=None, 
    checkpoint_mode=None, 
    checkpoint_period=None, 
    dependency_resolver=None, 
    executors=(HighThroughputExecutor(
        address='10.140.56.174', 
        address_probe_timeout=None, 
        available_accelerators=['0,1,2,3'], 
        block_error_handler=<function simple_error_handler at 0x14f3c9e668e0>, 
        cores_per_worker=1.0, 
        cpu_affinity='block-reverse', 
        drain_period=None, 
        enable_mpi_mode=False, 
        encrypted=False, 
        heartbeat_period=30, 
        heartbeat_threshold=120, 
        interchange_launch_cmd=['interchange.py'], 
        interchange_port_range=(55000, 56000), 
        label='HighThroughputExecutor', 
        launch_cmd='process_worker_pool.py {debug} {max_workers_per_node} -a {addresses} -p {prefetch_capacity} -c {cores_per_worker} -m {mem_per_worker} --poll {poll_period} --task_port={task_port} --result_port={result_port} --cert_dir {cert_dir} --logdir={logdir} --block_id={{block_id}} --hb_period={heartbeat_period} {address_probe_timeout_string} --hb_threshold={heartbeat_threshold} --drain_period={drain_period} --cpu-affinity {cpu_affinity} {enable_mpi_mode} --mpi-launcher={mpi_launcher} --available-accelerators {accelerators}', 
        manager_selector=<parsl.executors.high_throughput.manager_selector.RandomManagerSelector object at 0x14f3c9e76610>, 
        max_workers=inf, 
        max_workers_per_node=inf, 
        mem_per_worker=None, 
        mpi_launcher='mpiexec', 
        poll_period=10, 
        prefetch_capacity=0, 
        provider=LocalProvider(
            channel=LocalChannel(
                envs={}, 
                script_dir=None, 
                userhome='/home/viralss2/nekRS-ML_MSR/examples/parsl_MSR_smartsim'
            ), 
            cmd_timeout=30, 
            init_blocks=1, 
            launcher=SingleNodeLauncher(debug=True, fail_on_any=False), 
            max_blocks=1, 
            min_blocks=0, 
            move_files=None, 
            nodes_per_block=1, 
            parallelism=1, 
            worker_init='source /home/viralss2/ALCF_Hands_on_HPC_Workshop/workflows/parsl/launch_eg/set_run_env;\n                            cd /home/viralss2/nekRS-ML_MSR/examples/parsl_MSR_smartsim'
        ), 
        storage_access=None, 
        worker_debug=False, 
        worker_logdir_root=None, 
        worker_port_range=(54000, 55000), 
        worker_ports=None, 
        working_dir=None
    ),), 
    exit_mode='cleanup', 
    garbage_collect=True, 
    initialize_logging=True, 
    internal_tasks_max_threads=10, 
    max_idletime=120.0, 
    monitoring=None, 
    retries=1, 
    retry_handler=None, 
    run_dir='runinfo', 
    std_autopath=None, 
    strategy='simple', 
    strategy_period=5, 
    usage_tracking=0
)
1724115291.919594 2024-08-20 00:54:51 MainProcess-2149339 MainThread-23046070231232 parsl.dataflow.dflow:175 _log INFO: Parsl version: 2024.08.05
1724115291.919684 2024-08-20 00:54:51 MainProcess-2149339 MainThread-23046070231232 parsl.usage_tracking.usage:175 _log DEBUG: Tracking level: 0
1724115291.919767 2024-08-20 00:54:51 MainProcess-2149339 MainThread-23046070231232 parsl.dataflow.dflow:175 _log INFO: Run id is: 9f246e98-f2d6-40a5-96eb-e4ab5600fbf1
1724115292.028629 2024-08-20 00:54:52 MainProcess-2149339 MainThread-23046070231232 parsl.dataflow.dflow:175 _log DEBUG: Considering candidate for workflow name: /home/viralss2/SSML/lib/python3.11/site-packages/parsl/dataflow/dflow.py
1724115292.028697 2024-08-20 00:54:52 MainProcess-2149339 MainThread-23046070231232 parsl.dataflow.dflow:175 _log DEBUG: Considering candidate for workflow name: /soft/applications/conda/2024-04-29/mconda3/lib/python3.11/site-packages/typeguard/__init__.py
1724115292.028746 2024-08-20 00:54:52 MainProcess-2149339 MainThread-23046070231232 parsl.dataflow.dflow:175 _log DEBUG: Considering candidate for workflow name: /home/viralss2/SSML/lib/python3.11/site-packages/parsl/dataflow/dflow.py
1724115292.028812 2024-08-20 00:54:52 MainProcess-2149339 MainThread-23046070231232 parsl.dataflow.dflow:175 _log DEBUG: Considering candidate for workflow name: /soft/applications/conda/2024-04-29/mconda3/lib/python3.11/site-packages/typeguard/__init__.py
1724115292.028869 2024-08-20 00:54:52 MainProcess-2149339 MainThread-23046070231232 parsl.dataflow.dflow:175 _log DEBUG: Considering candidate for workflow name: /home/viralss2/nekRS-ML_MSR/examples/parsl_MSR_smartsim/ssim_driver_polaris.py
1724115292.028909 2024-08-20 00:54:52 MainProcess-2149339 MainThread-23046070231232 parsl.dataflow.dflow:175 _log DEBUG: Using ssim_driver_polaris.py as workflow name
1724115292.029030 2024-08-20 00:54:52 MainProcess-2149339 MainThread-23046070231232 parsl.dataflow.memoization:175 _log INFO: App caching initialized
1724115292.029083 2024-08-20 00:54:52 MainProcess-2149339 MainThread-23046070231232 parsl.jobs.strategy:175 _log DEBUG: Scaling strategy: simple
1724115292.033680 2024-08-20 00:54:52 MainProcess-2149339 MainThread-23046070231232 parsl.executors.high_throughput.executor:175 _log DEBUG: Starting result queue thread
1724115292.033925 2024-08-20 00:54:52 MainProcess-2149339 HTEX-Result-Queue-Thread-23037280605952 parsl.executors.high_throughput.executor:175 _log DEBUG: Result queue worker starting
1724115292.034003 2024-08-20 00:54:52 MainProcess-2149339 MainThread-23046070231232 parsl.executors.high_throughput.executor:175 _log DEBUG: Started result queue thread
1724115292.034046 2024-08-20 00:54:52 MainProcess-2149339 HTEX-Result-Queue-Thread-23037280605952 parsl.executors.high_throughput.zmq_pipes:175 _log DEBUG: Waiting for ResultsIncoming message
1724115292.034883 2024-08-20 00:54:52 MainProcess-2149339 MainThread-23046070231232 parsl.executors.high_throughput.executor:175 _log DEBUG: Popened interchange process. Writing config object
1724115292.034948 2024-08-20 00:54:52 MainProcess-2149339 MainThread-23046070231232 parsl.executors.high_throughput.executor:175 _log DEBUG: Sent config object. Requesting worker ports
1724115292.034991 2024-08-20 00:54:52 MainProcess-2149339 MainThread-23046070231232 parsl.executors.high_throughput.zmq_pipes:175 _log DEBUG: Sending command client command
1724115292.572390 2024-08-20 00:54:52 MainProcess-2149339 MainThread-23046070231232 parsl.executors.high_throughput.zmq_pipes:175 _log DEBUG: Polling for command client response or timeout
1724115292.574073 2024-08-20 00:54:52 MainProcess-2149339 MainThread-23046070231232 parsl.executors.high_throughput.zmq_pipes:175 _log DEBUG: Receiving command client response
1724115292.574129 2024-08-20 00:54:52 MainProcess-2149339 MainThread-23046070231232 parsl.executors.high_throughput.zmq_pipes:175 _log DEBUG: Received command client response
1724115292.574180 2024-08-20 00:54:52 MainProcess-2149339 MainThread-23046070231232 parsl.executors.high_throughput.executor:175 _log DEBUG: Got worker ports
1724115292.574216 2024-08-20 00:54:52 MainProcess-2149339 MainThread-23046070231232 parsl.executors.high_throughput.executor:175 _log DEBUG: Created result queue thread: <Thread(HTEX-Result-Queue-Thread, started daemon 23037280605952)>
1724115292.574425 2024-08-20 00:54:52 MainProcess-2149339 MainThread-23046070231232 parsl.executors.high_throughput.executor:175 _log DEBUG: Launch command: process_worker_pool.py   -a 10.140.56.174 -p 0 -c 1.0 -m None --poll 10 --task_port=54438 --result_port=54074 --cert_dir None --logdir=/home/viralss2/nekRS-ML_MSR/examples/parsl_MSR_smartsim/runinfo/045/HighThroughputExecutor --block_id={block_id} --hb_period=30  --hb_threshold=120 --drain_period=None --cpu-affinity block-reverse  --mpi-launcher=mpiexec --available-accelerators 0,1,2,3
1724115292.574465 2024-08-20 00:54:52 MainProcess-2149339 MainThread-23046070231232 parsl.executors.high_throughput.executor:175 _log DEBUG: Starting HighThroughputExecutor with provider:
LocalProvider(
    channel=LocalChannel(
        envs={}, 
        script_dir='/home/viralss2/nekRS-ML_MSR/examples/parsl_MSR_smartsim/runinfo/045/submit_scripts', 
        userhome='/home/viralss2/nekRS-ML_MSR/examples/parsl_MSR_smartsim'
    ), 
    cmd_timeout=30, 
    init_blocks=1, 
    launcher=SingleNodeLauncher(debug=True, fail_on_any=False), 
    max_blocks=1, 
    min_blocks=0, 
    move_files=None, 
    nodes_per_block=1, 
    parallelism=1, 
    worker_init='source /home/viralss2/ALCF_Hands_on_HPC_Workshop/workflows/parsl/launch_eg/set_run_env;\n                            cd /home/viralss2/nekRS-ML_MSR/examples/parsl_MSR_smartsim'
)
1724115292.574745 2024-08-20 00:54:52 MainProcess-2149339 MainThread-23046070231232 parsl.jobs.job_status_poller:175 _log DEBUG: Adding executor HighThroughputExecutor
1724115297.029450 2024-08-20 00:54:57 MainProcess-2149339 JobStatusPoller-Timer-Thread-23037295798736-23037295314688 parsl.executors.high_throughput.zmq_pipes:175 _log DEBUG: Sending command client command
1724115297.029649 2024-08-20 00:54:57 MainProcess-2149339 JobStatusPoller-Timer-Thread-23037295798736-23037295314688 parsl.executors.high_throughput.zmq_pipes:175 _log DEBUG: Receiving command client response
1724115297.029973 2024-08-20 00:54:57 MainProcess-2149339 JobStatusPoller-Timer-Thread-23037295798736-23037295314688 parsl.executors.high_throughput.zmq_pipes:175 _log DEBUG: Received command client response
1724115297.030071 2024-08-20 00:54:57 MainProcess-2149339 JobStatusPoller-Timer-Thread-23037295798736-23037295314688 parsl.jobs.strategy:175 _log DEBUG: general strategy starting with strategy_type simple for 1 executors
1724115297.030124 2024-08-20 00:54:57 MainProcess-2149339 JobStatusPoller-Timer-Thread-23037295798736-23037295314688 parsl.jobs.strategy:175 _log DEBUG: Strategizing for executor HighThroughputExecutor
1724115297.030189 2024-08-20 00:54:57 MainProcess-2149339 JobStatusPoller-Timer-Thread-23037295798736-23037295314688 parsl.jobs.strategy:175 _log DEBUG: Scaling out 1 initial blocks for HighThroughputExecutor
1724115297.030230 2024-08-20 00:54:57 MainProcess-2149339 JobStatusPoller-Timer-Thread-23037295798736-23037295314688 parsl.executors.status_handling:175 _log INFO: Scaling out by 1 blocks
1724115297.030270 2024-08-20 00:54:57 MainProcess-2149339 JobStatusPoller-Timer-Thread-23037295798736-23037295314688 parsl.executors.status_handling:175 _log INFO: Allocated block ID 0
1724115297.030311 2024-08-20 00:54:57 MainProcess-2149339 JobStatusPoller-Timer-Thread-23037295798736-23037295314688 parsl.executors.status_handling:175 _log DEBUG: Submitting to provider with job_name parsl.HighThroughputExecutor.block-0
1724115297.032882 2024-08-20 00:54:57 MainProcess-2149339 JobStatusPoller-Timer-Thread-23037295798736-23037295314688 parsl.providers.local.local:175 _log DEBUG: Launching
1724115297.033096 2024-08-20 00:54:57 MainProcess-2149339 JobStatusPoller-Timer-Thread-23037295798736-23037295314688 parsl.channels.local.local:175 _log DEBUG: Creating process with command '/bin/bash -c 'echo - >/home/viralss2/nekRS-ML_MSR/examples/parsl_MSR_smartsim/runinfo/045/submit_scripts/parsl.HighThroughputExecutor.block-0.1724115297.0304224.sh.ec && { { bash /home/viralss2/nekRS-ML_MSR/examples/parsl_MSR_smartsim/runinfo/045/submit_scripts/parsl.HighThroughputExecutor.block-0.1724115297.0304224.sh 1>/home/viralss2/nekRS-ML_MSR/examples/parsl_MSR_smartsim/runinfo/045/submit_scripts/parsl.HighThroughputExecutor.block-0.1724115297.0304224.sh.out 2>/home/viralss2/nekRS-ML_MSR/examples/parsl_MSR_smartsim/runinfo/045/submit_scripts/parsl.HighThroughputExecutor.block-0.1724115297.0304224.sh.err ; echo $? > /home/viralss2/nekRS-ML_MSR/examples/parsl_MSR_smartsim/runinfo/045/submit_scripts/parsl.HighThroughputExecutor.block-0.1724115297.0304224.sh.ec ; } >/dev/null 2>&1 & echo "PID:$!" ; }''
1724115297.045202 2024-08-20 00:54:57 MainProcess-2149339 JobStatusPoller-Timer-Thread-23037295798736-23037295314688 parsl.channels.local.local:175 _log DEBUG: Created process with pid 2149581. Performing communicate
1724115297.053612 2024-08-20 00:54:57 MainProcess-2149339 JobStatusPoller-Timer-Thread-23037295798736-23037295314688 parsl.channels.local.local:175 _log DEBUG: Process 2149581 returned 0
1724115297.053722 2024-08-20 00:54:57 MainProcess-2149339 JobStatusPoller-Timer-Thread-23037295798736-23037295314688 parsl.channels.local.local:175 _log DEBUG: Execution of command in process 2149581 completed normally
1724115297.053864 2024-08-20 00:54:57 MainProcess-2149339 JobStatusPoller-Timer-Thread-23037295798736-23037295314688 parsl.executors.status_handling:175 _log DEBUG: Launched block 0 on executor HighThroughputExecutor with job ID 2149582
1724115297.053956 2024-08-20 00:54:57 MainProcess-2149339 JobStatusPoller-Timer-Thread-23037295798736-23037295314688 parsl.executors.high_throughput.zmq_pipes:175 _log DEBUG: Sending command client command
1724115297.054043 2024-08-20 00:54:57 MainProcess-2149339 JobStatusPoller-Timer-Thread-23037295798736-23037295314688 parsl.executors.high_throughput.zmq_pipes:175 _log DEBUG: Receiving command client response
1724115297.054205 2024-08-20 00:54:57 MainProcess-2149339 JobStatusPoller-Timer-Thread-23037295798736-23037295314688 parsl.executors.high_throughput.zmq_pipes:175 _log DEBUG: Received command client response
1724115297.054273 2024-08-20 00:54:57 MainProcess-2149339 JobStatusPoller-Timer-Thread-23037295798736-23037295314688 parsl.jobs.strategy:175 _log DEBUG: Slot ratio calculation: active_slots = 1, active_tasks = 0
1724115297.054315 2024-08-20 00:54:57 MainProcess-2149339 JobStatusPoller-Timer-Thread-23037295798736-23037295314688 parsl.executors.high_throughput.zmq_pipes:175 _log DEBUG: Sending command client command
1724115297.054360 2024-08-20 00:54:57 MainProcess-2149339 JobStatusPoller-Timer-Thread-23037295798736-23037295314688 parsl.executors.high_throughput.zmq_pipes:175 _log DEBUG: Receiving command client response
1724115297.054450 2024-08-20 00:54:57 MainProcess-2149339 JobStatusPoller-Timer-Thread-23037295798736-23037295314688 parsl.executors.high_throughput.zmq_pipes:175 _log DEBUG: Received command client response
1724115297.054498 2024-08-20 00:54:57 MainProcess-2149339 JobStatusPoller-Timer-Thread-23037295798736-23037295314688 parsl.executors.high_throughput.zmq_pipes:175 _log DEBUG: Sending command client command
1724115297.054545 2024-08-20 00:54:57 MainProcess-2149339 JobStatusPoller-Timer-Thread-23037295798736-23037295314688 parsl.executors.high_throughput.zmq_pipes:175 _log DEBUG: Receiving command client response
1724115297.054621 2024-08-20 00:54:57 MainProcess-2149339 JobStatusPoller-Timer-Thread-23037295798736-23037295314688 parsl.executors.high_throughput.zmq_pipes:175 _log DEBUG: Received command client response
1724115297.054662 2024-08-20 00:54:57 MainProcess-2149339 JobStatusPoller-Timer-Thread-23037295798736-23037295314688 parsl.jobs.strategy:175 _log DEBUG: Executor HighThroughputExecutor has 0 active tasks, 0/1 running/pending blocks, and 0 connected workers
1724115297.054695 2024-08-20 00:54:57 MainProcess-2149339 JobStatusPoller-Timer-Thread-23037295798736-23037295314688 parsl.jobs.strategy:175 _log DEBUG: Strategy case 1: Executor has no active tasks
1724115297.054729 2024-08-20 00:54:57 MainProcess-2149339 JobStatusPoller-Timer-Thread-23037295798736-23037295314688 parsl.jobs.strategy:175 _log DEBUG: Strategy case 1b: Executor has no active tasks, and more (1) than minimum blocks (0)
1724115297.054768 2024-08-20 00:54:57 MainProcess-2149339 JobStatusPoller-Timer-Thread-23037295798736-23037295314688 parsl.jobs.strategy:175 _log DEBUG: Starting idle timer for executor. If idle time exceeds 120.0s, blocks will be scaled in
1724115297.054816 2024-08-20 00:54:57 MainProcess-2149339 JobStatusPoller-Timer-Thread-23037295798736-23037295314688 parsl.jobs.strategy:175 _log DEBUG: Idle time 7.152557373046875e-07s is less than max_idletime 120.0s for executor HighThroughputExecutor; not scaling in
1724115297.054869 2024-08-20 00:54:57 MainProcess-2149339 JobStatusPoller-Timer-Thread-23037295798736-23037295314688 parsl.process_loggers:175 _log DEBUG: Normal ending for _general_strategy on thread JobStatusPoller-Timer-Thread-23037295798736
1724115302.055256 2024-08-20 00:55:02 MainProcess-2149339 JobStatusPoller-Timer-Thread-23037295798736-23037295314688 parsl.channels.local.local:175 _log DEBUG: Creating process with command 'ps -p 2149582 > /dev/null 2> /dev/null; echo "STATUS:$?" '
1724115302.065530 2024-08-20 00:55:02 MainProcess-2149339 JobStatusPoller-Timer-Thread-23037295798736-23037295314688 parsl.channels.local.local:175 _log DEBUG: Created process with pid 2149724. Performing communicate
1724115302.130291 2024-08-20 00:55:02 MainProcess-2149339 JobStatusPoller-Timer-Thread-23037295798736-23037295314688 parsl.channels.local.local:175 _log DEBUG: Process 2149724 returned 0
1724115302.130445 2024-08-20 00:55:02 MainProcess-2149339 JobStatusPoller-Timer-Thread-23037295798736-23037295314688 parsl.channels.local.local:175 _log DEBUG: Execution of command in process 2149724 completed normally
1724115302.131427 2024-08-20 00:55:02 MainProcess-2149339 JobStatusPoller-Timer-Thread-23037295798736-23037295314688 parsl.executors.high_throughput.zmq_pipes:175 _log DEBUG: Sending command client command
1724115302.131538 2024-08-20 00:55:02 MainProcess-2149339 JobStatusPoller-Timer-Thread-23037295798736-23037295314688 parsl.executors.high_throughput.zmq_pipes:175 _log DEBUG: Receiving command client response
1724115302.131764 2024-08-20 00:55:02 MainProcess-2149339 JobStatusPoller-Timer-Thread-23037295798736-23037295314688 parsl.executors.high_throughput.zmq_pipes:175 _log DEBUG: Received command client response
1724115302.131899 2024-08-20 00:55:02 MainProcess-2149339 JobStatusPoller-Timer-Thread-23037295798736-23037295314688 parsl.jobs.strategy:175 _log DEBUG: general strategy starting with strategy_type simple for 1 executors
1724115302.131946 2024-08-20 00:55:02 MainProcess-2149339 JobStatusPoller-Timer-Thread-23037295798736-23037295314688 parsl.jobs.strategy:175 _log DEBUG: Strategizing for executor HighThroughputExecutor
1724115302.131990 2024-08-20 00:55:02 MainProcess-2149339 JobStatusPoller-Timer-Thread-23037295798736-23037295314688 parsl.executors.high_throughput.zmq_pipes:175 _log DEBUG: Sending command client command
1724115302.132039 2024-08-20 00:55:02 MainProcess-2149339 JobStatusPoller-Timer-Thread-23037295798736-23037295314688 parsl.executors.high_throughput.zmq_pipes:175 _log DEBUG: Receiving command client response
1724115302.132190 2024-08-20 00:55:02 MainProcess-2149339 JobStatusPoller-Timer-Thread-23037295798736-23037295314688 parsl.executors.high_throughput.zmq_pipes:175 _log DEBUG: Received command client response
1724115302.132263 2024-08-20 00:55:02 MainProcess-2149339 JobStatusPoller-Timer-Thread-23037295798736-23037295314688 parsl.jobs.strategy:175 _log DEBUG: Slot ratio calculation: active_slots = 1, active_tasks = 0
1724115302.132312 2024-08-20 00:55:02 MainProcess-2149339 JobStatusPoller-Timer-Thread-23037295798736-23037295314688 parsl.executors.high_throughput.zmq_pipes:175 _log DEBUG: Sending command client command
1724115302.132370 2024-08-20 00:55:02 MainProcess-2149339 JobStatusPoller-Timer-Thread-23037295798736-23037295314688 parsl.executors.high_throughput.zmq_pipes:175 _log DEBUG: Receiving command client response
1724115302.132500 2024-08-20 00:55:02 MainProcess-2149339 JobStatusPoller-Timer-Thread-23037295798736-23037295314688 parsl.executors.high_throughput.zmq_pipes:175 _log DEBUG: Received command client response
1724115302.132565 2024-08-20 00:55:02 MainProcess-2149339 JobStatusPoller-Timer-Thread-23037295798736-23037295314688 parsl.executors.high_throughput.zmq_pipes:175 _log DEBUG: Sending command client command
1724115302.132621 2024-08-20 00:55:02 MainProcess-2149339 JobStatusPoller-Timer-Thread-23037295798736-23037295314688 parsl.executors.high_throughput.zmq_pipes:175 _log DEBUG: Receiving command client response
1724115302.132727 2024-08-20 00:55:02 MainProcess-2149339 JobStatusPoller-Timer-Thread-23037295798736-23037295314688 parsl.executors.high_throughput.zmq_pipes:175 _log DEBUG: Received command client response
1724115302.132769 2024-08-20 00:55:02 MainProcess-2149339 JobStatusPoller-Timer-Thread-23037295798736-23037295314688 parsl.jobs.strategy:175 _log DEBUG: Executor HighThroughputExecutor has 0 active tasks, 1/0 running/pending blocks, and 1 connected workers
1724115302.132823 2024-08-20 00:55:02 MainProcess-2149339 JobStatusPoller-Timer-Thread-23037295798736-23037295314688 parsl.jobs.strategy:175 _log DEBUG: Strategy case 1: Executor has no active tasks
1724115302.132862 2024-08-20 00:55:02 MainProcess-2149339 JobStatusPoller-Timer-Thread-23037295798736-23037295314688 parsl.jobs.strategy:175 _log DEBUG: Strategy case 1b: Executor has no active tasks, and more (1) than minimum blocks (0)
1724115302.132906 2024-08-20 00:55:02 MainProcess-2149339 JobStatusPoller-Timer-Thread-23037295798736-23037295314688 parsl.jobs.strategy:175 _log DEBUG: Idle time 5.078092813491821s is less than max_idletime 120.0s for executor HighThroughputExecutor; not scaling in
1724115302.132944 2024-08-20 00:55:02 MainProcess-2149339 JobStatusPoller-Timer-Thread-23037295798736-23037295314688 parsl.process_loggers:175 _log DEBUG: Normal ending for _general_strategy on thread JobStatusPoller-Timer-Thread-23037295798736
1724115302.810314 2024-08-20 00:55:02 MainProcess-2149339 MainThread-23046070231232 parsl.dataflow.dflow:175 _log DEBUG: Task 0 will be sent to executor HighThroughputExecutor
1724115302.810483 2024-08-20 00:55:02 MainProcess-2149339 MainThread-23046070231232 parsl.dataflow.dflow:175 _log DEBUG: Adding output dependencies
1724115302.810533 2024-08-20 00:55:02 MainProcess-2149339 MainThread-23046070231232 parsl.dataflow.dflow:175 _log DEBUG: Added output dependencies
1724115302.810576 2024-08-20 00:55:02 MainProcess-2149339 MainThread-23046070231232 parsl.dataflow.dflow:175 _log DEBUG: Gathering dependencies
1724115302.810707 2024-08-20 00:55:02 MainProcess-2149339 MainThread-23046070231232 parsl.dataflow.dflow:175 _log DEBUG: Gathered dependencies
1724115302.810754 2024-08-20 00:55:02 MainProcess-2149339 MainThread-23046070231232 parsl.dataflow.dflow:175 _log INFO: Task 0 submitted for App hello_affinity, not waiting on any dependency
1724115302.810818 2024-08-20 00:55:02 MainProcess-2149339 MainThread-23046070231232 parsl.dataflow.dflow:175 _log DEBUG: Task 0 set to pending state with AppFuture: <AppFuture at 0x14f3cc4d6f10 state=pending>
1724115302.811179 2024-08-20 00:55:02 MainProcess-2149339 Dependency-Launch_0-23038384887552 parsl.dataflow.memoization:175 _log DEBUG: Task 0 will not be memoized
1724115302.811344 2024-08-20 00:55:02 MainProcess-2149339 Dependency-Launch_0-23038384887552 parsl.executors.high_throughput.executor:175 _log DEBUG: Pushing function <function hello_affinity at 0x14f3c9d71e40> to queue with args ("Namespace(sim_nodes=1, db_nodes=1, simprocs_pn=4, simprocs=4, sim_cpu_bind='numa', sim_arguments='--...", "'pals'", "'10.201.0.157:6780'", "'x3203c0s25b0n0'", '<smartsim.experiment.Experiment object at 0x14f3c9d8f510>')
1724115302.815299 2024-08-20 00:55:02 MainProcess-2149339 Dependency-Launch_0-23038384887552 parsl.executors.high_throughput.zmq_pipes:175 _log DEBUG: Sending TasksOutgoing message
1724115302.815392 2024-08-20 00:55:02 MainProcess-2149339 Dependency-Launch_0-23038384887552 parsl.executors.high_throughput.zmq_pipes:175 _log DEBUG: Sent TasksOutgoing message
1724115302.815460 2024-08-20 00:55:02 MainProcess-2149339 Dependency-Launch_0-23038384887552 parsl.dataflow.dflow:175 _log INFO: Parsl task 0 try 0 launched on executor HighThroughputExecutor with executor id 1
1724115302.815523 2024-08-20 00:55:02 MainProcess-2149339 Dependency-Launch_0-23038384887552 parsl.dataflow.dflow:175 _log INFO: Standard out for task 0 will not be redirected.
1724115302.815566 2024-08-20 00:55:02 MainProcess-2149339 Dependency-Launch_0-23038384887552 parsl.dataflow.dflow:175 _log INFO: Standard error for task 0 will not be redirected.
1724115302.815614 2024-08-20 00:55:02 MainProcess-2149339 Dependency-Launch_0-23038384887552 parsl.process_loggers:175 _log DEBUG: Normal ending for _launch_if_ready_async on thread Dependency-Launch_0
1724115307.133444 2024-08-20 00:55:07 MainProcess-2149339 JobStatusPoller-Timer-Thread-23037295798736-23037295314688 parsl.channels.local.local:175 _log DEBUG: Creating process with command 'ps -p 2149582 > /dev/null 2> /dev/null; echo "STATUS:$?" '
1724115307.144197 2024-08-20 00:55:07 MainProcess-2149339 JobStatusPoller-Timer-Thread-23037295798736-23037295314688 parsl.channels.local.local:175 _log DEBUG: Created process with pid 2149868. Performing communicate
1724115307.208587 2024-08-20 00:55:07 MainProcess-2149339 JobStatusPoller-Timer-Thread-23037295798736-23037295314688 parsl.channels.local.local:175 _log DEBUG: Process 2149868 returned 0
1724115307.208762 2024-08-20 00:55:07 MainProcess-2149339 JobStatusPoller-Timer-Thread-23037295798736-23037295314688 parsl.channels.local.local:175 _log DEBUG: Execution of command in process 2149868 completed normally
1724115307.209884 2024-08-20 00:55:07 MainProcess-2149339 JobStatusPoller-Timer-Thread-23037295798736-23037295314688 parsl.executors.high_throughput.zmq_pipes:175 _log DEBUG: Sending command client command
1724115307.210000 2024-08-20 00:55:07 MainProcess-2149339 JobStatusPoller-Timer-Thread-23037295798736-23037295314688 parsl.executors.high_throughput.zmq_pipes:175 _log DEBUG: Receiving command client response
1724115307.210265 2024-08-20 00:55:07 MainProcess-2149339 JobStatusPoller-Timer-Thread-23037295798736-23037295314688 parsl.executors.high_throughput.zmq_pipes:175 _log DEBUG: Received command client response
1724115307.210402 2024-08-20 00:55:07 MainProcess-2149339 JobStatusPoller-Timer-Thread-23037295798736-23037295314688 parsl.jobs.strategy:175 _log DEBUG: general strategy starting with strategy_type simple for 1 executors
1724115307.210450 2024-08-20 00:55:07 MainProcess-2149339 JobStatusPoller-Timer-Thread-23037295798736-23037295314688 parsl.jobs.strategy:175 _log DEBUG: Strategizing for executor HighThroughputExecutor
1724115307.210494 2024-08-20 00:55:07 MainProcess-2149339 JobStatusPoller-Timer-Thread-23037295798736-23037295314688 parsl.executors.high_throughput.zmq_pipes:175 _log DEBUG: Sending command client command
1724115307.210543 2024-08-20 00:55:07 MainProcess-2149339 JobStatusPoller-Timer-Thread-23037295798736-23037295314688 parsl.executors.high_throughput.zmq_pipes:175 _log DEBUG: Receiving command client response
1724115307.210700 2024-08-20 00:55:07 MainProcess-2149339 JobStatusPoller-Timer-Thread-23037295798736-23037295314688 parsl.executors.high_throughput.zmq_pipes:175 _log DEBUG: Received command client response
1724115307.210786 2024-08-20 00:55:07 MainProcess-2149339 JobStatusPoller-Timer-Thread-23037295798736-23037295314688 parsl.jobs.strategy:175 _log DEBUG: Slot ratio calculation: active_slots = 1, active_tasks = 1
1724115307.210832 2024-08-20 00:55:07 MainProcess-2149339 JobStatusPoller-Timer-Thread-23037295798736-23037295314688 parsl.executors.high_throughput.zmq_pipes:175 _log DEBUG: Sending command client command
1724115307.210885 2024-08-20 00:55:07 MainProcess-2149339 JobStatusPoller-Timer-Thread-23037295798736-23037295314688 parsl.executors.high_throughput.zmq_pipes:175 _log DEBUG: Receiving command client response
1724115307.210999 2024-08-20 00:55:07 MainProcess-2149339 JobStatusPoller-Timer-Thread-23037295798736-23037295314688 parsl.executors.high_throughput.zmq_pipes:175 _log DEBUG: Received command client response
1724115307.211054 2024-08-20 00:55:07 MainProcess-2149339 JobStatusPoller-Timer-Thread-23037295798736-23037295314688 parsl.executors.high_throughput.zmq_pipes:175 _log DEBUG: Sending command client command
1724115307.211100 2024-08-20 00:55:07 MainProcess-2149339 JobStatusPoller-Timer-Thread-23037295798736-23037295314688 parsl.executors.high_throughput.zmq_pipes:175 _log DEBUG: Receiving command client response
1724115307.211212 2024-08-20 00:55:07 MainProcess-2149339 JobStatusPoller-Timer-Thread-23037295798736-23037295314688 parsl.executors.high_throughput.zmq_pipes:175 _log DEBUG: Received command client response
1724115307.211264 2024-08-20 00:55:07 MainProcess-2149339 JobStatusPoller-Timer-Thread-23037295798736-23037295314688 parsl.jobs.strategy:175 _log DEBUG: Executor HighThroughputExecutor has 1 active tasks, 1/0 running/pending blocks, and 1 connected workers
1724115307.211325 2024-08-20 00:55:07 MainProcess-2149339 JobStatusPoller-Timer-Thread-23037295798736-23037295314688 parsl.jobs.strategy:175 _log DEBUG: Strategy case 3: no changes necessary to current block load
1724115307.211365 2024-08-20 00:55:07 MainProcess-2149339 JobStatusPoller-Timer-Thread-23037295798736-23037295314688 parsl.process_loggers:175 _log DEBUG: Normal ending for _general_strategy on thread JobStatusPoller-Timer-Thread-23037295798736
1724115312.211736 2024-08-20 00:55:12 MainProcess-2149339 JobStatusPoller-Timer-Thread-23037295798736-23037295314688 parsl.channels.local.local:175 _log DEBUG: Creating process with command 'ps -p 2149582 > /dev/null 2> /dev/null; echo "STATUS:$?" '
1724115312.222533 2024-08-20 00:55:12 MainProcess-2149339 JobStatusPoller-Timer-Thread-23037295798736-23037295314688 parsl.channels.local.local:175 _log DEBUG: Created process with pid 2149870. Performing communicate
1724115312.287237 2024-08-20 00:55:12 MainProcess-2149339 JobStatusPoller-Timer-Thread-23037295798736-23037295314688 parsl.channels.local.local:175 _log DEBUG: Process 2149870 returned 0
1724115312.287343 2024-08-20 00:55:12 MainProcess-2149339 JobStatusPoller-Timer-Thread-23037295798736-23037295314688 parsl.channels.local.local:175 _log DEBUG: Execution of command in process 2149870 completed normally
1724115312.288210 2024-08-20 00:55:12 MainProcess-2149339 JobStatusPoller-Timer-Thread-23037295798736-23037295314688 parsl.executors.high_throughput.zmq_pipes:175 _log DEBUG: Sending command client command
1724115312.288320 2024-08-20 00:55:12 MainProcess-2149339 JobStatusPoller-Timer-Thread-23037295798736-23037295314688 parsl.executors.high_throughput.zmq_pipes:175 _log DEBUG: Receiving command client response
1724115312.288563 2024-08-20 00:55:12 MainProcess-2149339 JobStatusPoller-Timer-Thread-23037295798736-23037295314688 parsl.executors.high_throughput.zmq_pipes:175 _log DEBUG: Received command client response
1724115312.288691 2024-08-20 00:55:12 MainProcess-2149339 JobStatusPoller-Timer-Thread-23037295798736-23037295314688 parsl.jobs.strategy:175 _log DEBUG: general strategy starting with strategy_type simple for 1 executors
1724115312.288739 2024-08-20 00:55:12 MainProcess-2149339 JobStatusPoller-Timer-Thread-23037295798736-23037295314688 parsl.jobs.strategy:175 _log DEBUG: Strategizing for executor HighThroughputExecutor
1724115312.288784 2024-08-20 00:55:12 MainProcess-2149339 JobStatusPoller-Timer-Thread-23037295798736-23037295314688 parsl.executors.high_throughput.zmq_pipes:175 _log DEBUG: Sending command client command
1724115312.288834 2024-08-20 00:55:12 MainProcess-2149339 JobStatusPoller-Timer-Thread-23037295798736-23037295314688 parsl.executors.high_throughput.zmq_pipes:175 _log DEBUG: Receiving command client response
1724115312.288976 2024-08-20 00:55:12 MainProcess-2149339 JobStatusPoller-Timer-Thread-23037295798736-23037295314688 parsl.executors.high_throughput.zmq_pipes:175 _log DEBUG: Received command client response
1724115312.289050 2024-08-20 00:55:12 MainProcess-2149339 JobStatusPoller-Timer-Thread-23037295798736-23037295314688 parsl.jobs.strategy:175 _log DEBUG: Slot ratio calculation: active_slots = 1, active_tasks = 1
1724115312.289095 2024-08-20 00:55:12 MainProcess-2149339 JobStatusPoller-Timer-Thread-23037295798736-23037295314688 parsl.executors.high_throughput.zmq_pipes:175 _log DEBUG: Sending command client command
1724115312.289145 2024-08-20 00:55:12 MainProcess-2149339 JobStatusPoller-Timer-Thread-23037295798736-23037295314688 parsl.executors.high_throughput.zmq_pipes:175 _log DEBUG: Receiving command client response
1724115312.289239 2024-08-20 00:55:12 MainProcess-2149339 JobStatusPoller-Timer-Thread-23037295798736-23037295314688 parsl.executors.high_throughput.zmq_pipes:175 _log DEBUG: Received command client response
1724115312.289286 2024-08-20 00:55:12 MainProcess-2149339 JobStatusPoller-Timer-Thread-23037295798736-23037295314688 parsl.executors.high_throughput.zmq_pipes:175 _log DEBUG: Sending command client command
1724115312.289332 2024-08-20 00:55:12 MainProcess-2149339 JobStatusPoller-Timer-Thread-23037295798736-23037295314688 parsl.executors.high_throughput.zmq_pipes:175 _log DEBUG: Receiving command client response
1724115312.289428 2024-08-20 00:55:12 MainProcess-2149339 JobStatusPoller-Timer-Thread-23037295798736-23037295314688 parsl.executors.high_throughput.zmq_pipes:175 _log DEBUG: Received command client response
1724115312.289471 2024-08-20 00:55:12 MainProcess-2149339 JobStatusPoller-Timer-Thread-23037295798736-23037295314688 parsl.jobs.strategy:175 _log DEBUG: Executor HighThroughputExecutor has 1 active tasks, 1/0 running/pending blocks, and 1 connected workers
1724115312.289512 2024-08-20 00:55:12 MainProcess-2149339 JobStatusPoller-Timer-Thread-23037295798736-23037295314688 parsl.jobs.strategy:175 _log DEBUG: Strategy case 3: no changes necessary to current block load
1724115312.289553 2024-08-20 00:55:12 MainProcess-2149339 JobStatusPoller-Timer-Thread-23037295798736-23037295314688 parsl.process_loggers:175 _log DEBUG: Normal ending for _general_strategy on thread JobStatusPoller-Timer-Thread-23037295798736
1724115317.290082 2024-08-20 00:55:17 MainProcess-2149339 JobStatusPoller-Timer-Thread-23037295798736-23037295314688 parsl.channels.local.local:175 _log DEBUG: Creating process with command 'ps -p 2149582 > /dev/null 2> /dev/null; echo "STATUS:$?" '
1724115317.300239 2024-08-20 00:55:17 MainProcess-2149339 JobStatusPoller-Timer-Thread-23037295798736-23037295314688 parsl.channels.local.local:175 _log DEBUG: Created process with pid 2149872. Performing communicate
1724115317.364128 2024-08-20 00:55:17 MainProcess-2149339 JobStatusPoller-Timer-Thread-23037295798736-23037295314688 parsl.channels.local.local:175 _log DEBUG: Process 2149872 returned 0
1724115317.364247 2024-08-20 00:55:17 MainProcess-2149339 JobStatusPoller-Timer-Thread-23037295798736-23037295314688 parsl.channels.local.local:175 _log DEBUG: Execution of command in process 2149872 completed normally
1724115317.365140 2024-08-20 00:55:17 MainProcess-2149339 JobStatusPoller-Timer-Thread-23037295798736-23037295314688 parsl.executors.high_throughput.zmq_pipes:175 _log DEBUG: Sending command client command
1724115317.365242 2024-08-20 00:55:17 MainProcess-2149339 JobStatusPoller-Timer-Thread-23037295798736-23037295314688 parsl.executors.high_throughput.zmq_pipes:175 _log DEBUG: Receiving command client response
1724115317.365474 2024-08-20 00:55:17 MainProcess-2149339 JobStatusPoller-Timer-Thread-23037295798736-23037295314688 parsl.executors.high_throughput.zmq_pipes:175 _log DEBUG: Received command client response
1724115317.365612 2024-08-20 00:55:17 MainProcess-2149339 JobStatusPoller-Timer-Thread-23037295798736-23037295314688 parsl.jobs.strategy:175 _log DEBUG: general strategy starting with strategy_type simple for 1 executors
1724115317.365657 2024-08-20 00:55:17 MainProcess-2149339 JobStatusPoller-Timer-Thread-23037295798736-23037295314688 parsl.jobs.strategy:175 _log DEBUG: Strategizing for executor HighThroughputExecutor
1724115317.365699 2024-08-20 00:55:17 MainProcess-2149339 JobStatusPoller-Timer-Thread-23037295798736-23037295314688 parsl.executors.high_throughput.zmq_pipes:175 _log DEBUG: Sending command client command
1724115317.365746 2024-08-20 00:55:17 MainProcess-2149339 JobStatusPoller-Timer-Thread-23037295798736-23037295314688 parsl.executors.high_throughput.zmq_pipes:175 _log DEBUG: Receiving command client response
1724115317.365910 2024-08-20 00:55:17 MainProcess-2149339 JobStatusPoller-Timer-Thread-23037295798736-23037295314688 parsl.executors.high_throughput.zmq_pipes:175 _log DEBUG: Received command client response
1724115317.365995 2024-08-20 00:55:17 MainProcess-2149339 JobStatusPoller-Timer-Thread-23037295798736-23037295314688 parsl.jobs.strategy:175 _log DEBUG: Slot ratio calculation: active_slots = 1, active_tasks = 1
1724115317.366040 2024-08-20 00:55:17 MainProcess-2149339 JobStatusPoller-Timer-Thread-23037295798736-23037295314688 parsl.executors.high_throughput.zmq_pipes:175 _log DEBUG: Sending command client command
1724115317.366090 2024-08-20 00:55:17 MainProcess-2149339 JobStatusPoller-Timer-Thread-23037295798736-23037295314688 parsl.executors.high_throughput.zmq_pipes:175 _log DEBUG: Receiving command client response
1724115317.366210 2024-08-20 00:55:17 MainProcess-2149339 JobStatusPoller-Timer-Thread-23037295798736-23037295314688 parsl.executors.high_throughput.zmq_pipes:175 _log DEBUG: Received command client response
1724115317.366272 2024-08-20 00:55:17 MainProcess-2149339 JobStatusPoller-Timer-Thread-23037295798736-23037295314688 parsl.executors.high_throughput.zmq_pipes:175 _log DEBUG: Sending command client command
1724115317.366319 2024-08-20 00:55:17 MainProcess-2149339 JobStatusPoller-Timer-Thread-23037295798736-23037295314688 parsl.executors.high_throughput.zmq_pipes:175 _log DEBUG: Receiving command client response
1724115317.366449 2024-08-20 00:55:17 MainProcess-2149339 JobStatusPoller-Timer-Thread-23037295798736-23037295314688 parsl.executors.high_throughput.zmq_pipes:175 _log DEBUG: Received command client response
1724115317.366519 2024-08-20 00:55:17 MainProcess-2149339 JobStatusPoller-Timer-Thread-23037295798736-23037295314688 parsl.jobs.strategy:175 _log DEBUG: Executor HighThroughputExecutor has 1 active tasks, 1/0 running/pending blocks, and 1 connected workers
1724115317.366568 2024-08-20 00:55:17 MainProcess-2149339 JobStatusPoller-Timer-Thread-23037295798736-23037295314688 parsl.jobs.strategy:175 _log DEBUG: Strategy case 3: no changes necessary to current block load
1724115317.366609 2024-08-20 00:55:17 MainProcess-2149339 JobStatusPoller-Timer-Thread-23037295798736-23037295314688 parsl.process_loggers:175 _log DEBUG: Normal ending for _general_strategy on thread JobStatusPoller-Timer-Thread-23037295798736
1724115322.367002 2024-08-20 00:55:22 MainProcess-2149339 JobStatusPoller-Timer-Thread-23037295798736-23037295314688 parsl.channels.local.local:175 _log DEBUG: Creating process with command 'ps -p 2149582 > /dev/null 2> /dev/null; echo "STATUS:$?" '
1724115322.376638 2024-08-20 00:55:22 MainProcess-2149339 JobStatusPoller-Timer-Thread-23037295798736-23037295314688 parsl.channels.local.local:175 _log DEBUG: Created process with pid 2149874. Performing communicate
1724115322.440991 2024-08-20 00:55:22 MainProcess-2149339 JobStatusPoller-Timer-Thread-23037295798736-23037295314688 parsl.channels.local.local:175 _log DEBUG: Process 2149874 returned 0
1724115322.441103 2024-08-20 00:55:22 MainProcess-2149339 JobStatusPoller-Timer-Thread-23037295798736-23037295314688 parsl.channels.local.local:175 _log DEBUG: Execution of command in process 2149874 completed normally
1724115322.441386 2024-08-20 00:55:22 MainProcess-2149339 JobStatusPoller-Timer-Thread-23037295798736-23037295314688 parsl.executors.high_throughput.zmq_pipes:175 _log DEBUG: Sending command client command
1724115322.441486 2024-08-20 00:55:22 MainProcess-2149339 JobStatusPoller-Timer-Thread-23037295798736-23037295314688 parsl.executors.high_throughput.zmq_pipes:175 _log DEBUG: Receiving command client response
1724115322.441695 2024-08-20 00:55:22 MainProcess-2149339 JobStatusPoller-Timer-Thread-23037295798736-23037295314688 parsl.executors.high_throughput.zmq_pipes:175 _log DEBUG: Received command client response
1724115322.441818 2024-08-20 00:55:22 MainProcess-2149339 JobStatusPoller-Timer-Thread-23037295798736-23037295314688 parsl.jobs.strategy:175 _log DEBUG: general strategy starting with strategy_type simple for 1 executors
1724115322.441862 2024-08-20 00:55:22 MainProcess-2149339 JobStatusPoller-Timer-Thread-23037295798736-23037295314688 parsl.jobs.strategy:175 _log DEBUG: Strategizing for executor HighThroughputExecutor
1724115322.441903 2024-08-20 00:55:22 MainProcess-2149339 JobStatusPoller-Timer-Thread-23037295798736-23037295314688 parsl.executors.high_throughput.zmq_pipes:175 _log DEBUG: Sending command client command
1724115322.441951 2024-08-20 00:55:22 MainProcess-2149339 JobStatusPoller-Timer-Thread-23037295798736-23037295314688 parsl.executors.high_throughput.zmq_pipes:175 _log DEBUG: Receiving command client response
1724115322.442043 2024-08-20 00:55:22 MainProcess-2149339 JobStatusPoller-Timer-Thread-23037295798736-23037295314688 parsl.executors.high_throughput.zmq_pipes:175 _log DEBUG: Received command client response
1724115322.442111 2024-08-20 00:55:22 MainProcess-2149339 JobStatusPoller-Timer-Thread-23037295798736-23037295314688 parsl.jobs.strategy:175 _log DEBUG: Slot ratio calculation: active_slots = 1, active_tasks = 1
1724115322.442171 2024-08-20 00:55:22 MainProcess-2149339 JobStatusPoller-Timer-Thread-23037295798736-23037295314688 parsl.executors.high_throughput.zmq_pipes:175 _log DEBUG: Sending command client command
1724115322.442223 2024-08-20 00:55:22 MainProcess-2149339 JobStatusPoller-Timer-Thread-23037295798736-23037295314688 parsl.executors.high_throughput.zmq_pipes:175 _log DEBUG: Receiving command client response
1724115322.442297 2024-08-20 00:55:22 MainProcess-2149339 JobStatusPoller-Timer-Thread-23037295798736-23037295314688 parsl.executors.high_throughput.zmq_pipes:175 _log DEBUG: Received command client response
1724115322.442341 2024-08-20 00:55:22 MainProcess-2149339 JobStatusPoller-Timer-Thread-23037295798736-23037295314688 parsl.executors.high_throughput.zmq_pipes:175 _log DEBUG: Sending command client command
1724115322.442384 2024-08-20 00:55:22 MainProcess-2149339 JobStatusPoller-Timer-Thread-23037295798736-23037295314688 parsl.executors.high_throughput.zmq_pipes:175 _log DEBUG: Receiving command client response
1724115322.442451 2024-08-20 00:55:22 MainProcess-2149339 JobStatusPoller-Timer-Thread-23037295798736-23037295314688 parsl.executors.high_throughput.zmq_pipes:175 _log DEBUG: Received command client response
1724115322.442491 2024-08-20 00:55:22 MainProcess-2149339 JobStatusPoller-Timer-Thread-23037295798736-23037295314688 parsl.jobs.strategy:175 _log DEBUG: Executor HighThroughputExecutor has 1 active tasks, 1/0 running/pending blocks, and 1 connected workers
1724115322.442530 2024-08-20 00:55:22 MainProcess-2149339 JobStatusPoller-Timer-Thread-23037295798736-23037295314688 parsl.jobs.strategy:175 _log DEBUG: Strategy case 3: no changes necessary to current block load
1724115322.442567 2024-08-20 00:55:22 MainProcess-2149339 JobStatusPoller-Timer-Thread-23037295798736-23037295314688 parsl.process_loggers:175 _log DEBUG: Normal ending for _general_strategy on thread JobStatusPoller-Timer-Thread-23037295798736
1724115327.442902 2024-08-20 00:55:27 MainProcess-2149339 JobStatusPoller-Timer-Thread-23037295798736-23037295314688 parsl.channels.local.local:175 _log DEBUG: Creating process with command 'ps -p 2149582 > /dev/null 2> /dev/null; echo "STATUS:$?" '
1724115327.452787 2024-08-20 00:55:27 MainProcess-2149339 JobStatusPoller-Timer-Thread-23037295798736-23037295314688 parsl.channels.local.local:175 _log DEBUG: Created process with pid 2149878. Performing communicate
1724115327.517099 2024-08-20 00:55:27 MainProcess-2149339 JobStatusPoller-Timer-Thread-23037295798736-23037295314688 parsl.channels.local.local:175 _log DEBUG: Process 2149878 returned 0
1724115327.517264 2024-08-20 00:55:27 MainProcess-2149339 JobStatusPoller-Timer-Thread-23037295798736-23037295314688 parsl.channels.local.local:175 _log DEBUG: Execution of command in process 2149878 completed normally
1724115327.517664 2024-08-20 00:55:27 MainProcess-2149339 JobStatusPoller-Timer-Thread-23037295798736-23037295314688 parsl.executors.high_throughput.zmq_pipes:175 _log DEBUG: Sending command client command
1724115327.517760 2024-08-20 00:55:27 MainProcess-2149339 JobStatusPoller-Timer-Thread-23037295798736-23037295314688 parsl.executors.high_throughput.zmq_pipes:175 _log DEBUG: Receiving command client response
1724115327.518002 2024-08-20 00:55:27 MainProcess-2149339 JobStatusPoller-Timer-Thread-23037295798736-23037295314688 parsl.executors.high_throughput.zmq_pipes:175 _log DEBUG: Received command client response
1724115327.518136 2024-08-20 00:55:27 MainProcess-2149339 JobStatusPoller-Timer-Thread-23037295798736-23037295314688 parsl.jobs.strategy:175 _log DEBUG: general strategy starting with strategy_type simple for 1 executors
1724115327.518192 2024-08-20 00:55:27 MainProcess-2149339 JobStatusPoller-Timer-Thread-23037295798736-23037295314688 parsl.jobs.strategy:175 _log DEBUG: Strategizing for executor HighThroughputExecutor
1724115327.518254 2024-08-20 00:55:27 MainProcess-2149339 JobStatusPoller-Timer-Thread-23037295798736-23037295314688 parsl.executors.high_throughput.zmq_pipes:175 _log DEBUG: Sending command client command
1724115327.518305 2024-08-20 00:55:27 MainProcess-2149339 JobStatusPoller-Timer-Thread-23037295798736-23037295314688 parsl.executors.high_throughput.zmq_pipes:175 _log DEBUG: Receiving command client response
1724115327.518449 2024-08-20 00:55:27 MainProcess-2149339 JobStatusPoller-Timer-Thread-23037295798736-23037295314688 parsl.executors.high_throughput.zmq_pipes:175 _log DEBUG: Received command client response
1724115327.518532 2024-08-20 00:55:27 MainProcess-2149339 JobStatusPoller-Timer-Thread-23037295798736-23037295314688 parsl.jobs.strategy:175 _log DEBUG: Slot ratio calculation: active_slots = 1, active_tasks = 1
1724115327.518576 2024-08-20 00:55:27 MainProcess-2149339 JobStatusPoller-Timer-Thread-23037295798736-23037295314688 parsl.executors.high_throughput.zmq_pipes:175 _log DEBUG: Sending command client command
1724115327.518626 2024-08-20 00:55:27 MainProcess-2149339 JobStatusPoller-Timer-Thread-23037295798736-23037295314688 parsl.executors.high_throughput.zmq_pipes:175 _log DEBUG: Receiving command client response
1724115327.518720 2024-08-20 00:55:27 MainProcess-2149339 JobStatusPoller-Timer-Thread-23037295798736-23037295314688 parsl.executors.high_throughput.zmq_pipes:175 _log DEBUG: Received command client response
1724115327.518773 2024-08-20 00:55:27 MainProcess-2149339 JobStatusPoller-Timer-Thread-23037295798736-23037295314688 parsl.executors.high_throughput.zmq_pipes:175 _log DEBUG: Sending command client command
1724115327.518818 2024-08-20 00:55:27 MainProcess-2149339 JobStatusPoller-Timer-Thread-23037295798736-23037295314688 parsl.executors.high_throughput.zmq_pipes:175 _log DEBUG: Receiving command client response
1724115327.518913 2024-08-20 00:55:27 MainProcess-2149339 JobStatusPoller-Timer-Thread-23037295798736-23037295314688 parsl.executors.high_throughput.zmq_pipes:175 _log DEBUG: Received command client response
1724115327.518962 2024-08-20 00:55:27 MainProcess-2149339 JobStatusPoller-Timer-Thread-23037295798736-23037295314688 parsl.jobs.strategy:175 _log DEBUG: Executor HighThroughputExecutor has 1 active tasks, 1/0 running/pending blocks, and 1 connected workers
1724115327.519001 2024-08-20 00:55:27 MainProcess-2149339 JobStatusPoller-Timer-Thread-23037295798736-23037295314688 parsl.jobs.strategy:175 _log DEBUG: Strategy case 3: no changes necessary to current block load
1724115327.519037 2024-08-20 00:55:27 MainProcess-2149339 JobStatusPoller-Timer-Thread-23037295798736-23037295314688 parsl.process_loggers:175 _log DEBUG: Normal ending for _general_strategy on thread JobStatusPoller-Timer-Thread-23037295798736
1724115331.045268 2024-08-20 00:55:31 MainProcess-2149339 HTEX-Result-Queue-Thread-23037280605952 parsl.executors.high_throughput.zmq_pipes:175 _log DEBUG: Received ResultsIncoming message
1724115331.045513 2024-08-20 00:55:31 MainProcess-2149339 HTEX-Result-Queue-Thread-23037280605952 parsl.app.errors:175 _log DEBUG: Reraising exception of type <class 'parsl.executors.high_throughput.errors.WorkerLost'>
1724115331.045697 2024-08-20 00:55:31 MainProcess-2149339 HTEX-Result-Queue-Thread-23037280605952 parsl.dataflow.dflow:175 _log INFO: Task 0 try 0 failed with exception of type WorkerLost
1724115331.045785 2024-08-20 00:55:31 MainProcess-2149339 HTEX-Result-Queue-Thread-23037280605952 parsl.dataflow.dflow:175 _log INFO: Task 0 marked for retry
1724115331.045839 2024-08-20 00:55:31 MainProcess-2149339 HTEX-Result-Queue-Thread-23037280605952 parsl.dataflow.dflow:175 _log INFO: Standard out for task 0 will not be redirected.
1724115331.045881 2024-08-20 00:55:31 MainProcess-2149339 HTEX-Result-Queue-Thread-23037280605952 parsl.dataflow.dflow:175 _log INFO: Standard error for task 0 will not be redirected.
1724115331.045975 2024-08-20 00:55:31 MainProcess-2149339 HTEX-Result-Queue-Thread-23037280605952 parsl.executors.high_throughput.zmq_pipes:175 _log DEBUG: Waiting for ResultsIncoming message
1724115331.046176 2024-08-20 00:55:31 MainProcess-2149339 Dependency-Launch_0-23038384887552 parsl.dataflow.memoization:175 _log DEBUG: Task 0 will not be memoized
1724115331.046441 2024-08-20 00:55:31 MainProcess-2149339 Dependency-Launch_0-23038384887552 parsl.executors.high_throughput.executor:175 _log DEBUG: Pushing function <function hello_affinity at 0x14f3c9d71e40> to queue with args ("Namespace(sim_nodes=1, db_nodes=1, simprocs_pn=4, simprocs=4, sim_cpu_bind='numa', sim_arguments='--...", "'pals'", "'10.201.0.157:6780'", "'x3203c0s25b0n0'", '<smartsim.experiment.Experiment object at 0x14f3c9d8f510>')
1724115331.049105 2024-08-20 00:55:31 MainProcess-2149339 Dependency-Launch_0-23038384887552 parsl.executors.high_throughput.zmq_pipes:175 _log DEBUG: Sending TasksOutgoing message
1724115331.049186 2024-08-20 00:55:31 MainProcess-2149339 Dependency-Launch_0-23038384887552 parsl.executors.high_throughput.zmq_pipes:175 _log DEBUG: Sent TasksOutgoing message
1724115331.049242 2024-08-20 00:55:31 MainProcess-2149339 Dependency-Launch_0-23038384887552 parsl.dataflow.dflow:175 _log INFO: Parsl task 0 try 1 launched on executor HighThroughputExecutor with executor id 2
1724115331.049287 2024-08-20 00:55:31 MainProcess-2149339 Dependency-Launch_0-23038384887552 parsl.dataflow.dflow:175 _log INFO: Standard out for task 0 will not be redirected.
1724115331.049324 2024-08-20 00:55:31 MainProcess-2149339 Dependency-Launch_0-23038384887552 parsl.dataflow.dflow:175 _log INFO: Standard error for task 0 will not be redirected.
1724115331.049368 2024-08-20 00:55:31 MainProcess-2149339 Dependency-Launch_0-23038384887552 parsl.process_loggers:175 _log DEBUG: Normal ending for _launch_if_ready_async on thread Dependency-Launch_0
1724115332.519387 2024-08-20 00:55:32 MainProcess-2149339 JobStatusPoller-Timer-Thread-23037295798736-23037295314688 parsl.channels.local.local:175 _log DEBUG: Creating process with command 'ps -p 2149582 > /dev/null 2> /dev/null; echo "STATUS:$?" '
1724115332.529380 2024-08-20 00:55:32 MainProcess-2149339 JobStatusPoller-Timer-Thread-23037295798736-23037295314688 parsl.channels.local.local:175 _log DEBUG: Created process with pid 2149951. Performing communicate
1724115332.593936 2024-08-20 00:55:32 MainProcess-2149339 JobStatusPoller-Timer-Thread-23037295798736-23037295314688 parsl.channels.local.local:175 _log DEBUG: Process 2149951 returned 0
1724115332.594049 2024-08-20 00:55:32 MainProcess-2149339 JobStatusPoller-Timer-Thread-23037295798736-23037295314688 parsl.channels.local.local:175 _log DEBUG: Execution of command in process 2149951 completed normally
1724115332.594344 2024-08-20 00:55:32 MainProcess-2149339 JobStatusPoller-Timer-Thread-23037295798736-23037295314688 parsl.executors.high_throughput.zmq_pipes:175 _log DEBUG: Sending command client command
1724115332.594442 2024-08-20 00:55:32 MainProcess-2149339 JobStatusPoller-Timer-Thread-23037295798736-23037295314688 parsl.executors.high_throughput.zmq_pipes:175 _log DEBUG: Receiving command client response
1724115332.594649 2024-08-20 00:55:32 MainProcess-2149339 JobStatusPoller-Timer-Thread-23037295798736-23037295314688 parsl.executors.high_throughput.zmq_pipes:175 _log DEBUG: Received command client response
1724115332.594778 2024-08-20 00:55:32 MainProcess-2149339 JobStatusPoller-Timer-Thread-23037295798736-23037295314688 parsl.jobs.strategy:175 _log DEBUG: general strategy starting with strategy_type simple for 1 executors
1724115332.594822 2024-08-20 00:55:32 MainProcess-2149339 JobStatusPoller-Timer-Thread-23037295798736-23037295314688 parsl.jobs.strategy:175 _log DEBUG: Strategizing for executor HighThroughputExecutor
1724115332.594865 2024-08-20 00:55:32 MainProcess-2149339 JobStatusPoller-Timer-Thread-23037295798736-23037295314688 parsl.executors.high_throughput.zmq_pipes:175 _log DEBUG: Sending command client command
1724115332.594912 2024-08-20 00:55:32 MainProcess-2149339 JobStatusPoller-Timer-Thread-23037295798736-23037295314688 parsl.executors.high_throughput.zmq_pipes:175 _log DEBUG: Receiving command client response
1724115332.595027 2024-08-20 00:55:32 MainProcess-2149339 JobStatusPoller-Timer-Thread-23037295798736-23037295314688 parsl.executors.high_throughput.zmq_pipes:175 _log DEBUG: Received command client response
1724115332.595080 2024-08-20 00:55:32 MainProcess-2149339 JobStatusPoller-Timer-Thread-23037295798736-23037295314688 parsl.jobs.strategy:175 _log DEBUG: Slot ratio calculation: active_slots = 1, active_tasks = 1
1724115332.595119 2024-08-20 00:55:32 MainProcess-2149339 JobStatusPoller-Timer-Thread-23037295798736-23037295314688 parsl.executors.high_throughput.zmq_pipes:175 _log DEBUG: Sending command client command
1724115332.595163 2024-08-20 00:55:32 MainProcess-2149339 JobStatusPoller-Timer-Thread-23037295798736-23037295314688 parsl.executors.high_throughput.zmq_pipes:175 _log DEBUG: Receiving command client response
1724115332.595257 2024-08-20 00:55:32 MainProcess-2149339 JobStatusPoller-Timer-Thread-23037295798736-23037295314688 parsl.executors.high_throughput.zmq_pipes:175 _log DEBUG: Received command client response
1724115332.595298 2024-08-20 00:55:32 MainProcess-2149339 JobStatusPoller-Timer-Thread-23037295798736-23037295314688 parsl.executors.high_throughput.zmq_pipes:175 _log DEBUG: Sending command client command
1724115332.595340 2024-08-20 00:55:32 MainProcess-2149339 JobStatusPoller-Timer-Thread-23037295798736-23037295314688 parsl.executors.high_throughput.zmq_pipes:175 _log DEBUG: Receiving command client response
1724115332.595433 2024-08-20 00:55:32 MainProcess-2149339 JobStatusPoller-Timer-Thread-23037295798736-23037295314688 parsl.executors.high_throughput.zmq_pipes:175 _log DEBUG: Received command client response
1724115332.595473 2024-08-20 00:55:32 MainProcess-2149339 JobStatusPoller-Timer-Thread-23037295798736-23037295314688 parsl.jobs.strategy:175 _log DEBUG: Executor HighThroughputExecutor has 1 active tasks, 1/0 running/pending blocks, and 1 connected workers
1724115332.595511 2024-08-20 00:55:32 MainProcess-2149339 JobStatusPoller-Timer-Thread-23037295798736-23037295314688 parsl.jobs.strategy:175 _log DEBUG: Strategy case 3: no changes necessary to current block load
1724115332.595547 2024-08-20 00:55:32 MainProcess-2149339 JobStatusPoller-Timer-Thread-23037295798736-23037295314688 parsl.process_loggers:175 _log DEBUG: Normal ending for _general_strategy on thread JobStatusPoller-Timer-Thread-23037295798736
1724115337.596058 2024-08-20 00:55:37 MainProcess-2149339 JobStatusPoller-Timer-Thread-23037295798736-23037295314688 parsl.channels.local.local:175 _log DEBUG: Creating process with command 'ps -p 2149582 > /dev/null 2> /dev/null; echo "STATUS:$?" '
1724115337.606262 2024-08-20 00:55:37 MainProcess-2149339 JobStatusPoller-Timer-Thread-23037295798736-23037295314688 parsl.channels.local.local:175 _log DEBUG: Created process with pid 2150025. Performing communicate
1724115337.671495 2024-08-20 00:55:37 MainProcess-2149339 JobStatusPoller-Timer-Thread-23037295798736-23037295314688 parsl.channels.local.local:175 _log DEBUG: Process 2150025 returned 0
1724115337.671614 2024-08-20 00:55:37 MainProcess-2149339 JobStatusPoller-Timer-Thread-23037295798736-23037295314688 parsl.channels.local.local:175 _log DEBUG: Execution of command in process 2150025 completed normally
1724115337.671950 2024-08-20 00:55:37 MainProcess-2149339 JobStatusPoller-Timer-Thread-23037295798736-23037295314688 parsl.executors.high_throughput.zmq_pipes:175 _log DEBUG: Sending command client command
1724115337.672061 2024-08-20 00:55:37 MainProcess-2149339 JobStatusPoller-Timer-Thread-23037295798736-23037295314688 parsl.executors.high_throughput.zmq_pipes:175 _log DEBUG: Receiving command client response
1724115337.672357 2024-08-20 00:55:37 MainProcess-2149339 JobStatusPoller-Timer-Thread-23037295798736-23037295314688 parsl.executors.high_throughput.zmq_pipes:175 _log DEBUG: Received command client response
1724115337.672466 2024-08-20 00:55:37 MainProcess-2149339 JobStatusPoller-Timer-Thread-23037295798736-23037295314688 parsl.jobs.strategy:175 _log DEBUG: general strategy starting with strategy_type simple for 1 executors
1724115337.672526 2024-08-20 00:55:37 MainProcess-2149339 JobStatusPoller-Timer-Thread-23037295798736-23037295314688 parsl.jobs.strategy:175 _log DEBUG: Strategizing for executor HighThroughputExecutor
1724115337.672572 2024-08-20 00:55:37 MainProcess-2149339 JobStatusPoller-Timer-Thread-23037295798736-23037295314688 parsl.executors.high_throughput.zmq_pipes:175 _log DEBUG: Sending command client command
1724115337.672622 2024-08-20 00:55:37 MainProcess-2149339 JobStatusPoller-Timer-Thread-23037295798736-23037295314688 parsl.executors.high_throughput.zmq_pipes:175 _log DEBUG: Receiving command client response
1724115337.672764 2024-08-20 00:55:37 MainProcess-2149339 JobStatusPoller-Timer-Thread-23037295798736-23037295314688 parsl.executors.high_throughput.zmq_pipes:175 _log DEBUG: Received command client response
1724115337.672816 2024-08-20 00:55:37 MainProcess-2149339 JobStatusPoller-Timer-Thread-23037295798736-23037295314688 parsl.jobs.strategy:175 _log DEBUG: Slot ratio calculation: active_slots = 1, active_tasks = 1
1724115337.672856 2024-08-20 00:55:37 MainProcess-2149339 JobStatusPoller-Timer-Thread-23037295798736-23037295314688 parsl.executors.high_throughput.zmq_pipes:175 _log DEBUG: Sending command client command
1724115337.672902 2024-08-20 00:55:37 MainProcess-2149339 JobStatusPoller-Timer-Thread-23037295798736-23037295314688 parsl.executors.high_throughput.zmq_pipes:175 _log DEBUG: Receiving command client response
1724115337.673024 2024-08-20 00:55:37 MainProcess-2149339 JobStatusPoller-Timer-Thread-23037295798736-23037295314688 parsl.executors.high_throughput.zmq_pipes:175 _log DEBUG: Received command client response
1724115337.673069 2024-08-20 00:55:37 MainProcess-2149339 JobStatusPoller-Timer-Thread-23037295798736-23037295314688 parsl.executors.high_throughput.zmq_pipes:175 _log DEBUG: Sending command client command
1724115337.673115 2024-08-20 00:55:37 MainProcess-2149339 JobStatusPoller-Timer-Thread-23037295798736-23037295314688 parsl.executors.high_throughput.zmq_pipes:175 _log DEBUG: Receiving command client response
1724115337.673234 2024-08-20 00:55:37 MainProcess-2149339 JobStatusPoller-Timer-Thread-23037295798736-23037295314688 parsl.executors.high_throughput.zmq_pipes:175 _log DEBUG: Received command client response
1724115337.673276 2024-08-20 00:55:37 MainProcess-2149339 JobStatusPoller-Timer-Thread-23037295798736-23037295314688 parsl.jobs.strategy:175 _log DEBUG: Executor HighThroughputExecutor has 1 active tasks, 1/0 running/pending blocks, and 1 connected workers
1724115337.673316 2024-08-20 00:55:37 MainProcess-2149339 JobStatusPoller-Timer-Thread-23037295798736-23037295314688 parsl.jobs.strategy:175 _log DEBUG: Strategy case 3: no changes necessary to current block load
1724115337.673353 2024-08-20 00:55:37 MainProcess-2149339 JobStatusPoller-Timer-Thread-23037295798736-23037295314688 parsl.process_loggers:175 _log DEBUG: Normal ending for _general_strategy on thread JobStatusPoller-Timer-Thread-23037295798736
1724115342.673683 2024-08-20 00:55:42 MainProcess-2149339 JobStatusPoller-Timer-Thread-23037295798736-23037295314688 parsl.channels.local.local:175 _log DEBUG: Creating process with command 'ps -p 2149582 > /dev/null 2> /dev/null; echo "STATUS:$?" '
1724115342.683882 2024-08-20 00:55:42 MainProcess-2149339 JobStatusPoller-Timer-Thread-23037295798736-23037295314688 parsl.channels.local.local:175 _log DEBUG: Created process with pid 2150027. Performing communicate
1724115342.748553 2024-08-20 00:55:42 MainProcess-2149339 JobStatusPoller-Timer-Thread-23037295798736-23037295314688 parsl.channels.local.local:175 _log DEBUG: Process 2150027 returned 0
1724115342.748677 2024-08-20 00:55:42 MainProcess-2149339 JobStatusPoller-Timer-Thread-23037295798736-23037295314688 parsl.channels.local.local:175 _log DEBUG: Execution of command in process 2150027 completed normally
1724115342.748957 2024-08-20 00:55:42 MainProcess-2149339 JobStatusPoller-Timer-Thread-23037295798736-23037295314688 parsl.executors.high_throughput.zmq_pipes:175 _log DEBUG: Sending command client command
1724115342.749069 2024-08-20 00:55:42 MainProcess-2149339 JobStatusPoller-Timer-Thread-23037295798736-23037295314688 parsl.executors.high_throughput.zmq_pipes:175 _log DEBUG: Receiving command client response
1724115342.749252 2024-08-20 00:55:42 MainProcess-2149339 JobStatusPoller-Timer-Thread-23037295798736-23037295314688 parsl.executors.high_throughput.zmq_pipes:175 _log DEBUG: Received command client response
1724115342.749361 2024-08-20 00:55:42 MainProcess-2149339 JobStatusPoller-Timer-Thread-23037295798736-23037295314688 parsl.jobs.strategy:175 _log DEBUG: general strategy starting with strategy_type simple for 1 executors
1724115342.749401 2024-08-20 00:55:42 MainProcess-2149339 JobStatusPoller-Timer-Thread-23037295798736-23037295314688 parsl.jobs.strategy:175 _log DEBUG: Strategizing for executor HighThroughputExecutor
1724115342.749441 2024-08-20 00:55:42 MainProcess-2149339 JobStatusPoller-Timer-Thread-23037295798736-23037295314688 parsl.executors.high_throughput.zmq_pipes:175 _log DEBUG: Sending command client command
1724115342.749486 2024-08-20 00:55:42 MainProcess-2149339 JobStatusPoller-Timer-Thread-23037295798736-23037295314688 parsl.executors.high_throughput.zmq_pipes:175 _log DEBUG: Receiving command client response
1724115342.749616 2024-08-20 00:55:42 MainProcess-2149339 JobStatusPoller-Timer-Thread-23037295798736-23037295314688 parsl.executors.high_throughput.zmq_pipes:175 _log DEBUG: Received command client response
1724115342.749698 2024-08-20 00:55:42 MainProcess-2149339 JobStatusPoller-Timer-Thread-23037295798736-23037295314688 parsl.jobs.strategy:175 _log DEBUG: Slot ratio calculation: active_slots = 1, active_tasks = 1
1724115342.749743 2024-08-20 00:55:42 MainProcess-2149339 JobStatusPoller-Timer-Thread-23037295798736-23037295314688 parsl.executors.high_throughput.zmq_pipes:175 _log DEBUG: Sending command client command
1724115342.749793 2024-08-20 00:55:42 MainProcess-2149339 JobStatusPoller-Timer-Thread-23037295798736-23037295314688 parsl.executors.high_throughput.zmq_pipes:175 _log DEBUG: Receiving command client response
1724115342.749888 2024-08-20 00:55:42 MainProcess-2149339 JobStatusPoller-Timer-Thread-23037295798736-23037295314688 parsl.executors.high_throughput.zmq_pipes:175 _log DEBUG: Received command client response
1724115342.749943 2024-08-20 00:55:42 MainProcess-2149339 JobStatusPoller-Timer-Thread-23037295798736-23037295314688 parsl.executors.high_throughput.zmq_pipes:175 _log DEBUG: Sending command client command
1724115342.749989 2024-08-20 00:55:42 MainProcess-2149339 JobStatusPoller-Timer-Thread-23037295798736-23037295314688 parsl.executors.high_throughput.zmq_pipes:175 _log DEBUG: Receiving command client response
1724115342.750082 2024-08-20 00:55:42 MainProcess-2149339 JobStatusPoller-Timer-Thread-23037295798736-23037295314688 parsl.executors.high_throughput.zmq_pipes:175 _log DEBUG: Received command client response
1724115342.750132 2024-08-20 00:55:42 MainProcess-2149339 JobStatusPoller-Timer-Thread-23037295798736-23037295314688 parsl.jobs.strategy:175 _log DEBUG: Executor HighThroughputExecutor has 1 active tasks, 1/0 running/pending blocks, and 1 connected workers
1724115342.750181 2024-08-20 00:55:42 MainProcess-2149339 JobStatusPoller-Timer-Thread-23037295798736-23037295314688 parsl.jobs.strategy:175 _log DEBUG: Strategy case 3: no changes necessary to current block load
1724115342.750224 2024-08-20 00:55:42 MainProcess-2149339 JobStatusPoller-Timer-Thread-23037295798736-23037295314688 parsl.process_loggers:175 _log DEBUG: Normal ending for _general_strategy on thread JobStatusPoller-Timer-Thread-23037295798736
1724115347.750618 2024-08-20 00:55:47 MainProcess-2149339 JobStatusPoller-Timer-Thread-23037295798736-23037295314688 parsl.channels.local.local:175 _log DEBUG: Creating process with command 'ps -p 2149582 > /dev/null 2> /dev/null; echo "STATUS:$?" '
1724115347.761015 2024-08-20 00:55:47 MainProcess-2149339 JobStatusPoller-Timer-Thread-23037295798736-23037295314688 parsl.channels.local.local:175 _log DEBUG: Created process with pid 2150029. Performing communicate
1724115347.825154 2024-08-20 00:55:47 MainProcess-2149339 JobStatusPoller-Timer-Thread-23037295798736-23037295314688 parsl.channels.local.local:175 _log DEBUG: Process 2150029 returned 0
1724115347.825318 2024-08-20 00:55:47 MainProcess-2149339 JobStatusPoller-Timer-Thread-23037295798736-23037295314688 parsl.channels.local.local:175 _log DEBUG: Execution of command in process 2150029 completed normally
1724115347.825780 2024-08-20 00:55:47 MainProcess-2149339 JobStatusPoller-Timer-Thread-23037295798736-23037295314688 parsl.executors.high_throughput.zmq_pipes:175 _log DEBUG: Sending command client command
1724115347.825879 2024-08-20 00:55:47 MainProcess-2149339 JobStatusPoller-Timer-Thread-23037295798736-23037295314688 parsl.executors.high_throughput.zmq_pipes:175 _log DEBUG: Receiving command client response
1724115347.826113 2024-08-20 00:55:47 MainProcess-2149339 JobStatusPoller-Timer-Thread-23037295798736-23037295314688 parsl.executors.high_throughput.zmq_pipes:175 _log DEBUG: Received command client response
1724115347.826241 2024-08-20 00:55:47 MainProcess-2149339 JobStatusPoller-Timer-Thread-23037295798736-23037295314688 parsl.jobs.strategy:175 _log DEBUG: general strategy starting with strategy_type simple for 1 executors
1724115347.826287 2024-08-20 00:55:47 MainProcess-2149339 JobStatusPoller-Timer-Thread-23037295798736-23037295314688 parsl.jobs.strategy:175 _log DEBUG: Strategizing for executor HighThroughputExecutor
1724115347.826329 2024-08-20 00:55:47 MainProcess-2149339 JobStatusPoller-Timer-Thread-23037295798736-23037295314688 parsl.executors.high_throughput.zmq_pipes:175 _log DEBUG: Sending command client command
1724115347.826376 2024-08-20 00:55:47 MainProcess-2149339 JobStatusPoller-Timer-Thread-23037295798736-23037295314688 parsl.executors.high_throughput.zmq_pipes:175 _log DEBUG: Receiving command client response
1724115347.826538 2024-08-20 00:55:47 MainProcess-2149339 JobStatusPoller-Timer-Thread-23037295798736-23037295314688 parsl.executors.high_throughput.zmq_pipes:175 _log DEBUG: Received command client response
1724115347.826608 2024-08-20 00:55:47 MainProcess-2149339 JobStatusPoller-Timer-Thread-23037295798736-23037295314688 parsl.jobs.strategy:175 _log DEBUG: Slot ratio calculation: active_slots = 1, active_tasks = 1
1724115347.826653 2024-08-20 00:55:47 MainProcess-2149339 JobStatusPoller-Timer-Thread-23037295798736-23037295314688 parsl.executors.high_throughput.zmq_pipes:175 _log DEBUG: Sending command client command
1724115347.826718 2024-08-20 00:55:47 MainProcess-2149339 JobStatusPoller-Timer-Thread-23037295798736-23037295314688 parsl.executors.high_throughput.zmq_pipes:175 _log DEBUG: Receiving command client response
1724115347.826834 2024-08-20 00:55:47 MainProcess-2149339 JobStatusPoller-Timer-Thread-23037295798736-23037295314688 parsl.executors.high_throughput.zmq_pipes:175 _log DEBUG: Received command client response
1724115347.826879 2024-08-20 00:55:47 MainProcess-2149339 JobStatusPoller-Timer-Thread-23037295798736-23037295314688 parsl.executors.high_throughput.zmq_pipes:175 _log DEBUG: Sending command client command
1724115347.826924 2024-08-20 00:55:47 MainProcess-2149339 JobStatusPoller-Timer-Thread-23037295798736-23037295314688 parsl.executors.high_throughput.zmq_pipes:175 _log DEBUG: Receiving command client response
1724115347.827039 2024-08-20 00:55:47 MainProcess-2149339 JobStatusPoller-Timer-Thread-23037295798736-23037295314688 parsl.executors.high_throughput.zmq_pipes:175 _log DEBUG: Received command client response
1724115347.827079 2024-08-20 00:55:47 MainProcess-2149339 JobStatusPoller-Timer-Thread-23037295798736-23037295314688 parsl.jobs.strategy:175 _log DEBUG: Executor HighThroughputExecutor has 1 active tasks, 1/0 running/pending blocks, and 1 connected workers
1724115347.827119 2024-08-20 00:55:47 MainProcess-2149339 JobStatusPoller-Timer-Thread-23037295798736-23037295314688 parsl.jobs.strategy:175 _log DEBUG: Strategy case 3: no changes necessary to current block load
1724115347.827172 2024-08-20 00:55:47 MainProcess-2149339 JobStatusPoller-Timer-Thread-23037295798736-23037295314688 parsl.process_loggers:175 _log DEBUG: Normal ending for _general_strategy on thread JobStatusPoller-Timer-Thread-23037295798736
1724115352.827683 2024-08-20 00:55:52 MainProcess-2149339 JobStatusPoller-Timer-Thread-23037295798736-23037295314688 parsl.channels.local.local:175 _log DEBUG: Creating process with command 'ps -p 2149582 > /dev/null 2> /dev/null; echo "STATUS:$?" '
1724115352.838257 2024-08-20 00:55:52 MainProcess-2149339 JobStatusPoller-Timer-Thread-23037295798736-23037295314688 parsl.channels.local.local:175 _log DEBUG: Created process with pid 2150031. Performing communicate
1724115352.911182 2024-08-20 00:55:52 MainProcess-2149339 JobStatusPoller-Timer-Thread-23037295798736-23037295314688 parsl.channels.local.local:175 _log DEBUG: Process 2150031 returned 0
1724115352.911342 2024-08-20 00:55:52 MainProcess-2149339 JobStatusPoller-Timer-Thread-23037295798736-23037295314688 parsl.channels.local.local:175 _log DEBUG: Execution of command in process 2150031 completed normally
1724115352.911624 2024-08-20 00:55:52 MainProcess-2149339 JobStatusPoller-Timer-Thread-23037295798736-23037295314688 parsl.executors.high_throughput.zmq_pipes:175 _log DEBUG: Sending command client command
1724115352.911723 2024-08-20 00:55:52 MainProcess-2149339 JobStatusPoller-Timer-Thread-23037295798736-23037295314688 parsl.executors.high_throughput.zmq_pipes:175 _log DEBUG: Receiving command client response
1724115352.911960 2024-08-20 00:55:52 MainProcess-2149339 JobStatusPoller-Timer-Thread-23037295798736-23037295314688 parsl.executors.high_throughput.zmq_pipes:175 _log DEBUG: Received command client response
1724115352.912080 2024-08-20 00:55:52 MainProcess-2149339 JobStatusPoller-Timer-Thread-23037295798736-23037295314688 parsl.jobs.strategy:175 _log DEBUG: general strategy starting with strategy_type simple for 1 executors
1724115352.912126 2024-08-20 00:55:52 MainProcess-2149339 JobStatusPoller-Timer-Thread-23037295798736-23037295314688 parsl.jobs.strategy:175 _log DEBUG: Strategizing for executor HighThroughputExecutor
1724115352.912168 2024-08-20 00:55:52 MainProcess-2149339 JobStatusPoller-Timer-Thread-23037295798736-23037295314688 parsl.executors.high_throughput.zmq_pipes:175 _log DEBUG: Sending command client command
1724115352.912215 2024-08-20 00:55:52 MainProcess-2149339 JobStatusPoller-Timer-Thread-23037295798736-23037295314688 parsl.executors.high_throughput.zmq_pipes:175 _log DEBUG: Receiving command client response
1724115352.912356 2024-08-20 00:55:52 MainProcess-2149339 JobStatusPoller-Timer-Thread-23037295798736-23037295314688 parsl.executors.high_throughput.zmq_pipes:175 _log DEBUG: Received command client response
1724115352.912431 2024-08-20 00:55:52 MainProcess-2149339 JobStatusPoller-Timer-Thread-23037295798736-23037295314688 parsl.jobs.strategy:175 _log DEBUG: Slot ratio calculation: active_slots = 1, active_tasks = 1
1724115352.912476 2024-08-20 00:55:52 MainProcess-2149339 JobStatusPoller-Timer-Thread-23037295798736-23037295314688 parsl.executors.high_throughput.zmq_pipes:175 _log DEBUG: Sending command client command
1724115352.912525 2024-08-20 00:55:52 MainProcess-2149339 JobStatusPoller-Timer-Thread-23037295798736-23037295314688 parsl.executors.high_throughput.zmq_pipes:175 _log DEBUG: Receiving command client response
1724115352.912615 2024-08-20 00:55:52 MainProcess-2149339 JobStatusPoller-Timer-Thread-23037295798736-23037295314688 parsl.executors.high_throughput.zmq_pipes:175 _log DEBUG: Received command client response
1724115352.912668 2024-08-20 00:55:52 MainProcess-2149339 JobStatusPoller-Timer-Thread-23037295798736-23037295314688 parsl.executors.high_throughput.zmq_pipes:175 _log DEBUG: Sending command client command
1724115352.912714 2024-08-20 00:55:52 MainProcess-2149339 JobStatusPoller-Timer-Thread-23037295798736-23037295314688 parsl.executors.high_throughput.zmq_pipes:175 _log DEBUG: Receiving command client response
1724115352.912802 2024-08-20 00:55:52 MainProcess-2149339 JobStatusPoller-Timer-Thread-23037295798736-23037295314688 parsl.executors.high_throughput.zmq_pipes:175 _log DEBUG: Received command client response
1724115352.912867 2024-08-20 00:55:52 MainProcess-2149339 JobStatusPoller-Timer-Thread-23037295798736-23037295314688 parsl.jobs.strategy:175 _log DEBUG: Executor HighThroughputExecutor has 1 active tasks, 1/0 running/pending blocks, and 1 connected workers
1724115352.912912 2024-08-20 00:55:52 MainProcess-2149339 JobStatusPoller-Timer-Thread-23037295798736-23037295314688 parsl.jobs.strategy:175 _log DEBUG: Strategy case 3: no changes necessary to current block load
1724115352.912951 2024-08-20 00:55:52 MainProcess-2149339 JobStatusPoller-Timer-Thread-23037295798736-23037295314688 parsl.process_loggers:175 _log DEBUG: Normal ending for _general_strategy on thread JobStatusPoller-Timer-Thread-23037295798736
1724115356.650728 2024-08-20 00:55:56 MainProcess-2149339 MainThread-23046070231232 parsl.dataflow.dflow:175 _log WARNING: Python is exiting with a DFK still running. You should call parsl.dfk().cleanup() before exiting to release any resources
