1724259502.173012 2024-08-21 16:58:22 MainProcess-3983968 MainThread-22540642787520 parsl.dataflow.dflow:175 _log INFO: Starting DataFlowKernel with config
Config(
    app_cache=True, 
    checkpoint_files=None, 
    checkpoint_mode=None, 
    checkpoint_period=None, 
    dependency_resolver=None, 
    executors=(HighThroughputExecutor(
        address='10.140.56.175', 
        address_probe_timeout=None, 
        available_accelerators=['0,1,2,3'], 
        block_error_handler=<function simple_error_handler at 0x147e1c13a8e0>, 
        cores_per_worker=1.0, 
        cpu_affinity='block-reverse', 
        drain_period=None, 
        enable_mpi_mode=False, 
        encrypted=False, 
        heartbeat_period=30, 
        heartbeat_threshold=120, 
        interchange_launch_cmd=['interchange.py'], 
        interchange_port_range=(55000, 56000), 
        label='HighThroughputExecutor', 
        launch_cmd='process_worker_pool.py {debug} {max_workers_per_node} -a {addresses} -p {prefetch_capacity} -c {cores_per_worker} -m {mem_per_worker} --poll {poll_period} --task_port={task_port} --result_port={result_port} --cert_dir {cert_dir} --logdir={logdir} --block_id={{block_id}} --hb_period={heartbeat_period} {address_probe_timeout_string} --hb_threshold={heartbeat_threshold} --drain_period={drain_period} --cpu-affinity {cpu_affinity} {enable_mpi_mode} --mpi-launcher={mpi_launcher} --available-accelerators {accelerators}', 
        manager_selector=<parsl.executors.high_throughput.manager_selector.RandomManagerSelector object at 0x147e1c146910>, 
        max_workers=inf, 
        max_workers_per_node=inf, 
        mem_per_worker=None, 
        mpi_launcher='mpiexec', 
        poll_period=10, 
        prefetch_capacity=0, 
        provider=LocalProvider(
            channel=LocalChannel(
                envs={}, 
                script_dir=None, 
                userhome='/home/viralss2/nekRS-ML_MSR/examples/parsl_MSR_smartsim'
            ), 
            cmd_timeout=30, 
            init_blocks=1, 
            launcher=SingleNodeLauncher(debug=True, fail_on_any=False), 
            max_blocks=1, 
            min_blocks=0, 
            move_files=None, 
            nodes_per_block=1, 
            parallelism=1, 
            worker_init='source /home/viralss2/ALCF_Hands_on_HPC_Workshop/workflows/parsl/launch_eg/set_run_env;\n                            cd /home/viralss2/nekRS-ML_MSR/examples/parsl_MSR_smartsim'
        ), 
        storage_access=None, 
        worker_debug=False, 
        worker_logdir_root=None, 
        worker_port_range=(54000, 55000), 
        worker_ports=None, 
        working_dir=None
    ),), 
    exit_mode='cleanup', 
    garbage_collect=True, 
    initialize_logging=True, 
    internal_tasks_max_threads=10, 
    max_idletime=120.0, 
    monitoring=None, 
    retries=1, 
    retry_handler=None, 
    run_dir='runinfo', 
    std_autopath=None, 
    strategy='simple', 
    strategy_period=5, 
    usage_tracking=0
)
1724259502.174468 2024-08-21 16:58:22 MainProcess-3983968 MainThread-22540642787520 parsl.dataflow.dflow:175 _log INFO: Parsl version: 2024.08.05
1724259502.174552 2024-08-21 16:58:22 MainProcess-3983968 MainThread-22540642787520 parsl.usage_tracking.usage:175 _log DEBUG: Tracking level: 0
1724259502.174632 2024-08-21 16:58:22 MainProcess-3983968 MainThread-22540642787520 parsl.dataflow.dflow:175 _log INFO: Run id is: 2436ba6c-9e4b-4457-b610-b1f91ce9b487
1724259502.365490 2024-08-21 16:58:22 MainProcess-3983968 MainThread-22540642787520 parsl.dataflow.dflow:175 _log DEBUG: Considering candidate for workflow name: /home/viralss2/SSML/lib/python3.11/site-packages/parsl/dataflow/dflow.py
1724259502.365557 2024-08-21 16:58:22 MainProcess-3983968 MainThread-22540642787520 parsl.dataflow.dflow:175 _log DEBUG: Considering candidate for workflow name: /soft/applications/conda/2024-04-29/mconda3/lib/python3.11/site-packages/typeguard/__init__.py
1724259502.365609 2024-08-21 16:58:22 MainProcess-3983968 MainThread-22540642787520 parsl.dataflow.dflow:175 _log DEBUG: Considering candidate for workflow name: /home/viralss2/SSML/lib/python3.11/site-packages/parsl/dataflow/dflow.py
1724259502.365674 2024-08-21 16:58:22 MainProcess-3983968 MainThread-22540642787520 parsl.dataflow.dflow:175 _log DEBUG: Considering candidate for workflow name: /soft/applications/conda/2024-04-29/mconda3/lib/python3.11/site-packages/typeguard/__init__.py
1724259502.365731 2024-08-21 16:58:22 MainProcess-3983968 MainThread-22540642787520 parsl.dataflow.dflow:175 _log DEBUG: Considering candidate for workflow name: /home/viralss2/nekRS-ML_MSR/examples/parsl_MSR_smartsim/ssim_driver_polaris.py
1724259502.365773 2024-08-21 16:58:22 MainProcess-3983968 MainThread-22540642787520 parsl.dataflow.dflow:175 _log DEBUG: Using ssim_driver_polaris.py as workflow name
1724259502.365913 2024-08-21 16:58:22 MainProcess-3983968 MainThread-22540642787520 parsl.dataflow.memoization:175 _log INFO: App caching initialized
1724259502.365969 2024-08-21 16:58:22 MainProcess-3983968 MainThread-22540642787520 parsl.jobs.strategy:175 _log DEBUG: Scaling strategy: simple
1724259502.370673 2024-08-21 16:58:22 MainProcess-3983968 MainThread-22540642787520 parsl.executors.high_throughput.executor:175 _log DEBUG: Starting result queue thread
1724259502.370902 2024-08-21 16:58:22 MainProcess-3983968 HTEX-Result-Queue-Thread-22531853182720 parsl.executors.high_throughput.executor:175 _log DEBUG: Result queue worker starting
1724259502.370989 2024-08-21 16:58:22 MainProcess-3983968 MainThread-22540642787520 parsl.executors.high_throughput.executor:175 _log DEBUG: Started result queue thread
1724259502.371042 2024-08-21 16:58:22 MainProcess-3983968 HTEX-Result-Queue-Thread-22531853182720 parsl.executors.high_throughput.zmq_pipes:175 _log DEBUG: Waiting for ResultsIncoming message
1724259502.372513 2024-08-21 16:58:22 MainProcess-3983968 MainThread-22540642787520 parsl.executors.high_throughput.executor:175 _log DEBUG: Popened interchange process. Writing config object
1724259502.372581 2024-08-21 16:58:22 MainProcess-3983968 MainThread-22540642787520 parsl.executors.high_throughput.executor:175 _log DEBUG: Sent config object. Requesting worker ports
1724259502.372629 2024-08-21 16:58:22 MainProcess-3983968 MainThread-22540642787520 parsl.executors.high_throughput.zmq_pipes:175 _log DEBUG: Sending command client command
1724259502.947162 2024-08-21 16:58:22 MainProcess-3983968 MainThread-22540642787520 parsl.executors.high_throughput.zmq_pipes:175 _log DEBUG: Polling for command client response or timeout
1724259502.948731 2024-08-21 16:58:22 MainProcess-3983968 MainThread-22540642787520 parsl.executors.high_throughput.zmq_pipes:175 _log DEBUG: Receiving command client response
1724259502.948798 2024-08-21 16:58:22 MainProcess-3983968 MainThread-22540642787520 parsl.executors.high_throughput.zmq_pipes:175 _log DEBUG: Received command client response
1724259502.948849 2024-08-21 16:58:22 MainProcess-3983968 MainThread-22540642787520 parsl.executors.high_throughput.executor:175 _log DEBUG: Got worker ports
1724259502.948891 2024-08-21 16:58:22 MainProcess-3983968 MainThread-22540642787520 parsl.executors.high_throughput.executor:175 _log DEBUG: Created result queue thread: <Thread(HTEX-Result-Queue-Thread, started daemon 22531853182720)>
1724259502.949173 2024-08-21 16:58:22 MainProcess-3983968 MainThread-22540642787520 parsl.executors.high_throughput.executor:175 _log DEBUG: Launch command: process_worker_pool.py   -a 10.140.56.175 -p 0 -c 1.0 -m None --poll 10 --task_port=54797 --result_port=54204 --cert_dir None --logdir=/home/viralss2/nekRS-ML_MSR/examples/parsl_MSR_smartsim/runinfo/066/HighThroughputExecutor --block_id={block_id} --hb_period=30  --hb_threshold=120 --drain_period=None --cpu-affinity block-reverse  --mpi-launcher=mpiexec --available-accelerators 0,1,2,3
1724259502.949217 2024-08-21 16:58:22 MainProcess-3983968 MainThread-22540642787520 parsl.executors.high_throughput.executor:175 _log DEBUG: Starting HighThroughputExecutor with provider:
LocalProvider(
    channel=LocalChannel(
        envs={}, 
        script_dir='/home/viralss2/nekRS-ML_MSR/examples/parsl_MSR_smartsim/runinfo/066/submit_scripts', 
        userhome='/home/viralss2/nekRS-ML_MSR/examples/parsl_MSR_smartsim'
    ), 
    cmd_timeout=30, 
    init_blocks=1, 
    launcher=SingleNodeLauncher(debug=True, fail_on_any=False), 
    max_blocks=1, 
    min_blocks=0, 
    move_files=None, 
    nodes_per_block=1, 
    parallelism=1, 
    worker_init='source /home/viralss2/ALCF_Hands_on_HPC_Workshop/workflows/parsl/launch_eg/set_run_env;\n                            cd /home/viralss2/nekRS-ML_MSR/examples/parsl_MSR_smartsim'
)
1724259502.949536 2024-08-21 16:58:22 MainProcess-3983968 MainThread-22540642787520 parsl.jobs.job_status_poller:175 _log DEBUG: Adding executor HighThroughputExecutor
1724259507.366458 2024-08-21 16:58:27 MainProcess-3983968 JobStatusPoller-Timer-Thread-22531868283024-22531867891456 parsl.executors.high_throughput.zmq_pipes:175 _log DEBUG: Sending command client command
1724259507.366743 2024-08-21 16:58:27 MainProcess-3983968 JobStatusPoller-Timer-Thread-22531868283024-22531867891456 parsl.executors.high_throughput.zmq_pipes:175 _log DEBUG: Receiving command client response
1724259507.367162 2024-08-21 16:58:27 MainProcess-3983968 JobStatusPoller-Timer-Thread-22531868283024-22531867891456 parsl.executors.high_throughput.zmq_pipes:175 _log DEBUG: Received command client response
1724259507.367254 2024-08-21 16:58:27 MainProcess-3983968 JobStatusPoller-Timer-Thread-22531868283024-22531867891456 parsl.jobs.strategy:175 _log DEBUG: general strategy starting with strategy_type simple for 1 executors
1724259507.367300 2024-08-21 16:58:27 MainProcess-3983968 JobStatusPoller-Timer-Thread-22531868283024-22531867891456 parsl.jobs.strategy:175 _log DEBUG: Strategizing for executor HighThroughputExecutor
1724259507.367340 2024-08-21 16:58:27 MainProcess-3983968 JobStatusPoller-Timer-Thread-22531868283024-22531867891456 parsl.jobs.strategy:175 _log DEBUG: Scaling out 1 initial blocks for HighThroughputExecutor
1724259507.367383 2024-08-21 16:58:27 MainProcess-3983968 JobStatusPoller-Timer-Thread-22531868283024-22531867891456 parsl.executors.status_handling:175 _log INFO: Scaling out by 1 blocks
1724259507.367425 2024-08-21 16:58:27 MainProcess-3983968 JobStatusPoller-Timer-Thread-22531868283024-22531867891456 parsl.executors.status_handling:175 _log INFO: Allocated block ID 0
1724259507.367469 2024-08-21 16:58:27 MainProcess-3983968 JobStatusPoller-Timer-Thread-22531868283024-22531867891456 parsl.executors.status_handling:175 _log DEBUG: Submitting to provider with job_name parsl.HighThroughputExecutor.block-0
1724259507.370516 2024-08-21 16:58:27 MainProcess-3983968 JobStatusPoller-Timer-Thread-22531868283024-22531867891456 parsl.providers.local.local:175 _log DEBUG: Launching
1724259507.370726 2024-08-21 16:58:27 MainProcess-3983968 JobStatusPoller-Timer-Thread-22531868283024-22531867891456 parsl.channels.local.local:175 _log DEBUG: Creating process with command '/bin/bash -c 'echo - >/home/viralss2/nekRS-ML_MSR/examples/parsl_MSR_smartsim/runinfo/066/submit_scripts/parsl.HighThroughputExecutor.block-0.1724259507.3675818.sh.ec && { { bash /home/viralss2/nekRS-ML_MSR/examples/parsl_MSR_smartsim/runinfo/066/submit_scripts/parsl.HighThroughputExecutor.block-0.1724259507.3675818.sh 1>/home/viralss2/nekRS-ML_MSR/examples/parsl_MSR_smartsim/runinfo/066/submit_scripts/parsl.HighThroughputExecutor.block-0.1724259507.3675818.sh.out 2>/home/viralss2/nekRS-ML_MSR/examples/parsl_MSR_smartsim/runinfo/066/submit_scripts/parsl.HighThroughputExecutor.block-0.1724259507.3675818.sh.err ; echo $? > /home/viralss2/nekRS-ML_MSR/examples/parsl_MSR_smartsim/runinfo/066/submit_scripts/parsl.HighThroughputExecutor.block-0.1724259507.3675818.sh.ec ; } >/dev/null 2>&1 & echo "PID:$!" ; }''
1724259507.383279 2024-08-21 16:58:27 MainProcess-3983968 JobStatusPoller-Timer-Thread-22531868283024-22531867891456 parsl.channels.local.local:175 _log DEBUG: Created process with pid 3984181. Performing communicate
1724259507.392855 2024-08-21 16:58:27 MainProcess-3983968 JobStatusPoller-Timer-Thread-22531868283024-22531867891456 parsl.channels.local.local:175 _log DEBUG: Process 3984181 returned 0
1724259507.392971 2024-08-21 16:58:27 MainProcess-3983968 JobStatusPoller-Timer-Thread-22531868283024-22531867891456 parsl.channels.local.local:175 _log DEBUG: Execution of command in process 3984181 completed normally
1724259507.393111 2024-08-21 16:58:27 MainProcess-3983968 JobStatusPoller-Timer-Thread-22531868283024-22531867891456 parsl.executors.status_handling:175 _log DEBUG: Launched block 0 on executor HighThroughputExecutor with job ID 3984182
1724259507.393204 2024-08-21 16:58:27 MainProcess-3983968 JobStatusPoller-Timer-Thread-22531868283024-22531867891456 parsl.executors.high_throughput.zmq_pipes:175 _log DEBUG: Sending command client command
1724259507.393297 2024-08-21 16:58:27 MainProcess-3983968 JobStatusPoller-Timer-Thread-22531868283024-22531867891456 parsl.executors.high_throughput.zmq_pipes:175 _log DEBUG: Receiving command client response
1724259507.393514 2024-08-21 16:58:27 MainProcess-3983968 JobStatusPoller-Timer-Thread-22531868283024-22531867891456 parsl.executors.high_throughput.zmq_pipes:175 _log DEBUG: Received command client response
1724259507.393576 2024-08-21 16:58:27 MainProcess-3983968 JobStatusPoller-Timer-Thread-22531868283024-22531867891456 parsl.jobs.strategy:175 _log DEBUG: Slot ratio calculation: active_slots = 1, active_tasks = 0
1724259507.393621 2024-08-21 16:58:27 MainProcess-3983968 JobStatusPoller-Timer-Thread-22531868283024-22531867891456 parsl.executors.high_throughput.zmq_pipes:175 _log DEBUG: Sending command client command
1724259507.393671 2024-08-21 16:58:27 MainProcess-3983968 JobStatusPoller-Timer-Thread-22531868283024-22531867891456 parsl.executors.high_throughput.zmq_pipes:175 _log DEBUG: Receiving command client response
1724259507.393795 2024-08-21 16:58:27 MainProcess-3983968 JobStatusPoller-Timer-Thread-22531868283024-22531867891456 parsl.executors.high_throughput.zmq_pipes:175 _log DEBUG: Received command client response
1724259507.393842 2024-08-21 16:58:27 MainProcess-3983968 JobStatusPoller-Timer-Thread-22531868283024-22531867891456 parsl.executors.high_throughput.zmq_pipes:175 _log DEBUG: Sending command client command
1724259507.393888 2024-08-21 16:58:27 MainProcess-3983968 JobStatusPoller-Timer-Thread-22531868283024-22531867891456 parsl.executors.high_throughput.zmq_pipes:175 _log DEBUG: Receiving command client response
1724259507.393993 2024-08-21 16:58:27 MainProcess-3983968 JobStatusPoller-Timer-Thread-22531868283024-22531867891456 parsl.executors.high_throughput.zmq_pipes:175 _log DEBUG: Received command client response
1724259507.394036 2024-08-21 16:58:27 MainProcess-3983968 JobStatusPoller-Timer-Thread-22531868283024-22531867891456 parsl.jobs.strategy:175 _log DEBUG: Executor HighThroughputExecutor has 0 active tasks, 0/1 running/pending blocks, and 0 connected workers
1724259507.394073 2024-08-21 16:58:27 MainProcess-3983968 JobStatusPoller-Timer-Thread-22531868283024-22531867891456 parsl.jobs.strategy:175 _log DEBUG: Strategy case 1: Executor has no active tasks
1724259507.394111 2024-08-21 16:58:27 MainProcess-3983968 JobStatusPoller-Timer-Thread-22531868283024-22531867891456 parsl.jobs.strategy:175 _log DEBUG: Strategy case 1b: Executor has no active tasks, and more (1) than minimum blocks (0)
1724259507.394152 2024-08-21 16:58:27 MainProcess-3983968 JobStatusPoller-Timer-Thread-22531868283024-22531867891456 parsl.jobs.strategy:175 _log DEBUG: Starting idle timer for executor. If idle time exceeds 120.0s, blocks will be scaled in
1724259507.394203 2024-08-21 16:58:27 MainProcess-3983968 JobStatusPoller-Timer-Thread-22531868283024-22531867891456 parsl.jobs.strategy:175 _log DEBUG: Idle time 1.430511474609375e-06s is less than max_idletime 120.0s for executor HighThroughputExecutor; not scaling in
1724259507.394256 2024-08-21 16:58:27 MainProcess-3983968 JobStatusPoller-Timer-Thread-22531868283024-22531867891456 parsl.process_loggers:175 _log DEBUG: Normal ending for _general_strategy on thread JobStatusPoller-Timer-Thread-22531868283024
1724259512.394868 2024-08-21 16:58:32 MainProcess-3983968 JobStatusPoller-Timer-Thread-22531868283024-22531867891456 parsl.channels.local.local:175 _log DEBUG: Creating process with command 'ps -p 3984182 > /dev/null 2> /dev/null; echo "STATUS:$?" '
1724259512.404689 2024-08-21 16:58:32 MainProcess-3983968 JobStatusPoller-Timer-Thread-22531868283024-22531867891456 parsl.channels.local.local:175 _log DEBUG: Created process with pid 3984324. Performing communicate
1724259512.460969 2024-08-21 16:58:32 MainProcess-3983968 JobStatusPoller-Timer-Thread-22531868283024-22531867891456 parsl.channels.local.local:175 _log DEBUG: Process 3984324 returned 0
1724259512.461147 2024-08-21 16:58:32 MainProcess-3983968 JobStatusPoller-Timer-Thread-22531868283024-22531867891456 parsl.channels.local.local:175 _log DEBUG: Execution of command in process 3984324 completed normally
1724259512.462450 2024-08-21 16:58:32 MainProcess-3983968 JobStatusPoller-Timer-Thread-22531868283024-22531867891456 parsl.executors.high_throughput.zmq_pipes:175 _log DEBUG: Sending command client command
1724259512.462573 2024-08-21 16:58:32 MainProcess-3983968 JobStatusPoller-Timer-Thread-22531868283024-22531867891456 parsl.executors.high_throughput.zmq_pipes:175 _log DEBUG: Receiving command client response
1724259512.462901 2024-08-21 16:58:32 MainProcess-3983968 JobStatusPoller-Timer-Thread-22531868283024-22531867891456 parsl.executors.high_throughput.zmq_pipes:175 _log DEBUG: Received command client response
1724259512.463053 2024-08-21 16:58:32 MainProcess-3983968 JobStatusPoller-Timer-Thread-22531868283024-22531867891456 parsl.jobs.strategy:175 _log DEBUG: general strategy starting with strategy_type simple for 1 executors
1724259512.463118 2024-08-21 16:58:32 MainProcess-3983968 JobStatusPoller-Timer-Thread-22531868283024-22531867891456 parsl.jobs.strategy:175 _log DEBUG: Strategizing for executor HighThroughputExecutor
1724259512.463174 2024-08-21 16:58:32 MainProcess-3983968 JobStatusPoller-Timer-Thread-22531868283024-22531867891456 parsl.executors.high_throughput.zmq_pipes:175 _log DEBUG: Sending command client command
1724259512.463227 2024-08-21 16:58:32 MainProcess-3983968 JobStatusPoller-Timer-Thread-22531868283024-22531867891456 parsl.executors.high_throughput.zmq_pipes:175 _log DEBUG: Receiving command client response
1724259512.463492 2024-08-21 16:58:32 MainProcess-3983968 JobStatusPoller-Timer-Thread-22531868283024-22531867891456 parsl.executors.high_throughput.zmq_pipes:175 _log DEBUG: Received command client response
1724259512.463579 2024-08-21 16:58:32 MainProcess-3983968 JobStatusPoller-Timer-Thread-22531868283024-22531867891456 parsl.jobs.strategy:175 _log DEBUG: Slot ratio calculation: active_slots = 1, active_tasks = 0
1724259512.463633 2024-08-21 16:58:32 MainProcess-3983968 JobStatusPoller-Timer-Thread-22531868283024-22531867891456 parsl.executors.high_throughput.zmq_pipes:175 _log DEBUG: Sending command client command
1724259512.463691 2024-08-21 16:58:32 MainProcess-3983968 JobStatusPoller-Timer-Thread-22531868283024-22531867891456 parsl.executors.high_throughput.zmq_pipes:175 _log DEBUG: Receiving command client response
1724259512.463916 2024-08-21 16:58:32 MainProcess-3983968 JobStatusPoller-Timer-Thread-22531868283024-22531867891456 parsl.executors.high_throughput.zmq_pipes:175 _log DEBUG: Received command client response
1724259512.463994 2024-08-21 16:58:32 MainProcess-3983968 JobStatusPoller-Timer-Thread-22531868283024-22531867891456 parsl.executors.high_throughput.zmq_pipes:175 _log DEBUG: Sending command client command
1724259512.464053 2024-08-21 16:58:32 MainProcess-3983968 JobStatusPoller-Timer-Thread-22531868283024-22531867891456 parsl.executors.high_throughput.zmq_pipes:175 _log DEBUG: Receiving command client response
1724259512.464265 2024-08-21 16:58:32 MainProcess-3983968 JobStatusPoller-Timer-Thread-22531868283024-22531867891456 parsl.executors.high_throughput.zmq_pipes:175 _log DEBUG: Received command client response
1724259512.464331 2024-08-21 16:58:32 MainProcess-3983968 JobStatusPoller-Timer-Thread-22531868283024-22531867891456 parsl.jobs.strategy:175 _log DEBUG: Executor HighThroughputExecutor has 0 active tasks, 1/0 running/pending blocks, and 1 connected workers
1724259512.464391 2024-08-21 16:58:32 MainProcess-3983968 JobStatusPoller-Timer-Thread-22531868283024-22531867891456 parsl.jobs.strategy:175 _log DEBUG: Strategy case 1: Executor has no active tasks
1724259512.464437 2024-08-21 16:58:32 MainProcess-3983968 JobStatusPoller-Timer-Thread-22531868283024-22531867891456 parsl.jobs.strategy:175 _log DEBUG: Strategy case 1b: Executor has no active tasks, and more (1) than minimum blocks (0)
1724259512.464489 2024-08-21 16:58:32 MainProcess-3983968 JobStatusPoller-Timer-Thread-22531868283024-22531867891456 parsl.jobs.strategy:175 _log DEBUG: Idle time 5.070288181304932s is less than max_idletime 120.0s for executor HighThroughputExecutor; not scaling in
1724259512.464530 2024-08-21 16:58:32 MainProcess-3983968 JobStatusPoller-Timer-Thread-22531868283024-22531867891456 parsl.process_loggers:175 _log DEBUG: Normal ending for _general_strategy on thread JobStatusPoller-Timer-Thread-22531868283024
1724259513.227413 2024-08-21 16:58:33 MainProcess-3983968 MainThread-22540642787520 parsl.dataflow.dflow:175 _log WARNING: Python is exiting with a DFK still running. You should call parsl.dfk().cleanup() before exiting to release any resources
