1724169352.032516 2024-08-20 15:55:52 MainProcess-1958987 MainThread-22431420670144 parsl.dataflow.dflow:175 _log INFO: Starting DataFlowKernel with config
Config(
    app_cache=True, 
    checkpoint_files=None, 
    checkpoint_mode=None, 
    checkpoint_period=None, 
    dependency_resolver=None, 
    executors=(HighThroughputExecutor(
        address='10.140.57.105', 
        address_probe_timeout=None, 
        available_accelerators=['0,1,2,3'], 
        block_error_handler=<function simple_error_handler at 0x1464adec68e0>, 
        cores_per_worker=1.0, 
        cpu_affinity='block-reverse', 
        drain_period=None, 
        enable_mpi_mode=False, 
        encrypted=False, 
        heartbeat_period=30, 
        heartbeat_threshold=120, 
        interchange_launch_cmd=['interchange.py'], 
        interchange_port_range=(55000, 56000), 
        label='HighThroughputExecutor', 
        launch_cmd='process_worker_pool.py {debug} {max_workers_per_node} -a {addresses} -p {prefetch_capacity} -c {cores_per_worker} -m {mem_per_worker} --poll {poll_period} --task_port={task_port} --result_port={result_port} --cert_dir {cert_dir} --logdir={logdir} --block_id={{block_id}} --hb_period={heartbeat_period} {address_probe_timeout_string} --hb_threshold={heartbeat_threshold} --drain_period={drain_period} --cpu-affinity {cpu_affinity} {enable_mpi_mode} --mpi-launcher={mpi_launcher} --available-accelerators {accelerators}', 
        manager_selector=<parsl.executors.high_throughput.manager_selector.RandomManagerSelector object at 0x1464adeced50>, 
        max_workers=inf, 
        max_workers_per_node=inf, 
        mem_per_worker=None, 
        mpi_launcher='mpiexec', 
        poll_period=10, 
        prefetch_capacity=0, 
        provider=LocalProvider(
            channel=LocalChannel(
                envs={}, 
                script_dir=None, 
                userhome='/home/viralss2/nekRS-ML_MSR/examples/parsl_MSR_smartsim'
            ), 
            cmd_timeout=30, 
            init_blocks=1, 
            launcher=SingleNodeLauncher(debug=True, fail_on_any=False), 
            max_blocks=1, 
            min_blocks=0, 
            move_files=None, 
            nodes_per_block=1, 
            parallelism=1, 
            worker_init='source /home/viralss2/ALCF_Hands_on_HPC_Workshop/workflows/parsl/launch_eg/set_run_env;\n                            cd /home/viralss2/nekRS-ML_MSR/examples/parsl_MSR_smartsim'
        ), 
        storage_access=None, 
        worker_debug=False, 
        worker_logdir_root=None, 
        worker_port_range=(54000, 55000), 
        worker_ports=None, 
        working_dir=None
    ),), 
    exit_mode='cleanup', 
    garbage_collect=True, 
    initialize_logging=True, 
    internal_tasks_max_threads=10, 
    max_idletime=120.0, 
    monitoring=None, 
    retries=1, 
    retry_handler=None, 
    run_dir='runinfo', 
    std_autopath=None, 
    strategy='simple', 
    strategy_period=5, 
    usage_tracking=0
)
1724169352.033598 2024-08-20 15:55:52 MainProcess-1958987 MainThread-22431420670144 parsl.dataflow.dflow:175 _log INFO: Parsl version: 2024.08.05
1724169352.033692 2024-08-20 15:55:52 MainProcess-1958987 MainThread-22431420670144 parsl.usage_tracking.usage:175 _log DEBUG: Tracking level: 0
1724169352.033772 2024-08-20 15:55:52 MainProcess-1958987 MainThread-22431420670144 parsl.dataflow.dflow:175 _log INFO: Run id is: 47845e8d-708e-492a-bcd7-99b8e7767153
1724169352.191961 2024-08-20 15:55:52 MainProcess-1958987 MainThread-22431420670144 parsl.dataflow.dflow:175 _log DEBUG: Considering candidate for workflow name: /home/viralss2/SSML/lib/python3.11/site-packages/parsl/dataflow/dflow.py
1724169352.192027 2024-08-20 15:55:52 MainProcess-1958987 MainThread-22431420670144 parsl.dataflow.dflow:175 _log DEBUG: Considering candidate for workflow name: /soft/applications/conda/2024-04-29/mconda3/lib/python3.11/site-packages/typeguard/__init__.py
1724169352.192080 2024-08-20 15:55:52 MainProcess-1958987 MainThread-22431420670144 parsl.dataflow.dflow:175 _log DEBUG: Considering candidate for workflow name: /home/viralss2/SSML/lib/python3.11/site-packages/parsl/dataflow/dflow.py
1724169352.192158 2024-08-20 15:55:52 MainProcess-1958987 MainThread-22431420670144 parsl.dataflow.dflow:175 _log DEBUG: Considering candidate for workflow name: /soft/applications/conda/2024-04-29/mconda3/lib/python3.11/site-packages/typeguard/__init__.py
1724169352.192216 2024-08-20 15:55:52 MainProcess-1958987 MainThread-22431420670144 parsl.dataflow.dflow:175 _log DEBUG: Considering candidate for workflow name: /home/viralss2/nekRS-ML_MSR/examples/parsl_MSR_smartsim/ssim_driver_polaris.py
1724169352.192259 2024-08-20 15:55:52 MainProcess-1958987 MainThread-22431420670144 parsl.dataflow.dflow:175 _log DEBUG: Using ssim_driver_polaris.py as workflow name
1724169352.192392 2024-08-20 15:55:52 MainProcess-1958987 MainThread-22431420670144 parsl.dataflow.memoization:175 _log INFO: App caching initialized
1724169352.192451 2024-08-20 15:55:52 MainProcess-1958987 MainThread-22431420670144 parsl.jobs.strategy:175 _log DEBUG: Scaling strategy: simple
1724169352.197046 2024-08-20 15:55:52 MainProcess-1958987 MainThread-22431420670144 parsl.executors.high_throughput.executor:175 _log DEBUG: Starting result queue thread
1724169352.197256 2024-08-20 15:55:52 MainProcess-1958987 HTEX-Result-Queue-Thread-22422631048960 parsl.executors.high_throughput.executor:175 _log DEBUG: Result queue worker starting
1724169352.197342 2024-08-20 15:55:52 MainProcess-1958987 MainThread-22431420670144 parsl.executors.high_throughput.executor:175 _log DEBUG: Started result queue thread
1724169352.197385 2024-08-20 15:55:52 MainProcess-1958987 HTEX-Result-Queue-Thread-22422631048960 parsl.executors.high_throughput.zmq_pipes:175 _log DEBUG: Waiting for ResultsIncoming message
1724169352.198406 2024-08-20 15:55:52 MainProcess-1958987 MainThread-22431420670144 parsl.executors.high_throughput.executor:175 _log DEBUG: Popened interchange process. Writing config object
1724169352.198477 2024-08-20 15:55:52 MainProcess-1958987 MainThread-22431420670144 parsl.executors.high_throughput.executor:175 _log DEBUG: Sent config object. Requesting worker ports
1724169352.198525 2024-08-20 15:55:52 MainProcess-1958987 MainThread-22431420670144 parsl.executors.high_throughput.zmq_pipes:175 _log DEBUG: Sending command client command
1724169352.766855 2024-08-20 15:55:52 MainProcess-1958987 MainThread-22431420670144 parsl.executors.high_throughput.zmq_pipes:175 _log DEBUG: Polling for command client response or timeout
1724169352.768435 2024-08-20 15:55:52 MainProcess-1958987 MainThread-22431420670144 parsl.executors.high_throughput.zmq_pipes:175 _log DEBUG: Receiving command client response
1724169352.768508 2024-08-20 15:55:52 MainProcess-1958987 MainThread-22431420670144 parsl.executors.high_throughput.zmq_pipes:175 _log DEBUG: Received command client response
1724169352.768557 2024-08-20 15:55:52 MainProcess-1958987 MainThread-22431420670144 parsl.executors.high_throughput.executor:175 _log DEBUG: Got worker ports
1724169352.768598 2024-08-20 15:55:52 MainProcess-1958987 MainThread-22431420670144 parsl.executors.high_throughput.executor:175 _log DEBUG: Created result queue thread: <Thread(HTEX-Result-Queue-Thread, started daemon 22422631048960)>
1724169352.768808 2024-08-20 15:55:52 MainProcess-1958987 MainThread-22431420670144 parsl.executors.high_throughput.executor:175 _log DEBUG: Launch command: process_worker_pool.py   -a 10.140.57.105 -p 0 -c 1.0 -m None --poll 10 --task_port=54876 --result_port=54798 --cert_dir None --logdir=/home/viralss2/nekRS-ML_MSR/examples/parsl_MSR_smartsim/runinfo/061/HighThroughputExecutor --block_id={block_id} --hb_period=30  --hb_threshold=120 --drain_period=None --cpu-affinity block-reverse  --mpi-launcher=mpiexec --available-accelerators 0,1,2,3
1724169352.768851 2024-08-20 15:55:52 MainProcess-1958987 MainThread-22431420670144 parsl.executors.high_throughput.executor:175 _log DEBUG: Starting HighThroughputExecutor with provider:
LocalProvider(
    channel=LocalChannel(
        envs={}, 
        script_dir='/home/viralss2/nekRS-ML_MSR/examples/parsl_MSR_smartsim/runinfo/061/submit_scripts', 
        userhome='/home/viralss2/nekRS-ML_MSR/examples/parsl_MSR_smartsim'
    ), 
    cmd_timeout=30, 
    init_blocks=1, 
    launcher=SingleNodeLauncher(debug=True, fail_on_any=False), 
    max_blocks=1, 
    min_blocks=0, 
    move_files=None, 
    nodes_per_block=1, 
    parallelism=1, 
    worker_init='source /home/viralss2/ALCF_Hands_on_HPC_Workshop/workflows/parsl/launch_eg/set_run_env;\n                            cd /home/viralss2/nekRS-ML_MSR/examples/parsl_MSR_smartsim'
)
1724169352.769130 2024-08-20 15:55:52 MainProcess-1958987 MainThread-22431420670144 parsl.jobs.job_status_poller:175 _log DEBUG: Adding executor HighThroughputExecutor
1724169357.192833 2024-08-20 15:55:57 MainProcess-1958987 JobStatusPoller-Timer-Thread-22422645806032-22422645757696 parsl.executors.high_throughput.zmq_pipes:175 _log DEBUG: Sending command client command
1724169357.193006 2024-08-20 15:55:57 MainProcess-1958987 JobStatusPoller-Timer-Thread-22422645806032-22422645757696 parsl.executors.high_throughput.zmq_pipes:175 _log DEBUG: Receiving command client response
1724169357.193292 2024-08-20 15:55:57 MainProcess-1958987 JobStatusPoller-Timer-Thread-22422645806032-22422645757696 parsl.executors.high_throughput.zmq_pipes:175 _log DEBUG: Received command client response
1724169357.193369 2024-08-20 15:55:57 MainProcess-1958987 JobStatusPoller-Timer-Thread-22422645806032-22422645757696 parsl.jobs.strategy:175 _log DEBUG: general strategy starting with strategy_type simple for 1 executors
1724169357.193413 2024-08-20 15:55:57 MainProcess-1958987 JobStatusPoller-Timer-Thread-22422645806032-22422645757696 parsl.jobs.strategy:175 _log DEBUG: Strategizing for executor HighThroughputExecutor
1724169357.193453 2024-08-20 15:55:57 MainProcess-1958987 JobStatusPoller-Timer-Thread-22422645806032-22422645757696 parsl.jobs.strategy:175 _log DEBUG: Scaling out 1 initial blocks for HighThroughputExecutor
1724169357.193498 2024-08-20 15:55:57 MainProcess-1958987 JobStatusPoller-Timer-Thread-22422645806032-22422645757696 parsl.executors.status_handling:175 _log INFO: Scaling out by 1 blocks
1724169357.193541 2024-08-20 15:55:57 MainProcess-1958987 JobStatusPoller-Timer-Thread-22422645806032-22422645757696 parsl.executors.status_handling:175 _log INFO: Allocated block ID 0
1724169357.193588 2024-08-20 15:55:57 MainProcess-1958987 JobStatusPoller-Timer-Thread-22422645806032-22422645757696 parsl.executors.status_handling:175 _log DEBUG: Submitting to provider with job_name parsl.HighThroughputExecutor.block-0
1724169357.196441 2024-08-20 15:55:57 MainProcess-1958987 JobStatusPoller-Timer-Thread-22422645806032-22422645757696 parsl.providers.local.local:175 _log DEBUG: Launching
1724169357.196660 2024-08-20 15:55:57 MainProcess-1958987 JobStatusPoller-Timer-Thread-22422645806032-22422645757696 parsl.channels.local.local:175 _log DEBUG: Creating process with command '/bin/bash -c 'echo - >/home/viralss2/nekRS-ML_MSR/examples/parsl_MSR_smartsim/runinfo/061/submit_scripts/parsl.HighThroughputExecutor.block-0.1724169357.1936977.sh.ec && { { bash /home/viralss2/nekRS-ML_MSR/examples/parsl_MSR_smartsim/runinfo/061/submit_scripts/parsl.HighThroughputExecutor.block-0.1724169357.1936977.sh 1>/home/viralss2/nekRS-ML_MSR/examples/parsl_MSR_smartsim/runinfo/061/submit_scripts/parsl.HighThroughputExecutor.block-0.1724169357.1936977.sh.out 2>/home/viralss2/nekRS-ML_MSR/examples/parsl_MSR_smartsim/runinfo/061/submit_scripts/parsl.HighThroughputExecutor.block-0.1724169357.1936977.sh.err ; echo $? > /home/viralss2/nekRS-ML_MSR/examples/parsl_MSR_smartsim/runinfo/061/submit_scripts/parsl.HighThroughputExecutor.block-0.1724169357.1936977.sh.ec ; } >/dev/null 2>&1 & echo "PID:$!" ; }''
1724169357.207781 2024-08-20 15:55:57 MainProcess-1958987 JobStatusPoller-Timer-Thread-22422645806032-22422645757696 parsl.channels.local.local:175 _log DEBUG: Created process with pid 1959200. Performing communicate
1724169357.217135 2024-08-20 15:55:57 MainProcess-1958987 JobStatusPoller-Timer-Thread-22422645806032-22422645757696 parsl.channels.local.local:175 _log DEBUG: Process 1959200 returned 0
1724169357.217244 2024-08-20 15:55:57 MainProcess-1958987 JobStatusPoller-Timer-Thread-22422645806032-22422645757696 parsl.channels.local.local:175 _log DEBUG: Execution of command in process 1959200 completed normally
1724169357.217381 2024-08-20 15:55:57 MainProcess-1958987 JobStatusPoller-Timer-Thread-22422645806032-22422645757696 parsl.executors.status_handling:175 _log DEBUG: Launched block 0 on executor HighThroughputExecutor with job ID 1959201
1724169357.217470 2024-08-20 15:55:57 MainProcess-1958987 JobStatusPoller-Timer-Thread-22422645806032-22422645757696 parsl.executors.high_throughput.zmq_pipes:175 _log DEBUG: Sending command client command
1724169357.217563 2024-08-20 15:55:57 MainProcess-1958987 JobStatusPoller-Timer-Thread-22422645806032-22422645757696 parsl.executors.high_throughput.zmq_pipes:175 _log DEBUG: Receiving command client response
1724169357.217713 2024-08-20 15:55:57 MainProcess-1958987 JobStatusPoller-Timer-Thread-22422645806032-22422645757696 parsl.executors.high_throughput.zmq_pipes:175 _log DEBUG: Received command client response
1724169357.217780 2024-08-20 15:55:57 MainProcess-1958987 JobStatusPoller-Timer-Thread-22422645806032-22422645757696 parsl.jobs.strategy:175 _log DEBUG: Slot ratio calculation: active_slots = 1, active_tasks = 0
1724169357.217824 2024-08-20 15:55:57 MainProcess-1958987 JobStatusPoller-Timer-Thread-22422645806032-22422645757696 parsl.executors.high_throughput.zmq_pipes:175 _log DEBUG: Sending command client command
1724169357.217872 2024-08-20 15:55:57 MainProcess-1958987 JobStatusPoller-Timer-Thread-22422645806032-22422645757696 parsl.executors.high_throughput.zmq_pipes:175 _log DEBUG: Receiving command client response
1724169357.217968 2024-08-20 15:55:57 MainProcess-1958987 JobStatusPoller-Timer-Thread-22422645806032-22422645757696 parsl.executors.high_throughput.zmq_pipes:175 _log DEBUG: Received command client response
1724169357.218019 2024-08-20 15:55:57 MainProcess-1958987 JobStatusPoller-Timer-Thread-22422645806032-22422645757696 parsl.executors.high_throughput.zmq_pipes:175 _log DEBUG: Sending command client command
1724169357.218066 2024-08-20 15:55:57 MainProcess-1958987 JobStatusPoller-Timer-Thread-22422645806032-22422645757696 parsl.executors.high_throughput.zmq_pipes:175 _log DEBUG: Receiving command client response
1724169357.218172 2024-08-20 15:55:57 MainProcess-1958987 JobStatusPoller-Timer-Thread-22422645806032-22422645757696 parsl.executors.high_throughput.zmq_pipes:175 _log DEBUG: Received command client response
1724169357.218217 2024-08-20 15:55:57 MainProcess-1958987 JobStatusPoller-Timer-Thread-22422645806032-22422645757696 parsl.jobs.strategy:175 _log DEBUG: Executor HighThroughputExecutor has 0 active tasks, 0/1 running/pending blocks, and 0 connected workers
1724169357.218255 2024-08-20 15:55:57 MainProcess-1958987 JobStatusPoller-Timer-Thread-22422645806032-22422645757696 parsl.jobs.strategy:175 _log DEBUG: Strategy case 1: Executor has no active tasks
1724169357.218292 2024-08-20 15:55:57 MainProcess-1958987 JobStatusPoller-Timer-Thread-22422645806032-22422645757696 parsl.jobs.strategy:175 _log DEBUG: Strategy case 1b: Executor has no active tasks, and more (1) than minimum blocks (0)
1724169357.218338 2024-08-20 15:55:57 MainProcess-1958987 JobStatusPoller-Timer-Thread-22422645806032-22422645757696 parsl.jobs.strategy:175 _log DEBUG: Starting idle timer for executor. If idle time exceeds 120.0s, blocks will be scaled in
1724169357.218393 2024-08-20 15:55:57 MainProcess-1958987 JobStatusPoller-Timer-Thread-22422645806032-22422645757696 parsl.jobs.strategy:175 _log DEBUG: Idle time 1.6689300537109375e-06s is less than max_idletime 120.0s for executor HighThroughputExecutor; not scaling in
1724169357.218446 2024-08-20 15:55:57 MainProcess-1958987 JobStatusPoller-Timer-Thread-22422645806032-22422645757696 parsl.process_loggers:175 _log DEBUG: Normal ending for _general_strategy on thread JobStatusPoller-Timer-Thread-22422645806032
1724169362.218806 2024-08-20 15:56:02 MainProcess-1958987 JobStatusPoller-Timer-Thread-22422645806032-22422645757696 parsl.channels.local.local:175 _log DEBUG: Creating process with command 'ps -p 1959201 > /dev/null 2> /dev/null; echo "STATUS:$?" '
1724169362.227603 2024-08-20 15:56:02 MainProcess-1958987 JobStatusPoller-Timer-Thread-22422645806032-22422645757696 parsl.channels.local.local:175 _log DEBUG: Created process with pid 1959415. Performing communicate
1724169362.287977 2024-08-20 15:56:02 MainProcess-1958987 JobStatusPoller-Timer-Thread-22422645806032-22422645757696 parsl.channels.local.local:175 _log DEBUG: Process 1959415 returned 0
1724169362.288078 2024-08-20 15:56:02 MainProcess-1958987 JobStatusPoller-Timer-Thread-22422645806032-22422645757696 parsl.channels.local.local:175 _log DEBUG: Execution of command in process 1959415 completed normally
1724169362.289336 2024-08-20 15:56:02 MainProcess-1958987 JobStatusPoller-Timer-Thread-22422645806032-22422645757696 parsl.executors.high_throughput.zmq_pipes:175 _log DEBUG: Sending command client command
1724169362.289437 2024-08-20 15:56:02 MainProcess-1958987 JobStatusPoller-Timer-Thread-22422645806032-22422645757696 parsl.executors.high_throughput.zmq_pipes:175 _log DEBUG: Receiving command client response
1724169362.289688 2024-08-20 15:56:02 MainProcess-1958987 JobStatusPoller-Timer-Thread-22422645806032-22422645757696 parsl.executors.high_throughput.zmq_pipes:175 _log DEBUG: Received command client response
1724169362.289812 2024-08-20 15:56:02 MainProcess-1958987 JobStatusPoller-Timer-Thread-22422645806032-22422645757696 parsl.jobs.strategy:175 _log DEBUG: general strategy starting with strategy_type simple for 1 executors
1724169362.289858 2024-08-20 15:56:02 MainProcess-1958987 JobStatusPoller-Timer-Thread-22422645806032-22422645757696 parsl.jobs.strategy:175 _log DEBUG: Strategizing for executor HighThroughputExecutor
1724169362.289905 2024-08-20 15:56:02 MainProcess-1958987 JobStatusPoller-Timer-Thread-22422645806032-22422645757696 parsl.executors.high_throughput.zmq_pipes:175 _log DEBUG: Sending command client command
1724169362.289955 2024-08-20 15:56:02 MainProcess-1958987 JobStatusPoller-Timer-Thread-22422645806032-22422645757696 parsl.executors.high_throughput.zmq_pipes:175 _log DEBUG: Receiving command client response
1724169362.290123 2024-08-20 15:56:02 MainProcess-1958987 JobStatusPoller-Timer-Thread-22422645806032-22422645757696 parsl.executors.high_throughput.zmq_pipes:175 _log DEBUG: Received command client response
1724169362.290175 2024-08-20 15:56:02 MainProcess-1958987 JobStatusPoller-Timer-Thread-22422645806032-22422645757696 parsl.jobs.strategy:175 _log DEBUG: Slot ratio calculation: active_slots = 1, active_tasks = 0
1724169362.290222 2024-08-20 15:56:02 MainProcess-1958987 JobStatusPoller-Timer-Thread-22422645806032-22422645757696 parsl.executors.high_throughput.zmq_pipes:175 _log DEBUG: Sending command client command
1724169362.290272 2024-08-20 15:56:02 MainProcess-1958987 JobStatusPoller-Timer-Thread-22422645806032-22422645757696 parsl.executors.high_throughput.zmq_pipes:175 _log DEBUG: Receiving command client response
1724169362.290429 2024-08-20 15:56:02 MainProcess-1958987 JobStatusPoller-Timer-Thread-22422645806032-22422645757696 parsl.executors.high_throughput.zmq_pipes:175 _log DEBUG: Received command client response
1724169362.290478 2024-08-20 15:56:02 MainProcess-1958987 JobStatusPoller-Timer-Thread-22422645806032-22422645757696 parsl.executors.high_throughput.zmq_pipes:175 _log DEBUG: Sending command client command
1724169362.290525 2024-08-20 15:56:02 MainProcess-1958987 JobStatusPoller-Timer-Thread-22422645806032-22422645757696 parsl.executors.high_throughput.zmq_pipes:175 _log DEBUG: Receiving command client response
1724169362.290674 2024-08-20 15:56:02 MainProcess-1958987 JobStatusPoller-Timer-Thread-22422645806032-22422645757696 parsl.executors.high_throughput.zmq_pipes:175 _log DEBUG: Received command client response
1724169362.290716 2024-08-20 15:56:02 MainProcess-1958987 JobStatusPoller-Timer-Thread-22422645806032-22422645757696 parsl.jobs.strategy:175 _log DEBUG: Executor HighThroughputExecutor has 0 active tasks, 1/0 running/pending blocks, and 1 connected workers
1724169362.290769 2024-08-20 15:56:02 MainProcess-1958987 JobStatusPoller-Timer-Thread-22422645806032-22422645757696 parsl.jobs.strategy:175 _log DEBUG: Strategy case 1: Executor has no active tasks
1724169362.290811 2024-08-20 15:56:02 MainProcess-1958987 JobStatusPoller-Timer-Thread-22422645806032-22422645757696 parsl.jobs.strategy:175 _log DEBUG: Strategy case 1b: Executor has no active tasks, and more (1) than minimum blocks (0)
1724169362.290856 2024-08-20 15:56:02 MainProcess-1958987 JobStatusPoller-Timer-Thread-22422645806032-22422645757696 parsl.jobs.strategy:175 _log DEBUG: Idle time 5.072467088699341s is less than max_idletime 120.0s for executor HighThroughputExecutor; not scaling in
1724169362.290896 2024-08-20 15:56:02 MainProcess-1958987 JobStatusPoller-Timer-Thread-22422645806032-22422645757696 parsl.process_loggers:175 _log DEBUG: Normal ending for _general_strategy on thread JobStatusPoller-Timer-Thread-22422645806032
1724169363.013031 2024-08-20 15:56:03 MainProcess-1958987 MainThread-22431420670144 parsl.dataflow.dflow:175 _log DEBUG: Task 0 will be sent to executor HighThroughputExecutor
1724169363.013178 2024-08-20 15:56:03 MainProcess-1958987 MainThread-22431420670144 parsl.dataflow.dflow:175 _log DEBUG: Adding output dependencies
1724169363.013232 2024-08-20 15:56:03 MainProcess-1958987 MainThread-22431420670144 parsl.dataflow.dflow:175 _log DEBUG: Added output dependencies
1724169363.013278 2024-08-20 15:56:03 MainProcess-1958987 MainThread-22431420670144 parsl.dataflow.dflow:175 _log DEBUG: Gathering dependencies
1724169363.013412 2024-08-20 15:56:03 MainProcess-1958987 MainThread-22431420670144 parsl.dataflow.dflow:175 _log DEBUG: Gathered dependencies
1724169363.013464 2024-08-20 15:56:03 MainProcess-1958987 MainThread-22431420670144 parsl.dataflow.dflow:175 _log INFO: Task 0 submitted for App hello_affinity, not waiting on any dependency
1724169363.013531 2024-08-20 15:56:03 MainProcess-1958987 MainThread-22431420670144 parsl.dataflow.dflow:175 _log DEBUG: Task 0 set to pending state with AppFuture: <AppFuture at 0x1464b05779d0 state=pending>
1724169363.013876 2024-08-20 15:56:03 MainProcess-1958987 Dependency-Launch_0-22423735326464 parsl.dataflow.memoization:175 _log DEBUG: Task 0 will not be memoized
1724169363.014031 2024-08-20 15:56:03 MainProcess-1958987 Dependency-Launch_0-22423735326464 parsl.executors.high_throughput.executor:175 _log DEBUG: Pushing function <function hello_affinity at 0x1464addcde40> to queue with args ("Namespace(sim_nodes=1, db_nodes=1, simprocs_pn=4, simprocs=4, sim_cpu_bind='numa', sim_arguments='--...", "'pals'", "'10.201.2.14:6780'", "'x3006c0s19b0n0'", '<smartsim.experiment.Experiment object at 0x1464b01a0dd0>')
1724169363.017759 2024-08-20 15:56:03 MainProcess-1958987 Dependency-Launch_0-22423735326464 parsl.executors.high_throughput.zmq_pipes:175 _log DEBUG: Sending TasksOutgoing message
1724169363.017840 2024-08-20 15:56:03 MainProcess-1958987 Dependency-Launch_0-22423735326464 parsl.executors.high_throughput.zmq_pipes:175 _log DEBUG: Sent TasksOutgoing message
1724169363.017899 2024-08-20 15:56:03 MainProcess-1958987 Dependency-Launch_0-22423735326464 parsl.dataflow.dflow:175 _log INFO: Parsl task 0 try 0 launched on executor HighThroughputExecutor with executor id 1
1724169363.017954 2024-08-20 15:56:03 MainProcess-1958987 Dependency-Launch_0-22423735326464 parsl.dataflow.dflow:175 _log INFO: Standard out for task 0 will not be redirected.
1724169363.017997 2024-08-20 15:56:03 MainProcess-1958987 Dependency-Launch_0-22423735326464 parsl.dataflow.dflow:175 _log INFO: Standard error for task 0 will not be redirected.
1724169363.018045 2024-08-20 15:56:03 MainProcess-1958987 Dependency-Launch_0-22423735326464 parsl.process_loggers:175 _log DEBUG: Normal ending for _launch_if_ready_async on thread Dependency-Launch_0
1724169367.291227 2024-08-20 15:56:07 MainProcess-1958987 JobStatusPoller-Timer-Thread-22422645806032-22422645757696 parsl.channels.local.local:175 _log DEBUG: Creating process with command 'ps -p 1959201 > /dev/null 2> /dev/null; echo "STATUS:$?" '
1724169367.299937 2024-08-20 15:56:07 MainProcess-1958987 JobStatusPoller-Timer-Thread-22422645806032-22422645757696 parsl.channels.local.local:175 _log DEBUG: Created process with pid 1959488. Performing communicate
1724169367.359786 2024-08-20 15:56:07 MainProcess-1958987 JobStatusPoller-Timer-Thread-22422645806032-22422645757696 parsl.channels.local.local:175 _log DEBUG: Process 1959488 returned 0
1724169367.359886 2024-08-20 15:56:07 MainProcess-1958987 JobStatusPoller-Timer-Thread-22422645806032-22422645757696 parsl.channels.local.local:175 _log DEBUG: Execution of command in process 1959488 completed normally
1724169367.361228 2024-08-20 15:56:07 MainProcess-1958987 JobStatusPoller-Timer-Thread-22422645806032-22422645757696 parsl.executors.high_throughput.zmq_pipes:175 _log DEBUG: Sending command client command
1724169367.361332 2024-08-20 15:56:07 MainProcess-1958987 JobStatusPoller-Timer-Thread-22422645806032-22422645757696 parsl.executors.high_throughput.zmq_pipes:175 _log DEBUG: Receiving command client response
1724169367.361665 2024-08-20 15:56:07 MainProcess-1958987 JobStatusPoller-Timer-Thread-22422645806032-22422645757696 parsl.executors.high_throughput.zmq_pipes:175 _log DEBUG: Received command client response
1724169367.361781 2024-08-20 15:56:07 MainProcess-1958987 JobStatusPoller-Timer-Thread-22422645806032-22422645757696 parsl.jobs.strategy:175 _log DEBUG: general strategy starting with strategy_type simple for 1 executors
1724169367.361829 2024-08-20 15:56:07 MainProcess-1958987 JobStatusPoller-Timer-Thread-22422645806032-22422645757696 parsl.jobs.strategy:175 _log DEBUG: Strategizing for executor HighThroughputExecutor
1724169367.361875 2024-08-20 15:56:07 MainProcess-1958987 JobStatusPoller-Timer-Thread-22422645806032-22422645757696 parsl.executors.high_throughput.zmq_pipes:175 _log DEBUG: Sending command client command
1724169367.361925 2024-08-20 15:56:07 MainProcess-1958987 JobStatusPoller-Timer-Thread-22422645806032-22422645757696 parsl.executors.high_throughput.zmq_pipes:175 _log DEBUG: Receiving command client response
1724169367.362124 2024-08-20 15:56:07 MainProcess-1958987 JobStatusPoller-Timer-Thread-22422645806032-22422645757696 parsl.executors.high_throughput.zmq_pipes:175 _log DEBUG: Received command client response
1724169367.362177 2024-08-20 15:56:07 MainProcess-1958987 JobStatusPoller-Timer-Thread-22422645806032-22422645757696 parsl.jobs.strategy:175 _log DEBUG: Slot ratio calculation: active_slots = 1, active_tasks = 1
1724169367.362220 2024-08-20 15:56:07 MainProcess-1958987 JobStatusPoller-Timer-Thread-22422645806032-22422645757696 parsl.executors.high_throughput.zmq_pipes:175 _log DEBUG: Sending command client command
1724169367.362270 2024-08-20 15:56:07 MainProcess-1958987 JobStatusPoller-Timer-Thread-22422645806032-22422645757696 parsl.executors.high_throughput.zmq_pipes:175 _log DEBUG: Receiving command client response
1724169367.362462 2024-08-20 15:56:07 MainProcess-1958987 JobStatusPoller-Timer-Thread-22422645806032-22422645757696 parsl.executors.high_throughput.zmq_pipes:175 _log DEBUG: Received command client response
1724169367.362509 2024-08-20 15:56:07 MainProcess-1958987 JobStatusPoller-Timer-Thread-22422645806032-22422645757696 parsl.executors.high_throughput.zmq_pipes:175 _log DEBUG: Sending command client command
1724169367.362556 2024-08-20 15:56:07 MainProcess-1958987 JobStatusPoller-Timer-Thread-22422645806032-22422645757696 parsl.executors.high_throughput.zmq_pipes:175 _log DEBUG: Receiving command client response
1724169367.362750 2024-08-20 15:56:07 MainProcess-1958987 JobStatusPoller-Timer-Thread-22422645806032-22422645757696 parsl.executors.high_throughput.zmq_pipes:175 _log DEBUG: Received command client response
1724169367.362792 2024-08-20 15:56:07 MainProcess-1958987 JobStatusPoller-Timer-Thread-22422645806032-22422645757696 parsl.jobs.strategy:175 _log DEBUG: Executor HighThroughputExecutor has 1 active tasks, 1/0 running/pending blocks, and 1 connected workers
1724169367.362852 2024-08-20 15:56:07 MainProcess-1958987 JobStatusPoller-Timer-Thread-22422645806032-22422645757696 parsl.jobs.strategy:175 _log DEBUG: Strategy case 3: no changes necessary to current block load
1724169367.362896 2024-08-20 15:56:07 MainProcess-1958987 JobStatusPoller-Timer-Thread-22422645806032-22422645757696 parsl.process_loggers:175 _log DEBUG: Normal ending for _general_strategy on thread JobStatusPoller-Timer-Thread-22422645806032
1724169372.363336 2024-08-20 15:56:12 MainProcess-1958987 JobStatusPoller-Timer-Thread-22422645806032-22422645757696 parsl.channels.local.local:175 _log DEBUG: Creating process with command 'ps -p 1959201 > /dev/null 2> /dev/null; echo "STATUS:$?" '
1724169372.372703 2024-08-20 15:56:12 MainProcess-1958987 JobStatusPoller-Timer-Thread-22422645806032-22422645757696 parsl.channels.local.local:175 _log DEBUG: Created process with pid 1959490. Performing communicate
1724169372.432350 2024-08-20 15:56:12 MainProcess-1958987 JobStatusPoller-Timer-Thread-22422645806032-22422645757696 parsl.channels.local.local:175 _log DEBUG: Process 1959490 returned 0
1724169372.432475 2024-08-20 15:56:12 MainProcess-1958987 JobStatusPoller-Timer-Thread-22422645806032-22422645757696 parsl.channels.local.local:175 _log DEBUG: Execution of command in process 1959490 completed normally
1724169372.433528 2024-08-20 15:56:12 MainProcess-1958987 JobStatusPoller-Timer-Thread-22422645806032-22422645757696 parsl.executors.high_throughput.zmq_pipes:175 _log DEBUG: Sending command client command
1724169372.433630 2024-08-20 15:56:12 MainProcess-1958987 JobStatusPoller-Timer-Thread-22422645806032-22422645757696 parsl.executors.high_throughput.zmq_pipes:175 _log DEBUG: Receiving command client response
1724169372.433885 2024-08-20 15:56:12 MainProcess-1958987 JobStatusPoller-Timer-Thread-22422645806032-22422645757696 parsl.executors.high_throughput.zmq_pipes:175 _log DEBUG: Received command client response
1724169372.433997 2024-08-20 15:56:12 MainProcess-1958987 JobStatusPoller-Timer-Thread-22422645806032-22422645757696 parsl.jobs.strategy:175 _log DEBUG: general strategy starting with strategy_type simple for 1 executors
1724169372.434046 2024-08-20 15:56:12 MainProcess-1958987 JobStatusPoller-Timer-Thread-22422645806032-22422645757696 parsl.jobs.strategy:175 _log DEBUG: Strategizing for executor HighThroughputExecutor
1724169372.434093 2024-08-20 15:56:12 MainProcess-1958987 JobStatusPoller-Timer-Thread-22422645806032-22422645757696 parsl.executors.high_throughput.zmq_pipes:175 _log DEBUG: Sending command client command
1724169372.434143 2024-08-20 15:56:12 MainProcess-1958987 JobStatusPoller-Timer-Thread-22422645806032-22422645757696 parsl.executors.high_throughput.zmq_pipes:175 _log DEBUG: Receiving command client response
1724169372.434277 2024-08-20 15:56:12 MainProcess-1958987 JobStatusPoller-Timer-Thread-22422645806032-22422645757696 parsl.executors.high_throughput.zmq_pipes:175 _log DEBUG: Received command client response
1724169372.434331 2024-08-20 15:56:12 MainProcess-1958987 JobStatusPoller-Timer-Thread-22422645806032-22422645757696 parsl.jobs.strategy:175 _log DEBUG: Slot ratio calculation: active_slots = 1, active_tasks = 1
1724169372.434374 2024-08-20 15:56:12 MainProcess-1958987 JobStatusPoller-Timer-Thread-22422645806032-22422645757696 parsl.executors.high_throughput.zmq_pipes:175 _log DEBUG: Sending command client command
1724169372.434421 2024-08-20 15:56:12 MainProcess-1958987 JobStatusPoller-Timer-Thread-22422645806032-22422645757696 parsl.executors.high_throughput.zmq_pipes:175 _log DEBUG: Receiving command client response
1724169372.434574 2024-08-20 15:56:12 MainProcess-1958987 JobStatusPoller-Timer-Thread-22422645806032-22422645757696 parsl.executors.high_throughput.zmq_pipes:175 _log DEBUG: Received command client response
1724169372.434621 2024-08-20 15:56:12 MainProcess-1958987 JobStatusPoller-Timer-Thread-22422645806032-22422645757696 parsl.executors.high_throughput.zmq_pipes:175 _log DEBUG: Sending command client command
1724169372.434668 2024-08-20 15:56:12 MainProcess-1958987 JobStatusPoller-Timer-Thread-22422645806032-22422645757696 parsl.executors.high_throughput.zmq_pipes:175 _log DEBUG: Receiving command client response
1724169372.434824 2024-08-20 15:56:12 MainProcess-1958987 JobStatusPoller-Timer-Thread-22422645806032-22422645757696 parsl.executors.high_throughput.zmq_pipes:175 _log DEBUG: Received command client response
1724169372.434870 2024-08-20 15:56:12 MainProcess-1958987 JobStatusPoller-Timer-Thread-22422645806032-22422645757696 parsl.jobs.strategy:175 _log DEBUG: Executor HighThroughputExecutor has 1 active tasks, 1/0 running/pending blocks, and 1 connected workers
1724169372.434913 2024-08-20 15:56:12 MainProcess-1958987 JobStatusPoller-Timer-Thread-22422645806032-22422645757696 parsl.jobs.strategy:175 _log DEBUG: Strategy case 3: no changes necessary to current block load
1724169372.434959 2024-08-20 15:56:12 MainProcess-1958987 JobStatusPoller-Timer-Thread-22422645806032-22422645757696 parsl.process_loggers:175 _log DEBUG: Normal ending for _general_strategy on thread JobStatusPoller-Timer-Thread-22422645806032
1724169377.435318 2024-08-20 15:56:17 MainProcess-1958987 JobStatusPoller-Timer-Thread-22422645806032-22422645757696 parsl.channels.local.local:175 _log DEBUG: Creating process with command 'ps -p 1959201 > /dev/null 2> /dev/null; echo "STATUS:$?" '
1724169377.444201 2024-08-20 15:56:17 MainProcess-1958987 JobStatusPoller-Timer-Thread-22422645806032-22422645757696 parsl.channels.local.local:175 _log DEBUG: Created process with pid 1959492. Performing communicate
1724169377.504915 2024-08-20 15:56:17 MainProcess-1958987 JobStatusPoller-Timer-Thread-22422645806032-22422645757696 parsl.channels.local.local:175 _log DEBUG: Process 1959492 returned 0
1724169377.505087 2024-08-20 15:56:17 MainProcess-1958987 JobStatusPoller-Timer-Thread-22422645806032-22422645757696 parsl.channels.local.local:175 _log DEBUG: Execution of command in process 1959492 completed normally
1724169377.505830 2024-08-20 15:56:17 MainProcess-1958987 JobStatusPoller-Timer-Thread-22422645806032-22422645757696 parsl.executors.high_throughput.zmq_pipes:175 _log DEBUG: Sending command client command
1724169377.505933 2024-08-20 15:56:17 MainProcess-1958987 JobStatusPoller-Timer-Thread-22422645806032-22422645757696 parsl.executors.high_throughput.zmq_pipes:175 _log DEBUG: Receiving command client response
1724169377.506269 2024-08-20 15:56:17 MainProcess-1958987 JobStatusPoller-Timer-Thread-22422645806032-22422645757696 parsl.executors.high_throughput.zmq_pipes:175 _log DEBUG: Received command client response
1724169377.506399 2024-08-20 15:56:17 MainProcess-1958987 JobStatusPoller-Timer-Thread-22422645806032-22422645757696 parsl.jobs.strategy:175 _log DEBUG: general strategy starting with strategy_type simple for 1 executors
1724169377.506446 2024-08-20 15:56:17 MainProcess-1958987 JobStatusPoller-Timer-Thread-22422645806032-22422645757696 parsl.jobs.strategy:175 _log DEBUG: Strategizing for executor HighThroughputExecutor
1724169377.506491 2024-08-20 15:56:17 MainProcess-1958987 JobStatusPoller-Timer-Thread-22422645806032-22422645757696 parsl.executors.high_throughput.zmq_pipes:175 _log DEBUG: Sending command client command
1724169377.506541 2024-08-20 15:56:17 MainProcess-1958987 JobStatusPoller-Timer-Thread-22422645806032-22422645757696 parsl.executors.high_throughput.zmq_pipes:175 _log DEBUG: Receiving command client response
1724169377.506854 2024-08-20 15:56:17 MainProcess-1958987 JobStatusPoller-Timer-Thread-22422645806032-22422645757696 parsl.executors.high_throughput.zmq_pipes:175 _log DEBUG: Received command client response
1724169377.506927 2024-08-20 15:56:17 MainProcess-1958987 JobStatusPoller-Timer-Thread-22422645806032-22422645757696 parsl.jobs.strategy:175 _log DEBUG: Slot ratio calculation: active_slots = 1, active_tasks = 1
1724169377.506975 2024-08-20 15:56:17 MainProcess-1958987 JobStatusPoller-Timer-Thread-22422645806032-22422645757696 parsl.executors.high_throughput.zmq_pipes:175 _log DEBUG: Sending command client command
1724169377.507028 2024-08-20 15:56:17 MainProcess-1958987 JobStatusPoller-Timer-Thread-22422645806032-22422645757696 parsl.executors.high_throughput.zmq_pipes:175 _log DEBUG: Receiving command client response
1724169377.507209 2024-08-20 15:56:17 MainProcess-1958987 JobStatusPoller-Timer-Thread-22422645806032-22422645757696 parsl.executors.high_throughput.zmq_pipes:175 _log DEBUG: Received command client response
1724169377.507263 2024-08-20 15:56:17 MainProcess-1958987 JobStatusPoller-Timer-Thread-22422645806032-22422645757696 parsl.executors.high_throughput.zmq_pipes:175 _log DEBUG: Sending command client command
1724169377.507313 2024-08-20 15:56:17 MainProcess-1958987 JobStatusPoller-Timer-Thread-22422645806032-22422645757696 parsl.executors.high_throughput.zmq_pipes:175 _log DEBUG: Receiving command client response
1724169377.507478 2024-08-20 15:56:17 MainProcess-1958987 JobStatusPoller-Timer-Thread-22422645806032-22422645757696 parsl.executors.high_throughput.zmq_pipes:175 _log DEBUG: Received command client response
1724169377.507527 2024-08-20 15:56:17 MainProcess-1958987 JobStatusPoller-Timer-Thread-22422645806032-22422645757696 parsl.jobs.strategy:175 _log DEBUG: Executor HighThroughputExecutor has 1 active tasks, 1/0 running/pending blocks, and 1 connected workers
1724169377.507573 2024-08-20 15:56:17 MainProcess-1958987 JobStatusPoller-Timer-Thread-22422645806032-22422645757696 parsl.jobs.strategy:175 _log DEBUG: Strategy case 3: no changes necessary to current block load
1724169377.507624 2024-08-20 15:56:17 MainProcess-1958987 JobStatusPoller-Timer-Thread-22422645806032-22422645757696 parsl.process_loggers:175 _log DEBUG: Normal ending for _general_strategy on thread JobStatusPoller-Timer-Thread-22422645806032
1724169382.508117 2024-08-20 15:56:22 MainProcess-1958987 JobStatusPoller-Timer-Thread-22422645806032-22422645757696 parsl.channels.local.local:175 _log DEBUG: Creating process with command 'ps -p 1959201 > /dev/null 2> /dev/null; echo "STATUS:$?" '
1724169382.517570 2024-08-20 15:56:22 MainProcess-1958987 JobStatusPoller-Timer-Thread-22422645806032-22422645757696 parsl.channels.local.local:175 _log DEBUG: Created process with pid 1959494. Performing communicate
1724169382.577607 2024-08-20 15:56:22 MainProcess-1958987 JobStatusPoller-Timer-Thread-22422645806032-22422645757696 parsl.channels.local.local:175 _log DEBUG: Process 1959494 returned 0
1724169382.577736 2024-08-20 15:56:22 MainProcess-1958987 JobStatusPoller-Timer-Thread-22422645806032-22422645757696 parsl.channels.local.local:175 _log DEBUG: Execution of command in process 1959494 completed normally
1724169382.578106 2024-08-20 15:56:22 MainProcess-1958987 JobStatusPoller-Timer-Thread-22422645806032-22422645757696 parsl.executors.high_throughput.zmq_pipes:175 _log DEBUG: Sending command client command
1724169382.578223 2024-08-20 15:56:22 MainProcess-1958987 JobStatusPoller-Timer-Thread-22422645806032-22422645757696 parsl.executors.high_throughput.zmq_pipes:175 _log DEBUG: Receiving command client response
1724169382.578582 2024-08-20 15:56:22 MainProcess-1958987 JobStatusPoller-Timer-Thread-22422645806032-22422645757696 parsl.executors.high_throughput.zmq_pipes:175 _log DEBUG: Received command client response
1724169382.578704 2024-08-20 15:56:22 MainProcess-1958987 JobStatusPoller-Timer-Thread-22422645806032-22422645757696 parsl.jobs.strategy:175 _log DEBUG: general strategy starting with strategy_type simple for 1 executors
1724169382.578750 2024-08-20 15:56:22 MainProcess-1958987 JobStatusPoller-Timer-Thread-22422645806032-22422645757696 parsl.jobs.strategy:175 _log DEBUG: Strategizing for executor HighThroughputExecutor
1724169382.578797 2024-08-20 15:56:22 MainProcess-1958987 JobStatusPoller-Timer-Thread-22422645806032-22422645757696 parsl.executors.high_throughput.zmq_pipes:175 _log DEBUG: Sending command client command
1724169382.578847 2024-08-20 15:56:22 MainProcess-1958987 JobStatusPoller-Timer-Thread-22422645806032-22422645757696 parsl.executors.high_throughput.zmq_pipes:175 _log DEBUG: Receiving command client response
1724169382.579087 2024-08-20 15:56:22 MainProcess-1958987 JobStatusPoller-Timer-Thread-22422645806032-22422645757696 parsl.executors.high_throughput.zmq_pipes:175 _log DEBUG: Received command client response
1724169382.579176 2024-08-20 15:56:22 MainProcess-1958987 JobStatusPoller-Timer-Thread-22422645806032-22422645757696 parsl.jobs.strategy:175 _log DEBUG: Slot ratio calculation: active_slots = 1, active_tasks = 1
1724169382.579227 2024-08-20 15:56:22 MainProcess-1958987 JobStatusPoller-Timer-Thread-22422645806032-22422645757696 parsl.executors.high_throughput.zmq_pipes:175 _log DEBUG: Sending command client command
1724169382.579280 2024-08-20 15:56:22 MainProcess-1958987 JobStatusPoller-Timer-Thread-22422645806032-22422645757696 parsl.executors.high_throughput.zmq_pipes:175 _log DEBUG: Receiving command client response
1724169382.579604 2024-08-20 15:56:22 MainProcess-1958987 JobStatusPoller-Timer-Thread-22422645806032-22422645757696 parsl.executors.high_throughput.zmq_pipes:175 _log DEBUG: Received command client response
1724169382.579670 2024-08-20 15:56:22 MainProcess-1958987 JobStatusPoller-Timer-Thread-22422645806032-22422645757696 parsl.executors.high_throughput.zmq_pipes:175 _log DEBUG: Sending command client command
1724169382.579727 2024-08-20 15:56:22 MainProcess-1958987 JobStatusPoller-Timer-Thread-22422645806032-22422645757696 parsl.executors.high_throughput.zmq_pipes:175 _log DEBUG: Receiving command client response
1724169382.579942 2024-08-20 15:56:22 MainProcess-1958987 JobStatusPoller-Timer-Thread-22422645806032-22422645757696 parsl.executors.high_throughput.zmq_pipes:175 _log DEBUG: Received command client response
1724169382.580007 2024-08-20 15:56:22 MainProcess-1958987 JobStatusPoller-Timer-Thread-22422645806032-22422645757696 parsl.jobs.strategy:175 _log DEBUG: Executor HighThroughputExecutor has 1 active tasks, 1/0 running/pending blocks, and 1 connected workers
1724169382.580059 2024-08-20 15:56:22 MainProcess-1958987 JobStatusPoller-Timer-Thread-22422645806032-22422645757696 parsl.jobs.strategy:175 _log DEBUG: Strategy case 3: no changes necessary to current block load
1724169382.580103 2024-08-20 15:56:22 MainProcess-1958987 JobStatusPoller-Timer-Thread-22422645806032-22422645757696 parsl.process_loggers:175 _log DEBUG: Normal ending for _general_strategy on thread JobStatusPoller-Timer-Thread-22422645806032
1724169387.580742 2024-08-20 15:56:27 MainProcess-1958987 JobStatusPoller-Timer-Thread-22422645806032-22422645757696 parsl.channels.local.local:175 _log DEBUG: Creating process with command 'ps -p 1959201 > /dev/null 2> /dev/null; echo "STATUS:$?" '
1724169387.590348 2024-08-20 15:56:27 MainProcess-1958987 JobStatusPoller-Timer-Thread-22422645806032-22422645757696 parsl.channels.local.local:175 _log DEBUG: Created process with pid 1959496. Performing communicate
1724169387.651772 2024-08-20 15:56:27 MainProcess-1958987 JobStatusPoller-Timer-Thread-22422645806032-22422645757696 parsl.channels.local.local:175 _log DEBUG: Process 1959496 returned 0
1724169387.651894 2024-08-20 15:56:27 MainProcess-1958987 JobStatusPoller-Timer-Thread-22422645806032-22422645757696 parsl.channels.local.local:175 _log DEBUG: Execution of command in process 1959496 completed normally
1724169387.652277 2024-08-20 15:56:27 MainProcess-1958987 JobStatusPoller-Timer-Thread-22422645806032-22422645757696 parsl.executors.high_throughput.zmq_pipes:175 _log DEBUG: Sending command client command
1724169387.652398 2024-08-20 15:56:27 MainProcess-1958987 JobStatusPoller-Timer-Thread-22422645806032-22422645757696 parsl.executors.high_throughput.zmq_pipes:175 _log DEBUG: Receiving command client response
1724169387.652855 2024-08-20 15:56:27 MainProcess-1958987 JobStatusPoller-Timer-Thread-22422645806032-22422645757696 parsl.executors.high_throughput.zmq_pipes:175 _log DEBUG: Received command client response
1724169387.652989 2024-08-20 15:56:27 MainProcess-1958987 JobStatusPoller-Timer-Thread-22422645806032-22422645757696 parsl.jobs.strategy:175 _log DEBUG: general strategy starting with strategy_type simple for 1 executors
1724169387.653041 2024-08-20 15:56:27 MainProcess-1958987 JobStatusPoller-Timer-Thread-22422645806032-22422645757696 parsl.jobs.strategy:175 _log DEBUG: Strategizing for executor HighThroughputExecutor
1724169387.653106 2024-08-20 15:56:27 MainProcess-1958987 JobStatusPoller-Timer-Thread-22422645806032-22422645757696 parsl.executors.high_throughput.zmq_pipes:175 _log DEBUG: Sending command client command
1724169387.653160 2024-08-20 15:56:27 MainProcess-1958987 JobStatusPoller-Timer-Thread-22422645806032-22422645757696 parsl.executors.high_throughput.zmq_pipes:175 _log DEBUG: Receiving command client response
1724169387.653332 2024-08-20 15:56:27 MainProcess-1958987 JobStatusPoller-Timer-Thread-22422645806032-22422645757696 parsl.executors.high_throughput.zmq_pipes:175 _log DEBUG: Received command client response
1724169387.653401 2024-08-20 15:56:27 MainProcess-1958987 JobStatusPoller-Timer-Thread-22422645806032-22422645757696 parsl.jobs.strategy:175 _log DEBUG: Slot ratio calculation: active_slots = 1, active_tasks = 1
1724169387.653445 2024-08-20 15:56:27 MainProcess-1958987 JobStatusPoller-Timer-Thread-22422645806032-22422645757696 parsl.executors.high_throughput.zmq_pipes:175 _log DEBUG: Sending command client command
1724169387.653496 2024-08-20 15:56:27 MainProcess-1958987 JobStatusPoller-Timer-Thread-22422645806032-22422645757696 parsl.executors.high_throughput.zmq_pipes:175 _log DEBUG: Receiving command client response
1724169387.653689 2024-08-20 15:56:27 MainProcess-1958987 JobStatusPoller-Timer-Thread-22422645806032-22422645757696 parsl.executors.high_throughput.zmq_pipes:175 _log DEBUG: Received command client response
1724169387.653742 2024-08-20 15:56:27 MainProcess-1958987 JobStatusPoller-Timer-Thread-22422645806032-22422645757696 parsl.executors.high_throughput.zmq_pipes:175 _log DEBUG: Sending command client command
1724169387.653792 2024-08-20 15:56:27 MainProcess-1958987 JobStatusPoller-Timer-Thread-22422645806032-22422645757696 parsl.executors.high_throughput.zmq_pipes:175 _log DEBUG: Receiving command client response
1724169387.653958 2024-08-20 15:56:27 MainProcess-1958987 JobStatusPoller-Timer-Thread-22422645806032-22422645757696 parsl.executors.high_throughput.zmq_pipes:175 _log DEBUG: Received command client response
1724169387.654006 2024-08-20 15:56:27 MainProcess-1958987 JobStatusPoller-Timer-Thread-22422645806032-22422645757696 parsl.jobs.strategy:175 _log DEBUG: Executor HighThroughputExecutor has 1 active tasks, 1/0 running/pending blocks, and 1 connected workers
1724169387.654048 2024-08-20 15:56:27 MainProcess-1958987 JobStatusPoller-Timer-Thread-22422645806032-22422645757696 parsl.jobs.strategy:175 _log DEBUG: Strategy case 3: no changes necessary to current block load
1724169387.654087 2024-08-20 15:56:27 MainProcess-1958987 JobStatusPoller-Timer-Thread-22422645806032-22422645757696 parsl.process_loggers:175 _log DEBUG: Normal ending for _general_strategy on thread JobStatusPoller-Timer-Thread-22422645806032
1724169391.035545 2024-08-20 15:56:31 MainProcess-1958987 HTEX-Result-Queue-Thread-22422631048960 parsl.executors.high_throughput.zmq_pipes:175 _log DEBUG: Received ResultsIncoming message
1724169391.035703 2024-08-20 15:56:31 MainProcess-1958987 HTEX-Result-Queue-Thread-22422631048960 parsl.executors.high_throughput.zmq_pipes:175 _log DEBUG: Waiting for ResultsIncoming message
1724169391.047978 2024-08-20 15:56:31 MainProcess-1958987 HTEX-Result-Queue-Thread-22422631048960 parsl.executors.high_throughput.zmq_pipes:175 _log DEBUG: Received ResultsIncoming message
1724169391.048213 2024-08-20 15:56:31 MainProcess-1958987 HTEX-Result-Queue-Thread-22422631048960 parsl.app.errors:175 _log DEBUG: Reraising exception of type <class 'parsl.executors.high_throughput.errors.WorkerLost'>
1724169391.048440 2024-08-20 15:56:31 MainProcess-1958987 HTEX-Result-Queue-Thread-22422631048960 parsl.dataflow.dflow:175 _log INFO: Task 0 try 0 failed with exception of type WorkerLost
1724169391.048544 2024-08-20 15:56:31 MainProcess-1958987 HTEX-Result-Queue-Thread-22422631048960 parsl.dataflow.dflow:175 _log INFO: Task 0 marked for retry
1724169391.048612 2024-08-20 15:56:31 MainProcess-1958987 HTEX-Result-Queue-Thread-22422631048960 parsl.dataflow.dflow:175 _log INFO: Standard out for task 0 will not be redirected.
1724169391.048685 2024-08-20 15:56:31 MainProcess-1958987 HTEX-Result-Queue-Thread-22422631048960 parsl.dataflow.dflow:175 _log INFO: Standard error for task 0 will not be redirected.
1724169391.048789 2024-08-20 15:56:31 MainProcess-1958987 HTEX-Result-Queue-Thread-22422631048960 parsl.executors.high_throughput.zmq_pipes:175 _log DEBUG: Waiting for ResultsIncoming message
1724169391.048906 2024-08-20 15:56:31 MainProcess-1958987 Dependency-Launch_0-22423735326464 parsl.dataflow.memoization:175 _log DEBUG: Task 0 will not be memoized
1724169391.049093 2024-08-20 15:56:31 MainProcess-1958987 Dependency-Launch_0-22423735326464 parsl.executors.high_throughput.executor:175 _log DEBUG: Pushing function <function hello_affinity at 0x1464addcde40> to queue with args ("Namespace(sim_nodes=1, db_nodes=1, simprocs_pn=4, simprocs=4, sim_cpu_bind='numa', sim_arguments='--...", "'pals'", "'10.201.2.14:6780'", "'x3006c0s19b0n0'", '<smartsim.experiment.Experiment object at 0x1464b01a0dd0>')
1724169391.051632 2024-08-20 15:56:31 MainProcess-1958987 Dependency-Launch_0-22423735326464 parsl.executors.high_throughput.zmq_pipes:175 _log DEBUG: Sending TasksOutgoing message
1724169391.051710 2024-08-20 15:56:31 MainProcess-1958987 Dependency-Launch_0-22423735326464 parsl.executors.high_throughput.zmq_pipes:175 _log DEBUG: Sent TasksOutgoing message
1724169391.051764 2024-08-20 15:56:31 MainProcess-1958987 Dependency-Launch_0-22423735326464 parsl.dataflow.dflow:175 _log INFO: Parsl task 0 try 1 launched on executor HighThroughputExecutor with executor id 2
1724169391.051810 2024-08-20 15:56:31 MainProcess-1958987 Dependency-Launch_0-22423735326464 parsl.dataflow.dflow:175 _log INFO: Standard out for task 0 will not be redirected.
1724169391.051849 2024-08-20 15:56:31 MainProcess-1958987 Dependency-Launch_0-22423735326464 parsl.dataflow.dflow:175 _log INFO: Standard error for task 0 will not be redirected.
1724169391.051895 2024-08-20 15:56:31 MainProcess-1958987 Dependency-Launch_0-22423735326464 parsl.process_loggers:175 _log DEBUG: Normal ending for _launch_if_ready_async on thread Dependency-Launch_0
1724169392.654432 2024-08-20 15:56:32 MainProcess-1958987 JobStatusPoller-Timer-Thread-22422645806032-22422645757696 parsl.channels.local.local:175 _log DEBUG: Creating process with command 'ps -p 1959201 > /dev/null 2> /dev/null; echo "STATUS:$?" '
1724169392.663892 2024-08-20 15:56:32 MainProcess-1958987 JobStatusPoller-Timer-Thread-22422645806032-22422645757696 parsl.channels.local.local:175 _log DEBUG: Created process with pid 1959637. Performing communicate
1724169392.725605 2024-08-20 15:56:32 MainProcess-1958987 JobStatusPoller-Timer-Thread-22422645806032-22422645757696 parsl.channels.local.local:175 _log DEBUG: Process 1959637 returned 0
1724169392.725727 2024-08-20 15:56:32 MainProcess-1958987 JobStatusPoller-Timer-Thread-22422645806032-22422645757696 parsl.channels.local.local:175 _log DEBUG: Execution of command in process 1959637 completed normally
1724169392.726090 2024-08-20 15:56:32 MainProcess-1958987 JobStatusPoller-Timer-Thread-22422645806032-22422645757696 parsl.executors.high_throughput.zmq_pipes:175 _log DEBUG: Sending command client command
1724169392.726208 2024-08-20 15:56:32 MainProcess-1958987 JobStatusPoller-Timer-Thread-22422645806032-22422645757696 parsl.executors.high_throughput.zmq_pipes:175 _log DEBUG: Receiving command client response
1724169392.726488 2024-08-20 15:56:32 MainProcess-1958987 JobStatusPoller-Timer-Thread-22422645806032-22422645757696 parsl.executors.high_throughput.zmq_pipes:175 _log DEBUG: Received command client response
1724169392.726619 2024-08-20 15:56:32 MainProcess-1958987 JobStatusPoller-Timer-Thread-22422645806032-22422645757696 parsl.jobs.strategy:175 _log DEBUG: general strategy starting with strategy_type simple for 1 executors
1724169392.726667 2024-08-20 15:56:32 MainProcess-1958987 JobStatusPoller-Timer-Thread-22422645806032-22422645757696 parsl.jobs.strategy:175 _log DEBUG: Strategizing for executor HighThroughputExecutor
1724169392.726731 2024-08-20 15:56:32 MainProcess-1958987 JobStatusPoller-Timer-Thread-22422645806032-22422645757696 parsl.executors.high_throughput.zmq_pipes:175 _log DEBUG: Sending command client command
1724169392.726785 2024-08-20 15:56:32 MainProcess-1958987 JobStatusPoller-Timer-Thread-22422645806032-22422645757696 parsl.executors.high_throughput.zmq_pipes:175 _log DEBUG: Receiving command client response
1724169392.726994 2024-08-20 15:56:32 MainProcess-1958987 JobStatusPoller-Timer-Thread-22422645806032-22422645757696 parsl.executors.high_throughput.zmq_pipes:175 _log DEBUG: Received command client response
1724169392.727067 2024-08-20 15:56:32 MainProcess-1958987 JobStatusPoller-Timer-Thread-22422645806032-22422645757696 parsl.jobs.strategy:175 _log DEBUG: Slot ratio calculation: active_slots = 1, active_tasks = 1
1724169392.727115 2024-08-20 15:56:32 MainProcess-1958987 JobStatusPoller-Timer-Thread-22422645806032-22422645757696 parsl.executors.high_throughput.zmq_pipes:175 _log DEBUG: Sending command client command
1724169392.727168 2024-08-20 15:56:32 MainProcess-1958987 JobStatusPoller-Timer-Thread-22422645806032-22422645757696 parsl.executors.high_throughput.zmq_pipes:175 _log DEBUG: Receiving command client response
1724169392.727371 2024-08-20 15:56:32 MainProcess-1958987 JobStatusPoller-Timer-Thread-22422645806032-22422645757696 parsl.executors.high_throughput.zmq_pipes:175 _log DEBUG: Received command client response
1724169392.727439 2024-08-20 15:56:32 MainProcess-1958987 JobStatusPoller-Timer-Thread-22422645806032-22422645757696 parsl.executors.high_throughput.zmq_pipes:175 _log DEBUG: Sending command client command
1724169392.727499 2024-08-20 15:56:32 MainProcess-1958987 JobStatusPoller-Timer-Thread-22422645806032-22422645757696 parsl.executors.high_throughput.zmq_pipes:175 _log DEBUG: Receiving command client response
1724169392.727644 2024-08-20 15:56:32 MainProcess-1958987 JobStatusPoller-Timer-Thread-22422645806032-22422645757696 parsl.executors.high_throughput.zmq_pipes:175 _log DEBUG: Received command client response
1724169392.727709 2024-08-20 15:56:32 MainProcess-1958987 JobStatusPoller-Timer-Thread-22422645806032-22422645757696 parsl.jobs.strategy:175 _log DEBUG: Executor HighThroughputExecutor has 1 active tasks, 1/0 running/pending blocks, and 1 connected workers
1724169392.727760 2024-08-20 15:56:32 MainProcess-1958987 JobStatusPoller-Timer-Thread-22422645806032-22422645757696 parsl.jobs.strategy:175 _log DEBUG: Strategy case 3: no changes necessary to current block load
1724169392.727807 2024-08-20 15:56:32 MainProcess-1958987 JobStatusPoller-Timer-Thread-22422645806032-22422645757696 parsl.process_loggers:175 _log DEBUG: Normal ending for _general_strategy on thread JobStatusPoller-Timer-Thread-22422645806032
1724169397.728370 2024-08-20 15:56:37 MainProcess-1958987 JobStatusPoller-Timer-Thread-22422645806032-22422645757696 parsl.channels.local.local:175 _log DEBUG: Creating process with command 'ps -p 1959201 > /dev/null 2> /dev/null; echo "STATUS:$?" '
1724169397.738177 2024-08-20 15:56:37 MainProcess-1958987 JobStatusPoller-Timer-Thread-22422645806032-22422645757696 parsl.channels.local.local:175 _log DEBUG: Created process with pid 1959639. Performing communicate
1724169397.797944 2024-08-20 15:56:37 MainProcess-1958987 JobStatusPoller-Timer-Thread-22422645806032-22422645757696 parsl.channels.local.local:175 _log DEBUG: Process 1959639 returned 0
1724169397.798054 2024-08-20 15:56:37 MainProcess-1958987 JobStatusPoller-Timer-Thread-22422645806032-22422645757696 parsl.channels.local.local:175 _log DEBUG: Execution of command in process 1959639 completed normally
1724169397.798395 2024-08-20 15:56:37 MainProcess-1958987 JobStatusPoller-Timer-Thread-22422645806032-22422645757696 parsl.executors.high_throughput.zmq_pipes:175 _log DEBUG: Sending command client command
1724169397.798507 2024-08-20 15:56:37 MainProcess-1958987 JobStatusPoller-Timer-Thread-22422645806032-22422645757696 parsl.executors.high_throughput.zmq_pipes:175 _log DEBUG: Receiving command client response
1724169397.798796 2024-08-20 15:56:37 MainProcess-1958987 JobStatusPoller-Timer-Thread-22422645806032-22422645757696 parsl.executors.high_throughput.zmq_pipes:175 _log DEBUG: Received command client response
1724169397.798924 2024-08-20 15:56:37 MainProcess-1958987 JobStatusPoller-Timer-Thread-22422645806032-22422645757696 parsl.jobs.strategy:175 _log DEBUG: general strategy starting with strategy_type simple for 1 executors
1724169397.798975 2024-08-20 15:56:37 MainProcess-1958987 JobStatusPoller-Timer-Thread-22422645806032-22422645757696 parsl.jobs.strategy:175 _log DEBUG: Strategizing for executor HighThroughputExecutor
1724169397.799029 2024-08-20 15:56:37 MainProcess-1958987 JobStatusPoller-Timer-Thread-22422645806032-22422645757696 parsl.executors.high_throughput.zmq_pipes:175 _log DEBUG: Sending command client command
1724169397.799078 2024-08-20 15:56:37 MainProcess-1958987 JobStatusPoller-Timer-Thread-22422645806032-22422645757696 parsl.executors.high_throughput.zmq_pipes:175 _log DEBUG: Receiving command client response
1724169397.799222 2024-08-20 15:56:37 MainProcess-1958987 JobStatusPoller-Timer-Thread-22422645806032-22422645757696 parsl.executors.high_throughput.zmq_pipes:175 _log DEBUG: Received command client response
1724169397.799279 2024-08-20 15:56:37 MainProcess-1958987 JobStatusPoller-Timer-Thread-22422645806032-22422645757696 parsl.jobs.strategy:175 _log DEBUG: Slot ratio calculation: active_slots = 1, active_tasks = 1
1724169397.799320 2024-08-20 15:56:37 MainProcess-1958987 JobStatusPoller-Timer-Thread-22422645806032-22422645757696 parsl.executors.high_throughput.zmq_pipes:175 _log DEBUG: Sending command client command
1724169397.799366 2024-08-20 15:56:37 MainProcess-1958987 JobStatusPoller-Timer-Thread-22422645806032-22422645757696 parsl.executors.high_throughput.zmq_pipes:175 _log DEBUG: Receiving command client response
1724169397.799499 2024-08-20 15:56:37 MainProcess-1958987 JobStatusPoller-Timer-Thread-22422645806032-22422645757696 parsl.executors.high_throughput.zmq_pipes:175 _log DEBUG: Received command client response
1724169397.799554 2024-08-20 15:56:37 MainProcess-1958987 JobStatusPoller-Timer-Thread-22422645806032-22422645757696 parsl.executors.high_throughput.zmq_pipes:175 _log DEBUG: Sending command client command
1724169397.799601 2024-08-20 15:56:37 MainProcess-1958987 JobStatusPoller-Timer-Thread-22422645806032-22422645757696 parsl.executors.high_throughput.zmq_pipes:175 _log DEBUG: Receiving command client response
1724169397.799721 2024-08-20 15:56:37 MainProcess-1958987 JobStatusPoller-Timer-Thread-22422645806032-22422645757696 parsl.executors.high_throughput.zmq_pipes:175 _log DEBUG: Received command client response
1724169397.799768 2024-08-20 15:56:37 MainProcess-1958987 JobStatusPoller-Timer-Thread-22422645806032-22422645757696 parsl.jobs.strategy:175 _log DEBUG: Executor HighThroughputExecutor has 1 active tasks, 1/0 running/pending blocks, and 1 connected workers
1724169397.799810 2024-08-20 15:56:37 MainProcess-1958987 JobStatusPoller-Timer-Thread-22422645806032-22422645757696 parsl.jobs.strategy:175 _log DEBUG: Strategy case 3: no changes necessary to current block load
1724169397.799849 2024-08-20 15:56:37 MainProcess-1958987 JobStatusPoller-Timer-Thread-22422645806032-22422645757696 parsl.process_loggers:175 _log DEBUG: Normal ending for _general_strategy on thread JobStatusPoller-Timer-Thread-22422645806032
1724169402.800204 2024-08-20 15:56:42 MainProcess-1958987 JobStatusPoller-Timer-Thread-22422645806032-22422645757696 parsl.channels.local.local:175 _log DEBUG: Creating process with command 'ps -p 1959201 > /dev/null 2> /dev/null; echo "STATUS:$?" '
1724169402.809290 2024-08-20 15:56:42 MainProcess-1958987 JobStatusPoller-Timer-Thread-22422645806032-22422645757696 parsl.channels.local.local:175 _log DEBUG: Created process with pid 1959641. Performing communicate
1724169402.875530 2024-08-20 15:56:42 MainProcess-1958987 JobStatusPoller-Timer-Thread-22422645806032-22422645757696 parsl.channels.local.local:175 _log DEBUG: Process 1959641 returned 0
1724169402.875663 2024-08-20 15:56:42 MainProcess-1958987 JobStatusPoller-Timer-Thread-22422645806032-22422645757696 parsl.channels.local.local:175 _log DEBUG: Execution of command in process 1959641 completed normally
1724169402.876003 2024-08-20 15:56:42 MainProcess-1958987 JobStatusPoller-Timer-Thread-22422645806032-22422645757696 parsl.executors.high_throughput.zmq_pipes:175 _log DEBUG: Sending command client command
1724169402.876115 2024-08-20 15:56:42 MainProcess-1958987 JobStatusPoller-Timer-Thread-22422645806032-22422645757696 parsl.executors.high_throughput.zmq_pipes:175 _log DEBUG: Receiving command client response
1724169402.876556 2024-08-20 15:56:42 MainProcess-1958987 JobStatusPoller-Timer-Thread-22422645806032-22422645757696 parsl.executors.high_throughput.zmq_pipes:175 _log DEBUG: Received command client response
1724169402.876700 2024-08-20 15:56:42 MainProcess-1958987 JobStatusPoller-Timer-Thread-22422645806032-22422645757696 parsl.jobs.strategy:175 _log DEBUG: general strategy starting with strategy_type simple for 1 executors
1724169402.876757 2024-08-20 15:56:42 MainProcess-1958987 JobStatusPoller-Timer-Thread-22422645806032-22422645757696 parsl.jobs.strategy:175 _log DEBUG: Strategizing for executor HighThroughputExecutor
1724169402.876814 2024-08-20 15:56:42 MainProcess-1958987 JobStatusPoller-Timer-Thread-22422645806032-22422645757696 parsl.executors.high_throughput.zmq_pipes:175 _log DEBUG: Sending command client command
1724169402.876876 2024-08-20 15:56:42 MainProcess-1958987 JobStatusPoller-Timer-Thread-22422645806032-22422645757696 parsl.executors.high_throughput.zmq_pipes:175 _log DEBUG: Receiving command client response
1724169402.877057 2024-08-20 15:56:42 MainProcess-1958987 JobStatusPoller-Timer-Thread-22422645806032-22422645757696 parsl.executors.high_throughput.zmq_pipes:175 _log DEBUG: Received command client response
1724169402.877129 2024-08-20 15:56:42 MainProcess-1958987 JobStatusPoller-Timer-Thread-22422645806032-22422645757696 parsl.jobs.strategy:175 _log DEBUG: Slot ratio calculation: active_slots = 1, active_tasks = 1
1724169402.877179 2024-08-20 15:56:42 MainProcess-1958987 JobStatusPoller-Timer-Thread-22422645806032-22422645757696 parsl.executors.high_throughput.zmq_pipes:175 _log DEBUG: Sending command client command
1724169402.877233 2024-08-20 15:56:42 MainProcess-1958987 JobStatusPoller-Timer-Thread-22422645806032-22422645757696 parsl.executors.high_throughput.zmq_pipes:175 _log DEBUG: Receiving command client response
1724169402.877411 2024-08-20 15:56:42 MainProcess-1958987 JobStatusPoller-Timer-Thread-22422645806032-22422645757696 parsl.executors.high_throughput.zmq_pipes:175 _log DEBUG: Received command client response
1724169402.877480 2024-08-20 15:56:42 MainProcess-1958987 JobStatusPoller-Timer-Thread-22422645806032-22422645757696 parsl.executors.high_throughput.zmq_pipes:175 _log DEBUG: Sending command client command
1724169402.877537 2024-08-20 15:56:42 MainProcess-1958987 JobStatusPoller-Timer-Thread-22422645806032-22422645757696 parsl.executors.high_throughput.zmq_pipes:175 _log DEBUG: Receiving command client response
1724169402.877708 2024-08-20 15:56:42 MainProcess-1958987 JobStatusPoller-Timer-Thread-22422645806032-22422645757696 parsl.executors.high_throughput.zmq_pipes:175 _log DEBUG: Received command client response
1724169402.877770 2024-08-20 15:56:42 MainProcess-1958987 JobStatusPoller-Timer-Thread-22422645806032-22422645757696 parsl.jobs.strategy:175 _log DEBUG: Executor HighThroughputExecutor has 1 active tasks, 1/0 running/pending blocks, and 1 connected workers
1724169402.877820 2024-08-20 15:56:42 MainProcess-1958987 JobStatusPoller-Timer-Thread-22422645806032-22422645757696 parsl.jobs.strategy:175 _log DEBUG: Strategy case 3: no changes necessary to current block load
1724169402.877863 2024-08-20 15:56:42 MainProcess-1958987 JobStatusPoller-Timer-Thread-22422645806032-22422645757696 parsl.process_loggers:175 _log DEBUG: Normal ending for _general_strategy on thread JobStatusPoller-Timer-Thread-22422645806032
1724169407.878407 2024-08-20 15:56:47 MainProcess-1958987 JobStatusPoller-Timer-Thread-22422645806032-22422645757696 parsl.channels.local.local:175 _log DEBUG: Creating process with command 'ps -p 1959201 > /dev/null 2> /dev/null; echo "STATUS:$?" '
1724169407.888208 2024-08-20 15:56:47 MainProcess-1958987 JobStatusPoller-Timer-Thread-22422645806032-22422645757696 parsl.channels.local.local:175 _log DEBUG: Created process with pid 1959643. Performing communicate
1724169407.948584 2024-08-20 15:56:47 MainProcess-1958987 JobStatusPoller-Timer-Thread-22422645806032-22422645757696 parsl.channels.local.local:175 _log DEBUG: Process 1959643 returned 0
1724169407.948769 2024-08-20 15:56:47 MainProcess-1958987 JobStatusPoller-Timer-Thread-22422645806032-22422645757696 parsl.channels.local.local:175 _log DEBUG: Execution of command in process 1959643 completed normally
1724169407.949280 2024-08-20 15:56:47 MainProcess-1958987 JobStatusPoller-Timer-Thread-22422645806032-22422645757696 parsl.executors.high_throughput.zmq_pipes:175 _log DEBUG: Sending command client command
1724169407.949383 2024-08-20 15:56:47 MainProcess-1958987 JobStatusPoller-Timer-Thread-22422645806032-22422645757696 parsl.executors.high_throughput.zmq_pipes:175 _log DEBUG: Receiving command client response
1724169407.949663 2024-08-20 15:56:47 MainProcess-1958987 JobStatusPoller-Timer-Thread-22422645806032-22422645757696 parsl.executors.high_throughput.zmq_pipes:175 _log DEBUG: Received command client response
1724169407.949802 2024-08-20 15:56:47 MainProcess-1958987 JobStatusPoller-Timer-Thread-22422645806032-22422645757696 parsl.jobs.strategy:175 _log DEBUG: general strategy starting with strategy_type simple for 1 executors
1724169407.949850 2024-08-20 15:56:47 MainProcess-1958987 JobStatusPoller-Timer-Thread-22422645806032-22422645757696 parsl.jobs.strategy:175 _log DEBUG: Strategizing for executor HighThroughputExecutor
1724169407.949898 2024-08-20 15:56:47 MainProcess-1958987 JobStatusPoller-Timer-Thread-22422645806032-22422645757696 parsl.executors.high_throughput.zmq_pipes:175 _log DEBUG: Sending command client command
1724169407.949961 2024-08-20 15:56:47 MainProcess-1958987 JobStatusPoller-Timer-Thread-22422645806032-22422645757696 parsl.executors.high_throughput.zmq_pipes:175 _log DEBUG: Receiving command client response
1724169407.950157 2024-08-20 15:56:47 MainProcess-1958987 JobStatusPoller-Timer-Thread-22422645806032-22422645757696 parsl.executors.high_throughput.zmq_pipes:175 _log DEBUG: Received command client response
1724169407.950241 2024-08-20 15:56:47 MainProcess-1958987 JobStatusPoller-Timer-Thread-22422645806032-22422645757696 parsl.jobs.strategy:175 _log DEBUG: Slot ratio calculation: active_slots = 1, active_tasks = 1
1724169407.950291 2024-08-20 15:56:47 MainProcess-1958987 JobStatusPoller-Timer-Thread-22422645806032-22422645757696 parsl.executors.high_throughput.zmq_pipes:175 _log DEBUG: Sending command client command
1724169407.950347 2024-08-20 15:56:47 MainProcess-1958987 JobStatusPoller-Timer-Thread-22422645806032-22422645757696 parsl.executors.high_throughput.zmq_pipes:175 _log DEBUG: Receiving command client response
1724169407.950520 2024-08-20 15:56:47 MainProcess-1958987 JobStatusPoller-Timer-Thread-22422645806032-22422645757696 parsl.executors.high_throughput.zmq_pipes:175 _log DEBUG: Received command client response
1724169407.950609 2024-08-20 15:56:47 MainProcess-1958987 JobStatusPoller-Timer-Thread-22422645806032-22422645757696 parsl.executors.high_throughput.zmq_pipes:175 _log DEBUG: Sending command client command
1724169407.950673 2024-08-20 15:56:47 MainProcess-1958987 JobStatusPoller-Timer-Thread-22422645806032-22422645757696 parsl.executors.high_throughput.zmq_pipes:175 _log DEBUG: Receiving command client response
1724169407.950835 2024-08-20 15:56:47 MainProcess-1958987 JobStatusPoller-Timer-Thread-22422645806032-22422645757696 parsl.executors.high_throughput.zmq_pipes:175 _log DEBUG: Received command client response
1724169407.950900 2024-08-20 15:56:47 MainProcess-1958987 JobStatusPoller-Timer-Thread-22422645806032-22422645757696 parsl.jobs.strategy:175 _log DEBUG: Executor HighThroughputExecutor has 1 active tasks, 1/0 running/pending blocks, and 1 connected workers
1724169407.950971 2024-08-20 15:56:47 MainProcess-1958987 JobStatusPoller-Timer-Thread-22422645806032-22422645757696 parsl.jobs.strategy:175 _log DEBUG: Strategy case 3: no changes necessary to current block load
1724169407.951017 2024-08-20 15:56:47 MainProcess-1958987 JobStatusPoller-Timer-Thread-22422645806032-22422645757696 parsl.process_loggers:175 _log DEBUG: Normal ending for _general_strategy on thread JobStatusPoller-Timer-Thread-22422645806032
1724169412.951663 2024-08-20 15:56:52 MainProcess-1958987 JobStatusPoller-Timer-Thread-22422645806032-22422645757696 parsl.channels.local.local:175 _log DEBUG: Creating process with command 'ps -p 1959201 > /dev/null 2> /dev/null; echo "STATUS:$?" '
1724169412.962099 2024-08-20 15:56:52 MainProcess-1958987 JobStatusPoller-Timer-Thread-22422645806032-22422645757696 parsl.channels.local.local:175 _log DEBUG: Created process with pid 1959645. Performing communicate
1724169413.021807 2024-08-20 15:56:53 MainProcess-1958987 JobStatusPoller-Timer-Thread-22422645806032-22422645757696 parsl.channels.local.local:175 _log DEBUG: Process 1959645 returned 0
1724169413.021930 2024-08-20 15:56:53 MainProcess-1958987 JobStatusPoller-Timer-Thread-22422645806032-22422645757696 parsl.channels.local.local:175 _log DEBUG: Execution of command in process 1959645 completed normally
1724169413.022243 2024-08-20 15:56:53 MainProcess-1958987 JobStatusPoller-Timer-Thread-22422645806032-22422645757696 parsl.executors.high_throughput.zmq_pipes:175 _log DEBUG: Sending command client command
1724169413.022351 2024-08-20 15:56:53 MainProcess-1958987 JobStatusPoller-Timer-Thread-22422645806032-22422645757696 parsl.executors.high_throughput.zmq_pipes:175 _log DEBUG: Receiving command client response
1724169413.022677 2024-08-20 15:56:53 MainProcess-1958987 JobStatusPoller-Timer-Thread-22422645806032-22422645757696 parsl.executors.high_throughput.zmq_pipes:175 _log DEBUG: Received command client response
1724169413.022802 2024-08-20 15:56:53 MainProcess-1958987 JobStatusPoller-Timer-Thread-22422645806032-22422645757696 parsl.jobs.strategy:175 _log DEBUG: general strategy starting with strategy_type simple for 1 executors
1724169413.022851 2024-08-20 15:56:53 MainProcess-1958987 JobStatusPoller-Timer-Thread-22422645806032-22422645757696 parsl.jobs.strategy:175 _log DEBUG: Strategizing for executor HighThroughputExecutor
1724169413.022898 2024-08-20 15:56:53 MainProcess-1958987 JobStatusPoller-Timer-Thread-22422645806032-22422645757696 parsl.executors.high_throughput.zmq_pipes:175 _log DEBUG: Sending command client command
1724169413.022951 2024-08-20 15:56:53 MainProcess-1958987 JobStatusPoller-Timer-Thread-22422645806032-22422645757696 parsl.executors.high_throughput.zmq_pipes:175 _log DEBUG: Receiving command client response
1724169413.023132 2024-08-20 15:56:53 MainProcess-1958987 JobStatusPoller-Timer-Thread-22422645806032-22422645757696 parsl.executors.high_throughput.zmq_pipes:175 _log DEBUG: Received command client response
1724169413.023205 2024-08-20 15:56:53 MainProcess-1958987 JobStatusPoller-Timer-Thread-22422645806032-22422645757696 parsl.jobs.strategy:175 _log DEBUG: Slot ratio calculation: active_slots = 1, active_tasks = 1
1724169413.023255 2024-08-20 15:56:53 MainProcess-1958987 JobStatusPoller-Timer-Thread-22422645806032-22422645757696 parsl.executors.high_throughput.zmq_pipes:175 _log DEBUG: Sending command client command
1724169413.023309 2024-08-20 15:56:53 MainProcess-1958987 JobStatusPoller-Timer-Thread-22422645806032-22422645757696 parsl.executors.high_throughput.zmq_pipes:175 _log DEBUG: Receiving command client response
1724169413.023470 2024-08-20 15:56:53 MainProcess-1958987 JobStatusPoller-Timer-Thread-22422645806032-22422645757696 parsl.executors.high_throughput.zmq_pipes:175 _log DEBUG: Received command client response
1724169413.023540 2024-08-20 15:56:53 MainProcess-1958987 JobStatusPoller-Timer-Thread-22422645806032-22422645757696 parsl.executors.high_throughput.zmq_pipes:175 _log DEBUG: Sending command client command
1724169413.023618 2024-08-20 15:56:53 MainProcess-1958987 JobStatusPoller-Timer-Thread-22422645806032-22422645757696 parsl.executors.high_throughput.zmq_pipes:175 _log DEBUG: Receiving command client response
1724169413.023771 2024-08-20 15:56:53 MainProcess-1958987 JobStatusPoller-Timer-Thread-22422645806032-22422645757696 parsl.executors.high_throughput.zmq_pipes:175 _log DEBUG: Received command client response
1724169413.023837 2024-08-20 15:56:53 MainProcess-1958987 JobStatusPoller-Timer-Thread-22422645806032-22422645757696 parsl.jobs.strategy:175 _log DEBUG: Executor HighThroughputExecutor has 1 active tasks, 1/0 running/pending blocks, and 1 connected workers
1724169413.023889 2024-08-20 15:56:53 MainProcess-1958987 JobStatusPoller-Timer-Thread-22422645806032-22422645757696 parsl.jobs.strategy:175 _log DEBUG: Strategy case 3: no changes necessary to current block load
1724169413.023933 2024-08-20 15:56:53 MainProcess-1958987 JobStatusPoller-Timer-Thread-22422645806032-22422645757696 parsl.process_loggers:175 _log DEBUG: Normal ending for _general_strategy on thread JobStatusPoller-Timer-Thread-22422645806032
1724169418.024594 2024-08-20 15:56:58 MainProcess-1958987 JobStatusPoller-Timer-Thread-22422645806032-22422645757696 parsl.channels.local.local:175 _log DEBUG: Creating process with command 'ps -p 1959201 > /dev/null 2> /dev/null; echo "STATUS:$?" '
1724169418.034361 2024-08-20 15:56:58 MainProcess-1958987 JobStatusPoller-Timer-Thread-22422645806032-22422645757696 parsl.channels.local.local:175 _log DEBUG: Created process with pid 1959647. Performing communicate
1724169418.094614 2024-08-20 15:56:58 MainProcess-1958987 JobStatusPoller-Timer-Thread-22422645806032-22422645757696 parsl.channels.local.local:175 _log DEBUG: Process 1959647 returned 0
1724169418.094779 2024-08-20 15:56:58 MainProcess-1958987 JobStatusPoller-Timer-Thread-22422645806032-22422645757696 parsl.channels.local.local:175 _log DEBUG: Execution of command in process 1959647 completed normally
1724169418.095135 2024-08-20 15:56:58 MainProcess-1958987 JobStatusPoller-Timer-Thread-22422645806032-22422645757696 parsl.executors.high_throughput.zmq_pipes:175 _log DEBUG: Sending command client command
1724169418.095252 2024-08-20 15:56:58 MainProcess-1958987 JobStatusPoller-Timer-Thread-22422645806032-22422645757696 parsl.executors.high_throughput.zmq_pipes:175 _log DEBUG: Receiving command client response
1724169418.095587 2024-08-20 15:56:58 MainProcess-1958987 JobStatusPoller-Timer-Thread-22422645806032-22422645757696 parsl.executors.high_throughput.zmq_pipes:175 _log DEBUG: Received command client response
1724169418.095708 2024-08-20 15:56:58 MainProcess-1958987 JobStatusPoller-Timer-Thread-22422645806032-22422645757696 parsl.jobs.strategy:175 _log DEBUG: general strategy starting with strategy_type simple for 1 executors
1724169418.095756 2024-08-20 15:56:58 MainProcess-1958987 JobStatusPoller-Timer-Thread-22422645806032-22422645757696 parsl.jobs.strategy:175 _log DEBUG: Strategizing for executor HighThroughputExecutor
1724169418.095803 2024-08-20 15:56:58 MainProcess-1958987 JobStatusPoller-Timer-Thread-22422645806032-22422645757696 parsl.executors.high_throughput.zmq_pipes:175 _log DEBUG: Sending command client command
1724169418.095855 2024-08-20 15:56:58 MainProcess-1958987 JobStatusPoller-Timer-Thread-22422645806032-22422645757696 parsl.executors.high_throughput.zmq_pipes:175 _log DEBUG: Receiving command client response
1724169418.096038 2024-08-20 15:56:58 MainProcess-1958987 JobStatusPoller-Timer-Thread-22422645806032-22422645757696 parsl.executors.high_throughput.zmq_pipes:175 _log DEBUG: Received command client response
1724169418.096119 2024-08-20 15:56:58 MainProcess-1958987 JobStatusPoller-Timer-Thread-22422645806032-22422645757696 parsl.jobs.strategy:175 _log DEBUG: Slot ratio calculation: active_slots = 1, active_tasks = 1
1724169418.096181 2024-08-20 15:56:58 MainProcess-1958987 JobStatusPoller-Timer-Thread-22422645806032-22422645757696 parsl.executors.high_throughput.zmq_pipes:175 _log DEBUG: Sending command client command
1724169418.096256 2024-08-20 15:56:58 MainProcess-1958987 JobStatusPoller-Timer-Thread-22422645806032-22422645757696 parsl.executors.high_throughput.zmq_pipes:175 _log DEBUG: Receiving command client response
1724169418.096425 2024-08-20 15:56:58 MainProcess-1958987 JobStatusPoller-Timer-Thread-22422645806032-22422645757696 parsl.executors.high_throughput.zmq_pipes:175 _log DEBUG: Received command client response
1724169418.096493 2024-08-20 15:56:58 MainProcess-1958987 JobStatusPoller-Timer-Thread-22422645806032-22422645757696 parsl.executors.high_throughput.zmq_pipes:175 _log DEBUG: Sending command client command
1724169418.096552 2024-08-20 15:56:58 MainProcess-1958987 JobStatusPoller-Timer-Thread-22422645806032-22422645757696 parsl.executors.high_throughput.zmq_pipes:175 _log DEBUG: Receiving command client response
1724169418.096700 2024-08-20 15:56:58 MainProcess-1958987 JobStatusPoller-Timer-Thread-22422645806032-22422645757696 parsl.executors.high_throughput.zmq_pipes:175 _log DEBUG: Received command client response
1724169418.096766 2024-08-20 15:56:58 MainProcess-1958987 JobStatusPoller-Timer-Thread-22422645806032-22422645757696 parsl.jobs.strategy:175 _log DEBUG: Executor HighThroughputExecutor has 1 active tasks, 1/0 running/pending blocks, and 1 connected workers
1724169418.096817 2024-08-20 15:56:58 MainProcess-1958987 JobStatusPoller-Timer-Thread-22422645806032-22422645757696 parsl.jobs.strategy:175 _log DEBUG: Strategy case 3: no changes necessary to current block load
1724169418.096860 2024-08-20 15:56:58 MainProcess-1958987 JobStatusPoller-Timer-Thread-22422645806032-22422645757696 parsl.process_loggers:175 _log DEBUG: Normal ending for _general_strategy on thread JobStatusPoller-Timer-Thread-22422645806032
1724169421.050363 2024-08-20 15:57:01 MainProcess-1958987 HTEX-Result-Queue-Thread-22422631048960 parsl.executors.high_throughput.zmq_pipes:175 _log DEBUG: Received ResultsIncoming message
1724169421.050636 2024-08-20 15:57:01 MainProcess-1958987 HTEX-Result-Queue-Thread-22422631048960 parsl.app.errors:175 _log DEBUG: Reraising exception of type <class 'parsl.executors.high_throughput.errors.WorkerLost'>
1724169421.050845 2024-08-20 15:57:01 MainProcess-1958987 HTEX-Result-Queue-Thread-22422631048960 parsl.dataflow.dflow:175 _log INFO: Task 0 try 1 failed with exception of type WorkerLost
1724169421.050951 2024-08-20 15:57:01 MainProcess-1958987 HTEX-Result-Queue-Thread-22422631048960 parsl.dataflow.dflow:175 _log ERROR: Task 0 failed after 1 retry attempts
Traceback (most recent call last):
  File "/home/viralss2/SSML/lib/python3.11/site-packages/parsl/dataflow/dflow.py", line 344, in handle_exec_update
    res = self._unwrap_remote_exception_wrapper(future)
          ^^^^^^^^^^^^^^^^^^^^^^^^^^^^^^^^^^^^^^^^^^^^^
  File "/home/viralss2/SSML/lib/python3.11/site-packages/parsl/dataflow/dflow.py", line 612, in _unwrap_remote_exception_wrapper
    result = future.result()
             ^^^^^^^^^^^^^^^
  File "/soft/applications/conda/2024-04-29/mconda3/lib/python3.11/concurrent/futures/_base.py", line 449, in result
    return self.__get_result()
           ^^^^^^^^^^^^^^^^^^^
  File "/soft/applications/conda/2024-04-29/mconda3/lib/python3.11/concurrent/futures/_base.py", line 401, in __get_result
    raise self._exception
  File "/home/viralss2/SSML/lib/python3.11/site-packages/parsl/executors/high_throughput/executor.py", line 514, in _result_queue_worker
    s.reraise()
  File "/home/viralss2/SSML/lib/python3.11/site-packages/parsl/app/errors.py", line 117, in reraise
    raise v
  File "/home/viralss2/SSML/bin/process_worker_pool.py", line 456, in worker_watchdog
    raise WorkerLost(worker_id, platform.node())
    ^^^^^^^^^^^^^^^^^
parsl.executors.high_throughput.errors.WorkerLost: Task failure due to loss of worker 0 on host x3006c0s19b0n0
1724169421.053013 2024-08-20 15:57:01 MainProcess-1958987 HTEX-Result-Queue-Thread-22422631048960 parsl.dataflow.dflow:175 _log INFO: Standard out for task 0 will not be redirected.
1724169421.053280 2024-08-20 15:57:01 MainProcess-1958987 HTEX-Result-Queue-Thread-22422631048960 parsl.dataflow.dflow:175 _log INFO: Standard error for task 0 will not be redirected.
1724169421.053363 2024-08-20 15:57:01 MainProcess-1958987 HTEX-Result-Queue-Thread-22422631048960 parsl.executors.high_throughput.zmq_pipes:175 _log DEBUG: Waiting for ResultsIncoming message
1724169421.056643 2024-08-20 15:57:01 MainProcess-1958987 MainThread-22431420670144 parsl.dataflow.dflow:175 _log WARNING: Python is exiting with a DFK still running. You should call parsl.dfk().cleanup() before exiting to release any resources
