1724113940.255686 2024-08-20 00:32:20 MainProcess-2139810 MainThread-22863070306496 parsl.dataflow.dflow:175 _log INFO: Starting DataFlowKernel with config
Config(
    app_cache=True, 
    checkpoint_files=None, 
    checkpoint_mode=None, 
    checkpoint_period=None, 
    dependency_resolver=None, 
    executors=(HighThroughputExecutor(
        address='10.140.56.174', 
        address_probe_timeout=None, 
        available_accelerators=['0,1,2,3'], 
        block_error_handler=<function simple_error_handler at 0x14c92e40e8e0>, 
        cores_per_worker=1.0, 
        cpu_affinity='block-reverse', 
        drain_period=None, 
        enable_mpi_mode=False, 
        encrypted=False, 
        heartbeat_period=30, 
        heartbeat_threshold=120, 
        interchange_launch_cmd=['interchange.py'], 
        interchange_port_range=(55000, 56000), 
        label='HighThroughputExecutor', 
        launch_cmd='process_worker_pool.py {debug} {max_workers_per_node} -a {addresses} -p {prefetch_capacity} -c {cores_per_worker} -m {mem_per_worker} --poll {poll_period} --task_port={task_port} --result_port={result_port} --cert_dir {cert_dir} --logdir={logdir} --block_id={{block_id}} --hb_period={heartbeat_period} {address_probe_timeout_string} --hb_threshold={heartbeat_threshold} --drain_period={drain_period} --cpu-affinity {cpu_affinity} {enable_mpi_mode} --mpi-launcher={mpi_launcher} --available-accelerators {accelerators}', 
        manager_selector=<parsl.executors.high_throughput.manager_selector.RandomManagerSelector object at 0x14c92e41a5d0>, 
        max_workers=inf, 
        max_workers_per_node=inf, 
        mem_per_worker=None, 
        mpi_launcher='mpiexec', 
        poll_period=10, 
        prefetch_capacity=0, 
        provider=LocalProvider(
            channel=LocalChannel(
                envs={}, 
                script_dir=None, 
                userhome='/home/viralss2/nekRS-ML_MSR/examples/parsl_MSR_smartsim'
            ), 
            cmd_timeout=30, 
            init_blocks=1, 
            launcher=SingleNodeLauncher(debug=True, fail_on_any=False), 
            max_blocks=1, 
            min_blocks=0, 
            move_files=None, 
            nodes_per_block=1, 
            parallelism=1, 
            worker_init='source /home/viralss2/ALCF_Hands_on_HPC_Workshop/workflows/parsl/launch_eg/set_run_env;\n                            cd /home/viralss2/nekRS-ML_MSR/examples/parsl_MSR_smartsim'
        ), 
        storage_access=None, 
        worker_debug=False, 
        worker_logdir_root=None, 
        worker_port_range=(54000, 55000), 
        worker_ports=None, 
        working_dir=None
    ),), 
    exit_mode='cleanup', 
    garbage_collect=True, 
    initialize_logging=True, 
    internal_tasks_max_threads=10, 
    max_idletime=120.0, 
    monitoring=None, 
    retries=1, 
    retry_handler=None, 
    run_dir='runinfo', 
    std_autopath=None, 
    strategy='simple', 
    strategy_period=5, 
    usage_tracking=0
)
1724113940.256737 2024-08-20 00:32:20 MainProcess-2139810 MainThread-22863070306496 parsl.dataflow.dflow:175 _log INFO: Parsl version: 2024.08.05
1724113940.256821 2024-08-20 00:32:20 MainProcess-2139810 MainThread-22863070306496 parsl.usage_tracking.usage:175 _log DEBUG: Tracking level: 0
1724113940.256896 2024-08-20 00:32:20 MainProcess-2139810 MainThread-22863070306496 parsl.dataflow.dflow:175 _log INFO: Run id is: 428e0fa2-8947-4d70-99c7-b65c0b4cf579
1724113940.362588 2024-08-20 00:32:20 MainProcess-2139810 MainThread-22863070306496 parsl.dataflow.dflow:175 _log DEBUG: Considering candidate for workflow name: /home/viralss2/SSML/lib/python3.11/site-packages/parsl/dataflow/dflow.py
1724113940.362652 2024-08-20 00:32:20 MainProcess-2139810 MainThread-22863070306496 parsl.dataflow.dflow:175 _log DEBUG: Considering candidate for workflow name: /soft/applications/conda/2024-04-29/mconda3/lib/python3.11/site-packages/typeguard/__init__.py
1724113940.362702 2024-08-20 00:32:20 MainProcess-2139810 MainThread-22863070306496 parsl.dataflow.dflow:175 _log DEBUG: Considering candidate for workflow name: /home/viralss2/SSML/lib/python3.11/site-packages/parsl/dataflow/dflow.py
1724113940.362768 2024-08-20 00:32:20 MainProcess-2139810 MainThread-22863070306496 parsl.dataflow.dflow:175 _log DEBUG: Considering candidate for workflow name: /soft/applications/conda/2024-04-29/mconda3/lib/python3.11/site-packages/typeguard/__init__.py
1724113940.362822 2024-08-20 00:32:20 MainProcess-2139810 MainThread-22863070306496 parsl.dataflow.dflow:175 _log DEBUG: Considering candidate for workflow name: /home/viralss2/nekRS-ML_MSR/examples/parsl_MSR_smartsim/ssim_driver_polaris.py
1724113940.362862 2024-08-20 00:32:20 MainProcess-2139810 MainThread-22863070306496 parsl.dataflow.dflow:175 _log DEBUG: Using ssim_driver_polaris.py as workflow name
1724113940.362992 2024-08-20 00:32:20 MainProcess-2139810 MainThread-22863070306496 parsl.dataflow.memoization:175 _log INFO: App caching initialized
1724113940.363046 2024-08-20 00:32:20 MainProcess-2139810 MainThread-22863070306496 parsl.jobs.strategy:175 _log DEBUG: Scaling strategy: simple
1724113940.367297 2024-08-20 00:32:20 MainProcess-2139810 MainThread-22863070306496 parsl.executors.high_throughput.executor:175 _log DEBUG: Starting result queue thread
1724113940.367495 2024-08-20 00:32:20 MainProcess-2139810 HTEX-Result-Queue-Thread-22854280693504 parsl.executors.high_throughput.executor:175 _log DEBUG: Result queue worker starting
1724113940.367572 2024-08-20 00:32:20 MainProcess-2139810 MainThread-22863070306496 parsl.executors.high_throughput.executor:175 _log DEBUG: Started result queue thread
1724113940.367614 2024-08-20 00:32:20 MainProcess-2139810 HTEX-Result-Queue-Thread-22854280693504 parsl.executors.high_throughput.zmq_pipes:175 _log DEBUG: Waiting for ResultsIncoming message
1724113940.368489 2024-08-20 00:32:20 MainProcess-2139810 MainThread-22863070306496 parsl.executors.high_throughput.executor:175 _log DEBUG: Popened interchange process. Writing config object
1724113940.368553 2024-08-20 00:32:20 MainProcess-2139810 MainThread-22863070306496 parsl.executors.high_throughput.executor:175 _log DEBUG: Sent config object. Requesting worker ports
1724113940.368595 2024-08-20 00:32:20 MainProcess-2139810 MainThread-22863070306496 parsl.executors.high_throughput.zmq_pipes:175 _log DEBUG: Sending command client command
1724113940.907322 2024-08-20 00:32:20 MainProcess-2139810 MainThread-22863070306496 parsl.executors.high_throughput.zmq_pipes:175 _log DEBUG: Polling for command client response or timeout
1724113940.908909 2024-08-20 00:32:20 MainProcess-2139810 MainThread-22863070306496 parsl.executors.high_throughput.zmq_pipes:175 _log DEBUG: Receiving command client response
1724113940.908978 2024-08-20 00:32:20 MainProcess-2139810 MainThread-22863070306496 parsl.executors.high_throughput.zmq_pipes:175 _log DEBUG: Received command client response
1724113940.909022 2024-08-20 00:32:20 MainProcess-2139810 MainThread-22863070306496 parsl.executors.high_throughput.executor:175 _log DEBUG: Got worker ports
1724113940.909060 2024-08-20 00:32:20 MainProcess-2139810 MainThread-22863070306496 parsl.executors.high_throughput.executor:175 _log DEBUG: Created result queue thread: <Thread(HTEX-Result-Queue-Thread, started daemon 22854280693504)>
1724113940.909267 2024-08-20 00:32:20 MainProcess-2139810 MainThread-22863070306496 parsl.executors.high_throughput.executor:175 _log DEBUG: Launch command: process_worker_pool.py   -a 10.140.56.174 -p 0 -c 1.0 -m None --poll 10 --task_port=54696 --result_port=54509 --cert_dir None --logdir=/home/viralss2/nekRS-ML_MSR/examples/parsl_MSR_smartsim/runinfo/031/HighThroughputExecutor --block_id={block_id} --hb_period=30  --hb_threshold=120 --drain_period=None --cpu-affinity block-reverse  --mpi-launcher=mpiexec --available-accelerators 0,1,2,3
1724113940.909307 2024-08-20 00:32:20 MainProcess-2139810 MainThread-22863070306496 parsl.executors.high_throughput.executor:175 _log DEBUG: Starting HighThroughputExecutor with provider:
LocalProvider(
    channel=LocalChannel(
        envs={}, 
        script_dir='/home/viralss2/nekRS-ML_MSR/examples/parsl_MSR_smartsim/runinfo/031/submit_scripts', 
        userhome='/home/viralss2/nekRS-ML_MSR/examples/parsl_MSR_smartsim'
    ), 
    cmd_timeout=30, 
    init_blocks=1, 
    launcher=SingleNodeLauncher(debug=True, fail_on_any=False), 
    max_blocks=1, 
    min_blocks=0, 
    move_files=None, 
    nodes_per_block=1, 
    parallelism=1, 
    worker_init='source /home/viralss2/ALCF_Hands_on_HPC_Workshop/workflows/parsl/launch_eg/set_run_env;\n                            cd /home/viralss2/nekRS-ML_MSR/examples/parsl_MSR_smartsim'
)
1724113940.909581 2024-08-20 00:32:20 MainProcess-2139810 MainThread-22863070306496 parsl.jobs.job_status_poller:175 _log DEBUG: Adding executor HighThroughputExecutor
1724113945.363451 2024-08-20 00:32:25 MainProcess-2139810 JobStatusPoller-Timer-Thread-22854295840080-22854295402240 parsl.executors.high_throughput.zmq_pipes:175 _log DEBUG: Sending command client command
1724113945.363689 2024-08-20 00:32:25 MainProcess-2139810 JobStatusPoller-Timer-Thread-22854295840080-22854295402240 parsl.executors.high_throughput.zmq_pipes:175 _log DEBUG: Receiving command client response
1724113945.363925 2024-08-20 00:32:25 MainProcess-2139810 JobStatusPoller-Timer-Thread-22854295840080-22854295402240 parsl.executors.high_throughput.zmq_pipes:175 _log DEBUG: Received command client response
1724113945.364040 2024-08-20 00:32:25 MainProcess-2139810 JobStatusPoller-Timer-Thread-22854295840080-22854295402240 parsl.jobs.strategy:175 _log DEBUG: general strategy starting with strategy_type simple for 1 executors
1724113945.364087 2024-08-20 00:32:25 MainProcess-2139810 JobStatusPoller-Timer-Thread-22854295840080-22854295402240 parsl.jobs.strategy:175 _log DEBUG: Strategizing for executor HighThroughputExecutor
1724113945.364123 2024-08-20 00:32:25 MainProcess-2139810 JobStatusPoller-Timer-Thread-22854295840080-22854295402240 parsl.jobs.strategy:175 _log DEBUG: Scaling out 1 initial blocks for HighThroughputExecutor
1724113945.364164 2024-08-20 00:32:25 MainProcess-2139810 JobStatusPoller-Timer-Thread-22854295840080-22854295402240 parsl.executors.status_handling:175 _log INFO: Scaling out by 1 blocks
1724113945.364204 2024-08-20 00:32:25 MainProcess-2139810 JobStatusPoller-Timer-Thread-22854295840080-22854295402240 parsl.executors.status_handling:175 _log INFO: Allocated block ID 0
1724113945.364246 2024-08-20 00:32:25 MainProcess-2139810 JobStatusPoller-Timer-Thread-22854295840080-22854295402240 parsl.executors.status_handling:175 _log DEBUG: Submitting to provider with job_name parsl.HighThroughputExecutor.block-0
1724113945.366685 2024-08-20 00:32:25 MainProcess-2139810 JobStatusPoller-Timer-Thread-22854295840080-22854295402240 parsl.providers.local.local:175 _log DEBUG: Launching
1724113945.366894 2024-08-20 00:32:25 MainProcess-2139810 JobStatusPoller-Timer-Thread-22854295840080-22854295402240 parsl.channels.local.local:175 _log DEBUG: Creating process with command '/bin/bash -c 'echo - >/home/viralss2/nekRS-ML_MSR/examples/parsl_MSR_smartsim/runinfo/031/submit_scripts/parsl.HighThroughputExecutor.block-0.1724113945.364349.sh.ec && { { bash /home/viralss2/nekRS-ML_MSR/examples/parsl_MSR_smartsim/runinfo/031/submit_scripts/parsl.HighThroughputExecutor.block-0.1724113945.364349.sh 1>/home/viralss2/nekRS-ML_MSR/examples/parsl_MSR_smartsim/runinfo/031/submit_scripts/parsl.HighThroughputExecutor.block-0.1724113945.364349.sh.out 2>/home/viralss2/nekRS-ML_MSR/examples/parsl_MSR_smartsim/runinfo/031/submit_scripts/parsl.HighThroughputExecutor.block-0.1724113945.364349.sh.err ; echo $? > /home/viralss2/nekRS-ML_MSR/examples/parsl_MSR_smartsim/runinfo/031/submit_scripts/parsl.HighThroughputExecutor.block-0.1724113945.364349.sh.ec ; } >/dev/null 2>&1 & echo "PID:$!" ; }''
1724113945.380932 2024-08-20 00:32:25 MainProcess-2139810 JobStatusPoller-Timer-Thread-22854295840080-22854295402240 parsl.channels.local.local:175 _log DEBUG: Created process with pid 2140024. Performing communicate
1724113945.389326 2024-08-20 00:32:25 MainProcess-2139810 JobStatusPoller-Timer-Thread-22854295840080-22854295402240 parsl.channels.local.local:175 _log DEBUG: Process 2140024 returned 0
1724113945.389427 2024-08-20 00:32:25 MainProcess-2139810 JobStatusPoller-Timer-Thread-22854295840080-22854295402240 parsl.channels.local.local:175 _log DEBUG: Execution of command in process 2140024 completed normally
1724113945.389561 2024-08-20 00:32:25 MainProcess-2139810 JobStatusPoller-Timer-Thread-22854295840080-22854295402240 parsl.executors.status_handling:175 _log DEBUG: Launched block 0 on executor HighThroughputExecutor with job ID 2140025
1724113945.389650 2024-08-20 00:32:25 MainProcess-2139810 JobStatusPoller-Timer-Thread-22854295840080-22854295402240 parsl.executors.high_throughput.zmq_pipes:175 _log DEBUG: Sending command client command
1724113945.389735 2024-08-20 00:32:25 MainProcess-2139810 JobStatusPoller-Timer-Thread-22854295840080-22854295402240 parsl.executors.high_throughput.zmq_pipes:175 _log DEBUG: Receiving command client response
1724113945.389898 2024-08-20 00:32:25 MainProcess-2139810 JobStatusPoller-Timer-Thread-22854295840080-22854295402240 parsl.executors.high_throughput.zmq_pipes:175 _log DEBUG: Received command client response
1724113945.389963 2024-08-20 00:32:25 MainProcess-2139810 JobStatusPoller-Timer-Thread-22854295840080-22854295402240 parsl.jobs.strategy:175 _log DEBUG: Slot ratio calculation: active_slots = 1, active_tasks = 0
1724113945.390014 2024-08-20 00:32:25 MainProcess-2139810 JobStatusPoller-Timer-Thread-22854295840080-22854295402240 parsl.executors.high_throughput.zmq_pipes:175 _log DEBUG: Sending command client command
1724113945.390079 2024-08-20 00:32:25 MainProcess-2139810 JobStatusPoller-Timer-Thread-22854295840080-22854295402240 parsl.executors.high_throughput.zmq_pipes:175 _log DEBUG: Receiving command client response
1724113945.390186 2024-08-20 00:32:25 MainProcess-2139810 JobStatusPoller-Timer-Thread-22854295840080-22854295402240 parsl.executors.high_throughput.zmq_pipes:175 _log DEBUG: Received command client response
1724113945.390238 2024-08-20 00:32:25 MainProcess-2139810 JobStatusPoller-Timer-Thread-22854295840080-22854295402240 parsl.executors.high_throughput.zmq_pipes:175 _log DEBUG: Sending command client command
1724113945.390285 2024-08-20 00:32:25 MainProcess-2139810 JobStatusPoller-Timer-Thread-22854295840080-22854295402240 parsl.executors.high_throughput.zmq_pipes:175 _log DEBUG: Receiving command client response
1724113945.390377 2024-08-20 00:32:25 MainProcess-2139810 JobStatusPoller-Timer-Thread-22854295840080-22854295402240 parsl.executors.high_throughput.zmq_pipes:175 _log DEBUG: Received command client response
1724113945.390423 2024-08-20 00:32:25 MainProcess-2139810 JobStatusPoller-Timer-Thread-22854295840080-22854295402240 parsl.jobs.strategy:175 _log DEBUG: Executor HighThroughputExecutor has 0 active tasks, 0/1 running/pending blocks, and 0 connected workers
1724113945.390457 2024-08-20 00:32:25 MainProcess-2139810 JobStatusPoller-Timer-Thread-22854295840080-22854295402240 parsl.jobs.strategy:175 _log DEBUG: Strategy case 1: Executor has no active tasks
1724113945.390492 2024-08-20 00:32:25 MainProcess-2139810 JobStatusPoller-Timer-Thread-22854295840080-22854295402240 parsl.jobs.strategy:175 _log DEBUG: Strategy case 1b: Executor has no active tasks, and more (1) than minimum blocks (0)
1724113945.390529 2024-08-20 00:32:25 MainProcess-2139810 JobStatusPoller-Timer-Thread-22854295840080-22854295402240 parsl.jobs.strategy:175 _log DEBUG: Starting idle timer for executor. If idle time exceeds 120.0s, blocks will be scaled in
1724113945.390578 2024-08-20 00:32:25 MainProcess-2139810 JobStatusPoller-Timer-Thread-22854295840080-22854295402240 parsl.jobs.strategy:175 _log DEBUG: Idle time 7.152557373046875e-07s is less than max_idletime 120.0s for executor HighThroughputExecutor; not scaling in
1724113945.390627 2024-08-20 00:32:25 MainProcess-2139810 JobStatusPoller-Timer-Thread-22854295840080-22854295402240 parsl.process_loggers:175 _log DEBUG: Normal ending for _general_strategy on thread JobStatusPoller-Timer-Thread-22854295840080
1724113950.391061 2024-08-20 00:32:30 MainProcess-2139810 JobStatusPoller-Timer-Thread-22854295840080-22854295402240 parsl.channels.local.local:175 _log DEBUG: Creating process with command 'ps -p 2140025 > /dev/null 2> /dev/null; echo "STATUS:$?" '
1724113950.399388 2024-08-20 00:32:30 MainProcess-2139810 JobStatusPoller-Timer-Thread-22854295840080-22854295402240 parsl.channels.local.local:175 _log DEBUG: Created process with pid 2140167. Performing communicate
1724113950.461034 2024-08-20 00:32:30 MainProcess-2139810 JobStatusPoller-Timer-Thread-22854295840080-22854295402240 parsl.channels.local.local:175 _log DEBUG: Process 2140167 returned 0
1724113950.461138 2024-08-20 00:32:30 MainProcess-2139810 JobStatusPoller-Timer-Thread-22854295840080-22854295402240 parsl.channels.local.local:175 _log DEBUG: Execution of command in process 2140167 completed normally
1724113950.462129 2024-08-20 00:32:30 MainProcess-2139810 JobStatusPoller-Timer-Thread-22854295840080-22854295402240 parsl.executors.high_throughput.zmq_pipes:175 _log DEBUG: Sending command client command
1724113950.462246 2024-08-20 00:32:30 MainProcess-2139810 JobStatusPoller-Timer-Thread-22854295840080-22854295402240 parsl.executors.high_throughput.zmq_pipes:175 _log DEBUG: Receiving command client response
1724113950.462512 2024-08-20 00:32:30 MainProcess-2139810 JobStatusPoller-Timer-Thread-22854295840080-22854295402240 parsl.executors.high_throughput.zmq_pipes:175 _log DEBUG: Received command client response
1724113950.462637 2024-08-20 00:32:30 MainProcess-2139810 JobStatusPoller-Timer-Thread-22854295840080-22854295402240 parsl.jobs.strategy:175 _log DEBUG: general strategy starting with strategy_type simple for 1 executors
1724113950.462681 2024-08-20 00:32:30 MainProcess-2139810 JobStatusPoller-Timer-Thread-22854295840080-22854295402240 parsl.jobs.strategy:175 _log DEBUG: Strategizing for executor HighThroughputExecutor
1724113950.462725 2024-08-20 00:32:30 MainProcess-2139810 JobStatusPoller-Timer-Thread-22854295840080-22854295402240 parsl.executors.high_throughput.zmq_pipes:175 _log DEBUG: Sending command client command
1724113950.462772 2024-08-20 00:32:30 MainProcess-2139810 JobStatusPoller-Timer-Thread-22854295840080-22854295402240 parsl.executors.high_throughput.zmq_pipes:175 _log DEBUG: Receiving command client response
1724113950.462959 2024-08-20 00:32:30 MainProcess-2139810 JobStatusPoller-Timer-Thread-22854295840080-22854295402240 parsl.executors.high_throughput.zmq_pipes:175 _log DEBUG: Received command client response
1724113950.463006 2024-08-20 00:32:30 MainProcess-2139810 JobStatusPoller-Timer-Thread-22854295840080-22854295402240 parsl.jobs.strategy:175 _log DEBUG: Slot ratio calculation: active_slots = 1, active_tasks = 0
1724113950.463048 2024-08-20 00:32:30 MainProcess-2139810 JobStatusPoller-Timer-Thread-22854295840080-22854295402240 parsl.executors.high_throughput.zmq_pipes:175 _log DEBUG: Sending command client command
1724113950.463100 2024-08-20 00:32:30 MainProcess-2139810 JobStatusPoller-Timer-Thread-22854295840080-22854295402240 parsl.executors.high_throughput.zmq_pipes:175 _log DEBUG: Receiving command client response
1724113950.463270 2024-08-20 00:32:30 MainProcess-2139810 JobStatusPoller-Timer-Thread-22854295840080-22854295402240 parsl.executors.high_throughput.zmq_pipes:175 _log DEBUG: Received command client response
1724113950.463313 2024-08-20 00:32:30 MainProcess-2139810 JobStatusPoller-Timer-Thread-22854295840080-22854295402240 parsl.executors.high_throughput.zmq_pipes:175 _log DEBUG: Sending command client command
1724113950.463358 2024-08-20 00:32:30 MainProcess-2139810 JobStatusPoller-Timer-Thread-22854295840080-22854295402240 parsl.executors.high_throughput.zmq_pipes:175 _log DEBUG: Receiving command client response
1724113950.463520 2024-08-20 00:32:30 MainProcess-2139810 JobStatusPoller-Timer-Thread-22854295840080-22854295402240 parsl.executors.high_throughput.zmq_pipes:175 _log DEBUG: Received command client response
1724113950.463561 2024-08-20 00:32:30 MainProcess-2139810 JobStatusPoller-Timer-Thread-22854295840080-22854295402240 parsl.jobs.strategy:175 _log DEBUG: Executor HighThroughputExecutor has 0 active tasks, 1/0 running/pending blocks, and 1 connected workers
1724113950.463614 2024-08-20 00:32:30 MainProcess-2139810 JobStatusPoller-Timer-Thread-22854295840080-22854295402240 parsl.jobs.strategy:175 _log DEBUG: Strategy case 1: Executor has no active tasks
1724113950.463655 2024-08-20 00:32:30 MainProcess-2139810 JobStatusPoller-Timer-Thread-22854295840080-22854295402240 parsl.jobs.strategy:175 _log DEBUG: Strategy case 1b: Executor has no active tasks, and more (1) than minimum blocks (0)
1724113950.463701 2024-08-20 00:32:30 MainProcess-2139810 JobStatusPoller-Timer-Thread-22854295840080-22854295402240 parsl.jobs.strategy:175 _log DEBUG: Idle time 5.073123216629028s is less than max_idletime 120.0s for executor HighThroughputExecutor; not scaling in
1724113950.463737 2024-08-20 00:32:30 MainProcess-2139810 JobStatusPoller-Timer-Thread-22854295840080-22854295402240 parsl.process_loggers:175 _log DEBUG: Normal ending for _general_strategy on thread JobStatusPoller-Timer-Thread-22854295840080
1724113951.146749 2024-08-20 00:32:31 MainProcess-2139810 MainThread-22863070306496 parsl.dataflow.dflow:175 _log DEBUG: Task 0 will be sent to executor HighThroughputExecutor
1724113951.146894 2024-08-20 00:32:31 MainProcess-2139810 MainThread-22863070306496 parsl.dataflow.dflow:175 _log DEBUG: Adding output dependencies
1724113951.146944 2024-08-20 00:32:31 MainProcess-2139810 MainThread-22863070306496 parsl.dataflow.dflow:175 _log DEBUG: Added output dependencies
1724113951.146983 2024-08-20 00:32:31 MainProcess-2139810 MainThread-22863070306496 parsl.dataflow.dflow:175 _log DEBUG: Gathering dependencies
1724113951.147091 2024-08-20 00:32:31 MainProcess-2139810 MainThread-22863070306496 parsl.dataflow.dflow:175 _log DEBUG: Gathered dependencies
1724113951.147136 2024-08-20 00:32:31 MainProcess-2139810 MainThread-22863070306496 parsl.dataflow.dflow:175 _log INFO: Task 0 submitted for App hello_affinity, not waiting on any dependency
1724113951.147192 2024-08-20 00:32:31 MainProcess-2139810 MainThread-22863070306496 parsl.dataflow.dflow:175 _log DEBUG: Task 0 set to pending state with AppFuture: <AppFuture at 0x14c92ed5f310 state=pending>
1724113951.147507 2024-08-20 00:32:31 MainProcess-2139810 Dependency-Launch_0-22855384962816 parsl.dataflow.memoization:175 _log DEBUG: Task 0 will not be memoized
1724113951.147650 2024-08-20 00:32:31 MainProcess-2139810 Dependency-Launch_0-22855384962816 parsl.executors.high_throughput.executor:175 _log DEBUG: Pushing function <function hello_affinity at 0x14c92e315e40> to queue with args ("Namespace(sim_nodes=1, db_nodes=1, simprocs_pn=4, simprocs=4, sim_cpu_bind='numa', sim_arguments='--...", "'pals'")
1724113951.149094 2024-08-20 00:32:31 MainProcess-2139810 Dependency-Launch_0-22855384962816 parsl.executors.high_throughput.zmq_pipes:175 _log DEBUG: Sending TasksOutgoing message
1724113951.149167 2024-08-20 00:32:31 MainProcess-2139810 Dependency-Launch_0-22855384962816 parsl.executors.high_throughput.zmq_pipes:175 _log DEBUG: Sent TasksOutgoing message
1724113951.149223 2024-08-20 00:32:31 MainProcess-2139810 Dependency-Launch_0-22855384962816 parsl.dataflow.dflow:175 _log INFO: Parsl task 0 try 0 launched on executor HighThroughputExecutor with executor id 1
1724113951.149274 2024-08-20 00:32:31 MainProcess-2139810 Dependency-Launch_0-22855384962816 parsl.dataflow.dflow:175 _log INFO: Standard out for task 0 will not be redirected.
1724113951.149310 2024-08-20 00:32:31 MainProcess-2139810 Dependency-Launch_0-22855384962816 parsl.dataflow.dflow:175 _log INFO: Standard error for task 0 will not be redirected.
1724113951.149350 2024-08-20 00:32:31 MainProcess-2139810 Dependency-Launch_0-22855384962816 parsl.process_loggers:175 _log DEBUG: Normal ending for _launch_if_ready_async on thread Dependency-Launch_0
1724113951.769688 2024-08-20 00:32:31 MainProcess-2139810 HTEX-Result-Queue-Thread-22854280693504 parsl.executors.high_throughput.zmq_pipes:175 _log DEBUG: Received ResultsIncoming message
1724113951.769937 2024-08-20 00:32:31 MainProcess-2139810 HTEX-Result-Queue-Thread-22854280693504 parsl.app.errors:175 _log DEBUG: Reraising exception of type <class 'NameError'>
1724113951.770151 2024-08-20 00:32:31 MainProcess-2139810 HTEX-Result-Queue-Thread-22854280693504 parsl.dataflow.dflow:175 _log INFO: Task 0 try 0 failed with exception of type NameError
1724113951.770223 2024-08-20 00:32:31 MainProcess-2139810 HTEX-Result-Queue-Thread-22854280693504 parsl.dataflow.dflow:175 _log INFO: Task 0 marked for retry
1724113951.770269 2024-08-20 00:32:31 MainProcess-2139810 HTEX-Result-Queue-Thread-22854280693504 parsl.dataflow.dflow:175 _log INFO: Standard out for task 0 will not be redirected.
1724113951.770308 2024-08-20 00:32:31 MainProcess-2139810 HTEX-Result-Queue-Thread-22854280693504 parsl.dataflow.dflow:175 _log INFO: Standard error for task 0 will not be redirected.
1724113951.770383 2024-08-20 00:32:31 MainProcess-2139810 HTEX-Result-Queue-Thread-22854280693504 parsl.executors.high_throughput.zmq_pipes:175 _log DEBUG: Waiting for ResultsIncoming message
1724113951.770457 2024-08-20 00:32:31 MainProcess-2139810 Dependency-Launch_0-22855384962816 parsl.dataflow.memoization:175 _log DEBUG: Task 0 will not be memoized
1724113951.770601 2024-08-20 00:32:31 MainProcess-2139810 Dependency-Launch_0-22855384962816 parsl.executors.high_throughput.executor:175 _log DEBUG: Pushing function <function hello_affinity at 0x14c92e315e40> to queue with args ("Namespace(sim_nodes=1, db_nodes=1, simprocs_pn=4, simprocs=4, sim_cpu_bind='numa', sim_arguments='--...", "'pals'")
1724113951.770712 2024-08-20 00:32:31 MainProcess-2139810 Dependency-Launch_0-22855384962816 parsl.executors.high_throughput.zmq_pipes:175 _log DEBUG: Sending TasksOutgoing message
1724113951.770782 2024-08-20 00:32:31 MainProcess-2139810 Dependency-Launch_0-22855384962816 parsl.executors.high_throughput.zmq_pipes:175 _log DEBUG: Sent TasksOutgoing message
1724113951.770840 2024-08-20 00:32:31 MainProcess-2139810 Dependency-Launch_0-22855384962816 parsl.dataflow.dflow:175 _log INFO: Parsl task 0 try 1 launched on executor HighThroughputExecutor with executor id 2
1724113951.770890 2024-08-20 00:32:31 MainProcess-2139810 Dependency-Launch_0-22855384962816 parsl.dataflow.dflow:175 _log INFO: Standard out for task 0 will not be redirected.
1724113951.770933 2024-08-20 00:32:31 MainProcess-2139810 Dependency-Launch_0-22855384962816 parsl.dataflow.dflow:175 _log INFO: Standard error for task 0 will not be redirected.
1724113951.770979 2024-08-20 00:32:31 MainProcess-2139810 Dependency-Launch_0-22855384962816 parsl.process_loggers:175 _log DEBUG: Normal ending for _launch_if_ready_async on thread Dependency-Launch_0
1724113951.790986 2024-08-20 00:32:31 MainProcess-2139810 HTEX-Result-Queue-Thread-22854280693504 parsl.executors.high_throughput.zmq_pipes:175 _log DEBUG: Received ResultsIncoming message
1724113951.791121 2024-08-20 00:32:31 MainProcess-2139810 HTEX-Result-Queue-Thread-22854280693504 parsl.app.errors:175 _log DEBUG: Reraising exception of type <class 'NameError'>
1724113951.791224 2024-08-20 00:32:31 MainProcess-2139810 HTEX-Result-Queue-Thread-22854280693504 parsl.dataflow.dflow:175 _log INFO: Task 0 try 1 failed with exception of type NameError
1724113951.791288 2024-08-20 00:32:31 MainProcess-2139810 HTEX-Result-Queue-Thread-22854280693504 parsl.dataflow.dflow:175 _log ERROR: Task 0 failed after 1 retry attempts
Traceback (most recent call last):
  File "/home/viralss2/SSML/lib/python3.11/site-packages/parsl/dataflow/dflow.py", line 344, in handle_exec_update
    res = self._unwrap_remote_exception_wrapper(future)
          ^^^^^^^^^^^^^^^^^^^^^^^^^^^^^^^^^^^^^^^^^^^^^
  File "/home/viralss2/SSML/lib/python3.11/site-packages/parsl/dataflow/dflow.py", line 614, in _unwrap_remote_exception_wrapper
    result.reraise()
  File "/home/viralss2/SSML/lib/python3.11/site-packages/parsl/app/errors.py", line 117, in reraise
    raise v
  File "/home/viralss2/SSML/lib/python3.11/site-packages/parsl/app/errors.py", line 141, in wrapper
    return func(*args, **kwargs)
    ^^^^^^^^^^^^^^^^^
  File "/home/viralss2/nekRS-ML_MSR/examples/parsl_MSR_smartsim/ssim_driver_polaris.py", line 44, in hello_affinity
    nrs_settings.set_tasks(args.simprocs)
    ^^^^^^^^^^^^^^^^^
NameError: name 'nrs_settings' is not defined
1724113951.791954 2024-08-20 00:32:31 MainProcess-2139810 HTEX-Result-Queue-Thread-22854280693504 parsl.dataflow.dflow:175 _log INFO: Standard out for task 0 will not be redirected.
1724113951.792077 2024-08-20 00:32:31 MainProcess-2139810 HTEX-Result-Queue-Thread-22854280693504 parsl.dataflow.dflow:175 _log INFO: Standard error for task 0 will not be redirected.
1724113951.792146 2024-08-20 00:32:31 MainProcess-2139810 HTEX-Result-Queue-Thread-22854280693504 parsl.executors.high_throughput.zmq_pipes:175 _log DEBUG: Waiting for ResultsIncoming message
1724113951.794241 2024-08-20 00:32:31 MainProcess-2139810 MainThread-22863070306496 parsl.dataflow.dflow:175 _log WARNING: Python is exiting with a DFK still running. You should call parsl.dfk().cleanup() before exiting to release any resources
