1724105733.867843 2024-08-19 22:15:33 MainProcess-2994439 MainThread-23078461546688 parsl.dataflow.dflow:175 _log INFO: Starting DataFlowKernel with config
Config(
    app_cache=True, 
    checkpoint_files=None, 
    checkpoint_mode=None, 
    checkpoint_period=None, 
    dependency_resolver=None, 
    executors=(HighThroughputExecutor(
        address='10.140.57.88', 
        address_probe_timeout=None, 
        available_accelerators=['0', '1', '2', '3'], 
        block_error_handler=<function simple_error_handler at 0x14fb549028e0>, 
        cores_per_worker=1.0, 
        cpu_affinity='block-reverse', 
        drain_period=None, 
        enable_mpi_mode=False, 
        encrypted=False, 
        heartbeat_period=30, 
        heartbeat_threshold=120, 
        interchange_launch_cmd=['interchange.py'], 
        interchange_port_range=(55000, 56000), 
        label='HighThroughputExecutor', 
        launch_cmd='process_worker_pool.py {debug} {max_workers_per_node} -a {addresses} -p {prefetch_capacity} -c {cores_per_worker} -m {mem_per_worker} --poll {poll_period} --task_port={task_port} --result_port={result_port} --cert_dir {cert_dir} --logdir={logdir} --block_id={{block_id}} --hb_period={heartbeat_period} {address_probe_timeout_string} --hb_threshold={heartbeat_threshold} --drain_period={drain_period} --cpu-affinity {cpu_affinity} {enable_mpi_mode} --mpi-launcher={mpi_launcher} --available-accelerators {accelerators}', 
        manager_selector=<parsl.executors.high_throughput.manager_selector.RandomManagerSelector object at 0x14fb54912150>, 
        max_workers=inf, 
        max_workers_per_node=inf, 
        mem_per_worker=None, 
        mpi_launcher='mpiexec', 
        poll_period=10, 
        prefetch_capacity=0, 
        provider=LocalProvider(
            channel=LocalChannel(
                envs={}, 
                script_dir=None, 
                userhome='/home/viralss2/nekRS-ML_MSR/examples/parsl_MSR_smartsim'
            ), 
            cmd_timeout=30, 
            init_blocks=1, 
            launcher=SingleNodeLauncher(debug=True, fail_on_any=False), 
            max_blocks=1, 
            min_blocks=0, 
            move_files=None, 
            nodes_per_block=1, 
            parallelism=1, 
            worker_init='source /home/viralss2/ALCF_Hands_on_HPC_Workshop/workflows/parsl/launch_eg/set_run_env;\n                            cd /home/viralss2/nekRS-ML_MSR/examples/parsl_MSR_smartsim'
        ), 
        storage_access=None, 
        worker_debug=False, 
        worker_logdir_root=None, 
        worker_port_range=(54000, 55000), 
        worker_ports=None, 
        working_dir=None
    ),), 
    exit_mode='cleanup', 
    garbage_collect=True, 
    initialize_logging=True, 
    internal_tasks_max_threads=10, 
    max_idletime=120.0, 
    monitoring=None, 
    retries=1, 
    retry_handler=None, 
    run_dir='runinfo', 
    std_autopath=None, 
    strategy='simple', 
    strategy_period=5, 
    usage_tracking=0
)
1724105733.868910 2024-08-19 22:15:33 MainProcess-2994439 MainThread-23078461546688 parsl.dataflow.dflow:175 _log INFO: Parsl version: 2024.08.05
1724105733.868994 2024-08-19 22:15:33 MainProcess-2994439 MainThread-23078461546688 parsl.usage_tracking.usage:175 _log DEBUG: Tracking level: 0
1724105733.869074 2024-08-19 22:15:33 MainProcess-2994439 MainThread-23078461546688 parsl.dataflow.dflow:175 _log INFO: Run id is: a5b29fc7-d742-47b2-98f0-cd9d38d30676
1724105733.972995 2024-08-19 22:15:33 MainProcess-2994439 MainThread-23078461546688 parsl.dataflow.dflow:175 _log DEBUG: Considering candidate for workflow name: /home/viralss2/SSML/lib/python3.11/site-packages/parsl/dataflow/dflow.py
1724105733.973057 2024-08-19 22:15:33 MainProcess-2994439 MainThread-23078461546688 parsl.dataflow.dflow:175 _log DEBUG: Considering candidate for workflow name: /soft/applications/conda/2024-04-29/mconda3/lib/python3.11/site-packages/typeguard/__init__.py
1724105733.973102 2024-08-19 22:15:33 MainProcess-2994439 MainThread-23078461546688 parsl.dataflow.dflow:175 _log DEBUG: Considering candidate for workflow name: /home/viralss2/SSML/lib/python3.11/site-packages/parsl/dataflow/dflow.py
1724105733.973164 2024-08-19 22:15:33 MainProcess-2994439 MainThread-23078461546688 parsl.dataflow.dflow:175 _log DEBUG: Considering candidate for workflow name: /soft/applications/conda/2024-04-29/mconda3/lib/python3.11/site-packages/typeguard/__init__.py
1724105733.973216 2024-08-19 22:15:33 MainProcess-2994439 MainThread-23078461546688 parsl.dataflow.dflow:175 _log DEBUG: Considering candidate for workflow name: /home/viralss2/nekRS-ML_MSR/examples/parsl_MSR_smartsim/ssim_driver_polaris.py
1724105733.973254 2024-08-19 22:15:33 MainProcess-2994439 MainThread-23078461546688 parsl.dataflow.dflow:175 _log DEBUG: Using ssim_driver_polaris.py as workflow name
1724105733.973370 2024-08-19 22:15:33 MainProcess-2994439 MainThread-23078461546688 parsl.dataflow.memoization:175 _log INFO: App caching initialized
1724105733.973422 2024-08-19 22:15:33 MainProcess-2994439 MainThread-23078461546688 parsl.jobs.strategy:175 _log DEBUG: Scaling strategy: simple
1724105733.978010 2024-08-19 22:15:33 MainProcess-2994439 MainThread-23078461546688 parsl.executors.high_throughput.executor:175 _log DEBUG: Starting result queue thread
1724105733.978239 2024-08-19 22:15:33 MainProcess-2994439 HTEX-Result-Queue-Thread-23069603116800 parsl.executors.high_throughput.executor:175 _log DEBUG: Result queue worker starting
1724105733.978325 2024-08-19 22:15:33 MainProcess-2994439 MainThread-23078461546688 parsl.executors.high_throughput.executor:175 _log DEBUG: Started result queue thread
1724105733.978381 2024-08-19 22:15:33 MainProcess-2994439 HTEX-Result-Queue-Thread-23069603116800 parsl.executors.high_throughput.zmq_pipes:175 _log DEBUG: Waiting for ResultsIncoming message
1724105733.979726 2024-08-19 22:15:33 MainProcess-2994439 MainThread-23078461546688 parsl.executors.high_throughput.executor:175 _log DEBUG: Popened interchange process. Writing config object
1724105733.979792 2024-08-19 22:15:33 MainProcess-2994439 MainThread-23078461546688 parsl.executors.high_throughput.executor:175 _log DEBUG: Sent config object. Requesting worker ports
1724105733.979835 2024-08-19 22:15:33 MainProcess-2994439 MainThread-23078461546688 parsl.executors.high_throughput.zmq_pipes:175 _log DEBUG: Sending command client command
1724105734.522761 2024-08-19 22:15:34 MainProcess-2994439 MainThread-23078461546688 parsl.executors.high_throughput.zmq_pipes:175 _log DEBUG: Polling for command client response or timeout
1724105734.524466 2024-08-19 22:15:34 MainProcess-2994439 MainThread-23078461546688 parsl.executors.high_throughput.zmq_pipes:175 _log DEBUG: Receiving command client response
1724105734.524601 2024-08-19 22:15:34 MainProcess-2994439 MainThread-23078461546688 parsl.executors.high_throughput.zmq_pipes:175 _log DEBUG: Received command client response
1724105734.524688 2024-08-19 22:15:34 MainProcess-2994439 MainThread-23078461546688 parsl.executors.high_throughput.executor:175 _log DEBUG: Got worker ports
1724105734.524761 2024-08-19 22:15:34 MainProcess-2994439 MainThread-23078461546688 parsl.executors.high_throughput.executor:175 _log DEBUG: Created result queue thread: <Thread(HTEX-Result-Queue-Thread, started daemon 23069603116800)>
1724105734.524967 2024-08-19 22:15:34 MainProcess-2994439 MainThread-23078461546688 parsl.executors.high_throughput.executor:175 _log DEBUG: Launch command: process_worker_pool.py   -a 10.140.57.88 -p 0 -c 1.0 -m None --poll 10 --task_port=54931 --result_port=54866 --cert_dir None --logdir=/home/viralss2/nekRS-ML_MSR/examples/parsl_MSR_smartsim/runinfo/001/HighThroughputExecutor --block_id={block_id} --hb_period=30  --hb_threshold=120 --drain_period=None --cpu-affinity block-reverse  --mpi-launcher=mpiexec --available-accelerators 0 1 2 3
1724105734.525044 2024-08-19 22:15:34 MainProcess-2994439 MainThread-23078461546688 parsl.executors.high_throughput.executor:175 _log DEBUG: Starting HighThroughputExecutor with provider:
LocalProvider(
    channel=LocalChannel(
        envs={}, 
        script_dir='/home/viralss2/nekRS-ML_MSR/examples/parsl_MSR_smartsim/runinfo/001/submit_scripts', 
        userhome='/home/viralss2/nekRS-ML_MSR/examples/parsl_MSR_smartsim'
    ), 
    cmd_timeout=30, 
    init_blocks=1, 
    launcher=SingleNodeLauncher(debug=True, fail_on_any=False), 
    max_blocks=1, 
    min_blocks=0, 
    move_files=None, 
    nodes_per_block=1, 
    parallelism=1, 
    worker_init='source /home/viralss2/ALCF_Hands_on_HPC_Workshop/workflows/parsl/launch_eg/set_run_env;\n                            cd /home/viralss2/nekRS-ML_MSR/examples/parsl_MSR_smartsim'
)
1724105734.525592 2024-08-19 22:15:34 MainProcess-2994439 MainThread-23078461546688 parsl.jobs.job_status_poller:175 _log DEBUG: Adding executor HighThroughputExecutor
1724105738.973925 2024-08-19 22:15:38 MainProcess-2994439 JobStatusPoller-Timer-Thread-23069686933520-23069686646528 parsl.executors.high_throughput.zmq_pipes:175 _log DEBUG: Sending command client command
1724105738.974214 2024-08-19 22:15:38 MainProcess-2994439 JobStatusPoller-Timer-Thread-23069686933520-23069686646528 parsl.executors.high_throughput.zmq_pipes:175 _log DEBUG: Receiving command client response
1724105738.974724 2024-08-19 22:15:38 MainProcess-2994439 JobStatusPoller-Timer-Thread-23069686933520-23069686646528 parsl.executors.high_throughput.zmq_pipes:175 _log DEBUG: Received command client response
1724105738.974911 2024-08-19 22:15:38 MainProcess-2994439 JobStatusPoller-Timer-Thread-23069686933520-23069686646528 parsl.jobs.strategy:175 _log DEBUG: general strategy starting with strategy_type simple for 1 executors
1724105738.975013 2024-08-19 22:15:38 MainProcess-2994439 JobStatusPoller-Timer-Thread-23069686933520-23069686646528 parsl.jobs.strategy:175 _log DEBUG: Strategizing for executor HighThroughputExecutor
1724105738.975102 2024-08-19 22:15:38 MainProcess-2994439 JobStatusPoller-Timer-Thread-23069686933520-23069686646528 parsl.jobs.strategy:175 _log DEBUG: Scaling out 1 initial blocks for HighThroughputExecutor
1724105738.975195 2024-08-19 22:15:38 MainProcess-2994439 JobStatusPoller-Timer-Thread-23069686933520-23069686646528 parsl.executors.status_handling:175 _log INFO: Scaling out by 1 blocks
1724105738.975289 2024-08-19 22:15:38 MainProcess-2994439 JobStatusPoller-Timer-Thread-23069686933520-23069686646528 parsl.executors.status_handling:175 _log INFO: Allocated block ID 0
1724105738.975369 2024-08-19 22:15:38 MainProcess-2994439 JobStatusPoller-Timer-Thread-23069686933520-23069686646528 parsl.executors.status_handling:175 _log DEBUG: Submitting to provider with job_name parsl.HighThroughputExecutor.block-0
1724105738.978109 2024-08-19 22:15:38 MainProcess-2994439 JobStatusPoller-Timer-Thread-23069686933520-23069686646528 parsl.providers.local.local:175 _log DEBUG: Launching
1724105738.978317 2024-08-19 22:15:38 MainProcess-2994439 JobStatusPoller-Timer-Thread-23069686933520-23069686646528 parsl.channels.local.local:175 _log DEBUG: Creating process with command '/bin/bash -c 'echo - >/home/viralss2/nekRS-ML_MSR/examples/parsl_MSR_smartsim/runinfo/001/submit_scripts/parsl.HighThroughputExecutor.block-0.1724105738.9754877.sh.ec && { { bash /home/viralss2/nekRS-ML_MSR/examples/parsl_MSR_smartsim/runinfo/001/submit_scripts/parsl.HighThroughputExecutor.block-0.1724105738.9754877.sh 1>/home/viralss2/nekRS-ML_MSR/examples/parsl_MSR_smartsim/runinfo/001/submit_scripts/parsl.HighThroughputExecutor.block-0.1724105738.9754877.sh.out 2>/home/viralss2/nekRS-ML_MSR/examples/parsl_MSR_smartsim/runinfo/001/submit_scripts/parsl.HighThroughputExecutor.block-0.1724105738.9754877.sh.err ; echo $? > /home/viralss2/nekRS-ML_MSR/examples/parsl_MSR_smartsim/runinfo/001/submit_scripts/parsl.HighThroughputExecutor.block-0.1724105738.9754877.sh.ec ; } >/dev/null 2>&1 & echo "PID:$!" ; }''
1724105738.991366 2024-08-19 22:15:38 MainProcess-2994439 JobStatusPoller-Timer-Thread-23069686933520-23069686646528 parsl.channels.local.local:175 _log DEBUG: Created process with pid 2994652. Performing communicate
1724105738.999741 2024-08-19 22:15:38 MainProcess-2994439 JobStatusPoller-Timer-Thread-23069686933520-23069686646528 parsl.channels.local.local:175 _log DEBUG: Process 2994652 returned 0
1724105738.999859 2024-08-19 22:15:38 MainProcess-2994439 JobStatusPoller-Timer-Thread-23069686933520-23069686646528 parsl.channels.local.local:175 _log DEBUG: Execution of command in process 2994652 completed normally
1724105739.000000 2024-08-19 22:15:39 MainProcess-2994439 JobStatusPoller-Timer-Thread-23069686933520-23069686646528 parsl.executors.status_handling:175 _log DEBUG: Launched block 0 on executor HighThroughputExecutor with job ID 2994653
1724105739.000094 2024-08-19 22:15:39 MainProcess-2994439 JobStatusPoller-Timer-Thread-23069686933520-23069686646528 parsl.executors.high_throughput.zmq_pipes:175 _log DEBUG: Sending command client command
1724105739.000186 2024-08-19 22:15:39 MainProcess-2994439 JobStatusPoller-Timer-Thread-23069686933520-23069686646528 parsl.executors.high_throughput.zmq_pipes:175 _log DEBUG: Receiving command client response
1724105739.000311 2024-08-19 22:15:39 MainProcess-2994439 JobStatusPoller-Timer-Thread-23069686933520-23069686646528 parsl.executors.high_throughput.zmq_pipes:175 _log DEBUG: Received command client response
1724105739.000371 2024-08-19 22:15:39 MainProcess-2994439 JobStatusPoller-Timer-Thread-23069686933520-23069686646528 parsl.jobs.strategy:175 _log DEBUG: Slot ratio calculation: active_slots = 4, active_tasks = 0
1724105739.000417 2024-08-19 22:15:39 MainProcess-2994439 JobStatusPoller-Timer-Thread-23069686933520-23069686646528 parsl.executors.high_throughput.zmq_pipes:175 _log DEBUG: Sending command client command
1724105739.000466 2024-08-19 22:15:39 MainProcess-2994439 JobStatusPoller-Timer-Thread-23069686933520-23069686646528 parsl.executors.high_throughput.zmq_pipes:175 _log DEBUG: Receiving command client response
1724105739.000528 2024-08-19 22:15:39 MainProcess-2994439 JobStatusPoller-Timer-Thread-23069686933520-23069686646528 parsl.executors.high_throughput.zmq_pipes:175 _log DEBUG: Received command client response
1724105739.000569 2024-08-19 22:15:39 MainProcess-2994439 JobStatusPoller-Timer-Thread-23069686933520-23069686646528 parsl.executors.high_throughput.zmq_pipes:175 _log DEBUG: Sending command client command
1724105739.000611 2024-08-19 22:15:39 MainProcess-2994439 JobStatusPoller-Timer-Thread-23069686933520-23069686646528 parsl.executors.high_throughput.zmq_pipes:175 _log DEBUG: Receiving command client response
1724105739.000676 2024-08-19 22:15:39 MainProcess-2994439 JobStatusPoller-Timer-Thread-23069686933520-23069686646528 parsl.executors.high_throughput.zmq_pipes:175 _log DEBUG: Received command client response
1724105739.000714 2024-08-19 22:15:39 MainProcess-2994439 JobStatusPoller-Timer-Thread-23069686933520-23069686646528 parsl.jobs.strategy:175 _log DEBUG: Executor HighThroughputExecutor has 0 active tasks, 0/1 running/pending blocks, and 0 connected workers
1724105739.000747 2024-08-19 22:15:39 MainProcess-2994439 JobStatusPoller-Timer-Thread-23069686933520-23069686646528 parsl.jobs.strategy:175 _log DEBUG: Strategy case 1: Executor has no active tasks
1724105739.000782 2024-08-19 22:15:39 MainProcess-2994439 JobStatusPoller-Timer-Thread-23069686933520-23069686646528 parsl.jobs.strategy:175 _log DEBUG: Strategy case 1b: Executor has no active tasks, and more (1) than minimum blocks (0)
1724105739.000826 2024-08-19 22:15:39 MainProcess-2994439 JobStatusPoller-Timer-Thread-23069686933520-23069686646528 parsl.jobs.strategy:175 _log DEBUG: Starting idle timer for executor. If idle time exceeds 120.0s, blocks will be scaled in
1724105739.000871 2024-08-19 22:15:39 MainProcess-2994439 JobStatusPoller-Timer-Thread-23069686933520-23069686646528 parsl.jobs.strategy:175 _log DEBUG: Idle time 7.152557373046875e-07s is less than max_idletime 120.0s for executor HighThroughputExecutor; not scaling in
1724105739.000922 2024-08-19 22:15:39 MainProcess-2994439 JobStatusPoller-Timer-Thread-23069686933520-23069686646528 parsl.process_loggers:175 _log DEBUG: Normal ending for _general_strategy on thread JobStatusPoller-Timer-Thread-23069686933520
1724105744.001367 2024-08-19 22:15:44 MainProcess-2994439 JobStatusPoller-Timer-Thread-23069686933520-23069686646528 parsl.channels.local.local:175 _log DEBUG: Creating process with command 'ps -p 2994653 > /dev/null 2> /dev/null; echo "STATUS:$?" '
1724105744.011811 2024-08-19 22:15:44 MainProcess-2994439 JobStatusPoller-Timer-Thread-23069686933520-23069686646528 parsl.channels.local.local:175 _log DEBUG: Created process with pid 2994810. Performing communicate
1724105744.069190 2024-08-19 22:15:44 MainProcess-2994439 JobStatusPoller-Timer-Thread-23069686933520-23069686646528 parsl.channels.local.local:175 _log DEBUG: Process 2994810 returned 0
1724105744.069355 2024-08-19 22:15:44 MainProcess-2994439 JobStatusPoller-Timer-Thread-23069686933520-23069686646528 parsl.channels.local.local:175 _log DEBUG: Execution of command in process 2994810 completed normally
1724105744.070476 2024-08-19 22:15:44 MainProcess-2994439 JobStatusPoller-Timer-Thread-23069686933520-23069686646528 parsl.executors.high_throughput.zmq_pipes:175 _log DEBUG: Sending command client command
1724105744.070591 2024-08-19 22:15:44 MainProcess-2994439 JobStatusPoller-Timer-Thread-23069686933520-23069686646528 parsl.executors.high_throughput.zmq_pipes:175 _log DEBUG: Receiving command client response
1724105744.070847 2024-08-19 22:15:44 MainProcess-2994439 JobStatusPoller-Timer-Thread-23069686933520-23069686646528 parsl.executors.high_throughput.zmq_pipes:175 _log DEBUG: Received command client response
1724105744.070984 2024-08-19 22:15:44 MainProcess-2994439 JobStatusPoller-Timer-Thread-23069686933520-23069686646528 parsl.jobs.strategy:175 _log DEBUG: general strategy starting with strategy_type simple for 1 executors
1724105744.071027 2024-08-19 22:15:44 MainProcess-2994439 JobStatusPoller-Timer-Thread-23069686933520-23069686646528 parsl.jobs.strategy:175 _log DEBUG: Strategizing for executor HighThroughputExecutor
1724105744.071068 2024-08-19 22:15:44 MainProcess-2994439 JobStatusPoller-Timer-Thread-23069686933520-23069686646528 parsl.executors.high_throughput.zmq_pipes:175 _log DEBUG: Sending command client command
1724105744.071112 2024-08-19 22:15:44 MainProcess-2994439 JobStatusPoller-Timer-Thread-23069686933520-23069686646528 parsl.executors.high_throughput.zmq_pipes:175 _log DEBUG: Receiving command client response
1724105744.071260 2024-08-19 22:15:44 MainProcess-2994439 JobStatusPoller-Timer-Thread-23069686933520-23069686646528 parsl.executors.high_throughput.zmq_pipes:175 _log DEBUG: Received command client response
1724105744.071323 2024-08-19 22:15:44 MainProcess-2994439 JobStatusPoller-Timer-Thread-23069686933520-23069686646528 parsl.jobs.strategy:175 _log DEBUG: Slot ratio calculation: active_slots = 4, active_tasks = 0
1724105744.071362 2024-08-19 22:15:44 MainProcess-2994439 JobStatusPoller-Timer-Thread-23069686933520-23069686646528 parsl.executors.high_throughput.zmq_pipes:175 _log DEBUG: Sending command client command
1724105744.071412 2024-08-19 22:15:44 MainProcess-2994439 JobStatusPoller-Timer-Thread-23069686933520-23069686646528 parsl.executors.high_throughput.zmq_pipes:175 _log DEBUG: Receiving command client response
1724105744.071530 2024-08-19 22:15:44 MainProcess-2994439 JobStatusPoller-Timer-Thread-23069686933520-23069686646528 parsl.executors.high_throughput.zmq_pipes:175 _log DEBUG: Received command client response
1724105744.071584 2024-08-19 22:15:44 MainProcess-2994439 JobStatusPoller-Timer-Thread-23069686933520-23069686646528 parsl.executors.high_throughput.zmq_pipes:175 _log DEBUG: Sending command client command
1724105744.071627 2024-08-19 22:15:44 MainProcess-2994439 JobStatusPoller-Timer-Thread-23069686933520-23069686646528 parsl.executors.high_throughput.zmq_pipes:175 _log DEBUG: Receiving command client response
1724105744.071725 2024-08-19 22:15:44 MainProcess-2994439 JobStatusPoller-Timer-Thread-23069686933520-23069686646528 parsl.executors.high_throughput.zmq_pipes:175 _log DEBUG: Received command client response
1724105744.071777 2024-08-19 22:15:44 MainProcess-2994439 JobStatusPoller-Timer-Thread-23069686933520-23069686646528 parsl.jobs.strategy:175 _log DEBUG: Executor HighThroughputExecutor has 0 active tasks, 1/0 running/pending blocks, and 4 connected workers
1724105744.071829 2024-08-19 22:15:44 MainProcess-2994439 JobStatusPoller-Timer-Thread-23069686933520-23069686646528 parsl.jobs.strategy:175 _log DEBUG: Strategy case 1: Executor has no active tasks
1724105744.071865 2024-08-19 22:15:44 MainProcess-2994439 JobStatusPoller-Timer-Thread-23069686933520-23069686646528 parsl.jobs.strategy:175 _log DEBUG: Strategy case 1b: Executor has no active tasks, and more (1) than minimum blocks (0)
1724105744.071909 2024-08-19 22:15:44 MainProcess-2994439 JobStatusPoller-Timer-Thread-23069686933520-23069686646528 parsl.jobs.strategy:175 _log DEBUG: Idle time 5.071037292480469s is less than max_idletime 120.0s for executor HighThroughputExecutor; not scaling in
1724105744.071945 2024-08-19 22:15:44 MainProcess-2994439 JobStatusPoller-Timer-Thread-23069686933520-23069686646528 parsl.process_loggers:175 _log DEBUG: Normal ending for _general_strategy on thread JobStatusPoller-Timer-Thread-23069686933520
1724105744.802577 2024-08-19 22:15:44 MainProcess-2994439 MainThread-23078461546688 parsl.dataflow.dflow:175 _log WARNING: Python is exiting with a DFK still running. You should call parsl.dfk().cleanup() before exiting to release any resources
