2024-08-19 22:47:06.697 parsl:914 3009875 MainThread [INFO]  Python version: 3.11.8 | packaged by conda-forge | (main, Feb 16 2024, 20:53:32) [GCC 12.3.0]
2024-08-19 22:47:06.698 parsl:915 3009875 MainThread [INFO]  Debug logging: False
2024-08-19 22:47:06.698 parsl:916 3009875 MainThread [INFO]  Certificates dir: None
2024-08-19 22:47:06.698 parsl:917 3009875 MainThread [INFO]  Log dir: /home/viralss2/nekRS-ML_MSR/examples/parsl_MSR_smartsim/runinfo/011/HighThroughputExecutor
2024-08-19 22:47:06.698 parsl:918 3009875 MainThread [INFO]  Manager ID: eb9ca8024e34
2024-08-19 22:47:06.698 parsl:919 3009875 MainThread [INFO]  Block ID: 0
2024-08-19 22:47:06.698 parsl:920 3009875 MainThread [INFO]  cores_per_worker: 1.0
2024-08-19 22:47:06.698 parsl:921 3009875 MainThread [INFO]  mem_per_worker: None
2024-08-19 22:47:06.698 parsl:922 3009875 MainThread [INFO]  task_port: 54978
2024-08-19 22:47:06.698 parsl:923 3009875 MainThread [INFO]  result_port: 54706
2024-08-19 22:47:06.698 parsl:924 3009875 MainThread [INFO]  addresses: 10.140.57.88
2024-08-19 22:47:06.698 parsl:925 3009875 MainThread [INFO]  max_workers_per_node: inf
2024-08-19 22:47:06.698 parsl:926 3009875 MainThread [INFO]  poll_period: 10
2024-08-19 22:47:06.698 parsl:927 3009875 MainThread [INFO]  address_probe_timeout: 30
2024-08-19 22:47:06.698 parsl:928 3009875 MainThread [INFO]  Prefetch capacity: 0
2024-08-19 22:47:06.698 parsl:929 3009875 MainThread [INFO]  Heartbeat threshold: 120
2024-08-19 22:47:06.698 parsl:930 3009875 MainThread [INFO]  Heartbeat period: 30
2024-08-19 22:47:06.698 parsl:931 3009875 MainThread [INFO]  Drain period: None
2024-08-19 22:47:06.698 parsl:932 3009875 MainThread [INFO]  CPU affinity: block-reverse
2024-08-19 22:47:06.698 parsl:933 3009875 MainThread [INFO]  Accelerators: 0,1,2,3
2024-08-19 22:47:06.698 parsl:934 3009875 MainThread [INFO]  enable_mpi_mode: False
2024-08-19 22:47:06.698 parsl:935 3009875 MainThread [INFO]  mpi_launcher: mpiexec
2024-08-19 22:47:06.698 parsl:151 3009875 MainThread [INFO]  Manager initializing
2024-08-19 22:47:06.709 parsl.executors.high_throughput.probe:49 3009875 MainThread [INFO]  Connected to interchange on 10.140.57.88
2024-08-19 22:47:06.709 parsl:160 3009875 MainThread [INFO]  Connection to Interchange successful on 10.140.57.88
2024-08-19 22:47:06.709 parsl:163 3009875 MainThread [INFO]  Task url : tcp://10.140.57.88:54978
2024-08-19 22:47:06.709 parsl:164 3009875 MainThread [INFO]  Result url : tcp://10.140.57.88:54706
2024-08-19 22:47:06.710 parsl:183 3009875 MainThread [INFO]  Manager connected to interchange
2024-08-19 22:47:07.279 parsl:254 3009875 MainThread [INFO]  Manager will spawn 1 workers
2024-08-19 22:47:07.282 parsl:306 3009875 Task-Puller [INFO]  starting
2024-08-19 22:47:07.283 parsl:536 3009875 MainThread [INFO]  Manager threads started
2024-08-19 22:47:37.286 parsl:418 3009875 Result-Pusher [INFO]  Sending heartbeat via results connection: last_result_beat=1724107627.2833812 heartbeat_period=30 seconds
2024-08-19 22:48:07.287 parsl:418 3009875 Result-Pusher [INFO]  Sending heartbeat via results connection: last_result_beat=1724107657.2864513 heartbeat_period=30 seconds
2024-08-19 22:48:37.288 parsl:418 3009875 Result-Pusher [INFO]  Sending heartbeat via results connection: last_result_beat=1724107687.2879496 heartbeat_period=30 seconds
2024-08-19 22:49:07.290 parsl:418 3009875 Result-Pusher [INFO]  Sending heartbeat via results connection: last_result_beat=1724107717.288964 heartbeat_period=30 seconds
2024-08-19 22:49:37.294 parsl:418 3009875 Result-Pusher [INFO]  Sending heartbeat via results connection: last_result_beat=1724107747.290797 heartbeat_period=30 seconds
2024-08-19 22:50:07.300 parsl:418 3009875 Result-Pusher [INFO]  Sending heartbeat via results connection: last_result_beat=1724107777.2947755 heartbeat_period=30 seconds
2024-08-19 22:50:37.306 parsl:418 3009875 Result-Pusher [INFO]  Sending heartbeat via results connection: last_result_beat=1724107807.3008013 heartbeat_period=30 seconds
2024-08-19 22:51:07.315 parsl:418 3009875 Result-Pusher [INFO]  Sending heartbeat via results connection: last_result_beat=1724107837.3067746 heartbeat_period=30 seconds
2024-08-19 22:51:37.319 parsl:418 3009875 Result-Pusher [INFO]  Sending heartbeat via results connection: last_result_beat=1724107867.3152075 heartbeat_period=30 seconds
2024-08-19 22:52:07.321 parsl:418 3009875 Result-Pusher [INFO]  Sending heartbeat via results connection: last_result_beat=1724107897.3192523 heartbeat_period=30 seconds
2024-08-19 22:52:37.323 parsl:418 3009875 Result-Pusher [INFO]  Sending heartbeat via results connection: last_result_beat=1724107927.3220925 heartbeat_period=30 seconds
2024-08-19 22:53:07.332 parsl:418 3009875 Result-Pusher [INFO]  Sending heartbeat via results connection: last_result_beat=1724107957.3237283 heartbeat_period=30 seconds
2024-08-19 22:53:37.341 parsl:418 3009875 Result-Pusher [INFO]  Sending heartbeat via results connection: last_result_beat=1724107987.3325198 heartbeat_period=30 seconds
2024-08-19 22:54:07.347 parsl:418 3009875 Result-Pusher [INFO]  Sending heartbeat via results connection: last_result_beat=1724108017.3412464 heartbeat_period=30 seconds
2024-08-19 22:54:37.348 parsl:418 3009875 Result-Pusher [INFO]  Sending heartbeat via results connection: last_result_beat=1724108047.3477893 heartbeat_period=30 seconds
2024-08-19 22:55:07.353 parsl:418 3009875 Result-Pusher [INFO]  Sending heartbeat via results connection: last_result_beat=1724108077.3488736 heartbeat_period=30 seconds
