2024-08-19 22:53:29.469 parsl:914 3013300 MainThread [INFO]  Python version: 3.11.8 | packaged by conda-forge | (main, Feb 16 2024, 20:53:32) [GCC 12.3.0]
2024-08-19 22:53:29.470 parsl:915 3013300 MainThread [INFO]  Debug logging: False
2024-08-19 22:53:29.470 parsl:916 3013300 MainThread [INFO]  Certificates dir: None
2024-08-19 22:53:29.470 parsl:917 3013300 MainThread [INFO]  Log dir: /home/viralss2/nekRS-ML_MSR/examples/parsl_MSR_smartsim/runinfo/014/HighThroughputExecutor
2024-08-19 22:53:29.470 parsl:918 3013300 MainThread [INFO]  Manager ID: 2232cb7b39bb
2024-08-19 22:53:29.470 parsl:919 3013300 MainThread [INFO]  Block ID: 0
2024-08-19 22:53:29.470 parsl:920 3013300 MainThread [INFO]  cores_per_worker: 1.0
2024-08-19 22:53:29.470 parsl:921 3013300 MainThread [INFO]  mem_per_worker: None
2024-08-19 22:53:29.470 parsl:922 3013300 MainThread [INFO]  task_port: 54616
2024-08-19 22:53:29.470 parsl:923 3013300 MainThread [INFO]  result_port: 54026
2024-08-19 22:53:29.470 parsl:924 3013300 MainThread [INFO]  addresses: 10.140.57.88
2024-08-19 22:53:29.470 parsl:925 3013300 MainThread [INFO]  max_workers_per_node: inf
2024-08-19 22:53:29.470 parsl:926 3013300 MainThread [INFO]  poll_period: 10
2024-08-19 22:53:29.470 parsl:927 3013300 MainThread [INFO]  address_probe_timeout: 30
2024-08-19 22:53:29.470 parsl:928 3013300 MainThread [INFO]  Prefetch capacity: 0
2024-08-19 22:53:29.470 parsl:929 3013300 MainThread [INFO]  Heartbeat threshold: 120
2024-08-19 22:53:29.470 parsl:930 3013300 MainThread [INFO]  Heartbeat period: 30
2024-08-19 22:53:29.470 parsl:931 3013300 MainThread [INFO]  Drain period: None
2024-08-19 22:53:29.470 parsl:932 3013300 MainThread [INFO]  CPU affinity: block-reverse
2024-08-19 22:53:29.471 parsl:933 3013300 MainThread [INFO]  Accelerators: 0,1,2,3
2024-08-19 22:53:29.471 parsl:934 3013300 MainThread [INFO]  enable_mpi_mode: False
2024-08-19 22:53:29.471 parsl:935 3013300 MainThread [INFO]  mpi_launcher: mpiexec
2024-08-19 22:53:29.471 parsl:151 3013300 MainThread [INFO]  Manager initializing
2024-08-19 22:53:29.481 parsl.executors.high_throughput.probe:49 3013300 MainThread [INFO]  Connected to interchange on 10.140.57.88
2024-08-19 22:53:29.482 parsl:160 3013300 MainThread [INFO]  Connection to Interchange successful on 10.140.57.88
2024-08-19 22:53:29.482 parsl:163 3013300 MainThread [INFO]  Task url : tcp://10.140.57.88:54616
2024-08-19 22:53:29.482 parsl:164 3013300 MainThread [INFO]  Result url : tcp://10.140.57.88:54026
2024-08-19 22:53:29.482 parsl:183 3013300 MainThread [INFO]  Manager connected to interchange
2024-08-19 22:53:30.052 parsl:254 3013300 MainThread [INFO]  Manager will spawn 1 workers
2024-08-19 22:53:30.054 parsl:306 3013300 Task-Puller [INFO]  starting
2024-08-19 22:53:30.055 parsl:536 3013300 MainThread [INFO]  Manager threads started
2024-08-19 22:54:00.057 parsl:418 3013300 Result-Pusher [INFO]  Sending heartbeat via results connection: last_result_beat=1724108010.055323 heartbeat_period=30 seconds
2024-08-19 22:54:30.066 parsl:418 3013300 Result-Pusher [INFO]  Sending heartbeat via results connection: last_result_beat=1724108040.0571995 heartbeat_period=30 seconds
2024-08-19 22:55:00.069 parsl:418 3013300 Result-Pusher [INFO]  Sending heartbeat via results connection: last_result_beat=1724108070.0670037 heartbeat_period=30 seconds
