2024-08-20 00:43:40.735 parsl:914 2145710 MainThread [INFO]  Python version: 3.11.8 | packaged by conda-forge | (main, Feb 16 2024, 20:53:32) [GCC 12.3.0]
2024-08-20 00:43:40.736 parsl:915 2145710 MainThread [INFO]  Debug logging: False
2024-08-20 00:43:40.736 parsl:916 2145710 MainThread [INFO]  Certificates dir: None
2024-08-20 00:43:40.736 parsl:917 2145710 MainThread [INFO]  Log dir: /home/viralss2/nekRS-ML_MSR/examples/parsl_MSR_smartsim/runinfo/040/HighThroughputExecutor
2024-08-20 00:43:40.736 parsl:918 2145710 MainThread [INFO]  Manager ID: 378dd85b035e
2024-08-20 00:43:40.736 parsl:919 2145710 MainThread [INFO]  Block ID: 0
2024-08-20 00:43:40.736 parsl:920 2145710 MainThread [INFO]  cores_per_worker: 1.0
2024-08-20 00:43:40.736 parsl:921 2145710 MainThread [INFO]  mem_per_worker: None
2024-08-20 00:43:40.736 parsl:922 2145710 MainThread [INFO]  task_port: 54549
2024-08-20 00:43:40.736 parsl:923 2145710 MainThread [INFO]  result_port: 54569
2024-08-20 00:43:40.736 parsl:924 2145710 MainThread [INFO]  addresses: 10.140.56.174
2024-08-20 00:43:40.736 parsl:925 2145710 MainThread [INFO]  max_workers_per_node: inf
2024-08-20 00:43:40.736 parsl:926 2145710 MainThread [INFO]  poll_period: 10
2024-08-20 00:43:40.736 parsl:927 2145710 MainThread [INFO]  address_probe_timeout: 30
2024-08-20 00:43:40.736 parsl:928 2145710 MainThread [INFO]  Prefetch capacity: 0
2024-08-20 00:43:40.736 parsl:929 2145710 MainThread [INFO]  Heartbeat threshold: 120
2024-08-20 00:43:40.736 parsl:930 2145710 MainThread [INFO]  Heartbeat period: 30
2024-08-20 00:43:40.736 parsl:931 2145710 MainThread [INFO]  Drain period: None
2024-08-20 00:43:40.736 parsl:932 2145710 MainThread [INFO]  CPU affinity: block-reverse
2024-08-20 00:43:40.736 parsl:933 2145710 MainThread [INFO]  Accelerators: 0,1,2,3
2024-08-20 00:43:40.736 parsl:934 2145710 MainThread [INFO]  enable_mpi_mode: False
2024-08-20 00:43:40.737 parsl:935 2145710 MainThread [INFO]  mpi_launcher: mpiexec
2024-08-20 00:43:40.737 parsl:151 2145710 MainThread [INFO]  Manager initializing
2024-08-20 00:43:40.747 parsl.executors.high_throughput.probe:49 2145710 MainThread [INFO]  Connected to interchange on 10.140.56.174
2024-08-20 00:43:40.747 parsl:160 2145710 MainThread [INFO]  Connection to Interchange successful on 10.140.56.174
2024-08-20 00:43:40.748 parsl:163 2145710 MainThread [INFO]  Task url : tcp://10.140.56.174:54549
2024-08-20 00:43:40.748 parsl:164 2145710 MainThread [INFO]  Result url : tcp://10.140.56.174:54569
2024-08-20 00:43:40.748 parsl:183 2145710 MainThread [INFO]  Manager connected to interchange
2024-08-20 00:43:41.286 parsl:254 2145710 MainThread [INFO]  Manager will spawn 1 workers
2024-08-20 00:43:41.288 parsl:306 2145710 Task-Puller [INFO]  starting
2024-08-20 00:43:41.289 parsl:536 2145710 MainThread [INFO]  Manager threads started
2024-08-20 00:44:11.293 parsl:418 2145710 Result-Pusher [INFO]  Sending heartbeat via results connection: last_result_beat=1724114621.288642 heartbeat_period=30 seconds
2024-08-20 00:44:41.300 parsl:418 2145710 Result-Pusher [INFO]  Sending heartbeat via results connection: last_result_beat=1724114651.2937565 heartbeat_period=30 seconds
2024-08-20 00:45:11.301 parsl:418 2145710 Result-Pusher [INFO]  Sending heartbeat via results connection: last_result_beat=1724114681.3006253 heartbeat_period=30 seconds
2024-08-20 00:45:41.305 parsl:418 2145710 Result-Pusher [INFO]  Sending heartbeat via results connection: last_result_beat=1724114711.3013084 heartbeat_period=30 seconds
2024-08-20 00:46:11.314 parsl:418 2145710 Result-Pusher [INFO]  Sending heartbeat via results connection: last_result_beat=1724114741.3061242 heartbeat_period=30 seconds
2024-08-20 00:46:11.348 parsl:381 2145710 Task-Puller [CRITICAL]  Missing contact with interchange beyond heartbeat_threshold
2024-08-20 00:46:11.348 parsl:383 2145710 Task-Puller [CRITICAL]  Exiting
2024-08-20 00:46:11.348 parsl:540 2145710 MainThread [CRITICAL]  Received kill event, terminating worker processes
2024-08-20 00:46:11.348 parsl:471 2145710 worker-watchdog [CRITICAL]  Exiting
2024-08-20 00:46:11.354 parsl:501 2145710 Monitoring-Handler [CRITICAL]  Exiting
2024-08-20 00:46:11.355 parsl:434 2145710 Result-Pusher [CRITICAL]  Exiting
2024-08-20 00:46:11.355 parsl:548 2145710 MainThread [CRITICAL]  Terminating worker <SpawnProcess name='HTEX-Worker-0' pid=2145724 parent=2145710 started>: is_alive()=True
2024-08-20 00:46:11.360 parsl:557 2145710 MainThread [INFO]  process_worker_pool ran for 150.62379360198975 seconds
2024-08-20 00:46:11.360 parsl:965 2145710 MainThread [INFO]  Process worker pool exiting normally
