2024-08-19 22:48:37.365 parsl:914 3010825 MainThread [INFO]  Python version: 3.11.8 | packaged by conda-forge | (main, Feb 16 2024, 20:53:32) [GCC 12.3.0]
2024-08-19 22:48:37.366 parsl:915 3010825 MainThread [INFO]  Debug logging: False
2024-08-19 22:48:37.366 parsl:916 3010825 MainThread [INFO]  Certificates dir: None
2024-08-19 22:48:37.366 parsl:917 3010825 MainThread [INFO]  Log dir: /home/viralss2/nekRS-ML_MSR/examples/parsl_MSR_smartsim/runinfo/013/HighThroughputExecutor
2024-08-19 22:48:37.366 parsl:918 3010825 MainThread [INFO]  Manager ID: 8d7e11dc2105
2024-08-19 22:48:37.366 parsl:919 3010825 MainThread [INFO]  Block ID: 0
2024-08-19 22:48:37.366 parsl:920 3010825 MainThread [INFO]  cores_per_worker: 1.0
2024-08-19 22:48:37.366 parsl:921 3010825 MainThread [INFO]  mem_per_worker: None
2024-08-19 22:48:37.366 parsl:922 3010825 MainThread [INFO]  task_port: 54724
2024-08-19 22:48:37.366 parsl:923 3010825 MainThread [INFO]  result_port: 54411
2024-08-19 22:48:37.366 parsl:924 3010825 MainThread [INFO]  addresses: 10.140.57.88
2024-08-19 22:48:37.366 parsl:925 3010825 MainThread [INFO]  max_workers_per_node: inf
2024-08-19 22:48:37.366 parsl:926 3010825 MainThread [INFO]  poll_period: 10
2024-08-19 22:48:37.366 parsl:927 3010825 MainThread [INFO]  address_probe_timeout: 30
2024-08-19 22:48:37.366 parsl:928 3010825 MainThread [INFO]  Prefetch capacity: 0
2024-08-19 22:48:37.366 parsl:929 3010825 MainThread [INFO]  Heartbeat threshold: 120
2024-08-19 22:48:37.366 parsl:930 3010825 MainThread [INFO]  Heartbeat period: 30
2024-08-19 22:48:37.366 parsl:931 3010825 MainThread [INFO]  Drain period: None
2024-08-19 22:48:37.366 parsl:932 3010825 MainThread [INFO]  CPU affinity: block-reverse
2024-08-19 22:48:37.366 parsl:933 3010825 MainThread [INFO]  Accelerators: 0,1,2,3
2024-08-19 22:48:37.366 parsl:934 3010825 MainThread [INFO]  enable_mpi_mode: False
2024-08-19 22:48:37.366 parsl:935 3010825 MainThread [INFO]  mpi_launcher: mpiexec
2024-08-19 22:48:37.366 parsl:151 3010825 MainThread [INFO]  Manager initializing
2024-08-19 22:48:37.377 parsl.executors.high_throughput.probe:49 3010825 MainThread [INFO]  Connected to interchange on 10.140.57.88
2024-08-19 22:48:37.377 parsl:160 3010825 MainThread [INFO]  Connection to Interchange successful on 10.140.57.88
2024-08-19 22:48:37.378 parsl:163 3010825 MainThread [INFO]  Task url : tcp://10.140.57.88:54724
2024-08-19 22:48:37.378 parsl:164 3010825 MainThread [INFO]  Result url : tcp://10.140.57.88:54411
2024-08-19 22:48:37.378 parsl:183 3010825 MainThread [INFO]  Manager connected to interchange
2024-08-19 22:48:37.938 parsl:254 3010825 MainThread [INFO]  Manager will spawn 1 workers
2024-08-19 22:48:37.941 parsl:306 3010825 Task-Puller [INFO]  starting
2024-08-19 22:48:37.942 parsl:536 3010825 MainThread [INFO]  Manager threads started
2024-08-19 22:49:07.945 parsl:418 3010825 Result-Pusher [INFO]  Sending heartbeat via results connection: last_result_beat=1724107717.9418647 heartbeat_period=30 seconds
2024-08-19 22:49:37.952 parsl:418 3010825 Result-Pusher [INFO]  Sending heartbeat via results connection: last_result_beat=1724107747.945899 heartbeat_period=30 seconds
2024-08-19 22:50:07.961 parsl:418 3010825 Result-Pusher [INFO]  Sending heartbeat via results connection: last_result_beat=1724107777.952718 heartbeat_period=30 seconds
2024-08-19 22:50:37.970 parsl:418 3010825 Result-Pusher [INFO]  Sending heartbeat via results connection: last_result_beat=1724107807.9621105 heartbeat_period=30 seconds
2024-08-19 22:51:07.974 parsl:418 3010825 Result-Pusher [INFO]  Sending heartbeat via results connection: last_result_beat=1724107837.9704194 heartbeat_period=30 seconds
2024-08-19 22:51:37.984 parsl:418 3010825 Result-Pusher [INFO]  Sending heartbeat via results connection: last_result_beat=1724107867.9751225 heartbeat_period=30 seconds
2024-08-19 22:52:07.986 parsl:418 3010825 Result-Pusher [INFO]  Sending heartbeat via results connection: last_result_beat=1724107897.9848382 heartbeat_period=30 seconds
2024-08-19 22:52:37.988 parsl:418 3010825 Result-Pusher [INFO]  Sending heartbeat via results connection: last_result_beat=1724107927.9864523 heartbeat_period=30 seconds
2024-08-19 22:53:07.995 parsl:418 3010825 Result-Pusher [INFO]  Sending heartbeat via results connection: last_result_beat=1724107957.9886088 heartbeat_period=30 seconds
2024-08-19 22:53:38.000 parsl:418 3010825 Result-Pusher [INFO]  Sending heartbeat via results connection: last_result_beat=1724107987.9959495 heartbeat_period=30 seconds
2024-08-19 22:54:08.002 parsl:418 3010825 Result-Pusher [INFO]  Sending heartbeat via results connection: last_result_beat=1724108018.0008702 heartbeat_period=30 seconds
2024-08-19 22:54:38.010 parsl:418 3010825 Result-Pusher [INFO]  Sending heartbeat via results connection: last_result_beat=1724108048.0027876 heartbeat_period=30 seconds
2024-08-19 22:55:08.019 parsl:418 3010825 Result-Pusher [INFO]  Sending heartbeat via results connection: last_result_beat=1724108078.0101306 heartbeat_period=30 seconds
