1724113982.334295 2024-08-20 00:33:02 MainProcess-2140315 MainThread-22799047884992 parsl.dataflow.dflow:175 _log INFO: Starting DataFlowKernel with config
Config(
    app_cache=True, 
    checkpoint_files=None, 
    checkpoint_mode=None, 
    checkpoint_period=None, 
    dependency_resolver=None, 
    executors=(HighThroughputExecutor(
        address='10.140.56.174', 
        address_probe_timeout=None, 
        available_accelerators=['0,1,2,3'], 
        block_error_handler=<function simple_error_handler at 0x14ba46372980>, 
        cores_per_worker=1.0, 
        cpu_affinity='block-reverse', 
        drain_period=None, 
        enable_mpi_mode=False, 
        encrypted=False, 
        heartbeat_period=30, 
        heartbeat_threshold=120, 
        interchange_launch_cmd=['interchange.py'], 
        interchange_port_range=(55000, 56000), 
        label='HighThroughputExecutor', 
        launch_cmd='process_worker_pool.py {debug} {max_workers_per_node} -a {addresses} -p {prefetch_capacity} -c {cores_per_worker} -m {mem_per_worker} --poll {poll_period} --task_port={task_port} --result_port={result_port} --cert_dir {cert_dir} --logdir={logdir} --block_id={{block_id}} --hb_period={heartbeat_period} {address_probe_timeout_string} --hb_threshold={heartbeat_threshold} --drain_period={drain_period} --cpu-affinity {cpu_affinity} {enable_mpi_mode} --mpi-launcher={mpi_launcher} --available-accelerators {accelerators}', 
        manager_selector=<parsl.executors.high_throughput.manager_selector.RandomManagerSelector object at 0x14ba463823d0>, 
        max_workers=inf, 
        max_workers_per_node=inf, 
        mem_per_worker=None, 
        mpi_launcher='mpiexec', 
        poll_period=10, 
        prefetch_capacity=0, 
        provider=LocalProvider(
            channel=LocalChannel(
                envs={}, 
                script_dir=None, 
                userhome='/home/viralss2/nekRS-ML_MSR/examples/parsl_MSR_smartsim'
            ), 
            cmd_timeout=30, 
            init_blocks=1, 
            launcher=SingleNodeLauncher(debug=True, fail_on_any=False), 
            max_blocks=1, 
            min_blocks=0, 
            move_files=None, 
            nodes_per_block=1, 
            parallelism=1, 
            worker_init='source /home/viralss2/ALCF_Hands_on_HPC_Workshop/workflows/parsl/launch_eg/set_run_env;\n                            cd /home/viralss2/nekRS-ML_MSR/examples/parsl_MSR_smartsim'
        ), 
        storage_access=None, 
        worker_debug=False, 
        worker_logdir_root=None, 
        worker_port_range=(54000, 55000), 
        worker_ports=None, 
        working_dir=None
    ),), 
    exit_mode='cleanup', 
    garbage_collect=True, 
    initialize_logging=True, 
    internal_tasks_max_threads=10, 
    max_idletime=120.0, 
    monitoring=None, 
    retries=1, 
    retry_handler=None, 
    run_dir='runinfo', 
    std_autopath=None, 
    strategy='simple', 
    strategy_period=5, 
    usage_tracking=0
)
1724113982.335306 2024-08-20 00:33:02 MainProcess-2140315 MainThread-22799047884992 parsl.dataflow.dflow:175 _log INFO: Parsl version: 2024.08.05
1724113982.335398 2024-08-20 00:33:02 MainProcess-2140315 MainThread-22799047884992 parsl.usage_tracking.usage:175 _log DEBUG: Tracking level: 0
1724113982.335474 2024-08-20 00:33:02 MainProcess-2140315 MainThread-22799047884992 parsl.dataflow.dflow:175 _log INFO: Run id is: f9752bc2-3f02-4ffe-842f-0fa6b8795cb8
1724113982.445742 2024-08-20 00:33:02 MainProcess-2140315 MainThread-22799047884992 parsl.dataflow.dflow:175 _log DEBUG: Considering candidate for workflow name: /home/viralss2/SSML/lib/python3.11/site-packages/parsl/dataflow/dflow.py
1724113982.445808 2024-08-20 00:33:02 MainProcess-2140315 MainThread-22799047884992 parsl.dataflow.dflow:175 _log DEBUG: Considering candidate for workflow name: /soft/applications/conda/2024-04-29/mconda3/lib/python3.11/site-packages/typeguard/__init__.py
1724113982.445859 2024-08-20 00:33:02 MainProcess-2140315 MainThread-22799047884992 parsl.dataflow.dflow:175 _log DEBUG: Considering candidate for workflow name: /home/viralss2/SSML/lib/python3.11/site-packages/parsl/dataflow/dflow.py
1724113982.445924 2024-08-20 00:33:02 MainProcess-2140315 MainThread-22799047884992 parsl.dataflow.dflow:175 _log DEBUG: Considering candidate for workflow name: /soft/applications/conda/2024-04-29/mconda3/lib/python3.11/site-packages/typeguard/__init__.py
1724113982.445981 2024-08-20 00:33:02 MainProcess-2140315 MainThread-22799047884992 parsl.dataflow.dflow:175 _log DEBUG: Considering candidate for workflow name: /home/viralss2/nekRS-ML_MSR/examples/parsl_MSR_smartsim/ssim_driver_polaris.py
1724113982.446020 2024-08-20 00:33:02 MainProcess-2140315 MainThread-22799047884992 parsl.dataflow.dflow:175 _log DEBUG: Using ssim_driver_polaris.py as workflow name
1724113982.446147 2024-08-20 00:33:02 MainProcess-2140315 MainThread-22799047884992 parsl.dataflow.memoization:175 _log INFO: App caching initialized
1724113982.446205 2024-08-20 00:33:02 MainProcess-2140315 MainThread-22799047884992 parsl.jobs.strategy:175 _log DEBUG: Scaling strategy: simple
1724113982.450526 2024-08-20 00:33:02 MainProcess-2140315 MainThread-22799047884992 parsl.executors.high_throughput.executor:175 _log DEBUG: Starting result queue thread
1724113982.450729 2024-08-20 00:33:02 MainProcess-2140315 HTEX-Result-Queue-Thread-22790258284288 parsl.executors.high_throughput.executor:175 _log DEBUG: Result queue worker starting
1724113982.450807 2024-08-20 00:33:02 MainProcess-2140315 MainThread-22799047884992 parsl.executors.high_throughput.executor:175 _log DEBUG: Started result queue thread
1724113982.450855 2024-08-20 00:33:02 MainProcess-2140315 HTEX-Result-Queue-Thread-22790258284288 parsl.executors.high_throughput.zmq_pipes:175 _log DEBUG: Waiting for ResultsIncoming message
1724113982.451698 2024-08-20 00:33:02 MainProcess-2140315 MainThread-22799047884992 parsl.executors.high_throughput.executor:175 _log DEBUG: Popened interchange process. Writing config object
1724113982.451775 2024-08-20 00:33:02 MainProcess-2140315 MainThread-22799047884992 parsl.executors.high_throughput.executor:175 _log DEBUG: Sent config object. Requesting worker ports
1724113982.451818 2024-08-20 00:33:02 MainProcess-2140315 MainThread-22799047884992 parsl.executors.high_throughput.zmq_pipes:175 _log DEBUG: Sending command client command
1724113982.988701 2024-08-20 00:33:02 MainProcess-2140315 MainThread-22799047884992 parsl.executors.high_throughput.zmq_pipes:175 _log DEBUG: Polling for command client response or timeout
1724113982.990217 2024-08-20 00:33:02 MainProcess-2140315 MainThread-22799047884992 parsl.executors.high_throughput.zmq_pipes:175 _log DEBUG: Receiving command client response
1724113982.990278 2024-08-20 00:33:02 MainProcess-2140315 MainThread-22799047884992 parsl.executors.high_throughput.zmq_pipes:175 _log DEBUG: Received command client response
1724113982.990321 2024-08-20 00:33:02 MainProcess-2140315 MainThread-22799047884992 parsl.executors.high_throughput.executor:175 _log DEBUG: Got worker ports
1724113982.990357 2024-08-20 00:33:02 MainProcess-2140315 MainThread-22799047884992 parsl.executors.high_throughput.executor:175 _log DEBUG: Created result queue thread: <Thread(HTEX-Result-Queue-Thread, started daemon 22790258284288)>
1724113982.990574 2024-08-20 00:33:02 MainProcess-2140315 MainThread-22799047884992 parsl.executors.high_throughput.executor:175 _log DEBUG: Launch command: process_worker_pool.py   -a 10.140.56.174 -p 0 -c 1.0 -m None --poll 10 --task_port=54662 --result_port=54332 --cert_dir None --logdir=/home/viralss2/nekRS-ML_MSR/examples/parsl_MSR_smartsim/runinfo/032/HighThroughputExecutor --block_id={block_id} --hb_period=30  --hb_threshold=120 --drain_period=None --cpu-affinity block-reverse  --mpi-launcher=mpiexec --available-accelerators 0,1,2,3
1724113982.990614 2024-08-20 00:33:02 MainProcess-2140315 MainThread-22799047884992 parsl.executors.high_throughput.executor:175 _log DEBUG: Starting HighThroughputExecutor with provider:
LocalProvider(
    channel=LocalChannel(
        envs={}, 
        script_dir='/home/viralss2/nekRS-ML_MSR/examples/parsl_MSR_smartsim/runinfo/032/submit_scripts', 
        userhome='/home/viralss2/nekRS-ML_MSR/examples/parsl_MSR_smartsim'
    ), 
    cmd_timeout=30, 
    init_blocks=1, 
    launcher=SingleNodeLauncher(debug=True, fail_on_any=False), 
    max_blocks=1, 
    min_blocks=0, 
    move_files=None, 
    nodes_per_block=1, 
    parallelism=1, 
    worker_init='source /home/viralss2/ALCF_Hands_on_HPC_Workshop/workflows/parsl/launch_eg/set_run_env;\n                            cd /home/viralss2/nekRS-ML_MSR/examples/parsl_MSR_smartsim'
)
1724113982.990904 2024-08-20 00:33:02 MainProcess-2140315 MainThread-22799047884992 parsl.jobs.job_status_poller:175 _log DEBUG: Adding executor HighThroughputExecutor
1724113987.446543 2024-08-20 00:33:07 MainProcess-2140315 JobStatusPoller-Timer-Thread-22790273353296-22790272993024 parsl.executors.high_throughput.zmq_pipes:175 _log DEBUG: Sending command client command
1724113987.446709 2024-08-20 00:33:07 MainProcess-2140315 JobStatusPoller-Timer-Thread-22790273353296-22790272993024 parsl.executors.high_throughput.zmq_pipes:175 _log DEBUG: Receiving command client response
1724113987.446881 2024-08-20 00:33:07 MainProcess-2140315 JobStatusPoller-Timer-Thread-22790273353296-22790272993024 parsl.executors.high_throughput.zmq_pipes:175 _log DEBUG: Received command client response
1724113987.446951 2024-08-20 00:33:07 MainProcess-2140315 JobStatusPoller-Timer-Thread-22790273353296-22790272993024 parsl.jobs.strategy:175 _log DEBUG: general strategy starting with strategy_type simple for 1 executors
1724113987.446991 2024-08-20 00:33:07 MainProcess-2140315 JobStatusPoller-Timer-Thread-22790273353296-22790272993024 parsl.jobs.strategy:175 _log DEBUG: Strategizing for executor HighThroughputExecutor
1724113987.447028 2024-08-20 00:33:07 MainProcess-2140315 JobStatusPoller-Timer-Thread-22790273353296-22790272993024 parsl.jobs.strategy:175 _log DEBUG: Scaling out 1 initial blocks for HighThroughputExecutor
1724113987.447068 2024-08-20 00:33:07 MainProcess-2140315 JobStatusPoller-Timer-Thread-22790273353296-22790272993024 parsl.executors.status_handling:175 _log INFO: Scaling out by 1 blocks
1724113987.447109 2024-08-20 00:33:07 MainProcess-2140315 JobStatusPoller-Timer-Thread-22790273353296-22790272993024 parsl.executors.status_handling:175 _log INFO: Allocated block ID 0
1724113987.447150 2024-08-20 00:33:07 MainProcess-2140315 JobStatusPoller-Timer-Thread-22790273353296-22790272993024 parsl.executors.status_handling:175 _log DEBUG: Submitting to provider with job_name parsl.HighThroughputExecutor.block-0
1724113987.449415 2024-08-20 00:33:07 MainProcess-2140315 JobStatusPoller-Timer-Thread-22790273353296-22790272993024 parsl.providers.local.local:175 _log DEBUG: Launching
1724113987.449628 2024-08-20 00:33:07 MainProcess-2140315 JobStatusPoller-Timer-Thread-22790273353296-22790272993024 parsl.channels.local.local:175 _log DEBUG: Creating process with command '/bin/bash -c 'echo - >/home/viralss2/nekRS-ML_MSR/examples/parsl_MSR_smartsim/runinfo/032/submit_scripts/parsl.HighThroughputExecutor.block-0.1724113987.4472587.sh.ec && { { bash /home/viralss2/nekRS-ML_MSR/examples/parsl_MSR_smartsim/runinfo/032/submit_scripts/parsl.HighThroughputExecutor.block-0.1724113987.4472587.sh 1>/home/viralss2/nekRS-ML_MSR/examples/parsl_MSR_smartsim/runinfo/032/submit_scripts/parsl.HighThroughputExecutor.block-0.1724113987.4472587.sh.out 2>/home/viralss2/nekRS-ML_MSR/examples/parsl_MSR_smartsim/runinfo/032/submit_scripts/parsl.HighThroughputExecutor.block-0.1724113987.4472587.sh.err ; echo $? > /home/viralss2/nekRS-ML_MSR/examples/parsl_MSR_smartsim/runinfo/032/submit_scripts/parsl.HighThroughputExecutor.block-0.1724113987.4472587.sh.ec ; } >/dev/null 2>&1 & echo "PID:$!" ; }''
1724113987.463183 2024-08-20 00:33:07 MainProcess-2140315 JobStatusPoller-Timer-Thread-22790273353296-22790272993024 parsl.channels.local.local:175 _log DEBUG: Created process with pid 2140530. Performing communicate
1724113987.477406 2024-08-20 00:33:07 MainProcess-2140315 JobStatusPoller-Timer-Thread-22790273353296-22790272993024 parsl.channels.local.local:175 _log DEBUG: Process 2140530 returned 0
1724113987.477508 2024-08-20 00:33:07 MainProcess-2140315 JobStatusPoller-Timer-Thread-22790273353296-22790272993024 parsl.channels.local.local:175 _log DEBUG: Execution of command in process 2140530 completed normally
1724113987.477642 2024-08-20 00:33:07 MainProcess-2140315 JobStatusPoller-Timer-Thread-22790273353296-22790272993024 parsl.executors.status_handling:175 _log DEBUG: Launched block 0 on executor HighThroughputExecutor with job ID 2140531
1724113987.477728 2024-08-20 00:33:07 MainProcess-2140315 JobStatusPoller-Timer-Thread-22790273353296-22790272993024 parsl.executors.high_throughput.zmq_pipes:175 _log DEBUG: Sending command client command
1724113987.477813 2024-08-20 00:33:07 MainProcess-2140315 JobStatusPoller-Timer-Thread-22790273353296-22790272993024 parsl.executors.high_throughput.zmq_pipes:175 _log DEBUG: Receiving command client response
1724113987.477956 2024-08-20 00:33:07 MainProcess-2140315 JobStatusPoller-Timer-Thread-22790273353296-22790272993024 parsl.executors.high_throughput.zmq_pipes:175 _log DEBUG: Received command client response
1724113987.478025 2024-08-20 00:33:07 MainProcess-2140315 JobStatusPoller-Timer-Thread-22790273353296-22790272993024 parsl.jobs.strategy:175 _log DEBUG: Slot ratio calculation: active_slots = 1, active_tasks = 0
1724113987.478069 2024-08-20 00:33:07 MainProcess-2140315 JobStatusPoller-Timer-Thread-22790273353296-22790272993024 parsl.executors.high_throughput.zmq_pipes:175 _log DEBUG: Sending command client command
1724113987.478115 2024-08-20 00:33:07 MainProcess-2140315 JobStatusPoller-Timer-Thread-22790273353296-22790272993024 parsl.executors.high_throughput.zmq_pipes:175 _log DEBUG: Receiving command client response
1724113987.478216 2024-08-20 00:33:07 MainProcess-2140315 JobStatusPoller-Timer-Thread-22790273353296-22790272993024 parsl.executors.high_throughput.zmq_pipes:175 _log DEBUG: Received command client response
1724113987.478267 2024-08-20 00:33:07 MainProcess-2140315 JobStatusPoller-Timer-Thread-22790273353296-22790272993024 parsl.executors.high_throughput.zmq_pipes:175 _log DEBUG: Sending command client command
1724113987.478314 2024-08-20 00:33:07 MainProcess-2140315 JobStatusPoller-Timer-Thread-22790273353296-22790272993024 parsl.executors.high_throughput.zmq_pipes:175 _log DEBUG: Receiving command client response
1724113987.478395 2024-08-20 00:33:07 MainProcess-2140315 JobStatusPoller-Timer-Thread-22790273353296-22790272993024 parsl.executors.high_throughput.zmq_pipes:175 _log DEBUG: Received command client response
1724113987.478444 2024-08-20 00:33:07 MainProcess-2140315 JobStatusPoller-Timer-Thread-22790273353296-22790272993024 parsl.jobs.strategy:175 _log DEBUG: Executor HighThroughputExecutor has 0 active tasks, 0/1 running/pending blocks, and 0 connected workers
1724113987.478481 2024-08-20 00:33:07 MainProcess-2140315 JobStatusPoller-Timer-Thread-22790273353296-22790272993024 parsl.jobs.strategy:175 _log DEBUG: Strategy case 1: Executor has no active tasks
1724113987.478517 2024-08-20 00:33:07 MainProcess-2140315 JobStatusPoller-Timer-Thread-22790273353296-22790272993024 parsl.jobs.strategy:175 _log DEBUG: Strategy case 1b: Executor has no active tasks, and more (1) than minimum blocks (0)
1724113987.478556 2024-08-20 00:33:07 MainProcess-2140315 JobStatusPoller-Timer-Thread-22790273353296-22790272993024 parsl.jobs.strategy:175 _log DEBUG: Starting idle timer for executor. If idle time exceeds 120.0s, blocks will be scaled in
1724113987.478603 2024-08-20 00:33:07 MainProcess-2140315 JobStatusPoller-Timer-Thread-22790273353296-22790272993024 parsl.jobs.strategy:175 _log DEBUG: Idle time 7.152557373046875e-07s is less than max_idletime 120.0s for executor HighThroughputExecutor; not scaling in
1724113987.478653 2024-08-20 00:33:07 MainProcess-2140315 JobStatusPoller-Timer-Thread-22790273353296-22790272993024 parsl.process_loggers:175 _log DEBUG: Normal ending for _general_strategy on thread JobStatusPoller-Timer-Thread-22790273353296
1724113992.479061 2024-08-20 00:33:12 MainProcess-2140315 JobStatusPoller-Timer-Thread-22790273353296-22790272993024 parsl.channels.local.local:175 _log DEBUG: Creating process with command 'ps -p 2140531 > /dev/null 2> /dev/null; echo "STATUS:$?" '
1724113992.487554 2024-08-20 00:33:12 MainProcess-2140315 JobStatusPoller-Timer-Thread-22790273353296-22790272993024 parsl.channels.local.local:175 _log DEBUG: Created process with pid 2140745. Performing communicate
1724113992.549093 2024-08-20 00:33:12 MainProcess-2140315 JobStatusPoller-Timer-Thread-22790273353296-22790272993024 parsl.channels.local.local:175 _log DEBUG: Process 2140745 returned 0
1724113992.549187 2024-08-20 00:33:12 MainProcess-2140315 JobStatusPoller-Timer-Thread-22790273353296-22790272993024 parsl.channels.local.local:175 _log DEBUG: Execution of command in process 2140745 completed normally
1724113992.550234 2024-08-20 00:33:12 MainProcess-2140315 JobStatusPoller-Timer-Thread-22790273353296-22790272993024 parsl.executors.high_throughput.zmq_pipes:175 _log DEBUG: Sending command client command
1724113992.550337 2024-08-20 00:33:12 MainProcess-2140315 JobStatusPoller-Timer-Thread-22790273353296-22790272993024 parsl.executors.high_throughput.zmq_pipes:175 _log DEBUG: Receiving command client response
1724113992.550554 2024-08-20 00:33:12 MainProcess-2140315 JobStatusPoller-Timer-Thread-22790273353296-22790272993024 parsl.executors.high_throughput.zmq_pipes:175 _log DEBUG: Received command client response
1724113992.550671 2024-08-20 00:33:12 MainProcess-2140315 JobStatusPoller-Timer-Thread-22790273353296-22790272993024 parsl.jobs.strategy:175 _log DEBUG: general strategy starting with strategy_type simple for 1 executors
1724113992.550716 2024-08-20 00:33:12 MainProcess-2140315 JobStatusPoller-Timer-Thread-22790273353296-22790272993024 parsl.jobs.strategy:175 _log DEBUG: Strategizing for executor HighThroughputExecutor
1724113992.550759 2024-08-20 00:33:12 MainProcess-2140315 JobStatusPoller-Timer-Thread-22790273353296-22790272993024 parsl.executors.high_throughput.zmq_pipes:175 _log DEBUG: Sending command client command
1724113992.550806 2024-08-20 00:33:12 MainProcess-2140315 JobStatusPoller-Timer-Thread-22790273353296-22790272993024 parsl.executors.high_throughput.zmq_pipes:175 _log DEBUG: Receiving command client response
1724113992.550941 2024-08-20 00:33:12 MainProcess-2140315 JobStatusPoller-Timer-Thread-22790273353296-22790272993024 parsl.executors.high_throughput.zmq_pipes:175 _log DEBUG: Received command client response
1724113992.551007 2024-08-20 00:33:12 MainProcess-2140315 JobStatusPoller-Timer-Thread-22790273353296-22790272993024 parsl.jobs.strategy:175 _log DEBUG: Slot ratio calculation: active_slots = 1, active_tasks = 0
1724113992.551064 2024-08-20 00:33:12 MainProcess-2140315 JobStatusPoller-Timer-Thread-22790273353296-22790272993024 parsl.executors.high_throughput.zmq_pipes:175 _log DEBUG: Sending command client command
1724113992.551120 2024-08-20 00:33:12 MainProcess-2140315 JobStatusPoller-Timer-Thread-22790273353296-22790272993024 parsl.executors.high_throughput.zmq_pipes:175 _log DEBUG: Receiving command client response
1724113992.551209 2024-08-20 00:33:12 MainProcess-2140315 JobStatusPoller-Timer-Thread-22790273353296-22790272993024 parsl.executors.high_throughput.zmq_pipes:175 _log DEBUG: Received command client response
1724113992.551253 2024-08-20 00:33:12 MainProcess-2140315 JobStatusPoller-Timer-Thread-22790273353296-22790272993024 parsl.executors.high_throughput.zmq_pipes:175 _log DEBUG: Sending command client command
1724113992.551298 2024-08-20 00:33:12 MainProcess-2140315 JobStatusPoller-Timer-Thread-22790273353296-22790272993024 parsl.executors.high_throughput.zmq_pipes:175 _log DEBUG: Receiving command client response
1724113992.551381 2024-08-20 00:33:12 MainProcess-2140315 JobStatusPoller-Timer-Thread-22790273353296-22790272993024 parsl.executors.high_throughput.zmq_pipes:175 _log DEBUG: Received command client response
1724113992.551421 2024-08-20 00:33:12 MainProcess-2140315 JobStatusPoller-Timer-Thread-22790273353296-22790272993024 parsl.jobs.strategy:175 _log DEBUG: Executor HighThroughputExecutor has 0 active tasks, 1/0 running/pending blocks, and 1 connected workers
1724113992.551472 2024-08-20 00:33:12 MainProcess-2140315 JobStatusPoller-Timer-Thread-22790273353296-22790272993024 parsl.jobs.strategy:175 _log DEBUG: Strategy case 1: Executor has no active tasks
1724113992.551512 2024-08-20 00:33:12 MainProcess-2140315 JobStatusPoller-Timer-Thread-22790273353296-22790272993024 parsl.jobs.strategy:175 _log DEBUG: Strategy case 1b: Executor has no active tasks, and more (1) than minimum blocks (0)
1724113992.551556 2024-08-20 00:33:12 MainProcess-2140315 JobStatusPoller-Timer-Thread-22790273353296-22790272993024 parsl.jobs.strategy:175 _log DEBUG: Idle time 5.072954177856445s is less than max_idletime 120.0s for executor HighThroughputExecutor; not scaling in
1724113992.551594 2024-08-20 00:33:12 MainProcess-2140315 JobStatusPoller-Timer-Thread-22790273353296-22790272993024 parsl.process_loggers:175 _log DEBUG: Normal ending for _general_strategy on thread JobStatusPoller-Timer-Thread-22790273353296
1724113993.260668 2024-08-20 00:33:13 MainProcess-2140315 MainThread-22799047884992 parsl.dataflow.dflow:175 _log WARNING: Python is exiting with a DFK still running. You should call parsl.dfk().cleanup() before exiting to release any resources
