1724260456.485543 2024-08-21 17:14:16 MainProcess-3988617 MainThread-23002139119808 parsl.dataflow.dflow:175 _log INFO: Starting DataFlowKernel with config
Config(
    app_cache=True, 
    checkpoint_files=None, 
    checkpoint_mode=None, 
    checkpoint_period=None, 
    dependency_resolver=None, 
    executors=(HighThroughputExecutor(
        address='10.140.56.175', 
        address_probe_timeout=None, 
        available_accelerators=['0,1,2,3'], 
        block_error_handler=<function simple_error_handler at 0x14e98f65a8e0>, 
        cores_per_worker=1.0, 
        cpu_affinity='block-reverse', 
        drain_period=None, 
        enable_mpi_mode=False, 
        encrypted=False, 
        heartbeat_period=30, 
        heartbeat_threshold=120, 
        interchange_launch_cmd=['interchange.py'], 
        interchange_port_range=(55000, 56000), 
        label='HighThroughputExecutor', 
        launch_cmd='process_worker_pool.py {debug} {max_workers_per_node} -a {addresses} -p {prefetch_capacity} -c {cores_per_worker} -m {mem_per_worker} --poll {poll_period} --task_port={task_port} --result_port={result_port} --cert_dir {cert_dir} --logdir={logdir} --block_id={{block_id}} --hb_period={heartbeat_period} {address_probe_timeout_string} --hb_threshold={heartbeat_threshold} --drain_period={drain_period} --cpu-affinity {cpu_affinity} {enable_mpi_mode} --mpi-launcher={mpi_launcher} --available-accelerators {accelerators}', 
        manager_selector=<parsl.executors.high_throughput.manager_selector.RandomManagerSelector object at 0x14e991942590>, 
        max_workers=inf, 
        max_workers_per_node=inf, 
        mem_per_worker=None, 
        mpi_launcher='mpiexec', 
        poll_period=10, 
        prefetch_capacity=0, 
        provider=LocalProvider(
            channel=LocalChannel(
                envs={}, 
                script_dir=None, 
                userhome='/home/viralss2/nekRS-ML_MSR/examples/parsl_MSR_smartsim'
            ), 
            cmd_timeout=30, 
            init_blocks=1, 
            launcher=SingleNodeLauncher(debug=True, fail_on_any=False), 
            max_blocks=1, 
            min_blocks=0, 
            move_files=None, 
            nodes_per_block=1, 
            parallelism=1, 
            worker_init='source /home/viralss2/ALCF_Hands_on_HPC_Workshop/workflows/parsl/launch_eg/set_run_env;\n                            cd /home/viralss2/nekRS-ML_MSR/examples/parsl_MSR_smartsim'
        ), 
        storage_access=None, 
        worker_debug=False, 
        worker_logdir_root=None, 
        worker_port_range=(54000, 55000), 
        worker_ports=None, 
        working_dir=None
    ),), 
    exit_mode='cleanup', 
    garbage_collect=True, 
    initialize_logging=True, 
    internal_tasks_max_threads=10, 
    max_idletime=120.0, 
    monitoring=None, 
    retries=1, 
    retry_handler=None, 
    run_dir='runinfo', 
    std_autopath=None, 
    strategy='simple', 
    strategy_period=5, 
    usage_tracking=0
)
1724260456.486755 2024-08-21 17:14:16 MainProcess-3988617 MainThread-23002139119808 parsl.dataflow.dflow:175 _log INFO: Parsl version: 2024.08.05
1724260456.486840 2024-08-21 17:14:16 MainProcess-3988617 MainThread-23002139119808 parsl.usage_tracking.usage:175 _log DEBUG: Tracking level: 0
1724260456.486918 2024-08-21 17:14:16 MainProcess-3988617 MainThread-23002139119808 parsl.dataflow.dflow:175 _log INFO: Run id is: 1cc6bd13-7514-43cf-aa72-9d55d53c72e0
1724260456.646478 2024-08-21 17:14:16 MainProcess-3988617 MainThread-23002139119808 parsl.dataflow.dflow:175 _log DEBUG: Considering candidate for workflow name: /home/viralss2/SSML/lib/python3.11/site-packages/parsl/dataflow/dflow.py
1724260456.646544 2024-08-21 17:14:16 MainProcess-3988617 MainThread-23002139119808 parsl.dataflow.dflow:175 _log DEBUG: Considering candidate for workflow name: /soft/applications/conda/2024-04-29/mconda3/lib/python3.11/site-packages/typeguard/__init__.py
1724260456.646595 2024-08-21 17:14:16 MainProcess-3988617 MainThread-23002139119808 parsl.dataflow.dflow:175 _log DEBUG: Considering candidate for workflow name: /home/viralss2/SSML/lib/python3.11/site-packages/parsl/dataflow/dflow.py
1724260456.646662 2024-08-21 17:14:16 MainProcess-3988617 MainThread-23002139119808 parsl.dataflow.dflow:175 _log DEBUG: Considering candidate for workflow name: /soft/applications/conda/2024-04-29/mconda3/lib/python3.11/site-packages/typeguard/__init__.py
1724260456.646718 2024-08-21 17:14:16 MainProcess-3988617 MainThread-23002139119808 parsl.dataflow.dflow:175 _log DEBUG: Considering candidate for workflow name: /home/viralss2/nekRS-ML_MSR/examples/parsl_MSR_smartsim/ssim_driver_polaris.py
1724260456.646762 2024-08-21 17:14:16 MainProcess-3988617 MainThread-23002139119808 parsl.dataflow.dflow:175 _log DEBUG: Using ssim_driver_polaris.py as workflow name
1724260456.646903 2024-08-21 17:14:16 MainProcess-3988617 MainThread-23002139119808 parsl.dataflow.memoization:175 _log INFO: App caching initialized
1724260456.646960 2024-08-21 17:14:16 MainProcess-3988617 MainThread-23002139119808 parsl.jobs.strategy:175 _log DEBUG: Scaling strategy: simple
1724260456.651716 2024-08-21 17:14:16 MainProcess-3988617 MainThread-23002139119808 parsl.executors.high_throughput.executor:175 _log DEBUG: Starting result queue thread
1724260456.651923 2024-08-21 17:14:16 MainProcess-3988617 HTEX-Result-Queue-Thread-22993349510912 parsl.executors.high_throughput.executor:175 _log DEBUG: Result queue worker starting
1724260456.652006 2024-08-21 17:14:16 MainProcess-3988617 MainThread-23002139119808 parsl.executors.high_throughput.executor:175 _log DEBUG: Started result queue thread
1724260456.652066 2024-08-21 17:14:16 MainProcess-3988617 HTEX-Result-Queue-Thread-22993349510912 parsl.executors.high_throughput.zmq_pipes:175 _log DEBUG: Waiting for ResultsIncoming message
1724260456.653071 2024-08-21 17:14:16 MainProcess-3988617 MainThread-23002139119808 parsl.executors.high_throughput.executor:175 _log DEBUG: Popened interchange process. Writing config object
1724260456.653141 2024-08-21 17:14:16 MainProcess-3988617 MainThread-23002139119808 parsl.executors.high_throughput.executor:175 _log DEBUG: Sent config object. Requesting worker ports
1724260456.653191 2024-08-21 17:14:16 MainProcess-3988617 MainThread-23002139119808 parsl.executors.high_throughput.zmq_pipes:175 _log DEBUG: Sending command client command
1724260457.242500 2024-08-21 17:14:17 MainProcess-3988617 MainThread-23002139119808 parsl.executors.high_throughput.zmq_pipes:175 _log DEBUG: Polling for command client response or timeout
1724260457.243935 2024-08-21 17:14:17 MainProcess-3988617 MainThread-23002139119808 parsl.executors.high_throughput.zmq_pipes:175 _log DEBUG: Receiving command client response
1724260457.244010 2024-08-21 17:14:17 MainProcess-3988617 MainThread-23002139119808 parsl.executors.high_throughput.zmq_pipes:175 _log DEBUG: Received command client response
1724260457.244060 2024-08-21 17:14:17 MainProcess-3988617 MainThread-23002139119808 parsl.executors.high_throughput.executor:175 _log DEBUG: Got worker ports
1724260457.244102 2024-08-21 17:14:17 MainProcess-3988617 MainThread-23002139119808 parsl.executors.high_throughput.executor:175 _log DEBUG: Created result queue thread: <Thread(HTEX-Result-Queue-Thread, started daemon 22993349510912)>
1724260457.244308 2024-08-21 17:14:17 MainProcess-3988617 MainThread-23002139119808 parsl.executors.high_throughput.executor:175 _log DEBUG: Launch command: process_worker_pool.py   -a 10.140.56.175 -p 0 -c 1.0 -m None --poll 10 --task_port=54611 --result_port=54875 --cert_dir None --logdir=/home/viralss2/nekRS-ML_MSR/examples/parsl_MSR_smartsim/runinfo/071/HighThroughputExecutor --block_id={block_id} --hb_period=30  --hb_threshold=120 --drain_period=None --cpu-affinity block-reverse  --mpi-launcher=mpiexec --available-accelerators 0,1,2,3
1724260457.244352 2024-08-21 17:14:17 MainProcess-3988617 MainThread-23002139119808 parsl.executors.high_throughput.executor:175 _log DEBUG: Starting HighThroughputExecutor with provider:
LocalProvider(
    channel=LocalChannel(
        envs={}, 
        script_dir='/home/viralss2/nekRS-ML_MSR/examples/parsl_MSR_smartsim/runinfo/071/submit_scripts', 
        userhome='/home/viralss2/nekRS-ML_MSR/examples/parsl_MSR_smartsim'
    ), 
    cmd_timeout=30, 
    init_blocks=1, 
    launcher=SingleNodeLauncher(debug=True, fail_on_any=False), 
    max_blocks=1, 
    min_blocks=0, 
    move_files=None, 
    nodes_per_block=1, 
    parallelism=1, 
    worker_init='source /home/viralss2/ALCF_Hands_on_HPC_Workshop/workflows/parsl/launch_eg/set_run_env;\n                            cd /home/viralss2/nekRS-ML_MSR/examples/parsl_MSR_smartsim'
)
1724260457.244642 2024-08-21 17:14:17 MainProcess-3988617 MainThread-23002139119808 parsl.jobs.job_status_poller:175 _log DEBUG: Adding executor HighThroughputExecutor
1724260461.647345 2024-08-21 17:14:21 MainProcess-3988617 JobStatusPoller-Timer-Thread-22993389319952-22993364219648 parsl.executors.high_throughput.zmq_pipes:175 _log DEBUG: Sending command client command
1724260461.647513 2024-08-21 17:14:21 MainProcess-3988617 JobStatusPoller-Timer-Thread-22993389319952-22993364219648 parsl.executors.high_throughput.zmq_pipes:175 _log DEBUG: Receiving command client response
1724260461.647857 2024-08-21 17:14:21 MainProcess-3988617 JobStatusPoller-Timer-Thread-22993389319952-22993364219648 parsl.executors.high_throughput.zmq_pipes:175 _log DEBUG: Received command client response
1724260461.647960 2024-08-21 17:14:21 MainProcess-3988617 JobStatusPoller-Timer-Thread-22993389319952-22993364219648 parsl.jobs.strategy:175 _log DEBUG: general strategy starting with strategy_type simple for 1 executors
1724260461.648021 2024-08-21 17:14:21 MainProcess-3988617 JobStatusPoller-Timer-Thread-22993389319952-22993364219648 parsl.jobs.strategy:175 _log DEBUG: Strategizing for executor HighThroughputExecutor
1724260461.648067 2024-08-21 17:14:21 MainProcess-3988617 JobStatusPoller-Timer-Thread-22993389319952-22993364219648 parsl.jobs.strategy:175 _log DEBUG: Scaling out 1 initial blocks for HighThroughputExecutor
1724260461.648118 2024-08-21 17:14:21 MainProcess-3988617 JobStatusPoller-Timer-Thread-22993389319952-22993364219648 parsl.executors.status_handling:175 _log INFO: Scaling out by 1 blocks
1724260461.648170 2024-08-21 17:14:21 MainProcess-3988617 JobStatusPoller-Timer-Thread-22993389319952-22993364219648 parsl.executors.status_handling:175 _log INFO: Allocated block ID 0
1724260461.648215 2024-08-21 17:14:21 MainProcess-3988617 JobStatusPoller-Timer-Thread-22993389319952-22993364219648 parsl.executors.status_handling:175 _log DEBUG: Submitting to provider with job_name parsl.HighThroughputExecutor.block-0
1724260461.651399 2024-08-21 17:14:21 MainProcess-3988617 JobStatusPoller-Timer-Thread-22993389319952-22993364219648 parsl.providers.local.local:175 _log DEBUG: Launching
1724260461.651623 2024-08-21 17:14:21 MainProcess-3988617 JobStatusPoller-Timer-Thread-22993389319952-22993364219648 parsl.channels.local.local:175 _log DEBUG: Creating process with command '/bin/bash -c 'echo - >/home/viralss2/nekRS-ML_MSR/examples/parsl_MSR_smartsim/runinfo/071/submit_scripts/parsl.HighThroughputExecutor.block-0.1724260461.648318.sh.ec && { { bash /home/viralss2/nekRS-ML_MSR/examples/parsl_MSR_smartsim/runinfo/071/submit_scripts/parsl.HighThroughputExecutor.block-0.1724260461.648318.sh 1>/home/viralss2/nekRS-ML_MSR/examples/parsl_MSR_smartsim/runinfo/071/submit_scripts/parsl.HighThroughputExecutor.block-0.1724260461.648318.sh.out 2>/home/viralss2/nekRS-ML_MSR/examples/parsl_MSR_smartsim/runinfo/071/submit_scripts/parsl.HighThroughputExecutor.block-0.1724260461.648318.sh.err ; echo $? > /home/viralss2/nekRS-ML_MSR/examples/parsl_MSR_smartsim/runinfo/071/submit_scripts/parsl.HighThroughputExecutor.block-0.1724260461.648318.sh.ec ; } >/dev/null 2>&1 & echo "PID:$!" ; }''
1724260461.663257 2024-08-21 17:14:21 MainProcess-3988617 JobStatusPoller-Timer-Thread-22993389319952-22993364219648 parsl.channels.local.local:175 _log DEBUG: Created process with pid 3988896. Performing communicate
1724260461.673149 2024-08-21 17:14:21 MainProcess-3988617 JobStatusPoller-Timer-Thread-22993389319952-22993364219648 parsl.channels.local.local:175 _log DEBUG: Process 3988896 returned 0
1724260461.673257 2024-08-21 17:14:21 MainProcess-3988617 JobStatusPoller-Timer-Thread-22993389319952-22993364219648 parsl.channels.local.local:175 _log DEBUG: Execution of command in process 3988896 completed normally
1724260461.673398 2024-08-21 17:14:21 MainProcess-3988617 JobStatusPoller-Timer-Thread-22993389319952-22993364219648 parsl.executors.status_handling:175 _log DEBUG: Launched block 0 on executor HighThroughputExecutor with job ID 3988897
1724260461.673491 2024-08-21 17:14:21 MainProcess-3988617 JobStatusPoller-Timer-Thread-22993389319952-22993364219648 parsl.executors.high_throughput.zmq_pipes:175 _log DEBUG: Sending command client command
1724260461.673584 2024-08-21 17:14:21 MainProcess-3988617 JobStatusPoller-Timer-Thread-22993389319952-22993364219648 parsl.executors.high_throughput.zmq_pipes:175 _log DEBUG: Receiving command client response
1724260461.673749 2024-08-21 17:14:21 MainProcess-3988617 JobStatusPoller-Timer-Thread-22993389319952-22993364219648 parsl.executors.high_throughput.zmq_pipes:175 _log DEBUG: Received command client response
1724260461.673811 2024-08-21 17:14:21 MainProcess-3988617 JobStatusPoller-Timer-Thread-22993389319952-22993364219648 parsl.jobs.strategy:175 _log DEBUG: Slot ratio calculation: active_slots = 1, active_tasks = 0
1724260461.673857 2024-08-21 17:14:21 MainProcess-3988617 JobStatusPoller-Timer-Thread-22993389319952-22993364219648 parsl.executors.high_throughput.zmq_pipes:175 _log DEBUG: Sending command client command
1724260461.673907 2024-08-21 17:14:21 MainProcess-3988617 JobStatusPoller-Timer-Thread-22993389319952-22993364219648 parsl.executors.high_throughput.zmq_pipes:175 _log DEBUG: Receiving command client response
1724260461.674008 2024-08-21 17:14:21 MainProcess-3988617 JobStatusPoller-Timer-Thread-22993389319952-22993364219648 parsl.executors.high_throughput.zmq_pipes:175 _log DEBUG: Received command client response
1724260461.674057 2024-08-21 17:14:21 MainProcess-3988617 JobStatusPoller-Timer-Thread-22993389319952-22993364219648 parsl.executors.high_throughput.zmq_pipes:175 _log DEBUG: Sending command client command
1724260461.674107 2024-08-21 17:14:21 MainProcess-3988617 JobStatusPoller-Timer-Thread-22993389319952-22993364219648 parsl.executors.high_throughput.zmq_pipes:175 _log DEBUG: Receiving command client response
1724260461.674197 2024-08-21 17:14:21 MainProcess-3988617 JobStatusPoller-Timer-Thread-22993389319952-22993364219648 parsl.executors.high_throughput.zmq_pipes:175 _log DEBUG: Received command client response
1724260461.674242 2024-08-21 17:14:21 MainProcess-3988617 JobStatusPoller-Timer-Thread-22993389319952-22993364219648 parsl.jobs.strategy:175 _log DEBUG: Executor HighThroughputExecutor has 0 active tasks, 0/1 running/pending blocks, and 0 connected workers
1724260461.674282 2024-08-21 17:14:21 MainProcess-3988617 JobStatusPoller-Timer-Thread-22993389319952-22993364219648 parsl.jobs.strategy:175 _log DEBUG: Strategy case 1: Executor has no active tasks
1724260461.674321 2024-08-21 17:14:21 MainProcess-3988617 JobStatusPoller-Timer-Thread-22993389319952-22993364219648 parsl.jobs.strategy:175 _log DEBUG: Strategy case 1b: Executor has no active tasks, and more (1) than minimum blocks (0)
1724260461.674363 2024-08-21 17:14:21 MainProcess-3988617 JobStatusPoller-Timer-Thread-22993389319952-22993364219648 parsl.jobs.strategy:175 _log DEBUG: Starting idle timer for executor. If idle time exceeds 120.0s, blocks will be scaled in
1724260461.674416 2024-08-21 17:14:21 MainProcess-3988617 JobStatusPoller-Timer-Thread-22993389319952-22993364219648 parsl.jobs.strategy:175 _log DEBUG: Idle time 1.430511474609375e-06s is less than max_idletime 120.0s for executor HighThroughputExecutor; not scaling in
1724260461.674472 2024-08-21 17:14:21 MainProcess-3988617 JobStatusPoller-Timer-Thread-22993389319952-22993364219648 parsl.process_loggers:175 _log DEBUG: Normal ending for _general_strategy on thread JobStatusPoller-Timer-Thread-22993389319952
1724260466.675050 2024-08-21 17:14:26 MainProcess-3988617 JobStatusPoller-Timer-Thread-22993389319952-22993364219648 parsl.channels.local.local:175 _log DEBUG: Creating process with command 'ps -p 3988897 > /dev/null 2> /dev/null; echo "STATUS:$?" '
1724260466.684302 2024-08-21 17:14:26 MainProcess-3988617 JobStatusPoller-Timer-Thread-22993389319952-22993364219648 parsl.channels.local.local:175 _log DEBUG: Created process with pid 3989039. Performing communicate
1724260466.743276 2024-08-21 17:14:26 MainProcess-3988617 JobStatusPoller-Timer-Thread-22993389319952-22993364219648 parsl.channels.local.local:175 _log DEBUG: Process 3989039 returned 0
1724260466.743397 2024-08-21 17:14:26 MainProcess-3988617 JobStatusPoller-Timer-Thread-22993389319952-22993364219648 parsl.channels.local.local:175 _log DEBUG: Execution of command in process 3989039 completed normally
1724260466.744488 2024-08-21 17:14:26 MainProcess-3988617 JobStatusPoller-Timer-Thread-22993389319952-22993364219648 parsl.executors.high_throughput.zmq_pipes:175 _log DEBUG: Sending command client command
1724260466.744591 2024-08-21 17:14:26 MainProcess-3988617 JobStatusPoller-Timer-Thread-22993389319952-22993364219648 parsl.executors.high_throughput.zmq_pipes:175 _log DEBUG: Receiving command client response
1724260466.744916 2024-08-21 17:14:26 MainProcess-3988617 JobStatusPoller-Timer-Thread-22993389319952-22993364219648 parsl.executors.high_throughput.zmq_pipes:175 _log DEBUG: Received command client response
1724260466.745032 2024-08-21 17:14:26 MainProcess-3988617 JobStatusPoller-Timer-Thread-22993389319952-22993364219648 parsl.jobs.strategy:175 _log DEBUG: general strategy starting with strategy_type simple for 1 executors
1724260466.745079 2024-08-21 17:14:26 MainProcess-3988617 JobStatusPoller-Timer-Thread-22993389319952-22993364219648 parsl.jobs.strategy:175 _log DEBUG: Strategizing for executor HighThroughputExecutor
1724260466.745124 2024-08-21 17:14:26 MainProcess-3988617 JobStatusPoller-Timer-Thread-22993389319952-22993364219648 parsl.executors.high_throughput.zmq_pipes:175 _log DEBUG: Sending command client command
1724260466.745174 2024-08-21 17:14:26 MainProcess-3988617 JobStatusPoller-Timer-Thread-22993389319952-22993364219648 parsl.executors.high_throughput.zmq_pipes:175 _log DEBUG: Receiving command client response
1724260466.745417 2024-08-21 17:14:26 MainProcess-3988617 JobStatusPoller-Timer-Thread-22993389319952-22993364219648 parsl.executors.high_throughput.zmq_pipes:175 _log DEBUG: Received command client response
1724260466.745471 2024-08-21 17:14:26 MainProcess-3988617 JobStatusPoller-Timer-Thread-22993389319952-22993364219648 parsl.jobs.strategy:175 _log DEBUG: Slot ratio calculation: active_slots = 1, active_tasks = 0
1724260466.745519 2024-08-21 17:14:26 MainProcess-3988617 JobStatusPoller-Timer-Thread-22993389319952-22993364219648 parsl.executors.high_throughput.zmq_pipes:175 _log DEBUG: Sending command client command
1724260466.745572 2024-08-21 17:14:26 MainProcess-3988617 JobStatusPoller-Timer-Thread-22993389319952-22993364219648 parsl.executors.high_throughput.zmq_pipes:175 _log DEBUG: Receiving command client response
1724260466.745788 2024-08-21 17:14:26 MainProcess-3988617 JobStatusPoller-Timer-Thread-22993389319952-22993364219648 parsl.executors.high_throughput.zmq_pipes:175 _log DEBUG: Received command client response
1724260466.745837 2024-08-21 17:14:26 MainProcess-3988617 JobStatusPoller-Timer-Thread-22993389319952-22993364219648 parsl.executors.high_throughput.zmq_pipes:175 _log DEBUG: Sending command client command
1724260466.745885 2024-08-21 17:14:26 MainProcess-3988617 JobStatusPoller-Timer-Thread-22993389319952-22993364219648 parsl.executors.high_throughput.zmq_pipes:175 _log DEBUG: Receiving command client response
1724260466.746080 2024-08-21 17:14:26 MainProcess-3988617 JobStatusPoller-Timer-Thread-22993389319952-22993364219648 parsl.executors.high_throughput.zmq_pipes:175 _log DEBUG: Received command client response
1724260466.746124 2024-08-21 17:14:26 MainProcess-3988617 JobStatusPoller-Timer-Thread-22993389319952-22993364219648 parsl.jobs.strategy:175 _log DEBUG: Executor HighThroughputExecutor has 0 active tasks, 1/0 running/pending blocks, and 1 connected workers
1724260466.746175 2024-08-21 17:14:26 MainProcess-3988617 JobStatusPoller-Timer-Thread-22993389319952-22993364219648 parsl.jobs.strategy:175 _log DEBUG: Strategy case 1: Executor has no active tasks
1724260466.746215 2024-08-21 17:14:26 MainProcess-3988617 JobStatusPoller-Timer-Thread-22993389319952-22993364219648 parsl.jobs.strategy:175 _log DEBUG: Strategy case 1b: Executor has no active tasks, and more (1) than minimum blocks (0)
1724260466.746263 2024-08-21 17:14:26 MainProcess-3988617 JobStatusPoller-Timer-Thread-22993389319952-22993364219648 parsl.jobs.strategy:175 _log DEBUG: Idle time 5.071850061416626s is less than max_idletime 120.0s for executor HighThroughputExecutor; not scaling in
1724260466.746303 2024-08-21 17:14:26 MainProcess-3988617 JobStatusPoller-Timer-Thread-22993389319952-22993364219648 parsl.process_loggers:175 _log DEBUG: Normal ending for _general_strategy on thread JobStatusPoller-Timer-Thread-22993389319952
1724260467.489357 2024-08-21 17:14:27 MainProcess-3988617 MainThread-23002139119808 parsl.dataflow.dflow:175 _log DEBUG: Task 0 will be sent to executor HighThroughputExecutor
1724260467.489499 2024-08-21 17:14:27 MainProcess-3988617 MainThread-23002139119808 parsl.dataflow.dflow:175 _log DEBUG: Adding output dependencies
1724260467.489552 2024-08-21 17:14:27 MainProcess-3988617 MainThread-23002139119808 parsl.dataflow.dflow:175 _log DEBUG: Added output dependencies
1724260467.489597 2024-08-21 17:14:27 MainProcess-3988617 MainThread-23002139119808 parsl.dataflow.dflow:175 _log DEBUG: Gathering dependencies
1724260467.489704 2024-08-21 17:14:27 MainProcess-3988617 MainThread-23002139119808 parsl.dataflow.dflow:175 _log DEBUG: Gathered dependencies
1724260467.489753 2024-08-21 17:14:27 MainProcess-3988617 MainThread-23002139119808 parsl.dataflow.dflow:175 _log INFO: Task 0 submitted for App hello_affinity, not waiting on any dependency
1724260467.489816 2024-08-21 17:14:27 MainProcess-3988617 MainThread-23002139119808 parsl.dataflow.dflow:175 _log DEBUG: Task 0 set to pending state with AppFuture: <AppFuture at 0x14e98f59e3d0 state=pending>
1724260467.490155 2024-08-21 17:14:27 MainProcess-3988617 Dependency-Launch_0-22994453776128 parsl.dataflow.memoization:175 _log DEBUG: Task 0 will not be memoized
1724260467.490294 2024-08-21 17:14:27 MainProcess-3988617 Dependency-Launch_0-22994453776128 parsl.executors.high_throughput.executor:175 _log DEBUG: Pushing function <function wrap_error.<locals>.wrapper at 0x14e98f5628e0> to queue with args ("'--setup msr.par --backend CUDA'", "'/home/viralss2/nekRS-ML_MSR/examples/parsl_MSR_smartsim'", '0', "'SSDB'")
1724260467.492328 2024-08-21 17:14:27 MainProcess-3988617 Dependency-Launch_0-22994453776128 parsl.executors.high_throughput.zmq_pipes:175 _log DEBUG: Sending TasksOutgoing message
1724260467.492406 2024-08-21 17:14:27 MainProcess-3988617 Dependency-Launch_0-22994453776128 parsl.executors.high_throughput.zmq_pipes:175 _log DEBUG: Sent TasksOutgoing message
1724260467.492468 2024-08-21 17:14:27 MainProcess-3988617 Dependency-Launch_0-22994453776128 parsl.dataflow.dflow:175 _log INFO: Parsl task 0 try 0 launched on executor HighThroughputExecutor with executor id 1
1724260467.492522 2024-08-21 17:14:27 MainProcess-3988617 Dependency-Launch_0-22994453776128 parsl.dataflow.dflow:175 _log INFO: Standard out for task 0 will be redirected to /home/viralss2/nekRS-ML_MSR/examples/parsl_MSR_smartsim/MSR/nekrs/output0/nekrs.out
1724260467.492564 2024-08-21 17:14:27 MainProcess-3988617 Dependency-Launch_0-22994453776128 parsl.dataflow.dflow:175 _log INFO: Standard error for task 0 will be redirected to /home/viralss2/nekRS-ML_MSR/examples/parsl_MSR_smartsim/MSR/nekrs/output0/nekrs.err
1724260467.492608 2024-08-21 17:14:27 MainProcess-3988617 Dependency-Launch_0-22994453776128 parsl.process_loggers:175 _log DEBUG: Normal ending for _launch_if_ready_async on thread Dependency-Launch_0
1724260467.584119 2024-08-21 17:14:27 MainProcess-3988617 HTEX-Result-Queue-Thread-22993349510912 parsl.executors.high_throughput.zmq_pipes:175 _log DEBUG: Received ResultsIncoming message
1724260467.584324 2024-08-21 17:14:27 MainProcess-3988617 HTEX-Result-Queue-Thread-22993349510912 parsl.app.errors:175 _log DEBUG: Reraising exception of type <class 'parsl.app.errors.BashExitFailure'>
1724260467.584452 2024-08-21 17:14:27 MainProcess-3988617 HTEX-Result-Queue-Thread-22993349510912 parsl.dataflow.dflow:175 _log INFO: Task 0 try 0 failed with exception of type BashExitFailure
1724260467.584517 2024-08-21 17:14:27 MainProcess-3988617 HTEX-Result-Queue-Thread-22993349510912 parsl.dataflow.dflow:175 _log INFO: Task 0 marked for retry
1724260467.584564 2024-08-21 17:14:27 MainProcess-3988617 HTEX-Result-Queue-Thread-22993349510912 parsl.dataflow.dflow:175 _log INFO: Standard out for task 0 will be redirected to /home/viralss2/nekRS-ML_MSR/examples/parsl_MSR_smartsim/MSR/nekrs/output0/nekrs.out
1724260467.584606 2024-08-21 17:14:27 MainProcess-3988617 HTEX-Result-Queue-Thread-22993349510912 parsl.dataflow.dflow:175 _log INFO: Standard error for task 0 will be redirected to /home/viralss2/nekRS-ML_MSR/examples/parsl_MSR_smartsim/MSR/nekrs/output0/nekrs.err
1724260467.584664 2024-08-21 17:14:27 MainProcess-3988617 HTEX-Result-Queue-Thread-22993349510912 parsl.executors.high_throughput.zmq_pipes:175 _log DEBUG: Waiting for ResultsIncoming message
1724260467.584730 2024-08-21 17:14:27 MainProcess-3988617 Dependency-Launch_0-22994453776128 parsl.dataflow.memoization:175 _log DEBUG: Task 0 will not be memoized
1724260467.584849 2024-08-21 17:14:27 MainProcess-3988617 Dependency-Launch_0-22994453776128 parsl.executors.high_throughput.executor:175 _log DEBUG: Pushing function <function wrap_error.<locals>.wrapper at 0x14e98f5628e0> to queue with args ("'--setup msr.par --backend CUDA'", "'/home/viralss2/nekRS-ML_MSR/examples/parsl_MSR_smartsim'", '0', "'SSDB'")
1724260467.584943 2024-08-21 17:14:27 MainProcess-3988617 Dependency-Launch_0-22994453776128 parsl.executors.high_throughput.zmq_pipes:175 _log DEBUG: Sending TasksOutgoing message
1724260467.585011 2024-08-21 17:14:27 MainProcess-3988617 Dependency-Launch_0-22994453776128 parsl.executors.high_throughput.zmq_pipes:175 _log DEBUG: Sent TasksOutgoing message
1724260467.585068 2024-08-21 17:14:27 MainProcess-3988617 Dependency-Launch_0-22994453776128 parsl.dataflow.dflow:175 _log INFO: Parsl task 0 try 1 launched on executor HighThroughputExecutor with executor id 2
1724260467.585118 2024-08-21 17:14:27 MainProcess-3988617 Dependency-Launch_0-22994453776128 parsl.dataflow.dflow:175 _log INFO: Standard out for task 0 will be redirected to /home/viralss2/nekRS-ML_MSR/examples/parsl_MSR_smartsim/MSR/nekrs/output0/nekrs.out
1724260467.585165 2024-08-21 17:14:27 MainProcess-3988617 Dependency-Launch_0-22994453776128 parsl.dataflow.dflow:175 _log INFO: Standard error for task 0 will be redirected to /home/viralss2/nekRS-ML_MSR/examples/parsl_MSR_smartsim/MSR/nekrs/output0/nekrs.err
1724260467.585211 2024-08-21 17:14:27 MainProcess-3988617 Dependency-Launch_0-22994453776128 parsl.process_loggers:175 _log DEBUG: Normal ending for _launch_if_ready_async on thread Dependency-Launch_0
1724260467.672785 2024-08-21 17:14:27 MainProcess-3988617 HTEX-Result-Queue-Thread-22993349510912 parsl.executors.high_throughput.zmq_pipes:175 _log DEBUG: Received ResultsIncoming message
1724260467.672889 2024-08-21 17:14:27 MainProcess-3988617 HTEX-Result-Queue-Thread-22993349510912 parsl.app.errors:175 _log DEBUG: Reraising exception of type <class 'parsl.app.errors.BashExitFailure'>
1724260467.672993 2024-08-21 17:14:27 MainProcess-3988617 HTEX-Result-Queue-Thread-22993349510912 parsl.dataflow.dflow:175 _log INFO: Task 0 try 1 failed with exception of type BashExitFailure
1724260467.673053 2024-08-21 17:14:27 MainProcess-3988617 HTEX-Result-Queue-Thread-22993349510912 parsl.dataflow.dflow:175 _log ERROR: Task 0 failed after 1 retry attempts
Traceback (most recent call last):
  File "/home/viralss2/SSML/lib/python3.11/site-packages/parsl/dataflow/dflow.py", line 344, in handle_exec_update
    res = self._unwrap_remote_exception_wrapper(future)
          ^^^^^^^^^^^^^^^^^^^^^^^^^^^^^^^^^^^^^^^^^^^^^
  File "/home/viralss2/SSML/lib/python3.11/site-packages/parsl/dataflow/dflow.py", line 614, in _unwrap_remote_exception_wrapper
    result.reraise()
  File "/home/viralss2/SSML/lib/python3.11/site-packages/parsl/app/errors.py", line 117, in reraise
    raise v
  File "/home/viralss2/SSML/lib/python3.11/site-packages/parsl/app/errors.py", line 141, in wrapper
    return func(*args, **kwargs)
    ^^^^^^^^^^^^^^^^^
  File "/home/viralss2/SSML/lib/python3.11/site-packages/parsl/app/bash.py", line 94, in remote_side_bash_executor
    raise pe.BashExitFailure(func_name, proc.returncode)
    ^^^^^^^^^^^^^^^^^
parsl.app.errors.BashExitFailure: bash_app hello_affinity failed with unix exit code 1
1724260467.673919 2024-08-21 17:14:27 MainProcess-3988617 HTEX-Result-Queue-Thread-22993349510912 parsl.dataflow.dflow:175 _log INFO: Standard out for task 0 will be redirected to /home/viralss2/nekRS-ML_MSR/examples/parsl_MSR_smartsim/MSR/nekrs/output0/nekrs.out
1724260467.674098 2024-08-21 17:14:27 MainProcess-3988617 HTEX-Result-Queue-Thread-22993349510912 parsl.dataflow.dflow:175 _log INFO: Standard error for task 0 will be redirected to /home/viralss2/nekRS-ML_MSR/examples/parsl_MSR_smartsim/MSR/nekrs/output0/nekrs.err
1724260467.674196 2024-08-21 17:14:27 MainProcess-3988617 HTEX-Result-Queue-Thread-22993349510912 parsl.executors.high_throughput.zmq_pipes:175 _log DEBUG: Waiting for ResultsIncoming message
1724260467.676772 2024-08-21 17:14:27 MainProcess-3988617 MainThread-23002139119808 parsl.dataflow.dflow:175 _log WARNING: Python is exiting with a DFK still running. You should call parsl.dfk().cleanup() before exiting to release any resources
