1724113237.926395 2024-08-20 00:20:37 MainProcess-2133862 MainThread-22361515970752 parsl.dataflow.dflow:175 _log INFO: Starting DataFlowKernel with config
Config(
    app_cache=True, 
    checkpoint_files=None, 
    checkpoint_mode=None, 
    checkpoint_period=None, 
    dependency_resolver=None, 
    executors=(HighThroughputExecutor(
        address='10.140.56.174', 
        address_probe_timeout=None, 
        available_accelerators=['0,1,2,3'], 
        block_error_handler=<function simple_error_handler at 0x14546749aa20>, 
        cores_per_worker=1.0, 
        cpu_affinity='block-reverse', 
        drain_period=None, 
        enable_mpi_mode=False, 
        encrypted=False, 
        heartbeat_period=30, 
        heartbeat_threshold=120, 
        interchange_launch_cmd=['interchange.py'], 
        interchange_port_range=(55000, 56000), 
        label='HighThroughputExecutor', 
        launch_cmd='process_worker_pool.py {debug} {max_workers_per_node} -a {addresses} -p {prefetch_capacity} -c {cores_per_worker} -m {mem_per_worker} --poll {poll_period} --task_port={task_port} --result_port={result_port} --cert_dir {cert_dir} --logdir={logdir} --block_id={{block_id}} --hb_period={heartbeat_period} {address_probe_timeout_string} --hb_threshold={heartbeat_threshold} --drain_period={drain_period} --cpu-affinity {cpu_affinity} {enable_mpi_mode} --mpi-launcher={mpi_launcher} --available-accelerators {accelerators}', 
        manager_selector=<parsl.executors.high_throughput.manager_selector.RandomManagerSelector object at 0x14546993f750>, 
        max_workers=inf, 
        max_workers_per_node=inf, 
        mem_per_worker=None, 
        mpi_launcher='mpiexec', 
        poll_period=10, 
        prefetch_capacity=0, 
        provider=LocalProvider(
            channel=LocalChannel(
                envs={}, 
                script_dir=None, 
                userhome='/home/viralss2/nekRS-ML_MSR/examples/parsl_MSR_smartsim'
            ), 
            cmd_timeout=30, 
            init_blocks=1, 
            launcher=SingleNodeLauncher(debug=True, fail_on_any=False), 
            max_blocks=1, 
            min_blocks=0, 
            move_files=None, 
            nodes_per_block=1, 
            parallelism=1, 
            worker_init='source /home/viralss2/ALCF_Hands_on_HPC_Workshop/workflows/parsl/launch_eg/set_run_env;\n                            cd /home/viralss2/nekRS-ML_MSR/examples/parsl_MSR_smartsim'
        ), 
        storage_access=None, 
        worker_debug=False, 
        worker_logdir_root=None, 
        worker_port_range=(54000, 55000), 
        worker_ports=None, 
        working_dir=None
    ),), 
    exit_mode='cleanup', 
    garbage_collect=True, 
    initialize_logging=True, 
    internal_tasks_max_threads=10, 
    max_idletime=120.0, 
    monitoring=None, 
    retries=1, 
    retry_handler=None, 
    run_dir='runinfo', 
    std_autopath=None, 
    strategy='simple', 
    strategy_period=5, 
    usage_tracking=0
)
1724113237.927610 2024-08-20 00:20:37 MainProcess-2133862 MainThread-22361515970752 parsl.dataflow.dflow:175 _log INFO: Parsl version: 2024.08.05
1724113237.927693 2024-08-20 00:20:37 MainProcess-2133862 MainThread-22361515970752 parsl.usage_tracking.usage:175 _log DEBUG: Tracking level: 0
1724113237.927768 2024-08-20 00:20:37 MainProcess-2133862 MainThread-22361515970752 parsl.dataflow.dflow:175 _log INFO: Run id is: faac24be-6b93-46cb-b184-b0189d48c85a
1724113238.033030 2024-08-20 00:20:38 MainProcess-2133862 MainThread-22361515970752 parsl.dataflow.dflow:175 _log DEBUG: Considering candidate for workflow name: /home/viralss2/SSML/lib/python3.11/site-packages/parsl/dataflow/dflow.py
1724113238.033090 2024-08-20 00:20:38 MainProcess-2133862 MainThread-22361515970752 parsl.dataflow.dflow:175 _log DEBUG: Considering candidate for workflow name: /soft/applications/conda/2024-04-29/mconda3/lib/python3.11/site-packages/typeguard/__init__.py
1724113238.033136 2024-08-20 00:20:38 MainProcess-2133862 MainThread-22361515970752 parsl.dataflow.dflow:175 _log DEBUG: Considering candidate for workflow name: /home/viralss2/SSML/lib/python3.11/site-packages/parsl/dataflow/dflow.py
1724113238.033196 2024-08-20 00:20:38 MainProcess-2133862 MainThread-22361515970752 parsl.dataflow.dflow:175 _log DEBUG: Considering candidate for workflow name: /soft/applications/conda/2024-04-29/mconda3/lib/python3.11/site-packages/typeguard/__init__.py
1724113238.033248 2024-08-20 00:20:38 MainProcess-2133862 MainThread-22361515970752 parsl.dataflow.dflow:175 _log DEBUG: Considering candidate for workflow name: /home/viralss2/nekRS-ML_MSR/examples/parsl_MSR_smartsim/ssim_driver_polaris.py
1724113238.033286 2024-08-20 00:20:38 MainProcess-2133862 MainThread-22361515970752 parsl.dataflow.dflow:175 _log DEBUG: Using ssim_driver_polaris.py as workflow name
1724113238.033400 2024-08-20 00:20:38 MainProcess-2133862 MainThread-22361515970752 parsl.dataflow.memoization:175 _log INFO: App caching initialized
1724113238.033451 2024-08-20 00:20:38 MainProcess-2133862 MainThread-22361515970752 parsl.jobs.strategy:175 _log DEBUG: Scaling strategy: simple
1724113238.037932 2024-08-20 00:20:38 MainProcess-2133862 MainThread-22361515970752 parsl.executors.high_throughput.executor:175 _log DEBUG: Starting result queue thread
1724113238.038158 2024-08-20 00:20:38 MainProcess-2133862 HTEX-Result-Queue-Thread-22352726365952 parsl.executors.high_throughput.executor:175 _log DEBUG: Result queue worker starting
1724113238.038242 2024-08-20 00:20:38 MainProcess-2133862 MainThread-22361515970752 parsl.executors.high_throughput.executor:175 _log DEBUG: Started result queue thread
1724113238.038288 2024-08-20 00:20:38 MainProcess-2133862 HTEX-Result-Queue-Thread-22352726365952 parsl.executors.high_throughput.zmq_pipes:175 _log DEBUG: Waiting for ResultsIncoming message
1724113238.039394 2024-08-20 00:20:38 MainProcess-2133862 MainThread-22361515970752 parsl.executors.high_throughput.executor:175 _log DEBUG: Popened interchange process. Writing config object
1724113238.039461 2024-08-20 00:20:38 MainProcess-2133862 MainThread-22361515970752 parsl.executors.high_throughput.executor:175 _log DEBUG: Sent config object. Requesting worker ports
1724113238.039504 2024-08-20 00:20:38 MainProcess-2133862 MainThread-22361515970752 parsl.executors.high_throughput.zmq_pipes:175 _log DEBUG: Sending command client command
1724113238.570158 2024-08-20 00:20:38 MainProcess-2133862 MainThread-22361515970752 parsl.executors.high_throughput.zmq_pipes:175 _log DEBUG: Polling for command client response or timeout
1724113238.571909 2024-08-20 00:20:38 MainProcess-2133862 MainThread-22361515970752 parsl.executors.high_throughput.zmq_pipes:175 _log DEBUG: Receiving command client response
1724113238.571980 2024-08-20 00:20:38 MainProcess-2133862 MainThread-22361515970752 parsl.executors.high_throughput.zmq_pipes:175 _log DEBUG: Received command client response
1724113238.572025 2024-08-20 00:20:38 MainProcess-2133862 MainThread-22361515970752 parsl.executors.high_throughput.executor:175 _log DEBUG: Got worker ports
1724113238.572061 2024-08-20 00:20:38 MainProcess-2133862 MainThread-22361515970752 parsl.executors.high_throughput.executor:175 _log DEBUG: Created result queue thread: <Thread(HTEX-Result-Queue-Thread, started daemon 22352726365952)>
1724113238.572267 2024-08-20 00:20:38 MainProcess-2133862 MainThread-22361515970752 parsl.executors.high_throughput.executor:175 _log DEBUG: Launch command: process_worker_pool.py   -a 10.140.56.174 -p 0 -c 1.0 -m None --poll 10 --task_port=54692 --result_port=54597 --cert_dir None --logdir=/home/viralss2/nekRS-ML_MSR/examples/parsl_MSR_smartsim/runinfo/021/HighThroughputExecutor --block_id={block_id} --hb_period=30  --hb_threshold=120 --drain_period=None --cpu-affinity block-reverse  --mpi-launcher=mpiexec --available-accelerators 0,1,2,3
1724113238.572306 2024-08-20 00:20:38 MainProcess-2133862 MainThread-22361515970752 parsl.executors.high_throughput.executor:175 _log DEBUG: Starting HighThroughputExecutor with provider:
LocalProvider(
    channel=LocalChannel(
        envs={}, 
        script_dir='/home/viralss2/nekRS-ML_MSR/examples/parsl_MSR_smartsim/runinfo/021/submit_scripts', 
        userhome='/home/viralss2/nekRS-ML_MSR/examples/parsl_MSR_smartsim'
    ), 
    cmd_timeout=30, 
    init_blocks=1, 
    launcher=SingleNodeLauncher(debug=True, fail_on_any=False), 
    max_blocks=1, 
    min_blocks=0, 
    move_files=None, 
    nodes_per_block=1, 
    parallelism=1, 
    worker_init='source /home/viralss2/ALCF_Hands_on_HPC_Workshop/workflows/parsl/launch_eg/set_run_env;\n                            cd /home/viralss2/nekRS-ML_MSR/examples/parsl_MSR_smartsim'
)
1724113238.572581 2024-08-20 00:20:38 MainProcess-2133862 MainThread-22361515970752 parsl.jobs.job_status_poller:175 _log DEBUG: Adding executor HighThroughputExecutor
1724113243.033890 2024-08-20 00:20:43 MainProcess-2133862 JobStatusPoller-Timer-Thread-22352741557968-22352741074688 parsl.executors.high_throughput.zmq_pipes:175 _log DEBUG: Sending command client command
1724113243.034211 2024-08-20 00:20:43 MainProcess-2133862 JobStatusPoller-Timer-Thread-22352741557968-22352741074688 parsl.executors.high_throughput.zmq_pipes:175 _log DEBUG: Receiving command client response
1724113243.034681 2024-08-20 00:20:43 MainProcess-2133862 JobStatusPoller-Timer-Thread-22352741557968-22352741074688 parsl.executors.high_throughput.zmq_pipes:175 _log DEBUG: Received command client response
1724113243.034830 2024-08-20 00:20:43 MainProcess-2133862 JobStatusPoller-Timer-Thread-22352741557968-22352741074688 parsl.jobs.strategy:175 _log DEBUG: general strategy starting with strategy_type simple for 1 executors
1724113243.034914 2024-08-20 00:20:43 MainProcess-2133862 JobStatusPoller-Timer-Thread-22352741557968-22352741074688 parsl.jobs.strategy:175 _log DEBUG: Strategizing for executor HighThroughputExecutor
1724113243.034972 2024-08-20 00:20:43 MainProcess-2133862 JobStatusPoller-Timer-Thread-22352741557968-22352741074688 parsl.jobs.strategy:175 _log DEBUG: Scaling out 1 initial blocks for HighThroughputExecutor
1724113243.035010 2024-08-20 00:20:43 MainProcess-2133862 JobStatusPoller-Timer-Thread-22352741557968-22352741074688 parsl.executors.status_handling:175 _log INFO: Scaling out by 1 blocks
1724113243.035048 2024-08-20 00:20:43 MainProcess-2133862 JobStatusPoller-Timer-Thread-22352741557968-22352741074688 parsl.executors.status_handling:175 _log INFO: Allocated block ID 0
1724113243.035088 2024-08-20 00:20:43 MainProcess-2133862 JobStatusPoller-Timer-Thread-22352741557968-22352741074688 parsl.executors.status_handling:175 _log DEBUG: Submitting to provider with job_name parsl.HighThroughputExecutor.block-0
1724113243.037636 2024-08-20 00:20:43 MainProcess-2133862 JobStatusPoller-Timer-Thread-22352741557968-22352741074688 parsl.providers.local.local:175 _log DEBUG: Launching
1724113243.037844 2024-08-20 00:20:43 MainProcess-2133862 JobStatusPoller-Timer-Thread-22352741557968-22352741074688 parsl.channels.local.local:175 _log DEBUG: Creating process with command '/bin/bash -c 'echo - >/home/viralss2/nekRS-ML_MSR/examples/parsl_MSR_smartsim/runinfo/021/submit_scripts/parsl.HighThroughputExecutor.block-0.1724113243.0351868.sh.ec && { { bash /home/viralss2/nekRS-ML_MSR/examples/parsl_MSR_smartsim/runinfo/021/submit_scripts/parsl.HighThroughputExecutor.block-0.1724113243.0351868.sh 1>/home/viralss2/nekRS-ML_MSR/examples/parsl_MSR_smartsim/runinfo/021/submit_scripts/parsl.HighThroughputExecutor.block-0.1724113243.0351868.sh.out 2>/home/viralss2/nekRS-ML_MSR/examples/parsl_MSR_smartsim/runinfo/021/submit_scripts/parsl.HighThroughputExecutor.block-0.1724113243.0351868.sh.err ; echo $? > /home/viralss2/nekRS-ML_MSR/examples/parsl_MSR_smartsim/runinfo/021/submit_scripts/parsl.HighThroughputExecutor.block-0.1724113243.0351868.sh.ec ; } >/dev/null 2>&1 & echo "PID:$!" ; }''
1724113243.048772 2024-08-20 00:20:43 MainProcess-2133862 JobStatusPoller-Timer-Thread-22352741557968-22352741074688 parsl.channels.local.local:175 _log DEBUG: Created process with pid 2134143. Performing communicate
1724113243.057138 2024-08-20 00:20:43 MainProcess-2133862 JobStatusPoller-Timer-Thread-22352741557968-22352741074688 parsl.channels.local.local:175 _log DEBUG: Process 2134143 returned 0
1724113243.057244 2024-08-20 00:20:43 MainProcess-2133862 JobStatusPoller-Timer-Thread-22352741557968-22352741074688 parsl.channels.local.local:175 _log DEBUG: Execution of command in process 2134143 completed normally
1724113243.057380 2024-08-20 00:20:43 MainProcess-2133862 JobStatusPoller-Timer-Thread-22352741557968-22352741074688 parsl.executors.status_handling:175 _log DEBUG: Launched block 0 on executor HighThroughputExecutor with job ID 2134144
1724113243.057480 2024-08-20 00:20:43 MainProcess-2133862 JobStatusPoller-Timer-Thread-22352741557968-22352741074688 parsl.executors.high_throughput.zmq_pipes:175 _log DEBUG: Sending command client command
1724113243.057572 2024-08-20 00:20:43 MainProcess-2133862 JobStatusPoller-Timer-Thread-22352741557968-22352741074688 parsl.executors.high_throughput.zmq_pipes:175 _log DEBUG: Receiving command client response
1724113243.057740 2024-08-20 00:20:43 MainProcess-2133862 JobStatusPoller-Timer-Thread-22352741557968-22352741074688 parsl.executors.high_throughput.zmq_pipes:175 _log DEBUG: Received command client response
1724113243.057801 2024-08-20 00:20:43 MainProcess-2133862 JobStatusPoller-Timer-Thread-22352741557968-22352741074688 parsl.jobs.strategy:175 _log DEBUG: Slot ratio calculation: active_slots = 1, active_tasks = 0
1724113243.057840 2024-08-20 00:20:43 MainProcess-2133862 JobStatusPoller-Timer-Thread-22352741557968-22352741074688 parsl.executors.high_throughput.zmq_pipes:175 _log DEBUG: Sending command client command
1724113243.057884 2024-08-20 00:20:43 MainProcess-2133862 JobStatusPoller-Timer-Thread-22352741557968-22352741074688 parsl.executors.high_throughput.zmq_pipes:175 _log DEBUG: Receiving command client response
1724113243.057975 2024-08-20 00:20:43 MainProcess-2133862 JobStatusPoller-Timer-Thread-22352741557968-22352741074688 parsl.executors.high_throughput.zmq_pipes:175 _log DEBUG: Received command client response
1724113243.058016 2024-08-20 00:20:43 MainProcess-2133862 JobStatusPoller-Timer-Thread-22352741557968-22352741074688 parsl.executors.high_throughput.zmq_pipes:175 _log DEBUG: Sending command client command
1724113243.058059 2024-08-20 00:20:43 MainProcess-2133862 JobStatusPoller-Timer-Thread-22352741557968-22352741074688 parsl.executors.high_throughput.zmq_pipes:175 _log DEBUG: Receiving command client response
1724113243.058163 2024-08-20 00:20:43 MainProcess-2133862 JobStatusPoller-Timer-Thread-22352741557968-22352741074688 parsl.executors.high_throughput.zmq_pipes:175 _log DEBUG: Received command client response
1724113243.058205 2024-08-20 00:20:43 MainProcess-2133862 JobStatusPoller-Timer-Thread-22352741557968-22352741074688 parsl.jobs.strategy:175 _log DEBUG: Executor HighThroughputExecutor has 0 active tasks, 0/1 running/pending blocks, and 0 connected workers
1724113243.058239 2024-08-20 00:20:43 MainProcess-2133862 JobStatusPoller-Timer-Thread-22352741557968-22352741074688 parsl.jobs.strategy:175 _log DEBUG: Strategy case 1: Executor has no active tasks
1724113243.058273 2024-08-20 00:20:43 MainProcess-2133862 JobStatusPoller-Timer-Thread-22352741557968-22352741074688 parsl.jobs.strategy:175 _log DEBUG: Strategy case 1b: Executor has no active tasks, and more (1) than minimum blocks (0)
1724113243.058311 2024-08-20 00:20:43 MainProcess-2133862 JobStatusPoller-Timer-Thread-22352741557968-22352741074688 parsl.jobs.strategy:175 _log DEBUG: Starting idle timer for executor. If idle time exceeds 120.0s, blocks will be scaled in
1724113243.058355 2024-08-20 00:20:43 MainProcess-2133862 JobStatusPoller-Timer-Thread-22352741557968-22352741074688 parsl.jobs.strategy:175 _log DEBUG: Idle time 4.76837158203125e-07s is less than max_idletime 120.0s for executor HighThroughputExecutor; not scaling in
1724113243.058405 2024-08-20 00:20:43 MainProcess-2133862 JobStatusPoller-Timer-Thread-22352741557968-22352741074688 parsl.process_loggers:175 _log DEBUG: Normal ending for _general_strategy on thread JobStatusPoller-Timer-Thread-22352741557968
1724113248.058979 2024-08-20 00:20:48 MainProcess-2133862 JobStatusPoller-Timer-Thread-22352741557968-22352741074688 parsl.channels.local.local:175 _log DEBUG: Creating process with command 'ps -p 2134144 > /dev/null 2> /dev/null; echo "STATUS:$?" '
1724113248.069104 2024-08-20 00:20:48 MainProcess-2133862 JobStatusPoller-Timer-Thread-22352741557968-22352741074688 parsl.channels.local.local:175 _log DEBUG: Created process with pid 2134286. Performing communicate
1724113248.124437 2024-08-20 00:20:48 MainProcess-2133862 JobStatusPoller-Timer-Thread-22352741557968-22352741074688 parsl.channels.local.local:175 _log DEBUG: Process 2134286 returned 0
1724113248.124544 2024-08-20 00:20:48 MainProcess-2133862 JobStatusPoller-Timer-Thread-22352741557968-22352741074688 parsl.channels.local.local:175 _log DEBUG: Execution of command in process 2134286 completed normally
1724113248.125826 2024-08-20 00:20:48 MainProcess-2133862 JobStatusPoller-Timer-Thread-22352741557968-22352741074688 parsl.executors.high_throughput.zmq_pipes:175 _log DEBUG: Sending command client command
1724113248.125930 2024-08-20 00:20:48 MainProcess-2133862 JobStatusPoller-Timer-Thread-22352741557968-22352741074688 parsl.executors.high_throughput.zmq_pipes:175 _log DEBUG: Receiving command client response
1724113248.126368 2024-08-20 00:20:48 MainProcess-2133862 JobStatusPoller-Timer-Thread-22352741557968-22352741074688 parsl.executors.high_throughput.zmq_pipes:175 _log DEBUG: Received command client response
1724113248.126500 2024-08-20 00:20:48 MainProcess-2133862 JobStatusPoller-Timer-Thread-22352741557968-22352741074688 parsl.jobs.strategy:175 _log DEBUG: general strategy starting with strategy_type simple for 1 executors
1724113248.126548 2024-08-20 00:20:48 MainProcess-2133862 JobStatusPoller-Timer-Thread-22352741557968-22352741074688 parsl.jobs.strategy:175 _log DEBUG: Strategizing for executor HighThroughputExecutor
1724113248.126591 2024-08-20 00:20:48 MainProcess-2133862 JobStatusPoller-Timer-Thread-22352741557968-22352741074688 parsl.executors.high_throughput.zmq_pipes:175 _log DEBUG: Sending command client command
1724113248.126639 2024-08-20 00:20:48 MainProcess-2133862 JobStatusPoller-Timer-Thread-22352741557968-22352741074688 parsl.executors.high_throughput.zmq_pipes:175 _log DEBUG: Receiving command client response
1724113248.126926 2024-08-20 00:20:48 MainProcess-2133862 JobStatusPoller-Timer-Thread-22352741557968-22352741074688 parsl.executors.high_throughput.zmq_pipes:175 _log DEBUG: Received command client response
1724113248.126998 2024-08-20 00:20:48 MainProcess-2133862 JobStatusPoller-Timer-Thread-22352741557968-22352741074688 parsl.jobs.strategy:175 _log DEBUG: Slot ratio calculation: active_slots = 1, active_tasks = 0
1724113248.127046 2024-08-20 00:20:48 MainProcess-2133862 JobStatusPoller-Timer-Thread-22352741557968-22352741074688 parsl.executors.high_throughput.zmq_pipes:175 _log DEBUG: Sending command client command
1724113248.127102 2024-08-20 00:20:48 MainProcess-2133862 JobStatusPoller-Timer-Thread-22352741557968-22352741074688 parsl.executors.high_throughput.zmq_pipes:175 _log DEBUG: Receiving command client response
1724113248.127260 2024-08-20 00:20:48 MainProcess-2133862 JobStatusPoller-Timer-Thread-22352741557968-22352741074688 parsl.executors.high_throughput.zmq_pipes:175 _log DEBUG: Received command client response
1724113248.127325 2024-08-20 00:20:48 MainProcess-2133862 JobStatusPoller-Timer-Thread-22352741557968-22352741074688 parsl.executors.high_throughput.zmq_pipes:175 _log DEBUG: Sending command client command
1724113248.127379 2024-08-20 00:20:48 MainProcess-2133862 JobStatusPoller-Timer-Thread-22352741557968-22352741074688 parsl.executors.high_throughput.zmq_pipes:175 _log DEBUG: Receiving command client response
1724113248.127498 2024-08-20 00:20:48 MainProcess-2133862 JobStatusPoller-Timer-Thread-22352741557968-22352741074688 parsl.executors.high_throughput.zmq_pipes:175 _log DEBUG: Received command client response
1724113248.127540 2024-08-20 00:20:48 MainProcess-2133862 JobStatusPoller-Timer-Thread-22352741557968-22352741074688 parsl.jobs.strategy:175 _log DEBUG: Executor HighThroughputExecutor has 0 active tasks, 1/0 running/pending blocks, and 1 connected workers
1724113248.127594 2024-08-20 00:20:48 MainProcess-2133862 JobStatusPoller-Timer-Thread-22352741557968-22352741074688 parsl.jobs.strategy:175 _log DEBUG: Strategy case 1: Executor has no active tasks
1724113248.127631 2024-08-20 00:20:48 MainProcess-2133862 JobStatusPoller-Timer-Thread-22352741557968-22352741074688 parsl.jobs.strategy:175 _log DEBUG: Strategy case 1b: Executor has no active tasks, and more (1) than minimum blocks (0)
1724113248.127671 2024-08-20 00:20:48 MainProcess-2133862 JobStatusPoller-Timer-Thread-22352741557968-22352741074688 parsl.jobs.strategy:175 _log DEBUG: Idle time 5.069319009780884s is less than max_idletime 120.0s for executor HighThroughputExecutor; not scaling in
1724113248.127706 2024-08-20 00:20:48 MainProcess-2133862 JobStatusPoller-Timer-Thread-22352741557968-22352741074688 parsl.process_loggers:175 _log DEBUG: Normal ending for _general_strategy on thread JobStatusPoller-Timer-Thread-22352741557968
1724113248.811554 2024-08-20 00:20:48 MainProcess-2133862 MainThread-22361515970752 parsl.dataflow.dflow:175 _log DEBUG: Task 0 will be sent to executor HighThroughputExecutor
1724113248.811699 2024-08-20 00:20:48 MainProcess-2133862 MainThread-22361515970752 parsl.dataflow.dflow:175 _log DEBUG: Adding output dependencies
1724113248.811748 2024-08-20 00:20:48 MainProcess-2133862 MainThread-22361515970752 parsl.dataflow.dflow:175 _log DEBUG: Added output dependencies
1724113248.811790 2024-08-20 00:20:48 MainProcess-2133862 MainThread-22361515970752 parsl.dataflow.dflow:175 _log DEBUG: Gathering dependencies
1724113248.811884 2024-08-20 00:20:48 MainProcess-2133862 MainThread-22361515970752 parsl.dataflow.dflow:175 _log DEBUG: Gathered dependencies
1724113248.811929 2024-08-20 00:20:48 MainProcess-2133862 MainThread-22361515970752 parsl.dataflow.dflow:175 _log INFO: Task 0 submitted for App generate, not waiting on any dependency
1724113248.811989 2024-08-20 00:20:48 MainProcess-2133862 MainThread-22361515970752 parsl.dataflow.dflow:175 _log DEBUG: Task 0 set to pending state with AppFuture: <AppFuture at 0x1454673d7710 state=pending>
1724113248.812465 2024-08-20 00:20:48 MainProcess-2133862 Dependency-Launch_0-22353830627072 parsl.dataflow.memoization:175 _log DEBUG: Task 0 will not be memoized
1724113248.812591 2024-08-20 00:20:48 MainProcess-2133862 MainThread-22361515970752 parsl.dataflow.dflow:175 _log DEBUG: Task 1 will be sent to executor HighThroughputExecutor
1724113248.812719 2024-08-20 00:20:48 MainProcess-2133862 Dependency-Launch_0-22353830627072 parsl.executors.high_throughput.executor:175 _log DEBUG: Pushing function <function generate at 0x1454673a9f80> to queue with args ('10', '0')
1724113248.812833 2024-08-20 00:20:48 MainProcess-2133862 MainThread-22361515970752 parsl.dataflow.dflow:175 _log DEBUG: Adding output dependencies
1724113248.814333 2024-08-20 00:20:48 MainProcess-2133862 Dependency-Launch_0-22353830627072 parsl.executors.high_throughput.zmq_pipes:175 _log DEBUG: Sending TasksOutgoing message
1724113248.814376 2024-08-20 00:20:48 MainProcess-2133862 MainThread-22361515970752 parsl.dataflow.dflow:175 _log DEBUG: Added output dependencies
1724113248.814492 2024-08-20 00:20:48 MainProcess-2133862 Dependency-Launch_0-22353830627072 parsl.executors.high_throughput.zmq_pipes:175 _log DEBUG: Sent TasksOutgoing message
1724113248.814528 2024-08-20 00:20:48 MainProcess-2133862 MainThread-22361515970752 parsl.dataflow.dflow:175 _log DEBUG: Gathering dependencies
1724113248.814610 2024-08-20 00:20:48 MainProcess-2133862 Dependency-Launch_0-22353830627072 parsl.dataflow.dflow:175 _log INFO: Parsl task 0 try 0 launched on executor HighThroughputExecutor with executor id 1
1724113248.814678 2024-08-20 00:20:48 MainProcess-2133862 MainThread-22361515970752 parsl.dataflow.dflow:175 _log DEBUG: Gathered dependencies
1724113248.814749 2024-08-20 00:20:48 MainProcess-2133862 Dependency-Launch_0-22353830627072 parsl.dataflow.dflow:175 _log INFO: Standard out for task 0 will not be redirected.
1724113248.814812 2024-08-20 00:20:48 MainProcess-2133862 MainThread-22361515970752 parsl.dataflow.dflow:175 _log INFO: Task 1 submitted for App generate, not waiting on any dependency
1724113248.814892 2024-08-20 00:20:48 MainProcess-2133862 Dependency-Launch_0-22353830627072 parsl.dataflow.dflow:175 _log INFO: Standard error for task 0 will not be redirected.
1724113248.814968 2024-08-20 00:20:48 MainProcess-2133862 MainThread-22361515970752 parsl.dataflow.dflow:175 _log DEBUG: Task 1 set to pending state with AppFuture: <AppFuture at 0x1454673d6610 state=pending>
1724113248.815041 2024-08-20 00:20:48 MainProcess-2133862 Dependency-Launch_0-22353830627072 parsl.process_loggers:175 _log DEBUG: Normal ending for _launch_if_ready_async on thread Dependency-Launch_0
1724113248.815132 2024-08-20 00:20:48 MainProcess-2133862 MainThread-22361515970752 parsl.dataflow.dflow:175 _log DEBUG: Task 2 will be sent to executor HighThroughputExecutor
1724113248.815234 2024-08-20 00:20:48 MainProcess-2133862 Dependency-Launch_0-22353830627072 parsl.dataflow.memoization:175 _log DEBUG: Task 1 will not be memoized
1724113248.815326 2024-08-20 00:20:48 MainProcess-2133862 MainThread-22361515970752 parsl.dataflow.dflow:175 _log DEBUG: Adding output dependencies
1724113248.815401 2024-08-20 00:20:48 MainProcess-2133862 Dependency-Launch_0-22353830627072 parsl.executors.high_throughput.executor:175 _log DEBUG: Pushing function <function generate at 0x1454673a9f80> to queue with args ('10', '1')
1724113248.815466 2024-08-20 00:20:48 MainProcess-2133862 MainThread-22361515970752 parsl.dataflow.dflow:175 _log DEBUG: Added output dependencies
1724113248.815577 2024-08-20 00:20:48 MainProcess-2133862 Dependency-Launch_0-22353830627072 parsl.executors.high_throughput.zmq_pipes:175 _log DEBUG: Sending TasksOutgoing message
1724113248.815612 2024-08-20 00:20:48 MainProcess-2133862 MainThread-22361515970752 parsl.dataflow.dflow:175 _log DEBUG: Gathering dependencies
1724113248.815708 2024-08-20 00:20:48 MainProcess-2133862 Dependency-Launch_0-22353830627072 parsl.executors.high_throughput.zmq_pipes:175 _log DEBUG: Sent TasksOutgoing message
1724113248.815749 2024-08-20 00:20:48 MainProcess-2133862 MainThread-22361515970752 parsl.dataflow.dflow:175 _log DEBUG: Gathered dependencies
1724113248.815817 2024-08-20 00:20:48 MainProcess-2133862 Dependency-Launch_0-22353830627072 parsl.dataflow.dflow:175 _log INFO: Parsl task 1 try 0 launched on executor HighThroughputExecutor with executor id 2
1724113248.815881 2024-08-20 00:20:48 MainProcess-2133862 MainThread-22361515970752 parsl.dataflow.dflow:175 _log INFO: Task 2 submitted for App generate, not waiting on any dependency
1724113248.815943 2024-08-20 00:20:48 MainProcess-2133862 Dependency-Launch_0-22353830627072 parsl.dataflow.dflow:175 _log INFO: Standard out for task 1 will not be redirected.
1724113248.816016 2024-08-20 00:20:48 MainProcess-2133862 MainThread-22361515970752 parsl.dataflow.dflow:175 _log DEBUG: Task 2 set to pending state with AppFuture: <AppFuture at 0x1454673d6c10 state=pending>
1724113248.816077 2024-08-20 00:20:48 MainProcess-2133862 Dependency-Launch_0-22353830627072 parsl.dataflow.dflow:175 _log INFO: Standard error for task 1 will not be redirected.
1724113248.816167 2024-08-20 00:20:48 MainProcess-2133862 MainThread-22361515970752 parsl.dataflow.dflow:175 _log DEBUG: Task 3 will be sent to executor HighThroughputExecutor
1724113248.816237 2024-08-20 00:20:48 MainProcess-2133862 Dependency-Launch_0-22353830627072 parsl.process_loggers:175 _log DEBUG: Normal ending for _launch_if_ready_async on thread Dependency-Launch_0
1724113248.816319 2024-08-20 00:20:48 MainProcess-2133862 MainThread-22361515970752 parsl.dataflow.dflow:175 _log DEBUG: Adding output dependencies
1724113248.816411 2024-08-20 00:20:48 MainProcess-2133862 Dependency-Launch_0-22353830627072 parsl.dataflow.memoization:175 _log DEBUG: Task 2 will not be memoized
1724113248.816475 2024-08-20 00:20:48 MainProcess-2133862 MainThread-22361515970752 parsl.dataflow.dflow:175 _log DEBUG: Added output dependencies
1724113248.816551 2024-08-20 00:20:48 MainProcess-2133862 Dependency-Launch_0-22353830627072 parsl.executors.high_throughput.executor:175 _log DEBUG: Pushing function <function generate at 0x1454673a9f80> to queue with args ('10', '2')
1724113248.816612 2024-08-20 00:20:48 MainProcess-2133862 MainThread-22361515970752 parsl.dataflow.dflow:175 _log DEBUG: Gathering dependencies
1724113248.816722 2024-08-20 00:20:48 MainProcess-2133862 Dependency-Launch_0-22353830627072 parsl.executors.high_throughput.zmq_pipes:175 _log DEBUG: Sending TasksOutgoing message
1724113248.816792 2024-08-20 00:20:48 MainProcess-2133862 MainThread-22361515970752 parsl.dataflow.dflow:175 _log DEBUG: Gathered dependencies
1724113248.816892 2024-08-20 00:20:48 MainProcess-2133862 Dependency-Launch_0-22353830627072 parsl.executors.high_throughput.zmq_pipes:175 _log DEBUG: Sent TasksOutgoing message
1724113248.816926 2024-08-20 00:20:48 MainProcess-2133862 MainThread-22361515970752 parsl.dataflow.dflow:175 _log INFO: Task 3 submitted for App generate, not waiting on any dependency
1724113248.816995 2024-08-20 00:20:48 MainProcess-2133862 Dependency-Launch_0-22353830627072 parsl.dataflow.dflow:175 _log INFO: Parsl task 2 try 0 launched on executor HighThroughputExecutor with executor id 3
1724113248.817066 2024-08-20 00:20:48 MainProcess-2133862 MainThread-22361515970752 parsl.dataflow.dflow:175 _log DEBUG: Task 3 set to pending state with AppFuture: <AppFuture at 0x1454673e30d0 state=pending>
1724113248.817128 2024-08-20 00:20:48 MainProcess-2133862 Dependency-Launch_0-22353830627072 parsl.dataflow.dflow:175 _log INFO: Standard out for task 2 will not be redirected.
1724113248.817210 2024-08-20 00:20:48 MainProcess-2133862 MainThread-22361515970752 parsl.dataflow.dflow:175 _log DEBUG: Task 4 will be sent to executor HighThroughputExecutor
1724113248.817271 2024-08-20 00:20:48 MainProcess-2133862 Dependency-Launch_0-22353830627072 parsl.dataflow.dflow:175 _log INFO: Standard error for task 2 will not be redirected.
1724113248.817353 2024-08-20 00:20:48 MainProcess-2133862 MainThread-22361515970752 parsl.dataflow.dflow:175 _log DEBUG: Adding output dependencies
1724113248.817418 2024-08-20 00:20:48 MainProcess-2133862 Dependency-Launch_0-22353830627072 parsl.process_loggers:175 _log DEBUG: Normal ending for _launch_if_ready_async on thread Dependency-Launch_0
1724113248.817489 2024-08-20 00:20:48 MainProcess-2133862 MainThread-22361515970752 parsl.dataflow.dflow:175 _log DEBUG: Added output dependencies
1724113248.817575 2024-08-20 00:20:48 MainProcess-2133862 Dependency-Launch_0-22353830627072 parsl.dataflow.memoization:175 _log DEBUG: Task 3 will not be memoized
1724113248.817635 2024-08-20 00:20:48 MainProcess-2133862 MainThread-22361515970752 parsl.dataflow.dflow:175 _log DEBUG: Gathering dependencies
1724113248.817705 2024-08-20 00:20:48 MainProcess-2133862 Dependency-Launch_0-22353830627072 parsl.executors.high_throughput.executor:175 _log DEBUG: Pushing function <function generate at 0x1454673a9f80> to queue with args ('10', '3')
1724113248.817769 2024-08-20 00:20:48 MainProcess-2133862 MainThread-22361515970752 parsl.dataflow.dflow:175 _log DEBUG: Gathered dependencies
1724113248.817858 2024-08-20 00:20:48 MainProcess-2133862 Dependency-Launch_0-22353830627072 parsl.executors.high_throughput.zmq_pipes:175 _log DEBUG: Sending TasksOutgoing message
1724113248.817920 2024-08-20 00:20:48 MainProcess-2133862 MainThread-22361515970752 parsl.dataflow.dflow:175 _log INFO: Task 4 submitted for App generate, not waiting on any dependency
1724113248.818013 2024-08-20 00:20:48 MainProcess-2133862 Dependency-Launch_0-22353830627072 parsl.executors.high_throughput.zmq_pipes:175 _log DEBUG: Sent TasksOutgoing message
1724113248.818057 2024-08-20 00:20:48 MainProcess-2133862 MainThread-22361515970752 parsl.dataflow.dflow:175 _log DEBUG: Task 4 set to pending state with AppFuture: <AppFuture at 0x1454673e3510 state=pending>
1724113248.818130 2024-08-20 00:20:48 MainProcess-2133862 Dependency-Launch_0-22353830627072 parsl.dataflow.dflow:175 _log INFO: Parsl task 3 try 0 launched on executor HighThroughputExecutor with executor id 4
1724113248.818282 2024-08-20 00:20:48 MainProcess-2133862 Dependency-Launch_0-22353830627072 parsl.dataflow.dflow:175 _log INFO: Standard out for task 3 will not be redirected.
1724113248.818328 2024-08-20 00:20:48 MainProcess-2133862 Dependency-Launch_0-22353830627072 parsl.dataflow.dflow:175 _log INFO: Standard error for task 3 will not be redirected.
1724113248.818370 2024-08-20 00:20:48 MainProcess-2133862 Dependency-Launch_0-22353830627072 parsl.process_loggers:175 _log DEBUG: Normal ending for _launch_if_ready_async on thread Dependency-Launch_0
1724113248.818433 2024-08-20 00:20:48 MainProcess-2133862 Dependency-Launch_0-22353830627072 parsl.dataflow.memoization:175 _log DEBUG: Task 4 will not be memoized
1724113248.818481 2024-08-20 00:20:48 MainProcess-2133862 Dependency-Launch_0-22353830627072 parsl.executors.high_throughput.executor:175 _log DEBUG: Pushing function <function generate at 0x1454673a9f80> to queue with args ('10', '4')
1724113248.818541 2024-08-20 00:20:48 MainProcess-2133862 Dependency-Launch_0-22353830627072 parsl.executors.high_throughput.zmq_pipes:175 _log DEBUG: Sending TasksOutgoing message
1724113248.818590 2024-08-20 00:20:48 MainProcess-2133862 Dependency-Launch_0-22353830627072 parsl.executors.high_throughput.zmq_pipes:175 _log DEBUG: Sent TasksOutgoing message
1724113248.818632 2024-08-20 00:20:48 MainProcess-2133862 Dependency-Launch_0-22353830627072 parsl.dataflow.dflow:175 _log INFO: Parsl task 4 try 0 launched on executor HighThroughputExecutor with executor id 5
1724113248.818667 2024-08-20 00:20:48 MainProcess-2133862 Dependency-Launch_0-22353830627072 parsl.dataflow.dflow:175 _log INFO: Standard out for task 4 will not be redirected.
1724113248.818700 2024-08-20 00:20:48 MainProcess-2133862 Dependency-Launch_0-22353830627072 parsl.dataflow.dflow:175 _log INFO: Standard error for task 4 will not be redirected.
1724113248.818736 2024-08-20 00:20:48 MainProcess-2133862 Dependency-Launch_0-22353830627072 parsl.process_loggers:175 _log DEBUG: Normal ending for _launch_if_ready_async on thread Dependency-Launch_0
1724113248.835039 2024-08-20 00:20:48 MainProcess-2133862 HTEX-Result-Queue-Thread-22352726365952 parsl.executors.high_throughput.zmq_pipes:175 _log DEBUG: Received ResultsIncoming message
1724113248.835179 2024-08-20 00:20:48 MainProcess-2133862 HTEX-Result-Queue-Thread-22352726365952 parsl.dataflow.dflow:175 _log INFO: Task 0 completed (launched -> exec_done)
1724113248.835257 2024-08-20 00:20:48 MainProcess-2133862 HTEX-Result-Queue-Thread-22352726365952 parsl.dataflow.dflow:175 _log INFO: Standard out for task 0 will not be redirected.
1724113248.835311 2024-08-20 00:20:48 MainProcess-2133862 HTEX-Result-Queue-Thread-22352726365952 parsl.dataflow.dflow:175 _log INFO: Standard error for task 0 will not be redirected.
1724113248.835358 2024-08-20 00:20:48 MainProcess-2133862 HTEX-Result-Queue-Thread-22352726365952 parsl.executors.high_throughput.zmq_pipes:175 _log DEBUG: Waiting for ResultsIncoming message
1724113249.846657 2024-08-20 00:20:49 MainProcess-2133862 HTEX-Result-Queue-Thread-22352726365952 parsl.executors.high_throughput.zmq_pipes:175 _log DEBUG: Received ResultsIncoming message
1724113249.846802 2024-08-20 00:20:49 MainProcess-2133862 HTEX-Result-Queue-Thread-22352726365952 parsl.dataflow.dflow:175 _log INFO: Task 1 completed (launched -> exec_done)
1724113249.846886 2024-08-20 00:20:49 MainProcess-2133862 HTEX-Result-Queue-Thread-22352726365952 parsl.dataflow.dflow:175 _log INFO: Standard out for task 1 will not be redirected.
1724113249.846952 2024-08-20 00:20:49 MainProcess-2133862 HTEX-Result-Queue-Thread-22352726365952 parsl.dataflow.dflow:175 _log INFO: Standard error for task 1 will not be redirected.
1724113249.847000 2024-08-20 00:20:49 MainProcess-2133862 HTEX-Result-Queue-Thread-22352726365952 parsl.executors.high_throughput.zmq_pipes:175 _log DEBUG: Waiting for ResultsIncoming message
1724113251.858639 2024-08-20 00:20:51 MainProcess-2133862 HTEX-Result-Queue-Thread-22352726365952 parsl.executors.high_throughput.zmq_pipes:175 _log DEBUG: Received ResultsIncoming message
1724113251.858867 2024-08-20 00:20:51 MainProcess-2133862 HTEX-Result-Queue-Thread-22352726365952 parsl.dataflow.dflow:175 _log INFO: Task 2 completed (launched -> exec_done)
1724113251.858994 2024-08-20 00:20:51 MainProcess-2133862 HTEX-Result-Queue-Thread-22352726365952 parsl.dataflow.dflow:175 _log INFO: Standard out for task 2 will not be redirected.
1724113251.859097 2024-08-20 00:20:51 MainProcess-2133862 HTEX-Result-Queue-Thread-22352726365952 parsl.dataflow.dflow:175 _log INFO: Standard error for task 2 will not be redirected.
1724113251.859180 2024-08-20 00:20:51 MainProcess-2133862 HTEX-Result-Queue-Thread-22352726365952 parsl.executors.high_throughput.zmq_pipes:175 _log DEBUG: Waiting for ResultsIncoming message
1724113253.128134 2024-08-20 00:20:53 MainProcess-2133862 JobStatusPoller-Timer-Thread-22352741557968-22352741074688 parsl.channels.local.local:175 _log DEBUG: Creating process with command 'ps -p 2134144 > /dev/null 2> /dev/null; echo "STATUS:$?" '
1724113253.138291 2024-08-20 00:20:53 MainProcess-2133862 JobStatusPoller-Timer-Thread-22352741557968-22352741074688 parsl.channels.local.local:175 _log DEBUG: Created process with pid 2134297. Performing communicate
1724113253.194582 2024-08-20 00:20:53 MainProcess-2133862 JobStatusPoller-Timer-Thread-22352741557968-22352741074688 parsl.channels.local.local:175 _log DEBUG: Process 2134297 returned 0
1724113253.194741 2024-08-20 00:20:53 MainProcess-2133862 JobStatusPoller-Timer-Thread-22352741557968-22352741074688 parsl.channels.local.local:175 _log DEBUG: Execution of command in process 2134297 completed normally
1724113253.195820 2024-08-20 00:20:53 MainProcess-2133862 JobStatusPoller-Timer-Thread-22352741557968-22352741074688 parsl.executors.high_throughput.zmq_pipes:175 _log DEBUG: Sending command client command
1724113253.195922 2024-08-20 00:20:53 MainProcess-2133862 JobStatusPoller-Timer-Thread-22352741557968-22352741074688 parsl.executors.high_throughput.zmq_pipes:175 _log DEBUG: Receiving command client response
1724113253.196275 2024-08-20 00:20:53 MainProcess-2133862 JobStatusPoller-Timer-Thread-22352741557968-22352741074688 parsl.executors.high_throughput.zmq_pipes:175 _log DEBUG: Received command client response
1724113253.196402 2024-08-20 00:20:53 MainProcess-2133862 JobStatusPoller-Timer-Thread-22352741557968-22352741074688 parsl.jobs.strategy:175 _log DEBUG: general strategy starting with strategy_type simple for 1 executors
1724113253.196449 2024-08-20 00:20:53 MainProcess-2133862 JobStatusPoller-Timer-Thread-22352741557968-22352741074688 parsl.jobs.strategy:175 _log DEBUG: Strategizing for executor HighThroughputExecutor
1724113253.196491 2024-08-20 00:20:53 MainProcess-2133862 JobStatusPoller-Timer-Thread-22352741557968-22352741074688 parsl.executors.high_throughput.zmq_pipes:175 _log DEBUG: Sending command client command
1724113253.196538 2024-08-20 00:20:53 MainProcess-2133862 JobStatusPoller-Timer-Thread-22352741557968-22352741074688 parsl.executors.high_throughput.zmq_pipes:175 _log DEBUG: Receiving command client response
1724113253.196779 2024-08-20 00:20:53 MainProcess-2133862 JobStatusPoller-Timer-Thread-22352741557968-22352741074688 parsl.executors.high_throughput.zmq_pipes:175 _log DEBUG: Received command client response
1724113253.196850 2024-08-20 00:20:53 MainProcess-2133862 JobStatusPoller-Timer-Thread-22352741557968-22352741074688 parsl.jobs.strategy:175 _log DEBUG: Slot ratio calculation: active_slots = 1, active_tasks = 2
1724113253.196893 2024-08-20 00:20:53 MainProcess-2133862 JobStatusPoller-Timer-Thread-22352741557968-22352741074688 parsl.executors.high_throughput.zmq_pipes:175 _log DEBUG: Sending command client command
1724113253.196945 2024-08-20 00:20:53 MainProcess-2133862 JobStatusPoller-Timer-Thread-22352741557968-22352741074688 parsl.executors.high_throughput.zmq_pipes:175 _log DEBUG: Receiving command client response
1724113253.197161 2024-08-20 00:20:53 MainProcess-2133862 JobStatusPoller-Timer-Thread-22352741557968-22352741074688 parsl.executors.high_throughput.zmq_pipes:175 _log DEBUG: Received command client response
1724113253.197238 2024-08-20 00:20:53 MainProcess-2133862 JobStatusPoller-Timer-Thread-22352741557968-22352741074688 parsl.executors.high_throughput.zmq_pipes:175 _log DEBUG: Sending command client command
1724113253.197291 2024-08-20 00:20:53 MainProcess-2133862 JobStatusPoller-Timer-Thread-22352741557968-22352741074688 parsl.executors.high_throughput.zmq_pipes:175 _log DEBUG: Receiving command client response
1724113253.197435 2024-08-20 00:20:53 MainProcess-2133862 JobStatusPoller-Timer-Thread-22352741557968-22352741074688 parsl.executors.high_throughput.zmq_pipes:175 _log DEBUG: Received command client response
1724113253.197474 2024-08-20 00:20:53 MainProcess-2133862 JobStatusPoller-Timer-Thread-22352741557968-22352741074688 parsl.jobs.strategy:175 _log DEBUG: Executor HighThroughputExecutor has 2 active tasks, 1/0 running/pending blocks, and 1 connected workers
1724113253.197513 2024-08-20 00:20:53 MainProcess-2133862 JobStatusPoller-Timer-Thread-22352741557968-22352741074688 parsl.jobs.strategy:175 _log DEBUG: Strategy case 2: slots are overloaded - (slot_ratio = active_slots/active_tasks) < parallelism
1724113253.197547 2024-08-20 00:20:53 MainProcess-2133862 JobStatusPoller-Timer-Thread-22352741557968-22352741074688 parsl.jobs.strategy:175 _log DEBUG: Strategy case 2a: active_blocks 1 >= max_blocks 1 so not scaling out
1724113253.197582 2024-08-20 00:20:53 MainProcess-2133862 JobStatusPoller-Timer-Thread-22352741557968-22352741074688 parsl.process_loggers:175 _log DEBUG: Normal ending for _general_strategy on thread JobStatusPoller-Timer-Thread-22352741557968
1724113254.870370 2024-08-20 00:20:54 MainProcess-2133862 HTEX-Result-Queue-Thread-22352726365952 parsl.executors.high_throughput.zmq_pipes:175 _log DEBUG: Received ResultsIncoming message
1724113254.870675 2024-08-20 00:20:54 MainProcess-2133862 HTEX-Result-Queue-Thread-22352726365952 parsl.dataflow.dflow:175 _log INFO: Task 3 completed (launched -> exec_done)
1724113254.870831 2024-08-20 00:20:54 MainProcess-2133862 HTEX-Result-Queue-Thread-22352726365952 parsl.dataflow.dflow:175 _log INFO: Standard out for task 3 will not be redirected.
1724113254.870944 2024-08-20 00:20:54 MainProcess-2133862 HTEX-Result-Queue-Thread-22352726365952 parsl.dataflow.dflow:175 _log INFO: Standard error for task 3 will not be redirected.
1724113254.871030 2024-08-20 00:20:54 MainProcess-2133862 HTEX-Result-Queue-Thread-22352726365952 parsl.executors.high_throughput.zmq_pipes:175 _log DEBUG: Waiting for ResultsIncoming message
1724113258.198155 2024-08-20 00:20:58 MainProcess-2133862 JobStatusPoller-Timer-Thread-22352741557968-22352741074688 parsl.channels.local.local:175 _log DEBUG: Creating process with command 'ps -p 2134144 > /dev/null 2> /dev/null; echo "STATUS:$?" '
1724113258.208003 2024-08-20 00:20:58 MainProcess-2133862 JobStatusPoller-Timer-Thread-22352741557968-22352741074688 parsl.channels.local.local:175 _log DEBUG: Created process with pid 2134299. Performing communicate
1724113258.263616 2024-08-20 00:20:58 MainProcess-2133862 JobStatusPoller-Timer-Thread-22352741557968-22352741074688 parsl.channels.local.local:175 _log DEBUG: Process 2134299 returned 0
1724113258.263725 2024-08-20 00:20:58 MainProcess-2133862 JobStatusPoller-Timer-Thread-22352741557968-22352741074688 parsl.channels.local.local:175 _log DEBUG: Execution of command in process 2134299 completed normally
1724113258.264878 2024-08-20 00:20:58 MainProcess-2133862 JobStatusPoller-Timer-Thread-22352741557968-22352741074688 parsl.executors.high_throughput.zmq_pipes:175 _log DEBUG: Sending command client command
1724113258.264979 2024-08-20 00:20:58 MainProcess-2133862 JobStatusPoller-Timer-Thread-22352741557968-22352741074688 parsl.executors.high_throughput.zmq_pipes:175 _log DEBUG: Receiving command client response
1724113258.265266 2024-08-20 00:20:58 MainProcess-2133862 JobStatusPoller-Timer-Thread-22352741557968-22352741074688 parsl.executors.high_throughput.zmq_pipes:175 _log DEBUG: Received command client response
1724113258.265401 2024-08-20 00:20:58 MainProcess-2133862 JobStatusPoller-Timer-Thread-22352741557968-22352741074688 parsl.jobs.strategy:175 _log DEBUG: general strategy starting with strategy_type simple for 1 executors
1724113258.265449 2024-08-20 00:20:58 MainProcess-2133862 JobStatusPoller-Timer-Thread-22352741557968-22352741074688 parsl.jobs.strategy:175 _log DEBUG: Strategizing for executor HighThroughputExecutor
1724113258.265491 2024-08-20 00:20:58 MainProcess-2133862 JobStatusPoller-Timer-Thread-22352741557968-22352741074688 parsl.executors.high_throughput.zmq_pipes:175 _log DEBUG: Sending command client command
1724113258.265536 2024-08-20 00:20:58 MainProcess-2133862 JobStatusPoller-Timer-Thread-22352741557968-22352741074688 parsl.executors.high_throughput.zmq_pipes:175 _log DEBUG: Receiving command client response
1724113258.265718 2024-08-20 00:20:58 MainProcess-2133862 JobStatusPoller-Timer-Thread-22352741557968-22352741074688 parsl.executors.high_throughput.zmq_pipes:175 _log DEBUG: Received command client response
1724113258.265787 2024-08-20 00:20:58 MainProcess-2133862 JobStatusPoller-Timer-Thread-22352741557968-22352741074688 parsl.jobs.strategy:175 _log DEBUG: Slot ratio calculation: active_slots = 1, active_tasks = 1
1724113258.265829 2024-08-20 00:20:58 MainProcess-2133862 JobStatusPoller-Timer-Thread-22352741557968-22352741074688 parsl.executors.high_throughput.zmq_pipes:175 _log DEBUG: Sending command client command
1724113258.265875 2024-08-20 00:20:58 MainProcess-2133862 JobStatusPoller-Timer-Thread-22352741557968-22352741074688 parsl.executors.high_throughput.zmq_pipes:175 _log DEBUG: Receiving command client response
1724113258.266042 2024-08-20 00:20:58 MainProcess-2133862 JobStatusPoller-Timer-Thread-22352741557968-22352741074688 parsl.executors.high_throughput.zmq_pipes:175 _log DEBUG: Received command client response
1724113258.266105 2024-08-20 00:20:58 MainProcess-2133862 JobStatusPoller-Timer-Thread-22352741557968-22352741074688 parsl.executors.high_throughput.zmq_pipes:175 _log DEBUG: Sending command client command
1724113258.266165 2024-08-20 00:20:58 MainProcess-2133862 JobStatusPoller-Timer-Thread-22352741557968-22352741074688 parsl.executors.high_throughput.zmq_pipes:175 _log DEBUG: Receiving command client response
1724113258.266343 2024-08-20 00:20:58 MainProcess-2133862 JobStatusPoller-Timer-Thread-22352741557968-22352741074688 parsl.executors.high_throughput.zmq_pipes:175 _log DEBUG: Received command client response
1724113258.266383 2024-08-20 00:20:58 MainProcess-2133862 JobStatusPoller-Timer-Thread-22352741557968-22352741074688 parsl.jobs.strategy:175 _log DEBUG: Executor HighThroughputExecutor has 1 active tasks, 1/0 running/pending blocks, and 1 connected workers
1724113258.266423 2024-08-20 00:20:58 MainProcess-2133862 JobStatusPoller-Timer-Thread-22352741557968-22352741074688 parsl.jobs.strategy:175 _log DEBUG: Strategy case 3: no changes necessary to current block load
1724113258.266463 2024-08-20 00:20:58 MainProcess-2133862 JobStatusPoller-Timer-Thread-22352741557968-22352741074688 parsl.process_loggers:175 _log DEBUG: Normal ending for _general_strategy on thread JobStatusPoller-Timer-Thread-22352741557968
1724113258.872023 2024-08-20 00:20:58 MainProcess-2133862 HTEX-Result-Queue-Thread-22352726365952 parsl.executors.high_throughput.zmq_pipes:175 _log DEBUG: Received ResultsIncoming message
1724113258.872299 2024-08-20 00:20:58 MainProcess-2133862 HTEX-Result-Queue-Thread-22352726365952 parsl.dataflow.dflow:175 _log INFO: Task 4 completed (launched -> exec_done)
1724113258.872465 2024-08-20 00:20:58 MainProcess-2133862 HTEX-Result-Queue-Thread-22352726365952 parsl.dataflow.dflow:175 _log INFO: Standard out for task 4 will not be redirected.
1724113258.872622 2024-08-20 00:20:58 MainProcess-2133862 HTEX-Result-Queue-Thread-22352726365952 parsl.dataflow.dflow:175 _log INFO: Standard error for task 4 will not be redirected.
1724113258.873561 2024-08-20 00:20:58 MainProcess-2133862 HTEX-Result-Queue-Thread-22352726365952 parsl.executors.high_throughput.zmq_pipes:175 _log DEBUG: Waiting for ResultsIncoming message
1724113258.910962 2024-08-20 00:20:58 MainProcess-2133862 MainThread-22361515970752 parsl.dataflow.dflow:175 _log WARNING: Python is exiting with a DFK still running. You should call parsl.dfk().cleanup() before exiting to release any resources
