1724113412.122273 2024-08-20 00:23:32 MainProcess-2134674 MainThread-22733218496704 parsl.dataflow.dflow:175 _log INFO: Starting DataFlowKernel with config
Config(
    app_cache=True, 
    checkpoint_files=None, 
    checkpoint_mode=None, 
    checkpoint_period=None, 
    dependency_resolver=None, 
    executors=(HighThroughputExecutor(
        address='10.140.56.174', 
        address_probe_timeout=None, 
        available_accelerators=['0,1,2,3'], 
        block_error_handler=<function simple_error_handler at 0x14aaf27c2a20>, 
        cores_per_worker=1.0, 
        cpu_affinity='block-reverse', 
        drain_period=None, 
        enable_mpi_mode=False, 
        encrypted=False, 
        heartbeat_period=30, 
        heartbeat_threshold=120, 
        interchange_launch_cmd=['interchange.py'], 
        interchange_port_range=(55000, 56000), 
        label='HighThroughputExecutor', 
        launch_cmd='process_worker_pool.py {debug} {max_workers_per_node} -a {addresses} -p {prefetch_capacity} -c {cores_per_worker} -m {mem_per_worker} --poll {poll_period} --task_port={task_port} --result_port={result_port} --cert_dir {cert_dir} --logdir={logdir} --block_id={{block_id}} --hb_period={heartbeat_period} {address_probe_timeout_string} --hb_threshold={heartbeat_threshold} --drain_period={drain_period} --cpu-affinity {cpu_affinity} {enable_mpi_mode} --mpi-launcher={mpi_launcher} --available-accelerators {accelerators}', 
        manager_selector=<parsl.executors.high_throughput.manager_selector.RandomManagerSelector object at 0x14aaf4e0eb50>, 
        max_workers=inf, 
        max_workers_per_node=inf, 
        mem_per_worker=None, 
        mpi_launcher='mpiexec', 
        poll_period=10, 
        prefetch_capacity=0, 
        provider=LocalProvider(
            channel=LocalChannel(
                envs={}, 
                script_dir=None, 
                userhome='/home/viralss2/nekRS-ML_MSR/examples/parsl_MSR_smartsim'
            ), 
            cmd_timeout=30, 
            init_blocks=1, 
            launcher=SingleNodeLauncher(debug=True, fail_on_any=False), 
            max_blocks=1, 
            min_blocks=0, 
            move_files=None, 
            nodes_per_block=1, 
            parallelism=1, 
            worker_init='source /home/viralss2/ALCF_Hands_on_HPC_Workshop/workflows/parsl/launch_eg/set_run_env;\n                            cd /home/viralss2/nekRS-ML_MSR/examples/parsl_MSR_smartsim'
        ), 
        storage_access=None, 
        worker_debug=False, 
        worker_logdir_root=None, 
        worker_port_range=(54000, 55000), 
        worker_ports=None, 
        working_dir=None
    ),), 
    exit_mode='cleanup', 
    garbage_collect=True, 
    initialize_logging=True, 
    internal_tasks_max_threads=10, 
    max_idletime=120.0, 
    monitoring=None, 
    retries=1, 
    retry_handler=None, 
    run_dir='runinfo', 
    std_autopath=None, 
    strategy='simple', 
    strategy_period=5, 
    usage_tracking=0
)
1724113412.123471 2024-08-20 00:23:32 MainProcess-2134674 MainThread-22733218496704 parsl.dataflow.dflow:175 _log INFO: Parsl version: 2024.08.05
1724113412.123555 2024-08-20 00:23:32 MainProcess-2134674 MainThread-22733218496704 parsl.usage_tracking.usage:175 _log DEBUG: Tracking level: 0
1724113412.123629 2024-08-20 00:23:32 MainProcess-2134674 MainThread-22733218496704 parsl.dataflow.dflow:175 _log INFO: Run id is: b8f8b4a0-7c07-4860-8816-cd907d152ffe
1724113412.230602 2024-08-20 00:23:32 MainProcess-2134674 MainThread-22733218496704 parsl.dataflow.dflow:175 _log DEBUG: Considering candidate for workflow name: /home/viralss2/SSML/lib/python3.11/site-packages/parsl/dataflow/dflow.py
1724113412.230664 2024-08-20 00:23:32 MainProcess-2134674 MainThread-22733218496704 parsl.dataflow.dflow:175 _log DEBUG: Considering candidate for workflow name: /soft/applications/conda/2024-04-29/mconda3/lib/python3.11/site-packages/typeguard/__init__.py
1724113412.230711 2024-08-20 00:23:32 MainProcess-2134674 MainThread-22733218496704 parsl.dataflow.dflow:175 _log DEBUG: Considering candidate for workflow name: /home/viralss2/SSML/lib/python3.11/site-packages/parsl/dataflow/dflow.py
1724113412.230776 2024-08-20 00:23:32 MainProcess-2134674 MainThread-22733218496704 parsl.dataflow.dflow:175 _log DEBUG: Considering candidate for workflow name: /soft/applications/conda/2024-04-29/mconda3/lib/python3.11/site-packages/typeguard/__init__.py
1724113412.230833 2024-08-20 00:23:32 MainProcess-2134674 MainThread-22733218496704 parsl.dataflow.dflow:175 _log DEBUG: Considering candidate for workflow name: /home/viralss2/nekRS-ML_MSR/examples/parsl_MSR_smartsim/ssim_driver_polaris.py
1724113412.230873 2024-08-20 00:23:32 MainProcess-2134674 MainThread-22733218496704 parsl.dataflow.dflow:175 _log DEBUG: Using ssim_driver_polaris.py as workflow name
1724113412.230994 2024-08-20 00:23:32 MainProcess-2134674 MainThread-22733218496704 parsl.dataflow.memoization:175 _log INFO: App caching initialized
1724113412.231048 2024-08-20 00:23:32 MainProcess-2134674 MainThread-22733218496704 parsl.jobs.strategy:175 _log DEBUG: Scaling strategy: simple
1724113412.235042 2024-08-20 00:23:32 MainProcess-2134674 MainThread-22733218496704 parsl.executors.high_throughput.executor:175 _log DEBUG: Starting result queue thread
1724113412.235271 2024-08-20 00:23:32 MainProcess-2134674 HTEX-Result-Queue-Thread-22724428887808 parsl.executors.high_throughput.executor:175 _log DEBUG: Result queue worker starting
1724113412.235355 2024-08-20 00:23:32 MainProcess-2134674 MainThread-22733218496704 parsl.executors.high_throughput.executor:175 _log DEBUG: Started result queue thread
1724113412.235405 2024-08-20 00:23:32 MainProcess-2134674 HTEX-Result-Queue-Thread-22724428887808 parsl.executors.high_throughput.zmq_pipes:175 _log DEBUG: Waiting for ResultsIncoming message
1724113412.236642 2024-08-20 00:23:32 MainProcess-2134674 MainThread-22733218496704 parsl.executors.high_throughput.executor:175 _log DEBUG: Popened interchange process. Writing config object
1724113412.236706 2024-08-20 00:23:32 MainProcess-2134674 MainThread-22733218496704 parsl.executors.high_throughput.executor:175 _log DEBUG: Sent config object. Requesting worker ports
1724113412.236750 2024-08-20 00:23:32 MainProcess-2134674 MainThread-22733218496704 parsl.executors.high_throughput.zmq_pipes:175 _log DEBUG: Sending command client command
1724113412.760896 2024-08-20 00:23:32 MainProcess-2134674 MainThread-22733218496704 parsl.executors.high_throughput.zmq_pipes:175 _log DEBUG: Polling for command client response or timeout
1724113412.762530 2024-08-20 00:23:32 MainProcess-2134674 MainThread-22733218496704 parsl.executors.high_throughput.zmq_pipes:175 _log DEBUG: Receiving command client response
1724113412.762616 2024-08-20 00:23:32 MainProcess-2134674 MainThread-22733218496704 parsl.executors.high_throughput.zmq_pipes:175 _log DEBUG: Received command client response
1724113412.762678 2024-08-20 00:23:32 MainProcess-2134674 MainThread-22733218496704 parsl.executors.high_throughput.executor:175 _log DEBUG: Got worker ports
1724113412.762722 2024-08-20 00:23:32 MainProcess-2134674 MainThread-22733218496704 parsl.executors.high_throughput.executor:175 _log DEBUG: Created result queue thread: <Thread(HTEX-Result-Queue-Thread, started daemon 22724428887808)>
1724113412.762964 2024-08-20 00:23:32 MainProcess-2134674 MainThread-22733218496704 parsl.executors.high_throughput.executor:175 _log DEBUG: Launch command: process_worker_pool.py   -a 10.140.56.174 -p 0 -c 1.0 -m None --poll 10 --task_port=54008 --result_port=54442 --cert_dir None --logdir=/home/viralss2/nekRS-ML_MSR/examples/parsl_MSR_smartsim/runinfo/022/HighThroughputExecutor --block_id={block_id} --hb_period=30  --hb_threshold=120 --drain_period=None --cpu-affinity block-reverse  --mpi-launcher=mpiexec --available-accelerators 0,1,2,3
1724113412.763011 2024-08-20 00:23:32 MainProcess-2134674 MainThread-22733218496704 parsl.executors.high_throughput.executor:175 _log DEBUG: Starting HighThroughputExecutor with provider:
LocalProvider(
    channel=LocalChannel(
        envs={}, 
        script_dir='/home/viralss2/nekRS-ML_MSR/examples/parsl_MSR_smartsim/runinfo/022/submit_scripts', 
        userhome='/home/viralss2/nekRS-ML_MSR/examples/parsl_MSR_smartsim'
    ), 
    cmd_timeout=30, 
    init_blocks=1, 
    launcher=SingleNodeLauncher(debug=True, fail_on_any=False), 
    max_blocks=1, 
    min_blocks=0, 
    move_files=None, 
    nodes_per_block=1, 
    parallelism=1, 
    worker_init='source /home/viralss2/ALCF_Hands_on_HPC_Workshop/workflows/parsl/launch_eg/set_run_env;\n                            cd /home/viralss2/nekRS-ML_MSR/examples/parsl_MSR_smartsim'
)
1724113412.763348 2024-08-20 00:23:32 MainProcess-2134674 MainThread-22733218496704 parsl.jobs.job_status_poller:175 _log DEBUG: Adding executor HighThroughputExecutor
1724113417.231383 2024-08-20 00:23:37 MainProcess-2134674 JobStatusPoller-Timer-Thread-22724444136528-22724443596544 parsl.executors.high_throughput.zmq_pipes:175 _log DEBUG: Sending command client command
1724113417.231579 2024-08-20 00:23:37 MainProcess-2134674 JobStatusPoller-Timer-Thread-22724444136528-22724443596544 parsl.executors.high_throughput.zmq_pipes:175 _log DEBUG: Receiving command client response
1724113417.231978 2024-08-20 00:23:37 MainProcess-2134674 JobStatusPoller-Timer-Thread-22724444136528-22724443596544 parsl.executors.high_throughput.zmq_pipes:175 _log DEBUG: Received command client response
1724113417.232059 2024-08-20 00:23:37 MainProcess-2134674 JobStatusPoller-Timer-Thread-22724444136528-22724443596544 parsl.jobs.strategy:175 _log DEBUG: general strategy starting with strategy_type simple for 1 executors
1724113417.232100 2024-08-20 00:23:37 MainProcess-2134674 JobStatusPoller-Timer-Thread-22724444136528-22724443596544 parsl.jobs.strategy:175 _log DEBUG: Strategizing for executor HighThroughputExecutor
1724113417.232136 2024-08-20 00:23:37 MainProcess-2134674 JobStatusPoller-Timer-Thread-22724444136528-22724443596544 parsl.jobs.strategy:175 _log DEBUG: Scaling out 1 initial blocks for HighThroughputExecutor
1724113417.232172 2024-08-20 00:23:37 MainProcess-2134674 JobStatusPoller-Timer-Thread-22724444136528-22724443596544 parsl.executors.status_handling:175 _log INFO: Scaling out by 1 blocks
1724113417.232210 2024-08-20 00:23:37 MainProcess-2134674 JobStatusPoller-Timer-Thread-22724444136528-22724443596544 parsl.executors.status_handling:175 _log INFO: Allocated block ID 0
1724113417.232251 2024-08-20 00:23:37 MainProcess-2134674 JobStatusPoller-Timer-Thread-22724444136528-22724443596544 parsl.executors.status_handling:175 _log DEBUG: Submitting to provider with job_name parsl.HighThroughputExecutor.block-0
1724113417.236219 2024-08-20 00:23:37 MainProcess-2134674 JobStatusPoller-Timer-Thread-22724444136528-22724443596544 parsl.providers.local.local:175 _log DEBUG: Launching
1724113417.236435 2024-08-20 00:23:37 MainProcess-2134674 JobStatusPoller-Timer-Thread-22724444136528-22724443596544 parsl.channels.local.local:175 _log DEBUG: Creating process with command '/bin/bash -c 'echo - >/home/viralss2/nekRS-ML_MSR/examples/parsl_MSR_smartsim/runinfo/022/submit_scripts/parsl.HighThroughputExecutor.block-0.1724113417.2323587.sh.ec && { { bash /home/viralss2/nekRS-ML_MSR/examples/parsl_MSR_smartsim/runinfo/022/submit_scripts/parsl.HighThroughputExecutor.block-0.1724113417.2323587.sh 1>/home/viralss2/nekRS-ML_MSR/examples/parsl_MSR_smartsim/runinfo/022/submit_scripts/parsl.HighThroughputExecutor.block-0.1724113417.2323587.sh.out 2>/home/viralss2/nekRS-ML_MSR/examples/parsl_MSR_smartsim/runinfo/022/submit_scripts/parsl.HighThroughputExecutor.block-0.1724113417.2323587.sh.err ; echo $? > /home/viralss2/nekRS-ML_MSR/examples/parsl_MSR_smartsim/runinfo/022/submit_scripts/parsl.HighThroughputExecutor.block-0.1724113417.2323587.sh.ec ; } >/dev/null 2>&1 & echo "PID:$!" ; }''
1724113417.249243 2024-08-20 00:23:37 MainProcess-2134674 JobStatusPoller-Timer-Thread-22724444136528-22724443596544 parsl.channels.local.local:175 _log DEBUG: Created process with pid 2134887. Performing communicate
1724113417.258120 2024-08-20 00:23:37 MainProcess-2134674 JobStatusPoller-Timer-Thread-22724444136528-22724443596544 parsl.channels.local.local:175 _log DEBUG: Process 2134887 returned 0
1724113417.258240 2024-08-20 00:23:37 MainProcess-2134674 JobStatusPoller-Timer-Thread-22724444136528-22724443596544 parsl.channels.local.local:175 _log DEBUG: Execution of command in process 2134887 completed normally
1724113417.258375 2024-08-20 00:23:37 MainProcess-2134674 JobStatusPoller-Timer-Thread-22724444136528-22724443596544 parsl.executors.status_handling:175 _log DEBUG: Launched block 0 on executor HighThroughputExecutor with job ID 2134888
1724113417.258464 2024-08-20 00:23:37 MainProcess-2134674 JobStatusPoller-Timer-Thread-22724444136528-22724443596544 parsl.executors.high_throughput.zmq_pipes:175 _log DEBUG: Sending command client command
1724113417.258554 2024-08-20 00:23:37 MainProcess-2134674 JobStatusPoller-Timer-Thread-22724444136528-22724443596544 parsl.executors.high_throughput.zmq_pipes:175 _log DEBUG: Receiving command client response
1724113417.258729 2024-08-20 00:23:37 MainProcess-2134674 JobStatusPoller-Timer-Thread-22724444136528-22724443596544 parsl.executors.high_throughput.zmq_pipes:175 _log DEBUG: Received command client response
1724113417.258787 2024-08-20 00:23:37 MainProcess-2134674 JobStatusPoller-Timer-Thread-22724444136528-22724443596544 parsl.jobs.strategy:175 _log DEBUG: Slot ratio calculation: active_slots = 1, active_tasks = 0
1724113417.258826 2024-08-20 00:23:37 MainProcess-2134674 JobStatusPoller-Timer-Thread-22724444136528-22724443596544 parsl.executors.high_throughput.zmq_pipes:175 _log DEBUG: Sending command client command
1724113417.258870 2024-08-20 00:23:37 MainProcess-2134674 JobStatusPoller-Timer-Thread-22724444136528-22724443596544 parsl.executors.high_throughput.zmq_pipes:175 _log DEBUG: Receiving command client response
1724113417.258980 2024-08-20 00:23:37 MainProcess-2134674 JobStatusPoller-Timer-Thread-22724444136528-22724443596544 parsl.executors.high_throughput.zmq_pipes:175 _log DEBUG: Received command client response
1724113417.259020 2024-08-20 00:23:37 MainProcess-2134674 JobStatusPoller-Timer-Thread-22724444136528-22724443596544 parsl.executors.high_throughput.zmq_pipes:175 _log DEBUG: Sending command client command
1724113417.259062 2024-08-20 00:23:37 MainProcess-2134674 JobStatusPoller-Timer-Thread-22724444136528-22724443596544 parsl.executors.high_throughput.zmq_pipes:175 _log DEBUG: Receiving command client response
1724113417.259130 2024-08-20 00:23:37 MainProcess-2134674 JobStatusPoller-Timer-Thread-22724444136528-22724443596544 parsl.executors.high_throughput.zmq_pipes:175 _log DEBUG: Received command client response
1724113417.259168 2024-08-20 00:23:37 MainProcess-2134674 JobStatusPoller-Timer-Thread-22724444136528-22724443596544 parsl.jobs.strategy:175 _log DEBUG: Executor HighThroughputExecutor has 0 active tasks, 0/1 running/pending blocks, and 0 connected workers
1724113417.259200 2024-08-20 00:23:37 MainProcess-2134674 JobStatusPoller-Timer-Thread-22724444136528-22724443596544 parsl.jobs.strategy:175 _log DEBUG: Strategy case 1: Executor has no active tasks
1724113417.259233 2024-08-20 00:23:37 MainProcess-2134674 JobStatusPoller-Timer-Thread-22724444136528-22724443596544 parsl.jobs.strategy:175 _log DEBUG: Strategy case 1b: Executor has no active tasks, and more (1) than minimum blocks (0)
1724113417.259270 2024-08-20 00:23:37 MainProcess-2134674 JobStatusPoller-Timer-Thread-22724444136528-22724443596544 parsl.jobs.strategy:175 _log DEBUG: Starting idle timer for executor. If idle time exceeds 120.0s, blocks will be scaled in
1724113417.259315 2024-08-20 00:23:37 MainProcess-2134674 JobStatusPoller-Timer-Thread-22724444136528-22724443596544 parsl.jobs.strategy:175 _log DEBUG: Idle time 4.76837158203125e-07s is less than max_idletime 120.0s for executor HighThroughputExecutor; not scaling in
1724113417.259364 2024-08-20 00:23:37 MainProcess-2134674 JobStatusPoller-Timer-Thread-22724444136528-22724443596544 parsl.process_loggers:175 _log DEBUG: Normal ending for _general_strategy on thread JobStatusPoller-Timer-Thread-22724444136528
1724113422.259976 2024-08-20 00:23:42 MainProcess-2134674 JobStatusPoller-Timer-Thread-22724444136528-22724443596544 parsl.channels.local.local:175 _log DEBUG: Creating process with command 'ps -p 2134888 > /dev/null 2> /dev/null; echo "STATUS:$?" '
1724113422.268555 2024-08-20 00:23:42 MainProcess-2134674 JobStatusPoller-Timer-Thread-22724444136528-22724443596544 parsl.channels.local.local:175 _log DEBUG: Created process with pid 2135098. Performing communicate
1724113422.324237 2024-08-20 00:23:42 MainProcess-2134674 JobStatusPoller-Timer-Thread-22724444136528-22724443596544 parsl.channels.local.local:175 _log DEBUG: Process 2135098 returned 0
1724113422.324365 2024-08-20 00:23:42 MainProcess-2134674 JobStatusPoller-Timer-Thread-22724444136528-22724443596544 parsl.channels.local.local:175 _log DEBUG: Execution of command in process 2135098 completed normally
1724113422.325753 2024-08-20 00:23:42 MainProcess-2134674 JobStatusPoller-Timer-Thread-22724444136528-22724443596544 parsl.executors.high_throughput.zmq_pipes:175 _log DEBUG: Sending command client command
1724113422.325871 2024-08-20 00:23:42 MainProcess-2134674 JobStatusPoller-Timer-Thread-22724444136528-22724443596544 parsl.executors.high_throughput.zmq_pipes:175 _log DEBUG: Receiving command client response
1724113422.326151 2024-08-20 00:23:42 MainProcess-2134674 JobStatusPoller-Timer-Thread-22724444136528-22724443596544 parsl.executors.high_throughput.zmq_pipes:175 _log DEBUG: Received command client response
1724113422.326293 2024-08-20 00:23:42 MainProcess-2134674 JobStatusPoller-Timer-Thread-22724444136528-22724443596544 parsl.jobs.strategy:175 _log DEBUG: general strategy starting with strategy_type simple for 1 executors
1724113422.326344 2024-08-20 00:23:42 MainProcess-2134674 JobStatusPoller-Timer-Thread-22724444136528-22724443596544 parsl.jobs.strategy:175 _log DEBUG: Strategizing for executor HighThroughputExecutor
1724113422.326388 2024-08-20 00:23:42 MainProcess-2134674 JobStatusPoller-Timer-Thread-22724444136528-22724443596544 parsl.executors.high_throughput.zmq_pipes:175 _log DEBUG: Sending command client command
1724113422.326436 2024-08-20 00:23:42 MainProcess-2134674 JobStatusPoller-Timer-Thread-22724444136528-22724443596544 parsl.executors.high_throughput.zmq_pipes:175 _log DEBUG: Receiving command client response
1724113422.326645 2024-08-20 00:23:42 MainProcess-2134674 JobStatusPoller-Timer-Thread-22724444136528-22724443596544 parsl.executors.high_throughput.zmq_pipes:175 _log DEBUG: Received command client response
1724113422.326715 2024-08-20 00:23:42 MainProcess-2134674 JobStatusPoller-Timer-Thread-22724444136528-22724443596544 parsl.jobs.strategy:175 _log DEBUG: Slot ratio calculation: active_slots = 1, active_tasks = 0
1724113422.326764 2024-08-20 00:23:42 MainProcess-2134674 JobStatusPoller-Timer-Thread-22724444136528-22724443596544 parsl.executors.high_throughput.zmq_pipes:175 _log DEBUG: Sending command client command
1724113422.326818 2024-08-20 00:23:42 MainProcess-2134674 JobStatusPoller-Timer-Thread-22724444136528-22724443596544 parsl.executors.high_throughput.zmq_pipes:175 _log DEBUG: Receiving command client response
1724113422.326989 2024-08-20 00:23:42 MainProcess-2134674 JobStatusPoller-Timer-Thread-22724444136528-22724443596544 parsl.executors.high_throughput.zmq_pipes:175 _log DEBUG: Received command client response
1724113422.327062 2024-08-20 00:23:42 MainProcess-2134674 JobStatusPoller-Timer-Thread-22724444136528-22724443596544 parsl.executors.high_throughput.zmq_pipes:175 _log DEBUG: Sending command client command
1724113422.327117 2024-08-20 00:23:42 MainProcess-2134674 JobStatusPoller-Timer-Thread-22724444136528-22724443596544 parsl.executors.high_throughput.zmq_pipes:175 _log DEBUG: Receiving command client response
1724113422.327301 2024-08-20 00:23:42 MainProcess-2134674 JobStatusPoller-Timer-Thread-22724444136528-22724443596544 parsl.executors.high_throughput.zmq_pipes:175 _log DEBUG: Received command client response
1724113422.327371 2024-08-20 00:23:42 MainProcess-2134674 JobStatusPoller-Timer-Thread-22724444136528-22724443596544 parsl.jobs.strategy:175 _log DEBUG: Executor HighThroughputExecutor has 0 active tasks, 1/0 running/pending blocks, and 1 connected workers
1724113422.327431 2024-08-20 00:23:42 MainProcess-2134674 JobStatusPoller-Timer-Thread-22724444136528-22724443596544 parsl.jobs.strategy:175 _log DEBUG: Strategy case 1: Executor has no active tasks
1724113422.327472 2024-08-20 00:23:42 MainProcess-2134674 JobStatusPoller-Timer-Thread-22724444136528-22724443596544 parsl.jobs.strategy:175 _log DEBUG: Strategy case 1b: Executor has no active tasks, and more (1) than minimum blocks (0)
1724113422.327517 2024-08-20 00:23:42 MainProcess-2134674 JobStatusPoller-Timer-Thread-22724444136528-22724443596544 parsl.jobs.strategy:175 _log DEBUG: Idle time 5.068202972412109s is less than max_idletime 120.0s for executor HighThroughputExecutor; not scaling in
1724113422.327554 2024-08-20 00:23:42 MainProcess-2134674 JobStatusPoller-Timer-Thread-22724444136528-22724443596544 parsl.process_loggers:175 _log DEBUG: Normal ending for _general_strategy on thread JobStatusPoller-Timer-Thread-22724444136528
1724113423.001853 2024-08-20 00:23:43 MainProcess-2134674 MainThread-22733218496704 parsl.dataflow.dflow:175 _log DEBUG: Task 0 will be sent to executor HighThroughputExecutor
1724113423.002004 2024-08-20 00:23:43 MainProcess-2134674 MainThread-22733218496704 parsl.dataflow.dflow:175 _log DEBUG: Adding output dependencies
1724113423.002053 2024-08-20 00:23:43 MainProcess-2134674 MainThread-22733218496704 parsl.dataflow.dflow:175 _log DEBUG: Added output dependencies
1724113423.002093 2024-08-20 00:23:43 MainProcess-2134674 MainThread-22733218496704 parsl.dataflow.dflow:175 _log DEBUG: Gathering dependencies
1724113423.002200 2024-08-20 00:23:43 MainProcess-2134674 MainThread-22733218496704 parsl.dataflow.dflow:175 _log DEBUG: Gathered dependencies
1724113423.002246 2024-08-20 00:23:43 MainProcess-2134674 MainThread-22733218496704 parsl.dataflow.dflow:175 _log INFO: Task 0 submitted for App hello_affinity, not waiting on any dependency
1724113423.002308 2024-08-20 00:23:43 MainProcess-2134674 MainThread-22733218496704 parsl.dataflow.dflow:175 _log DEBUG: Task 0 set to pending state with AppFuture: <AppFuture at 0x14aaf26ffc50 state=pending>
1724113423.002695 2024-08-20 00:23:43 MainProcess-2134674 Dependency-Launch_0-22725533153024 parsl.dataflow.memoization:175 _log DEBUG: Task 0 will not be memoized
1724113423.002873 2024-08-20 00:23:43 MainProcess-2134674 Dependency-Launch_0-22725533153024 parsl.executors.high_throughput.executor:175 _log DEBUG: Pushing function <function hello_affinity at 0x14aaf26d2200> to queue with args ("Namespace(sim_nodes=1, db_nodes=1, simprocs_pn=4, simprocs=4, sim_cpu_bind='numa', sim_arguments='--...",)
1724113423.004430 2024-08-20 00:23:43 MainProcess-2134674 Dependency-Launch_0-22725533153024 parsl.executors.high_throughput.zmq_pipes:175 _log DEBUG: Sending TasksOutgoing message
1724113423.004510 2024-08-20 00:23:43 MainProcess-2134674 Dependency-Launch_0-22725533153024 parsl.executors.high_throughput.zmq_pipes:175 _log DEBUG: Sent TasksOutgoing message
1724113423.004563 2024-08-20 00:23:43 MainProcess-2134674 Dependency-Launch_0-22725533153024 parsl.dataflow.dflow:175 _log INFO: Parsl task 0 try 0 launched on executor HighThroughputExecutor with executor id 1
1724113423.004612 2024-08-20 00:23:43 MainProcess-2134674 Dependency-Launch_0-22725533153024 parsl.dataflow.dflow:175 _log INFO: Standard out for task 0 will not be redirected.
1724113423.004649 2024-08-20 00:23:43 MainProcess-2134674 Dependency-Launch_0-22725533153024 parsl.dataflow.dflow:175 _log INFO: Standard error for task 0 will not be redirected.
1724113423.004701 2024-08-20 00:23:43 MainProcess-2134674 Dependency-Launch_0-22725533153024 parsl.process_loggers:175 _log DEBUG: Normal ending for _launch_if_ready_async on thread Dependency-Launch_0
1724113423.614648 2024-08-20 00:23:43 MainProcess-2134674 HTEX-Result-Queue-Thread-22724428887808 parsl.executors.high_throughput.zmq_pipes:175 _log DEBUG: Received ResultsIncoming message
1724113423.614993 2024-08-20 00:23:43 MainProcess-2134674 HTEX-Result-Queue-Thread-22724428887808 parsl.app.errors:175 _log DEBUG: Reraising exception of type <class 'NameError'>
1724113423.615150 2024-08-20 00:23:43 MainProcess-2134674 HTEX-Result-Queue-Thread-22724428887808 parsl.dataflow.dflow:175 _log INFO: Task 0 try 0 failed with exception of type NameError
1724113423.615217 2024-08-20 00:23:43 MainProcess-2134674 HTEX-Result-Queue-Thread-22724428887808 parsl.dataflow.dflow:175 _log INFO: Task 0 marked for retry
1724113423.615261 2024-08-20 00:23:43 MainProcess-2134674 HTEX-Result-Queue-Thread-22724428887808 parsl.dataflow.dflow:175 _log INFO: Standard out for task 0 will not be redirected.
1724113423.615297 2024-08-20 00:23:43 MainProcess-2134674 HTEX-Result-Queue-Thread-22724428887808 parsl.dataflow.dflow:175 _log INFO: Standard error for task 0 will not be redirected.
1724113423.615360 2024-08-20 00:23:43 MainProcess-2134674 HTEX-Result-Queue-Thread-22724428887808 parsl.executors.high_throughput.zmq_pipes:175 _log DEBUG: Waiting for ResultsIncoming message
1724113423.615465 2024-08-20 00:23:43 MainProcess-2134674 Dependency-Launch_0-22725533153024 parsl.dataflow.memoization:175 _log DEBUG: Task 0 will not be memoized
1724113423.615646 2024-08-20 00:23:43 MainProcess-2134674 Dependency-Launch_0-22725533153024 parsl.executors.high_throughput.executor:175 _log DEBUG: Pushing function <function hello_affinity at 0x14aaf26d2200> to queue with args ("Namespace(sim_nodes=1, db_nodes=1, simprocs_pn=4, simprocs=4, sim_cpu_bind='numa', sim_arguments='--...",)
1724113423.615762 2024-08-20 00:23:43 MainProcess-2134674 Dependency-Launch_0-22725533153024 parsl.executors.high_throughput.zmq_pipes:175 _log DEBUG: Sending TasksOutgoing message
1724113423.615826 2024-08-20 00:23:43 MainProcess-2134674 Dependency-Launch_0-22725533153024 parsl.executors.high_throughput.zmq_pipes:175 _log DEBUG: Sent TasksOutgoing message
1724113423.615874 2024-08-20 00:23:43 MainProcess-2134674 Dependency-Launch_0-22725533153024 parsl.dataflow.dflow:175 _log INFO: Parsl task 0 try 1 launched on executor HighThroughputExecutor with executor id 2
1724113423.615914 2024-08-20 00:23:43 MainProcess-2134674 Dependency-Launch_0-22725533153024 parsl.dataflow.dflow:175 _log INFO: Standard out for task 0 will not be redirected.
1724113423.615948 2024-08-20 00:23:43 MainProcess-2134674 Dependency-Launch_0-22725533153024 parsl.dataflow.dflow:175 _log INFO: Standard error for task 0 will not be redirected.
1724113423.615999 2024-08-20 00:23:43 MainProcess-2134674 Dependency-Launch_0-22725533153024 parsl.process_loggers:175 _log DEBUG: Normal ending for _launch_if_ready_async on thread Dependency-Launch_0
1724113423.636230 2024-08-20 00:23:43 MainProcess-2134674 HTEX-Result-Queue-Thread-22724428887808 parsl.executors.high_throughput.zmq_pipes:175 _log DEBUG: Received ResultsIncoming message
1724113423.636375 2024-08-20 00:23:43 MainProcess-2134674 HTEX-Result-Queue-Thread-22724428887808 parsl.app.errors:175 _log DEBUG: Reraising exception of type <class 'NameError'>
1724113423.636498 2024-08-20 00:23:43 MainProcess-2134674 HTEX-Result-Queue-Thread-22724428887808 parsl.dataflow.dflow:175 _log INFO: Task 0 try 1 failed with exception of type NameError
1724113423.636571 2024-08-20 00:23:43 MainProcess-2134674 HTEX-Result-Queue-Thread-22724428887808 parsl.dataflow.dflow:175 _log ERROR: Task 0 failed after 1 retry attempts
Traceback (most recent call last):
  File "/home/viralss2/SSML/lib/python3.11/site-packages/parsl/dataflow/dflow.py", line 344, in handle_exec_update
    res = self._unwrap_remote_exception_wrapper(future)
          ^^^^^^^^^^^^^^^^^^^^^^^^^^^^^^^^^^^^^^^^^^^^^
  File "/home/viralss2/SSML/lib/python3.11/site-packages/parsl/dataflow/dflow.py", line 614, in _unwrap_remote_exception_wrapper
    result.reraise()
  File "/home/viralss2/SSML/lib/python3.11/site-packages/parsl/app/errors.py", line 117, in reraise
    raise v
  File "/home/viralss2/SSML/lib/python3.11/site-packages/parsl/app/errors.py", line 141, in wrapper
    return func(*args, **kwargs)
    ^^^^^^^^^^^^^^^^^
  File "/home/viralss2/nekRS-ML_MSR/examples/parsl_MSR_smartsim/ssim_driver_polaris.py", line 45, in hello_affinity
    if (launcher=='pals'):
      ^^^^^^^^^^^^^^^^^
NameError: name 'launcher' is not defined
1724113423.639113 2024-08-20 00:23:43 MainProcess-2134674 HTEX-Result-Queue-Thread-22724428887808 parsl.dataflow.dflow:175 _log INFO: Standard out for task 0 will not be redirected.
1724113423.639319 2024-08-20 00:23:43 MainProcess-2134674 HTEX-Result-Queue-Thread-22724428887808 parsl.dataflow.dflow:175 _log INFO: Standard error for task 0 will not be redirected.
1724113423.639393 2024-08-20 00:23:43 MainProcess-2134674 HTEX-Result-Queue-Thread-22724428887808 parsl.executors.high_throughput.zmq_pipes:175 _log DEBUG: Waiting for ResultsIncoming message
1724113423.643852 2024-08-20 00:23:43 MainProcess-2134674 MainThread-22733218496704 parsl.dataflow.dflow:175 _log WARNING: Python is exiting with a DFK still running. You should call parsl.dfk().cleanup() before exiting to release any resources
