1724114257.752654 2024-08-20 00:37:37 MainProcess-2143295 MainThread-23205941674176 parsl.dataflow.dflow:175 _log INFO: Starting DataFlowKernel with config
Config(
    app_cache=True, 
    checkpoint_files=None, 
    checkpoint_mode=None, 
    checkpoint_period=None, 
    dependency_resolver=None, 
    executors=(HighThroughputExecutor(
        address='10.140.56.174', 
        address_probe_timeout=None, 
        available_accelerators=['0,1,2,3'], 
        block_error_handler=<function simple_error_handler at 0x151902f968e0>, 
        cores_per_worker=1.0, 
        cpu_affinity='block-reverse', 
        drain_period=None, 
        enable_mpi_mode=False, 
        encrypted=False, 
        heartbeat_period=30, 
        heartbeat_threshold=120, 
        interchange_launch_cmd=['interchange.py'], 
        interchange_port_range=(55000, 56000), 
        label='HighThroughputExecutor', 
        launch_cmd='process_worker_pool.py {debug} {max_workers_per_node} -a {addresses} -p {prefetch_capacity} -c {cores_per_worker} -m {mem_per_worker} --poll {poll_period} --task_port={task_port} --result_port={result_port} --cert_dir {cert_dir} --logdir={logdir} --block_id={{block_id}} --hb_period={heartbeat_period} {address_probe_timeout_string} --hb_threshold={heartbeat_threshold} --drain_period={drain_period} --cpu-affinity {cpu_affinity} {enable_mpi_mode} --mpi-launcher={mpi_launcher} --available-accelerators {accelerators}', 
        manager_selector=<parsl.executors.high_throughput.manager_selector.RandomManagerSelector object at 0x151902fa2490>, 
        max_workers=inf, 
        max_workers_per_node=inf, 
        mem_per_worker=None, 
        mpi_launcher='mpiexec', 
        poll_period=10, 
        prefetch_capacity=0, 
        provider=LocalProvider(
            channel=LocalChannel(
                envs={}, 
                script_dir=None, 
                userhome='/home/viralss2/nekRS-ML_MSR/examples/parsl_MSR_smartsim'
            ), 
            cmd_timeout=30, 
            init_blocks=1, 
            launcher=SingleNodeLauncher(debug=True, fail_on_any=False), 
            max_blocks=1, 
            min_blocks=0, 
            move_files=None, 
            nodes_per_block=1, 
            parallelism=1, 
            worker_init='source /home/viralss2/ALCF_Hands_on_HPC_Workshop/workflows/parsl/launch_eg/set_run_env;\n                            cd /home/viralss2/nekRS-ML_MSR/examples/parsl_MSR_smartsim'
        ), 
        storage_access=None, 
        worker_debug=False, 
        worker_logdir_root=None, 
        worker_port_range=(54000, 55000), 
        worker_ports=None, 
        working_dir=None
    ),), 
    exit_mode='cleanup', 
    garbage_collect=True, 
    initialize_logging=True, 
    internal_tasks_max_threads=10, 
    max_idletime=120.0, 
    monitoring=None, 
    retries=1, 
    retry_handler=None, 
    run_dir='runinfo', 
    std_autopath=None, 
    strategy='simple', 
    strategy_period=5, 
    usage_tracking=0
)
1724114257.753465 2024-08-20 00:37:37 MainProcess-2143295 MainThread-23205941674176 parsl.dataflow.dflow:175 _log INFO: Parsl version: 2024.08.05
1724114257.753549 2024-08-20 00:37:37 MainProcess-2143295 MainThread-23205941674176 parsl.usage_tracking.usage:175 _log DEBUG: Tracking level: 0
1724114257.753621 2024-08-20 00:37:37 MainProcess-2143295 MainThread-23205941674176 parsl.dataflow.dflow:175 _log INFO: Run id is: 77bc2912-62b9-4f82-8b72-dfc9babecffc
1724114257.862018 2024-08-20 00:37:37 MainProcess-2143295 MainThread-23205941674176 parsl.dataflow.dflow:175 _log DEBUG: Considering candidate for workflow name: /home/viralss2/SSML/lib/python3.11/site-packages/parsl/dataflow/dflow.py
1724114257.862081 2024-08-20 00:37:37 MainProcess-2143295 MainThread-23205941674176 parsl.dataflow.dflow:175 _log DEBUG: Considering candidate for workflow name: /soft/applications/conda/2024-04-29/mconda3/lib/python3.11/site-packages/typeguard/__init__.py
1724114257.862129 2024-08-20 00:37:37 MainProcess-2143295 MainThread-23205941674176 parsl.dataflow.dflow:175 _log DEBUG: Considering candidate for workflow name: /home/viralss2/SSML/lib/python3.11/site-packages/parsl/dataflow/dflow.py
1724114257.862204 2024-08-20 00:37:37 MainProcess-2143295 MainThread-23205941674176 parsl.dataflow.dflow:175 _log DEBUG: Considering candidate for workflow name: /soft/applications/conda/2024-04-29/mconda3/lib/python3.11/site-packages/typeguard/__init__.py
1724114257.862258 2024-08-20 00:37:37 MainProcess-2143295 MainThread-23205941674176 parsl.dataflow.dflow:175 _log DEBUG: Considering candidate for workflow name: /home/viralss2/nekRS-ML_MSR/examples/parsl_MSR_smartsim/ssim_driver_polaris.py
1724114257.862297 2024-08-20 00:37:37 MainProcess-2143295 MainThread-23205941674176 parsl.dataflow.dflow:175 _log DEBUG: Using ssim_driver_polaris.py as workflow name
1724114257.862415 2024-08-20 00:37:37 MainProcess-2143295 MainThread-23205941674176 parsl.dataflow.memoization:175 _log INFO: App caching initialized
1724114257.862470 2024-08-20 00:37:37 MainProcess-2143295 MainThread-23205941674176 parsl.jobs.strategy:175 _log DEBUG: Scaling strategy: simple
1724114257.866903 2024-08-20 00:37:37 MainProcess-2143295 MainThread-23205941674176 parsl.executors.high_throughput.executor:175 _log DEBUG: Starting result queue thread
1724114257.867103 2024-08-20 00:37:37 MainProcess-2143295 HTEX-Result-Queue-Thread-23197152020224 parsl.executors.high_throughput.executor:175 _log DEBUG: Result queue worker starting
1724114257.867179 2024-08-20 00:37:37 MainProcess-2143295 MainThread-23205941674176 parsl.executors.high_throughput.executor:175 _log DEBUG: Started result queue thread
1724114257.867229 2024-08-20 00:37:37 MainProcess-2143295 HTEX-Result-Queue-Thread-23197152020224 parsl.executors.high_throughput.zmq_pipes:175 _log DEBUG: Waiting for ResultsIncoming message
1724114257.868388 2024-08-20 00:37:37 MainProcess-2143295 MainThread-23205941674176 parsl.executors.high_throughput.executor:175 _log DEBUG: Popened interchange process. Writing config object
1724114257.868454 2024-08-20 00:37:37 MainProcess-2143295 MainThread-23205941674176 parsl.executors.high_throughput.executor:175 _log DEBUG: Sent config object. Requesting worker ports
1724114257.868497 2024-08-20 00:37:37 MainProcess-2143295 MainThread-23205941674176 parsl.executors.high_throughput.zmq_pipes:175 _log DEBUG: Sending command client command
1724114258.412302 2024-08-20 00:37:38 MainProcess-2143295 MainThread-23205941674176 parsl.executors.high_throughput.zmq_pipes:175 _log DEBUG: Polling for command client response or timeout
1724114258.413942 2024-08-20 00:37:38 MainProcess-2143295 MainThread-23205941674176 parsl.executors.high_throughput.zmq_pipes:175 _log DEBUG: Receiving command client response
1724114258.414012 2024-08-20 00:37:38 MainProcess-2143295 MainThread-23205941674176 parsl.executors.high_throughput.zmq_pipes:175 _log DEBUG: Received command client response
1724114258.414056 2024-08-20 00:37:38 MainProcess-2143295 MainThread-23205941674176 parsl.executors.high_throughput.executor:175 _log DEBUG: Got worker ports
1724114258.414093 2024-08-20 00:37:38 MainProcess-2143295 MainThread-23205941674176 parsl.executors.high_throughput.executor:175 _log DEBUG: Created result queue thread: <Thread(HTEX-Result-Queue-Thread, started daemon 23197152020224)>
1724114258.414328 2024-08-20 00:37:38 MainProcess-2143295 MainThread-23205941674176 parsl.executors.high_throughput.executor:175 _log DEBUG: Launch command: process_worker_pool.py   -a 10.140.56.174 -p 0 -c 1.0 -m None --poll 10 --task_port=54653 --result_port=54911 --cert_dir None --logdir=/home/viralss2/nekRS-ML_MSR/examples/parsl_MSR_smartsim/runinfo/037/HighThroughputExecutor --block_id={block_id} --hb_period=30  --hb_threshold=120 --drain_period=None --cpu-affinity block-reverse  --mpi-launcher=mpiexec --available-accelerators 0,1,2,3
1724114258.414367 2024-08-20 00:37:38 MainProcess-2143295 MainThread-23205941674176 parsl.executors.high_throughput.executor:175 _log DEBUG: Starting HighThroughputExecutor with provider:
LocalProvider(
    channel=LocalChannel(
        envs={}, 
        script_dir='/home/viralss2/nekRS-ML_MSR/examples/parsl_MSR_smartsim/runinfo/037/submit_scripts', 
        userhome='/home/viralss2/nekRS-ML_MSR/examples/parsl_MSR_smartsim'
    ), 
    cmd_timeout=30, 
    init_blocks=1, 
    launcher=SingleNodeLauncher(debug=True, fail_on_any=False), 
    max_blocks=1, 
    min_blocks=0, 
    move_files=None, 
    nodes_per_block=1, 
    parallelism=1, 
    worker_init='source /home/viralss2/ALCF_Hands_on_HPC_Workshop/workflows/parsl/launch_eg/set_run_env;\n                            cd /home/viralss2/nekRS-ML_MSR/examples/parsl_MSR_smartsim'
)
1724114258.414648 2024-08-20 00:37:38 MainProcess-2143295 MainThread-23205941674176 parsl.jobs.job_status_poller:175 _log DEBUG: Adding executor HighThroughputExecutor
1724114262.862802 2024-08-20 00:37:42 MainProcess-2143295 JobStatusPoller-Timer-Thread-23197167118224-23197166728960 parsl.executors.high_throughput.zmq_pipes:175 _log DEBUG: Sending command client command
1724114262.862958 2024-08-20 00:37:42 MainProcess-2143295 JobStatusPoller-Timer-Thread-23197167118224-23197166728960 parsl.executors.high_throughput.zmq_pipes:175 _log DEBUG: Receiving command client response
1724114262.863203 2024-08-20 00:37:42 MainProcess-2143295 JobStatusPoller-Timer-Thread-23197167118224-23197166728960 parsl.executors.high_throughput.zmq_pipes:175 _log DEBUG: Received command client response
1724114262.863279 2024-08-20 00:37:42 MainProcess-2143295 JobStatusPoller-Timer-Thread-23197167118224-23197166728960 parsl.jobs.strategy:175 _log DEBUG: general strategy starting with strategy_type simple for 1 executors
1724114262.863328 2024-08-20 00:37:42 MainProcess-2143295 JobStatusPoller-Timer-Thread-23197167118224-23197166728960 parsl.jobs.strategy:175 _log DEBUG: Strategizing for executor HighThroughputExecutor
1724114262.863372 2024-08-20 00:37:42 MainProcess-2143295 JobStatusPoller-Timer-Thread-23197167118224-23197166728960 parsl.jobs.strategy:175 _log DEBUG: Scaling out 1 initial blocks for HighThroughputExecutor
1724114262.863420 2024-08-20 00:37:42 MainProcess-2143295 JobStatusPoller-Timer-Thread-23197167118224-23197166728960 parsl.executors.status_handling:175 _log INFO: Scaling out by 1 blocks
1724114262.863471 2024-08-20 00:37:42 MainProcess-2143295 JobStatusPoller-Timer-Thread-23197167118224-23197166728960 parsl.executors.status_handling:175 _log INFO: Allocated block ID 0
1724114262.863526 2024-08-20 00:37:42 MainProcess-2143295 JobStatusPoller-Timer-Thread-23197167118224-23197166728960 parsl.executors.status_handling:175 _log DEBUG: Submitting to provider with job_name parsl.HighThroughputExecutor.block-0
1724114262.865901 2024-08-20 00:37:42 MainProcess-2143295 JobStatusPoller-Timer-Thread-23197167118224-23197166728960 parsl.providers.local.local:175 _log DEBUG: Launching
1724114262.866111 2024-08-20 00:37:42 MainProcess-2143295 JobStatusPoller-Timer-Thread-23197167118224-23197166728960 parsl.channels.local.local:175 _log DEBUG: Creating process with command '/bin/bash -c 'echo - >/home/viralss2/nekRS-ML_MSR/examples/parsl_MSR_smartsim/runinfo/037/submit_scripts/parsl.HighThroughputExecutor.block-0.1724114262.8636503.sh.ec && { { bash /home/viralss2/nekRS-ML_MSR/examples/parsl_MSR_smartsim/runinfo/037/submit_scripts/parsl.HighThroughputExecutor.block-0.1724114262.8636503.sh 1>/home/viralss2/nekRS-ML_MSR/examples/parsl_MSR_smartsim/runinfo/037/submit_scripts/parsl.HighThroughputExecutor.block-0.1724114262.8636503.sh.out 2>/home/viralss2/nekRS-ML_MSR/examples/parsl_MSR_smartsim/runinfo/037/submit_scripts/parsl.HighThroughputExecutor.block-0.1724114262.8636503.sh.err ; echo $? > /home/viralss2/nekRS-ML_MSR/examples/parsl_MSR_smartsim/runinfo/037/submit_scripts/parsl.HighThroughputExecutor.block-0.1724114262.8636503.sh.ec ; } >/dev/null 2>&1 & echo "PID:$!" ; }''
1724114262.879622 2024-08-20 00:37:42 MainProcess-2143295 JobStatusPoller-Timer-Thread-23197167118224-23197166728960 parsl.channels.local.local:175 _log DEBUG: Created process with pid 2143508. Performing communicate
1724114262.888441 2024-08-20 00:37:42 MainProcess-2143295 JobStatusPoller-Timer-Thread-23197167118224-23197166728960 parsl.channels.local.local:175 _log DEBUG: Process 2143508 returned 0
1724114262.888561 2024-08-20 00:37:42 MainProcess-2143295 JobStatusPoller-Timer-Thread-23197167118224-23197166728960 parsl.channels.local.local:175 _log DEBUG: Execution of command in process 2143508 completed normally
1724114262.888722 2024-08-20 00:37:42 MainProcess-2143295 JobStatusPoller-Timer-Thread-23197167118224-23197166728960 parsl.executors.status_handling:175 _log DEBUG: Launched block 0 on executor HighThroughputExecutor with job ID 2143509
1724114262.888820 2024-08-20 00:37:42 MainProcess-2143295 JobStatusPoller-Timer-Thread-23197167118224-23197166728960 parsl.executors.high_throughput.zmq_pipes:175 _log DEBUG: Sending command client command
1724114262.888911 2024-08-20 00:37:42 MainProcess-2143295 JobStatusPoller-Timer-Thread-23197167118224-23197166728960 parsl.executors.high_throughput.zmq_pipes:175 _log DEBUG: Receiving command client response
1724114262.889134 2024-08-20 00:37:42 MainProcess-2143295 JobStatusPoller-Timer-Thread-23197167118224-23197166728960 parsl.executors.high_throughput.zmq_pipes:175 _log DEBUG: Received command client response
1724114262.889197 2024-08-20 00:37:42 MainProcess-2143295 JobStatusPoller-Timer-Thread-23197167118224-23197166728960 parsl.jobs.strategy:175 _log DEBUG: Slot ratio calculation: active_slots = 1, active_tasks = 0
1724114262.889240 2024-08-20 00:37:42 MainProcess-2143295 JobStatusPoller-Timer-Thread-23197167118224-23197166728960 parsl.executors.high_throughput.zmq_pipes:175 _log DEBUG: Sending command client command
1724114262.889287 2024-08-20 00:37:42 MainProcess-2143295 JobStatusPoller-Timer-Thread-23197167118224-23197166728960 parsl.executors.high_throughput.zmq_pipes:175 _log DEBUG: Receiving command client response
1724114262.889396 2024-08-20 00:37:42 MainProcess-2143295 JobStatusPoller-Timer-Thread-23197167118224-23197166728960 parsl.executors.high_throughput.zmq_pipes:175 _log DEBUG: Received command client response
1724114262.889439 2024-08-20 00:37:42 MainProcess-2143295 JobStatusPoller-Timer-Thread-23197167118224-23197166728960 parsl.executors.high_throughput.zmq_pipes:175 _log DEBUG: Sending command client command
1724114262.889485 2024-08-20 00:37:42 MainProcess-2143295 JobStatusPoller-Timer-Thread-23197167118224-23197166728960 parsl.executors.high_throughput.zmq_pipes:175 _log DEBUG: Receiving command client response
1724114262.889579 2024-08-20 00:37:42 MainProcess-2143295 JobStatusPoller-Timer-Thread-23197167118224-23197166728960 parsl.executors.high_throughput.zmq_pipes:175 _log DEBUG: Received command client response
1724114262.889622 2024-08-20 00:37:42 MainProcess-2143295 JobStatusPoller-Timer-Thread-23197167118224-23197166728960 parsl.jobs.strategy:175 _log DEBUG: Executor HighThroughputExecutor has 0 active tasks, 0/1 running/pending blocks, and 0 connected workers
1724114262.889657 2024-08-20 00:37:42 MainProcess-2143295 JobStatusPoller-Timer-Thread-23197167118224-23197166728960 parsl.jobs.strategy:175 _log DEBUG: Strategy case 1: Executor has no active tasks
1724114262.889692 2024-08-20 00:37:42 MainProcess-2143295 JobStatusPoller-Timer-Thread-23197167118224-23197166728960 parsl.jobs.strategy:175 _log DEBUG: Strategy case 1b: Executor has no active tasks, and more (1) than minimum blocks (0)
1724114262.889731 2024-08-20 00:37:42 MainProcess-2143295 JobStatusPoller-Timer-Thread-23197167118224-23197166728960 parsl.jobs.strategy:175 _log DEBUG: Starting idle timer for executor. If idle time exceeds 120.0s, blocks will be scaled in
1724114262.889778 2024-08-20 00:37:42 MainProcess-2143295 JobStatusPoller-Timer-Thread-23197167118224-23197166728960 parsl.jobs.strategy:175 _log DEBUG: Idle time 7.152557373046875e-07s is less than max_idletime 120.0s for executor HighThroughputExecutor; not scaling in
1724114262.889828 2024-08-20 00:37:42 MainProcess-2143295 JobStatusPoller-Timer-Thread-23197167118224-23197166728960 parsl.process_loggers:175 _log DEBUG: Normal ending for _general_strategy on thread JobStatusPoller-Timer-Thread-23197167118224
1724114267.890303 2024-08-20 00:37:47 MainProcess-2143295 JobStatusPoller-Timer-Thread-23197167118224-23197166728960 parsl.channels.local.local:175 _log DEBUG: Creating process with command 'ps -p 2143509 > /dev/null 2> /dev/null; echo "STATUS:$?" '
1724114267.899391 2024-08-20 00:37:47 MainProcess-2143295 JobStatusPoller-Timer-Thread-23197167118224-23197166728960 parsl.channels.local.local:175 _log DEBUG: Created process with pid 2143651. Performing communicate
1724114267.962510 2024-08-20 00:37:47 MainProcess-2143295 JobStatusPoller-Timer-Thread-23197167118224-23197166728960 parsl.channels.local.local:175 _log DEBUG: Process 2143651 returned 0
1724114267.962610 2024-08-20 00:37:47 MainProcess-2143295 JobStatusPoller-Timer-Thread-23197167118224-23197166728960 parsl.channels.local.local:175 _log DEBUG: Execution of command in process 2143651 completed normally
1724114267.963490 2024-08-20 00:37:47 MainProcess-2143295 JobStatusPoller-Timer-Thread-23197167118224-23197166728960 parsl.executors.high_throughput.zmq_pipes:175 _log DEBUG: Sending command client command
1724114267.963603 2024-08-20 00:37:47 MainProcess-2143295 JobStatusPoller-Timer-Thread-23197167118224-23197166728960 parsl.executors.high_throughput.zmq_pipes:175 _log DEBUG: Receiving command client response
1724114267.963840 2024-08-20 00:37:47 MainProcess-2143295 JobStatusPoller-Timer-Thread-23197167118224-23197166728960 parsl.executors.high_throughput.zmq_pipes:175 _log DEBUG: Received command client response
1724114267.963978 2024-08-20 00:37:47 MainProcess-2143295 JobStatusPoller-Timer-Thread-23197167118224-23197166728960 parsl.jobs.strategy:175 _log DEBUG: general strategy starting with strategy_type simple for 1 executors
1724114267.964026 2024-08-20 00:37:47 MainProcess-2143295 JobStatusPoller-Timer-Thread-23197167118224-23197166728960 parsl.jobs.strategy:175 _log DEBUG: Strategizing for executor HighThroughputExecutor
1724114267.964071 2024-08-20 00:37:47 MainProcess-2143295 JobStatusPoller-Timer-Thread-23197167118224-23197166728960 parsl.executors.high_throughput.zmq_pipes:175 _log DEBUG: Sending command client command
1724114267.964123 2024-08-20 00:37:47 MainProcess-2143295 JobStatusPoller-Timer-Thread-23197167118224-23197166728960 parsl.executors.high_throughput.zmq_pipes:175 _log DEBUG: Receiving command client response
1724114267.964294 2024-08-20 00:37:47 MainProcess-2143295 JobStatusPoller-Timer-Thread-23197167118224-23197166728960 parsl.executors.high_throughput.zmq_pipes:175 _log DEBUG: Received command client response
1724114267.964367 2024-08-20 00:37:47 MainProcess-2143295 JobStatusPoller-Timer-Thread-23197167118224-23197166728960 parsl.jobs.strategy:175 _log DEBUG: Slot ratio calculation: active_slots = 1, active_tasks = 0
1724114267.964415 2024-08-20 00:37:47 MainProcess-2143295 JobStatusPoller-Timer-Thread-23197167118224-23197166728960 parsl.executors.high_throughput.zmq_pipes:175 _log DEBUG: Sending command client command
1724114267.964470 2024-08-20 00:37:47 MainProcess-2143295 JobStatusPoller-Timer-Thread-23197167118224-23197166728960 parsl.executors.high_throughput.zmq_pipes:175 _log DEBUG: Receiving command client response
1724114267.964590 2024-08-20 00:37:47 MainProcess-2143295 JobStatusPoller-Timer-Thread-23197167118224-23197166728960 parsl.executors.high_throughput.zmq_pipes:175 _log DEBUG: Received command client response
1724114267.964635 2024-08-20 00:37:47 MainProcess-2143295 JobStatusPoller-Timer-Thread-23197167118224-23197166728960 parsl.executors.high_throughput.zmq_pipes:175 _log DEBUG: Sending command client command
1724114267.964681 2024-08-20 00:37:47 MainProcess-2143295 JobStatusPoller-Timer-Thread-23197167118224-23197166728960 parsl.executors.high_throughput.zmq_pipes:175 _log DEBUG: Receiving command client response
1724114267.964816 2024-08-20 00:37:47 MainProcess-2143295 JobStatusPoller-Timer-Thread-23197167118224-23197166728960 parsl.executors.high_throughput.zmq_pipes:175 _log DEBUG: Received command client response
1724114267.964877 2024-08-20 00:37:47 MainProcess-2143295 JobStatusPoller-Timer-Thread-23197167118224-23197166728960 parsl.jobs.strategy:175 _log DEBUG: Executor HighThroughputExecutor has 0 active tasks, 1/0 running/pending blocks, and 1 connected workers
1724114267.964938 2024-08-20 00:37:47 MainProcess-2143295 JobStatusPoller-Timer-Thread-23197167118224-23197166728960 parsl.jobs.strategy:175 _log DEBUG: Strategy case 1: Executor has no active tasks
1724114267.964979 2024-08-20 00:37:47 MainProcess-2143295 JobStatusPoller-Timer-Thread-23197167118224-23197166728960 parsl.jobs.strategy:175 _log DEBUG: Strategy case 1b: Executor has no active tasks, and more (1) than minimum blocks (0)
1724114267.965025 2024-08-20 00:37:47 MainProcess-2143295 JobStatusPoller-Timer-Thread-23197167118224-23197166728960 parsl.jobs.strategy:175 _log DEBUG: Idle time 5.075248956680298s is less than max_idletime 120.0s for executor HighThroughputExecutor; not scaling in
1724114267.965064 2024-08-20 00:37:47 MainProcess-2143295 JobStatusPoller-Timer-Thread-23197167118224-23197166728960 parsl.process_loggers:175 _log DEBUG: Normal ending for _general_strategy on thread JobStatusPoller-Timer-Thread-23197167118224
1724114268.651386 2024-08-20 00:37:48 MainProcess-2143295 MainThread-23205941674176 parsl.dataflow.dflow:175 _log DEBUG: Task 0 will be sent to executor HighThroughputExecutor
1724114268.651533 2024-08-20 00:37:48 MainProcess-2143295 MainThread-23205941674176 parsl.dataflow.dflow:175 _log DEBUG: Adding output dependencies
1724114268.651582 2024-08-20 00:37:48 MainProcess-2143295 MainThread-23205941674176 parsl.dataflow.dflow:175 _log DEBUG: Added output dependencies
1724114268.651625 2024-08-20 00:37:48 MainProcess-2143295 MainThread-23205941674176 parsl.dataflow.dflow:175 _log DEBUG: Gathering dependencies
1724114268.651742 2024-08-20 00:37:48 MainProcess-2143295 MainThread-23205941674176 parsl.dataflow.dflow:175 _log DEBUG: Gathered dependencies
1724114268.651789 2024-08-20 00:37:48 MainProcess-2143295 MainThread-23205941674176 parsl.dataflow.dflow:175 _log INFO: Task 0 submitted for App hello_affinity, not waiting on any dependency
1724114268.651852 2024-08-20 00:37:48 MainProcess-2143295 MainThread-23205941674176 parsl.dataflow.dflow:175 _log DEBUG: Task 0 set to pending state with AppFuture: <AppFuture at 0x1519039de910 state=pending>
1724114268.652186 2024-08-20 00:37:48 MainProcess-2143295 Dependency-Launch_0-23198256330496 parsl.dataflow.memoization:175 _log DEBUG: Task 0 will not be memoized
1724114268.652348 2024-08-20 00:37:48 MainProcess-2143295 Dependency-Launch_0-23198256330496 parsl.executors.high_throughput.executor:175 _log DEBUG: Pushing function <function hello_affinity at 0x151902e9de40> to queue with args ("Namespace(sim_nodes=1, db_nodes=1, simprocs_pn=4, simprocs=4, sim_cpu_bind='numa', sim_arguments='--...", "'pals'", "'10.201.0.169:6780'", "'x3203c0s1b1n0'")
1724114268.653980 2024-08-20 00:37:48 MainProcess-2143295 Dependency-Launch_0-23198256330496 parsl.executors.high_throughput.zmq_pipes:175 _log DEBUG: Sending TasksOutgoing message
1724114268.654059 2024-08-20 00:37:48 MainProcess-2143295 Dependency-Launch_0-23198256330496 parsl.executors.high_throughput.zmq_pipes:175 _log DEBUG: Sent TasksOutgoing message
1724114268.654113 2024-08-20 00:37:48 MainProcess-2143295 Dependency-Launch_0-23198256330496 parsl.dataflow.dflow:175 _log INFO: Parsl task 0 try 0 launched on executor HighThroughputExecutor with executor id 1
1724114268.654175 2024-08-20 00:37:48 MainProcess-2143295 Dependency-Launch_0-23198256330496 parsl.dataflow.dflow:175 _log INFO: Standard out for task 0 will not be redirected.
1724114268.654218 2024-08-20 00:37:48 MainProcess-2143295 Dependency-Launch_0-23198256330496 parsl.dataflow.dflow:175 _log INFO: Standard error for task 0 will not be redirected.
1724114268.654261 2024-08-20 00:37:48 MainProcess-2143295 Dependency-Launch_0-23198256330496 parsl.process_loggers:175 _log DEBUG: Normal ending for _launch_if_ready_async on thread Dependency-Launch_0
1724114272.965544 2024-08-20 00:37:52 MainProcess-2143295 JobStatusPoller-Timer-Thread-23197167118224-23197166728960 parsl.channels.local.local:175 _log DEBUG: Creating process with command 'ps -p 2143509 > /dev/null 2> /dev/null; echo "STATUS:$?" '
1724114272.974566 2024-08-20 00:37:52 MainProcess-2143295 JobStatusPoller-Timer-Thread-23197167118224-23197166728960 parsl.channels.local.local:175 _log DEBUG: Created process with pid 2143659. Performing communicate
1724114273.036321 2024-08-20 00:37:53 MainProcess-2143295 JobStatusPoller-Timer-Thread-23197167118224-23197166728960 parsl.channels.local.local:175 _log DEBUG: Process 2143659 returned 0
1724114273.036445 2024-08-20 00:37:53 MainProcess-2143295 JobStatusPoller-Timer-Thread-23197167118224-23197166728960 parsl.channels.local.local:175 _log DEBUG: Execution of command in process 2143659 completed normally
1724114273.037381 2024-08-20 00:37:53 MainProcess-2143295 JobStatusPoller-Timer-Thread-23197167118224-23197166728960 parsl.executors.high_throughput.zmq_pipes:175 _log DEBUG: Sending command client command
1724114273.037494 2024-08-20 00:37:53 MainProcess-2143295 JobStatusPoller-Timer-Thread-23197167118224-23197166728960 parsl.executors.high_throughput.zmq_pipes:175 _log DEBUG: Receiving command client response
1724114273.037702 2024-08-20 00:37:53 MainProcess-2143295 JobStatusPoller-Timer-Thread-23197167118224-23197166728960 parsl.executors.high_throughput.zmq_pipes:175 _log DEBUG: Received command client response
1724114273.037836 2024-08-20 00:37:53 MainProcess-2143295 JobStatusPoller-Timer-Thread-23197167118224-23197166728960 parsl.jobs.strategy:175 _log DEBUG: general strategy starting with strategy_type simple for 1 executors
1724114273.037881 2024-08-20 00:37:53 MainProcess-2143295 JobStatusPoller-Timer-Thread-23197167118224-23197166728960 parsl.jobs.strategy:175 _log DEBUG: Strategizing for executor HighThroughputExecutor
1724114273.037923 2024-08-20 00:37:53 MainProcess-2143295 JobStatusPoller-Timer-Thread-23197167118224-23197166728960 parsl.executors.high_throughput.zmq_pipes:175 _log DEBUG: Sending command client command
1724114273.037971 2024-08-20 00:37:53 MainProcess-2143295 JobStatusPoller-Timer-Thread-23197167118224-23197166728960 parsl.executors.high_throughput.zmq_pipes:175 _log DEBUG: Receiving command client response
1724114273.038117 2024-08-20 00:37:53 MainProcess-2143295 JobStatusPoller-Timer-Thread-23197167118224-23197166728960 parsl.executors.high_throughput.zmq_pipes:175 _log DEBUG: Received command client response
1724114273.038191 2024-08-20 00:37:53 MainProcess-2143295 JobStatusPoller-Timer-Thread-23197167118224-23197166728960 parsl.jobs.strategy:175 _log DEBUG: Slot ratio calculation: active_slots = 1, active_tasks = 0
1724114273.038232 2024-08-20 00:37:53 MainProcess-2143295 JobStatusPoller-Timer-Thread-23197167118224-23197166728960 parsl.executors.high_throughput.zmq_pipes:175 _log DEBUG: Sending command client command
1724114273.038293 2024-08-20 00:37:53 MainProcess-2143295 JobStatusPoller-Timer-Thread-23197167118224-23197166728960 parsl.executors.high_throughput.zmq_pipes:175 _log DEBUG: Receiving command client response
1724114273.038410 2024-08-20 00:37:53 MainProcess-2143295 JobStatusPoller-Timer-Thread-23197167118224-23197166728960 parsl.executors.high_throughput.zmq_pipes:175 _log DEBUG: Received command client response
1724114273.038469 2024-08-20 00:37:53 MainProcess-2143295 JobStatusPoller-Timer-Thread-23197167118224-23197166728960 parsl.executors.high_throughput.zmq_pipes:175 _log DEBUG: Sending command client command
1724114273.038515 2024-08-20 00:37:53 MainProcess-2143295 JobStatusPoller-Timer-Thread-23197167118224-23197166728960 parsl.executors.high_throughput.zmq_pipes:175 _log DEBUG: Receiving command client response
1724114273.038624 2024-08-20 00:37:53 MainProcess-2143295 JobStatusPoller-Timer-Thread-23197167118224-23197166728960 parsl.executors.high_throughput.zmq_pipes:175 _log DEBUG: Received command client response
1724114273.038669 2024-08-20 00:37:53 MainProcess-2143295 JobStatusPoller-Timer-Thread-23197167118224-23197166728960 parsl.jobs.strategy:175 _log DEBUG: Executor HighThroughputExecutor has 0 active tasks, 1/0 running/pending blocks, and 1 connected workers
1724114273.038704 2024-08-20 00:37:53 MainProcess-2143295 JobStatusPoller-Timer-Thread-23197167118224-23197166728960 parsl.jobs.strategy:175 _log DEBUG: Strategy case 1: Executor has no active tasks
1724114273.038756 2024-08-20 00:37:53 MainProcess-2143295 JobStatusPoller-Timer-Thread-23197167118224-23197166728960 parsl.jobs.strategy:175 _log DEBUG: Strategy case 1b: Executor has no active tasks, and more (1) than minimum blocks (0)
1724114273.038801 2024-08-20 00:37:53 MainProcess-2143295 JobStatusPoller-Timer-Thread-23197167118224-23197166728960 parsl.jobs.strategy:175 _log DEBUG: Idle time 10.149026155471802s is less than max_idletime 120.0s for executor HighThroughputExecutor; not scaling in
1724114273.038837 2024-08-20 00:37:53 MainProcess-2143295 JobStatusPoller-Timer-Thread-23197167118224-23197166728960 parsl.process_loggers:175 _log DEBUG: Normal ending for _general_strategy on thread JobStatusPoller-Timer-Thread-23197167118224
1724114278.039363 2024-08-20 00:37:58 MainProcess-2143295 JobStatusPoller-Timer-Thread-23197167118224-23197166728960 parsl.channels.local.local:175 _log DEBUG: Creating process with command 'ps -p 2143509 > /dev/null 2> /dev/null; echo "STATUS:$?" '
1724114278.048259 2024-08-20 00:37:58 MainProcess-2143295 JobStatusPoller-Timer-Thread-23197167118224-23197166728960 parsl.channels.local.local:175 _log DEBUG: Created process with pid 2143661. Performing communicate
1724114278.109982 2024-08-20 00:37:58 MainProcess-2143295 JobStatusPoller-Timer-Thread-23197167118224-23197166728960 parsl.channels.local.local:175 _log DEBUG: Process 2143661 returned 0
1724114278.110133 2024-08-20 00:37:58 MainProcess-2143295 JobStatusPoller-Timer-Thread-23197167118224-23197166728960 parsl.channels.local.local:175 _log DEBUG: Execution of command in process 2143661 completed normally
1724114278.111160 2024-08-20 00:37:58 MainProcess-2143295 JobStatusPoller-Timer-Thread-23197167118224-23197166728960 parsl.executors.high_throughput.zmq_pipes:175 _log DEBUG: Sending command client command
1724114278.111265 2024-08-20 00:37:58 MainProcess-2143295 JobStatusPoller-Timer-Thread-23197167118224-23197166728960 parsl.executors.high_throughput.zmq_pipes:175 _log DEBUG: Receiving command client response
1724114278.111483 2024-08-20 00:37:58 MainProcess-2143295 JobStatusPoller-Timer-Thread-23197167118224-23197166728960 parsl.executors.high_throughput.zmq_pipes:175 _log DEBUG: Received command client response
1724114278.111607 2024-08-20 00:37:58 MainProcess-2143295 JobStatusPoller-Timer-Thread-23197167118224-23197166728960 parsl.jobs.strategy:175 _log DEBUG: general strategy starting with strategy_type simple for 1 executors
1724114278.111654 2024-08-20 00:37:58 MainProcess-2143295 JobStatusPoller-Timer-Thread-23197167118224-23197166728960 parsl.jobs.strategy:175 _log DEBUG: Strategizing for executor HighThroughputExecutor
1724114278.111697 2024-08-20 00:37:58 MainProcess-2143295 JobStatusPoller-Timer-Thread-23197167118224-23197166728960 parsl.executors.high_throughput.zmq_pipes:175 _log DEBUG: Sending command client command
1724114278.111747 2024-08-20 00:37:58 MainProcess-2143295 JobStatusPoller-Timer-Thread-23197167118224-23197166728960 parsl.executors.high_throughput.zmq_pipes:175 _log DEBUG: Receiving command client response
1724114278.111858 2024-08-20 00:37:58 MainProcess-2143295 JobStatusPoller-Timer-Thread-23197167118224-23197166728960 parsl.executors.high_throughput.zmq_pipes:175 _log DEBUG: Received command client response
1724114278.111910 2024-08-20 00:37:58 MainProcess-2143295 JobStatusPoller-Timer-Thread-23197167118224-23197166728960 parsl.jobs.strategy:175 _log DEBUG: Slot ratio calculation: active_slots = 1, active_tasks = 0
1724114278.111948 2024-08-20 00:37:58 MainProcess-2143295 JobStatusPoller-Timer-Thread-23197167118224-23197166728960 parsl.executors.high_throughput.zmq_pipes:175 _log DEBUG: Sending command client command
1724114278.111992 2024-08-20 00:37:58 MainProcess-2143295 JobStatusPoller-Timer-Thread-23197167118224-23197166728960 parsl.executors.high_throughput.zmq_pipes:175 _log DEBUG: Receiving command client response
1724114278.112089 2024-08-20 00:37:58 MainProcess-2143295 JobStatusPoller-Timer-Thread-23197167118224-23197166728960 parsl.executors.high_throughput.zmq_pipes:175 _log DEBUG: Received command client response
1724114278.112152 2024-08-20 00:37:58 MainProcess-2143295 JobStatusPoller-Timer-Thread-23197167118224-23197166728960 parsl.executors.high_throughput.zmq_pipes:175 _log DEBUG: Sending command client command
1724114278.112199 2024-08-20 00:37:58 MainProcess-2143295 JobStatusPoller-Timer-Thread-23197167118224-23197166728960 parsl.executors.high_throughput.zmq_pipes:175 _log DEBUG: Receiving command client response
1724114278.112294 2024-08-20 00:37:58 MainProcess-2143295 JobStatusPoller-Timer-Thread-23197167118224-23197166728960 parsl.executors.high_throughput.zmq_pipes:175 _log DEBUG: Received command client response
1724114278.112335 2024-08-20 00:37:58 MainProcess-2143295 JobStatusPoller-Timer-Thread-23197167118224-23197166728960 parsl.jobs.strategy:175 _log DEBUG: Executor HighThroughputExecutor has 0 active tasks, 1/0 running/pending blocks, and 1 connected workers
1724114278.112370 2024-08-20 00:37:58 MainProcess-2143295 JobStatusPoller-Timer-Thread-23197167118224-23197166728960 parsl.jobs.strategy:175 _log DEBUG: Strategy case 1: Executor has no active tasks
1724114278.112405 2024-08-20 00:37:58 MainProcess-2143295 JobStatusPoller-Timer-Thread-23197167118224-23197166728960 parsl.jobs.strategy:175 _log DEBUG: Strategy case 1b: Executor has no active tasks, and more (1) than minimum blocks (0)
1724114278.112447 2024-08-20 00:37:58 MainProcess-2143295 JobStatusPoller-Timer-Thread-23197167118224-23197166728960 parsl.jobs.strategy:175 _log DEBUG: Idle time 15.222671747207642s is less than max_idletime 120.0s for executor HighThroughputExecutor; not scaling in
1724114278.112488 2024-08-20 00:37:58 MainProcess-2143295 JobStatusPoller-Timer-Thread-23197167118224-23197166728960 parsl.process_loggers:175 _log DEBUG: Normal ending for _general_strategy on thread JobStatusPoller-Timer-Thread-23197167118224
1724114283.113027 2024-08-20 00:38:03 MainProcess-2143295 JobStatusPoller-Timer-Thread-23197167118224-23197166728960 parsl.channels.local.local:175 _log DEBUG: Creating process with command 'ps -p 2143509 > /dev/null 2> /dev/null; echo "STATUS:$?" '
1724114283.121985 2024-08-20 00:38:03 MainProcess-2143295 JobStatusPoller-Timer-Thread-23197167118224-23197166728960 parsl.channels.local.local:175 _log DEBUG: Created process with pid 2143663. Performing communicate
1724114283.185694 2024-08-20 00:38:03 MainProcess-2143295 JobStatusPoller-Timer-Thread-23197167118224-23197166728960 parsl.channels.local.local:175 _log DEBUG: Process 2143663 returned 0
1724114283.185888 2024-08-20 00:38:03 MainProcess-2143295 JobStatusPoller-Timer-Thread-23197167118224-23197166728960 parsl.channels.local.local:175 _log DEBUG: Execution of command in process 2143663 completed normally
1724114283.186645 2024-08-20 00:38:03 MainProcess-2143295 JobStatusPoller-Timer-Thread-23197167118224-23197166728960 parsl.executors.high_throughput.zmq_pipes:175 _log DEBUG: Sending command client command
1724114283.186750 2024-08-20 00:38:03 MainProcess-2143295 JobStatusPoller-Timer-Thread-23197167118224-23197166728960 parsl.executors.high_throughput.zmq_pipes:175 _log DEBUG: Receiving command client response
1724114283.187093 2024-08-20 00:38:03 MainProcess-2143295 JobStatusPoller-Timer-Thread-23197167118224-23197166728960 parsl.executors.high_throughput.zmq_pipes:175 _log DEBUG: Received command client response
1724114283.187220 2024-08-20 00:38:03 MainProcess-2143295 JobStatusPoller-Timer-Thread-23197167118224-23197166728960 parsl.jobs.strategy:175 _log DEBUG: general strategy starting with strategy_type simple for 1 executors
1724114283.187265 2024-08-20 00:38:03 MainProcess-2143295 JobStatusPoller-Timer-Thread-23197167118224-23197166728960 parsl.jobs.strategy:175 _log DEBUG: Strategizing for executor HighThroughputExecutor
1724114283.187309 2024-08-20 00:38:03 MainProcess-2143295 JobStatusPoller-Timer-Thread-23197167118224-23197166728960 parsl.executors.high_throughput.zmq_pipes:175 _log DEBUG: Sending command client command
1724114283.187378 2024-08-20 00:38:03 MainProcess-2143295 JobStatusPoller-Timer-Thread-23197167118224-23197166728960 parsl.executors.high_throughput.zmq_pipes:175 _log DEBUG: Receiving command client response
1724114283.187537 2024-08-20 00:38:03 MainProcess-2143295 JobStatusPoller-Timer-Thread-23197167118224-23197166728960 parsl.executors.high_throughput.zmq_pipes:175 _log DEBUG: Received command client response
1724114283.187609 2024-08-20 00:38:03 MainProcess-2143295 JobStatusPoller-Timer-Thread-23197167118224-23197166728960 parsl.jobs.strategy:175 _log DEBUG: Slot ratio calculation: active_slots = 1, active_tasks = 0
1724114283.187655 2024-08-20 00:38:03 MainProcess-2143295 JobStatusPoller-Timer-Thread-23197167118224-23197166728960 parsl.executors.high_throughput.zmq_pipes:175 _log DEBUG: Sending command client command
1724114283.187704 2024-08-20 00:38:03 MainProcess-2143295 JobStatusPoller-Timer-Thread-23197167118224-23197166728960 parsl.executors.high_throughput.zmq_pipes:175 _log DEBUG: Receiving command client response
1724114283.187856 2024-08-20 00:38:03 MainProcess-2143295 JobStatusPoller-Timer-Thread-23197167118224-23197166728960 parsl.executors.high_throughput.zmq_pipes:175 _log DEBUG: Received command client response
1724114283.187920 2024-08-20 00:38:03 MainProcess-2143295 JobStatusPoller-Timer-Thread-23197167118224-23197166728960 parsl.executors.high_throughput.zmq_pipes:175 _log DEBUG: Sending command client command
1724114283.187976 2024-08-20 00:38:03 MainProcess-2143295 JobStatusPoller-Timer-Thread-23197167118224-23197166728960 parsl.executors.high_throughput.zmq_pipes:175 _log DEBUG: Receiving command client response
1724114283.188107 2024-08-20 00:38:03 MainProcess-2143295 JobStatusPoller-Timer-Thread-23197167118224-23197166728960 parsl.executors.high_throughput.zmq_pipes:175 _log DEBUG: Received command client response
1724114283.188149 2024-08-20 00:38:03 MainProcess-2143295 JobStatusPoller-Timer-Thread-23197167118224-23197166728960 parsl.jobs.strategy:175 _log DEBUG: Executor HighThroughputExecutor has 0 active tasks, 1/0 running/pending blocks, and 1 connected workers
1724114283.188185 2024-08-20 00:38:03 MainProcess-2143295 JobStatusPoller-Timer-Thread-23197167118224-23197166728960 parsl.jobs.strategy:175 _log DEBUG: Strategy case 1: Executor has no active tasks
1724114283.188219 2024-08-20 00:38:03 MainProcess-2143295 JobStatusPoller-Timer-Thread-23197167118224-23197166728960 parsl.jobs.strategy:175 _log DEBUG: Strategy case 1b: Executor has no active tasks, and more (1) than minimum blocks (0)
1724114283.188261 2024-08-20 00:38:03 MainProcess-2143295 JobStatusPoller-Timer-Thread-23197167118224-23197166728960 parsl.jobs.strategy:175 _log DEBUG: Idle time 20.298484563827515s is less than max_idletime 120.0s for executor HighThroughputExecutor; not scaling in
1724114283.188299 2024-08-20 00:38:03 MainProcess-2143295 JobStatusPoller-Timer-Thread-23197167118224-23197166728960 parsl.process_loggers:175 _log DEBUG: Normal ending for _general_strategy on thread JobStatusPoller-Timer-Thread-23197167118224
1724114288.188682 2024-08-20 00:38:08 MainProcess-2143295 JobStatusPoller-Timer-Thread-23197167118224-23197166728960 parsl.channels.local.local:175 _log DEBUG: Creating process with command 'ps -p 2143509 > /dev/null 2> /dev/null; echo "STATUS:$?" '
1724114288.197341 2024-08-20 00:38:08 MainProcess-2143295 JobStatusPoller-Timer-Thread-23197167118224-23197166728960 parsl.channels.local.local:175 _log DEBUG: Created process with pid 2143735. Performing communicate
1724114288.260323 2024-08-20 00:38:08 MainProcess-2143295 JobStatusPoller-Timer-Thread-23197167118224-23197166728960 parsl.channels.local.local:175 _log DEBUG: Process 2143735 returned 0
1724114288.260451 2024-08-20 00:38:08 MainProcess-2143295 JobStatusPoller-Timer-Thread-23197167118224-23197166728960 parsl.channels.local.local:175 _log DEBUG: Execution of command in process 2143735 completed normally
1724114288.260754 2024-08-20 00:38:08 MainProcess-2143295 JobStatusPoller-Timer-Thread-23197167118224-23197166728960 parsl.executors.high_throughput.zmq_pipes:175 _log DEBUG: Sending command client command
1724114288.260870 2024-08-20 00:38:08 MainProcess-2143295 JobStatusPoller-Timer-Thread-23197167118224-23197166728960 parsl.executors.high_throughput.zmq_pipes:175 _log DEBUG: Receiving command client response
1724114288.261207 2024-08-20 00:38:08 MainProcess-2143295 JobStatusPoller-Timer-Thread-23197167118224-23197166728960 parsl.executors.high_throughput.zmq_pipes:175 _log DEBUG: Received command client response
1724114288.261327 2024-08-20 00:38:08 MainProcess-2143295 JobStatusPoller-Timer-Thread-23197167118224-23197166728960 parsl.jobs.strategy:175 _log DEBUG: general strategy starting with strategy_type simple for 1 executors
1724114288.261371 2024-08-20 00:38:08 MainProcess-2143295 JobStatusPoller-Timer-Thread-23197167118224-23197166728960 parsl.jobs.strategy:175 _log DEBUG: Strategizing for executor HighThroughputExecutor
1724114288.261414 2024-08-20 00:38:08 MainProcess-2143295 JobStatusPoller-Timer-Thread-23197167118224-23197166728960 parsl.executors.high_throughput.zmq_pipes:175 _log DEBUG: Sending command client command
1724114288.261462 2024-08-20 00:38:08 MainProcess-2143295 JobStatusPoller-Timer-Thread-23197167118224-23197166728960 parsl.executors.high_throughput.zmq_pipes:175 _log DEBUG: Receiving command client response
1724114288.261681 2024-08-20 00:38:08 MainProcess-2143295 JobStatusPoller-Timer-Thread-23197167118224-23197166728960 parsl.executors.high_throughput.zmq_pipes:175 _log DEBUG: Received command client response
1724114288.261752 2024-08-20 00:38:08 MainProcess-2143295 JobStatusPoller-Timer-Thread-23197167118224-23197166728960 parsl.jobs.strategy:175 _log DEBUG: Slot ratio calculation: active_slots = 1, active_tasks = 0
1724114288.261797 2024-08-20 00:38:08 MainProcess-2143295 JobStatusPoller-Timer-Thread-23197167118224-23197166728960 parsl.executors.high_throughput.zmq_pipes:175 _log DEBUG: Sending command client command
1724114288.261847 2024-08-20 00:38:08 MainProcess-2143295 JobStatusPoller-Timer-Thread-23197167118224-23197166728960 parsl.executors.high_throughput.zmq_pipes:175 _log DEBUG: Receiving command client response
1724114288.261965 2024-08-20 00:38:08 MainProcess-2143295 JobStatusPoller-Timer-Thread-23197167118224-23197166728960 parsl.executors.high_throughput.zmq_pipes:175 _log DEBUG: Received command client response
1724114288.262007 2024-08-20 00:38:08 MainProcess-2143295 JobStatusPoller-Timer-Thread-23197167118224-23197166728960 parsl.executors.high_throughput.zmq_pipes:175 _log DEBUG: Sending command client command
1724114288.262051 2024-08-20 00:38:08 MainProcess-2143295 JobStatusPoller-Timer-Thread-23197167118224-23197166728960 parsl.executors.high_throughput.zmq_pipes:175 _log DEBUG: Receiving command client response
1724114288.262169 2024-08-20 00:38:08 MainProcess-2143295 JobStatusPoller-Timer-Thread-23197167118224-23197166728960 parsl.executors.high_throughput.zmq_pipes:175 _log DEBUG: Received command client response
1724114288.262211 2024-08-20 00:38:08 MainProcess-2143295 JobStatusPoller-Timer-Thread-23197167118224-23197166728960 parsl.jobs.strategy:175 _log DEBUG: Executor HighThroughputExecutor has 0 active tasks, 1/0 running/pending blocks, and 1 connected workers
1724114288.262246 2024-08-20 00:38:08 MainProcess-2143295 JobStatusPoller-Timer-Thread-23197167118224-23197166728960 parsl.jobs.strategy:175 _log DEBUG: Strategy case 1: Executor has no active tasks
1724114288.262282 2024-08-20 00:38:08 MainProcess-2143295 JobStatusPoller-Timer-Thread-23197167118224-23197166728960 parsl.jobs.strategy:175 _log DEBUG: Strategy case 1b: Executor has no active tasks, and more (1) than minimum blocks (0)
1724114288.262322 2024-08-20 00:38:08 MainProcess-2143295 JobStatusPoller-Timer-Thread-23197167118224-23197166728960 parsl.jobs.strategy:175 _log DEBUG: Idle time 25.372546911239624s is less than max_idletime 120.0s for executor HighThroughputExecutor; not scaling in
1724114288.262360 2024-08-20 00:38:08 MainProcess-2143295 JobStatusPoller-Timer-Thread-23197167118224-23197166728960 parsl.process_loggers:175 _log DEBUG: Normal ending for _general_strategy on thread JobStatusPoller-Timer-Thread-23197167118224
1724114293.262719 2024-08-20 00:38:13 MainProcess-2143295 JobStatusPoller-Timer-Thread-23197167118224-23197166728960 parsl.channels.local.local:175 _log DEBUG: Creating process with command 'ps -p 2143509 > /dev/null 2> /dev/null; echo "STATUS:$?" '
1724114293.271081 2024-08-20 00:38:13 MainProcess-2143295 JobStatusPoller-Timer-Thread-23197167118224-23197166728960 parsl.channels.local.local:175 _log DEBUG: Created process with pid 2143737. Performing communicate
1724114293.334464 2024-08-20 00:38:13 MainProcess-2143295 JobStatusPoller-Timer-Thread-23197167118224-23197166728960 parsl.channels.local.local:175 _log DEBUG: Process 2143737 returned 0
1724114293.334617 2024-08-20 00:38:13 MainProcess-2143295 JobStatusPoller-Timer-Thread-23197167118224-23197166728960 parsl.channels.local.local:175 _log DEBUG: Execution of command in process 2143737 completed normally
1724114293.335059 2024-08-20 00:38:13 MainProcess-2143295 JobStatusPoller-Timer-Thread-23197167118224-23197166728960 parsl.executors.high_throughput.zmq_pipes:175 _log DEBUG: Sending command client command
1724114293.335218 2024-08-20 00:38:13 MainProcess-2143295 JobStatusPoller-Timer-Thread-23197167118224-23197166728960 parsl.executors.high_throughput.zmq_pipes:175 _log DEBUG: Receiving command client response
1724114293.335556 2024-08-20 00:38:13 MainProcess-2143295 JobStatusPoller-Timer-Thread-23197167118224-23197166728960 parsl.executors.high_throughput.zmq_pipes:175 _log DEBUG: Received command client response
1724114293.335672 2024-08-20 00:38:13 MainProcess-2143295 JobStatusPoller-Timer-Thread-23197167118224-23197166728960 parsl.jobs.strategy:175 _log DEBUG: general strategy starting with strategy_type simple for 1 executors
1724114293.335715 2024-08-20 00:38:13 MainProcess-2143295 JobStatusPoller-Timer-Thread-23197167118224-23197166728960 parsl.jobs.strategy:175 _log DEBUG: Strategizing for executor HighThroughputExecutor
1724114293.335758 2024-08-20 00:38:13 MainProcess-2143295 JobStatusPoller-Timer-Thread-23197167118224-23197166728960 parsl.executors.high_throughput.zmq_pipes:175 _log DEBUG: Sending command client command
1724114293.335806 2024-08-20 00:38:13 MainProcess-2143295 JobStatusPoller-Timer-Thread-23197167118224-23197166728960 parsl.executors.high_throughput.zmq_pipes:175 _log DEBUG: Receiving command client response
1724114293.335981 2024-08-20 00:38:13 MainProcess-2143295 JobStatusPoller-Timer-Thread-23197167118224-23197166728960 parsl.executors.high_throughput.zmq_pipes:175 _log DEBUG: Received command client response
1724114293.336051 2024-08-20 00:38:13 MainProcess-2143295 JobStatusPoller-Timer-Thread-23197167118224-23197166728960 parsl.jobs.strategy:175 _log DEBUG: Slot ratio calculation: active_slots = 1, active_tasks = 0
1724114293.336095 2024-08-20 00:38:13 MainProcess-2143295 JobStatusPoller-Timer-Thread-23197167118224-23197166728960 parsl.executors.high_throughput.zmq_pipes:175 _log DEBUG: Sending command client command
1724114293.336145 2024-08-20 00:38:13 MainProcess-2143295 JobStatusPoller-Timer-Thread-23197167118224-23197166728960 parsl.executors.high_throughput.zmq_pipes:175 _log DEBUG: Receiving command client response
1724114293.336303 2024-08-20 00:38:13 MainProcess-2143295 JobStatusPoller-Timer-Thread-23197167118224-23197166728960 parsl.executors.high_throughput.zmq_pipes:175 _log DEBUG: Received command client response
1724114293.336367 2024-08-20 00:38:13 MainProcess-2143295 JobStatusPoller-Timer-Thread-23197167118224-23197166728960 parsl.executors.high_throughput.zmq_pipes:175 _log DEBUG: Sending command client command
1724114293.336422 2024-08-20 00:38:13 MainProcess-2143295 JobStatusPoller-Timer-Thread-23197167118224-23197166728960 parsl.executors.high_throughput.zmq_pipes:175 _log DEBUG: Receiving command client response
1724114293.336535 2024-08-20 00:38:13 MainProcess-2143295 JobStatusPoller-Timer-Thread-23197167118224-23197166728960 parsl.executors.high_throughput.zmq_pipes:175 _log DEBUG: Received command client response
1724114293.336595 2024-08-20 00:38:13 MainProcess-2143295 JobStatusPoller-Timer-Thread-23197167118224-23197166728960 parsl.jobs.strategy:175 _log DEBUG: Executor HighThroughputExecutor has 0 active tasks, 1/0 running/pending blocks, and 1 connected workers
1724114293.336644 2024-08-20 00:38:13 MainProcess-2143295 JobStatusPoller-Timer-Thread-23197167118224-23197166728960 parsl.jobs.strategy:175 _log DEBUG: Strategy case 1: Executor has no active tasks
1724114293.336679 2024-08-20 00:38:13 MainProcess-2143295 JobStatusPoller-Timer-Thread-23197167118224-23197166728960 parsl.jobs.strategy:175 _log DEBUG: Strategy case 1b: Executor has no active tasks, and more (1) than minimum blocks (0)
1724114293.336720 2024-08-20 00:38:13 MainProcess-2143295 JobStatusPoller-Timer-Thread-23197167118224-23197166728960 parsl.jobs.strategy:175 _log DEBUG: Idle time 30.44694447517395s is less than max_idletime 120.0s for executor HighThroughputExecutor; not scaling in
1724114293.336773 2024-08-20 00:38:13 MainProcess-2143295 JobStatusPoller-Timer-Thread-23197167118224-23197166728960 parsl.process_loggers:175 _log DEBUG: Normal ending for _general_strategy on thread JobStatusPoller-Timer-Thread-23197167118224
1724114296.867634 2024-08-20 00:38:16 MainProcess-2143295 HTEX-Result-Queue-Thread-23197152020224 parsl.executors.high_throughput.zmq_pipes:175 _log DEBUG: Received ResultsIncoming message
1724114296.867795 2024-08-20 00:38:16 MainProcess-2143295 HTEX-Result-Queue-Thread-23197152020224 parsl.executors.high_throughput.zmq_pipes:175 _log DEBUG: Waiting for ResultsIncoming message
1724114298.337299 2024-08-20 00:38:18 MainProcess-2143295 JobStatusPoller-Timer-Thread-23197167118224-23197166728960 parsl.channels.local.local:175 _log DEBUG: Creating process with command 'ps -p 2143509 > /dev/null 2> /dev/null; echo "STATUS:$?" '
1724114298.345906 2024-08-20 00:38:18 MainProcess-2143295 JobStatusPoller-Timer-Thread-23197167118224-23197166728960 parsl.channels.local.local:175 _log DEBUG: Created process with pid 2143739. Performing communicate
1724114298.409346 2024-08-20 00:38:18 MainProcess-2143295 JobStatusPoller-Timer-Thread-23197167118224-23197166728960 parsl.channels.local.local:175 _log DEBUG: Process 2143739 returned 0
1724114298.409458 2024-08-20 00:38:18 MainProcess-2143295 JobStatusPoller-Timer-Thread-23197167118224-23197166728960 parsl.channels.local.local:175 _log DEBUG: Execution of command in process 2143739 completed normally
1724114298.409769 2024-08-20 00:38:18 MainProcess-2143295 JobStatusPoller-Timer-Thread-23197167118224-23197166728960 parsl.executors.high_throughput.zmq_pipes:175 _log DEBUG: Sending command client command
1724114298.409867 2024-08-20 00:38:18 MainProcess-2143295 JobStatusPoller-Timer-Thread-23197167118224-23197166728960 parsl.executors.high_throughput.zmq_pipes:175 _log DEBUG: Receiving command client response
1724114298.410098 2024-08-20 00:38:18 MainProcess-2143295 JobStatusPoller-Timer-Thread-23197167118224-23197166728960 parsl.executors.high_throughput.zmq_pipes:175 _log DEBUG: Received command client response
1724114298.410211 2024-08-20 00:38:18 MainProcess-2143295 JobStatusPoller-Timer-Thread-23197167118224-23197166728960 parsl.jobs.strategy:175 _log DEBUG: general strategy starting with strategy_type simple for 1 executors
1724114298.410254 2024-08-20 00:38:18 MainProcess-2143295 JobStatusPoller-Timer-Thread-23197167118224-23197166728960 parsl.jobs.strategy:175 _log DEBUG: Strategizing for executor HighThroughputExecutor
1724114298.410296 2024-08-20 00:38:18 MainProcess-2143295 JobStatusPoller-Timer-Thread-23197167118224-23197166728960 parsl.executors.high_throughput.zmq_pipes:175 _log DEBUG: Sending command client command
1724114298.410342 2024-08-20 00:38:18 MainProcess-2143295 JobStatusPoller-Timer-Thread-23197167118224-23197166728960 parsl.executors.high_throughput.zmq_pipes:175 _log DEBUG: Receiving command client response
1724114298.410516 2024-08-20 00:38:18 MainProcess-2143295 JobStatusPoller-Timer-Thread-23197167118224-23197166728960 parsl.executors.high_throughput.zmq_pipes:175 _log DEBUG: Received command client response
1724114298.410591 2024-08-20 00:38:18 MainProcess-2143295 JobStatusPoller-Timer-Thread-23197167118224-23197166728960 parsl.jobs.strategy:175 _log DEBUG: Slot ratio calculation: active_slots = 1, active_tasks = 0
1724114298.410634 2024-08-20 00:38:18 MainProcess-2143295 JobStatusPoller-Timer-Thread-23197167118224-23197166728960 parsl.executors.high_throughput.zmq_pipes:175 _log DEBUG: Sending command client command
1724114298.410679 2024-08-20 00:38:18 MainProcess-2143295 JobStatusPoller-Timer-Thread-23197167118224-23197166728960 parsl.executors.high_throughput.zmq_pipes:175 _log DEBUG: Receiving command client response
1724114298.410844 2024-08-20 00:38:18 MainProcess-2143295 JobStatusPoller-Timer-Thread-23197167118224-23197166728960 parsl.executors.high_throughput.zmq_pipes:175 _log DEBUG: Received command client response
1724114298.410894 2024-08-20 00:38:18 MainProcess-2143295 JobStatusPoller-Timer-Thread-23197167118224-23197166728960 parsl.executors.high_throughput.zmq_pipes:175 _log DEBUG: Sending command client command
1724114298.410939 2024-08-20 00:38:18 MainProcess-2143295 JobStatusPoller-Timer-Thread-23197167118224-23197166728960 parsl.executors.high_throughput.zmq_pipes:175 _log DEBUG: Receiving command client response
1724114298.411097 2024-08-20 00:38:18 MainProcess-2143295 JobStatusPoller-Timer-Thread-23197167118224-23197166728960 parsl.executors.high_throughput.zmq_pipes:175 _log DEBUG: Received command client response
1724114298.411146 2024-08-20 00:38:18 MainProcess-2143295 JobStatusPoller-Timer-Thread-23197167118224-23197166728960 parsl.jobs.strategy:175 _log DEBUG: Executor HighThroughputExecutor has 0 active tasks, 1/0 running/pending blocks, and 1 connected workers
1724114298.411180 2024-08-20 00:38:18 MainProcess-2143295 JobStatusPoller-Timer-Thread-23197167118224-23197166728960 parsl.jobs.strategy:175 _log DEBUG: Strategy case 1: Executor has no active tasks
1724114298.411214 2024-08-20 00:38:18 MainProcess-2143295 JobStatusPoller-Timer-Thread-23197167118224-23197166728960 parsl.jobs.strategy:175 _log DEBUG: Strategy case 1b: Executor has no active tasks, and more (1) than minimum blocks (0)
1724114298.411253 2024-08-20 00:38:18 MainProcess-2143295 JobStatusPoller-Timer-Thread-23197167118224-23197166728960 parsl.jobs.strategy:175 _log DEBUG: Idle time 35.5214786529541s is less than max_idletime 120.0s for executor HighThroughputExecutor; not scaling in
1724114298.411290 2024-08-20 00:38:18 MainProcess-2143295 JobStatusPoller-Timer-Thread-23197167118224-23197166728960 parsl.process_loggers:175 _log DEBUG: Normal ending for _general_strategy on thread JobStatusPoller-Timer-Thread-23197167118224
1724114303.411622 2024-08-20 00:38:23 MainProcess-2143295 JobStatusPoller-Timer-Thread-23197167118224-23197166728960 parsl.channels.local.local:175 _log DEBUG: Creating process with command 'ps -p 2143509 > /dev/null 2> /dev/null; echo "STATUS:$?" '
1724114303.420175 2024-08-20 00:38:23 MainProcess-2143295 JobStatusPoller-Timer-Thread-23197167118224-23197166728960 parsl.channels.local.local:175 _log DEBUG: Created process with pid 2143741. Performing communicate
1724114303.483074 2024-08-20 00:38:23 MainProcess-2143295 JobStatusPoller-Timer-Thread-23197167118224-23197166728960 parsl.channels.local.local:175 _log DEBUG: Process 2143741 returned 0
1724114303.483229 2024-08-20 00:38:23 MainProcess-2143295 JobStatusPoller-Timer-Thread-23197167118224-23197166728960 parsl.channels.local.local:175 _log DEBUG: Execution of command in process 2143741 completed normally
1724114303.483538 2024-08-20 00:38:23 MainProcess-2143295 JobStatusPoller-Timer-Thread-23197167118224-23197166728960 parsl.executors.high_throughput.zmq_pipes:175 _log DEBUG: Sending command client command
1724114303.483635 2024-08-20 00:38:23 MainProcess-2143295 JobStatusPoller-Timer-Thread-23197167118224-23197166728960 parsl.executors.high_throughput.zmq_pipes:175 _log DEBUG: Receiving command client response
1724114303.484011 2024-08-20 00:38:23 MainProcess-2143295 JobStatusPoller-Timer-Thread-23197167118224-23197166728960 parsl.executors.high_throughput.zmq_pipes:175 _log DEBUG: Received command client response
1724114303.484143 2024-08-20 00:38:23 MainProcess-2143295 JobStatusPoller-Timer-Thread-23197167118224-23197166728960 parsl.jobs.strategy:175 _log DEBUG: general strategy starting with strategy_type simple for 1 executors
1724114303.484190 2024-08-20 00:38:23 MainProcess-2143295 JobStatusPoller-Timer-Thread-23197167118224-23197166728960 parsl.jobs.strategy:175 _log DEBUG: Strategizing for executor HighThroughputExecutor
1724114303.484232 2024-08-20 00:38:23 MainProcess-2143295 JobStatusPoller-Timer-Thread-23197167118224-23197166728960 parsl.executors.high_throughput.zmq_pipes:175 _log DEBUG: Sending command client command
1724114303.484280 2024-08-20 00:38:23 MainProcess-2143295 JobStatusPoller-Timer-Thread-23197167118224-23197166728960 parsl.executors.high_throughput.zmq_pipes:175 _log DEBUG: Receiving command client response
1724114303.484412 2024-08-20 00:38:23 MainProcess-2143295 JobStatusPoller-Timer-Thread-23197167118224-23197166728960 parsl.executors.high_throughput.zmq_pipes:175 _log DEBUG: Received command client response
1724114303.484461 2024-08-20 00:38:23 MainProcess-2143295 JobStatusPoller-Timer-Thread-23197167118224-23197166728960 parsl.jobs.strategy:175 _log DEBUG: Slot ratio calculation: active_slots = 1, active_tasks = 0
1724114303.484499 2024-08-20 00:38:23 MainProcess-2143295 JobStatusPoller-Timer-Thread-23197167118224-23197166728960 parsl.executors.high_throughput.zmq_pipes:175 _log DEBUG: Sending command client command
1724114303.484542 2024-08-20 00:38:23 MainProcess-2143295 JobStatusPoller-Timer-Thread-23197167118224-23197166728960 parsl.executors.high_throughput.zmq_pipes:175 _log DEBUG: Receiving command client response
1724114303.484663 2024-08-20 00:38:23 MainProcess-2143295 JobStatusPoller-Timer-Thread-23197167118224-23197166728960 parsl.executors.high_throughput.zmq_pipes:175 _log DEBUG: Received command client response
1724114303.484703 2024-08-20 00:38:23 MainProcess-2143295 JobStatusPoller-Timer-Thread-23197167118224-23197166728960 parsl.executors.high_throughput.zmq_pipes:175 _log DEBUG: Sending command client command
1724114303.484746 2024-08-20 00:38:23 MainProcess-2143295 JobStatusPoller-Timer-Thread-23197167118224-23197166728960 parsl.executors.high_throughput.zmq_pipes:175 _log DEBUG: Receiving command client response
1724114303.484886 2024-08-20 00:38:23 MainProcess-2143295 JobStatusPoller-Timer-Thread-23197167118224-23197166728960 parsl.executors.high_throughput.zmq_pipes:175 _log DEBUG: Received command client response
1724114303.484947 2024-08-20 00:38:23 MainProcess-2143295 JobStatusPoller-Timer-Thread-23197167118224-23197166728960 parsl.jobs.strategy:175 _log DEBUG: Executor HighThroughputExecutor has 0 active tasks, 1/0 running/pending blocks, and 1 connected workers
1724114303.484988 2024-08-20 00:38:23 MainProcess-2143295 JobStatusPoller-Timer-Thread-23197167118224-23197166728960 parsl.jobs.strategy:175 _log DEBUG: Strategy case 1: Executor has no active tasks
1724114303.485026 2024-08-20 00:38:23 MainProcess-2143295 JobStatusPoller-Timer-Thread-23197167118224-23197166728960 parsl.jobs.strategy:175 _log DEBUG: Strategy case 1b: Executor has no active tasks, and more (1) than minimum blocks (0)
1724114303.485067 2024-08-20 00:38:23 MainProcess-2143295 JobStatusPoller-Timer-Thread-23197167118224-23197166728960 parsl.jobs.strategy:175 _log DEBUG: Idle time 40.59529185295105s is less than max_idletime 120.0s for executor HighThroughputExecutor; not scaling in
1724114303.485104 2024-08-20 00:38:23 MainProcess-2143295 JobStatusPoller-Timer-Thread-23197167118224-23197166728960 parsl.process_loggers:175 _log DEBUG: Normal ending for _general_strategy on thread JobStatusPoller-Timer-Thread-23197167118224
1724114308.485625 2024-08-20 00:38:28 MainProcess-2143295 JobStatusPoller-Timer-Thread-23197167118224-23197166728960 parsl.channels.local.local:175 _log DEBUG: Creating process with command 'ps -p 2143509 > /dev/null 2> /dev/null; echo "STATUS:$?" '
1724114308.494588 2024-08-20 00:38:28 MainProcess-2143295 JobStatusPoller-Timer-Thread-23197167118224-23197166728960 parsl.channels.local.local:175 _log DEBUG: Created process with pid 2143743. Performing communicate
1724114308.557509 2024-08-20 00:38:28 MainProcess-2143295 JobStatusPoller-Timer-Thread-23197167118224-23197166728960 parsl.channels.local.local:175 _log DEBUG: Process 2143743 returned 0
1724114308.557662 2024-08-20 00:38:28 MainProcess-2143295 JobStatusPoller-Timer-Thread-23197167118224-23197166728960 parsl.channels.local.local:175 _log DEBUG: Execution of command in process 2143743 completed normally
1724114308.557997 2024-08-20 00:38:28 MainProcess-2143295 JobStatusPoller-Timer-Thread-23197167118224-23197166728960 parsl.executors.high_throughput.zmq_pipes:175 _log DEBUG: Sending command client command
1724114308.558094 2024-08-20 00:38:28 MainProcess-2143295 JobStatusPoller-Timer-Thread-23197167118224-23197166728960 parsl.executors.high_throughput.zmq_pipes:175 _log DEBUG: Receiving command client response
1724114308.558458 2024-08-20 00:38:28 MainProcess-2143295 JobStatusPoller-Timer-Thread-23197167118224-23197166728960 parsl.executors.high_throughput.zmq_pipes:175 _log DEBUG: Received command client response
1724114308.558573 2024-08-20 00:38:28 MainProcess-2143295 JobStatusPoller-Timer-Thread-23197167118224-23197166728960 parsl.jobs.strategy:175 _log DEBUG: general strategy starting with strategy_type simple for 1 executors
1724114308.558618 2024-08-20 00:38:28 MainProcess-2143295 JobStatusPoller-Timer-Thread-23197167118224-23197166728960 parsl.jobs.strategy:175 _log DEBUG: Strategizing for executor HighThroughputExecutor
1724114308.558659 2024-08-20 00:38:28 MainProcess-2143295 JobStatusPoller-Timer-Thread-23197167118224-23197166728960 parsl.executors.high_throughput.zmq_pipes:175 _log DEBUG: Sending command client command
1724114308.558709 2024-08-20 00:38:28 MainProcess-2143295 JobStatusPoller-Timer-Thread-23197167118224-23197166728960 parsl.executors.high_throughput.zmq_pipes:175 _log DEBUG: Receiving command client response
1724114308.558919 2024-08-20 00:38:28 MainProcess-2143295 JobStatusPoller-Timer-Thread-23197167118224-23197166728960 parsl.executors.high_throughput.zmq_pipes:175 _log DEBUG: Received command client response
1724114308.558986 2024-08-20 00:38:28 MainProcess-2143295 JobStatusPoller-Timer-Thread-23197167118224-23197166728960 parsl.jobs.strategy:175 _log DEBUG: Slot ratio calculation: active_slots = 1, active_tasks = 0
1724114308.559032 2024-08-20 00:38:28 MainProcess-2143295 JobStatusPoller-Timer-Thread-23197167118224-23197166728960 parsl.executors.high_throughput.zmq_pipes:175 _log DEBUG: Sending command client command
1724114308.559082 2024-08-20 00:38:28 MainProcess-2143295 JobStatusPoller-Timer-Thread-23197167118224-23197166728960 parsl.executors.high_throughput.zmq_pipes:175 _log DEBUG: Receiving command client response
1724114308.559199 2024-08-20 00:38:28 MainProcess-2143295 JobStatusPoller-Timer-Thread-23197167118224-23197166728960 parsl.executors.high_throughput.zmq_pipes:175 _log DEBUG: Received command client response
1724114308.559242 2024-08-20 00:38:28 MainProcess-2143295 JobStatusPoller-Timer-Thread-23197167118224-23197166728960 parsl.executors.high_throughput.zmq_pipes:175 _log DEBUG: Sending command client command
1724114308.559288 2024-08-20 00:38:28 MainProcess-2143295 JobStatusPoller-Timer-Thread-23197167118224-23197166728960 parsl.executors.high_throughput.zmq_pipes:175 _log DEBUG: Receiving command client response
1724114308.559402 2024-08-20 00:38:28 MainProcess-2143295 JobStatusPoller-Timer-Thread-23197167118224-23197166728960 parsl.executors.high_throughput.zmq_pipes:175 _log DEBUG: Received command client response
1724114308.559443 2024-08-20 00:38:28 MainProcess-2143295 JobStatusPoller-Timer-Thread-23197167118224-23197166728960 parsl.jobs.strategy:175 _log DEBUG: Executor HighThroughputExecutor has 0 active tasks, 1/0 running/pending blocks, and 1 connected workers
1724114308.559476 2024-08-20 00:38:28 MainProcess-2143295 JobStatusPoller-Timer-Thread-23197167118224-23197166728960 parsl.jobs.strategy:175 _log DEBUG: Strategy case 1: Executor has no active tasks
1724114308.559528 2024-08-20 00:38:28 MainProcess-2143295 JobStatusPoller-Timer-Thread-23197167118224-23197166728960 parsl.jobs.strategy:175 _log DEBUG: Strategy case 1b: Executor has no active tasks, and more (1) than minimum blocks (0)
1724114308.559572 2024-08-20 00:38:28 MainProcess-2143295 JobStatusPoller-Timer-Thread-23197167118224-23197166728960 parsl.jobs.strategy:175 _log DEBUG: Idle time 45.66979718208313s is less than max_idletime 120.0s for executor HighThroughputExecutor; not scaling in
1724114308.559610 2024-08-20 00:38:28 MainProcess-2143295 JobStatusPoller-Timer-Thread-23197167118224-23197166728960 parsl.process_loggers:175 _log DEBUG: Normal ending for _general_strategy on thread JobStatusPoller-Timer-Thread-23197167118224
1724114313.559947 2024-08-20 00:38:33 MainProcess-2143295 JobStatusPoller-Timer-Thread-23197167118224-23197166728960 parsl.channels.local.local:175 _log DEBUG: Creating process with command 'ps -p 2143509 > /dev/null 2> /dev/null; echo "STATUS:$?" '
1724114313.568581 2024-08-20 00:38:33 MainProcess-2143295 JobStatusPoller-Timer-Thread-23197167118224-23197166728960 parsl.channels.local.local:175 _log DEBUG: Created process with pid 2143745. Performing communicate
1724114313.637179 2024-08-20 00:38:33 MainProcess-2143295 JobStatusPoller-Timer-Thread-23197167118224-23197166728960 parsl.channels.local.local:175 _log DEBUG: Process 2143745 returned 0
1724114313.637287 2024-08-20 00:38:33 MainProcess-2143295 JobStatusPoller-Timer-Thread-23197167118224-23197166728960 parsl.channels.local.local:175 _log DEBUG: Execution of command in process 2143745 completed normally
1724114313.637545 2024-08-20 00:38:33 MainProcess-2143295 JobStatusPoller-Timer-Thread-23197167118224-23197166728960 parsl.executors.high_throughput.zmq_pipes:175 _log DEBUG: Sending command client command
1724114313.637641 2024-08-20 00:38:33 MainProcess-2143295 JobStatusPoller-Timer-Thread-23197167118224-23197166728960 parsl.executors.high_throughput.zmq_pipes:175 _log DEBUG: Receiving command client response
1724114313.637995 2024-08-20 00:38:33 MainProcess-2143295 JobStatusPoller-Timer-Thread-23197167118224-23197166728960 parsl.executors.high_throughput.zmq_pipes:175 _log DEBUG: Received command client response
1724114313.638109 2024-08-20 00:38:33 MainProcess-2143295 JobStatusPoller-Timer-Thread-23197167118224-23197166728960 parsl.jobs.strategy:175 _log DEBUG: general strategy starting with strategy_type simple for 1 executors
1724114313.638162 2024-08-20 00:38:33 MainProcess-2143295 JobStatusPoller-Timer-Thread-23197167118224-23197166728960 parsl.jobs.strategy:175 _log DEBUG: Strategizing for executor HighThroughputExecutor
1724114313.638209 2024-08-20 00:38:33 MainProcess-2143295 JobStatusPoller-Timer-Thread-23197167118224-23197166728960 parsl.executors.high_throughput.zmq_pipes:175 _log DEBUG: Sending command client command
1724114313.638258 2024-08-20 00:38:33 MainProcess-2143295 JobStatusPoller-Timer-Thread-23197167118224-23197166728960 parsl.executors.high_throughput.zmq_pipes:175 _log DEBUG: Receiving command client response
1724114313.638463 2024-08-20 00:38:33 MainProcess-2143295 JobStatusPoller-Timer-Thread-23197167118224-23197166728960 parsl.executors.high_throughput.zmq_pipes:175 _log DEBUG: Received command client response
1724114313.638531 2024-08-20 00:38:33 MainProcess-2143295 JobStatusPoller-Timer-Thread-23197167118224-23197166728960 parsl.jobs.strategy:175 _log DEBUG: Slot ratio calculation: active_slots = 1, active_tasks = 0
1724114313.638576 2024-08-20 00:38:33 MainProcess-2143295 JobStatusPoller-Timer-Thread-23197167118224-23197166728960 parsl.executors.high_throughput.zmq_pipes:175 _log DEBUG: Sending command client command
1724114313.638630 2024-08-20 00:38:33 MainProcess-2143295 JobStatusPoller-Timer-Thread-23197167118224-23197166728960 parsl.executors.high_throughput.zmq_pipes:175 _log DEBUG: Receiving command client response
1724114313.638747 2024-08-20 00:38:33 MainProcess-2143295 JobStatusPoller-Timer-Thread-23197167118224-23197166728960 parsl.executors.high_throughput.zmq_pipes:175 _log DEBUG: Received command client response
1724114313.638806 2024-08-20 00:38:33 MainProcess-2143295 JobStatusPoller-Timer-Thread-23197167118224-23197166728960 parsl.executors.high_throughput.zmq_pipes:175 _log DEBUG: Sending command client command
1724114313.638854 2024-08-20 00:38:33 MainProcess-2143295 JobStatusPoller-Timer-Thread-23197167118224-23197166728960 parsl.executors.high_throughput.zmq_pipes:175 _log DEBUG: Receiving command client response
1724114313.638970 2024-08-20 00:38:33 MainProcess-2143295 JobStatusPoller-Timer-Thread-23197167118224-23197166728960 parsl.executors.high_throughput.zmq_pipes:175 _log DEBUG: Received command client response
1724114313.639009 2024-08-20 00:38:33 MainProcess-2143295 JobStatusPoller-Timer-Thread-23197167118224-23197166728960 parsl.jobs.strategy:175 _log DEBUG: Executor HighThroughputExecutor has 0 active tasks, 1/0 running/pending blocks, and 1 connected workers
1724114313.639042 2024-08-20 00:38:33 MainProcess-2143295 JobStatusPoller-Timer-Thread-23197167118224-23197166728960 parsl.jobs.strategy:175 _log DEBUG: Strategy case 1: Executor has no active tasks
1724114313.639076 2024-08-20 00:38:33 MainProcess-2143295 JobStatusPoller-Timer-Thread-23197167118224-23197166728960 parsl.jobs.strategy:175 _log DEBUG: Strategy case 1b: Executor has no active tasks, and more (1) than minimum blocks (0)
1724114313.639115 2024-08-20 00:38:33 MainProcess-2143295 JobStatusPoller-Timer-Thread-23197167118224-23197166728960 parsl.jobs.strategy:175 _log DEBUG: Idle time 50.749340534210205s is less than max_idletime 120.0s for executor HighThroughputExecutor; not scaling in
1724114313.639150 2024-08-20 00:38:33 MainProcess-2143295 JobStatusPoller-Timer-Thread-23197167118224-23197166728960 parsl.process_loggers:175 _log DEBUG: Normal ending for _general_strategy on thread JobStatusPoller-Timer-Thread-23197167118224
1724114318.639487 2024-08-20 00:38:38 MainProcess-2143295 JobStatusPoller-Timer-Thread-23197167118224-23197166728960 parsl.channels.local.local:175 _log DEBUG: Creating process with command 'ps -p 2143509 > /dev/null 2> /dev/null; echo "STATUS:$?" '
1724114318.648369 2024-08-20 00:38:38 MainProcess-2143295 JobStatusPoller-Timer-Thread-23197167118224-23197166728960 parsl.channels.local.local:175 _log DEBUG: Created process with pid 2143819. Performing communicate
1724114318.713441 2024-08-20 00:38:38 MainProcess-2143295 JobStatusPoller-Timer-Thread-23197167118224-23197166728960 parsl.channels.local.local:175 _log DEBUG: Process 2143819 returned 0
1724114318.713605 2024-08-20 00:38:38 MainProcess-2143295 JobStatusPoller-Timer-Thread-23197167118224-23197166728960 parsl.channels.local.local:175 _log DEBUG: Execution of command in process 2143819 completed normally
1724114318.714000 2024-08-20 00:38:38 MainProcess-2143295 JobStatusPoller-Timer-Thread-23197167118224-23197166728960 parsl.executors.high_throughput.zmq_pipes:175 _log DEBUG: Sending command client command
1724114318.714100 2024-08-20 00:38:38 MainProcess-2143295 JobStatusPoller-Timer-Thread-23197167118224-23197166728960 parsl.executors.high_throughput.zmq_pipes:175 _log DEBUG: Receiving command client response
1724114318.714360 2024-08-20 00:38:38 MainProcess-2143295 JobStatusPoller-Timer-Thread-23197167118224-23197166728960 parsl.executors.high_throughput.zmq_pipes:175 _log DEBUG: Received command client response
1724114318.714474 2024-08-20 00:38:38 MainProcess-2143295 JobStatusPoller-Timer-Thread-23197167118224-23197166728960 parsl.jobs.strategy:175 _log DEBUG: general strategy starting with strategy_type simple for 1 executors
1724114318.714519 2024-08-20 00:38:38 MainProcess-2143295 JobStatusPoller-Timer-Thread-23197167118224-23197166728960 parsl.jobs.strategy:175 _log DEBUG: Strategizing for executor HighThroughputExecutor
1724114318.714561 2024-08-20 00:38:38 MainProcess-2143295 JobStatusPoller-Timer-Thread-23197167118224-23197166728960 parsl.executors.high_throughput.zmq_pipes:175 _log DEBUG: Sending command client command
1724114318.714609 2024-08-20 00:38:38 MainProcess-2143295 JobStatusPoller-Timer-Thread-23197167118224-23197166728960 parsl.executors.high_throughput.zmq_pipes:175 _log DEBUG: Receiving command client response
1724114318.714762 2024-08-20 00:38:38 MainProcess-2143295 JobStatusPoller-Timer-Thread-23197167118224-23197166728960 parsl.executors.high_throughput.zmq_pipes:175 _log DEBUG: Received command client response
1724114318.714830 2024-08-20 00:38:38 MainProcess-2143295 JobStatusPoller-Timer-Thread-23197167118224-23197166728960 parsl.jobs.strategy:175 _log DEBUG: Slot ratio calculation: active_slots = 1, active_tasks = 0
1724114318.714875 2024-08-20 00:38:38 MainProcess-2143295 JobStatusPoller-Timer-Thread-23197167118224-23197166728960 parsl.executors.high_throughput.zmq_pipes:175 _log DEBUG: Sending command client command
1724114318.714926 2024-08-20 00:38:38 MainProcess-2143295 JobStatusPoller-Timer-Thread-23197167118224-23197166728960 parsl.executors.high_throughput.zmq_pipes:175 _log DEBUG: Receiving command client response
1724114318.715047 2024-08-20 00:38:38 MainProcess-2143295 JobStatusPoller-Timer-Thread-23197167118224-23197166728960 parsl.executors.high_throughput.zmq_pipes:175 _log DEBUG: Received command client response
1724114318.715100 2024-08-20 00:38:38 MainProcess-2143295 JobStatusPoller-Timer-Thread-23197167118224-23197166728960 parsl.executors.high_throughput.zmq_pipes:175 _log DEBUG: Sending command client command
1724114318.715148 2024-08-20 00:38:38 MainProcess-2143295 JobStatusPoller-Timer-Thread-23197167118224-23197166728960 parsl.executors.high_throughput.zmq_pipes:175 _log DEBUG: Receiving command client response
1724114318.715260 2024-08-20 00:38:38 MainProcess-2143295 JobStatusPoller-Timer-Thread-23197167118224-23197166728960 parsl.executors.high_throughput.zmq_pipes:175 _log DEBUG: Received command client response
1724114318.715300 2024-08-20 00:38:38 MainProcess-2143295 JobStatusPoller-Timer-Thread-23197167118224-23197166728960 parsl.jobs.strategy:175 _log DEBUG: Executor HighThroughputExecutor has 0 active tasks, 1/0 running/pending blocks, and 1 connected workers
1724114318.715334 2024-08-20 00:38:38 MainProcess-2143295 JobStatusPoller-Timer-Thread-23197167118224-23197166728960 parsl.jobs.strategy:175 _log DEBUG: Strategy case 1: Executor has no active tasks
1724114318.715369 2024-08-20 00:38:38 MainProcess-2143295 JobStatusPoller-Timer-Thread-23197167118224-23197166728960 parsl.jobs.strategy:175 _log DEBUG: Strategy case 1b: Executor has no active tasks, and more (1) than minimum blocks (0)
1724114318.715409 2024-08-20 00:38:38 MainProcess-2143295 JobStatusPoller-Timer-Thread-23197167118224-23197166728960 parsl.jobs.strategy:175 _log DEBUG: Idle time 55.82563304901123s is less than max_idletime 120.0s for executor HighThroughputExecutor; not scaling in
1724114318.715445 2024-08-20 00:38:38 MainProcess-2143295 JobStatusPoller-Timer-Thread-23197167118224-23197166728960 parsl.process_loggers:175 _log DEBUG: Normal ending for _general_strategy on thread JobStatusPoller-Timer-Thread-23197167118224
1724114323.715792 2024-08-20 00:38:43 MainProcess-2143295 JobStatusPoller-Timer-Thread-23197167118224-23197166728960 parsl.channels.local.local:175 _log DEBUG: Creating process with command 'ps -p 2143509 > /dev/null 2> /dev/null; echo "STATUS:$?" '
1724114323.724587 2024-08-20 00:38:43 MainProcess-2143295 JobStatusPoller-Timer-Thread-23197167118224-23197166728960 parsl.channels.local.local:175 _log DEBUG: Created process with pid 2143821. Performing communicate
1724114323.787392 2024-08-20 00:38:43 MainProcess-2143295 JobStatusPoller-Timer-Thread-23197167118224-23197166728960 parsl.channels.local.local:175 _log DEBUG: Process 2143821 returned 0
1724114323.787515 2024-08-20 00:38:43 MainProcess-2143295 JobStatusPoller-Timer-Thread-23197167118224-23197166728960 parsl.channels.local.local:175 _log DEBUG: Execution of command in process 2143821 completed normally
1724114323.787826 2024-08-20 00:38:43 MainProcess-2143295 JobStatusPoller-Timer-Thread-23197167118224-23197166728960 parsl.executors.high_throughput.zmq_pipes:175 _log DEBUG: Sending command client command
1724114323.787959 2024-08-20 00:38:43 MainProcess-2143295 JobStatusPoller-Timer-Thread-23197167118224-23197166728960 parsl.executors.high_throughput.zmq_pipes:175 _log DEBUG: Receiving command client response
1724114323.788261 2024-08-20 00:38:43 MainProcess-2143295 JobStatusPoller-Timer-Thread-23197167118224-23197166728960 parsl.executors.high_throughput.zmq_pipes:175 _log DEBUG: Received command client response
1724114323.788399 2024-08-20 00:38:43 MainProcess-2143295 JobStatusPoller-Timer-Thread-23197167118224-23197166728960 parsl.jobs.strategy:175 _log DEBUG: general strategy starting with strategy_type simple for 1 executors
1724114323.788452 2024-08-20 00:38:43 MainProcess-2143295 JobStatusPoller-Timer-Thread-23197167118224-23197166728960 parsl.jobs.strategy:175 _log DEBUG: Strategizing for executor HighThroughputExecutor
1724114323.788498 2024-08-20 00:38:43 MainProcess-2143295 JobStatusPoller-Timer-Thread-23197167118224-23197166728960 parsl.executors.high_throughput.zmq_pipes:175 _log DEBUG: Sending command client command
1724114323.788546 2024-08-20 00:38:43 MainProcess-2143295 JobStatusPoller-Timer-Thread-23197167118224-23197166728960 parsl.executors.high_throughput.zmq_pipes:175 _log DEBUG: Receiving command client response
1724114323.788766 2024-08-20 00:38:43 MainProcess-2143295 JobStatusPoller-Timer-Thread-23197167118224-23197166728960 parsl.executors.high_throughput.zmq_pipes:175 _log DEBUG: Received command client response
1724114323.788834 2024-08-20 00:38:43 MainProcess-2143295 JobStatusPoller-Timer-Thread-23197167118224-23197166728960 parsl.jobs.strategy:175 _log DEBUG: Slot ratio calculation: active_slots = 1, active_tasks = 0
1724114323.788880 2024-08-20 00:38:43 MainProcess-2143295 JobStatusPoller-Timer-Thread-23197167118224-23197166728960 parsl.executors.high_throughput.zmq_pipes:175 _log DEBUG: Sending command client command
1724114323.788929 2024-08-20 00:38:43 MainProcess-2143295 JobStatusPoller-Timer-Thread-23197167118224-23197166728960 parsl.executors.high_throughput.zmq_pipes:175 _log DEBUG: Receiving command client response
1724114323.789140 2024-08-20 00:38:43 MainProcess-2143295 JobStatusPoller-Timer-Thread-23197167118224-23197166728960 parsl.executors.high_throughput.zmq_pipes:175 _log DEBUG: Received command client response
1724114323.789203 2024-08-20 00:38:43 MainProcess-2143295 JobStatusPoller-Timer-Thread-23197167118224-23197166728960 parsl.executors.high_throughput.zmq_pipes:175 _log DEBUG: Sending command client command
1724114323.789258 2024-08-20 00:38:43 MainProcess-2143295 JobStatusPoller-Timer-Thread-23197167118224-23197166728960 parsl.executors.high_throughput.zmq_pipes:175 _log DEBUG: Receiving command client response
1724114323.789469 2024-08-20 00:38:43 MainProcess-2143295 JobStatusPoller-Timer-Thread-23197167118224-23197166728960 parsl.executors.high_throughput.zmq_pipes:175 _log DEBUG: Received command client response
1724114323.789530 2024-08-20 00:38:43 MainProcess-2143295 JobStatusPoller-Timer-Thread-23197167118224-23197166728960 parsl.jobs.strategy:175 _log DEBUG: Executor HighThroughputExecutor has 0 active tasks, 1/0 running/pending blocks, and 1 connected workers
1724114323.789572 2024-08-20 00:38:43 MainProcess-2143295 JobStatusPoller-Timer-Thread-23197167118224-23197166728960 parsl.jobs.strategy:175 _log DEBUG: Strategy case 1: Executor has no active tasks
1724114323.789608 2024-08-20 00:38:43 MainProcess-2143295 JobStatusPoller-Timer-Thread-23197167118224-23197166728960 parsl.jobs.strategy:175 _log DEBUG: Strategy case 1b: Executor has no active tasks, and more (1) than minimum blocks (0)
1724114323.789649 2024-08-20 00:38:43 MainProcess-2143295 JobStatusPoller-Timer-Thread-23197167118224-23197166728960 parsl.jobs.strategy:175 _log DEBUG: Idle time 60.89987397193909s is less than max_idletime 120.0s for executor HighThroughputExecutor; not scaling in
1724114323.789686 2024-08-20 00:38:43 MainProcess-2143295 JobStatusPoller-Timer-Thread-23197167118224-23197166728960 parsl.process_loggers:175 _log DEBUG: Normal ending for _general_strategy on thread JobStatusPoller-Timer-Thread-23197167118224
1724114326.869000 2024-08-20 00:38:46 MainProcess-2143295 HTEX-Result-Queue-Thread-23197152020224 parsl.executors.high_throughput.zmq_pipes:175 _log DEBUG: Received ResultsIncoming message
1724114326.869170 2024-08-20 00:38:46 MainProcess-2143295 HTEX-Result-Queue-Thread-23197152020224 parsl.executors.high_throughput.zmq_pipes:175 _log DEBUG: Waiting for ResultsIncoming message
1724114328.790219 2024-08-20 00:38:48 MainProcess-2143295 JobStatusPoller-Timer-Thread-23197167118224-23197166728960 parsl.channels.local.local:175 _log DEBUG: Creating process with command 'ps -p 2143509 > /dev/null 2> /dev/null; echo "STATUS:$?" '
1724114328.798971 2024-08-20 00:38:48 MainProcess-2143295 JobStatusPoller-Timer-Thread-23197167118224-23197166728960 parsl.channels.local.local:175 _log DEBUG: Created process with pid 2143823. Performing communicate
1724114328.862355 2024-08-20 00:38:48 MainProcess-2143295 JobStatusPoller-Timer-Thread-23197167118224-23197166728960 parsl.channels.local.local:175 _log DEBUG: Process 2143823 returned 0
1724114328.862468 2024-08-20 00:38:48 MainProcess-2143295 JobStatusPoller-Timer-Thread-23197167118224-23197166728960 parsl.channels.local.local:175 _log DEBUG: Execution of command in process 2143823 completed normally
1724114328.862777 2024-08-20 00:38:48 MainProcess-2143295 JobStatusPoller-Timer-Thread-23197167118224-23197166728960 parsl.executors.high_throughput.zmq_pipes:175 _log DEBUG: Sending command client command
1724114328.862890 2024-08-20 00:38:48 MainProcess-2143295 JobStatusPoller-Timer-Thread-23197167118224-23197166728960 parsl.executors.high_throughput.zmq_pipes:175 _log DEBUG: Receiving command client response
1724114328.863197 2024-08-20 00:38:48 MainProcess-2143295 JobStatusPoller-Timer-Thread-23197167118224-23197166728960 parsl.executors.high_throughput.zmq_pipes:175 _log DEBUG: Received command client response
1724114328.863313 2024-08-20 00:38:48 MainProcess-2143295 JobStatusPoller-Timer-Thread-23197167118224-23197166728960 parsl.jobs.strategy:175 _log DEBUG: general strategy starting with strategy_type simple for 1 executors
1724114328.863358 2024-08-20 00:38:48 MainProcess-2143295 JobStatusPoller-Timer-Thread-23197167118224-23197166728960 parsl.jobs.strategy:175 _log DEBUG: Strategizing for executor HighThroughputExecutor
1724114328.863399 2024-08-20 00:38:48 MainProcess-2143295 JobStatusPoller-Timer-Thread-23197167118224-23197166728960 parsl.executors.high_throughput.zmq_pipes:175 _log DEBUG: Sending command client command
1724114328.863446 2024-08-20 00:38:48 MainProcess-2143295 JobStatusPoller-Timer-Thread-23197167118224-23197166728960 parsl.executors.high_throughput.zmq_pipes:175 _log DEBUG: Receiving command client response
1724114328.863588 2024-08-20 00:38:48 MainProcess-2143295 JobStatusPoller-Timer-Thread-23197167118224-23197166728960 parsl.executors.high_throughput.zmq_pipes:175 _log DEBUG: Received command client response
1724114328.863635 2024-08-20 00:38:48 MainProcess-2143295 JobStatusPoller-Timer-Thread-23197167118224-23197166728960 parsl.jobs.strategy:175 _log DEBUG: Slot ratio calculation: active_slots = 1, active_tasks = 0
1724114328.863674 2024-08-20 00:38:48 MainProcess-2143295 JobStatusPoller-Timer-Thread-23197167118224-23197166728960 parsl.executors.high_throughput.zmq_pipes:175 _log DEBUG: Sending command client command
1724114328.863725 2024-08-20 00:38:48 MainProcess-2143295 JobStatusPoller-Timer-Thread-23197167118224-23197166728960 parsl.executors.high_throughput.zmq_pipes:175 _log DEBUG: Receiving command client response
1724114328.863857 2024-08-20 00:38:48 MainProcess-2143295 JobStatusPoller-Timer-Thread-23197167118224-23197166728960 parsl.executors.high_throughput.zmq_pipes:175 _log DEBUG: Received command client response
1724114328.863905 2024-08-20 00:38:48 MainProcess-2143295 JobStatusPoller-Timer-Thread-23197167118224-23197166728960 parsl.executors.high_throughput.zmq_pipes:175 _log DEBUG: Sending command client command
1724114328.863952 2024-08-20 00:38:48 MainProcess-2143295 JobStatusPoller-Timer-Thread-23197167118224-23197166728960 parsl.executors.high_throughput.zmq_pipes:175 _log DEBUG: Receiving command client response
1724114328.864083 2024-08-20 00:38:48 MainProcess-2143295 JobStatusPoller-Timer-Thread-23197167118224-23197166728960 parsl.executors.high_throughput.zmq_pipes:175 _log DEBUG: Received command client response
1724114328.864124 2024-08-20 00:38:48 MainProcess-2143295 JobStatusPoller-Timer-Thread-23197167118224-23197166728960 parsl.jobs.strategy:175 _log DEBUG: Executor HighThroughputExecutor has 0 active tasks, 1/0 running/pending blocks, and 1 connected workers
1724114328.864159 2024-08-20 00:38:48 MainProcess-2143295 JobStatusPoller-Timer-Thread-23197167118224-23197166728960 parsl.jobs.strategy:175 _log DEBUG: Strategy case 1: Executor has no active tasks
1724114328.864193 2024-08-20 00:38:48 MainProcess-2143295 JobStatusPoller-Timer-Thread-23197167118224-23197166728960 parsl.jobs.strategy:175 _log DEBUG: Strategy case 1b: Executor has no active tasks, and more (1) than minimum blocks (0)
1724114328.864232 2024-08-20 00:38:48 MainProcess-2143295 JobStatusPoller-Timer-Thread-23197167118224-23197166728960 parsl.jobs.strategy:175 _log DEBUG: Idle time 65.97445774078369s is less than max_idletime 120.0s for executor HighThroughputExecutor; not scaling in
1724114328.864266 2024-08-20 00:38:48 MainProcess-2143295 JobStatusPoller-Timer-Thread-23197167118224-23197166728960 parsl.process_loggers:175 _log DEBUG: Normal ending for _general_strategy on thread JobStatusPoller-Timer-Thread-23197167118224
1724114330.351717 2024-08-20 00:38:50 MainProcess-2143295 MainThread-23205941674176 parsl.dataflow.dflow:175 _log WARNING: Python is exiting with a DFK still running. You should call parsl.dfk().cleanup() before exiting to release any resources
