1724113484.519354 2024-08-20 00:24:44 MainProcess-2135323 MainThread-23365826453696 parsl.dataflow.dflow:175 _log INFO: Starting DataFlowKernel with config
Config(
    app_cache=True, 
    checkpoint_files=None, 
    checkpoint_mode=None, 
    checkpoint_period=None, 
    dependency_resolver=None, 
    executors=(HighThroughputExecutor(
        address='10.140.56.174', 
        address_probe_timeout=None, 
        available_accelerators=['0,1,2,3'], 
        block_error_handler=<function simple_error_handler at 0x153e3cdba980>, 
        cores_per_worker=1.0, 
        cpu_affinity='block-reverse', 
        drain_period=None, 
        enable_mpi_mode=False, 
        encrypted=False, 
        heartbeat_period=30, 
        heartbeat_threshold=120, 
        interchange_launch_cmd=['interchange.py'], 
        interchange_port_range=(55000, 56000), 
        label='HighThroughputExecutor', 
        launch_cmd='process_worker_pool.py {debug} {max_workers_per_node} -a {addresses} -p {prefetch_capacity} -c {cores_per_worker} -m {mem_per_worker} --poll {poll_period} --task_port={task_port} --result_port={result_port} --cert_dir {cert_dir} --logdir={logdir} --block_id={{block_id}} --hb_period={heartbeat_period} {address_probe_timeout_string} --hb_threshold={heartbeat_threshold} --drain_period={drain_period} --cpu-affinity {cpu_affinity} {enable_mpi_mode} --mpi-launcher={mpi_launcher} --available-accelerators {accelerators}', 
        manager_selector=<parsl.executors.high_throughput.manager_selector.RandomManagerSelector object at 0x153e3cdca290>, 
        max_workers=inf, 
        max_workers_per_node=inf, 
        mem_per_worker=None, 
        mpi_launcher='mpiexec', 
        poll_period=10, 
        prefetch_capacity=0, 
        provider=LocalProvider(
            channel=LocalChannel(
                envs={}, 
                script_dir=None, 
                userhome='/home/viralss2/nekRS-ML_MSR/examples/parsl_MSR_smartsim'
            ), 
            cmd_timeout=30, 
            init_blocks=1, 
            launcher=SingleNodeLauncher(debug=True, fail_on_any=False), 
            max_blocks=1, 
            min_blocks=0, 
            move_files=None, 
            nodes_per_block=1, 
            parallelism=1, 
            worker_init='source /home/viralss2/ALCF_Hands_on_HPC_Workshop/workflows/parsl/launch_eg/set_run_env;\n                            cd /home/viralss2/nekRS-ML_MSR/examples/parsl_MSR_smartsim'
        ), 
        storage_access=None, 
        worker_debug=False, 
        worker_logdir_root=None, 
        worker_port_range=(54000, 55000), 
        worker_ports=None, 
        working_dir=None
    ),), 
    exit_mode='cleanup', 
    garbage_collect=True, 
    initialize_logging=True, 
    internal_tasks_max_threads=10, 
    max_idletime=120.0, 
    monitoring=None, 
    retries=1, 
    retry_handler=None, 
    run_dir='runinfo', 
    std_autopath=None, 
    strategy='simple', 
    strategy_period=5, 
    usage_tracking=0
)
1724113484.520896 2024-08-20 00:24:44 MainProcess-2135323 MainThread-23365826453696 parsl.dataflow.dflow:175 _log INFO: Parsl version: 2024.08.05
1724113484.520979 2024-08-20 00:24:44 MainProcess-2135323 MainThread-23365826453696 parsl.usage_tracking.usage:175 _log DEBUG: Tracking level: 0
1724113484.521052 2024-08-20 00:24:44 MainProcess-2135323 MainThread-23365826453696 parsl.dataflow.dflow:175 _log INFO: Run id is: ed27f3aa-113d-48fc-89a2-f47aea67978d
1724113484.626620 2024-08-20 00:24:44 MainProcess-2135323 MainThread-23365826453696 parsl.dataflow.dflow:175 _log DEBUG: Considering candidate for workflow name: /home/viralss2/SSML/lib/python3.11/site-packages/parsl/dataflow/dflow.py
1724113484.626680 2024-08-20 00:24:44 MainProcess-2135323 MainThread-23365826453696 parsl.dataflow.dflow:175 _log DEBUG: Considering candidate for workflow name: /soft/applications/conda/2024-04-29/mconda3/lib/python3.11/site-packages/typeguard/__init__.py
1724113484.626726 2024-08-20 00:24:44 MainProcess-2135323 MainThread-23365826453696 parsl.dataflow.dflow:175 _log DEBUG: Considering candidate for workflow name: /home/viralss2/SSML/lib/python3.11/site-packages/parsl/dataflow/dflow.py
1724113484.626785 2024-08-20 00:24:44 MainProcess-2135323 MainThread-23365826453696 parsl.dataflow.dflow:175 _log DEBUG: Considering candidate for workflow name: /soft/applications/conda/2024-04-29/mconda3/lib/python3.11/site-packages/typeguard/__init__.py
1724113484.626837 2024-08-20 00:24:44 MainProcess-2135323 MainThread-23365826453696 parsl.dataflow.dflow:175 _log DEBUG: Considering candidate for workflow name: /home/viralss2/nekRS-ML_MSR/examples/parsl_MSR_smartsim/ssim_driver_polaris.py
1724113484.626876 2024-08-20 00:24:44 MainProcess-2135323 MainThread-23365826453696 parsl.dataflow.dflow:175 _log DEBUG: Using ssim_driver_polaris.py as workflow name
1724113484.626991 2024-08-20 00:24:44 MainProcess-2135323 MainThread-23365826453696 parsl.dataflow.memoization:175 _log INFO: App caching initialized
1724113484.627042 2024-08-20 00:24:44 MainProcess-2135323 MainThread-23365826453696 parsl.jobs.strategy:175 _log DEBUG: Scaling strategy: simple
1724113484.631620 2024-08-20 00:24:44 MainProcess-2135323 MainThread-23365826453696 parsl.executors.high_throughput.executor:175 _log DEBUG: Starting result queue thread
1724113484.631853 2024-08-20 00:24:44 MainProcess-2135323 HTEX-Result-Queue-Thread-23356835358464 parsl.executors.high_throughput.executor:175 _log DEBUG: Result queue worker starting
1724113484.631933 2024-08-20 00:24:44 MainProcess-2135323 MainThread-23365826453696 parsl.executors.high_throughput.executor:175 _log DEBUG: Started result queue thread
1724113484.631976 2024-08-20 00:24:44 MainProcess-2135323 HTEX-Result-Queue-Thread-23356835358464 parsl.executors.high_throughput.zmq_pipes:175 _log DEBUG: Waiting for ResultsIncoming message
1724113484.633153 2024-08-20 00:24:44 MainProcess-2135323 MainThread-23365826453696 parsl.executors.high_throughput.executor:175 _log DEBUG: Popened interchange process. Writing config object
1724113484.633217 2024-08-20 00:24:44 MainProcess-2135323 MainThread-23365826453696 parsl.executors.high_throughput.executor:175 _log DEBUG: Sent config object. Requesting worker ports
1724113484.633259 2024-08-20 00:24:44 MainProcess-2135323 MainThread-23365826453696 parsl.executors.high_throughput.zmq_pipes:175 _log DEBUG: Sending command client command
1724113485.161276 2024-08-20 00:24:45 MainProcess-2135323 MainThread-23365826453696 parsl.executors.high_throughput.zmq_pipes:175 _log DEBUG: Polling for command client response or timeout
1724113485.162864 2024-08-20 00:24:45 MainProcess-2135323 MainThread-23365826453696 parsl.executors.high_throughput.zmq_pipes:175 _log DEBUG: Receiving command client response
1724113485.162937 2024-08-20 00:24:45 MainProcess-2135323 MainThread-23365826453696 parsl.executors.high_throughput.zmq_pipes:175 _log DEBUG: Received command client response
1724113485.162981 2024-08-20 00:24:45 MainProcess-2135323 MainThread-23365826453696 parsl.executors.high_throughput.executor:175 _log DEBUG: Got worker ports
1724113485.163018 2024-08-20 00:24:45 MainProcess-2135323 MainThread-23365826453696 parsl.executors.high_throughput.executor:175 _log DEBUG: Created result queue thread: <Thread(HTEX-Result-Queue-Thread, started daemon 23356835358464)>
1724113485.163226 2024-08-20 00:24:45 MainProcess-2135323 MainThread-23365826453696 parsl.executors.high_throughput.executor:175 _log DEBUG: Launch command: process_worker_pool.py   -a 10.140.56.174 -p 0 -c 1.0 -m None --poll 10 --task_port=54305 --result_port=54398 --cert_dir None --logdir=/home/viralss2/nekRS-ML_MSR/examples/parsl_MSR_smartsim/runinfo/023/HighThroughputExecutor --block_id={block_id} --hb_period=30  --hb_threshold=120 --drain_period=None --cpu-affinity block-reverse  --mpi-launcher=mpiexec --available-accelerators 0,1,2,3
1724113485.163264 2024-08-20 00:24:45 MainProcess-2135323 MainThread-23365826453696 parsl.executors.high_throughput.executor:175 _log DEBUG: Starting HighThroughputExecutor with provider:
LocalProvider(
    channel=LocalChannel(
        envs={}, 
        script_dir='/home/viralss2/nekRS-ML_MSR/examples/parsl_MSR_smartsim/runinfo/023/submit_scripts', 
        userhome='/home/viralss2/nekRS-ML_MSR/examples/parsl_MSR_smartsim'
    ), 
    cmd_timeout=30, 
    init_blocks=1, 
    launcher=SingleNodeLauncher(debug=True, fail_on_any=False), 
    max_blocks=1, 
    min_blocks=0, 
    move_files=None, 
    nodes_per_block=1, 
    parallelism=1, 
    worker_init='source /home/viralss2/ALCF_Hands_on_HPC_Workshop/workflows/parsl/launch_eg/set_run_env;\n                            cd /home/viralss2/nekRS-ML_MSR/examples/parsl_MSR_smartsim'
)
1724113485.163549 2024-08-20 00:24:45 MainProcess-2135323 MainThread-23365826453696 parsl.jobs.job_status_poller:175 _log DEBUG: Adding executor HighThroughputExecutor
1724113489.627403 2024-08-20 00:24:49 MainProcess-2135323 JobStatusPoller-Timer-Thread-23357052101968-23357051553536 parsl.executors.high_throughput.zmq_pipes:175 _log DEBUG: Sending command client command
1724113489.627581 2024-08-20 00:24:49 MainProcess-2135323 JobStatusPoller-Timer-Thread-23357052101968-23357051553536 parsl.executors.high_throughput.zmq_pipes:175 _log DEBUG: Receiving command client response
1724113489.627948 2024-08-20 00:24:49 MainProcess-2135323 JobStatusPoller-Timer-Thread-23357052101968-23357051553536 parsl.executors.high_throughput.zmq_pipes:175 _log DEBUG: Received command client response
1724113489.628028 2024-08-20 00:24:49 MainProcess-2135323 JobStatusPoller-Timer-Thread-23357052101968-23357051553536 parsl.jobs.strategy:175 _log DEBUG: general strategy starting with strategy_type simple for 1 executors
1724113489.628070 2024-08-20 00:24:49 MainProcess-2135323 JobStatusPoller-Timer-Thread-23357052101968-23357051553536 parsl.jobs.strategy:175 _log DEBUG: Strategizing for executor HighThroughputExecutor
1724113489.628106 2024-08-20 00:24:49 MainProcess-2135323 JobStatusPoller-Timer-Thread-23357052101968-23357051553536 parsl.jobs.strategy:175 _log DEBUG: Scaling out 1 initial blocks for HighThroughputExecutor
1724113489.628146 2024-08-20 00:24:49 MainProcess-2135323 JobStatusPoller-Timer-Thread-23357052101968-23357051553536 parsl.executors.status_handling:175 _log INFO: Scaling out by 1 blocks
1724113489.628185 2024-08-20 00:24:49 MainProcess-2135323 JobStatusPoller-Timer-Thread-23357052101968-23357051553536 parsl.executors.status_handling:175 _log INFO: Allocated block ID 0
1724113489.628225 2024-08-20 00:24:49 MainProcess-2135323 JobStatusPoller-Timer-Thread-23357052101968-23357051553536 parsl.executors.status_handling:175 _log DEBUG: Submitting to provider with job_name parsl.HighThroughputExecutor.block-0
1724113489.630899 2024-08-20 00:24:49 MainProcess-2135323 JobStatusPoller-Timer-Thread-23357052101968-23357051553536 parsl.providers.local.local:175 _log DEBUG: Launching
1724113489.631115 2024-08-20 00:24:49 MainProcess-2135323 JobStatusPoller-Timer-Thread-23357052101968-23357051553536 parsl.channels.local.local:175 _log DEBUG: Creating process with command '/bin/bash -c 'echo - >/home/viralss2/nekRS-ML_MSR/examples/parsl_MSR_smartsim/runinfo/023/submit_scripts/parsl.HighThroughputExecutor.block-0.1724113489.6283324.sh.ec && { { bash /home/viralss2/nekRS-ML_MSR/examples/parsl_MSR_smartsim/runinfo/023/submit_scripts/parsl.HighThroughputExecutor.block-0.1724113489.6283324.sh 1>/home/viralss2/nekRS-ML_MSR/examples/parsl_MSR_smartsim/runinfo/023/submit_scripts/parsl.HighThroughputExecutor.block-0.1724113489.6283324.sh.out 2>/home/viralss2/nekRS-ML_MSR/examples/parsl_MSR_smartsim/runinfo/023/submit_scripts/parsl.HighThroughputExecutor.block-0.1724113489.6283324.sh.err ; echo $? > /home/viralss2/nekRS-ML_MSR/examples/parsl_MSR_smartsim/runinfo/023/submit_scripts/parsl.HighThroughputExecutor.block-0.1724113489.6283324.sh.ec ; } >/dev/null 2>&1 & echo "PID:$!" ; }''
1724113489.645014 2024-08-20 00:24:49 MainProcess-2135323 JobStatusPoller-Timer-Thread-23357052101968-23357051553536 parsl.channels.local.local:175 _log DEBUG: Created process with pid 2135536. Performing communicate
1724113489.653636 2024-08-20 00:24:49 MainProcess-2135323 JobStatusPoller-Timer-Thread-23357052101968-23357051553536 parsl.channels.local.local:175 _log DEBUG: Process 2135536 returned 0
1724113489.653742 2024-08-20 00:24:49 MainProcess-2135323 JobStatusPoller-Timer-Thread-23357052101968-23357051553536 parsl.channels.local.local:175 _log DEBUG: Execution of command in process 2135536 completed normally
1724113489.653899 2024-08-20 00:24:49 MainProcess-2135323 JobStatusPoller-Timer-Thread-23357052101968-23357051553536 parsl.executors.status_handling:175 _log DEBUG: Launched block 0 on executor HighThroughputExecutor with job ID 2135537
1724113489.653995 2024-08-20 00:24:49 MainProcess-2135323 JobStatusPoller-Timer-Thread-23357052101968-23357051553536 parsl.executors.high_throughput.zmq_pipes:175 _log DEBUG: Sending command client command
1724113489.654086 2024-08-20 00:24:49 MainProcess-2135323 JobStatusPoller-Timer-Thread-23357052101968-23357051553536 parsl.executors.high_throughput.zmq_pipes:175 _log DEBUG: Receiving command client response
1724113489.654253 2024-08-20 00:24:49 MainProcess-2135323 JobStatusPoller-Timer-Thread-23357052101968-23357051553536 parsl.executors.high_throughput.zmq_pipes:175 _log DEBUG: Received command client response
1724113489.654323 2024-08-20 00:24:49 MainProcess-2135323 JobStatusPoller-Timer-Thread-23357052101968-23357051553536 parsl.jobs.strategy:175 _log DEBUG: Slot ratio calculation: active_slots = 1, active_tasks = 0
1724113489.654364 2024-08-20 00:24:49 MainProcess-2135323 JobStatusPoller-Timer-Thread-23357052101968-23357051553536 parsl.executors.high_throughput.zmq_pipes:175 _log DEBUG: Sending command client command
1724113489.654408 2024-08-20 00:24:49 MainProcess-2135323 JobStatusPoller-Timer-Thread-23357052101968-23357051553536 parsl.executors.high_throughput.zmq_pipes:175 _log DEBUG: Receiving command client response
1724113489.654524 2024-08-20 00:24:49 MainProcess-2135323 JobStatusPoller-Timer-Thread-23357052101968-23357051553536 parsl.executors.high_throughput.zmq_pipes:175 _log DEBUG: Received command client response
1724113489.654567 2024-08-20 00:24:49 MainProcess-2135323 JobStatusPoller-Timer-Thread-23357052101968-23357051553536 parsl.executors.high_throughput.zmq_pipes:175 _log DEBUG: Sending command client command
1724113489.654611 2024-08-20 00:24:49 MainProcess-2135323 JobStatusPoller-Timer-Thread-23357052101968-23357051553536 parsl.executors.high_throughput.zmq_pipes:175 _log DEBUG: Receiving command client response
1724113489.654715 2024-08-20 00:24:49 MainProcess-2135323 JobStatusPoller-Timer-Thread-23357052101968-23357051553536 parsl.executors.high_throughput.zmq_pipes:175 _log DEBUG: Received command client response
1724113489.654755 2024-08-20 00:24:49 MainProcess-2135323 JobStatusPoller-Timer-Thread-23357052101968-23357051553536 parsl.jobs.strategy:175 _log DEBUG: Executor HighThroughputExecutor has 0 active tasks, 0/1 running/pending blocks, and 0 connected workers
1724113489.654788 2024-08-20 00:24:49 MainProcess-2135323 JobStatusPoller-Timer-Thread-23357052101968-23357051553536 parsl.jobs.strategy:175 _log DEBUG: Strategy case 1: Executor has no active tasks
1724113489.654821 2024-08-20 00:24:49 MainProcess-2135323 JobStatusPoller-Timer-Thread-23357052101968-23357051553536 parsl.jobs.strategy:175 _log DEBUG: Strategy case 1b: Executor has no active tasks, and more (1) than minimum blocks (0)
1724113489.654858 2024-08-20 00:24:49 MainProcess-2135323 JobStatusPoller-Timer-Thread-23357052101968-23357051553536 parsl.jobs.strategy:175 _log DEBUG: Starting idle timer for executor. If idle time exceeds 120.0s, blocks will be scaled in
1724113489.654902 2024-08-20 00:24:49 MainProcess-2135323 JobStatusPoller-Timer-Thread-23357052101968-23357051553536 parsl.jobs.strategy:175 _log DEBUG: Idle time 7.152557373046875e-07s is less than max_idletime 120.0s for executor HighThroughputExecutor; not scaling in
1724113489.654950 2024-08-20 00:24:49 MainProcess-2135323 JobStatusPoller-Timer-Thread-23357052101968-23357051553536 parsl.process_loggers:175 _log DEBUG: Normal ending for _general_strategy on thread JobStatusPoller-Timer-Thread-23357052101968
1724113494.655343 2024-08-20 00:24:54 MainProcess-2135323 JobStatusPoller-Timer-Thread-23357052101968-23357051553536 parsl.channels.local.local:175 _log DEBUG: Creating process with command 'ps -p 2135537 > /dev/null 2> /dev/null; echo "STATUS:$?" '
1724113494.663681 2024-08-20 00:24:54 MainProcess-2135323 JobStatusPoller-Timer-Thread-23357052101968-23357051553536 parsl.channels.local.local:175 _log DEBUG: Created process with pid 2135679. Performing communicate
1724113494.720448 2024-08-20 00:24:54 MainProcess-2135323 JobStatusPoller-Timer-Thread-23357052101968-23357051553536 parsl.channels.local.local:175 _log DEBUG: Process 2135679 returned 0
1724113494.720605 2024-08-20 00:24:54 MainProcess-2135323 JobStatusPoller-Timer-Thread-23357052101968-23357051553536 parsl.channels.local.local:175 _log DEBUG: Execution of command in process 2135679 completed normally
1724113494.721866 2024-08-20 00:24:54 MainProcess-2135323 JobStatusPoller-Timer-Thread-23357052101968-23357051553536 parsl.executors.high_throughput.zmq_pipes:175 _log DEBUG: Sending command client command
1724113494.721978 2024-08-20 00:24:54 MainProcess-2135323 JobStatusPoller-Timer-Thread-23357052101968-23357051553536 parsl.executors.high_throughput.zmq_pipes:175 _log DEBUG: Receiving command client response
1724113494.722271 2024-08-20 00:24:54 MainProcess-2135323 JobStatusPoller-Timer-Thread-23357052101968-23357051553536 parsl.executors.high_throughput.zmq_pipes:175 _log DEBUG: Received command client response
1724113494.722416 2024-08-20 00:24:54 MainProcess-2135323 JobStatusPoller-Timer-Thread-23357052101968-23357051553536 parsl.jobs.strategy:175 _log DEBUG: general strategy starting with strategy_type simple for 1 executors
1724113494.722466 2024-08-20 00:24:54 MainProcess-2135323 JobStatusPoller-Timer-Thread-23357052101968-23357051553536 parsl.jobs.strategy:175 _log DEBUG: Strategizing for executor HighThroughputExecutor
1724113494.722508 2024-08-20 00:24:54 MainProcess-2135323 JobStatusPoller-Timer-Thread-23357052101968-23357051553536 parsl.executors.high_throughput.zmq_pipes:175 _log DEBUG: Sending command client command
1724113494.722557 2024-08-20 00:24:54 MainProcess-2135323 JobStatusPoller-Timer-Thread-23357052101968-23357051553536 parsl.executors.high_throughput.zmq_pipes:175 _log DEBUG: Receiving command client response
1724113494.722745 2024-08-20 00:24:54 MainProcess-2135323 JobStatusPoller-Timer-Thread-23357052101968-23357051553536 parsl.executors.high_throughput.zmq_pipes:175 _log DEBUG: Received command client response
1724113494.722816 2024-08-20 00:24:54 MainProcess-2135323 JobStatusPoller-Timer-Thread-23357052101968-23357051553536 parsl.jobs.strategy:175 _log DEBUG: Slot ratio calculation: active_slots = 1, active_tasks = 0
1724113494.722865 2024-08-20 00:24:54 MainProcess-2135323 JobStatusPoller-Timer-Thread-23357052101968-23357051553536 parsl.executors.high_throughput.zmq_pipes:175 _log DEBUG: Sending command client command
1724113494.722921 2024-08-20 00:24:54 MainProcess-2135323 JobStatusPoller-Timer-Thread-23357052101968-23357051553536 parsl.executors.high_throughput.zmq_pipes:175 _log DEBUG: Receiving command client response
1724113494.723057 2024-08-20 00:24:54 MainProcess-2135323 JobStatusPoller-Timer-Thread-23357052101968-23357051553536 parsl.executors.high_throughput.zmq_pipes:175 _log DEBUG: Received command client response
1724113494.723110 2024-08-20 00:24:54 MainProcess-2135323 JobStatusPoller-Timer-Thread-23357052101968-23357051553536 parsl.executors.high_throughput.zmq_pipes:175 _log DEBUG: Sending command client command
1724113494.723156 2024-08-20 00:24:54 MainProcess-2135323 JobStatusPoller-Timer-Thread-23357052101968-23357051553536 parsl.executors.high_throughput.zmq_pipes:175 _log DEBUG: Receiving command client response
1724113494.723291 2024-08-20 00:24:54 MainProcess-2135323 JobStatusPoller-Timer-Thread-23357052101968-23357051553536 parsl.executors.high_throughput.zmq_pipes:175 _log DEBUG: Received command client response
1724113494.723340 2024-08-20 00:24:54 MainProcess-2135323 JobStatusPoller-Timer-Thread-23357052101968-23357051553536 parsl.jobs.strategy:175 _log DEBUG: Executor HighThroughputExecutor has 0 active tasks, 1/0 running/pending blocks, and 1 connected workers
1724113494.723386 2024-08-20 00:24:54 MainProcess-2135323 JobStatusPoller-Timer-Thread-23357052101968-23357051553536 parsl.jobs.strategy:175 _log DEBUG: Strategy case 1: Executor has no active tasks
1724113494.723423 2024-08-20 00:24:54 MainProcess-2135323 JobStatusPoller-Timer-Thread-23357052101968-23357051553536 parsl.jobs.strategy:175 _log DEBUG: Strategy case 1b: Executor has no active tasks, and more (1) than minimum blocks (0)
1724113494.723465 2024-08-20 00:24:54 MainProcess-2135323 JobStatusPoller-Timer-Thread-23357052101968-23357051553536 parsl.jobs.strategy:175 _log DEBUG: Idle time 5.0685646533966064s is less than max_idletime 120.0s for executor HighThroughputExecutor; not scaling in
1724113494.723500 2024-08-20 00:24:54 MainProcess-2135323 JobStatusPoller-Timer-Thread-23357052101968-23357051553536 parsl.process_loggers:175 _log DEBUG: Normal ending for _general_strategy on thread JobStatusPoller-Timer-Thread-23357052101968
1724113495.441880 2024-08-20 00:24:55 MainProcess-2135323 MainThread-23365826453696 parsl.dataflow.dflow:175 _log WARNING: Python is exiting with a DFK still running. You should call parsl.dfk().cleanup() before exiting to release any resources
