1724105478.415090 2024-08-19 22:11:18 MainProcess-2993362 MainThread-23053513556160 parsl.dataflow.dflow:175 _log INFO: Starting DataFlowKernel with config
Config(
    app_cache=True, 
    checkpoint_files=None, 
    checkpoint_mode=None, 
    checkpoint_period=None, 
    dependency_resolver=None, 
    executors=(HighThroughputExecutor(
        address='10.140.57.88', 
        address_probe_timeout=None, 
        available_accelerators=['1', '2', '3'], 
        block_error_handler=<function simple_error_handler at 0x14f5858968e0>, 
        cores_per_worker=1.0, 
        cpu_affinity='block-reverse', 
        drain_period=None, 
        enable_mpi_mode=False, 
        encrypted=False, 
        heartbeat_period=30, 
        heartbeat_threshold=120, 
        interchange_launch_cmd=['interchange.py'], 
        interchange_port_range=(55000, 56000), 
        label='HighThroughputExecutor', 
        launch_cmd='process_worker_pool.py {debug} {max_workers_per_node} -a {addresses} -p {prefetch_capacity} -c {cores_per_worker} -m {mem_per_worker} --poll {poll_period} --task_port={task_port} --result_port={result_port} --cert_dir {cert_dir} --logdir={logdir} --block_id={{block_id}} --hb_period={heartbeat_period} {address_probe_timeout_string} --hb_threshold={heartbeat_threshold} --drain_period={drain_period} --cpu-affinity {cpu_affinity} {enable_mpi_mode} --mpi-launcher={mpi_launcher} --available-accelerators {accelerators}', 
        manager_selector=<parsl.executors.high_throughput.manager_selector.RandomManagerSelector object at 0x14f5858a5bd0>, 
        max_workers=inf, 
        max_workers_per_node=inf, 
        mem_per_worker=None, 
        mpi_launcher='mpiexec', 
        poll_period=10, 
        prefetch_capacity=0, 
        provider=LocalProvider(
            channel=LocalChannel(
                envs={}, 
                script_dir=None, 
                userhome='/home/viralss2/nekRS-ML_MSR/examples/parsl_MSR_smartsim'
            ), 
            cmd_timeout=30, 
            init_blocks=1, 
            launcher=SingleNodeLauncher(debug=True, fail_on_any=False), 
            max_blocks=1, 
            min_blocks=0, 
            move_files=None, 
            nodes_per_block=1, 
            parallelism=1, 
            worker_init='source /home/viralss2/ALCF_Hands_on_HPC_Workshop/workflows/parsl/launch_eg/set_run_env;\n                            cd /home/viralss2/nekRS-ML_MSR/examples/parsl_MSR_smartsim'
        ), 
        storage_access=None, 
        worker_debug=False, 
        worker_logdir_root=None, 
        worker_port_range=(54000, 55000), 
        worker_ports=None, 
        working_dir=None
    ),), 
    exit_mode='cleanup', 
    garbage_collect=True, 
    initialize_logging=True, 
    internal_tasks_max_threads=10, 
    max_idletime=120.0, 
    monitoring=None, 
    retries=1, 
    retry_handler=None, 
    run_dir='runinfo', 
    std_autopath=None, 
    strategy='simple', 
    strategy_period=5, 
    usage_tracking=0
)
1724105478.416231 2024-08-19 22:11:18 MainProcess-2993362 MainThread-23053513556160 parsl.dataflow.dflow:175 _log INFO: Parsl version: 2024.08.05
1724105478.416316 2024-08-19 22:11:18 MainProcess-2993362 MainThread-23053513556160 parsl.usage_tracking.usage:175 _log DEBUG: Tracking level: 0
1724105478.416389 2024-08-19 22:11:18 MainProcess-2993362 MainThread-23053513556160 parsl.dataflow.dflow:175 _log INFO: Run id is: ef772aae-0384-404e-86ee-26e35a553c2c
1724105478.528328 2024-08-19 22:11:18 MainProcess-2993362 MainThread-23053513556160 parsl.dataflow.dflow:175 _log DEBUG: Considering candidate for workflow name: /home/viralss2/SSML/lib/python3.11/site-packages/parsl/dataflow/dflow.py
1724105478.528391 2024-08-19 22:11:18 MainProcess-2993362 MainThread-23053513556160 parsl.dataflow.dflow:175 _log DEBUG: Considering candidate for workflow name: /soft/applications/conda/2024-04-29/mconda3/lib/python3.11/site-packages/typeguard/__init__.py
1724105478.528437 2024-08-19 22:11:18 MainProcess-2993362 MainThread-23053513556160 parsl.dataflow.dflow:175 _log DEBUG: Considering candidate for workflow name: /home/viralss2/SSML/lib/python3.11/site-packages/parsl/dataflow/dflow.py
1724105478.528497 2024-08-19 22:11:18 MainProcess-2993362 MainThread-23053513556160 parsl.dataflow.dflow:175 _log DEBUG: Considering candidate for workflow name: /soft/applications/conda/2024-04-29/mconda3/lib/python3.11/site-packages/typeguard/__init__.py
1724105478.528549 2024-08-19 22:11:18 MainProcess-2993362 MainThread-23053513556160 parsl.dataflow.dflow:175 _log DEBUG: Considering candidate for workflow name: /home/viralss2/nekRS-ML_MSR/examples/parsl_MSR_smartsim/ssim_driver_polaris.py
1724105478.528587 2024-08-19 22:11:18 MainProcess-2993362 MainThread-23053513556160 parsl.dataflow.dflow:175 _log DEBUG: Using ssim_driver_polaris.py as workflow name
1724105478.528702 2024-08-19 22:11:18 MainProcess-2993362 MainThread-23053513556160 parsl.dataflow.memoization:175 _log INFO: App caching initialized
1724105478.528752 2024-08-19 22:11:18 MainProcess-2993362 MainThread-23053513556160 parsl.jobs.strategy:175 _log DEBUG: Scaling strategy: simple
1724105478.533233 2024-08-19 22:11:18 MainProcess-2993362 MainThread-23053513556160 parsl.executors.high_throughput.executor:175 _log DEBUG: Starting result queue thread
1724105478.533456 2024-08-19 22:11:18 MainProcess-2993362 HTEX-Result-Queue-Thread-23044723926784 parsl.executors.high_throughput.executor:175 _log DEBUG: Result queue worker starting
1724105478.533548 2024-08-19 22:11:18 MainProcess-2993362 MainThread-23053513556160 parsl.executors.high_throughput.executor:175 _log DEBUG: Started result queue thread
1724105478.533600 2024-08-19 22:11:18 MainProcess-2993362 HTEX-Result-Queue-Thread-23044723926784 parsl.executors.high_throughput.zmq_pipes:175 _log DEBUG: Waiting for ResultsIncoming message
1724105478.536549 2024-08-19 22:11:18 MainProcess-2993362 MainThread-23053513556160 parsl.executors.high_throughput.executor:175 _log DEBUG: Popened interchange process. Writing config object
1724105478.536618 2024-08-19 22:11:18 MainProcess-2993362 MainThread-23053513556160 parsl.executors.high_throughput.executor:175 _log DEBUG: Sent config object. Requesting worker ports
1724105478.536660 2024-08-19 22:11:18 MainProcess-2993362 MainThread-23053513556160 parsl.executors.high_throughput.zmq_pipes:175 _log DEBUG: Sending command client command
1724105479.278144 2024-08-19 22:11:19 MainProcess-2993362 MainThread-23053513556160 parsl.executors.high_throughput.zmq_pipes:175 _log DEBUG: Polling for command client response or timeout
1724105479.279730 2024-08-19 22:11:19 MainProcess-2993362 MainThread-23053513556160 parsl.executors.high_throughput.zmq_pipes:175 _log DEBUG: Receiving command client response
1724105479.279802 2024-08-19 22:11:19 MainProcess-2993362 MainThread-23053513556160 parsl.executors.high_throughput.zmq_pipes:175 _log DEBUG: Received command client response
1724105479.279847 2024-08-19 22:11:19 MainProcess-2993362 MainThread-23053513556160 parsl.executors.high_throughput.executor:175 _log DEBUG: Got worker ports
1724105479.279885 2024-08-19 22:11:19 MainProcess-2993362 MainThread-23053513556160 parsl.executors.high_throughput.executor:175 _log DEBUG: Created result queue thread: <Thread(HTEX-Result-Queue-Thread, started daemon 23044723926784)>
1724105479.280006 2024-08-19 22:11:19 MainProcess-2993362 MainThread-23053513556160 parsl.executors.high_throughput.executor:175 _log DEBUG: Launch command: process_worker_pool.py   -a 10.140.57.88 -p 0 -c 1.0 -m None --poll 10 --task_port=54179 --result_port=54545 --cert_dir None --logdir=/home/viralss2/nekRS-ML_MSR/examples/parsl_MSR_smartsim/runinfo/000/HighThroughputExecutor --block_id={block_id} --hb_period=30  --hb_threshold=120 --drain_period=None --cpu-affinity block-reverse  --mpi-launcher=mpiexec --available-accelerators 1 2 3
1724105479.280045 2024-08-19 22:11:19 MainProcess-2993362 MainThread-23053513556160 parsl.executors.high_throughput.executor:175 _log DEBUG: Starting HighThroughputExecutor with provider:
LocalProvider(
    channel=LocalChannel(
        envs={}, 
        script_dir='/home/viralss2/nekRS-ML_MSR/examples/parsl_MSR_smartsim/runinfo/000/submit_scripts', 
        userhome='/home/viralss2/nekRS-ML_MSR/examples/parsl_MSR_smartsim'
    ), 
    cmd_timeout=30, 
    init_blocks=1, 
    launcher=SingleNodeLauncher(debug=True, fail_on_any=False), 
    max_blocks=1, 
    min_blocks=0, 
    move_files=None, 
    nodes_per_block=1, 
    parallelism=1, 
    worker_init='source /home/viralss2/ALCF_Hands_on_HPC_Workshop/workflows/parsl/launch_eg/set_run_env;\n                            cd /home/viralss2/nekRS-ML_MSR/examples/parsl_MSR_smartsim'
)
1724105479.280330 2024-08-19 22:11:19 MainProcess-2993362 MainThread-23053513556160 parsl.jobs.job_status_poller:175 _log DEBUG: Adding executor HighThroughputExecutor
1724105483.529244 2024-08-19 22:11:23 MainProcess-2993362 JobStatusPoller-Timer-Thread-23044751226000-23044738635520 parsl.executors.high_throughput.zmq_pipes:175 _log DEBUG: Sending command client command
1724105483.529544 2024-08-19 22:11:23 MainProcess-2993362 JobStatusPoller-Timer-Thread-23044751226000-23044738635520 parsl.executors.high_throughput.zmq_pipes:175 _log DEBUG: Receiving command client response
1724105483.530055 2024-08-19 22:11:23 MainProcess-2993362 JobStatusPoller-Timer-Thread-23044751226000-23044738635520 parsl.executors.high_throughput.zmq_pipes:175 _log DEBUG: Received command client response
1724105483.530209 2024-08-19 22:11:23 MainProcess-2993362 JobStatusPoller-Timer-Thread-23044751226000-23044738635520 parsl.jobs.strategy:175 _log DEBUG: general strategy starting with strategy_type simple for 1 executors
1724105483.530295 2024-08-19 22:11:23 MainProcess-2993362 JobStatusPoller-Timer-Thread-23044751226000-23044738635520 parsl.jobs.strategy:175 _log DEBUG: Strategizing for executor HighThroughputExecutor
1724105483.530370 2024-08-19 22:11:23 MainProcess-2993362 JobStatusPoller-Timer-Thread-23044751226000-23044738635520 parsl.jobs.strategy:175 _log DEBUG: Scaling out 1 initial blocks for HighThroughputExecutor
1724105483.530456 2024-08-19 22:11:23 MainProcess-2993362 JobStatusPoller-Timer-Thread-23044751226000-23044738635520 parsl.executors.status_handling:175 _log INFO: Scaling out by 1 blocks
1724105483.530549 2024-08-19 22:11:23 MainProcess-2993362 JobStatusPoller-Timer-Thread-23044751226000-23044738635520 parsl.executors.status_handling:175 _log INFO: Allocated block ID 0
1724105483.530645 2024-08-19 22:11:23 MainProcess-2993362 JobStatusPoller-Timer-Thread-23044751226000-23044738635520 parsl.executors.status_handling:175 _log DEBUG: Submitting to provider with job_name parsl.HighThroughputExecutor.block-0
1724105483.533728 2024-08-19 22:11:23 MainProcess-2993362 JobStatusPoller-Timer-Thread-23044751226000-23044738635520 parsl.providers.local.local:175 _log DEBUG: Launching
1724105483.533931 2024-08-19 22:11:23 MainProcess-2993362 JobStatusPoller-Timer-Thread-23044751226000-23044738635520 parsl.channels.local.local:175 _log DEBUG: Creating process with command '/bin/bash -c 'echo - >/home/viralss2/nekRS-ML_MSR/examples/parsl_MSR_smartsim/runinfo/000/submit_scripts/parsl.HighThroughputExecutor.block-0.1724105483.5308757.sh.ec && { { bash /home/viralss2/nekRS-ML_MSR/examples/parsl_MSR_smartsim/runinfo/000/submit_scripts/parsl.HighThroughputExecutor.block-0.1724105483.5308757.sh 1>/home/viralss2/nekRS-ML_MSR/examples/parsl_MSR_smartsim/runinfo/000/submit_scripts/parsl.HighThroughputExecutor.block-0.1724105483.5308757.sh.out 2>/home/viralss2/nekRS-ML_MSR/examples/parsl_MSR_smartsim/runinfo/000/submit_scripts/parsl.HighThroughputExecutor.block-0.1724105483.5308757.sh.err ; echo $? > /home/viralss2/nekRS-ML_MSR/examples/parsl_MSR_smartsim/runinfo/000/submit_scripts/parsl.HighThroughputExecutor.block-0.1724105483.5308757.sh.ec ; } >/dev/null 2>&1 & echo "PID:$!" ; }''
1724105483.545476 2024-08-19 22:11:23 MainProcess-2993362 JobStatusPoller-Timer-Thread-23044751226000-23044738635520 parsl.channels.local.local:175 _log DEBUG: Created process with pid 2993575. Performing communicate
1724105483.554162 2024-08-19 22:11:23 MainProcess-2993362 JobStatusPoller-Timer-Thread-23044751226000-23044738635520 parsl.channels.local.local:175 _log DEBUG: Process 2993575 returned 0
1724105483.554265 2024-08-19 22:11:23 MainProcess-2993362 JobStatusPoller-Timer-Thread-23044751226000-23044738635520 parsl.channels.local.local:175 _log DEBUG: Execution of command in process 2993575 completed normally
1724105483.554400 2024-08-19 22:11:23 MainProcess-2993362 JobStatusPoller-Timer-Thread-23044751226000-23044738635520 parsl.executors.status_handling:175 _log DEBUG: Launched block 0 on executor HighThroughputExecutor with job ID 2993576
1724105483.554485 2024-08-19 22:11:23 MainProcess-2993362 JobStatusPoller-Timer-Thread-23044751226000-23044738635520 parsl.executors.high_throughput.zmq_pipes:175 _log DEBUG: Sending command client command
1724105483.554567 2024-08-19 22:11:23 MainProcess-2993362 JobStatusPoller-Timer-Thread-23044751226000-23044738635520 parsl.executors.high_throughput.zmq_pipes:175 _log DEBUG: Receiving command client response
1724105483.554710 2024-08-19 22:11:23 MainProcess-2993362 JobStatusPoller-Timer-Thread-23044751226000-23044738635520 parsl.executors.high_throughput.zmq_pipes:175 _log DEBUG: Received command client response
1724105483.554770 2024-08-19 22:11:23 MainProcess-2993362 JobStatusPoller-Timer-Thread-23044751226000-23044738635520 parsl.jobs.strategy:175 _log DEBUG: Slot ratio calculation: active_slots = 3, active_tasks = 0
1724105483.554811 2024-08-19 22:11:23 MainProcess-2993362 JobStatusPoller-Timer-Thread-23044751226000-23044738635520 parsl.executors.high_throughput.zmq_pipes:175 _log DEBUG: Sending command client command
1724105483.554868 2024-08-19 22:11:23 MainProcess-2993362 JobStatusPoller-Timer-Thread-23044751226000-23044738635520 parsl.executors.high_throughput.zmq_pipes:175 _log DEBUG: Receiving command client response
1724105483.554941 2024-08-19 22:11:23 MainProcess-2993362 JobStatusPoller-Timer-Thread-23044751226000-23044738635520 parsl.executors.high_throughput.zmq_pipes:175 _log DEBUG: Received command client response
1724105483.554983 2024-08-19 22:11:23 MainProcess-2993362 JobStatusPoller-Timer-Thread-23044751226000-23044738635520 parsl.executors.high_throughput.zmq_pipes:175 _log DEBUG: Sending command client command
1724105483.555027 2024-08-19 22:11:23 MainProcess-2993362 JobStatusPoller-Timer-Thread-23044751226000-23044738635520 parsl.executors.high_throughput.zmq_pipes:175 _log DEBUG: Receiving command client response
1724105483.555091 2024-08-19 22:11:23 MainProcess-2993362 JobStatusPoller-Timer-Thread-23044751226000-23044738635520 parsl.executors.high_throughput.zmq_pipes:175 _log DEBUG: Received command client response
1724105483.555132 2024-08-19 22:11:23 MainProcess-2993362 JobStatusPoller-Timer-Thread-23044751226000-23044738635520 parsl.jobs.strategy:175 _log DEBUG: Executor HighThroughputExecutor has 0 active tasks, 0/1 running/pending blocks, and 0 connected workers
1724105483.555166 2024-08-19 22:11:23 MainProcess-2993362 JobStatusPoller-Timer-Thread-23044751226000-23044738635520 parsl.jobs.strategy:175 _log DEBUG: Strategy case 1: Executor has no active tasks
1724105483.555201 2024-08-19 22:11:23 MainProcess-2993362 JobStatusPoller-Timer-Thread-23044751226000-23044738635520 parsl.jobs.strategy:175 _log DEBUG: Strategy case 1b: Executor has no active tasks, and more (1) than minimum blocks (0)
1724105483.555236 2024-08-19 22:11:23 MainProcess-2993362 JobStatusPoller-Timer-Thread-23044751226000-23044738635520 parsl.jobs.strategy:175 _log DEBUG: Starting idle timer for executor. If idle time exceeds 120.0s, blocks will be scaled in
1724105483.555280 2024-08-19 22:11:23 MainProcess-2993362 JobStatusPoller-Timer-Thread-23044751226000-23044738635520 parsl.jobs.strategy:175 _log DEBUG: Idle time 4.76837158203125e-07s is less than max_idletime 120.0s for executor HighThroughputExecutor; not scaling in
1724105483.555327 2024-08-19 22:11:23 MainProcess-2993362 JobStatusPoller-Timer-Thread-23044751226000-23044738635520 parsl.process_loggers:175 _log DEBUG: Normal ending for _general_strategy on thread JobStatusPoller-Timer-Thread-23044751226000
1724105488.555712 2024-08-19 22:11:28 MainProcess-2993362 JobStatusPoller-Timer-Thread-23044751226000-23044738635520 parsl.channels.local.local:175 _log DEBUG: Creating process with command 'ps -p 2993576 > /dev/null 2> /dev/null; echo "STATUS:$?" '
1724105488.565328 2024-08-19 22:11:28 MainProcess-2993362 JobStatusPoller-Timer-Thread-23044751226000-23044738635520 parsl.channels.local.local:175 _log DEBUG: Created process with pid 2993728. Performing communicate
1724105488.629652 2024-08-19 22:11:28 MainProcess-2993362 JobStatusPoller-Timer-Thread-23044751226000-23044738635520 parsl.channels.local.local:175 _log DEBUG: Process 2993728 returned 0
1724105488.629811 2024-08-19 22:11:28 MainProcess-2993362 JobStatusPoller-Timer-Thread-23044751226000-23044738635520 parsl.channels.local.local:175 _log DEBUG: Execution of command in process 2993728 completed normally
1724105488.630942 2024-08-19 22:11:28 MainProcess-2993362 JobStatusPoller-Timer-Thread-23044751226000-23044738635520 parsl.executors.high_throughput.zmq_pipes:175 _log DEBUG: Sending command client command
1724105488.631055 2024-08-19 22:11:28 MainProcess-2993362 JobStatusPoller-Timer-Thread-23044751226000-23044738635520 parsl.executors.high_throughput.zmq_pipes:175 _log DEBUG: Receiving command client response
1724105488.631346 2024-08-19 22:11:28 MainProcess-2993362 JobStatusPoller-Timer-Thread-23044751226000-23044738635520 parsl.executors.high_throughput.zmq_pipes:175 _log DEBUG: Received command client response
1724105488.631484 2024-08-19 22:11:28 MainProcess-2993362 JobStatusPoller-Timer-Thread-23044751226000-23044738635520 parsl.jobs.strategy:175 _log DEBUG: general strategy starting with strategy_type simple for 1 executors
1724105488.631531 2024-08-19 22:11:28 MainProcess-2993362 JobStatusPoller-Timer-Thread-23044751226000-23044738635520 parsl.jobs.strategy:175 _log DEBUG: Strategizing for executor HighThroughputExecutor
1724105488.631575 2024-08-19 22:11:28 MainProcess-2993362 JobStatusPoller-Timer-Thread-23044751226000-23044738635520 parsl.executors.high_throughput.zmq_pipes:175 _log DEBUG: Sending command client command
1724105488.631624 2024-08-19 22:11:28 MainProcess-2993362 JobStatusPoller-Timer-Thread-23044751226000-23044738635520 parsl.executors.high_throughput.zmq_pipes:175 _log DEBUG: Receiving command client response
1724105488.631841 2024-08-19 22:11:28 MainProcess-2993362 JobStatusPoller-Timer-Thread-23044751226000-23044738635520 parsl.executors.high_throughput.zmq_pipes:175 _log DEBUG: Received command client response
1724105488.631911 2024-08-19 22:11:28 MainProcess-2993362 JobStatusPoller-Timer-Thread-23044751226000-23044738635520 parsl.jobs.strategy:175 _log DEBUG: Slot ratio calculation: active_slots = 3, active_tasks = 0
1724105488.631959 2024-08-19 22:11:28 MainProcess-2993362 JobStatusPoller-Timer-Thread-23044751226000-23044738635520 parsl.executors.high_throughput.zmq_pipes:175 _log DEBUG: Sending command client command
1724105488.632015 2024-08-19 22:11:28 MainProcess-2993362 JobStatusPoller-Timer-Thread-23044751226000-23044738635520 parsl.executors.high_throughput.zmq_pipes:175 _log DEBUG: Receiving command client response
1724105488.632187 2024-08-19 22:11:28 MainProcess-2993362 JobStatusPoller-Timer-Thread-23044751226000-23044738635520 parsl.executors.high_throughput.zmq_pipes:175 _log DEBUG: Received command client response
1724105488.632252 2024-08-19 22:11:28 MainProcess-2993362 JobStatusPoller-Timer-Thread-23044751226000-23044738635520 parsl.executors.high_throughput.zmq_pipes:175 _log DEBUG: Sending command client command
1724105488.632308 2024-08-19 22:11:28 MainProcess-2993362 JobStatusPoller-Timer-Thread-23044751226000-23044738635520 parsl.executors.high_throughput.zmq_pipes:175 _log DEBUG: Receiving command client response
1724105488.632485 2024-08-19 22:11:28 MainProcess-2993362 JobStatusPoller-Timer-Thread-23044751226000-23044738635520 parsl.executors.high_throughput.zmq_pipes:175 _log DEBUG: Received command client response
1724105488.632547 2024-08-19 22:11:28 MainProcess-2993362 JobStatusPoller-Timer-Thread-23044751226000-23044738635520 parsl.jobs.strategy:175 _log DEBUG: Executor HighThroughputExecutor has 0 active tasks, 1/0 running/pending blocks, and 3 connected workers
1724105488.632602 2024-08-19 22:11:28 MainProcess-2993362 JobStatusPoller-Timer-Thread-23044751226000-23044738635520 parsl.jobs.strategy:175 _log DEBUG: Strategy case 1: Executor has no active tasks
1724105488.632645 2024-08-19 22:11:28 MainProcess-2993362 JobStatusPoller-Timer-Thread-23044751226000-23044738635520 parsl.jobs.strategy:175 _log DEBUG: Strategy case 1b: Executor has no active tasks, and more (1) than minimum blocks (0)
1724105488.632691 2024-08-19 22:11:28 MainProcess-2993362 JobStatusPoller-Timer-Thread-23044751226000-23044738635520 parsl.jobs.strategy:175 _log DEBUG: Idle time 5.077410697937012s is less than max_idletime 120.0s for executor HighThroughputExecutor; not scaling in
1724105488.632729 2024-08-19 22:11:28 MainProcess-2993362 JobStatusPoller-Timer-Thread-23044751226000-23044738635520 parsl.process_loggers:175 _log DEBUG: Normal ending for _general_strategy on thread JobStatusPoller-Timer-Thread-23044751226000
1724105489.555689 2024-08-19 22:11:29 MainProcess-2993362 MainThread-23053513556160 parsl.dataflow.dflow:175 _log WARNING: Python is exiting with a DFK still running. You should call parsl.dfk().cleanup() before exiting to release any resources
