1724107600.515188 2024-08-19 22:46:40 MainProcess-3009110 MainThread-23361070444736 parsl.dataflow.dflow:175 _log INFO: Starting DataFlowKernel with config
Config(
    app_cache=True, 
    checkpoint_files=None, 
    checkpoint_mode=None, 
    checkpoint_period=None, 
    dependency_resolver=None, 
    executors=(HighThroughputExecutor(
        address='10.140.57.88', 
        address_probe_timeout=None, 
        available_accelerators=['0,1,2,3'], 
        block_error_handler=<function simple_error_handler at 0x153d215d28e0>, 
        cores_per_worker=1.0, 
        cpu_affinity='block-reverse', 
        drain_period=None, 
        enable_mpi_mode=False, 
        encrypted=False, 
        heartbeat_period=30, 
        heartbeat_threshold=120, 
        interchange_launch_cmd=['interchange.py'], 
        interchange_port_range=(55000, 56000), 
        label='HighThroughputExecutor', 
        launch_cmd='process_worker_pool.py {debug} {max_workers_per_node} -a {addresses} -p {prefetch_capacity} -c {cores_per_worker} -m {mem_per_worker} --poll {poll_period} --task_port={task_port} --result_port={result_port} --cert_dir {cert_dir} --logdir={logdir} --block_id={{block_id}} --hb_period={heartbeat_period} {address_probe_timeout_string} --hb_threshold={heartbeat_threshold} --drain_period={drain_period} --cpu-affinity {cpu_affinity} {enable_mpi_mode} --mpi-launcher={mpi_launcher} --available-accelerators {accelerators}', 
        manager_selector=<parsl.executors.high_throughput.manager_selector.RandomManagerSelector object at 0x153d215e2410>, 
        max_workers=inf, 
        max_workers_per_node=inf, 
        mem_per_worker=None, 
        mpi_launcher='mpiexec', 
        poll_period=10, 
        prefetch_capacity=0, 
        provider=LocalProvider(
            channel=LocalChannel(
                envs={}, 
                script_dir=None, 
                userhome='/home/viralss2/nekRS-ML_MSR/examples/parsl_MSR_smartsim'
            ), 
            cmd_timeout=30, 
            init_blocks=1, 
            launcher=SingleNodeLauncher(debug=True, fail_on_any=False), 
            max_blocks=1, 
            min_blocks=0, 
            move_files=None, 
            nodes_per_block=1, 
            parallelism=1, 
            worker_init='source /home/viralss2/ALCF_Hands_on_HPC_Workshop/workflows/parsl/launch_eg/set_run_env;\n                            cd /home/viralss2/nekRS-ML_MSR/examples/parsl_MSR_smartsim'
        ), 
        storage_access=None, 
        worker_debug=False, 
        worker_logdir_root=None, 
        worker_port_range=(54000, 55000), 
        worker_ports=None, 
        working_dir=None
    ),), 
    exit_mode='cleanup', 
    garbage_collect=True, 
    initialize_logging=True, 
    internal_tasks_max_threads=10, 
    max_idletime=120.0, 
    monitoring=None, 
    retries=1, 
    retry_handler=None, 
    run_dir='runinfo', 
    std_autopath=None, 
    strategy='simple', 
    strategy_period=5, 
    usage_tracking=0
)
1724107600.516194 2024-08-19 22:46:40 MainProcess-3009110 MainThread-23361070444736 parsl.dataflow.dflow:175 _log INFO: Parsl version: 2024.08.05
1724107600.516277 2024-08-19 22:46:40 MainProcess-3009110 MainThread-23361070444736 parsl.usage_tracking.usage:175 _log DEBUG: Tracking level: 0
1724107600.516351 2024-08-19 22:46:40 MainProcess-3009110 MainThread-23361070444736 parsl.dataflow.dflow:175 _log INFO: Run id is: 84a93f5a-8f1a-47af-a035-94054f7b101f
1724107600.623336 2024-08-19 22:46:40 MainProcess-3009110 MainThread-23361070444736 parsl.dataflow.dflow:175 _log DEBUG: Considering candidate for workflow name: /home/viralss2/SSML/lib/python3.11/site-packages/parsl/dataflow/dflow.py
1724107600.623402 2024-08-19 22:46:40 MainProcess-3009110 MainThread-23361070444736 parsl.dataflow.dflow:175 _log DEBUG: Considering candidate for workflow name: /soft/applications/conda/2024-04-29/mconda3/lib/python3.11/site-packages/typeguard/__init__.py
1724107600.623451 2024-08-19 22:46:40 MainProcess-3009110 MainThread-23361070444736 parsl.dataflow.dflow:175 _log DEBUG: Considering candidate for workflow name: /home/viralss2/SSML/lib/python3.11/site-packages/parsl/dataflow/dflow.py
1724107600.623516 2024-08-19 22:46:40 MainProcess-3009110 MainThread-23361070444736 parsl.dataflow.dflow:175 _log DEBUG: Considering candidate for workflow name: /soft/applications/conda/2024-04-29/mconda3/lib/python3.11/site-packages/typeguard/__init__.py
1724107600.623570 2024-08-19 22:46:40 MainProcess-3009110 MainThread-23361070444736 parsl.dataflow.dflow:175 _log DEBUG: Considering candidate for workflow name: /home/viralss2/nekRS-ML_MSR/examples/parsl_MSR_smartsim/ssim_driver_polaris.py
1724107600.623610 2024-08-19 22:46:40 MainProcess-3009110 MainThread-23361070444736 parsl.dataflow.dflow:175 _log DEBUG: Using ssim_driver_polaris.py as workflow name
1724107600.623729 2024-08-19 22:46:40 MainProcess-3009110 MainThread-23361070444736 parsl.dataflow.memoization:175 _log INFO: App caching initialized
1724107600.623784 2024-08-19 22:46:40 MainProcess-3009110 MainThread-23361070444736 parsl.jobs.strategy:175 _log DEBUG: Scaling strategy: simple
1724107600.628358 2024-08-19 22:46:40 MainProcess-3009110 MainThread-23361070444736 parsl.executors.high_throughput.executor:175 _log DEBUG: Starting result queue thread
1724107600.628573 2024-08-19 22:46:40 MainProcess-3009110 HTEX-Result-Queue-Thread-23352280839936 parsl.executors.high_throughput.executor:175 _log DEBUG: Result queue worker starting
1724107600.628656 2024-08-19 22:46:40 MainProcess-3009110 MainThread-23361070444736 parsl.executors.high_throughput.executor:175 _log DEBUG: Started result queue thread
1724107600.628711 2024-08-19 22:46:40 MainProcess-3009110 HTEX-Result-Queue-Thread-23352280839936 parsl.executors.high_throughput.zmq_pipes:175 _log DEBUG: Waiting for ResultsIncoming message
1724107600.629892 2024-08-19 22:46:40 MainProcess-3009110 MainThread-23361070444736 parsl.executors.high_throughput.executor:175 _log DEBUG: Popened interchange process. Writing config object
1724107600.629960 2024-08-19 22:46:40 MainProcess-3009110 MainThread-23361070444736 parsl.executors.high_throughput.executor:175 _log DEBUG: Sent config object. Requesting worker ports
1724107600.630004 2024-08-19 22:46:40 MainProcess-3009110 MainThread-23361070444736 parsl.executors.high_throughput.zmq_pipes:175 _log DEBUG: Sending command client command
1724107601.200615 2024-08-19 22:46:41 MainProcess-3009110 MainThread-23361070444736 parsl.executors.high_throughput.zmq_pipes:175 _log DEBUG: Polling for command client response or timeout
1724107601.202219 2024-08-19 22:46:41 MainProcess-3009110 MainThread-23361070444736 parsl.executors.high_throughput.zmq_pipes:175 _log DEBUG: Receiving command client response
1724107601.202285 2024-08-19 22:46:41 MainProcess-3009110 MainThread-23361070444736 parsl.executors.high_throughput.zmq_pipes:175 _log DEBUG: Received command client response
1724107601.202328 2024-08-19 22:46:41 MainProcess-3009110 MainThread-23361070444736 parsl.executors.high_throughput.executor:175 _log DEBUG: Got worker ports
1724107601.202366 2024-08-19 22:46:41 MainProcess-3009110 MainThread-23361070444736 parsl.executors.high_throughput.executor:175 _log DEBUG: Created result queue thread: <Thread(HTEX-Result-Queue-Thread, started daemon 23352280839936)>
1724107601.202577 2024-08-19 22:46:41 MainProcess-3009110 MainThread-23361070444736 parsl.executors.high_throughput.executor:175 _log DEBUG: Launch command: process_worker_pool.py   -a 10.140.57.88 -p 0 -c 1.0 -m None --poll 10 --task_port=54294 --result_port=54100 --cert_dir None --logdir=/home/viralss2/nekRS-ML_MSR/examples/parsl_MSR_smartsim/runinfo/010/HighThroughputExecutor --block_id={block_id} --hb_period=30  --hb_threshold=120 --drain_period=None --cpu-affinity block-reverse  --mpi-launcher=mpiexec --available-accelerators 0,1,2,3
1724107601.202616 2024-08-19 22:46:41 MainProcess-3009110 MainThread-23361070444736 parsl.executors.high_throughput.executor:175 _log DEBUG: Starting HighThroughputExecutor with provider:
LocalProvider(
    channel=LocalChannel(
        envs={}, 
        script_dir='/home/viralss2/nekRS-ML_MSR/examples/parsl_MSR_smartsim/runinfo/010/submit_scripts', 
        userhome='/home/viralss2/nekRS-ML_MSR/examples/parsl_MSR_smartsim'
    ), 
    cmd_timeout=30, 
    init_blocks=1, 
    launcher=SingleNodeLauncher(debug=True, fail_on_any=False), 
    max_blocks=1, 
    min_blocks=0, 
    move_files=None, 
    nodes_per_block=1, 
    parallelism=1, 
    worker_init='source /home/viralss2/ALCF_Hands_on_HPC_Workshop/workflows/parsl/launch_eg/set_run_env;\n                            cd /home/viralss2/nekRS-ML_MSR/examples/parsl_MSR_smartsim'
)
1724107601.202909 2024-08-19 22:46:41 MainProcess-3009110 MainThread-23361070444736 parsl.jobs.job_status_poller:175 _log DEBUG: Adding executor HighThroughputExecutor
1724107605.624184 2024-08-19 22:46:45 MainProcess-3009110 JobStatusPoller-Timer-Thread-23352335538448-23352295548672 parsl.executors.high_throughput.zmq_pipes:175 _log DEBUG: Sending command client command
1724107605.624352 2024-08-19 22:46:45 MainProcess-3009110 JobStatusPoller-Timer-Thread-23352335538448-23352295548672 parsl.executors.high_throughput.zmq_pipes:175 _log DEBUG: Receiving command client response
1724107605.624600 2024-08-19 22:46:45 MainProcess-3009110 JobStatusPoller-Timer-Thread-23352335538448-23352295548672 parsl.executors.high_throughput.zmq_pipes:175 _log DEBUG: Received command client response
1724107605.624681 2024-08-19 22:46:45 MainProcess-3009110 JobStatusPoller-Timer-Thread-23352335538448-23352295548672 parsl.jobs.strategy:175 _log DEBUG: general strategy starting with strategy_type simple for 1 executors
1724107605.624724 2024-08-19 22:46:45 MainProcess-3009110 JobStatusPoller-Timer-Thread-23352335538448-23352295548672 parsl.jobs.strategy:175 _log DEBUG: Strategizing for executor HighThroughputExecutor
1724107605.624763 2024-08-19 22:46:45 MainProcess-3009110 JobStatusPoller-Timer-Thread-23352335538448-23352295548672 parsl.jobs.strategy:175 _log DEBUG: Scaling out 1 initial blocks for HighThroughputExecutor
1724107605.624807 2024-08-19 22:46:45 MainProcess-3009110 JobStatusPoller-Timer-Thread-23352335538448-23352295548672 parsl.executors.status_handling:175 _log INFO: Scaling out by 1 blocks
1724107605.624849 2024-08-19 22:46:45 MainProcess-3009110 JobStatusPoller-Timer-Thread-23352335538448-23352295548672 parsl.executors.status_handling:175 _log INFO: Allocated block ID 0
1724107605.624890 2024-08-19 22:46:45 MainProcess-3009110 JobStatusPoller-Timer-Thread-23352335538448-23352295548672 parsl.executors.status_handling:175 _log DEBUG: Submitting to provider with job_name parsl.HighThroughputExecutor.block-0
1724107605.627495 2024-08-19 22:46:45 MainProcess-3009110 JobStatusPoller-Timer-Thread-23352335538448-23352295548672 parsl.providers.local.local:175 _log DEBUG: Launching
1724107605.627708 2024-08-19 22:46:45 MainProcess-3009110 JobStatusPoller-Timer-Thread-23352335538448-23352295548672 parsl.channels.local.local:175 _log DEBUG: Creating process with command '/bin/bash -c 'echo - >/home/viralss2/nekRS-ML_MSR/examples/parsl_MSR_smartsim/runinfo/010/submit_scripts/parsl.HighThroughputExecutor.block-0.1724107605.624994.sh.ec && { { bash /home/viralss2/nekRS-ML_MSR/examples/parsl_MSR_smartsim/runinfo/010/submit_scripts/parsl.HighThroughputExecutor.block-0.1724107605.624994.sh 1>/home/viralss2/nekRS-ML_MSR/examples/parsl_MSR_smartsim/runinfo/010/submit_scripts/parsl.HighThroughputExecutor.block-0.1724107605.624994.sh.out 2>/home/viralss2/nekRS-ML_MSR/examples/parsl_MSR_smartsim/runinfo/010/submit_scripts/parsl.HighThroughputExecutor.block-0.1724107605.624994.sh.err ; echo $? > /home/viralss2/nekRS-ML_MSR/examples/parsl_MSR_smartsim/runinfo/010/submit_scripts/parsl.HighThroughputExecutor.block-0.1724107605.624994.sh.ec ; } >/dev/null 2>&1 & echo "PID:$!" ; }''
1724107605.641423 2024-08-19 22:46:45 MainProcess-3009110 JobStatusPoller-Timer-Thread-23352335538448-23352295548672 parsl.channels.local.local:175 _log DEBUG: Created process with pid 3009323. Performing communicate
1724107605.649973 2024-08-19 22:46:45 MainProcess-3009110 JobStatusPoller-Timer-Thread-23352335538448-23352295548672 parsl.channels.local.local:175 _log DEBUG: Process 3009323 returned 0
1724107605.650081 2024-08-19 22:46:45 MainProcess-3009110 JobStatusPoller-Timer-Thread-23352335538448-23352295548672 parsl.channels.local.local:175 _log DEBUG: Execution of command in process 3009323 completed normally
1724107605.650218 2024-08-19 22:46:45 MainProcess-3009110 JobStatusPoller-Timer-Thread-23352335538448-23352295548672 parsl.executors.status_handling:175 _log DEBUG: Launched block 0 on executor HighThroughputExecutor with job ID 3009324
1724107605.650311 2024-08-19 22:46:45 MainProcess-3009110 JobStatusPoller-Timer-Thread-23352335538448-23352295548672 parsl.executors.high_throughput.zmq_pipes:175 _log DEBUG: Sending command client command
1724107605.650395 2024-08-19 22:46:45 MainProcess-3009110 JobStatusPoller-Timer-Thread-23352335538448-23352295548672 parsl.executors.high_throughput.zmq_pipes:175 _log DEBUG: Receiving command client response
1724107605.650527 2024-08-19 22:46:45 MainProcess-3009110 JobStatusPoller-Timer-Thread-23352335538448-23352295548672 parsl.executors.high_throughput.zmq_pipes:175 _log DEBUG: Received command client response
1724107605.650583 2024-08-19 22:46:45 MainProcess-3009110 JobStatusPoller-Timer-Thread-23352335538448-23352295548672 parsl.jobs.strategy:175 _log DEBUG: Slot ratio calculation: active_slots = 1, active_tasks = 0
1724107605.650626 2024-08-19 22:46:45 MainProcess-3009110 JobStatusPoller-Timer-Thread-23352335538448-23352295548672 parsl.executors.high_throughput.zmq_pipes:175 _log DEBUG: Sending command client command
1724107605.650671 2024-08-19 22:46:45 MainProcess-3009110 JobStatusPoller-Timer-Thread-23352335538448-23352295548672 parsl.executors.high_throughput.zmq_pipes:175 _log DEBUG: Receiving command client response
1724107605.650733 2024-08-19 22:46:45 MainProcess-3009110 JobStatusPoller-Timer-Thread-23352335538448-23352295548672 parsl.executors.high_throughput.zmq_pipes:175 _log DEBUG: Received command client response
1724107605.650775 2024-08-19 22:46:45 MainProcess-3009110 JobStatusPoller-Timer-Thread-23352335538448-23352295548672 parsl.executors.high_throughput.zmq_pipes:175 _log DEBUG: Sending command client command
1724107605.650828 2024-08-19 22:46:45 MainProcess-3009110 JobStatusPoller-Timer-Thread-23352335538448-23352295548672 parsl.executors.high_throughput.zmq_pipes:175 _log DEBUG: Receiving command client response
1724107605.650898 2024-08-19 22:46:45 MainProcess-3009110 JobStatusPoller-Timer-Thread-23352335538448-23352295548672 parsl.executors.high_throughput.zmq_pipes:175 _log DEBUG: Received command client response
1724107605.650937 2024-08-19 22:46:45 MainProcess-3009110 JobStatusPoller-Timer-Thread-23352335538448-23352295548672 parsl.jobs.strategy:175 _log DEBUG: Executor HighThroughputExecutor has 0 active tasks, 0/1 running/pending blocks, and 0 connected workers
1724107605.650971 2024-08-19 22:46:45 MainProcess-3009110 JobStatusPoller-Timer-Thread-23352335538448-23352295548672 parsl.jobs.strategy:175 _log DEBUG: Strategy case 1: Executor has no active tasks
1724107605.651006 2024-08-19 22:46:45 MainProcess-3009110 JobStatusPoller-Timer-Thread-23352335538448-23352295548672 parsl.jobs.strategy:175 _log DEBUG: Strategy case 1b: Executor has no active tasks, and more (1) than minimum blocks (0)
1724107605.651044 2024-08-19 22:46:45 MainProcess-3009110 JobStatusPoller-Timer-Thread-23352335538448-23352295548672 parsl.jobs.strategy:175 _log DEBUG: Starting idle timer for executor. If idle time exceeds 120.0s, blocks will be scaled in
1724107605.651088 2024-08-19 22:46:45 MainProcess-3009110 JobStatusPoller-Timer-Thread-23352335538448-23352295548672 parsl.jobs.strategy:175 _log DEBUG: Idle time 7.152557373046875e-07s is less than max_idletime 120.0s for executor HighThroughputExecutor; not scaling in
1724107605.651138 2024-08-19 22:46:45 MainProcess-3009110 JobStatusPoller-Timer-Thread-23352335538448-23352295548672 parsl.process_loggers:175 _log DEBUG: Normal ending for _general_strategy on thread JobStatusPoller-Timer-Thread-23352335538448
1724107610.651627 2024-08-19 22:46:50 MainProcess-3009110 JobStatusPoller-Timer-Thread-23352335538448-23352295548672 parsl.channels.local.local:175 _log DEBUG: Creating process with command 'ps -p 3009324 > /dev/null 2> /dev/null; echo "STATUS:$?" '
1724107610.660177 2024-08-19 22:46:50 MainProcess-3009110 JobStatusPoller-Timer-Thread-23352335538448-23352295548672 parsl.channels.local.local:175 _log DEBUG: Created process with pid 3009467. Performing communicate
1724107610.720823 2024-08-19 22:46:50 MainProcess-3009110 JobStatusPoller-Timer-Thread-23352335538448-23352295548672 parsl.channels.local.local:175 _log DEBUG: Process 3009467 returned 0
1724107610.720952 2024-08-19 22:46:50 MainProcess-3009110 JobStatusPoller-Timer-Thread-23352335538448-23352295548672 parsl.channels.local.local:175 _log DEBUG: Execution of command in process 3009467 completed normally
1724107610.721900 2024-08-19 22:46:50 MainProcess-3009110 JobStatusPoller-Timer-Thread-23352335538448-23352295548672 parsl.executors.high_throughput.zmq_pipes:175 _log DEBUG: Sending command client command
1724107610.722011 2024-08-19 22:46:50 MainProcess-3009110 JobStatusPoller-Timer-Thread-23352335538448-23352295548672 parsl.executors.high_throughput.zmq_pipes:175 _log DEBUG: Receiving command client response
1724107610.722306 2024-08-19 22:46:50 MainProcess-3009110 JobStatusPoller-Timer-Thread-23352335538448-23352295548672 parsl.executors.high_throughput.zmq_pipes:175 _log DEBUG: Received command client response
1724107610.722426 2024-08-19 22:46:50 MainProcess-3009110 JobStatusPoller-Timer-Thread-23352335538448-23352295548672 parsl.jobs.strategy:175 _log DEBUG: general strategy starting with strategy_type simple for 1 executors
1724107610.722472 2024-08-19 22:46:50 MainProcess-3009110 JobStatusPoller-Timer-Thread-23352335538448-23352295548672 parsl.jobs.strategy:175 _log DEBUG: Strategizing for executor HighThroughputExecutor
1724107610.722517 2024-08-19 22:46:50 MainProcess-3009110 JobStatusPoller-Timer-Thread-23352335538448-23352295548672 parsl.executors.high_throughput.zmq_pipes:175 _log DEBUG: Sending command client command
1724107610.722565 2024-08-19 22:46:50 MainProcess-3009110 JobStatusPoller-Timer-Thread-23352335538448-23352295548672 parsl.executors.high_throughput.zmq_pipes:175 _log DEBUG: Receiving command client response
1724107610.722683 2024-08-19 22:46:50 MainProcess-3009110 JobStatusPoller-Timer-Thread-23352335538448-23352295548672 parsl.executors.high_throughput.zmq_pipes:175 _log DEBUG: Received command client response
1724107610.722734 2024-08-19 22:46:50 MainProcess-3009110 JobStatusPoller-Timer-Thread-23352335538448-23352295548672 parsl.jobs.strategy:175 _log DEBUG: Slot ratio calculation: active_slots = 1, active_tasks = 0
1724107610.722780 2024-08-19 22:46:50 MainProcess-3009110 JobStatusPoller-Timer-Thread-23352335538448-23352295548672 parsl.executors.high_throughput.zmq_pipes:175 _log DEBUG: Sending command client command
1724107610.722842 2024-08-19 22:46:50 MainProcess-3009110 JobStatusPoller-Timer-Thread-23352335538448-23352295548672 parsl.executors.high_throughput.zmq_pipes:175 _log DEBUG: Receiving command client response
1724107610.722936 2024-08-19 22:46:50 MainProcess-3009110 JobStatusPoller-Timer-Thread-23352335538448-23352295548672 parsl.executors.high_throughput.zmq_pipes:175 _log DEBUG: Received command client response
1724107610.722981 2024-08-19 22:46:50 MainProcess-3009110 JobStatusPoller-Timer-Thread-23352335538448-23352295548672 parsl.executors.high_throughput.zmq_pipes:175 _log DEBUG: Sending command client command
1724107610.723028 2024-08-19 22:46:50 MainProcess-3009110 JobStatusPoller-Timer-Thread-23352335538448-23352295548672 parsl.executors.high_throughput.zmq_pipes:175 _log DEBUG: Receiving command client response
1724107610.723121 2024-08-19 22:46:50 MainProcess-3009110 JobStatusPoller-Timer-Thread-23352335538448-23352295548672 parsl.executors.high_throughput.zmq_pipes:175 _log DEBUG: Received command client response
1724107610.723163 2024-08-19 22:46:50 MainProcess-3009110 JobStatusPoller-Timer-Thread-23352335538448-23352295548672 parsl.jobs.strategy:175 _log DEBUG: Executor HighThroughputExecutor has 0 active tasks, 1/0 running/pending blocks, and 1 connected workers
1724107610.723219 2024-08-19 22:46:50 MainProcess-3009110 JobStatusPoller-Timer-Thread-23352335538448-23352295548672 parsl.jobs.strategy:175 _log DEBUG: Strategy case 1: Executor has no active tasks
1724107610.723259 2024-08-19 22:46:50 MainProcess-3009110 JobStatusPoller-Timer-Thread-23352335538448-23352295548672 parsl.jobs.strategy:175 _log DEBUG: Strategy case 1b: Executor has no active tasks, and more (1) than minimum blocks (0)
1724107610.723303 2024-08-19 22:46:50 MainProcess-3009110 JobStatusPoller-Timer-Thread-23352335538448-23352295548672 parsl.jobs.strategy:175 _log DEBUG: Idle time 5.072216272354126s is less than max_idletime 120.0s for executor HighThroughputExecutor; not scaling in
1724107610.723343 2024-08-19 22:46:50 MainProcess-3009110 JobStatusPoller-Timer-Thread-23352335538448-23352295548672 parsl.process_loggers:175 _log DEBUG: Normal ending for _general_strategy on thread JobStatusPoller-Timer-Thread-23352335538448
1724107611.471762 2024-08-19 22:46:51 MainProcess-3009110 MainThread-23361070444736 parsl.dataflow.dflow:175 _log WARNING: Python is exiting with a DFK still running. You should call parsl.dfk().cleanup() before exiting to release any resources
