1724113763.978521 2024-08-20 00:29:23 MainProcess-2138120 MainThread-23272186482880 parsl.dataflow.dflow:175 _log INFO: Starting DataFlowKernel with config
Config(
    app_cache=True, 
    checkpoint_files=None, 
    checkpoint_mode=None, 
    checkpoint_period=None, 
    dependency_resolver=None, 
    executors=(HighThroughputExecutor(
        address='10.140.56.174', 
        address_probe_timeout=None, 
        available_accelerators=['0,1,2,3'], 
        block_error_handler=<function simple_error_handler at 0x15286f792980>, 
        cores_per_worker=1.0, 
        cpu_affinity='block-reverse', 
        drain_period=None, 
        enable_mpi_mode=False, 
        encrypted=False, 
        heartbeat_period=30, 
        heartbeat_threshold=120, 
        interchange_launch_cmd=['interchange.py'], 
        interchange_port_range=(55000, 56000), 
        label='HighThroughputExecutor', 
        launch_cmd='process_worker_pool.py {debug} {max_workers_per_node} -a {addresses} -p {prefetch_capacity} -c {cores_per_worker} -m {mem_per_worker} --poll {poll_period} --task_port={task_port} --result_port={result_port} --cert_dir {cert_dir} --logdir={logdir} --block_id={{block_id}} --hb_period={heartbeat_period} {address_probe_timeout_string} --hb_threshold={heartbeat_threshold} --drain_period={drain_period} --cpu-affinity {cpu_affinity} {enable_mpi_mode} --mpi-launcher={mpi_launcher} --available-accelerators {accelerators}', 
        manager_selector=<parsl.executors.high_throughput.manager_selector.RandomManagerSelector object at 0x15286f7a2450>, 
        max_workers=inf, 
        max_workers_per_node=inf, 
        mem_per_worker=None, 
        mpi_launcher='mpiexec', 
        poll_period=10, 
        prefetch_capacity=0, 
        provider=LocalProvider(
            channel=LocalChannel(
                envs={}, 
                script_dir=None, 
                userhome='/home/viralss2/nekRS-ML_MSR/examples/parsl_MSR_smartsim'
            ), 
            cmd_timeout=30, 
            init_blocks=1, 
            launcher=SingleNodeLauncher(debug=True, fail_on_any=False), 
            max_blocks=1, 
            min_blocks=0, 
            move_files=None, 
            nodes_per_block=1, 
            parallelism=1, 
            worker_init='source /home/viralss2/ALCF_Hands_on_HPC_Workshop/workflows/parsl/launch_eg/set_run_env;\n                            cd /home/viralss2/nekRS-ML_MSR/examples/parsl_MSR_smartsim'
        ), 
        storage_access=None, 
        worker_debug=False, 
        worker_logdir_root=None, 
        worker_port_range=(54000, 55000), 
        worker_ports=None, 
        working_dir=None
    ),), 
    exit_mode='cleanup', 
    garbage_collect=True, 
    initialize_logging=True, 
    internal_tasks_max_threads=10, 
    max_idletime=120.0, 
    monitoring=None, 
    retries=1, 
    retry_handler=None, 
    run_dir='runinfo', 
    std_autopath=None, 
    strategy='simple', 
    strategy_period=5, 
    usage_tracking=0
)
1724113763.979334 2024-08-20 00:29:23 MainProcess-2138120 MainThread-23272186482880 parsl.dataflow.dflow:175 _log INFO: Parsl version: 2024.08.05
1724113763.979415 2024-08-20 00:29:23 MainProcess-2138120 MainThread-23272186482880 parsl.usage_tracking.usage:175 _log DEBUG: Tracking level: 0
1724113763.979489 2024-08-20 00:29:23 MainProcess-2138120 MainThread-23272186482880 parsl.dataflow.dflow:175 _log INFO: Run id is: fc4b56d9-bab8-4d5c-9453-c769150e8dad
1724113764.086007 2024-08-20 00:29:24 MainProcess-2138120 MainThread-23272186482880 parsl.dataflow.dflow:175 _log DEBUG: Considering candidate for workflow name: /home/viralss2/SSML/lib/python3.11/site-packages/parsl/dataflow/dflow.py
1724113764.086072 2024-08-20 00:29:24 MainProcess-2138120 MainThread-23272186482880 parsl.dataflow.dflow:175 _log DEBUG: Considering candidate for workflow name: /soft/applications/conda/2024-04-29/mconda3/lib/python3.11/site-packages/typeguard/__init__.py
1724113764.086121 2024-08-20 00:29:24 MainProcess-2138120 MainThread-23272186482880 parsl.dataflow.dflow:175 _log DEBUG: Considering candidate for workflow name: /home/viralss2/SSML/lib/python3.11/site-packages/parsl/dataflow/dflow.py
1724113764.086194 2024-08-20 00:29:24 MainProcess-2138120 MainThread-23272186482880 parsl.dataflow.dflow:175 _log DEBUG: Considering candidate for workflow name: /soft/applications/conda/2024-04-29/mconda3/lib/python3.11/site-packages/typeguard/__init__.py
1724113764.086251 2024-08-20 00:29:24 MainProcess-2138120 MainThread-23272186482880 parsl.dataflow.dflow:175 _log DEBUG: Considering candidate for workflow name: /home/viralss2/nekRS-ML_MSR/examples/parsl_MSR_smartsim/ssim_driver_polaris.py
1724113764.086292 2024-08-20 00:29:24 MainProcess-2138120 MainThread-23272186482880 parsl.dataflow.dflow:175 _log DEBUG: Using ssim_driver_polaris.py as workflow name
1724113764.086411 2024-08-20 00:29:24 MainProcess-2138120 MainThread-23272186482880 parsl.dataflow.memoization:175 _log INFO: App caching initialized
1724113764.086465 2024-08-20 00:29:24 MainProcess-2138120 MainThread-23272186482880 parsl.jobs.strategy:175 _log DEBUG: Scaling strategy: simple
1724113764.090667 2024-08-20 00:29:24 MainProcess-2138120 MainThread-23272186482880 parsl.executors.high_throughput.executor:175 _log DEBUG: Starting result queue thread
1724113764.090909 2024-08-20 00:29:24 MainProcess-2138120 HTEX-Result-Queue-Thread-23263396857600 parsl.executors.high_throughput.executor:175 _log DEBUG: Result queue worker starting
1724113764.090985 2024-08-20 00:29:24 MainProcess-2138120 MainThread-23272186482880 parsl.executors.high_throughput.executor:175 _log DEBUG: Started result queue thread
1724113764.091025 2024-08-20 00:29:24 MainProcess-2138120 HTEX-Result-Queue-Thread-23263396857600 parsl.executors.high_throughput.zmq_pipes:175 _log DEBUG: Waiting for ResultsIncoming message
1724113764.091873 2024-08-20 00:29:24 MainProcess-2138120 MainThread-23272186482880 parsl.executors.high_throughput.executor:175 _log DEBUG: Popened interchange process. Writing config object
1724113764.091942 2024-08-20 00:29:24 MainProcess-2138120 MainThread-23272186482880 parsl.executors.high_throughput.executor:175 _log DEBUG: Sent config object. Requesting worker ports
1724113764.091985 2024-08-20 00:29:24 MainProcess-2138120 MainThread-23272186482880 parsl.executors.high_throughput.zmq_pipes:175 _log DEBUG: Sending command client command
1724113764.620065 2024-08-20 00:29:24 MainProcess-2138120 MainThread-23272186482880 parsl.executors.high_throughput.zmq_pipes:175 _log DEBUG: Polling for command client response or timeout
1724113764.621623 2024-08-20 00:29:24 MainProcess-2138120 MainThread-23272186482880 parsl.executors.high_throughput.zmq_pipes:175 _log DEBUG: Receiving command client response
1724113764.621697 2024-08-20 00:29:24 MainProcess-2138120 MainThread-23272186482880 parsl.executors.high_throughput.zmq_pipes:175 _log DEBUG: Received command client response
1724113764.621741 2024-08-20 00:29:24 MainProcess-2138120 MainThread-23272186482880 parsl.executors.high_throughput.executor:175 _log DEBUG: Got worker ports
1724113764.621776 2024-08-20 00:29:24 MainProcess-2138120 MainThread-23272186482880 parsl.executors.high_throughput.executor:175 _log DEBUG: Created result queue thread: <Thread(HTEX-Result-Queue-Thread, started daemon 23263396857600)>
1724113764.621981 2024-08-20 00:29:24 MainProcess-2138120 MainThread-23272186482880 parsl.executors.high_throughput.executor:175 _log DEBUG: Launch command: process_worker_pool.py   -a 10.140.56.174 -p 0 -c 1.0 -m None --poll 10 --task_port=54693 --result_port=54803 --cert_dir None --logdir=/home/viralss2/nekRS-ML_MSR/examples/parsl_MSR_smartsim/runinfo/028/HighThroughputExecutor --block_id={block_id} --hb_period=30  --hb_threshold=120 --drain_period=None --cpu-affinity block-reverse  --mpi-launcher=mpiexec --available-accelerators 0,1,2,3
1724113764.622020 2024-08-20 00:29:24 MainProcess-2138120 MainThread-23272186482880 parsl.executors.high_throughput.executor:175 _log DEBUG: Starting HighThroughputExecutor with provider:
LocalProvider(
    channel=LocalChannel(
        envs={}, 
        script_dir='/home/viralss2/nekRS-ML_MSR/examples/parsl_MSR_smartsim/runinfo/028/submit_scripts', 
        userhome='/home/viralss2/nekRS-ML_MSR/examples/parsl_MSR_smartsim'
    ), 
    cmd_timeout=30, 
    init_blocks=1, 
    launcher=SingleNodeLauncher(debug=True, fail_on_any=False), 
    max_blocks=1, 
    min_blocks=0, 
    move_files=None, 
    nodes_per_block=1, 
    parallelism=1, 
    worker_init='source /home/viralss2/ALCF_Hands_on_HPC_Workshop/workflows/parsl/launch_eg/set_run_env;\n                            cd /home/viralss2/nekRS-ML_MSR/examples/parsl_MSR_smartsim'
)
1724113764.622309 2024-08-20 00:29:24 MainProcess-2138120 MainThread-23272186482880 parsl.jobs.job_status_poller:175 _log DEBUG: Adding executor HighThroughputExecutor
1724113769.086810 2024-08-20 00:29:29 MainProcess-2138120 JobStatusPoller-Timer-Thread-23263411939152-23263411566336 parsl.executors.high_throughput.zmq_pipes:175 _log DEBUG: Sending command client command
1724113769.087072 2024-08-20 00:29:29 MainProcess-2138120 JobStatusPoller-Timer-Thread-23263411939152-23263411566336 parsl.executors.high_throughput.zmq_pipes:175 _log DEBUG: Receiving command client response
1724113769.087349 2024-08-20 00:29:29 MainProcess-2138120 JobStatusPoller-Timer-Thread-23263411939152-23263411566336 parsl.executors.high_throughput.zmq_pipes:175 _log DEBUG: Received command client response
1724113769.087452 2024-08-20 00:29:29 MainProcess-2138120 JobStatusPoller-Timer-Thread-23263411939152-23263411566336 parsl.jobs.strategy:175 _log DEBUG: general strategy starting with strategy_type simple for 1 executors
1724113769.087493 2024-08-20 00:29:29 MainProcess-2138120 JobStatusPoller-Timer-Thread-23263411939152-23263411566336 parsl.jobs.strategy:175 _log DEBUG: Strategizing for executor HighThroughputExecutor
1724113769.087531 2024-08-20 00:29:29 MainProcess-2138120 JobStatusPoller-Timer-Thread-23263411939152-23263411566336 parsl.jobs.strategy:175 _log DEBUG: Scaling out 1 initial blocks for HighThroughputExecutor
1724113769.087578 2024-08-20 00:29:29 MainProcess-2138120 JobStatusPoller-Timer-Thread-23263411939152-23263411566336 parsl.executors.status_handling:175 _log INFO: Scaling out by 1 blocks
1724113769.087620 2024-08-20 00:29:29 MainProcess-2138120 JobStatusPoller-Timer-Thread-23263411939152-23263411566336 parsl.executors.status_handling:175 _log INFO: Allocated block ID 0
1724113769.087665 2024-08-20 00:29:29 MainProcess-2138120 JobStatusPoller-Timer-Thread-23263411939152-23263411566336 parsl.executors.status_handling:175 _log DEBUG: Submitting to provider with job_name parsl.HighThroughputExecutor.block-0
1724113769.094888 2024-08-20 00:29:29 MainProcess-2138120 JobStatusPoller-Timer-Thread-23263411939152-23263411566336 parsl.providers.local.local:175 _log DEBUG: Launching
1724113769.095101 2024-08-20 00:29:29 MainProcess-2138120 JobStatusPoller-Timer-Thread-23263411939152-23263411566336 parsl.channels.local.local:175 _log DEBUG: Creating process with command '/bin/bash -c 'echo - >/home/viralss2/nekRS-ML_MSR/examples/parsl_MSR_smartsim/runinfo/028/submit_scripts/parsl.HighThroughputExecutor.block-0.1724113769.0877936.sh.ec && { { bash /home/viralss2/nekRS-ML_MSR/examples/parsl_MSR_smartsim/runinfo/028/submit_scripts/parsl.HighThroughputExecutor.block-0.1724113769.0877936.sh 1>/home/viralss2/nekRS-ML_MSR/examples/parsl_MSR_smartsim/runinfo/028/submit_scripts/parsl.HighThroughputExecutor.block-0.1724113769.0877936.sh.out 2>/home/viralss2/nekRS-ML_MSR/examples/parsl_MSR_smartsim/runinfo/028/submit_scripts/parsl.HighThroughputExecutor.block-0.1724113769.0877936.sh.err ; echo $? > /home/viralss2/nekRS-ML_MSR/examples/parsl_MSR_smartsim/runinfo/028/submit_scripts/parsl.HighThroughputExecutor.block-0.1724113769.0877936.sh.ec ; } >/dev/null 2>&1 & echo "PID:$!" ; }''
1724113769.108690 2024-08-20 00:29:29 MainProcess-2138120 JobStatusPoller-Timer-Thread-23263411939152-23263411566336 parsl.channels.local.local:175 _log DEBUG: Created process with pid 2138333. Performing communicate
1724113769.118237 2024-08-20 00:29:29 MainProcess-2138120 JobStatusPoller-Timer-Thread-23263411939152-23263411566336 parsl.channels.local.local:175 _log DEBUG: Process 2138333 returned 0
1724113769.118358 2024-08-20 00:29:29 MainProcess-2138120 JobStatusPoller-Timer-Thread-23263411939152-23263411566336 parsl.channels.local.local:175 _log DEBUG: Execution of command in process 2138333 completed normally
1724113769.118518 2024-08-20 00:29:29 MainProcess-2138120 JobStatusPoller-Timer-Thread-23263411939152-23263411566336 parsl.executors.status_handling:175 _log DEBUG: Launched block 0 on executor HighThroughputExecutor with job ID 2138334
1724113769.118614 2024-08-20 00:29:29 MainProcess-2138120 JobStatusPoller-Timer-Thread-23263411939152-23263411566336 parsl.executors.high_throughput.zmq_pipes:175 _log DEBUG: Sending command client command
1724113769.118703 2024-08-20 00:29:29 MainProcess-2138120 JobStatusPoller-Timer-Thread-23263411939152-23263411566336 parsl.executors.high_throughput.zmq_pipes:175 _log DEBUG: Receiving command client response
1724113769.118850 2024-08-20 00:29:29 MainProcess-2138120 JobStatusPoller-Timer-Thread-23263411939152-23263411566336 parsl.executors.high_throughput.zmq_pipes:175 _log DEBUG: Received command client response
1724113769.118910 2024-08-20 00:29:29 MainProcess-2138120 JobStatusPoller-Timer-Thread-23263411939152-23263411566336 parsl.jobs.strategy:175 _log DEBUG: Slot ratio calculation: active_slots = 1, active_tasks = 0
1724113769.118950 2024-08-20 00:29:29 MainProcess-2138120 JobStatusPoller-Timer-Thread-23263411939152-23263411566336 parsl.executors.high_throughput.zmq_pipes:175 _log DEBUG: Sending command client command
1724113769.118993 2024-08-20 00:29:29 MainProcess-2138120 JobStatusPoller-Timer-Thread-23263411939152-23263411566336 parsl.executors.high_throughput.zmq_pipes:175 _log DEBUG: Receiving command client response
1724113769.119069 2024-08-20 00:29:29 MainProcess-2138120 JobStatusPoller-Timer-Thread-23263411939152-23263411566336 parsl.executors.high_throughput.zmq_pipes:175 _log DEBUG: Received command client response
1724113769.119111 2024-08-20 00:29:29 MainProcess-2138120 JobStatusPoller-Timer-Thread-23263411939152-23263411566336 parsl.executors.high_throughput.zmq_pipes:175 _log DEBUG: Sending command client command
1724113769.119152 2024-08-20 00:29:29 MainProcess-2138120 JobStatusPoller-Timer-Thread-23263411939152-23263411566336 parsl.executors.high_throughput.zmq_pipes:175 _log DEBUG: Receiving command client response
1724113769.119218 2024-08-20 00:29:29 MainProcess-2138120 JobStatusPoller-Timer-Thread-23263411939152-23263411566336 parsl.executors.high_throughput.zmq_pipes:175 _log DEBUG: Received command client response
1724113769.119256 2024-08-20 00:29:29 MainProcess-2138120 JobStatusPoller-Timer-Thread-23263411939152-23263411566336 parsl.jobs.strategy:175 _log DEBUG: Executor HighThroughputExecutor has 0 active tasks, 0/1 running/pending blocks, and 0 connected workers
1724113769.119290 2024-08-20 00:29:29 MainProcess-2138120 JobStatusPoller-Timer-Thread-23263411939152-23263411566336 parsl.jobs.strategy:175 _log DEBUG: Strategy case 1: Executor has no active tasks
1724113769.119323 2024-08-20 00:29:29 MainProcess-2138120 JobStatusPoller-Timer-Thread-23263411939152-23263411566336 parsl.jobs.strategy:175 _log DEBUG: Strategy case 1b: Executor has no active tasks, and more (1) than minimum blocks (0)
1724113769.119359 2024-08-20 00:29:29 MainProcess-2138120 JobStatusPoller-Timer-Thread-23263411939152-23263411566336 parsl.jobs.strategy:175 _log DEBUG: Starting idle timer for executor. If idle time exceeds 120.0s, blocks will be scaled in
1724113769.119407 2024-08-20 00:29:29 MainProcess-2138120 JobStatusPoller-Timer-Thread-23263411939152-23263411566336 parsl.jobs.strategy:175 _log DEBUG: Idle time 4.76837158203125e-07s is less than max_idletime 120.0s for executor HighThroughputExecutor; not scaling in
1724113769.119456 2024-08-20 00:29:29 MainProcess-2138120 JobStatusPoller-Timer-Thread-23263411939152-23263411566336 parsl.process_loggers:175 _log DEBUG: Normal ending for _general_strategy on thread JobStatusPoller-Timer-Thread-23263411939152
1724113774.119826 2024-08-20 00:29:34 MainProcess-2138120 JobStatusPoller-Timer-Thread-23263411939152-23263411566336 parsl.channels.local.local:175 _log DEBUG: Creating process with command 'ps -p 2138334 > /dev/null 2> /dev/null; echo "STATUS:$?" '
1724113774.128154 2024-08-20 00:29:34 MainProcess-2138120 JobStatusPoller-Timer-Thread-23263411939152-23263411566336 parsl.channels.local.local:175 _log DEBUG: Created process with pid 2138476. Performing communicate
1724113774.187090 2024-08-20 00:29:34 MainProcess-2138120 JobStatusPoller-Timer-Thread-23263411939152-23263411566336 parsl.channels.local.local:175 _log DEBUG: Process 2138476 returned 0
1724113774.187204 2024-08-20 00:29:34 MainProcess-2138120 JobStatusPoller-Timer-Thread-23263411939152-23263411566336 parsl.channels.local.local:175 _log DEBUG: Execution of command in process 2138476 completed normally
1724113774.188397 2024-08-20 00:29:34 MainProcess-2138120 JobStatusPoller-Timer-Thread-23263411939152-23263411566336 parsl.executors.high_throughput.zmq_pipes:175 _log DEBUG: Sending command client command
1724113774.188509 2024-08-20 00:29:34 MainProcess-2138120 JobStatusPoller-Timer-Thread-23263411939152-23263411566336 parsl.executors.high_throughput.zmq_pipes:175 _log DEBUG: Receiving command client response
1724113774.188756 2024-08-20 00:29:34 MainProcess-2138120 JobStatusPoller-Timer-Thread-23263411939152-23263411566336 parsl.executors.high_throughput.zmq_pipes:175 _log DEBUG: Received command client response
1724113774.188877 2024-08-20 00:29:34 MainProcess-2138120 JobStatusPoller-Timer-Thread-23263411939152-23263411566336 parsl.jobs.strategy:175 _log DEBUG: general strategy starting with strategy_type simple for 1 executors
1724113774.188920 2024-08-20 00:29:34 MainProcess-2138120 JobStatusPoller-Timer-Thread-23263411939152-23263411566336 parsl.jobs.strategy:175 _log DEBUG: Strategizing for executor HighThroughputExecutor
1724113774.188964 2024-08-20 00:29:34 MainProcess-2138120 JobStatusPoller-Timer-Thread-23263411939152-23263411566336 parsl.executors.high_throughput.zmq_pipes:175 _log DEBUG: Sending command client command
1724113774.189012 2024-08-20 00:29:34 MainProcess-2138120 JobStatusPoller-Timer-Thread-23263411939152-23263411566336 parsl.executors.high_throughput.zmq_pipes:175 _log DEBUG: Receiving command client response
1724113774.189154 2024-08-20 00:29:34 MainProcess-2138120 JobStatusPoller-Timer-Thread-23263411939152-23263411566336 parsl.executors.high_throughput.zmq_pipes:175 _log DEBUG: Received command client response
1724113774.189209 2024-08-20 00:29:34 MainProcess-2138120 JobStatusPoller-Timer-Thread-23263411939152-23263411566336 parsl.jobs.strategy:175 _log DEBUG: Slot ratio calculation: active_slots = 1, active_tasks = 0
1724113774.189251 2024-08-20 00:29:34 MainProcess-2138120 JobStatusPoller-Timer-Thread-23263411939152-23263411566336 parsl.executors.high_throughput.zmq_pipes:175 _log DEBUG: Sending command client command
1724113774.189301 2024-08-20 00:29:34 MainProcess-2138120 JobStatusPoller-Timer-Thread-23263411939152-23263411566336 parsl.executors.high_throughput.zmq_pipes:175 _log DEBUG: Receiving command client response
1724113774.189430 2024-08-20 00:29:34 MainProcess-2138120 JobStatusPoller-Timer-Thread-23263411939152-23263411566336 parsl.executors.high_throughput.zmq_pipes:175 _log DEBUG: Received command client response
1724113774.189479 2024-08-20 00:29:34 MainProcess-2138120 JobStatusPoller-Timer-Thread-23263411939152-23263411566336 parsl.executors.high_throughput.zmq_pipes:175 _log DEBUG: Sending command client command
1724113774.189524 2024-08-20 00:29:34 MainProcess-2138120 JobStatusPoller-Timer-Thread-23263411939152-23263411566336 parsl.executors.high_throughput.zmq_pipes:175 _log DEBUG: Receiving command client response
1724113774.189644 2024-08-20 00:29:34 MainProcess-2138120 JobStatusPoller-Timer-Thread-23263411939152-23263411566336 parsl.executors.high_throughput.zmq_pipes:175 _log DEBUG: Received command client response
1724113774.189690 2024-08-20 00:29:34 MainProcess-2138120 JobStatusPoller-Timer-Thread-23263411939152-23263411566336 parsl.jobs.strategy:175 _log DEBUG: Executor HighThroughputExecutor has 0 active tasks, 1/0 running/pending blocks, and 1 connected workers
1724113774.189738 2024-08-20 00:29:34 MainProcess-2138120 JobStatusPoller-Timer-Thread-23263411939152-23263411566336 parsl.jobs.strategy:175 _log DEBUG: Strategy case 1: Executor has no active tasks
1724113774.189775 2024-08-20 00:29:34 MainProcess-2138120 JobStatusPoller-Timer-Thread-23263411939152-23263411566336 parsl.jobs.strategy:175 _log DEBUG: Strategy case 1b: Executor has no active tasks, and more (1) than minimum blocks (0)
1724113774.189816 2024-08-20 00:29:34 MainProcess-2138120 JobStatusPoller-Timer-Thread-23263411939152-23263411566336 parsl.jobs.strategy:175 _log DEBUG: Idle time 5.070411920547485s is less than max_idletime 120.0s for executor HighThroughputExecutor; not scaling in
1724113774.189853 2024-08-20 00:29:34 MainProcess-2138120 JobStatusPoller-Timer-Thread-23263411939152-23263411566336 parsl.process_loggers:175 _log DEBUG: Normal ending for _general_strategy on thread JobStatusPoller-Timer-Thread-23263411939152
1724113774.860306 2024-08-20 00:29:34 MainProcess-2138120 MainThread-23272186482880 parsl.dataflow.dflow:175 _log DEBUG: Task 0 will be sent to executor HighThroughputExecutor
1724113774.860468 2024-08-20 00:29:34 MainProcess-2138120 MainThread-23272186482880 parsl.dataflow.dflow:175 _log DEBUG: Adding output dependencies
1724113774.860517 2024-08-20 00:29:34 MainProcess-2138120 MainThread-23272186482880 parsl.dataflow.dflow:175 _log DEBUG: Added output dependencies
1724113774.860558 2024-08-20 00:29:34 MainProcess-2138120 MainThread-23272186482880 parsl.dataflow.dflow:175 _log DEBUG: Gathering dependencies
1724113774.860656 2024-08-20 00:29:34 MainProcess-2138120 MainThread-23272186482880 parsl.dataflow.dflow:175 _log DEBUG: Gathered dependencies
1724113774.860701 2024-08-20 00:29:34 MainProcess-2138120 MainThread-23272186482880 parsl.dataflow.dflow:175 _log INFO: Task 0 submitted for App hello_affinity, not waiting on any dependency
1724113774.860765 2024-08-20 00:29:34 MainProcess-2138120 MainThread-23272186482880 parsl.dataflow.dflow:175 _log DEBUG: Task 0 set to pending state with AppFuture: <AppFuture at 0x15286f6d7950 state=pending>
1724113774.861108 2024-08-20 00:29:34 MainProcess-2138120 Dependency-Launch_0-23264501139200 parsl.dataflow.memoization:175 _log DEBUG: Task 0 will not be memoized
1724113774.861286 2024-08-20 00:29:34 MainProcess-2138120 Dependency-Launch_0-23264501139200 parsl.executors.high_throughput.executor:175 _log DEBUG: Pushing function <function hello_affinity at 0x15286f699ee0> to queue with args ("Namespace(sim_nodes=1, db_nodes=1, simprocs_pn=4, simprocs=4, sim_cpu_bind='numa', sim_arguments='--...",)
1724113774.862756 2024-08-20 00:29:34 MainProcess-2138120 Dependency-Launch_0-23264501139200 parsl.executors.high_throughput.zmq_pipes:175 _log DEBUG: Sending TasksOutgoing message
1724113774.862832 2024-08-20 00:29:34 MainProcess-2138120 Dependency-Launch_0-23264501139200 parsl.executors.high_throughput.zmq_pipes:175 _log DEBUG: Sent TasksOutgoing message
1724113774.862887 2024-08-20 00:29:34 MainProcess-2138120 Dependency-Launch_0-23264501139200 parsl.dataflow.dflow:175 _log INFO: Parsl task 0 try 0 launched on executor HighThroughputExecutor with executor id 1
1724113774.862935 2024-08-20 00:29:34 MainProcess-2138120 Dependency-Launch_0-23264501139200 parsl.dataflow.dflow:175 _log INFO: Standard out for task 0 will not be redirected.
1724113774.862972 2024-08-20 00:29:34 MainProcess-2138120 Dependency-Launch_0-23264501139200 parsl.dataflow.dflow:175 _log INFO: Standard error for task 0 will not be redirected.
1724113774.863015 2024-08-20 00:29:34 MainProcess-2138120 Dependency-Launch_0-23264501139200 parsl.process_loggers:175 _log DEBUG: Normal ending for _launch_if_ready_async on thread Dependency-Launch_0
1724113775.474560 2024-08-20 00:29:35 MainProcess-2138120 HTEX-Result-Queue-Thread-23263396857600 parsl.executors.high_throughput.zmq_pipes:175 _log DEBUG: Received ResultsIncoming message
1724113775.474786 2024-08-20 00:29:35 MainProcess-2138120 HTEX-Result-Queue-Thread-23263396857600 parsl.dataflow.dflow:175 _log INFO: Task 0 completed (launched -> exec_done)
1724113775.474946 2024-08-20 00:29:35 MainProcess-2138120 HTEX-Result-Queue-Thread-23263396857600 parsl.dataflow.dflow:175 _log INFO: Standard out for task 0 will not be redirected.
1724113775.475063 2024-08-20 00:29:35 MainProcess-2138120 HTEX-Result-Queue-Thread-23263396857600 parsl.dataflow.dflow:175 _log INFO: Standard error for task 0 will not be redirected.
1724113775.475973 2024-08-20 00:29:35 MainProcess-2138120 HTEX-Result-Queue-Thread-23263396857600 parsl.executors.high_throughput.zmq_pipes:175 _log DEBUG: Waiting for ResultsIncoming message
1724113775.514088 2024-08-20 00:29:35 MainProcess-2138120 MainThread-23272186482880 parsl.dataflow.dflow:175 _log WARNING: Python is exiting with a DFK still running. You should call parsl.dfk().cleanup() before exiting to release any resources
