1724113632.984811 2024-08-20 00:27:12 MainProcess-2136525 MainThread-23322848362688 parsl.dataflow.dflow:175 _log INFO: Starting DataFlowKernel with config
Config(
    app_cache=True, 
    checkpoint_files=None, 
    checkpoint_mode=None, 
    checkpoint_period=None, 
    dependency_resolver=None, 
    executors=(HighThroughputExecutor(
        address='10.140.56.174', 
        address_probe_timeout=None, 
        available_accelerators=['0,1,2,3'], 
        block_error_handler=<function simple_error_handler at 0x15343b2a6980>, 
        cores_per_worker=1.0, 
        cpu_affinity='block-reverse', 
        drain_period=None, 
        enable_mpi_mode=False, 
        encrypted=False, 
        heartbeat_period=30, 
        heartbeat_threshold=120, 
        interchange_launch_cmd=['interchange.py'], 
        interchange_port_range=(55000, 56000), 
        label='HighThroughputExecutor', 
        launch_cmd='process_worker_pool.py {debug} {max_workers_per_node} -a {addresses} -p {prefetch_capacity} -c {cores_per_worker} -m {mem_per_worker} --poll {poll_period} --task_port={task_port} --result_port={result_port} --cert_dir {cert_dir} --logdir={logdir} --block_id={{block_id}} --hb_period={heartbeat_period} {address_probe_timeout_string} --hb_threshold={heartbeat_threshold} --drain_period={drain_period} --cpu-affinity {cpu_affinity} {enable_mpi_mode} --mpi-launcher={mpi_launcher} --available-accelerators {accelerators}', 
        manager_selector=<parsl.executors.high_throughput.manager_selector.RandomManagerSelector object at 0x15343b2b9c50>, 
        max_workers=inf, 
        max_workers_per_node=inf, 
        mem_per_worker=None, 
        mpi_launcher='mpiexec', 
        poll_period=10, 
        prefetch_capacity=0, 
        provider=LocalProvider(
            channel=LocalChannel(
                envs={}, 
                script_dir=None, 
                userhome='/home/viralss2/nekRS-ML_MSR/examples/parsl_MSR_smartsim'
            ), 
            cmd_timeout=30, 
            init_blocks=1, 
            launcher=SingleNodeLauncher(debug=True, fail_on_any=False), 
            max_blocks=1, 
            min_blocks=0, 
            move_files=None, 
            nodes_per_block=1, 
            parallelism=1, 
            worker_init='source /home/viralss2/ALCF_Hands_on_HPC_Workshop/workflows/parsl/launch_eg/set_run_env;\n                            cd /home/viralss2/nekRS-ML_MSR/examples/parsl_MSR_smartsim'
        ), 
        storage_access=None, 
        worker_debug=False, 
        worker_logdir_root=None, 
        worker_port_range=(54000, 55000), 
        worker_ports=None, 
        working_dir=None
    ),), 
    exit_mode='cleanup', 
    garbage_collect=True, 
    initialize_logging=True, 
    internal_tasks_max_threads=10, 
    max_idletime=120.0, 
    monitoring=None, 
    retries=1, 
    retry_handler=None, 
    run_dir='runinfo', 
    std_autopath=None, 
    strategy='simple', 
    strategy_period=5, 
    usage_tracking=0
)
1724113632.985797 2024-08-20 00:27:12 MainProcess-2136525 MainThread-23322848362688 parsl.dataflow.dflow:175 _log INFO: Parsl version: 2024.08.05
1724113632.985892 2024-08-20 00:27:12 MainProcess-2136525 MainThread-23322848362688 parsl.usage_tracking.usage:175 _log DEBUG: Tracking level: 0
1724113632.985969 2024-08-20 00:27:12 MainProcess-2136525 MainThread-23322848362688 parsl.dataflow.dflow:175 _log INFO: Run id is: fde5b7fa-8316-4086-8542-cedc304ca9ee
1724113633.092198 2024-08-20 00:27:13 MainProcess-2136525 MainThread-23322848362688 parsl.dataflow.dflow:175 _log DEBUG: Considering candidate for workflow name: /home/viralss2/SSML/lib/python3.11/site-packages/parsl/dataflow/dflow.py
1724113633.092260 2024-08-20 00:27:13 MainProcess-2136525 MainThread-23322848362688 parsl.dataflow.dflow:175 _log DEBUG: Considering candidate for workflow name: /soft/applications/conda/2024-04-29/mconda3/lib/python3.11/site-packages/typeguard/__init__.py
1724113633.092307 2024-08-20 00:27:13 MainProcess-2136525 MainThread-23322848362688 parsl.dataflow.dflow:175 _log DEBUG: Considering candidate for workflow name: /home/viralss2/SSML/lib/python3.11/site-packages/parsl/dataflow/dflow.py
1724113633.092371 2024-08-20 00:27:13 MainProcess-2136525 MainThread-23322848362688 parsl.dataflow.dflow:175 _log DEBUG: Considering candidate for workflow name: /soft/applications/conda/2024-04-29/mconda3/lib/python3.11/site-packages/typeguard/__init__.py
1724113633.092424 2024-08-20 00:27:13 MainProcess-2136525 MainThread-23322848362688 parsl.dataflow.dflow:175 _log DEBUG: Considering candidate for workflow name: /home/viralss2/nekRS-ML_MSR/examples/parsl_MSR_smartsim/ssim_driver_polaris.py
1724113633.092462 2024-08-20 00:27:13 MainProcess-2136525 MainThread-23322848362688 parsl.dataflow.dflow:175 _log DEBUG: Using ssim_driver_polaris.py as workflow name
1724113633.092577 2024-08-20 00:27:13 MainProcess-2136525 MainThread-23322848362688 parsl.dataflow.memoization:175 _log INFO: App caching initialized
1724113633.092628 2024-08-20 00:27:13 MainProcess-2136525 MainThread-23322848362688 parsl.jobs.strategy:175 _log DEBUG: Scaling strategy: simple
1724113633.097244 2024-08-20 00:27:13 MainProcess-2136525 MainThread-23322848362688 parsl.executors.high_throughput.executor:175 _log DEBUG: Starting result queue thread
1724113633.097434 2024-08-20 00:27:13 MainProcess-2136525 HTEX-Result-Queue-Thread-23314058766080 parsl.executors.high_throughput.executor:175 _log DEBUG: Result queue worker starting
1724113633.097507 2024-08-20 00:27:13 MainProcess-2136525 MainThread-23322848362688 parsl.executors.high_throughput.executor:175 _log DEBUG: Started result queue thread
1724113633.097547 2024-08-20 00:27:13 MainProcess-2136525 HTEX-Result-Queue-Thread-23314058766080 parsl.executors.high_throughput.zmq_pipes:175 _log DEBUG: Waiting for ResultsIncoming message
1724113633.098418 2024-08-20 00:27:13 MainProcess-2136525 MainThread-23322848362688 parsl.executors.high_throughput.executor:175 _log DEBUG: Popened interchange process. Writing config object
1724113633.098480 2024-08-20 00:27:13 MainProcess-2136525 MainThread-23322848362688 parsl.executors.high_throughput.executor:175 _log DEBUG: Sent config object. Requesting worker ports
1724113633.098521 2024-08-20 00:27:13 MainProcess-2136525 MainThread-23322848362688 parsl.executors.high_throughput.zmq_pipes:175 _log DEBUG: Sending command client command
1724113633.634787 2024-08-20 00:27:13 MainProcess-2136525 MainThread-23322848362688 parsl.executors.high_throughput.zmq_pipes:175 _log DEBUG: Polling for command client response or timeout
1724113633.636313 2024-08-20 00:27:13 MainProcess-2136525 MainThread-23322848362688 parsl.executors.high_throughput.zmq_pipes:175 _log DEBUG: Receiving command client response
1724113633.636390 2024-08-20 00:27:13 MainProcess-2136525 MainThread-23322848362688 parsl.executors.high_throughput.zmq_pipes:175 _log DEBUG: Received command client response
1724113633.636433 2024-08-20 00:27:13 MainProcess-2136525 MainThread-23322848362688 parsl.executors.high_throughput.executor:175 _log DEBUG: Got worker ports
1724113633.636469 2024-08-20 00:27:13 MainProcess-2136525 MainThread-23322848362688 parsl.executors.high_throughput.executor:175 _log DEBUG: Created result queue thread: <Thread(HTEX-Result-Queue-Thread, started daemon 23314058766080)>
1724113633.636671 2024-08-20 00:27:13 MainProcess-2136525 MainThread-23322848362688 parsl.executors.high_throughput.executor:175 _log DEBUG: Launch command: process_worker_pool.py   -a 10.140.56.174 -p 0 -c 1.0 -m None --poll 10 --task_port=54539 --result_port=54465 --cert_dir None --logdir=/home/viralss2/nekRS-ML_MSR/examples/parsl_MSR_smartsim/runinfo/025/HighThroughputExecutor --block_id={block_id} --hb_period=30  --hb_threshold=120 --drain_period=None --cpu-affinity block-reverse  --mpi-launcher=mpiexec --available-accelerators 0,1,2,3
1724113633.636710 2024-08-20 00:27:13 MainProcess-2136525 MainThread-23322848362688 parsl.executors.high_throughput.executor:175 _log DEBUG: Starting HighThroughputExecutor with provider:
LocalProvider(
    channel=LocalChannel(
        envs={}, 
        script_dir='/home/viralss2/nekRS-ML_MSR/examples/parsl_MSR_smartsim/runinfo/025/submit_scripts', 
        userhome='/home/viralss2/nekRS-ML_MSR/examples/parsl_MSR_smartsim'
    ), 
    cmd_timeout=30, 
    init_blocks=1, 
    launcher=SingleNodeLauncher(debug=True, fail_on_any=False), 
    max_blocks=1, 
    min_blocks=0, 
    move_files=None, 
    nodes_per_block=1, 
    parallelism=1, 
    worker_init='source /home/viralss2/ALCF_Hands_on_HPC_Workshop/workflows/parsl/launch_eg/set_run_env;\n                            cd /home/viralss2/nekRS-ML_MSR/examples/parsl_MSR_smartsim'
)
1724113633.636985 2024-08-20 00:27:13 MainProcess-2136525 MainThread-23322848362688 parsl.jobs.job_status_poller:175 _log DEBUG: Adding executor HighThroughputExecutor
1724113638.092995 2024-08-20 00:27:18 MainProcess-2136525 JobStatusPoller-Timer-Thread-23314115588432-23314073474816 parsl.executors.high_throughput.zmq_pipes:175 _log DEBUG: Sending command client command
1724113638.093145 2024-08-20 00:27:18 MainProcess-2136525 JobStatusPoller-Timer-Thread-23314115588432-23314073474816 parsl.executors.high_throughput.zmq_pipes:175 _log DEBUG: Receiving command client response
1724113638.093541 2024-08-20 00:27:18 MainProcess-2136525 JobStatusPoller-Timer-Thread-23314115588432-23314073474816 parsl.executors.high_throughput.zmq_pipes:175 _log DEBUG: Received command client response
1724113638.093621 2024-08-20 00:27:18 MainProcess-2136525 JobStatusPoller-Timer-Thread-23314115588432-23314073474816 parsl.jobs.strategy:175 _log DEBUG: general strategy starting with strategy_type simple for 1 executors
1724113638.093663 2024-08-20 00:27:18 MainProcess-2136525 JobStatusPoller-Timer-Thread-23314115588432-23314073474816 parsl.jobs.strategy:175 _log DEBUG: Strategizing for executor HighThroughputExecutor
1724113638.093701 2024-08-20 00:27:18 MainProcess-2136525 JobStatusPoller-Timer-Thread-23314115588432-23314073474816 parsl.jobs.strategy:175 _log DEBUG: Scaling out 1 initial blocks for HighThroughputExecutor
1724113638.093740 2024-08-20 00:27:18 MainProcess-2136525 JobStatusPoller-Timer-Thread-23314115588432-23314073474816 parsl.executors.status_handling:175 _log INFO: Scaling out by 1 blocks
1724113638.093779 2024-08-20 00:27:18 MainProcess-2136525 JobStatusPoller-Timer-Thread-23314115588432-23314073474816 parsl.executors.status_handling:175 _log INFO: Allocated block ID 0
1724113638.093820 2024-08-20 00:27:18 MainProcess-2136525 JobStatusPoller-Timer-Thread-23314115588432-23314073474816 parsl.executors.status_handling:175 _log DEBUG: Submitting to provider with job_name parsl.HighThroughputExecutor.block-0
1724113638.096791 2024-08-20 00:27:18 MainProcess-2136525 JobStatusPoller-Timer-Thread-23314115588432-23314073474816 parsl.providers.local.local:175 _log DEBUG: Launching
1724113638.097000 2024-08-20 00:27:18 MainProcess-2136525 JobStatusPoller-Timer-Thread-23314115588432-23314073474816 parsl.channels.local.local:175 _log DEBUG: Creating process with command '/bin/bash -c 'echo - >/home/viralss2/nekRS-ML_MSR/examples/parsl_MSR_smartsim/runinfo/025/submit_scripts/parsl.HighThroughputExecutor.block-0.1724113638.0939271.sh.ec && { { bash /home/viralss2/nekRS-ML_MSR/examples/parsl_MSR_smartsim/runinfo/025/submit_scripts/parsl.HighThroughputExecutor.block-0.1724113638.0939271.sh 1>/home/viralss2/nekRS-ML_MSR/examples/parsl_MSR_smartsim/runinfo/025/submit_scripts/parsl.HighThroughputExecutor.block-0.1724113638.0939271.sh.out 2>/home/viralss2/nekRS-ML_MSR/examples/parsl_MSR_smartsim/runinfo/025/submit_scripts/parsl.HighThroughputExecutor.block-0.1724113638.0939271.sh.err ; echo $? > /home/viralss2/nekRS-ML_MSR/examples/parsl_MSR_smartsim/runinfo/025/submit_scripts/parsl.HighThroughputExecutor.block-0.1724113638.0939271.sh.ec ; } >/dev/null 2>&1 & echo "PID:$!" ; }''
1724113638.108429 2024-08-20 00:27:18 MainProcess-2136525 JobStatusPoller-Timer-Thread-23314115588432-23314073474816 parsl.channels.local.local:175 _log DEBUG: Created process with pid 2136738. Performing communicate
1724113638.117035 2024-08-20 00:27:18 MainProcess-2136525 JobStatusPoller-Timer-Thread-23314115588432-23314073474816 parsl.channels.local.local:175 _log DEBUG: Process 2136738 returned 0
1724113638.117139 2024-08-20 00:27:18 MainProcess-2136525 JobStatusPoller-Timer-Thread-23314115588432-23314073474816 parsl.channels.local.local:175 _log DEBUG: Execution of command in process 2136738 completed normally
1724113638.117267 2024-08-20 00:27:18 MainProcess-2136525 JobStatusPoller-Timer-Thread-23314115588432-23314073474816 parsl.executors.status_handling:175 _log DEBUG: Launched block 0 on executor HighThroughputExecutor with job ID 2136739
1724113638.117357 2024-08-20 00:27:18 MainProcess-2136525 JobStatusPoller-Timer-Thread-23314115588432-23314073474816 parsl.executors.high_throughput.zmq_pipes:175 _log DEBUG: Sending command client command
1724113638.117439 2024-08-20 00:27:18 MainProcess-2136525 JobStatusPoller-Timer-Thread-23314115588432-23314073474816 parsl.executors.high_throughput.zmq_pipes:175 _log DEBUG: Receiving command client response
1724113638.117594 2024-08-20 00:27:18 MainProcess-2136525 JobStatusPoller-Timer-Thread-23314115588432-23314073474816 parsl.executors.high_throughput.zmq_pipes:175 _log DEBUG: Received command client response
1724113638.117652 2024-08-20 00:27:18 MainProcess-2136525 JobStatusPoller-Timer-Thread-23314115588432-23314073474816 parsl.jobs.strategy:175 _log DEBUG: Slot ratio calculation: active_slots = 1, active_tasks = 0
1724113638.117691 2024-08-20 00:27:18 MainProcess-2136525 JobStatusPoller-Timer-Thread-23314115588432-23314073474816 parsl.executors.high_throughput.zmq_pipes:175 _log DEBUG: Sending command client command
1724113638.117733 2024-08-20 00:27:18 MainProcess-2136525 JobStatusPoller-Timer-Thread-23314115588432-23314073474816 parsl.executors.high_throughput.zmq_pipes:175 _log DEBUG: Receiving command client response
1724113638.117809 2024-08-20 00:27:18 MainProcess-2136525 JobStatusPoller-Timer-Thread-23314115588432-23314073474816 parsl.executors.high_throughput.zmq_pipes:175 _log DEBUG: Received command client response
1724113638.117851 2024-08-20 00:27:18 MainProcess-2136525 JobStatusPoller-Timer-Thread-23314115588432-23314073474816 parsl.executors.high_throughput.zmq_pipes:175 _log DEBUG: Sending command client command
1724113638.117894 2024-08-20 00:27:18 MainProcess-2136525 JobStatusPoller-Timer-Thread-23314115588432-23314073474816 parsl.executors.high_throughput.zmq_pipes:175 _log DEBUG: Receiving command client response
1724113638.117967 2024-08-20 00:27:18 MainProcess-2136525 JobStatusPoller-Timer-Thread-23314115588432-23314073474816 parsl.executors.high_throughput.zmq_pipes:175 _log DEBUG: Received command client response
1724113638.118006 2024-08-20 00:27:18 MainProcess-2136525 JobStatusPoller-Timer-Thread-23314115588432-23314073474816 parsl.jobs.strategy:175 _log DEBUG: Executor HighThroughputExecutor has 0 active tasks, 0/1 running/pending blocks, and 0 connected workers
1724113638.118040 2024-08-20 00:27:18 MainProcess-2136525 JobStatusPoller-Timer-Thread-23314115588432-23314073474816 parsl.jobs.strategy:175 _log DEBUG: Strategy case 1: Executor has no active tasks
1724113638.118073 2024-08-20 00:27:18 MainProcess-2136525 JobStatusPoller-Timer-Thread-23314115588432-23314073474816 parsl.jobs.strategy:175 _log DEBUG: Strategy case 1b: Executor has no active tasks, and more (1) than minimum blocks (0)
1724113638.118110 2024-08-20 00:27:18 MainProcess-2136525 JobStatusPoller-Timer-Thread-23314115588432-23314073474816 parsl.jobs.strategy:175 _log DEBUG: Starting idle timer for executor. If idle time exceeds 120.0s, blocks will be scaled in
1724113638.118166 2024-08-20 00:27:18 MainProcess-2136525 JobStatusPoller-Timer-Thread-23314115588432-23314073474816 parsl.jobs.strategy:175 _log DEBUG: Idle time 9.5367431640625e-07s is less than max_idletime 120.0s for executor HighThroughputExecutor; not scaling in
1724113638.118218 2024-08-20 00:27:18 MainProcess-2136525 JobStatusPoller-Timer-Thread-23314115588432-23314073474816 parsl.process_loggers:175 _log DEBUG: Normal ending for _general_strategy on thread JobStatusPoller-Timer-Thread-23314115588432
1724113643.118780 2024-08-20 00:27:23 MainProcess-2136525 JobStatusPoller-Timer-Thread-23314115588432-23314073474816 parsl.channels.local.local:175 _log DEBUG: Creating process with command 'ps -p 2136739 > /dev/null 2> /dev/null; echo "STATUS:$?" '
1724113643.128173 2024-08-20 00:27:23 MainProcess-2136525 JobStatusPoller-Timer-Thread-23314115588432-23314073474816 parsl.channels.local.local:175 _log DEBUG: Created process with pid 2136881. Performing communicate
1724113643.187458 2024-08-20 00:27:23 MainProcess-2136525 JobStatusPoller-Timer-Thread-23314115588432-23314073474816 parsl.channels.local.local:175 _log DEBUG: Process 2136881 returned 0
1724113643.187518 2024-08-20 00:27:23 MainProcess-2136525 JobStatusPoller-Timer-Thread-23314115588432-23314073474816 parsl.channels.local.local:175 _log DEBUG: Execution of command in process 2136881 completed normally
1724113643.188461 2024-08-20 00:27:23 MainProcess-2136525 JobStatusPoller-Timer-Thread-23314115588432-23314073474816 parsl.executors.high_throughput.zmq_pipes:175 _log DEBUG: Sending command client command
1724113643.188564 2024-08-20 00:27:23 MainProcess-2136525 JobStatusPoller-Timer-Thread-23314115588432-23314073474816 parsl.executors.high_throughput.zmq_pipes:175 _log DEBUG: Receiving command client response
1724113643.188829 2024-08-20 00:27:23 MainProcess-2136525 JobStatusPoller-Timer-Thread-23314115588432-23314073474816 parsl.executors.high_throughput.zmq_pipes:175 _log DEBUG: Received command client response
1724113643.188956 2024-08-20 00:27:23 MainProcess-2136525 JobStatusPoller-Timer-Thread-23314115588432-23314073474816 parsl.jobs.strategy:175 _log DEBUG: general strategy starting with strategy_type simple for 1 executors
1724113643.189002 2024-08-20 00:27:23 MainProcess-2136525 JobStatusPoller-Timer-Thread-23314115588432-23314073474816 parsl.jobs.strategy:175 _log DEBUG: Strategizing for executor HighThroughputExecutor
1724113643.189044 2024-08-20 00:27:23 MainProcess-2136525 JobStatusPoller-Timer-Thread-23314115588432-23314073474816 parsl.executors.high_throughput.zmq_pipes:175 _log DEBUG: Sending command client command
1724113643.189092 2024-08-20 00:27:23 MainProcess-2136525 JobStatusPoller-Timer-Thread-23314115588432-23314073474816 parsl.executors.high_throughput.zmq_pipes:175 _log DEBUG: Receiving command client response
1724113643.189289 2024-08-20 00:27:23 MainProcess-2136525 JobStatusPoller-Timer-Thread-23314115588432-23314073474816 parsl.executors.high_throughput.zmq_pipes:175 _log DEBUG: Received command client response
1724113643.189358 2024-08-20 00:27:23 MainProcess-2136525 JobStatusPoller-Timer-Thread-23314115588432-23314073474816 parsl.jobs.strategy:175 _log DEBUG: Slot ratio calculation: active_slots = 1, active_tasks = 0
1724113643.189406 2024-08-20 00:27:23 MainProcess-2136525 JobStatusPoller-Timer-Thread-23314115588432-23314073474816 parsl.executors.high_throughput.zmq_pipes:175 _log DEBUG: Sending command client command
1724113643.189460 2024-08-20 00:27:23 MainProcess-2136525 JobStatusPoller-Timer-Thread-23314115588432-23314073474816 parsl.executors.high_throughput.zmq_pipes:175 _log DEBUG: Receiving command client response
1724113643.189580 2024-08-20 00:27:23 MainProcess-2136525 JobStatusPoller-Timer-Thread-23314115588432-23314073474816 parsl.executors.high_throughput.zmq_pipes:175 _log DEBUG: Received command client response
1724113643.189624 2024-08-20 00:27:23 MainProcess-2136525 JobStatusPoller-Timer-Thread-23314115588432-23314073474816 parsl.executors.high_throughput.zmq_pipes:175 _log DEBUG: Sending command client command
1724113643.189670 2024-08-20 00:27:23 MainProcess-2136525 JobStatusPoller-Timer-Thread-23314115588432-23314073474816 parsl.executors.high_throughput.zmq_pipes:175 _log DEBUG: Receiving command client response
1724113643.189806 2024-08-20 00:27:23 MainProcess-2136525 JobStatusPoller-Timer-Thread-23314115588432-23314073474816 parsl.executors.high_throughput.zmq_pipes:175 _log DEBUG: Received command client response
1724113643.189867 2024-08-20 00:27:23 MainProcess-2136525 JobStatusPoller-Timer-Thread-23314115588432-23314073474816 parsl.jobs.strategy:175 _log DEBUG: Executor HighThroughputExecutor has 0 active tasks, 1/0 running/pending blocks, and 1 connected workers
1724113643.189920 2024-08-20 00:27:23 MainProcess-2136525 JobStatusPoller-Timer-Thread-23314115588432-23314073474816 parsl.jobs.strategy:175 _log DEBUG: Strategy case 1: Executor has no active tasks
1724113643.189961 2024-08-20 00:27:23 MainProcess-2136525 JobStatusPoller-Timer-Thread-23314115588432-23314073474816 parsl.jobs.strategy:175 _log DEBUG: Strategy case 1b: Executor has no active tasks, and more (1) than minimum blocks (0)
1724113643.190006 2024-08-20 00:27:23 MainProcess-2136525 JobStatusPoller-Timer-Thread-23314115588432-23314073474816 parsl.jobs.strategy:175 _log DEBUG: Idle time 5.071842432022095s is less than max_idletime 120.0s for executor HighThroughputExecutor; not scaling in
1724113643.190043 2024-08-20 00:27:23 MainProcess-2136525 JobStatusPoller-Timer-Thread-23314115588432-23314073474816 parsl.process_loggers:175 _log DEBUG: Normal ending for _general_strategy on thread JobStatusPoller-Timer-Thread-23314115588432
1724113643.875619 2024-08-20 00:27:23 MainProcess-2136525 MainThread-23322848362688 parsl.dataflow.dflow:175 _log DEBUG: Task 0 will be sent to executor HighThroughputExecutor
1724113643.875743 2024-08-20 00:27:23 MainProcess-2136525 MainThread-23322848362688 parsl.dataflow.dflow:175 _log DEBUG: Adding output dependencies
1724113643.875790 2024-08-20 00:27:23 MainProcess-2136525 MainThread-23322848362688 parsl.dataflow.dflow:175 _log DEBUG: Added output dependencies
1724113643.875830 2024-08-20 00:27:23 MainProcess-2136525 MainThread-23322848362688 parsl.dataflow.dflow:175 _log DEBUG: Gathering dependencies
1724113643.875930 2024-08-20 00:27:23 MainProcess-2136525 MainThread-23322848362688 parsl.dataflow.dflow:175 _log DEBUG: Gathered dependencies
1724113643.875975 2024-08-20 00:27:23 MainProcess-2136525 MainThread-23322848362688 parsl.dataflow.dflow:175 _log INFO: Task 0 submitted for App hello_affinity, not waiting on any dependency
1724113643.876034 2024-08-20 00:27:23 MainProcess-2136525 MainThread-23322848362688 parsl.dataflow.dflow:175 _log DEBUG: Task 0 set to pending state with AppFuture: <AppFuture at 0x15343b1d2010 state=pending>
1724113643.876361 2024-08-20 00:27:23 MainProcess-2136525 Dependency-Launch_0-23315163019008 parsl.dataflow.memoization:175 _log DEBUG: Task 0 will not be memoized
1724113643.876524 2024-08-20 00:27:23 MainProcess-2136525 Dependency-Launch_0-23315163019008 parsl.executors.high_throughput.executor:175 _log DEBUG: Pushing function <function hello_affinity at 0x15343b1b1ee0> to queue with args ("Namespace(sim_nodes=1, db_nodes=1, simprocs_pn=4, simprocs=4, sim_cpu_bind='numa', sim_arguments='--...",)
1724113643.877984 2024-08-20 00:27:23 MainProcess-2136525 Dependency-Launch_0-23315163019008 parsl.executors.high_throughput.zmq_pipes:175 _log DEBUG: Sending TasksOutgoing message
1724113643.878068 2024-08-20 00:27:23 MainProcess-2136525 Dependency-Launch_0-23315163019008 parsl.executors.high_throughput.zmq_pipes:175 _log DEBUG: Sent TasksOutgoing message
1724113643.878122 2024-08-20 00:27:23 MainProcess-2136525 Dependency-Launch_0-23315163019008 parsl.dataflow.dflow:175 _log INFO: Parsl task 0 try 0 launched on executor HighThroughputExecutor with executor id 1
1724113643.878180 2024-08-20 00:27:23 MainProcess-2136525 Dependency-Launch_0-23315163019008 parsl.dataflow.dflow:175 _log INFO: Standard out for task 0 will not be redirected.
1724113643.878219 2024-08-20 00:27:23 MainProcess-2136525 Dependency-Launch_0-23315163019008 parsl.dataflow.dflow:175 _log INFO: Standard error for task 0 will not be redirected.
1724113643.878260 2024-08-20 00:27:23 MainProcess-2136525 Dependency-Launch_0-23315163019008 parsl.process_loggers:175 _log DEBUG: Normal ending for _launch_if_ready_async on thread Dependency-Launch_0
1724113644.499628 2024-08-20 00:27:24 MainProcess-2136525 HTEX-Result-Queue-Thread-23314058766080 parsl.executors.high_throughput.zmq_pipes:175 _log DEBUG: Received ResultsIncoming message
1724113644.499802 2024-08-20 00:27:24 MainProcess-2136525 HTEX-Result-Queue-Thread-23314058766080 parsl.dataflow.dflow:175 _log INFO: Task 0 completed (launched -> exec_done)
1724113644.499900 2024-08-20 00:27:24 MainProcess-2136525 HTEX-Result-Queue-Thread-23314058766080 parsl.dataflow.dflow:175 _log INFO: Standard out for task 0 will not be redirected.
1724113644.499942 2024-08-20 00:27:24 MainProcess-2136525 HTEX-Result-Queue-Thread-23314058766080 parsl.dataflow.dflow:175 _log INFO: Standard error for task 0 will not be redirected.
1724113644.499983 2024-08-20 00:27:24 MainProcess-2136525 HTEX-Result-Queue-Thread-23314058766080 parsl.executors.high_throughput.zmq_pipes:175 _log DEBUG: Waiting for ResultsIncoming message
1724113644.539577 2024-08-20 00:27:24 MainProcess-2136525 MainThread-23322848362688 parsl.dataflow.dflow:175 _log WARNING: Python is exiting with a DFK still running. You should call parsl.dfk().cleanup() before exiting to release any resources
