1724167130.687590 2024-08-20 15:18:50 MainProcess-1948046 MainThread-23329861071040 parsl.dataflow.dflow:175 _log INFO: Starting DataFlowKernel with config
Config(
    app_cache=True, 
    checkpoint_files=None, 
    checkpoint_mode=None, 
    checkpoint_period=None, 
    dependency_resolver=None, 
    executors=(HighThroughputExecutor(
        address='10.140.57.105', 
        address_probe_timeout=None, 
        available_accelerators=['0,1,2,3'], 
        block_error_handler=<function simple_error_handler at 0x1535dd25a8e0>, 
        cores_per_worker=1.0, 
        cpu_affinity='block-reverse', 
        drain_period=None, 
        enable_mpi_mode=False, 
        encrypted=False, 
        heartbeat_period=30, 
        heartbeat_threshold=120, 
        interchange_launch_cmd=['interchange.py'], 
        interchange_port_range=(55000, 56000), 
        label='HighThroughputExecutor', 
        launch_cmd='process_worker_pool.py {debug} {max_workers_per_node} -a {addresses} -p {prefetch_capacity} -c {cores_per_worker} -m {mem_per_worker} --poll {poll_period} --task_port={task_port} --result_port={result_port} --cert_dir {cert_dir} --logdir={logdir} --block_id={{block_id}} --hb_period={heartbeat_period} {address_probe_timeout_string} --hb_threshold={heartbeat_threshold} --drain_period={drain_period} --cpu-affinity {cpu_affinity} {enable_mpi_mode} --mpi-launcher={mpi_launcher} --available-accelerators {accelerators}', 
        manager_selector=<parsl.executors.high_throughput.manager_selector.RandomManagerSelector object at 0x1535dd27c2d0>, 
        max_workers=inf, 
        max_workers_per_node=inf, 
        mem_per_worker=None, 
        mpi_launcher='mpiexec', 
        poll_period=10, 
        prefetch_capacity=0, 
        provider=PBSProProvider(
            account=None, 
            channel=LocalChannel(
                envs={}, 
                script_dir=None, 
                userhome='/home/viralss2/nekRS-ML_MSR/examples/parsl_MSR_smartsim'
            ), 
            cmd_timeout=120, 
            cpus_per_node=64, 
            init_blocks=1, 
            launcher=SingleNodeLauncher(debug=True, fail_on_any=False), 
            max_blocks=1, 
            min_blocks=0, 
            nodes_per_block=1, 
            parallelism=1, 
            queue=None, 
            scheduler_options='#PBS -l nodes=1:ppn=64', 
            select_options='', 
            walltime='00:20:00', 
            worker_init='source /home/viralss2/ALCF_Hands_on_HPC_Workshop/workflows/parsl/launch_eg/set_run_env;\n                            cd /home/viralss2/nekRS-ML_MSR/examples/parsl_MSR_smartsim'
        ), 
        storage_access=None, 
        worker_debug=False, 
        worker_logdir_root=None, 
        worker_port_range=(54000, 55000), 
        worker_ports=None, 
        working_dir=None
    ),), 
    exit_mode='cleanup', 
    garbage_collect=True, 
    initialize_logging=True, 
    internal_tasks_max_threads=10, 
    max_idletime=120.0, 
    monitoring=None, 
    retries=1, 
    retry_handler=None, 
    run_dir='runinfo', 
    std_autopath=None, 
    strategy='simple', 
    strategy_period=5, 
    usage_tracking=0
)
1724167130.688544 2024-08-20 15:18:50 MainProcess-1948046 MainThread-23329861071040 parsl.dataflow.dflow:175 _log INFO: Parsl version: 2024.08.05
1724167130.688631 2024-08-20 15:18:50 MainProcess-1948046 MainThread-23329861071040 parsl.usage_tracking.usage:175 _log DEBUG: Tracking level: 0
1724167130.688711 2024-08-20 15:18:50 MainProcess-1948046 MainThread-23329861071040 parsl.dataflow.dflow:175 _log INFO: Run id is: 684fac3d-e421-403f-9890-3dfc7835acf3
1724167130.845897 2024-08-20 15:18:50 MainProcess-1948046 MainThread-23329861071040 parsl.dataflow.dflow:175 _log DEBUG: Considering candidate for workflow name: /home/viralss2/SSML/lib/python3.11/site-packages/parsl/dataflow/dflow.py
1724167130.845960 2024-08-20 15:18:50 MainProcess-1948046 MainThread-23329861071040 parsl.dataflow.dflow:175 _log DEBUG: Considering candidate for workflow name: /soft/applications/conda/2024-04-29/mconda3/lib/python3.11/site-packages/typeguard/__init__.py
1724167130.846024 2024-08-20 15:18:50 MainProcess-1948046 MainThread-23329861071040 parsl.dataflow.dflow:175 _log DEBUG: Considering candidate for workflow name: /home/viralss2/SSML/lib/python3.11/site-packages/parsl/dataflow/dflow.py
1724167130.846080 2024-08-20 15:18:50 MainProcess-1948046 MainThread-23329861071040 parsl.dataflow.dflow:175 _log DEBUG: Considering candidate for workflow name: /soft/applications/conda/2024-04-29/mconda3/lib/python3.11/site-packages/typeguard/__init__.py
1724167130.846135 2024-08-20 15:18:50 MainProcess-1948046 MainThread-23329861071040 parsl.dataflow.dflow:175 _log DEBUG: Considering candidate for workflow name: /home/viralss2/nekRS-ML_MSR/examples/parsl_MSR_smartsim/ssim_driver_polaris.py
1724167130.846176 2024-08-20 15:18:50 MainProcess-1948046 MainThread-23329861071040 parsl.dataflow.dflow:175 _log DEBUG: Using ssim_driver_polaris.py as workflow name
1724167130.846305 2024-08-20 15:18:50 MainProcess-1948046 MainThread-23329861071040 parsl.dataflow.memoization:175 _log INFO: App caching initialized
1724167130.846360 2024-08-20 15:18:50 MainProcess-1948046 MainThread-23329861071040 parsl.jobs.strategy:175 _log DEBUG: Scaling strategy: simple
1724167130.850821 2024-08-20 15:18:50 MainProcess-1948046 MainThread-23329861071040 parsl.executors.high_throughput.executor:175 _log DEBUG: Starting result queue thread
1724167130.851061 2024-08-20 15:18:50 MainProcess-1948046 HTEX-Result-Queue-Thread-23321071453952 parsl.executors.high_throughput.executor:175 _log DEBUG: Result queue worker starting
1724167130.851148 2024-08-20 15:18:50 MainProcess-1948046 MainThread-23329861071040 parsl.executors.high_throughput.executor:175 _log DEBUG: Started result queue thread
1724167130.851203 2024-08-20 15:18:50 MainProcess-1948046 HTEX-Result-Queue-Thread-23321071453952 parsl.executors.high_throughput.zmq_pipes:175 _log DEBUG: Waiting for ResultsIncoming message
1724167130.852324 2024-08-20 15:18:50 MainProcess-1948046 MainThread-23329861071040 parsl.executors.high_throughput.executor:175 _log DEBUG: Popened interchange process. Writing config object
1724167130.852393 2024-08-20 15:18:50 MainProcess-1948046 MainThread-23329861071040 parsl.executors.high_throughput.executor:175 _log DEBUG: Sent config object. Requesting worker ports
1724167130.852441 2024-08-20 15:18:50 MainProcess-1948046 MainThread-23329861071040 parsl.executors.high_throughput.zmq_pipes:175 _log DEBUG: Sending command client command
1724167131.409143 2024-08-20 15:18:51 MainProcess-1948046 MainThread-23329861071040 parsl.executors.high_throughput.zmq_pipes:175 _log DEBUG: Polling for command client response or timeout
1724167131.410700 2024-08-20 15:18:51 MainProcess-1948046 MainThread-23329861071040 parsl.executors.high_throughput.zmq_pipes:175 _log DEBUG: Receiving command client response
1724167131.410773 2024-08-20 15:18:51 MainProcess-1948046 MainThread-23329861071040 parsl.executors.high_throughput.zmq_pipes:175 _log DEBUG: Received command client response
1724167131.410820 2024-08-20 15:18:51 MainProcess-1948046 MainThread-23329861071040 parsl.executors.high_throughput.executor:175 _log DEBUG: Got worker ports
1724167131.410861 2024-08-20 15:18:51 MainProcess-1948046 MainThread-23329861071040 parsl.executors.high_throughput.executor:175 _log DEBUG: Created result queue thread: <Thread(HTEX-Result-Queue-Thread, started daemon 23321071453952)>
1724167131.410980 2024-08-20 15:18:51 MainProcess-1948046 MainThread-23329861071040 parsl.executors.high_throughput.executor:175 _log DEBUG: Launch command: process_worker_pool.py   -a 10.140.57.105 -p 0 -c 1.0 -m None --poll 10 --task_port=54464 --result_port=54652 --cert_dir None --logdir=/home/viralss2/nekRS-ML_MSR/examples/parsl_MSR_smartsim/runinfo/051/HighThroughputExecutor --block_id={block_id} --hb_period=30  --hb_threshold=120 --drain_period=None --cpu-affinity block-reverse  --mpi-launcher=mpiexec --available-accelerators 0,1,2,3
1724167131.411021 2024-08-20 15:18:51 MainProcess-1948046 MainThread-23329861071040 parsl.executors.high_throughput.executor:175 _log DEBUG: Starting HighThroughputExecutor with provider:
PBSProProvider(
    account=None, 
    channel=LocalChannel(
        envs={}, 
        script_dir='/home/viralss2/nekRS-ML_MSR/examples/parsl_MSR_smartsim/runinfo/051/submit_scripts', 
        userhome='/home/viralss2/nekRS-ML_MSR/examples/parsl_MSR_smartsim'
    ), 
    cmd_timeout=120, 
    cpus_per_node=64, 
    init_blocks=1, 
    launcher=SingleNodeLauncher(debug=True, fail_on_any=False), 
    max_blocks=1, 
    min_blocks=0, 
    nodes_per_block=1, 
    parallelism=1, 
    queue=None, 
    scheduler_options='#PBS -l nodes=1:ppn=64', 
    select_options='', 
    walltime='00:20:00', 
    worker_init='source /home/viralss2/ALCF_Hands_on_HPC_Workshop/workflows/parsl/launch_eg/set_run_env;\n                            cd /home/viralss2/nekRS-ML_MSR/examples/parsl_MSR_smartsim'
)
1724167131.411324 2024-08-20 15:18:51 MainProcess-1948046 MainThread-23329861071040 parsl.jobs.job_status_poller:175 _log DEBUG: Adding executor HighThroughputExecutor
1724167135.846786 2024-08-20 15:18:55 MainProcess-1948046 JobStatusPoller-Timer-Thread-23321124322320-23321086162688 parsl.executors.high_throughput.zmq_pipes:175 _log DEBUG: Sending command client command
1724167135.847053 2024-08-20 15:18:55 MainProcess-1948046 JobStatusPoller-Timer-Thread-23321124322320-23321086162688 parsl.executors.high_throughput.zmq_pipes:175 _log DEBUG: Receiving command client response
1724167135.847356 2024-08-20 15:18:55 MainProcess-1948046 JobStatusPoller-Timer-Thread-23321124322320-23321086162688 parsl.executors.high_throughput.zmq_pipes:175 _log DEBUG: Received command client response
1724167135.847510 2024-08-20 15:18:55 MainProcess-1948046 JobStatusPoller-Timer-Thread-23321124322320-23321086162688 parsl.jobs.strategy:175 _log DEBUG: general strategy starting with strategy_type simple for 1 executors
1724167135.847601 2024-08-20 15:18:55 MainProcess-1948046 JobStatusPoller-Timer-Thread-23321124322320-23321086162688 parsl.jobs.strategy:175 _log DEBUG: Strategizing for executor HighThroughputExecutor
1724167135.847679 2024-08-20 15:18:55 MainProcess-1948046 JobStatusPoller-Timer-Thread-23321124322320-23321086162688 parsl.jobs.strategy:175 _log DEBUG: Scaling out 1 initial blocks for HighThroughputExecutor
1724167135.847760 2024-08-20 15:18:55 MainProcess-1948046 JobStatusPoller-Timer-Thread-23321124322320-23321086162688 parsl.executors.status_handling:175 _log INFO: Scaling out by 1 blocks
1724167135.847840 2024-08-20 15:18:55 MainProcess-1948046 JobStatusPoller-Timer-Thread-23321124322320-23321086162688 parsl.executors.status_handling:175 _log INFO: Allocated block ID 0
1724167135.847920 2024-08-20 15:18:55 MainProcess-1948046 JobStatusPoller-Timer-Thread-23321124322320-23321086162688 parsl.executors.status_handling:175 _log DEBUG: Submitting to provider with job_name parsl.HighThroughputExecutor.block-0
1724167135.848082 2024-08-20 15:18:55 MainProcess-1948046 JobStatusPoller-Timer-Thread-23321124322320-23321086162688 parsl.providers.pbspro.pbspro:175 _log DEBUG: Requesting 1 nodes_per_block, 1 tasks_per_node
1724167135.848140 2024-08-20 15:18:55 MainProcess-1948046 JobStatusPoller-Timer-Thread-23321124322320-23321086162688 parsl.providers.pbspro.pbspro:175 _log DEBUG: Writing submit script
1724167135.852083 2024-08-20 15:18:55 MainProcess-1948046 JobStatusPoller-Timer-Thread-23321124322320-23321086162688 parsl.channels.local.local:175 _log DEBUG: Creating process with command 'qsub  /home/viralss2/nekRS-ML_MSR/examples/parsl_MSR_smartsim/runinfo/051/submit_scripts/parsl.HighThroughputExecutor.block-0.1724167135.8480625'
1724167135.862837 2024-08-20 15:18:55 MainProcess-1948046 JobStatusPoller-Timer-Thread-23321124322320-23321086162688 parsl.channels.local.local:175 _log DEBUG: Created process with pid 1948282. Performing communicate
1724167135.981425 2024-08-20 15:18:55 MainProcess-1948046 JobStatusPoller-Timer-Thread-23321124322320-23321086162688 parsl.channels.local.local:175 _log DEBUG: Process 1948282 returned 32
1724167135.981489 2024-08-20 15:18:55 MainProcess-1948046 JobStatusPoller-Timer-Thread-23321124322320-23321086162688 parsl.channels.local.local:175 _log DEBUG: Execution of command in process 1948282 completed normally
1724167135.981611 2024-08-20 15:18:55 MainProcess-1948046 JobStatusPoller-Timer-Thread-23321124322320-23321086162688 parsl.providers.pbspro.pbspro:175 _log ERROR: Command 'qsub  /home/viralss2/nekRS-ML_MSR/examples/parsl_MSR_smartsim/runinfo/051/submit_scripts/parsl.HighThroughputExecutor.block-0.1724167135.8480625' failed with return code 32
stderr:qsub: Account_Name is required to be set.
stdout
1724167135.981735 2024-08-20 15:18:55 MainProcess-1948046 JobStatusPoller-Timer-Thread-23321124322320-23321086162688 parsl.executors.high_throughput.zmq_pipes:175 _log DEBUG: Sending command client command
1724167135.981815 2024-08-20 15:18:55 MainProcess-1948046 JobStatusPoller-Timer-Thread-23321124322320-23321086162688 parsl.executors.high_throughput.zmq_pipes:175 _log DEBUG: Receiving command client response
1724167135.982003 2024-08-20 15:18:55 MainProcess-1948046 JobStatusPoller-Timer-Thread-23321124322320-23321086162688 parsl.executors.high_throughput.zmq_pipes:175 _log DEBUG: Received command client response
1724167135.982082 2024-08-20 15:18:55 MainProcess-1948046 JobStatusPoller-Timer-Thread-23321124322320-23321086162688 parsl.jobs.strategy:175 _log DEBUG: Slot ratio calculation: active_slots = 0, active_tasks = 0
1724167135.982133 2024-08-20 15:18:55 MainProcess-1948046 JobStatusPoller-Timer-Thread-23321124322320-23321086162688 parsl.executors.high_throughput.zmq_pipes:175 _log DEBUG: Sending command client command
1724167135.982188 2024-08-20 15:18:55 MainProcess-1948046 JobStatusPoller-Timer-Thread-23321124322320-23321086162688 parsl.executors.high_throughput.zmq_pipes:175 _log DEBUG: Receiving command client response
1724167135.982333 2024-08-20 15:18:55 MainProcess-1948046 JobStatusPoller-Timer-Thread-23321124322320-23321086162688 parsl.executors.high_throughput.zmq_pipes:175 _log DEBUG: Received command client response
1724167135.982399 2024-08-20 15:18:55 MainProcess-1948046 JobStatusPoller-Timer-Thread-23321124322320-23321086162688 parsl.executors.high_throughput.zmq_pipes:175 _log DEBUG: Sending command client command
1724167135.982457 2024-08-20 15:18:55 MainProcess-1948046 JobStatusPoller-Timer-Thread-23321124322320-23321086162688 parsl.executors.high_throughput.zmq_pipes:175 _log DEBUG: Receiving command client response
1724167135.982598 2024-08-20 15:18:55 MainProcess-1948046 JobStatusPoller-Timer-Thread-23321124322320-23321086162688 parsl.executors.high_throughput.zmq_pipes:175 _log DEBUG: Received command client response
1724167135.982663 2024-08-20 15:18:55 MainProcess-1948046 JobStatusPoller-Timer-Thread-23321124322320-23321086162688 parsl.jobs.strategy:175 _log DEBUG: Executor HighThroughputExecutor has 0 active tasks, 0/0 running/pending blocks, and 0 connected workers
1724167135.982708 2024-08-20 15:18:55 MainProcess-1948046 JobStatusPoller-Timer-Thread-23321124322320-23321086162688 parsl.jobs.strategy:175 _log DEBUG: Strategy case 1: Executor has no active tasks
1724167135.982748 2024-08-20 15:18:55 MainProcess-1948046 JobStatusPoller-Timer-Thread-23321124322320-23321086162688 parsl.jobs.strategy:175 _log DEBUG: Strategy case 1a: Executor has no active tasks and minimum blocks. Taking no action.
1724167135.982796 2024-08-20 15:18:55 MainProcess-1948046 JobStatusPoller-Timer-Thread-23321124322320-23321086162688 parsl.process_loggers:175 _log DEBUG: Normal ending for _general_strategy on thread JobStatusPoller-Timer-Thread-23321124322320
1724167140.983124 2024-08-20 15:19:00 MainProcess-1948046 JobStatusPoller-Timer-Thread-23321124322320-23321086162688 parsl.executors.status_handling:175 _log ERROR: Setting bad state due to exception
parsl.jobs.errors.TooManyJobFailuresError: Error 1:
	Failed to start block 0: Executor HighThroughputExecutor failed to scale due to: Attempt to provision nodes did not return a job ID

1724167140.983558 2024-08-20 15:19:00 MainProcess-1948046 JobStatusPoller-Timer-Thread-23321124322320-23321086162688 parsl.jobs.strategy:175 _log DEBUG: general strategy starting with strategy_type simple for 1 executors
1724167140.983681 2024-08-20 15:19:00 MainProcess-1948046 JobStatusPoller-Timer-Thread-23321124322320-23321086162688 parsl.jobs.strategy:175 _log DEBUG: Strategizing for executor HighThroughputExecutor
1724167140.983752 2024-08-20 15:19:00 MainProcess-1948046 JobStatusPoller-Timer-Thread-23321124322320-23321086162688 parsl.executors.high_throughput.zmq_pipes:175 _log DEBUG: Sending command client command
1724167140.983814 2024-08-20 15:19:00 MainProcess-1948046 JobStatusPoller-Timer-Thread-23321124322320-23321086162688 parsl.executors.high_throughput.zmq_pipes:175 _log DEBUG: Receiving command client response
1724167140.984084 2024-08-20 15:19:00 MainProcess-1948046 JobStatusPoller-Timer-Thread-23321124322320-23321086162688 parsl.executors.high_throughput.zmq_pipes:175 _log DEBUG: Received command client response
1724167140.984165 2024-08-20 15:19:00 MainProcess-1948046 JobStatusPoller-Timer-Thread-23321124322320-23321086162688 parsl.jobs.strategy:175 _log DEBUG: Slot ratio calculation: active_slots = 0, active_tasks = 0
1724167140.984217 2024-08-20 15:19:00 MainProcess-1948046 JobStatusPoller-Timer-Thread-23321124322320-23321086162688 parsl.executors.high_throughput.zmq_pipes:175 _log DEBUG: Sending command client command
1724167140.984271 2024-08-20 15:19:00 MainProcess-1948046 JobStatusPoller-Timer-Thread-23321124322320-23321086162688 parsl.executors.high_throughput.zmq_pipes:175 _log DEBUG: Receiving command client response
1724167140.984423 2024-08-20 15:19:00 MainProcess-1948046 JobStatusPoller-Timer-Thread-23321124322320-23321086162688 parsl.executors.high_throughput.zmq_pipes:175 _log DEBUG: Received command client response
1724167140.984492 2024-08-20 15:19:00 MainProcess-1948046 JobStatusPoller-Timer-Thread-23321124322320-23321086162688 parsl.executors.high_throughput.zmq_pipes:175 _log DEBUG: Sending command client command
1724167140.984554 2024-08-20 15:19:00 MainProcess-1948046 JobStatusPoller-Timer-Thread-23321124322320-23321086162688 parsl.executors.high_throughput.zmq_pipes:175 _log DEBUG: Receiving command client response
1724167140.984687 2024-08-20 15:19:00 MainProcess-1948046 JobStatusPoller-Timer-Thread-23321124322320-23321086162688 parsl.executors.high_throughput.zmq_pipes:175 _log DEBUG: Received command client response
1724167140.984733 2024-08-20 15:19:00 MainProcess-1948046 JobStatusPoller-Timer-Thread-23321124322320-23321086162688 parsl.jobs.strategy:175 _log DEBUG: Executor HighThroughputExecutor has 0 active tasks, 0/0 running/pending blocks, and 0 connected workers
1724167140.984772 2024-08-20 15:19:00 MainProcess-1948046 JobStatusPoller-Timer-Thread-23321124322320-23321086162688 parsl.jobs.strategy:175 _log DEBUG: Strategy case 1: Executor has no active tasks
1724167140.984808 2024-08-20 15:19:00 MainProcess-1948046 JobStatusPoller-Timer-Thread-23321124322320-23321086162688 parsl.jobs.strategy:175 _log DEBUG: Strategy case 1a: Executor has no active tasks and minimum blocks. Taking no action.
1724167140.984843 2024-08-20 15:19:00 MainProcess-1948046 JobStatusPoller-Timer-Thread-23321124322320-23321086162688 parsl.process_loggers:175 _log DEBUG: Normal ending for _general_strategy on thread JobStatusPoller-Timer-Thread-23321124322320
1724167141.684603 2024-08-20 15:19:01 MainProcess-1948046 MainThread-23329861071040 parsl.dataflow.dflow:175 _log WARNING: Python is exiting with a DFK still running. You should call parsl.dfk().cleanup() before exiting to release any resources
