1724114771.869494 2024-08-20 00:46:11 MainProcess-2147046 MainThread-22991618613440 parsl.dataflow.dflow:175 _log INFO: Starting DataFlowKernel with config
Config(
    app_cache=True, 
    checkpoint_files=None, 
    checkpoint_mode=None, 
    checkpoint_period=None, 
    dependency_resolver=None, 
    executors=(HighThroughputExecutor(
        address='10.140.56.174', 
        address_probe_timeout=None, 
        available_accelerators=['0,1,2,3'], 
        block_error_handler=<function simple_error_handler at 0x14e71c5268e0>, 
        cores_per_worker=1.0, 
        cpu_affinity='block-reverse', 
        drain_period=None, 
        enable_mpi_mode=False, 
        encrypted=False, 
        heartbeat_period=30, 
        heartbeat_threshold=120, 
        interchange_launch_cmd=['interchange.py'], 
        interchange_port_range=(55000, 56000), 
        label='HighThroughputExecutor', 
        launch_cmd='process_worker_pool.py {debug} {max_workers_per_node} -a {addresses} -p {prefetch_capacity} -c {cores_per_worker} -m {mem_per_worker} --poll {poll_period} --task_port={task_port} --result_port={result_port} --cert_dir {cert_dir} --logdir={logdir} --block_id={{block_id}} --hb_period={heartbeat_period} {address_probe_timeout_string} --hb_threshold={heartbeat_threshold} --drain_period={drain_period} --cpu-affinity {cpu_affinity} {enable_mpi_mode} --mpi-launcher={mpi_launcher} --available-accelerators {accelerators}', 
        manager_selector=<parsl.executors.high_throughput.manager_selector.RandomManagerSelector object at 0x14e71c536390>, 
        max_workers=inf, 
        max_workers_per_node=inf, 
        mem_per_worker=None, 
        mpi_launcher='mpiexec', 
        poll_period=10, 
        prefetch_capacity=0, 
        provider=LocalProvider(
            channel=LocalChannel(
                envs={}, 
                script_dir=None, 
                userhome='/home/viralss2/nekRS-ML_MSR/examples/parsl_MSR_smartsim'
            ), 
            cmd_timeout=30, 
            init_blocks=1, 
            launcher=SingleNodeLauncher(debug=True, fail_on_any=False), 
            max_blocks=1, 
            min_blocks=0, 
            move_files=None, 
            nodes_per_block=1, 
            parallelism=1, 
            worker_init='source /home/viralss2/ALCF_Hands_on_HPC_Workshop/workflows/parsl/launch_eg/set_run_env;\n                            cd /home/viralss2/nekRS-ML_MSR/examples/parsl_MSR_smartsim'
        ), 
        storage_access=None, 
        worker_debug=False, 
        worker_logdir_root=None, 
        worker_port_range=(54000, 55000), 
        worker_ports=None, 
        working_dir=None
    ),), 
    exit_mode='cleanup', 
    garbage_collect=True, 
    initialize_logging=True, 
    internal_tasks_max_threads=10, 
    max_idletime=120.0, 
    monitoring=None, 
    retries=1, 
    retry_handler=None, 
    run_dir='runinfo', 
    std_autopath=None, 
    strategy='simple', 
    strategy_period=5, 
    usage_tracking=0
)
1724114771.870832 2024-08-20 00:46:11 MainProcess-2147046 MainThread-22991618613440 parsl.dataflow.dflow:175 _log INFO: Parsl version: 2024.08.05
1724114771.870919 2024-08-20 00:46:11 MainProcess-2147046 MainThread-22991618613440 parsl.usage_tracking.usage:175 _log DEBUG: Tracking level: 0
1724114771.870993 2024-08-20 00:46:11 MainProcess-2147046 MainThread-22991618613440 parsl.dataflow.dflow:175 _log INFO: Run id is: d18acdbe-bf75-4c71-bce1-aa5953213f5e
1724114771.976832 2024-08-20 00:46:11 MainProcess-2147046 MainThread-22991618613440 parsl.dataflow.dflow:175 _log DEBUG: Considering candidate for workflow name: /home/viralss2/SSML/lib/python3.11/site-packages/parsl/dataflow/dflow.py
1724114771.976896 2024-08-20 00:46:11 MainProcess-2147046 MainThread-22991618613440 parsl.dataflow.dflow:175 _log DEBUG: Considering candidate for workflow name: /soft/applications/conda/2024-04-29/mconda3/lib/python3.11/site-packages/typeguard/__init__.py
1724114771.976945 2024-08-20 00:46:11 MainProcess-2147046 MainThread-22991618613440 parsl.dataflow.dflow:175 _log DEBUG: Considering candidate for workflow name: /home/viralss2/SSML/lib/python3.11/site-packages/parsl/dataflow/dflow.py
1724114771.977008 2024-08-20 00:46:11 MainProcess-2147046 MainThread-22991618613440 parsl.dataflow.dflow:175 _log DEBUG: Considering candidate for workflow name: /soft/applications/conda/2024-04-29/mconda3/lib/python3.11/site-packages/typeguard/__init__.py
1724114771.977063 2024-08-20 00:46:11 MainProcess-2147046 MainThread-22991618613440 parsl.dataflow.dflow:175 _log DEBUG: Considering candidate for workflow name: /home/viralss2/nekRS-ML_MSR/examples/parsl_MSR_smartsim/ssim_driver_polaris.py
1724114771.977103 2024-08-20 00:46:11 MainProcess-2147046 MainThread-22991618613440 parsl.dataflow.dflow:175 _log DEBUG: Using ssim_driver_polaris.py as workflow name
1724114771.977223 2024-08-20 00:46:11 MainProcess-2147046 MainThread-22991618613440 parsl.dataflow.memoization:175 _log INFO: App caching initialized
1724114771.977278 2024-08-20 00:46:11 MainProcess-2147046 MainThread-22991618613440 parsl.jobs.strategy:175 _log DEBUG: Scaling strategy: simple
1724114771.981723 2024-08-20 00:46:11 MainProcess-2147046 MainThread-22991618613440 parsl.executors.high_throughput.executor:175 _log DEBUG: Starting result queue thread
1724114771.981940 2024-08-20 00:46:11 MainProcess-2147046 HTEX-Result-Queue-Thread-22982760044288 parsl.executors.high_throughput.executor:175 _log DEBUG: Result queue worker starting
1724114771.982014 2024-08-20 00:46:11 MainProcess-2147046 MainThread-22991618613440 parsl.executors.high_throughput.executor:175 _log DEBUG: Started result queue thread
1724114771.982061 2024-08-20 00:46:11 MainProcess-2147046 HTEX-Result-Queue-Thread-22982760044288 parsl.executors.high_throughput.zmq_pipes:175 _log DEBUG: Waiting for ResultsIncoming message
1724114771.982926 2024-08-20 00:46:11 MainProcess-2147046 MainThread-22991618613440 parsl.executors.high_throughput.executor:175 _log DEBUG: Popened interchange process. Writing config object
1724114771.982994 2024-08-20 00:46:11 MainProcess-2147046 MainThread-22991618613440 parsl.executors.high_throughput.executor:175 _log DEBUG: Sent config object. Requesting worker ports
1724114771.983038 2024-08-20 00:46:11 MainProcess-2147046 MainThread-22991618613440 parsl.executors.high_throughput.zmq_pipes:175 _log DEBUG: Sending command client command
1724114772.517227 2024-08-20 00:46:12 MainProcess-2147046 MainThread-22991618613440 parsl.executors.high_throughput.zmq_pipes:175 _log DEBUG: Polling for command client response or timeout
1724114772.518857 2024-08-20 00:46:12 MainProcess-2147046 MainThread-22991618613440 parsl.executors.high_throughput.zmq_pipes:175 _log DEBUG: Receiving command client response
1724114772.518913 2024-08-20 00:46:12 MainProcess-2147046 MainThread-22991618613440 parsl.executors.high_throughput.zmq_pipes:175 _log DEBUG: Received command client response
1724114772.518956 2024-08-20 00:46:12 MainProcess-2147046 MainThread-22991618613440 parsl.executors.high_throughput.executor:175 _log DEBUG: Got worker ports
1724114772.518992 2024-08-20 00:46:12 MainProcess-2147046 MainThread-22991618613440 parsl.executors.high_throughput.executor:175 _log DEBUG: Created result queue thread: <Thread(HTEX-Result-Queue-Thread, started daemon 22982760044288)>
1724114772.519204 2024-08-20 00:46:12 MainProcess-2147046 MainThread-22991618613440 parsl.executors.high_throughput.executor:175 _log DEBUG: Launch command: process_worker_pool.py   -a 10.140.56.174 -p 0 -c 1.0 -m None --poll 10 --task_port=54946 --result_port=54903 --cert_dir None --logdir=/home/viralss2/nekRS-ML_MSR/examples/parsl_MSR_smartsim/runinfo/043/HighThroughputExecutor --block_id={block_id} --hb_period=30  --hb_threshold=120 --drain_period=None --cpu-affinity block-reverse  --mpi-launcher=mpiexec --available-accelerators 0,1,2,3
1724114772.519244 2024-08-20 00:46:12 MainProcess-2147046 MainThread-22991618613440 parsl.executors.high_throughput.executor:175 _log DEBUG: Starting HighThroughputExecutor with provider:
LocalProvider(
    channel=LocalChannel(
        envs={}, 
        script_dir='/home/viralss2/nekRS-ML_MSR/examples/parsl_MSR_smartsim/runinfo/043/submit_scripts', 
        userhome='/home/viralss2/nekRS-ML_MSR/examples/parsl_MSR_smartsim'
    ), 
    cmd_timeout=30, 
    init_blocks=1, 
    launcher=SingleNodeLauncher(debug=True, fail_on_any=False), 
    max_blocks=1, 
    min_blocks=0, 
    move_files=None, 
    nodes_per_block=1, 
    parallelism=1, 
    worker_init='source /home/viralss2/ALCF_Hands_on_HPC_Workshop/workflows/parsl/launch_eg/set_run_env;\n                            cd /home/viralss2/nekRS-ML_MSR/examples/parsl_MSR_smartsim'
)
1724114772.519538 2024-08-20 00:46:12 MainProcess-2147046 MainThread-22991618613440 parsl.jobs.job_status_poller:175 _log DEBUG: Adding executor HighThroughputExecutor
1724114776.977627 2024-08-20 00:46:16 MainProcess-2147046 JobStatusPoller-Timer-Thread-22982844032400-22982843688704 parsl.executors.high_throughput.zmq_pipes:175 _log DEBUG: Sending command client command
1724114776.977832 2024-08-20 00:46:16 MainProcess-2147046 JobStatusPoller-Timer-Thread-22982844032400-22982843688704 parsl.executors.high_throughput.zmq_pipes:175 _log DEBUG: Receiving command client response
1724114776.978168 2024-08-20 00:46:16 MainProcess-2147046 JobStatusPoller-Timer-Thread-22982844032400-22982843688704 parsl.executors.high_throughput.zmq_pipes:175 _log DEBUG: Received command client response
1724114776.978275 2024-08-20 00:46:16 MainProcess-2147046 JobStatusPoller-Timer-Thread-22982844032400-22982843688704 parsl.jobs.strategy:175 _log DEBUG: general strategy starting with strategy_type simple for 1 executors
1724114776.978354 2024-08-20 00:46:16 MainProcess-2147046 JobStatusPoller-Timer-Thread-22982844032400-22982843688704 parsl.jobs.strategy:175 _log DEBUG: Strategizing for executor HighThroughputExecutor
1724114776.978435 2024-08-20 00:46:16 MainProcess-2147046 JobStatusPoller-Timer-Thread-22982844032400-22982843688704 parsl.jobs.strategy:175 _log DEBUG: Scaling out 1 initial blocks for HighThroughputExecutor
1724114776.978504 2024-08-20 00:46:16 MainProcess-2147046 JobStatusPoller-Timer-Thread-22982844032400-22982843688704 parsl.executors.status_handling:175 _log INFO: Scaling out by 1 blocks
1724114776.978581 2024-08-20 00:46:16 MainProcess-2147046 JobStatusPoller-Timer-Thread-22982844032400-22982843688704 parsl.executors.status_handling:175 _log INFO: Allocated block ID 0
1724114776.978636 2024-08-20 00:46:16 MainProcess-2147046 JobStatusPoller-Timer-Thread-22982844032400-22982843688704 parsl.executors.status_handling:175 _log DEBUG: Submitting to provider with job_name parsl.HighThroughputExecutor.block-0
1724114776.980992 2024-08-20 00:46:16 MainProcess-2147046 JobStatusPoller-Timer-Thread-22982844032400-22982843688704 parsl.providers.local.local:175 _log DEBUG: Launching
1724114776.981208 2024-08-20 00:46:16 MainProcess-2147046 JobStatusPoller-Timer-Thread-22982844032400-22982843688704 parsl.channels.local.local:175 _log DEBUG: Creating process with command '/bin/bash -c 'echo - >/home/viralss2/nekRS-ML_MSR/examples/parsl_MSR_smartsim/runinfo/043/submit_scripts/parsl.HighThroughputExecutor.block-0.1724114776.9787412.sh.ec && { { bash /home/viralss2/nekRS-ML_MSR/examples/parsl_MSR_smartsim/runinfo/043/submit_scripts/parsl.HighThroughputExecutor.block-0.1724114776.9787412.sh 1>/home/viralss2/nekRS-ML_MSR/examples/parsl_MSR_smartsim/runinfo/043/submit_scripts/parsl.HighThroughputExecutor.block-0.1724114776.9787412.sh.out 2>/home/viralss2/nekRS-ML_MSR/examples/parsl_MSR_smartsim/runinfo/043/submit_scripts/parsl.HighThroughputExecutor.block-0.1724114776.9787412.sh.err ; echo $? > /home/viralss2/nekRS-ML_MSR/examples/parsl_MSR_smartsim/runinfo/043/submit_scripts/parsl.HighThroughputExecutor.block-0.1724114776.9787412.sh.ec ; } >/dev/null 2>&1 & echo "PID:$!" ; }''
1724114776.994740 2024-08-20 00:46:16 MainProcess-2147046 JobStatusPoller-Timer-Thread-22982844032400-22982843688704 parsl.channels.local.local:175 _log DEBUG: Created process with pid 2147263. Performing communicate
1724114777.003343 2024-08-20 00:46:17 MainProcess-2147046 JobStatusPoller-Timer-Thread-22982844032400-22982843688704 parsl.channels.local.local:175 _log DEBUG: Process 2147263 returned 0
1724114777.003468 2024-08-20 00:46:17 MainProcess-2147046 JobStatusPoller-Timer-Thread-22982844032400-22982843688704 parsl.channels.local.local:175 _log DEBUG: Execution of command in process 2147263 completed normally
1724114777.003635 2024-08-20 00:46:17 MainProcess-2147046 JobStatusPoller-Timer-Thread-22982844032400-22982843688704 parsl.executors.status_handling:175 _log DEBUG: Launched block 0 on executor HighThroughputExecutor with job ID 2147264
1724114777.003732 2024-08-20 00:46:17 MainProcess-2147046 JobStatusPoller-Timer-Thread-22982844032400-22982843688704 parsl.executors.high_throughput.zmq_pipes:175 _log DEBUG: Sending command client command
1724114777.003819 2024-08-20 00:46:17 MainProcess-2147046 JobStatusPoller-Timer-Thread-22982844032400-22982843688704 parsl.executors.high_throughput.zmq_pipes:175 _log DEBUG: Receiving command client response
1724114777.003954 2024-08-20 00:46:17 MainProcess-2147046 JobStatusPoller-Timer-Thread-22982844032400-22982843688704 parsl.executors.high_throughput.zmq_pipes:175 _log DEBUG: Received command client response
1724114777.004015 2024-08-20 00:46:17 MainProcess-2147046 JobStatusPoller-Timer-Thread-22982844032400-22982843688704 parsl.jobs.strategy:175 _log DEBUG: Slot ratio calculation: active_slots = 1, active_tasks = 0
1724114777.004057 2024-08-20 00:46:17 MainProcess-2147046 JobStatusPoller-Timer-Thread-22982844032400-22982843688704 parsl.executors.high_throughput.zmq_pipes:175 _log DEBUG: Sending command client command
1724114777.004103 2024-08-20 00:46:17 MainProcess-2147046 JobStatusPoller-Timer-Thread-22982844032400-22982843688704 parsl.executors.high_throughput.zmq_pipes:175 _log DEBUG: Receiving command client response
1724114777.004174 2024-08-20 00:46:17 MainProcess-2147046 JobStatusPoller-Timer-Thread-22982844032400-22982843688704 parsl.executors.high_throughput.zmq_pipes:175 _log DEBUG: Received command client response
1724114777.004217 2024-08-20 00:46:17 MainProcess-2147046 JobStatusPoller-Timer-Thread-22982844032400-22982843688704 parsl.executors.high_throughput.zmq_pipes:175 _log DEBUG: Sending command client command
1724114777.004261 2024-08-20 00:46:17 MainProcess-2147046 JobStatusPoller-Timer-Thread-22982844032400-22982843688704 parsl.executors.high_throughput.zmq_pipes:175 _log DEBUG: Receiving command client response
1724114777.004324 2024-08-20 00:46:17 MainProcess-2147046 JobStatusPoller-Timer-Thread-22982844032400-22982843688704 parsl.executors.high_throughput.zmq_pipes:175 _log DEBUG: Received command client response
1724114777.004364 2024-08-20 00:46:17 MainProcess-2147046 JobStatusPoller-Timer-Thread-22982844032400-22982843688704 parsl.jobs.strategy:175 _log DEBUG: Executor HighThroughputExecutor has 0 active tasks, 0/1 running/pending blocks, and 0 connected workers
1724114777.004399 2024-08-20 00:46:17 MainProcess-2147046 JobStatusPoller-Timer-Thread-22982844032400-22982843688704 parsl.jobs.strategy:175 _log DEBUG: Strategy case 1: Executor has no active tasks
1724114777.004434 2024-08-20 00:46:17 MainProcess-2147046 JobStatusPoller-Timer-Thread-22982844032400-22982843688704 parsl.jobs.strategy:175 _log DEBUG: Strategy case 1b: Executor has no active tasks, and more (1) than minimum blocks (0)
1724114777.004471 2024-08-20 00:46:17 MainProcess-2147046 JobStatusPoller-Timer-Thread-22982844032400-22982843688704 parsl.jobs.strategy:175 _log DEBUG: Starting idle timer for executor. If idle time exceeds 120.0s, blocks will be scaled in
1724114777.004518 2024-08-20 00:46:17 MainProcess-2147046 JobStatusPoller-Timer-Thread-22982844032400-22982843688704 parsl.jobs.strategy:175 _log DEBUG: Idle time 7.152557373046875e-07s is less than max_idletime 120.0s for executor HighThroughputExecutor; not scaling in
1724114777.004569 2024-08-20 00:46:17 MainProcess-2147046 JobStatusPoller-Timer-Thread-22982844032400-22982843688704 parsl.process_loggers:175 _log DEBUG: Normal ending for _general_strategy on thread JobStatusPoller-Timer-Thread-22982844032400
1724114782.005130 2024-08-20 00:46:22 MainProcess-2147046 JobStatusPoller-Timer-Thread-22982844032400-22982843688704 parsl.channels.local.local:175 _log DEBUG: Creating process with command 'ps -p 2147264 > /dev/null 2> /dev/null; echo "STATUS:$?" '
1724114782.014612 2024-08-20 00:46:22 MainProcess-2147046 JobStatusPoller-Timer-Thread-22982844032400-22982843688704 parsl.channels.local.local:175 _log DEBUG: Created process with pid 2147406. Performing communicate
1724114782.079045 2024-08-20 00:46:22 MainProcess-2147046 JobStatusPoller-Timer-Thread-22982844032400-22982843688704 parsl.channels.local.local:175 _log DEBUG: Process 2147406 returned 0
1724114782.079199 2024-08-20 00:46:22 MainProcess-2147046 JobStatusPoller-Timer-Thread-22982844032400-22982843688704 parsl.channels.local.local:175 _log DEBUG: Execution of command in process 2147406 completed normally
1724114782.080245 2024-08-20 00:46:22 MainProcess-2147046 JobStatusPoller-Timer-Thread-22982844032400-22982843688704 parsl.executors.high_throughput.zmq_pipes:175 _log DEBUG: Sending command client command
1724114782.080355 2024-08-20 00:46:22 MainProcess-2147046 JobStatusPoller-Timer-Thread-22982844032400-22982843688704 parsl.executors.high_throughput.zmq_pipes:175 _log DEBUG: Receiving command client response
1724114782.080560 2024-08-20 00:46:22 MainProcess-2147046 JobStatusPoller-Timer-Thread-22982844032400-22982843688704 parsl.executors.high_throughput.zmq_pipes:175 _log DEBUG: Received command client response
1724114782.080703 2024-08-20 00:46:22 MainProcess-2147046 JobStatusPoller-Timer-Thread-22982844032400-22982843688704 parsl.jobs.strategy:175 _log DEBUG: general strategy starting with strategy_type simple for 1 executors
1724114782.080750 2024-08-20 00:46:22 MainProcess-2147046 JobStatusPoller-Timer-Thread-22982844032400-22982843688704 parsl.jobs.strategy:175 _log DEBUG: Strategizing for executor HighThroughputExecutor
1724114782.080794 2024-08-20 00:46:22 MainProcess-2147046 JobStatusPoller-Timer-Thread-22982844032400-22982843688704 parsl.executors.high_throughput.zmq_pipes:175 _log DEBUG: Sending command client command
1724114782.080844 2024-08-20 00:46:22 MainProcess-2147046 JobStatusPoller-Timer-Thread-22982844032400-22982843688704 parsl.executors.high_throughput.zmq_pipes:175 _log DEBUG: Receiving command client response
1724114782.080929 2024-08-20 00:46:22 MainProcess-2147046 JobStatusPoller-Timer-Thread-22982844032400-22982843688704 parsl.executors.high_throughput.zmq_pipes:175 _log DEBUG: Received command client response
1724114782.080979 2024-08-20 00:46:22 MainProcess-2147046 JobStatusPoller-Timer-Thread-22982844032400-22982843688704 parsl.jobs.strategy:175 _log DEBUG: Slot ratio calculation: active_slots = 1, active_tasks = 0
1724114782.081020 2024-08-20 00:46:22 MainProcess-2147046 JobStatusPoller-Timer-Thread-22982844032400-22982843688704 parsl.executors.high_throughput.zmq_pipes:175 _log DEBUG: Sending command client command
1724114782.081070 2024-08-20 00:46:22 MainProcess-2147046 JobStatusPoller-Timer-Thread-22982844032400-22982843688704 parsl.executors.high_throughput.zmq_pipes:175 _log DEBUG: Receiving command client response
1724114782.081138 2024-08-20 00:46:22 MainProcess-2147046 JobStatusPoller-Timer-Thread-22982844032400-22982843688704 parsl.executors.high_throughput.zmq_pipes:175 _log DEBUG: Received command client response
1724114782.081181 2024-08-20 00:46:22 MainProcess-2147046 JobStatusPoller-Timer-Thread-22982844032400-22982843688704 parsl.executors.high_throughput.zmq_pipes:175 _log DEBUG: Sending command client command
1724114782.081225 2024-08-20 00:46:22 MainProcess-2147046 JobStatusPoller-Timer-Thread-22982844032400-22982843688704 parsl.executors.high_throughput.zmq_pipes:175 _log DEBUG: Receiving command client response
1724114782.081285 2024-08-20 00:46:22 MainProcess-2147046 JobStatusPoller-Timer-Thread-22982844032400-22982843688704 parsl.executors.high_throughput.zmq_pipes:175 _log DEBUG: Received command client response
1724114782.081323 2024-08-20 00:46:22 MainProcess-2147046 JobStatusPoller-Timer-Thread-22982844032400-22982843688704 parsl.jobs.strategy:175 _log DEBUG: Executor HighThroughputExecutor has 0 active tasks, 1/0 running/pending blocks, and 1 connected workers
1724114782.081376 2024-08-20 00:46:22 MainProcess-2147046 JobStatusPoller-Timer-Thread-22982844032400-22982843688704 parsl.jobs.strategy:175 _log DEBUG: Strategy case 1: Executor has no active tasks
1724114782.081414 2024-08-20 00:46:22 MainProcess-2147046 JobStatusPoller-Timer-Thread-22982844032400-22982843688704 parsl.jobs.strategy:175 _log DEBUG: Strategy case 1b: Executor has no active tasks, and more (1) than minimum blocks (0)
1724114782.081456 2024-08-20 00:46:22 MainProcess-2147046 JobStatusPoller-Timer-Thread-22982844032400-22982843688704 parsl.jobs.strategy:175 _log DEBUG: Idle time 5.076940298080444s is less than max_idletime 120.0s for executor HighThroughputExecutor; not scaling in
1724114782.081492 2024-08-20 00:46:22 MainProcess-2147046 JobStatusPoller-Timer-Thread-22982844032400-22982843688704 parsl.process_loggers:175 _log DEBUG: Normal ending for _general_strategy on thread JobStatusPoller-Timer-Thread-22982844032400
1724114782.756806 2024-08-20 00:46:22 MainProcess-2147046 MainThread-22991618613440 parsl.dataflow.dflow:175 _log DEBUG: Task 0 will be sent to executor HighThroughputExecutor
1724114782.756964 2024-08-20 00:46:22 MainProcess-2147046 MainThread-22991618613440 parsl.dataflow.dflow:175 _log DEBUG: Adding output dependencies
1724114782.757012 2024-08-20 00:46:22 MainProcess-2147046 MainThread-22991618613440 parsl.dataflow.dflow:175 _log DEBUG: Added output dependencies
1724114782.757053 2024-08-20 00:46:22 MainProcess-2147046 MainThread-22991618613440 parsl.dataflow.dflow:175 _log DEBUG: Gathering dependencies
1724114782.757178 2024-08-20 00:46:22 MainProcess-2147046 MainThread-22991618613440 parsl.dataflow.dflow:175 _log DEBUG: Gathered dependencies
1724114782.757224 2024-08-20 00:46:22 MainProcess-2147046 MainThread-22991618613440 parsl.dataflow.dflow:175 _log INFO: Task 0 submitted for App hello_affinity, not waiting on any dependency
1724114782.757284 2024-08-20 00:46:22 MainProcess-2147046 MainThread-22991618613440 parsl.dataflow.dflow:175 _log DEBUG: Task 0 set to pending state with AppFuture: <AppFuture at 0x14e71c3cbad0 state=pending>
1724114782.757658 2024-08-20 00:46:22 MainProcess-2147046 Dependency-Launch_0-22983933269760 parsl.dataflow.memoization:175 _log DEBUG: Task 0 will not be memoized
1724114782.757813 2024-08-20 00:46:22 MainProcess-2147046 Dependency-Launch_0-22983933269760 parsl.executors.high_throughput.executor:175 _log DEBUG: Pushing function <function hello_affinity at 0x14e71c431e40> to queue with args ("Namespace(sim_nodes=1, db_nodes=1, simprocs_pn=4, simprocs=4, sim_cpu_bind='numa', sim_arguments='--...", "'pals'", "'10.201.0.169:6780'", "'x3203c0s1b1n0'", '<smartsim.experiment.Experiment object at 0x14e71dbe7490>')
1724114782.761618 2024-08-20 00:46:22 MainProcess-2147046 Dependency-Launch_0-22983933269760 parsl.executors.high_throughput.zmq_pipes:175 _log DEBUG: Sending TasksOutgoing message
1724114782.761700 2024-08-20 00:46:22 MainProcess-2147046 Dependency-Launch_0-22983933269760 parsl.executors.high_throughput.zmq_pipes:175 _log DEBUG: Sent TasksOutgoing message
1724114782.761755 2024-08-20 00:46:22 MainProcess-2147046 Dependency-Launch_0-22983933269760 parsl.dataflow.dflow:175 _log INFO: Parsl task 0 try 0 launched on executor HighThroughputExecutor with executor id 1
1724114782.761806 2024-08-20 00:46:22 MainProcess-2147046 Dependency-Launch_0-22983933269760 parsl.dataflow.dflow:175 _log INFO: Standard out for task 0 will not be redirected.
1724114782.761844 2024-08-20 00:46:22 MainProcess-2147046 Dependency-Launch_0-22983933269760 parsl.dataflow.dflow:175 _log INFO: Standard error for task 0 will not be redirected.
1724114782.761888 2024-08-20 00:46:22 MainProcess-2147046 Dependency-Launch_0-22983933269760 parsl.process_loggers:175 _log DEBUG: Normal ending for _launch_if_ready_async on thread Dependency-Launch_0
1724114787.081953 2024-08-20 00:46:27 MainProcess-2147046 JobStatusPoller-Timer-Thread-22982844032400-22982843688704 parsl.channels.local.local:175 _log DEBUG: Creating process with command 'ps -p 2147264 > /dev/null 2> /dev/null; echo "STATUS:$?" '
1724114787.091591 2024-08-20 00:46:27 MainProcess-2147046 JobStatusPoller-Timer-Thread-22982844032400-22982843688704 parsl.channels.local.local:175 _log DEBUG: Created process with pid 2147479. Performing communicate
1724114787.156571 2024-08-20 00:46:27 MainProcess-2147046 JobStatusPoller-Timer-Thread-22982844032400-22982843688704 parsl.channels.local.local:175 _log DEBUG: Process 2147479 returned 0
1724114787.156727 2024-08-20 00:46:27 MainProcess-2147046 JobStatusPoller-Timer-Thread-22982844032400-22982843688704 parsl.channels.local.local:175 _log DEBUG: Execution of command in process 2147479 completed normally
1724114787.157651 2024-08-20 00:46:27 MainProcess-2147046 JobStatusPoller-Timer-Thread-22982844032400-22982843688704 parsl.executors.high_throughput.zmq_pipes:175 _log DEBUG: Sending command client command
1724114787.157760 2024-08-20 00:46:27 MainProcess-2147046 JobStatusPoller-Timer-Thread-22982844032400-22982843688704 parsl.executors.high_throughput.zmq_pipes:175 _log DEBUG: Receiving command client response
1724114787.157970 2024-08-20 00:46:27 MainProcess-2147046 JobStatusPoller-Timer-Thread-22982844032400-22982843688704 parsl.executors.high_throughput.zmq_pipes:175 _log DEBUG: Received command client response
1724114787.158108 2024-08-20 00:46:27 MainProcess-2147046 JobStatusPoller-Timer-Thread-22982844032400-22982843688704 parsl.jobs.strategy:175 _log DEBUG: general strategy starting with strategy_type simple for 1 executors
1724114787.158165 2024-08-20 00:46:27 MainProcess-2147046 JobStatusPoller-Timer-Thread-22982844032400-22982843688704 parsl.jobs.strategy:175 _log DEBUG: Strategizing for executor HighThroughputExecutor
1724114787.158209 2024-08-20 00:46:27 MainProcess-2147046 JobStatusPoller-Timer-Thread-22982844032400-22982843688704 parsl.executors.high_throughput.zmq_pipes:175 _log DEBUG: Sending command client command
1724114787.158257 2024-08-20 00:46:27 MainProcess-2147046 JobStatusPoller-Timer-Thread-22982844032400-22982843688704 parsl.executors.high_throughput.zmq_pipes:175 _log DEBUG: Receiving command client response
1724114787.158381 2024-08-20 00:46:27 MainProcess-2147046 JobStatusPoller-Timer-Thread-22982844032400-22982843688704 parsl.executors.high_throughput.zmq_pipes:175 _log DEBUG: Received command client response
1724114787.158456 2024-08-20 00:46:27 MainProcess-2147046 JobStatusPoller-Timer-Thread-22982844032400-22982843688704 parsl.jobs.strategy:175 _log DEBUG: Slot ratio calculation: active_slots = 1, active_tasks = 1
1724114787.158501 2024-08-20 00:46:27 MainProcess-2147046 JobStatusPoller-Timer-Thread-22982844032400-22982843688704 parsl.executors.high_throughput.zmq_pipes:175 _log DEBUG: Sending command client command
1724114787.158554 2024-08-20 00:46:27 MainProcess-2147046 JobStatusPoller-Timer-Thread-22982844032400-22982843688704 parsl.executors.high_throughput.zmq_pipes:175 _log DEBUG: Receiving command client response
1724114787.158685 2024-08-20 00:46:27 MainProcess-2147046 JobStatusPoller-Timer-Thread-22982844032400-22982843688704 parsl.executors.high_throughput.zmq_pipes:175 _log DEBUG: Received command client response
1724114787.158750 2024-08-20 00:46:27 MainProcess-2147046 JobStatusPoller-Timer-Thread-22982844032400-22982843688704 parsl.executors.high_throughput.zmq_pipes:175 _log DEBUG: Sending command client command
1724114787.158805 2024-08-20 00:46:27 MainProcess-2147046 JobStatusPoller-Timer-Thread-22982844032400-22982843688704 parsl.executors.high_throughput.zmq_pipes:175 _log DEBUG: Receiving command client response
1724114787.158895 2024-08-20 00:46:27 MainProcess-2147046 JobStatusPoller-Timer-Thread-22982844032400-22982843688704 parsl.executors.high_throughput.zmq_pipes:175 _log DEBUG: Received command client response
1724114787.158935 2024-08-20 00:46:27 MainProcess-2147046 JobStatusPoller-Timer-Thread-22982844032400-22982843688704 parsl.jobs.strategy:175 _log DEBUG: Executor HighThroughputExecutor has 1 active tasks, 1/0 running/pending blocks, and 1 connected workers
1724114787.158993 2024-08-20 00:46:27 MainProcess-2147046 JobStatusPoller-Timer-Thread-22982844032400-22982843688704 parsl.jobs.strategy:175 _log DEBUG: Strategy case 3: no changes necessary to current block load
1724114787.159033 2024-08-20 00:46:27 MainProcess-2147046 JobStatusPoller-Timer-Thread-22982844032400-22982843688704 parsl.process_loggers:175 _log DEBUG: Normal ending for _general_strategy on thread JobStatusPoller-Timer-Thread-22982844032400
1724114792.159391 2024-08-20 00:46:32 MainProcess-2147046 JobStatusPoller-Timer-Thread-22982844032400-22982843688704 parsl.channels.local.local:175 _log DEBUG: Creating process with command 'ps -p 2147264 > /dev/null 2> /dev/null; echo "STATUS:$?" '
1724114792.168822 2024-08-20 00:46:32 MainProcess-2147046 JobStatusPoller-Timer-Thread-22982844032400-22982843688704 parsl.channels.local.local:175 _log DEBUG: Created process with pid 2147481. Performing communicate
1724114792.233716 2024-08-20 00:46:32 MainProcess-2147046 JobStatusPoller-Timer-Thread-22982844032400-22982843688704 parsl.channels.local.local:175 _log DEBUG: Process 2147481 returned 0
1724114792.233866 2024-08-20 00:46:32 MainProcess-2147046 JobStatusPoller-Timer-Thread-22982844032400-22982843688704 parsl.channels.local.local:175 _log DEBUG: Execution of command in process 2147481 completed normally
1724114792.235321 2024-08-20 00:46:32 MainProcess-2147046 JobStatusPoller-Timer-Thread-22982844032400-22982843688704 parsl.executors.high_throughput.zmq_pipes:175 _log DEBUG: Sending command client command
1724114792.235486 2024-08-20 00:46:32 MainProcess-2147046 JobStatusPoller-Timer-Thread-22982844032400-22982843688704 parsl.executors.high_throughput.zmq_pipes:175 _log DEBUG: Receiving command client response
1724114792.235687 2024-08-20 00:46:32 MainProcess-2147046 JobStatusPoller-Timer-Thread-22982844032400-22982843688704 parsl.executors.high_throughput.zmq_pipes:175 _log DEBUG: Received command client response
1724114792.235826 2024-08-20 00:46:32 MainProcess-2147046 JobStatusPoller-Timer-Thread-22982844032400-22982843688704 parsl.jobs.strategy:175 _log DEBUG: general strategy starting with strategy_type simple for 1 executors
1724114792.235874 2024-08-20 00:46:32 MainProcess-2147046 JobStatusPoller-Timer-Thread-22982844032400-22982843688704 parsl.jobs.strategy:175 _log DEBUG: Strategizing for executor HighThroughputExecutor
1724114792.235919 2024-08-20 00:46:32 MainProcess-2147046 JobStatusPoller-Timer-Thread-22982844032400-22982843688704 parsl.executors.high_throughput.zmq_pipes:175 _log DEBUG: Sending command client command
1724114792.235968 2024-08-20 00:46:32 MainProcess-2147046 JobStatusPoller-Timer-Thread-22982844032400-22982843688704 parsl.executors.high_throughput.zmq_pipes:175 _log DEBUG: Receiving command client response
1724114792.236068 2024-08-20 00:46:32 MainProcess-2147046 JobStatusPoller-Timer-Thread-22982844032400-22982843688704 parsl.executors.high_throughput.zmq_pipes:175 _log DEBUG: Received command client response
1724114792.236119 2024-08-20 00:46:32 MainProcess-2147046 JobStatusPoller-Timer-Thread-22982844032400-22982843688704 parsl.jobs.strategy:175 _log DEBUG: Slot ratio calculation: active_slots = 1, active_tasks = 1
1724114792.236156 2024-08-20 00:46:32 MainProcess-2147046 JobStatusPoller-Timer-Thread-22982844032400-22982843688704 parsl.executors.high_throughput.zmq_pipes:175 _log DEBUG: Sending command client command
1724114792.236200 2024-08-20 00:46:32 MainProcess-2147046 JobStatusPoller-Timer-Thread-22982844032400-22982843688704 parsl.executors.high_throughput.zmq_pipes:175 _log DEBUG: Receiving command client response
1724114792.236290 2024-08-20 00:46:32 MainProcess-2147046 JobStatusPoller-Timer-Thread-22982844032400-22982843688704 parsl.executors.high_throughput.zmq_pipes:175 _log DEBUG: Received command client response
1724114792.236334 2024-08-20 00:46:32 MainProcess-2147046 JobStatusPoller-Timer-Thread-22982844032400-22982843688704 parsl.executors.high_throughput.zmq_pipes:175 _log DEBUG: Sending command client command
1724114792.236376 2024-08-20 00:46:32 MainProcess-2147046 JobStatusPoller-Timer-Thread-22982844032400-22982843688704 parsl.executors.high_throughput.zmq_pipes:175 _log DEBUG: Receiving command client response
1724114792.236468 2024-08-20 00:46:32 MainProcess-2147046 JobStatusPoller-Timer-Thread-22982844032400-22982843688704 parsl.executors.high_throughput.zmq_pipes:175 _log DEBUG: Received command client response
1724114792.236510 2024-08-20 00:46:32 MainProcess-2147046 JobStatusPoller-Timer-Thread-22982844032400-22982843688704 parsl.jobs.strategy:175 _log DEBUG: Executor HighThroughputExecutor has 1 active tasks, 1/0 running/pending blocks, and 1 connected workers
1724114792.236550 2024-08-20 00:46:32 MainProcess-2147046 JobStatusPoller-Timer-Thread-22982844032400-22982843688704 parsl.jobs.strategy:175 _log DEBUG: Strategy case 3: no changes necessary to current block load
1724114792.236592 2024-08-20 00:46:32 MainProcess-2147046 JobStatusPoller-Timer-Thread-22982844032400-22982843688704 parsl.process_loggers:175 _log DEBUG: Normal ending for _general_strategy on thread JobStatusPoller-Timer-Thread-22982844032400
1724114797.237124 2024-08-20 00:46:37 MainProcess-2147046 JobStatusPoller-Timer-Thread-22982844032400-22982843688704 parsl.channels.local.local:175 _log DEBUG: Creating process with command 'ps -p 2147264 > /dev/null 2> /dev/null; echo "STATUS:$?" '
1724114797.247166 2024-08-20 00:46:37 MainProcess-2147046 JobStatusPoller-Timer-Thread-22982844032400-22982843688704 parsl.channels.local.local:175 _log DEBUG: Created process with pid 2147555. Performing communicate
1724114797.311237 2024-08-20 00:46:37 MainProcess-2147046 JobStatusPoller-Timer-Thread-22982844032400-22982843688704 parsl.channels.local.local:175 _log DEBUG: Process 2147555 returned 0
1724114797.311348 2024-08-20 00:46:37 MainProcess-2147046 JobStatusPoller-Timer-Thread-22982844032400-22982843688704 parsl.channels.local.local:175 _log DEBUG: Execution of command in process 2147555 completed normally
1724114797.311955 2024-08-20 00:46:37 MainProcess-2147046 JobStatusPoller-Timer-Thread-22982844032400-22982843688704 parsl.executors.high_throughput.zmq_pipes:175 _log DEBUG: Sending command client command
1724114797.312051 2024-08-20 00:46:37 MainProcess-2147046 JobStatusPoller-Timer-Thread-22982844032400-22982843688704 parsl.executors.high_throughput.zmq_pipes:175 _log DEBUG: Receiving command client response
1724114797.312320 2024-08-20 00:46:37 MainProcess-2147046 JobStatusPoller-Timer-Thread-22982844032400-22982843688704 parsl.executors.high_throughput.zmq_pipes:175 _log DEBUG: Received command client response
1724114797.312429 2024-08-20 00:46:37 MainProcess-2147046 JobStatusPoller-Timer-Thread-22982844032400-22982843688704 parsl.jobs.strategy:175 _log DEBUG: general strategy starting with strategy_type simple for 1 executors
1724114797.312471 2024-08-20 00:46:37 MainProcess-2147046 JobStatusPoller-Timer-Thread-22982844032400-22982843688704 parsl.jobs.strategy:175 _log DEBUG: Strategizing for executor HighThroughputExecutor
1724114797.312521 2024-08-20 00:46:37 MainProcess-2147046 JobStatusPoller-Timer-Thread-22982844032400-22982843688704 parsl.executors.high_throughput.zmq_pipes:175 _log DEBUG: Sending command client command
1724114797.312579 2024-08-20 00:46:37 MainProcess-2147046 JobStatusPoller-Timer-Thread-22982844032400-22982843688704 parsl.executors.high_throughput.zmq_pipes:175 _log DEBUG: Receiving command client response
1724114797.312727 2024-08-20 00:46:37 MainProcess-2147046 JobStatusPoller-Timer-Thread-22982844032400-22982843688704 parsl.executors.high_throughput.zmq_pipes:175 _log DEBUG: Received command client response
1724114797.312781 2024-08-20 00:46:37 MainProcess-2147046 JobStatusPoller-Timer-Thread-22982844032400-22982843688704 parsl.jobs.strategy:175 _log DEBUG: Slot ratio calculation: active_slots = 1, active_tasks = 1
1724114797.312820 2024-08-20 00:46:37 MainProcess-2147046 JobStatusPoller-Timer-Thread-22982844032400-22982843688704 parsl.executors.high_throughput.zmq_pipes:175 _log DEBUG: Sending command client command
1724114797.312865 2024-08-20 00:46:37 MainProcess-2147046 JobStatusPoller-Timer-Thread-22982844032400-22982843688704 parsl.executors.high_throughput.zmq_pipes:175 _log DEBUG: Receiving command client response
1724114797.312954 2024-08-20 00:46:37 MainProcess-2147046 JobStatusPoller-Timer-Thread-22982844032400-22982843688704 parsl.executors.high_throughput.zmq_pipes:175 _log DEBUG: Received command client response
1724114797.312999 2024-08-20 00:46:37 MainProcess-2147046 JobStatusPoller-Timer-Thread-22982844032400-22982843688704 parsl.executors.high_throughput.zmq_pipes:175 _log DEBUG: Sending command client command
1724114797.313044 2024-08-20 00:46:37 MainProcess-2147046 JobStatusPoller-Timer-Thread-22982844032400-22982843688704 parsl.executors.high_throughput.zmq_pipes:175 _log DEBUG: Receiving command client response
1724114797.313130 2024-08-20 00:46:37 MainProcess-2147046 JobStatusPoller-Timer-Thread-22982844032400-22982843688704 parsl.executors.high_throughput.zmq_pipes:175 _log DEBUG: Received command client response
1724114797.313170 2024-08-20 00:46:37 MainProcess-2147046 JobStatusPoller-Timer-Thread-22982844032400-22982843688704 parsl.jobs.strategy:175 _log DEBUG: Executor HighThroughputExecutor has 1 active tasks, 1/0 running/pending blocks, and 1 connected workers
1724114797.313212 2024-08-20 00:46:37 MainProcess-2147046 JobStatusPoller-Timer-Thread-22982844032400-22982843688704 parsl.jobs.strategy:175 _log DEBUG: Strategy case 3: no changes necessary to current block load
1724114797.313250 2024-08-20 00:46:37 MainProcess-2147046 JobStatusPoller-Timer-Thread-22982844032400-22982843688704 parsl.process_loggers:175 _log DEBUG: Normal ending for _general_strategy on thread JobStatusPoller-Timer-Thread-22982844032400
1724114802.313701 2024-08-20 00:46:42 MainProcess-2147046 JobStatusPoller-Timer-Thread-22982844032400-22982843688704 parsl.channels.local.local:175 _log DEBUG: Creating process with command 'ps -p 2147264 > /dev/null 2> /dev/null; echo "STATUS:$?" '
1724114802.322890 2024-08-20 00:46:42 MainProcess-2147046 JobStatusPoller-Timer-Thread-22982844032400-22982843688704 parsl.channels.local.local:175 _log DEBUG: Created process with pid 2147557. Performing communicate
1724114802.388082 2024-08-20 00:46:42 MainProcess-2147046 JobStatusPoller-Timer-Thread-22982844032400-22982843688704 parsl.channels.local.local:175 _log DEBUG: Process 2147557 returned 0
1724114802.388178 2024-08-20 00:46:42 MainProcess-2147046 JobStatusPoller-Timer-Thread-22982844032400-22982843688704 parsl.channels.local.local:175 _log DEBUG: Execution of command in process 2147557 completed normally
1724114802.388458 2024-08-20 00:46:42 MainProcess-2147046 JobStatusPoller-Timer-Thread-22982844032400-22982843688704 parsl.executors.high_throughput.zmq_pipes:175 _log DEBUG: Sending command client command
1724114802.388548 2024-08-20 00:46:42 MainProcess-2147046 JobStatusPoller-Timer-Thread-22982844032400-22982843688704 parsl.executors.high_throughput.zmq_pipes:175 _log DEBUG: Receiving command client response
1724114802.388762 2024-08-20 00:46:42 MainProcess-2147046 JobStatusPoller-Timer-Thread-22982844032400-22982843688704 parsl.executors.high_throughput.zmq_pipes:175 _log DEBUG: Received command client response
1724114802.388889 2024-08-20 00:46:42 MainProcess-2147046 JobStatusPoller-Timer-Thread-22982844032400-22982843688704 parsl.jobs.strategy:175 _log DEBUG: general strategy starting with strategy_type simple for 1 executors
1724114802.388931 2024-08-20 00:46:42 MainProcess-2147046 JobStatusPoller-Timer-Thread-22982844032400-22982843688704 parsl.jobs.strategy:175 _log DEBUG: Strategizing for executor HighThroughputExecutor
1724114802.388972 2024-08-20 00:46:42 MainProcess-2147046 JobStatusPoller-Timer-Thread-22982844032400-22982843688704 parsl.executors.high_throughput.zmq_pipes:175 _log DEBUG: Sending command client command
1724114802.389020 2024-08-20 00:46:42 MainProcess-2147046 JobStatusPoller-Timer-Thread-22982844032400-22982843688704 parsl.executors.high_throughput.zmq_pipes:175 _log DEBUG: Receiving command client response
1724114802.389140 2024-08-20 00:46:42 MainProcess-2147046 JobStatusPoller-Timer-Thread-22982844032400-22982843688704 parsl.executors.high_throughput.zmq_pipes:175 _log DEBUG: Received command client response
1724114802.389218 2024-08-20 00:46:42 MainProcess-2147046 JobStatusPoller-Timer-Thread-22982844032400-22982843688704 parsl.jobs.strategy:175 _log DEBUG: Slot ratio calculation: active_slots = 1, active_tasks = 1
1724114802.389260 2024-08-20 00:46:42 MainProcess-2147046 JobStatusPoller-Timer-Thread-22982844032400-22982843688704 parsl.executors.high_throughput.zmq_pipes:175 _log DEBUG: Sending command client command
1724114802.389306 2024-08-20 00:46:42 MainProcess-2147046 JobStatusPoller-Timer-Thread-22982844032400-22982843688704 parsl.executors.high_throughput.zmq_pipes:175 _log DEBUG: Receiving command client response
1724114802.389428 2024-08-20 00:46:42 MainProcess-2147046 JobStatusPoller-Timer-Thread-22982844032400-22982843688704 parsl.executors.high_throughput.zmq_pipes:175 _log DEBUG: Received command client response
1724114802.389482 2024-08-20 00:46:42 MainProcess-2147046 JobStatusPoller-Timer-Thread-22982844032400-22982843688704 parsl.executors.high_throughput.zmq_pipes:175 _log DEBUG: Sending command client command
1724114802.389527 2024-08-20 00:46:42 MainProcess-2147046 JobStatusPoller-Timer-Thread-22982844032400-22982843688704 parsl.executors.high_throughput.zmq_pipes:175 _log DEBUG: Receiving command client response
1724114802.389618 2024-08-20 00:46:42 MainProcess-2147046 JobStatusPoller-Timer-Thread-22982844032400-22982843688704 parsl.executors.high_throughput.zmq_pipes:175 _log DEBUG: Received command client response
1724114802.389672 2024-08-20 00:46:42 MainProcess-2147046 JobStatusPoller-Timer-Thread-22982844032400-22982843688704 parsl.jobs.strategy:175 _log DEBUG: Executor HighThroughputExecutor has 1 active tasks, 1/0 running/pending blocks, and 1 connected workers
1724114802.389712 2024-08-20 00:46:42 MainProcess-2147046 JobStatusPoller-Timer-Thread-22982844032400-22982843688704 parsl.jobs.strategy:175 _log DEBUG: Strategy case 3: no changes necessary to current block load
1724114802.389749 2024-08-20 00:46:42 MainProcess-2147046 JobStatusPoller-Timer-Thread-22982844032400-22982843688704 parsl.process_loggers:175 _log DEBUG: Normal ending for _general_strategy on thread JobStatusPoller-Timer-Thread-22982844032400
1724114807.390120 2024-08-20 00:46:47 MainProcess-2147046 JobStatusPoller-Timer-Thread-22982844032400-22982843688704 parsl.channels.local.local:175 _log DEBUG: Creating process with command 'ps -p 2147264 > /dev/null 2> /dev/null; echo "STATUS:$?" '
1724114807.399093 2024-08-20 00:46:47 MainProcess-2147046 JobStatusPoller-Timer-Thread-22982844032400-22982843688704 parsl.channels.local.local:175 _log DEBUG: Created process with pid 2147559. Performing communicate
1724114807.463704 2024-08-20 00:46:47 MainProcess-2147046 JobStatusPoller-Timer-Thread-22982844032400-22982843688704 parsl.channels.local.local:175 _log DEBUG: Process 2147559 returned 0
1724114807.463798 2024-08-20 00:46:47 MainProcess-2147046 JobStatusPoller-Timer-Thread-22982844032400-22982843688704 parsl.channels.local.local:175 _log DEBUG: Execution of command in process 2147559 completed normally
1724114807.464082 2024-08-20 00:46:47 MainProcess-2147046 JobStatusPoller-Timer-Thread-22982844032400-22982843688704 parsl.executors.high_throughput.zmq_pipes:175 _log DEBUG: Sending command client command
1724114807.464173 2024-08-20 00:46:47 MainProcess-2147046 JobStatusPoller-Timer-Thread-22982844032400-22982843688704 parsl.executors.high_throughput.zmq_pipes:175 _log DEBUG: Receiving command client response
1724114807.464374 2024-08-20 00:46:47 MainProcess-2147046 JobStatusPoller-Timer-Thread-22982844032400-22982843688704 parsl.executors.high_throughput.zmq_pipes:175 _log DEBUG: Received command client response
1724114807.464477 2024-08-20 00:46:47 MainProcess-2147046 JobStatusPoller-Timer-Thread-22982844032400-22982843688704 parsl.jobs.strategy:175 _log DEBUG: general strategy starting with strategy_type simple for 1 executors
1724114807.464518 2024-08-20 00:46:47 MainProcess-2147046 JobStatusPoller-Timer-Thread-22982844032400-22982843688704 parsl.jobs.strategy:175 _log DEBUG: Strategizing for executor HighThroughputExecutor
1724114807.464575 2024-08-20 00:46:47 MainProcess-2147046 JobStatusPoller-Timer-Thread-22982844032400-22982843688704 parsl.executors.high_throughput.zmq_pipes:175 _log DEBUG: Sending command client command
1724114807.464624 2024-08-20 00:46:47 MainProcess-2147046 JobStatusPoller-Timer-Thread-22982844032400-22982843688704 parsl.executors.high_throughput.zmq_pipes:175 _log DEBUG: Receiving command client response
1724114807.464753 2024-08-20 00:46:47 MainProcess-2147046 JobStatusPoller-Timer-Thread-22982844032400-22982843688704 parsl.executors.high_throughput.zmq_pipes:175 _log DEBUG: Received command client response
1724114807.464804 2024-08-20 00:46:47 MainProcess-2147046 JobStatusPoller-Timer-Thread-22982844032400-22982843688704 parsl.jobs.strategy:175 _log DEBUG: Slot ratio calculation: active_slots = 1, active_tasks = 1
1724114807.464843 2024-08-20 00:46:47 MainProcess-2147046 JobStatusPoller-Timer-Thread-22982844032400-22982843688704 parsl.executors.high_throughput.zmq_pipes:175 _log DEBUG: Sending command client command
1724114807.464886 2024-08-20 00:46:47 MainProcess-2147046 JobStatusPoller-Timer-Thread-22982844032400-22982843688704 parsl.executors.high_throughput.zmq_pipes:175 _log DEBUG: Receiving command client response
1724114807.464992 2024-08-20 00:46:47 MainProcess-2147046 JobStatusPoller-Timer-Thread-22982844032400-22982843688704 parsl.executors.high_throughput.zmq_pipes:175 _log DEBUG: Received command client response
1724114807.465035 2024-08-20 00:46:47 MainProcess-2147046 JobStatusPoller-Timer-Thread-22982844032400-22982843688704 parsl.executors.high_throughput.zmq_pipes:175 _log DEBUG: Sending command client command
1724114807.465077 2024-08-20 00:46:47 MainProcess-2147046 JobStatusPoller-Timer-Thread-22982844032400-22982843688704 parsl.executors.high_throughput.zmq_pipes:175 _log DEBUG: Receiving command client response
1724114807.465165 2024-08-20 00:46:47 MainProcess-2147046 JobStatusPoller-Timer-Thread-22982844032400-22982843688704 parsl.executors.high_throughput.zmq_pipes:175 _log DEBUG: Received command client response
1724114807.465206 2024-08-20 00:46:47 MainProcess-2147046 JobStatusPoller-Timer-Thread-22982844032400-22982843688704 parsl.jobs.strategy:175 _log DEBUG: Executor HighThroughputExecutor has 1 active tasks, 1/0 running/pending blocks, and 1 connected workers
1724114807.465246 2024-08-20 00:46:47 MainProcess-2147046 JobStatusPoller-Timer-Thread-22982844032400-22982843688704 parsl.jobs.strategy:175 _log DEBUG: Strategy case 3: no changes necessary to current block load
1724114807.465282 2024-08-20 00:46:47 MainProcess-2147046 JobStatusPoller-Timer-Thread-22982844032400-22982843688704 parsl.process_loggers:175 _log DEBUG: Normal ending for _general_strategy on thread JobStatusPoller-Timer-Thread-22982844032400
1724114810.694886 2024-08-20 00:46:50 MainProcess-2147046 HTEX-Result-Queue-Thread-22982760044288 parsl.executors.high_throughput.zmq_pipes:175 _log DEBUG: Received ResultsIncoming message
1724114810.695109 2024-08-20 00:46:50 MainProcess-2147046 HTEX-Result-Queue-Thread-22982760044288 parsl.app.errors:175 _log DEBUG: Reraising exception of type <class 'parsl.executors.high_throughput.errors.WorkerLost'>
1724114810.695292 2024-08-20 00:46:50 MainProcess-2147046 HTEX-Result-Queue-Thread-22982760044288 parsl.dataflow.dflow:175 _log INFO: Task 0 try 0 failed with exception of type WorkerLost
1724114810.695377 2024-08-20 00:46:50 MainProcess-2147046 HTEX-Result-Queue-Thread-22982760044288 parsl.dataflow.dflow:175 _log INFO: Task 0 marked for retry
1724114810.695432 2024-08-20 00:46:50 MainProcess-2147046 HTEX-Result-Queue-Thread-22982760044288 parsl.dataflow.dflow:175 _log INFO: Standard out for task 0 will not be redirected.
1724114810.695471 2024-08-20 00:46:50 MainProcess-2147046 HTEX-Result-Queue-Thread-22982760044288 parsl.dataflow.dflow:175 _log INFO: Standard error for task 0 will not be redirected.
1724114810.695562 2024-08-20 00:46:50 MainProcess-2147046 HTEX-Result-Queue-Thread-22982760044288 parsl.executors.high_throughput.zmq_pipes:175 _log DEBUG: Waiting for ResultsIncoming message
1724114810.695730 2024-08-20 00:46:50 MainProcess-2147046 Dependency-Launch_0-22983933269760 parsl.dataflow.memoization:175 _log DEBUG: Task 0 will not be memoized
1724114810.695982 2024-08-20 00:46:50 MainProcess-2147046 Dependency-Launch_0-22983933269760 parsl.executors.high_throughput.executor:175 _log DEBUG: Pushing function <function hello_affinity at 0x14e71c431e40> to queue with args ("Namespace(sim_nodes=1, db_nodes=1, simprocs_pn=4, simprocs=4, sim_cpu_bind='numa', sim_arguments='--...", "'pals'", "'10.201.0.169:6780'", "'x3203c0s1b1n0'", '<smartsim.experiment.Experiment object at 0x14e71dbe7490>')
1724114810.698554 2024-08-20 00:46:50 MainProcess-2147046 Dependency-Launch_0-22983933269760 parsl.executors.high_throughput.zmq_pipes:175 _log DEBUG: Sending TasksOutgoing message
1724114810.698634 2024-08-20 00:46:50 MainProcess-2147046 Dependency-Launch_0-22983933269760 parsl.executors.high_throughput.zmq_pipes:175 _log DEBUG: Sent TasksOutgoing message
1724114810.698689 2024-08-20 00:46:50 MainProcess-2147046 Dependency-Launch_0-22983933269760 parsl.dataflow.dflow:175 _log INFO: Parsl task 0 try 1 launched on executor HighThroughputExecutor with executor id 2
1724114810.698731 2024-08-20 00:46:50 MainProcess-2147046 Dependency-Launch_0-22983933269760 parsl.dataflow.dflow:175 _log INFO: Standard out for task 0 will not be redirected.
1724114810.698767 2024-08-20 00:46:50 MainProcess-2147046 Dependency-Launch_0-22983933269760 parsl.dataflow.dflow:175 _log INFO: Standard error for task 0 will not be redirected.
1724114810.698809 2024-08-20 00:46:50 MainProcess-2147046 Dependency-Launch_0-22983933269760 parsl.process_loggers:175 _log DEBUG: Normal ending for _launch_if_ready_async on thread Dependency-Launch_0
1724114812.465683 2024-08-20 00:46:52 MainProcess-2147046 JobStatusPoller-Timer-Thread-22982844032400-22982843688704 parsl.channels.local.local:175 _log DEBUG: Creating process with command 'ps -p 2147264 > /dev/null 2> /dev/null; echo "STATUS:$?" '
1724114812.474794 2024-08-20 00:46:52 MainProcess-2147046 JobStatusPoller-Timer-Thread-22982844032400-22982843688704 parsl.channels.local.local:175 _log DEBUG: Created process with pid 2147632. Performing communicate
1724114812.539608 2024-08-20 00:46:52 MainProcess-2147046 JobStatusPoller-Timer-Thread-22982844032400-22982843688704 parsl.channels.local.local:175 _log DEBUG: Process 2147632 returned 0
1724114812.539700 2024-08-20 00:46:52 MainProcess-2147046 JobStatusPoller-Timer-Thread-22982844032400-22982843688704 parsl.channels.local.local:175 _log DEBUG: Execution of command in process 2147632 completed normally
1724114812.539967 2024-08-20 00:46:52 MainProcess-2147046 JobStatusPoller-Timer-Thread-22982844032400-22982843688704 parsl.executors.high_throughput.zmq_pipes:175 _log DEBUG: Sending command client command
1724114812.540057 2024-08-20 00:46:52 MainProcess-2147046 JobStatusPoller-Timer-Thread-22982844032400-22982843688704 parsl.executors.high_throughput.zmq_pipes:175 _log DEBUG: Receiving command client response
1724114812.540214 2024-08-20 00:46:52 MainProcess-2147046 JobStatusPoller-Timer-Thread-22982844032400-22982843688704 parsl.executors.high_throughput.zmq_pipes:175 _log DEBUG: Received command client response
1724114812.540328 2024-08-20 00:46:52 MainProcess-2147046 JobStatusPoller-Timer-Thread-22982844032400-22982843688704 parsl.jobs.strategy:175 _log DEBUG: general strategy starting with strategy_type simple for 1 executors
1724114812.540366 2024-08-20 00:46:52 MainProcess-2147046 JobStatusPoller-Timer-Thread-22982844032400-22982843688704 parsl.jobs.strategy:175 _log DEBUG: Strategizing for executor HighThroughputExecutor
1724114812.540404 2024-08-20 00:46:52 MainProcess-2147046 JobStatusPoller-Timer-Thread-22982844032400-22982843688704 parsl.executors.high_throughput.zmq_pipes:175 _log DEBUG: Sending command client command
1724114812.540447 2024-08-20 00:46:52 MainProcess-2147046 JobStatusPoller-Timer-Thread-22982844032400-22982843688704 parsl.executors.high_throughput.zmq_pipes:175 _log DEBUG: Receiving command client response
1724114812.540543 2024-08-20 00:46:52 MainProcess-2147046 JobStatusPoller-Timer-Thread-22982844032400-22982843688704 parsl.executors.high_throughput.zmq_pipes:175 _log DEBUG: Received command client response
1724114812.540607 2024-08-20 00:46:52 MainProcess-2147046 JobStatusPoller-Timer-Thread-22982844032400-22982843688704 parsl.jobs.strategy:175 _log DEBUG: Slot ratio calculation: active_slots = 1, active_tasks = 1
1724114812.540644 2024-08-20 00:46:52 MainProcess-2147046 JobStatusPoller-Timer-Thread-22982844032400-22982843688704 parsl.executors.high_throughput.zmq_pipes:175 _log DEBUG: Sending command client command
1724114812.540686 2024-08-20 00:46:52 MainProcess-2147046 JobStatusPoller-Timer-Thread-22982844032400-22982843688704 parsl.executors.high_throughput.zmq_pipes:175 _log DEBUG: Receiving command client response
1724114812.540781 2024-08-20 00:46:52 MainProcess-2147046 JobStatusPoller-Timer-Thread-22982844032400-22982843688704 parsl.executors.high_throughput.zmq_pipes:175 _log DEBUG: Received command client response
1724114812.540833 2024-08-20 00:46:52 MainProcess-2147046 JobStatusPoller-Timer-Thread-22982844032400-22982843688704 parsl.executors.high_throughput.zmq_pipes:175 _log DEBUG: Sending command client command
1724114812.540874 2024-08-20 00:46:52 MainProcess-2147046 JobStatusPoller-Timer-Thread-22982844032400-22982843688704 parsl.executors.high_throughput.zmq_pipes:175 _log DEBUG: Receiving command client response
1724114812.540994 2024-08-20 00:46:52 MainProcess-2147046 JobStatusPoller-Timer-Thread-22982844032400-22982843688704 parsl.executors.high_throughput.zmq_pipes:175 _log DEBUG: Received command client response
1724114812.541065 2024-08-20 00:46:52 MainProcess-2147046 JobStatusPoller-Timer-Thread-22982844032400-22982843688704 parsl.jobs.strategy:175 _log DEBUG: Executor HighThroughputExecutor has 1 active tasks, 1/0 running/pending blocks, and 1 connected workers
1724114812.541112 2024-08-20 00:46:52 MainProcess-2147046 JobStatusPoller-Timer-Thread-22982844032400-22982843688704 parsl.jobs.strategy:175 _log DEBUG: Strategy case 3: no changes necessary to current block load
1724114812.541151 2024-08-20 00:46:52 MainProcess-2147046 JobStatusPoller-Timer-Thread-22982844032400-22982843688704 parsl.process_loggers:175 _log DEBUG: Normal ending for _general_strategy on thread JobStatusPoller-Timer-Thread-22982844032400
1724114817.541531 2024-08-20 00:46:57 MainProcess-2147046 JobStatusPoller-Timer-Thread-22982844032400-22982843688704 parsl.channels.local.local:175 _log DEBUG: Creating process with command 'ps -p 2147264 > /dev/null 2> /dev/null; echo "STATUS:$?" '
1724114817.550427 2024-08-20 00:46:57 MainProcess-2147046 JobStatusPoller-Timer-Thread-22982844032400-22982843688704 parsl.channels.local.local:175 _log DEBUG: Created process with pid 2147634. Performing communicate
1724114817.614984 2024-08-20 00:46:57 MainProcess-2147046 JobStatusPoller-Timer-Thread-22982844032400-22982843688704 parsl.channels.local.local:175 _log DEBUG: Process 2147634 returned 0
1724114817.615130 2024-08-20 00:46:57 MainProcess-2147046 JobStatusPoller-Timer-Thread-22982844032400-22982843688704 parsl.channels.local.local:175 _log DEBUG: Execution of command in process 2147634 completed normally
1724114817.615413 2024-08-20 00:46:57 MainProcess-2147046 JobStatusPoller-Timer-Thread-22982844032400-22982843688704 parsl.executors.high_throughput.zmq_pipes:175 _log DEBUG: Sending command client command
1724114817.615505 2024-08-20 00:46:57 MainProcess-2147046 JobStatusPoller-Timer-Thread-22982844032400-22982843688704 parsl.executors.high_throughput.zmq_pipes:175 _log DEBUG: Receiving command client response
1724114817.615658 2024-08-20 00:46:57 MainProcess-2147046 JobStatusPoller-Timer-Thread-22982844032400-22982843688704 parsl.executors.high_throughput.zmq_pipes:175 _log DEBUG: Received command client response
1724114817.615753 2024-08-20 00:46:57 MainProcess-2147046 JobStatusPoller-Timer-Thread-22982844032400-22982843688704 parsl.jobs.strategy:175 _log DEBUG: general strategy starting with strategy_type simple for 1 executors
1724114817.615812 2024-08-20 00:46:57 MainProcess-2147046 JobStatusPoller-Timer-Thread-22982844032400-22982843688704 parsl.jobs.strategy:175 _log DEBUG: Strategizing for executor HighThroughputExecutor
1724114817.615855 2024-08-20 00:46:57 MainProcess-2147046 JobStatusPoller-Timer-Thread-22982844032400-22982843688704 parsl.executors.high_throughput.zmq_pipes:175 _log DEBUG: Sending command client command
1724114817.615919 2024-08-20 00:46:57 MainProcess-2147046 JobStatusPoller-Timer-Thread-22982844032400-22982843688704 parsl.executors.high_throughput.zmq_pipes:175 _log DEBUG: Receiving command client response
1724114817.615982 2024-08-20 00:46:57 MainProcess-2147046 JobStatusPoller-Timer-Thread-22982844032400-22982843688704 parsl.executors.high_throughput.zmq_pipes:175 _log DEBUG: Received command client response
1724114817.616032 2024-08-20 00:46:57 MainProcess-2147046 JobStatusPoller-Timer-Thread-22982844032400-22982843688704 parsl.jobs.strategy:175 _log DEBUG: Slot ratio calculation: active_slots = 1, active_tasks = 1
1724114817.616071 2024-08-20 00:46:57 MainProcess-2147046 JobStatusPoller-Timer-Thread-22982844032400-22982843688704 parsl.executors.high_throughput.zmq_pipes:175 _log DEBUG: Sending command client command
1724114817.616116 2024-08-20 00:46:57 MainProcess-2147046 JobStatusPoller-Timer-Thread-22982844032400-22982843688704 parsl.executors.high_throughput.zmq_pipes:175 _log DEBUG: Receiving command client response
1724114817.616171 2024-08-20 00:46:57 MainProcess-2147046 JobStatusPoller-Timer-Thread-22982844032400-22982843688704 parsl.executors.high_throughput.zmq_pipes:175 _log DEBUG: Received command client response
1724114817.616215 2024-08-20 00:46:57 MainProcess-2147046 JobStatusPoller-Timer-Thread-22982844032400-22982843688704 parsl.executors.high_throughput.zmq_pipes:175 _log DEBUG: Sending command client command
1724114817.616259 2024-08-20 00:46:57 MainProcess-2147046 JobStatusPoller-Timer-Thread-22982844032400-22982843688704 parsl.executors.high_throughput.zmq_pipes:175 _log DEBUG: Receiving command client response
1724114817.616318 2024-08-20 00:46:57 MainProcess-2147046 JobStatusPoller-Timer-Thread-22982844032400-22982843688704 parsl.executors.high_throughput.zmq_pipes:175 _log DEBUG: Received command client response
1724114817.616359 2024-08-20 00:46:57 MainProcess-2147046 JobStatusPoller-Timer-Thread-22982844032400-22982843688704 parsl.jobs.strategy:175 _log DEBUG: Executor HighThroughputExecutor has 1 active tasks, 1/0 running/pending blocks, and 1 connected workers
1724114817.616400 2024-08-20 00:46:57 MainProcess-2147046 JobStatusPoller-Timer-Thread-22982844032400-22982843688704 parsl.jobs.strategy:175 _log DEBUG: Strategy case 3: no changes necessary to current block load
1724114817.616437 2024-08-20 00:46:57 MainProcess-2147046 JobStatusPoller-Timer-Thread-22982844032400-22982843688704 parsl.process_loggers:175 _log DEBUG: Normal ending for _general_strategy on thread JobStatusPoller-Timer-Thread-22982844032400
1724114822.616840 2024-08-20 00:47:02 MainProcess-2147046 JobStatusPoller-Timer-Thread-22982844032400-22982843688704 parsl.channels.local.local:175 _log DEBUG: Creating process with command 'ps -p 2147264 > /dev/null 2> /dev/null; echo "STATUS:$?" '
1724114822.625127 2024-08-20 00:47:02 MainProcess-2147046 JobStatusPoller-Timer-Thread-22982844032400-22982843688704 parsl.channels.local.local:175 _log DEBUG: Created process with pid 2147636. Performing communicate
1724114822.689483 2024-08-20 00:47:02 MainProcess-2147046 JobStatusPoller-Timer-Thread-22982844032400-22982843688704 parsl.channels.local.local:175 _log DEBUG: Process 2147636 returned 0
1724114822.689557 2024-08-20 00:47:02 MainProcess-2147046 JobStatusPoller-Timer-Thread-22982844032400-22982843688704 parsl.channels.local.local:175 _log DEBUG: Execution of command in process 2147636 completed normally
1724114822.689799 2024-08-20 00:47:02 MainProcess-2147046 JobStatusPoller-Timer-Thread-22982844032400-22982843688704 parsl.executors.high_throughput.zmq_pipes:175 _log DEBUG: Sending command client command
1724114822.689901 2024-08-20 00:47:02 MainProcess-2147046 JobStatusPoller-Timer-Thread-22982844032400-22982843688704 parsl.executors.high_throughput.zmq_pipes:175 _log DEBUG: Receiving command client response
1724114822.690098 2024-08-20 00:47:02 MainProcess-2147046 JobStatusPoller-Timer-Thread-22982844032400-22982843688704 parsl.executors.high_throughput.zmq_pipes:175 _log DEBUG: Received command client response
1724114822.690196 2024-08-20 00:47:02 MainProcess-2147046 JobStatusPoller-Timer-Thread-22982844032400-22982843688704 parsl.jobs.strategy:175 _log DEBUG: general strategy starting with strategy_type simple for 1 executors
1724114822.690238 2024-08-20 00:47:02 MainProcess-2147046 JobStatusPoller-Timer-Thread-22982844032400-22982843688704 parsl.jobs.strategy:175 _log DEBUG: Strategizing for executor HighThroughputExecutor
1724114822.690278 2024-08-20 00:47:02 MainProcess-2147046 JobStatusPoller-Timer-Thread-22982844032400-22982843688704 parsl.executors.high_throughput.zmq_pipes:175 _log DEBUG: Sending command client command
1724114822.690323 2024-08-20 00:47:02 MainProcess-2147046 JobStatusPoller-Timer-Thread-22982844032400-22982843688704 parsl.executors.high_throughput.zmq_pipes:175 _log DEBUG: Receiving command client response
1724114822.690462 2024-08-20 00:47:02 MainProcess-2147046 JobStatusPoller-Timer-Thread-22982844032400-22982843688704 parsl.executors.high_throughput.zmq_pipes:175 _log DEBUG: Received command client response
1724114822.690510 2024-08-20 00:47:02 MainProcess-2147046 JobStatusPoller-Timer-Thread-22982844032400-22982843688704 parsl.jobs.strategy:175 _log DEBUG: Slot ratio calculation: active_slots = 1, active_tasks = 1
1724114822.690547 2024-08-20 00:47:02 MainProcess-2147046 JobStatusPoller-Timer-Thread-22982844032400-22982843688704 parsl.executors.high_throughput.zmq_pipes:175 _log DEBUG: Sending command client command
1724114822.690590 2024-08-20 00:47:02 MainProcess-2147046 JobStatusPoller-Timer-Thread-22982844032400-22982843688704 parsl.executors.high_throughput.zmq_pipes:175 _log DEBUG: Receiving command client response
1724114822.690703 2024-08-20 00:47:02 MainProcess-2147046 JobStatusPoller-Timer-Thread-22982844032400-22982843688704 parsl.executors.high_throughput.zmq_pipes:175 _log DEBUG: Received command client response
1724114822.690745 2024-08-20 00:47:02 MainProcess-2147046 JobStatusPoller-Timer-Thread-22982844032400-22982843688704 parsl.executors.high_throughput.zmq_pipes:175 _log DEBUG: Sending command client command
1724114822.690787 2024-08-20 00:47:02 MainProcess-2147046 JobStatusPoller-Timer-Thread-22982844032400-22982843688704 parsl.executors.high_throughput.zmq_pipes:175 _log DEBUG: Receiving command client response
1724114822.690873 2024-08-20 00:47:02 MainProcess-2147046 JobStatusPoller-Timer-Thread-22982844032400-22982843688704 parsl.executors.high_throughput.zmq_pipes:175 _log DEBUG: Received command client response
1724114822.690913 2024-08-20 00:47:02 MainProcess-2147046 JobStatusPoller-Timer-Thread-22982844032400-22982843688704 parsl.jobs.strategy:175 _log DEBUG: Executor HighThroughputExecutor has 1 active tasks, 1/0 running/pending blocks, and 1 connected workers
1724114822.690952 2024-08-20 00:47:02 MainProcess-2147046 JobStatusPoller-Timer-Thread-22982844032400-22982843688704 parsl.jobs.strategy:175 _log DEBUG: Strategy case 3: no changes necessary to current block load
1724114822.690989 2024-08-20 00:47:02 MainProcess-2147046 JobStatusPoller-Timer-Thread-22982844032400-22982843688704 parsl.process_loggers:175 _log DEBUG: Normal ending for _general_strategy on thread JobStatusPoller-Timer-Thread-22982844032400
1724114827.691347 2024-08-20 00:47:07 MainProcess-2147046 JobStatusPoller-Timer-Thread-22982844032400-22982843688704 parsl.channels.local.local:175 _log DEBUG: Creating process with command 'ps -p 2147264 > /dev/null 2> /dev/null; echo "STATUS:$?" '
1724114827.700595 2024-08-20 00:47:07 MainProcess-2147046 JobStatusPoller-Timer-Thread-22982844032400-22982843688704 parsl.channels.local.local:175 _log DEBUG: Created process with pid 2147712. Performing communicate
1724114827.764045 2024-08-20 00:47:07 MainProcess-2147046 JobStatusPoller-Timer-Thread-22982844032400-22982843688704 parsl.channels.local.local:175 _log DEBUG: Process 2147712 returned 0
1724114827.764174 2024-08-20 00:47:07 MainProcess-2147046 JobStatusPoller-Timer-Thread-22982844032400-22982843688704 parsl.channels.local.local:175 _log DEBUG: Execution of command in process 2147712 completed normally
1724114827.764496 2024-08-20 00:47:07 MainProcess-2147046 JobStatusPoller-Timer-Thread-22982844032400-22982843688704 parsl.executors.high_throughput.zmq_pipes:175 _log DEBUG: Sending command client command
1724114827.764611 2024-08-20 00:47:07 MainProcess-2147046 JobStatusPoller-Timer-Thread-22982844032400-22982843688704 parsl.executors.high_throughput.zmq_pipes:175 _log DEBUG: Receiving command client response
1724114827.764797 2024-08-20 00:47:07 MainProcess-2147046 JobStatusPoller-Timer-Thread-22982844032400-22982843688704 parsl.executors.high_throughput.zmq_pipes:175 _log DEBUG: Received command client response
1724114827.764911 2024-08-20 00:47:07 MainProcess-2147046 JobStatusPoller-Timer-Thread-22982844032400-22982843688704 parsl.jobs.strategy:175 _log DEBUG: general strategy starting with strategy_type simple for 1 executors
1724114827.764960 2024-08-20 00:47:07 MainProcess-2147046 JobStatusPoller-Timer-Thread-22982844032400-22982843688704 parsl.jobs.strategy:175 _log DEBUG: Strategizing for executor HighThroughputExecutor
1724114827.765007 2024-08-20 00:47:07 MainProcess-2147046 JobStatusPoller-Timer-Thread-22982844032400-22982843688704 parsl.executors.high_throughput.zmq_pipes:175 _log DEBUG: Sending command client command
1724114827.765062 2024-08-20 00:47:07 MainProcess-2147046 JobStatusPoller-Timer-Thread-22982844032400-22982843688704 parsl.executors.high_throughput.zmq_pipes:175 _log DEBUG: Receiving command client response
1724114827.765163 2024-08-20 00:47:07 MainProcess-2147046 JobStatusPoller-Timer-Thread-22982844032400-22982843688704 parsl.executors.high_throughput.zmq_pipes:175 _log DEBUG: Received command client response
1724114827.765211 2024-08-20 00:47:07 MainProcess-2147046 JobStatusPoller-Timer-Thread-22982844032400-22982843688704 parsl.jobs.strategy:175 _log DEBUG: Slot ratio calculation: active_slots = 1, active_tasks = 1
1724114827.765249 2024-08-20 00:47:07 MainProcess-2147046 JobStatusPoller-Timer-Thread-22982844032400-22982843688704 parsl.executors.high_throughput.zmq_pipes:175 _log DEBUG: Sending command client command
1724114827.765297 2024-08-20 00:47:07 MainProcess-2147046 JobStatusPoller-Timer-Thread-22982844032400-22982843688704 parsl.executors.high_throughput.zmq_pipes:175 _log DEBUG: Receiving command client response
1724114827.765387 2024-08-20 00:47:07 MainProcess-2147046 JobStatusPoller-Timer-Thread-22982844032400-22982843688704 parsl.executors.high_throughput.zmq_pipes:175 _log DEBUG: Received command client response
1724114827.765428 2024-08-20 00:47:07 MainProcess-2147046 JobStatusPoller-Timer-Thread-22982844032400-22982843688704 parsl.executors.high_throughput.zmq_pipes:175 _log DEBUG: Sending command client command
1724114827.765471 2024-08-20 00:47:07 MainProcess-2147046 JobStatusPoller-Timer-Thread-22982844032400-22982843688704 parsl.executors.high_throughput.zmq_pipes:175 _log DEBUG: Receiving command client response
1724114827.765559 2024-08-20 00:47:07 MainProcess-2147046 JobStatusPoller-Timer-Thread-22982844032400-22982843688704 parsl.executors.high_throughput.zmq_pipes:175 _log DEBUG: Received command client response
1724114827.765598 2024-08-20 00:47:07 MainProcess-2147046 JobStatusPoller-Timer-Thread-22982844032400-22982843688704 parsl.jobs.strategy:175 _log DEBUG: Executor HighThroughputExecutor has 1 active tasks, 1/0 running/pending blocks, and 1 connected workers
1724114827.765641 2024-08-20 00:47:07 MainProcess-2147046 JobStatusPoller-Timer-Thread-22982844032400-22982843688704 parsl.jobs.strategy:175 _log DEBUG: Strategy case 3: no changes necessary to current block load
1724114827.765694 2024-08-20 00:47:07 MainProcess-2147046 JobStatusPoller-Timer-Thread-22982844032400-22982843688704 parsl.process_loggers:175 _log DEBUG: Normal ending for _general_strategy on thread JobStatusPoller-Timer-Thread-22982844032400
1724114832.766041 2024-08-20 00:47:12 MainProcess-2147046 JobStatusPoller-Timer-Thread-22982844032400-22982843688704 parsl.channels.local.local:175 _log DEBUG: Creating process with command 'ps -p 2147264 > /dev/null 2> /dev/null; echo "STATUS:$?" '
1724114832.775261 2024-08-20 00:47:12 MainProcess-2147046 JobStatusPoller-Timer-Thread-22982844032400-22982843688704 parsl.channels.local.local:175 _log DEBUG: Created process with pid 2147714. Performing communicate
1724114832.847234 2024-08-20 00:47:12 MainProcess-2147046 JobStatusPoller-Timer-Thread-22982844032400-22982843688704 parsl.channels.local.local:175 _log DEBUG: Process 2147714 returned 0
1724114832.847351 2024-08-20 00:47:12 MainProcess-2147046 JobStatusPoller-Timer-Thread-22982844032400-22982843688704 parsl.channels.local.local:175 _log DEBUG: Execution of command in process 2147714 completed normally
1724114832.847639 2024-08-20 00:47:12 MainProcess-2147046 JobStatusPoller-Timer-Thread-22982844032400-22982843688704 parsl.executors.high_throughput.zmq_pipes:175 _log DEBUG: Sending command client command
1724114832.847733 2024-08-20 00:47:12 MainProcess-2147046 JobStatusPoller-Timer-Thread-22982844032400-22982843688704 parsl.executors.high_throughput.zmq_pipes:175 _log DEBUG: Receiving command client response
1724114832.847899 2024-08-20 00:47:12 MainProcess-2147046 JobStatusPoller-Timer-Thread-22982844032400-22982843688704 parsl.executors.high_throughput.zmq_pipes:175 _log DEBUG: Received command client response
1724114832.848001 2024-08-20 00:47:12 MainProcess-2147046 JobStatusPoller-Timer-Thread-22982844032400-22982843688704 parsl.jobs.strategy:175 _log DEBUG: general strategy starting with strategy_type simple for 1 executors
1724114832.848042 2024-08-20 00:47:12 MainProcess-2147046 JobStatusPoller-Timer-Thread-22982844032400-22982843688704 parsl.jobs.strategy:175 _log DEBUG: Strategizing for executor HighThroughputExecutor
1724114832.848083 2024-08-20 00:47:12 MainProcess-2147046 JobStatusPoller-Timer-Thread-22982844032400-22982843688704 parsl.executors.high_throughput.zmq_pipes:175 _log DEBUG: Sending command client command
1724114832.848129 2024-08-20 00:47:12 MainProcess-2147046 JobStatusPoller-Timer-Thread-22982844032400-22982843688704 parsl.executors.high_throughput.zmq_pipes:175 _log DEBUG: Receiving command client response
1724114832.848208 2024-08-20 00:47:12 MainProcess-2147046 JobStatusPoller-Timer-Thread-22982844032400-22982843688704 parsl.executors.high_throughput.zmq_pipes:175 _log DEBUG: Received command client response
1724114832.848256 2024-08-20 00:47:12 MainProcess-2147046 JobStatusPoller-Timer-Thread-22982844032400-22982843688704 parsl.jobs.strategy:175 _log DEBUG: Slot ratio calculation: active_slots = 1, active_tasks = 1
1724114832.848293 2024-08-20 00:47:12 MainProcess-2147046 JobStatusPoller-Timer-Thread-22982844032400-22982843688704 parsl.executors.high_throughput.zmq_pipes:175 _log DEBUG: Sending command client command
1724114832.848336 2024-08-20 00:47:12 MainProcess-2147046 JobStatusPoller-Timer-Thread-22982844032400-22982843688704 parsl.executors.high_throughput.zmq_pipes:175 _log DEBUG: Receiving command client response
1724114832.848401 2024-08-20 00:47:12 MainProcess-2147046 JobStatusPoller-Timer-Thread-22982844032400-22982843688704 parsl.executors.high_throughput.zmq_pipes:175 _log DEBUG: Received command client response
1724114832.848442 2024-08-20 00:47:12 MainProcess-2147046 JobStatusPoller-Timer-Thread-22982844032400-22982843688704 parsl.executors.high_throughput.zmq_pipes:175 _log DEBUG: Sending command client command
1724114832.848486 2024-08-20 00:47:12 MainProcess-2147046 JobStatusPoller-Timer-Thread-22982844032400-22982843688704 parsl.executors.high_throughput.zmq_pipes:175 _log DEBUG: Receiving command client response
1724114832.848549 2024-08-20 00:47:12 MainProcess-2147046 JobStatusPoller-Timer-Thread-22982844032400-22982843688704 parsl.executors.high_throughput.zmq_pipes:175 _log DEBUG: Received command client response
1724114832.848608 2024-08-20 00:47:12 MainProcess-2147046 JobStatusPoller-Timer-Thread-22982844032400-22982843688704 parsl.jobs.strategy:175 _log DEBUG: Executor HighThroughputExecutor has 1 active tasks, 1/0 running/pending blocks, and 1 connected workers
1724114832.848651 2024-08-20 00:47:12 MainProcess-2147046 JobStatusPoller-Timer-Thread-22982844032400-22982843688704 parsl.jobs.strategy:175 _log DEBUG: Strategy case 3: no changes necessary to current block load
1724114832.848689 2024-08-20 00:47:12 MainProcess-2147046 JobStatusPoller-Timer-Thread-22982844032400-22982843688704 parsl.process_loggers:175 _log DEBUG: Normal ending for _general_strategy on thread JobStatusPoller-Timer-Thread-22982844032400
1724114837.849068 2024-08-20 00:47:17 MainProcess-2147046 JobStatusPoller-Timer-Thread-22982844032400-22982843688704 parsl.channels.local.local:175 _log DEBUG: Creating process with command 'ps -p 2147264 > /dev/null 2> /dev/null; echo "STATUS:$?" '
1724114837.858432 2024-08-20 00:47:17 MainProcess-2147046 JobStatusPoller-Timer-Thread-22982844032400-22982843688704 parsl.channels.local.local:175 _log DEBUG: Created process with pid 2147716. Performing communicate
1724114837.924284 2024-08-20 00:47:17 MainProcess-2147046 JobStatusPoller-Timer-Thread-22982844032400-22982843688704 parsl.channels.local.local:175 _log DEBUG: Process 2147716 returned 0
1724114837.924404 2024-08-20 00:47:17 MainProcess-2147046 JobStatusPoller-Timer-Thread-22982844032400-22982843688704 parsl.channels.local.local:175 _log DEBUG: Execution of command in process 2147716 completed normally
1724114837.924725 2024-08-20 00:47:17 MainProcess-2147046 JobStatusPoller-Timer-Thread-22982844032400-22982843688704 parsl.executors.high_throughput.zmq_pipes:175 _log DEBUG: Sending command client command
1724114837.924836 2024-08-20 00:47:17 MainProcess-2147046 JobStatusPoller-Timer-Thread-22982844032400-22982843688704 parsl.executors.high_throughput.zmq_pipes:175 _log DEBUG: Receiving command client response
1724114837.925011 2024-08-20 00:47:17 MainProcess-2147046 JobStatusPoller-Timer-Thread-22982844032400-22982843688704 parsl.executors.high_throughput.zmq_pipes:175 _log DEBUG: Received command client response
1724114837.925124 2024-08-20 00:47:17 MainProcess-2147046 JobStatusPoller-Timer-Thread-22982844032400-22982843688704 parsl.jobs.strategy:175 _log DEBUG: general strategy starting with strategy_type simple for 1 executors
1724114837.925170 2024-08-20 00:47:17 MainProcess-2147046 JobStatusPoller-Timer-Thread-22982844032400-22982843688704 parsl.jobs.strategy:175 _log DEBUG: Strategizing for executor HighThroughputExecutor
1724114837.925215 2024-08-20 00:47:17 MainProcess-2147046 JobStatusPoller-Timer-Thread-22982844032400-22982843688704 parsl.executors.high_throughput.zmq_pipes:175 _log DEBUG: Sending command client command
1724114837.925268 2024-08-20 00:47:17 MainProcess-2147046 JobStatusPoller-Timer-Thread-22982844032400-22982843688704 parsl.executors.high_throughput.zmq_pipes:175 _log DEBUG: Receiving command client response
1724114837.925350 2024-08-20 00:47:17 MainProcess-2147046 JobStatusPoller-Timer-Thread-22982844032400-22982843688704 parsl.executors.high_throughput.zmq_pipes:175 _log DEBUG: Received command client response
1724114837.925397 2024-08-20 00:47:17 MainProcess-2147046 JobStatusPoller-Timer-Thread-22982844032400-22982843688704 parsl.jobs.strategy:175 _log DEBUG: Slot ratio calculation: active_slots = 1, active_tasks = 1
1724114837.925433 2024-08-20 00:47:17 MainProcess-2147046 JobStatusPoller-Timer-Thread-22982844032400-22982843688704 parsl.executors.high_throughput.zmq_pipes:175 _log DEBUG: Sending command client command
1724114837.925475 2024-08-20 00:47:17 MainProcess-2147046 JobStatusPoller-Timer-Thread-22982844032400-22982843688704 parsl.executors.high_throughput.zmq_pipes:175 _log DEBUG: Receiving command client response
1724114837.925537 2024-08-20 00:47:17 MainProcess-2147046 JobStatusPoller-Timer-Thread-22982844032400-22982843688704 parsl.executors.high_throughput.zmq_pipes:175 _log DEBUG: Received command client response
1724114837.925596 2024-08-20 00:47:17 MainProcess-2147046 JobStatusPoller-Timer-Thread-22982844032400-22982843688704 parsl.executors.high_throughput.zmq_pipes:175 _log DEBUG: Sending command client command
1724114837.925641 2024-08-20 00:47:17 MainProcess-2147046 JobStatusPoller-Timer-Thread-22982844032400-22982843688704 parsl.executors.high_throughput.zmq_pipes:175 _log DEBUG: Receiving command client response
1724114837.925701 2024-08-20 00:47:17 MainProcess-2147046 JobStatusPoller-Timer-Thread-22982844032400-22982843688704 parsl.executors.high_throughput.zmq_pipes:175 _log DEBUG: Received command client response
1724114837.925740 2024-08-20 00:47:17 MainProcess-2147046 JobStatusPoller-Timer-Thread-22982844032400-22982843688704 parsl.jobs.strategy:175 _log DEBUG: Executor HighThroughputExecutor has 1 active tasks, 1/0 running/pending blocks, and 1 connected workers
1724114837.925780 2024-08-20 00:47:17 MainProcess-2147046 JobStatusPoller-Timer-Thread-22982844032400-22982843688704 parsl.jobs.strategy:175 _log DEBUG: Strategy case 3: no changes necessary to current block load
1724114837.925815 2024-08-20 00:47:17 MainProcess-2147046 JobStatusPoller-Timer-Thread-22982844032400-22982843688704 parsl.process_loggers:175 _log DEBUG: Normal ending for _general_strategy on thread JobStatusPoller-Timer-Thread-22982844032400
1724114840.697121 2024-08-20 00:47:20 MainProcess-2147046 HTEX-Result-Queue-Thread-22982760044288 parsl.executors.high_throughput.zmq_pipes:175 _log DEBUG: Received ResultsIncoming message
1724114840.697417 2024-08-20 00:47:20 MainProcess-2147046 HTEX-Result-Queue-Thread-22982760044288 parsl.app.errors:175 _log DEBUG: Reraising exception of type <class 'parsl.executors.high_throughput.errors.WorkerLost'>
1724114840.697630 2024-08-20 00:47:20 MainProcess-2147046 HTEX-Result-Queue-Thread-22982760044288 parsl.dataflow.dflow:175 _log INFO: Task 0 try 1 failed with exception of type WorkerLost
1724114840.697710 2024-08-20 00:47:20 MainProcess-2147046 HTEX-Result-Queue-Thread-22982760044288 parsl.dataflow.dflow:175 _log ERROR: Task 0 failed after 1 retry attempts
Traceback (most recent call last):
  File "/home/viralss2/SSML/lib/python3.11/site-packages/parsl/dataflow/dflow.py", line 344, in handle_exec_update
    res = self._unwrap_remote_exception_wrapper(future)
          ^^^^^^^^^^^^^^^^^^^^^^^^^^^^^^^^^^^^^^^^^^^^^
  File "/home/viralss2/SSML/lib/python3.11/site-packages/parsl/dataflow/dflow.py", line 612, in _unwrap_remote_exception_wrapper
    result = future.result()
             ^^^^^^^^^^^^^^^
  File "/soft/applications/conda/2024-04-29/mconda3/lib/python3.11/concurrent/futures/_base.py", line 449, in result
    return self.__get_result()
           ^^^^^^^^^^^^^^^^^^^
  File "/soft/applications/conda/2024-04-29/mconda3/lib/python3.11/concurrent/futures/_base.py", line 401, in __get_result
    raise self._exception
  File "/home/viralss2/SSML/lib/python3.11/site-packages/parsl/executors/high_throughput/executor.py", line 514, in _result_queue_worker
    s.reraise()
  File "/home/viralss2/SSML/lib/python3.11/site-packages/parsl/app/errors.py", line 117, in reraise
    raise v
  File "/home/viralss2/SSML/bin/process_worker_pool.py", line 456, in worker_watchdog
    raise WorkerLost(worker_id, platform.node())
    ^^^^^^^^^^^^^^^^^
parsl.executors.high_throughput.errors.WorkerLost: Task failure due to loss of worker 0 on host x3203c0s1b1n0
1724114840.699436 2024-08-20 00:47:20 MainProcess-2147046 HTEX-Result-Queue-Thread-22982760044288 parsl.dataflow.dflow:175 _log INFO: Standard out for task 0 will not be redirected.
1724114840.699636 2024-08-20 00:47:20 MainProcess-2147046 HTEX-Result-Queue-Thread-22982760044288 parsl.dataflow.dflow:175 _log INFO: Standard error for task 0 will not be redirected.
1724114840.699728 2024-08-20 00:47:20 MainProcess-2147046 HTEX-Result-Queue-Thread-22982760044288 parsl.executors.high_throughput.zmq_pipes:175 _log DEBUG: Waiting for ResultsIncoming message
1724114840.702425 2024-08-20 00:47:20 MainProcess-2147046 MainThread-22991618613440 parsl.dataflow.dflow:175 _log WARNING: Python is exiting with a DFK still running. You should call parsl.dfk().cleanup() before exiting to release any resources
