2024-08-19 22:53:46.550 parsl:914 3013734 MainThread [INFO]  Python version: 3.11.8 | packaged by conda-forge | (main, Feb 16 2024, 20:53:32) [GCC 12.3.0]
2024-08-19 22:53:46.551 parsl:915 3013734 MainThread [INFO]  Debug logging: False
2024-08-19 22:53:46.551 parsl:916 3013734 MainThread [INFO]  Certificates dir: None
2024-08-19 22:53:46.551 parsl:917 3013734 MainThread [INFO]  Log dir: /home/viralss2/nekRS-ML_MSR/examples/parsl_MSR_smartsim/runinfo/015/HighThroughputExecutor
2024-08-19 22:53:46.551 parsl:918 3013734 MainThread [INFO]  Manager ID: 87b51d4594a0
2024-08-19 22:53:46.551 parsl:919 3013734 MainThread [INFO]  Block ID: 0
2024-08-19 22:53:46.551 parsl:920 3013734 MainThread [INFO]  cores_per_worker: 1.0
2024-08-19 22:53:46.551 parsl:921 3013734 MainThread [INFO]  mem_per_worker: None
2024-08-19 22:53:46.551 parsl:922 3013734 MainThread [INFO]  task_port: 54613
2024-08-19 22:53:46.551 parsl:923 3013734 MainThread [INFO]  result_port: 54786
2024-08-19 22:53:46.551 parsl:924 3013734 MainThread [INFO]  addresses: 10.140.57.88
2024-08-19 22:53:46.551 parsl:925 3013734 MainThread [INFO]  max_workers_per_node: inf
2024-08-19 22:53:46.551 parsl:926 3013734 MainThread [INFO]  poll_period: 10
2024-08-19 22:53:46.551 parsl:927 3013734 MainThread [INFO]  address_probe_timeout: 30
2024-08-19 22:53:46.551 parsl:928 3013734 MainThread [INFO]  Prefetch capacity: 0
2024-08-19 22:53:46.551 parsl:929 3013734 MainThread [INFO]  Heartbeat threshold: 120
2024-08-19 22:53:46.551 parsl:930 3013734 MainThread [INFO]  Heartbeat period: 30
2024-08-19 22:53:46.551 parsl:931 3013734 MainThread [INFO]  Drain period: None
2024-08-19 22:53:46.552 parsl:932 3013734 MainThread [INFO]  CPU affinity: block-reverse
2024-08-19 22:53:46.552 parsl:933 3013734 MainThread [INFO]  Accelerators: 0,1,2,3
2024-08-19 22:53:46.552 parsl:934 3013734 MainThread [INFO]  enable_mpi_mode: False
2024-08-19 22:53:46.552 parsl:935 3013734 MainThread [INFO]  mpi_launcher: mpiexec
2024-08-19 22:53:46.552 parsl:151 3013734 MainThread [INFO]  Manager initializing
2024-08-19 22:53:46.562 parsl.executors.high_throughput.probe:49 3013734 MainThread [INFO]  Connected to interchange on 10.140.57.88
2024-08-19 22:53:46.563 parsl:160 3013734 MainThread [INFO]  Connection to Interchange successful on 10.140.57.88
2024-08-19 22:53:46.563 parsl:163 3013734 MainThread [INFO]  Task url : tcp://10.140.57.88:54613
2024-08-19 22:53:46.563 parsl:164 3013734 MainThread [INFO]  Result url : tcp://10.140.57.88:54786
2024-08-19 22:53:46.563 parsl:183 3013734 MainThread [INFO]  Manager connected to interchange
2024-08-19 22:53:47.123 parsl:254 3013734 MainThread [INFO]  Manager will spawn 1 workers
2024-08-19 22:53:47.125 parsl:306 3013734 Task-Puller [INFO]  starting
2024-08-19 22:53:47.126 parsl:536 3013734 MainThread [INFO]  Manager threads started
2024-08-19 22:54:17.126 parsl:418 3013734 Result-Pusher [INFO]  Sending heartbeat via results connection: last_result_beat=1724108027.1258333 heartbeat_period=30 seconds
2024-08-19 22:54:47.135 parsl:418 3013734 Result-Pusher [INFO]  Sending heartbeat via results connection: last_result_beat=1724108057.1266513 heartbeat_period=30 seconds
2024-08-19 22:55:17.135 parsl:418 3013734 Result-Pusher [INFO]  Sending heartbeat via results connection: last_result_beat=1724108087.135331 heartbeat_period=30 seconds
