2024-08-21 17:18:57.629 parsl:914 3990849 MainThread [INFO]  Python version: 3.11.8 | packaged by conda-forge | (main, Feb 16 2024, 20:53:32) [GCC 12.3.0]
2024-08-21 17:18:57.630 parsl:915 3990849 MainThread [INFO]  Debug logging: False
2024-08-21 17:18:57.630 parsl:916 3990849 MainThread [INFO]  Certificates dir: None
2024-08-21 17:18:57.630 parsl:917 3990849 MainThread [INFO]  Log dir: /home/viralss2/nekRS-ML_MSR/examples/parsl_MSR_smartsim/runinfo/074/HighThroughputExecutor
2024-08-21 17:18:57.630 parsl:918 3990849 MainThread [INFO]  Manager ID: 881b2f3afac6
2024-08-21 17:18:57.630 parsl:919 3990849 MainThread [INFO]  Block ID: 0
2024-08-21 17:18:57.630 parsl:920 3990849 MainThread [INFO]  cores_per_worker: 1.0
2024-08-21 17:18:57.630 parsl:921 3990849 MainThread [INFO]  mem_per_worker: None
2024-08-21 17:18:57.631 parsl:922 3990849 MainThread [INFO]  task_port: 54092
2024-08-21 17:18:57.631 parsl:923 3990849 MainThread [INFO]  result_port: 54863
2024-08-21 17:18:57.631 parsl:924 3990849 MainThread [INFO]  addresses: 10.140.56.175
2024-08-21 17:18:57.631 parsl:925 3990849 MainThread [INFO]  max_workers_per_node: inf
2024-08-21 17:18:57.631 parsl:926 3990849 MainThread [INFO]  poll_period: 10
2024-08-21 17:18:57.631 parsl:927 3990849 MainThread [INFO]  address_probe_timeout: 30
2024-08-21 17:18:57.631 parsl:928 3990849 MainThread [INFO]  Prefetch capacity: 0
2024-08-21 17:18:57.631 parsl:929 3990849 MainThread [INFO]  Heartbeat threshold: 120
2024-08-21 17:18:57.631 parsl:930 3990849 MainThread [INFO]  Heartbeat period: 30
2024-08-21 17:18:57.631 parsl:931 3990849 MainThread [INFO]  Drain period: None
2024-08-21 17:18:57.631 parsl:932 3990849 MainThread [INFO]  CPU affinity: block-reverse
2024-08-21 17:18:57.631 parsl:933 3990849 MainThread [INFO]  Accelerators: 0,1,2,3
2024-08-21 17:18:57.631 parsl:934 3990849 MainThread [INFO]  enable_mpi_mode: False
2024-08-21 17:18:57.631 parsl:935 3990849 MainThread [INFO]  mpi_launcher: mpiexec
2024-08-21 17:18:57.631 parsl:151 3990849 MainThread [INFO]  Manager initializing
2024-08-21 17:18:57.642 parsl.executors.high_throughput.probe:49 3990849 MainThread [INFO]  Connected to interchange on 10.140.56.175
2024-08-21 17:18:57.642 parsl:160 3990849 MainThread [INFO]  Connection to Interchange successful on 10.140.56.175
2024-08-21 17:18:57.642 parsl:163 3990849 MainThread [INFO]  Task url : tcp://10.140.56.175:54092
2024-08-21 17:18:57.643 parsl:164 3990849 MainThread [INFO]  Result url : tcp://10.140.56.175:54863
2024-08-21 17:18:57.643 parsl:183 3990849 MainThread [INFO]  Manager connected to interchange
2024-08-21 17:18:58.225 parsl:254 3990849 MainThread [INFO]  Manager will spawn 1 workers
2024-08-21 17:18:58.228 parsl:306 3990849 Task-Puller [INFO]  starting
2024-08-21 17:18:58.230 parsl:536 3990849 MainThread [INFO]  Manager threads started
2024-08-21 17:19:28.238 parsl:418 3990849 Result-Pusher [INFO]  Sending heartbeat via results connection: last_result_beat=1724260738.2292519 heartbeat_period=30 seconds
2024-08-21 17:19:58.248 parsl:418 3990849 Result-Pusher [INFO]  Sending heartbeat via results connection: last_result_beat=1724260768.238712 heartbeat_period=30 seconds
2024-08-21 17:20:28.257 parsl:418 3990849 Result-Pusher [INFO]  Sending heartbeat via results connection: last_result_beat=1724260798.248659 heartbeat_period=30 seconds
2024-08-21 17:20:58.262 parsl:418 3990849 Result-Pusher [INFO]  Sending heartbeat via results connection: last_result_beat=1724260828.2573886 heartbeat_period=30 seconds
2024-08-21 17:21:28.265 parsl:418 3990849 Result-Pusher [INFO]  Sending heartbeat via results connection: last_result_beat=1724260858.262604 heartbeat_period=30 seconds
2024-08-21 17:21:58.271 parsl:418 3990849 Result-Pusher [INFO]  Sending heartbeat via results connection: last_result_beat=1724260888.2657976 heartbeat_period=30 seconds
